#
# There is insufficient memory for the Java Runtime Environment to continue.
# Native memory allocation (malloc) failed to allocate 32744 bytes for ChunkPool::allocate
# Possible reasons:
#   The system is out of physical RAM or swap space
#   The process is running with CompressedOops enabled, and the Java Heap may be blocking the growth of the native heap
# Possible solutions:
#   Reduce memory load on the system
#   Increase physical memory or swap space
#   Check if swap backing store is full
#   Decrease Java heap size (-Xmx/-Xms)
#   Decrease number of Java threads
#   Decrease Java thread stack sizes (-Xss)
#   Set larger code cache with -XX:ReservedCodeCacheSize=
#   JVM is running with Unscaled Compressed Oops mode in which the Java heap is
#     placed in the first 4GB address space. The Java Heap base address is the
#     maximum limit for the native heap growth. Please use -XX:HeapBaseMinAddress
#     to set the Java Heap base and to place the Java Heap above 4GB virtual address.
# This output file may be truncated or incomplete.
#
#  Out of Memory Error (arena.cpp:79), pid=2656, tid=3424
#
# JRE version: OpenJDK Runtime Environment Temurin-17.0.10+7 (17.0.10+7) (build 17.0.10+7)
# Java VM: OpenJDK 64-Bit Server VM Temurin-17.0.10+7 (17.0.10+7, mixed mode, tiered, compressed oops, compressed class ptrs, parallel gc, windows-amd64)
# No core dump will be written. Minidumps are not enabled by default on client versions of Windows
#

---------------  S U M M A R Y ------------

Command Line: --add-modules=ALL-SYSTEM --add-opens=java.base/java.util=ALL-UNNAMED --add-opens=java.base/java.lang=ALL-UNNAMED --add-opens=java.base/sun.nio.fs=ALL-UNNAMED -Declipse.application=org.eclipse.jdt.ls.core.id1 -Dosgi.bundles.defaultStartLevel=4 -Declipse.product=org.eclipse.jdt.ls.core.product -Djava.import.generatesMetadataFilesAtProjectRoot=false -DDetectVMInstallationsJob.disabled=true -Dfile.encoding=utf8 -XX:+UseParallelGC -XX:GCTimeRatio=4 -XX:AdaptiveSizePolicyWeight=90 -Dsun.zip.disableMemoryMapping=true -Xmx1G -Xms100m -Xlog:disable -javaagent:c:\Users\papth\.vscode\extensions\redhat.java-1.28.1-win32-x64\lombok\lombok-1.18.31.jar -XX:+HeapDumpOnOutOfMemoryError -XX:HeapDumpPath=c:\Users\papth\AppData\Roaming\Code\User\workspaceStorage\fb0275111390ad12c1baf502f4576d5b\redhat.java -Daether.dependencyCollector.impl=bf c:\Users\papth\.vscode\extensions\redhat.java-1.28.1-win32-x64\server\plugins\org.eclipse.equinox.launcher_1.6.700.v20231214-2017.jar -configuration c:\Users\papth\AppData\Roaming\Code\User\globalStorage\redhat.java\1.28.1\config_win -data c:\Users\papth\AppData\Roaming\Code\User\workspaceStorage\fb0275111390ad12c1baf502f4576d5b\redhat.java\jdt_ws --stdio

Host: Intel(R) Core(TM) i7-10510U CPU @ 1.80GHz, 8 cores, 15G,  Windows 11 , 64 bit Build 22621 (10.0.22621.3085)
Time: Mon Mar  4 18:20:42 2024  Windows 11 , 64 bit Build 22621 (10.0.22621.3085) elapsed time: 0.652037 seconds (0d 0h 0m 0s)

---------------  T H R E A D  ---------------

Current thread (0x00000223cf52a110):  JavaThread "C1 CompilerThread0" daemon [_thread_in_native, id=3424, stack(0x0000002d6c100000,0x0000002d6c200000)]


Current CompileTask:
C1:    652  388   !   3       java.io.WinNTFileSystem::
[error occurred during error reporting (printing current compile task), id 0xe0000001, Out of Memory Error (s\src\hotspot\share\memory\arena.cpp:79)]

Stack: [0x0000002d6c100000,0x0000002d6c200000]
Native frames: (J=compiled Java code, j=interpreted, Vv=VM code, C=native code)
V  [jvm.dll+0x67d2c9]
V  [jvm.dll+0x834afa]
V  [jvm.dll+0x8365be]
V  [jvm.dll+0x836c23]
V  [jvm.dll+0x2477ff]
V  [jvm.dll+0xac711]
V  [jvm.dll+0xacb5c]
V  [jvm.dll+0x7a1d5d]
V  [jvm.dll+0x631075]
V  [jvm.dll+0x22dc26]
V  [jvm.dll+0x22e1a7]
V  [jvm.dll+0x834988]
V  [jvm.dll+0x8365be]
V  [jvm.dll+0x836c23]
V  [jvm.dll+0x2477ff]
V  [jvm.dll+0xac711]
V  [jvm.dll+0xacb5c]
V  [jvm.dll+0x1777b3]
V  [jvm.dll+0x17787d]
V  [jvm.dll+0x17a109]
V  [jvm.dll+0x17bda1]
V  [jvm.dll+0x136373]
V  [jvm.dll+0x135c7f]
V  [jvm.dll+0x135eb6]
V  [jvm.dll+0x13534a]
V  [jvm.dll+0x137001]
V  [jvm.dll+0x2290de]
V  [jvm.dll+0x2272ac]
V  [jvm.dll+0x7e9bb7]
V  [jvm.dll+0x7e3fba]
V  [jvm.dll+0x67c1b5]
C  [ucrtbase.dll+0x29363]
C  [KERNEL32.DLL+0x1257d]
C  [ntdll.dll+0x5aa58]


---------------  P R O C E S S  ---------------

Threads class SMR info:
_java_thread_list=0x00000223cf7c15d0, length=12, elements={
0x00000223b65287c0, 0x00000223ca3a0020, 0x00000223ca3a2730, 0x00000223cf4c01d0,
0x00000223cf4c0aa0, 0x00000223cf4c1570, 0x00000223cf4c7550, 0x00000223cf4c9360,
0x00000223cf52a110, 0x00000223cf54a640, 0x00000223b6589880, 0x00000223d0665420
}

Java Threads: ( => current thread )
  0x00000223b65287c0 JavaThread "main" [_thread_in_Java, id=16640, stack(0x0000002d6b700000,0x0000002d6b800000)]
  0x00000223ca3a0020 JavaThread "Reference Handler" daemon [_thread_blocked, id=9092, stack(0x0000002d6ba00000,0x0000002d6bb00000)]
  0x00000223ca3a2730 JavaThread "Finalizer" daemon [_thread_blocked, id=15140, stack(0x0000002d6bb00000,0x0000002d6bc00000)]
  0x00000223cf4c01d0 JavaThread "Signal Dispatcher" daemon [_thread_blocked, id=1892, stack(0x0000002d6bc00000,0x0000002d6bd00000)]
  0x00000223cf4c0aa0 JavaThread "Attach Listener" daemon [_thread_blocked, id=13484, stack(0x0000002d6bd00000,0x0000002d6be00000)]
  0x00000223cf4c1570 JavaThread "Service Thread" daemon [_thread_blocked, id=15748, stack(0x0000002d6be00000,0x0000002d6bf00000)]
  0x00000223cf4c7550 JavaThread "Monitor Deflation Thread" daemon [_thread_blocked, id=23716, stack(0x0000002d6bf00000,0x0000002d6c000000)]
  0x00000223cf4c9360 JavaThread "C2 CompilerThread0" daemon [_thread_in_native, id=5564, stack(0x0000002d6c000000,0x0000002d6c100000)]
=>0x00000223cf52a110 JavaThread "C1 CompilerThread0" daemon [_thread_in_native, id=3424, stack(0x0000002d6c100000,0x0000002d6c200000)]
  0x00000223cf54a640 JavaThread "Sweeper thread" daemon [_thread_blocked, id=2024, stack(0x0000002d6c200000,0x0000002d6c300000)]
  0x00000223b6589880 JavaThread "Common-Cleaner" daemon [_thread_blocked, id=21584, stack(0x0000002d6c300000,0x0000002d6c400000)]
  0x00000223d0665420 JavaThread "Notification Thread" daemon [_thread_blocked, id=23096, stack(0x0000002d6c400000,0x0000002d6c500000)]

Other Threads:
  0x00000223cf4814b0 VMThread "VM Thread" [stack: 0x0000002d6b900000,0x0000002d6ba00000] [id=8668]
  0x00000223d0665900 WatcherThread [stack: 0x0000002d6c500000,0x0000002d6c600000] [id=20880]
  0x00000223b653dc90 GCTaskThread "GC Thread#0" [stack: 0x0000002d6b800000,0x0000002d6b900000] [id=14780]

Threads with active compile tasks:
C2 CompilerThread0      680  391 %     4       java.lang.StringLatin1::replace @ 79 (198 bytes)
C1 CompilerThread0      680  388   !   3       java.io.WinNTFileSystem::resolve (362 bytes)

VM state: not at safepoint (normal execution)

VM Mutex/Monitor currently owned by a thread: None

Heap address: 0x00000000c0000000, size: 1024 MB, Compressed Oops mode: 32-bit

CDS archive(s) not mapped
Compressed class space mapped at: 0x0000000100000000-0x0000000140000000, reserved size: 1073741824
Narrow klass base: 0x0000000000000000, Narrow klass shift: 3, Narrow klass range: 0x140000000

GC Precious Log:
 CPUs: 8 total, 8 available
 Memory: 16187M
 Large Page Support: Disabled
 NUMA Support: Disabled
 Compressed Oops: Enabled (32-bit)
 Alignments: Space 512K, Generation 512K, Heap 2M
 Heap Min Capacity: 100M
 Heap Initial Capacity: 100M
 Heap Max Capacity: 1G
 Pre-touch: Disabled
 Parallel Workers: 8

Heap:
 PSYoungGen      total 29696K, used 7949K [0x00000000eab00000, 0x00000000ecc00000, 0x0000000100000000)
  eden space 25600K, 31% used [0x00000000eab00000,0x00000000eb2c3518,0x00000000ec400000)
  from space 4096K, 0% used [0x00000000ec800000,0x00000000ec800000,0x00000000ecc00000)
  to   space 4096K, 0% used [0x00000000ec400000,0x00000000ec400000,0x00000000ec800000)
 ParOldGen       total 68608K, used 0K [0x00000000c0000000, 0x00000000c4300000, 0x00000000eab00000)
  object space 68608K, 0% used [0x00000000c0000000,0x00000000c0000000,0x00000000c4300000)
 Metaspace       used 6321K, committed 6528K, reserved 1114112K
  class space    used 615K, committed 704K, reserved 1048576K

Card table byte_map: [0x00000223b5eb0000,0x00000223b60c0000] _byte_map_base: 0x00000223b58b0000

Marking Bits: (ParMarkBitMap*) 0x00007ff902fad7d0
 Begin Bits: [0x00000223c81b0000, 0x00000223c91b0000)
 End Bits:   [0x00000223c91b0000, 0x00000223ca1b0000)

Polling page: 0x00000223b44b0000

Metaspace:

Usage:
  Non-class:      5.57 MB used.
      Class:    615.27 KB used.
       Both:      6.17 MB used.

Virtual space:
  Non-class space:       64.00 MB reserved,       5.69 MB (  9%) committed,  1 nodes.
      Class space:        1.00 GB reserved,     704.00 KB ( <1%) committed,  1 nodes.
             Both:        1.06 GB reserved,       6.38 MB ( <1%) committed. 

Chunk freelists:
   Non-Class:  10.23 MB
       Class:  15.21 MB
        Both:  25.45 MB

MaxMetaspaceSize: unlimited
CompressedClassSpaceSize: 1.00 GB
Initial GC threshold: 21.00 MB
Current GC threshold: 21.00 MB
CDS: off
MetaspaceReclaimPolicy: balanced
 - commit_granule_bytes: 65536.
 - commit_granule_words: 8192.
 - virtual_space_node_default_size: 8388608.
 - enlarge_chunks_in_place: 1.
 - new_chunks_are_fully_committed: 0.
 - uncommit_free_chunks: 1.
 - use_allocation_guard: 0.
 - handle_deallocations: 1.


Internal statistics:

num_allocs_failed_limit: 0.
num_arena_births: 10.
num_arena_deaths: 0.
num_vsnodes_births: 2.
num_vsnodes_deaths: 0.
num_space_committed: 102.
num_space_uncommitted: 0.
num_chunks_returned_to_freelist: 0.
num_chunks_taken_from_freelist: 35.
num_chunk_merges: 0.
num_chunk_splits: 22.
num_chunks_enlarged: 21.
num_inconsistent_stats: 0.

CodeHeap 'non-profiled nmethods': size=120000Kb used=114Kb max_used=114Kb free=119885Kb
 bounds [0x00000223c0c80000, 0x00000223c0ef0000, 0x00000223c81b0000]
CodeHeap 'profiled nmethods': size=120000Kb used=487Kb max_used=487Kb free=119512Kb
 bounds [0x00000223b91b0000, 0x00000223b9420000, 0x00000223c06e0000]
CodeHeap 'non-nmethods': size=5760Kb used=1097Kb max_used=1125Kb free=4662Kb
 bounds [0x00000223c06e0000, 0x00000223c0950000, 0x00000223c0c80000]
 total_blobs=762 nmethods=386 adapters=291
 compilation: enabled
              stopped_count=0, restarted_count=0
 full_count=0

Compilation events (20 events):
Event: 0.626 Thread 0x00000223cf52a110  378       3       java.util.zip.ZipFile$Source::getEntryHash (7 bytes)
Event: 0.626 Thread 0x00000223cf52a110 nmethod 378 0x00000223b9225910 code [0x00000223b9225aa0, 0x00000223b9225bd8]
Event: 0.640 Thread 0x00000223cf52a110  379       3       java.io.WinNTFileSystem::prefixLength (91 bytes)
Event: 0.642 Thread 0x00000223cf52a110 nmethod 379 0x00000223b9225c90 code [0x00000223b9225fa0, 0x00000223b9227318]
Event: 0.643 Thread 0x00000223cf52a110  380   !   3       jdk.internal.loader.BuiltinClassLoader$2::run (114 bytes)
Event: 0.644 Thread 0x00000223cf52a110 nmethod 380 0x00000223b9227a10 code [0x00000223b9227ca0, 0x00000223b9228a18]
Event: 0.644 Thread 0x00000223cf52a110  381       1       java.util.Collections$EmptyList::isEmpty (2 bytes)
Event: 0.644 Thread 0x00000223cf52a110 nmethod 381 0x00000223c0c9b910 code [0x00000223c0c9baa0, 0x00000223c0c9bb78]
Event: 0.644 Thread 0x00000223cf52a110  382       1       java.net.URL::getAuthority (5 bytes)
Event: 0.644 Thread 0x00000223cf52a110 nmethod 382 0x00000223c0c9bc10 code [0x00000223c0c9bda0, 0x00000223c0c9be78]
Event: 0.644 Thread 0x00000223cf52a110  383       1       java.net.URL::getPath (5 bytes)
Event: 0.644 Thread 0x00000223cf52a110 nmethod 383 0x00000223c0c9bf10 code [0x00000223c0c9c0a0, 0x00000223c0c9c178]
Event: 0.644 Thread 0x00000223cf52a110  384       1       java.net.URL::getQuery (5 bytes)
Event: 0.645 Thread 0x00000223cf52a110 nmethod 384 0x00000223c0c9c210 code [0x00000223c0c9c3a0, 0x00000223c0c9c478]
Event: 0.645 Thread 0x00000223cf52a110  385       3       java.lang.ClassLoader::getResource (41 bytes)
Event: 0.645 Thread 0x00000223cf52a110 nmethod 385 0x00000223b9228f90 code [0x00000223b9229180, 0x00000223b9229778]
Event: 0.645 Thread 0x00000223cf52a110  386       3       java.io.FileSystem::hasBooleanAttributes (17 bytes)
Event: 0.646 Thread 0x00000223cf52a110 nmethod 386 0x00000223b9229990 code [0x00000223b9229b40, 0x00000223b9229ce8]
Event: 0.646 Thread 0x00000223cf52a110  388   !   3       java.io.WinNTFileSystem::resolve (362 bytes)
Event: 0.650 Thread 0x00000223cf4c9360  391 %     4       java.lang.StringLatin1::replace @ 79 (198 bytes)

GC Heap History (0 events):
No events

Dll operation events (8 events):
Event: 0.020 Loaded shared library c:\Users\papth\.vscode\extensions\redhat.java-1.28.1-win32-x64\jre\17.0.10-win32-x86_64\bin\java.dll
Event: 0.318 Loaded shared library c:\Users\papth\.vscode\extensions\redhat.java-1.28.1-win32-x64\jre\17.0.10-win32-x86_64\bin\zip.dll
Event: 0.324 Loaded shared library C:\Users\papth\.vscode\extensions\redhat.java-1.28.1-win32-x64\jre\17.0.10-win32-x86_64\bin\instrument.dll
Event: 0.349 Loaded shared library C:\Users\papth\.vscode\extensions\redhat.java-1.28.1-win32-x64\jre\17.0.10-win32-x86_64\bin\net.dll
Event: 0.352 Loaded shared library C:\Users\papth\.vscode\extensions\redhat.java-1.28.1-win32-x64\jre\17.0.10-win32-x86_64\bin\nio.dll
Event: 0.365 Loaded shared library C:\Users\papth\.vscode\extensions\redhat.java-1.28.1-win32-x64\jre\17.0.10-win32-x86_64\bin\zip.dll
Event: 0.394 Loaded shared library C:\Users\papth\.vscode\extensions\redhat.java-1.28.1-win32-x64\jre\17.0.10-win32-x86_64\bin\jimage.dll
Event: 0.511 Loaded shared library c:\Users\papth\.vscode\extensions\redhat.java-1.28.1-win32-x64\jre\17.0.10-win32-x86_64\bin\verify.dll

Deoptimization events (0 events):
No events

Classes unloaded (0 events):
No events

Classes redefined (0 events):
No events

Internal exceptions (2 events):
Event: 0.282 Thread 0x00000223b65287c0 Exception <a 'java/lang/NoSuchMethodError'{0x00000000eacb9f60}: 'void java.lang.invoke.DirectMethodHandle$Holder.invokeStatic(java.lang.Object, java.lang.Object, java.lang.Object)'> (0x00000000eacb9f60) 
thrown [s\src\hotspot\share\interpreter\linkResolver.cpp, line 759]
Event: 0.558 Thread 0x00000223b65287c0 Exception <a 'java/lang/reflect/InvocationTargetException'{0x00000000eafedbd0}> (0x00000000eafedbd0) 
thrown [s\src\hotspot\share\runtime\reflection.cpp, line 1121]

VM Operations (2 events):
Event: 0.288 Executing VM operation: HandshakeAllThreads
Event: 0.289 Executing VM operation: HandshakeAllThreads done

Events (20 events):
Event: 0.592 loading class java/util/regex/Pattern$Branch done
Event: 0.592 loading class java/util/regex/Pattern$StartS
Event: 0.592 loading class java/util/regex/Pattern$StartS done
Event: 0.593 loading class java/util/regex/Pattern$Curly
Event: 0.593 loading class java/util/regex/Pattern$Curly done
Event: 0.593 loading class java/util/regex/Pattern$Ques
Event: 0.593 loading class java/util/regex/Pattern$Ques done
Event: 0.593 loading class java/util/regex/Pattern$Loop
Event: 0.594 loading class java/util/regex/Pattern$Loop done
Event: 0.594 loading class java/util/regex/Pattern$Prolog
Event: 0.594 loading class java/util/regex/Pattern$Prolog done
Event: 0.594 loading class java/util/regex/Pattern$Dollar
Event: 0.594 loading class java/util/regex/Pattern$Dollar done
Event: 0.594 loading class java/util/regex/Pattern$GroupCurly
Event: 0.594 loading class java/util/regex/Pattern$GroupCurly done
Event: 0.624 loading class java/util/Collections$SingletonSet
Event: 0.624 loading class java/util/Collections$SingletonSet done
Event: 0.624 loading class java/util/Collections$1
Event: 0.624 loading class java/util/Collections$1 done
Event: 0.640 Thread 0x00000223cf676a80 Thread exited: 0x00000223cf676a80


Dynamic libraries:
0x00007ff62db30000 - 0x00007ff62db3e000 	c:\Users\papth\.vscode\extensions\redhat.java-1.28.1-win32-x64\jre\17.0.10-win32-x86_64\bin\java.exe
0x00007ff961770000 - 0x00007ff961987000 	C:\WINDOWS\SYSTEM32\ntdll.dll
0x00007ff960660000 - 0x00007ff960724000 	C:\WINDOWS\System32\KERNEL32.DLL
0x00007ff95eab0000 - 0x00007ff95ee56000 	C:\WINDOWS\System32\KERNELBASE.dll
0x00007ff95f280000 - 0x00007ff95f391000 	C:\WINDOWS\System32\ucrtbase.dll
0x00007ff924ca0000 - 0x00007ff924cb7000 	c:\Users\papth\.vscode\extensions\redhat.java-1.28.1-win32-x64\jre\17.0.10-win32-x86_64\bin\jli.dll
0x00007ff922a40000 - 0x00007ff922a5b000 	c:\Users\papth\.vscode\extensions\redhat.java-1.28.1-win32-x64\jre\17.0.10-win32-x86_64\bin\VCRUNTIME140.dll
0x00007ff9608f0000 - 0x00007ff960a9e000 	C:\WINDOWS\System32\USER32.dll
0x00007ff95ee60000 - 0x00007ff95ee86000 	C:\WINDOWS\System32\win32u.dll
0x00007ff95fef0000 - 0x00007ff95ff19000 	C:\WINDOWS\System32\GDI32.dll
0x00007ff95f3a0000 - 0x00007ff95f4b8000 	C:\WINDOWS\System32\gdi32full.dll
0x00007ff95ef80000 - 0x00007ff95f01a000 	C:\WINDOWS\System32\msvcp_win.dll
0x00007ff947ac0000 - 0x00007ff947d53000 	C:\WINDOWS\WinSxS\amd64_microsoft.windows.common-controls_6595b64144ccf1df_6.0.22621.2506_none_270c5ae97388e100\COMCTL32.dll
0x00007ff9605a0000 - 0x00007ff960647000 	C:\WINDOWS\System32\msvcrt.dll
0x00007ff95ff20000 - 0x00007ff95ff51000 	C:\WINDOWS\System32\IMM32.DLL
0x00007ff930c80000 - 0x00007ff930c8c000 	c:\Users\papth\.vscode\extensions\redhat.java-1.28.1-win32-x64\jre\17.0.10-win32-x86_64\bin\vcruntime140_1.dll
0x00007ff9157c0000 - 0x00007ff91584d000 	c:\Users\papth\.vscode\extensions\redhat.java-1.28.1-win32-x64\jre\17.0.10-win32-x86_64\bin\msvcp140.dll
0x00007ff902410000 - 0x00007ff903072000 	c:\Users\papth\.vscode\extensions\redhat.java-1.28.1-win32-x64\jre\17.0.10-win32-x86_64\bin\server\jvm.dll
0x00007ff95fd80000 - 0x00007ff95fe33000 	C:\WINDOWS\System32\ADVAPI32.dll
0x00007ff961300000 - 0x00007ff9613a8000 	C:\WINDOWS\System32\sechost.dll
0x00007ff95f250000 - 0x00007ff95f278000 	C:\WINDOWS\System32\bcrypt.dll
0x00007ff961420000 - 0x00007ff961537000 	C:\WINDOWS\System32\RPCRT4.dll
0x00007ff95d900000 - 0x00007ff95d94d000 	C:\WINDOWS\SYSTEM32\POWRPROF.dll
0x00007ff9305d0000 - 0x00007ff9305d9000 	C:\WINDOWS\SYSTEM32\WSOCK32.dll
0x00007ff957300000 - 0x00007ff957334000 	C:\WINDOWS\SYSTEM32\WINMM.dll
0x00007ff95ff70000 - 0x00007ff95ffe1000 	C:\WINDOWS\System32\WS2_32.dll
0x00007ff9542c0000 - 0x00007ff9542ca000 	C:\WINDOWS\SYSTEM32\VERSION.dll
0x00007ff95d8e0000 - 0x00007ff95d8f3000 	C:\WINDOWS\SYSTEM32\UMPDC.dll
0x00007ff95dba0000 - 0x00007ff95dbb8000 	C:\WINDOWS\SYSTEM32\kernel.appcore.dll
0x00007ff92b5f0000 - 0x00007ff92b5fa000 	c:\Users\papth\.vscode\extensions\redhat.java-1.28.1-win32-x64\jre\17.0.10-win32-x86_64\bin\jimage.dll
0x00007ff95c3a0000 - 0x00007ff95c5d3000 	C:\WINDOWS\SYSTEM32\DBGHELP.DLL
0x00007ff9600b0000 - 0x00007ff960439000 	C:\WINDOWS\System32\combase.dll
0x00007ff9615c0000 - 0x00007ff961697000 	C:\WINDOWS\System32\OLEAUT32.dll
0x00007ff94f400000 - 0x00007ff94f432000 	C:\WINDOWS\SYSTEM32\dbgcore.DLL
0x00007ff95ee90000 - 0x00007ff95ef0a000 	C:\WINDOWS\System32\bcryptPrimitives.dll
0x00007ff928b50000 - 0x00007ff928b5e000 	c:\Users\papth\.vscode\extensions\redhat.java-1.28.1-win32-x64\jre\17.0.10-win32-x86_64\bin\instrument.dll
0x00007ff91d440000 - 0x00007ff91d465000 	c:\Users\papth\.vscode\extensions\redhat.java-1.28.1-win32-x64\jre\17.0.10-win32-x86_64\bin\java.dll
0x00007ff922770000 - 0x00007ff922788000 	c:\Users\papth\.vscode\extensions\redhat.java-1.28.1-win32-x64\jre\17.0.10-win32-x86_64\bin\zip.dll
0x00007ff960aa0000 - 0x00007ff9612fb000 	C:\WINDOWS\System32\SHELL32.dll
0x00007ff95c9c0000 - 0x00007ff95d2b6000 	C:\WINDOWS\SYSTEM32\windows.storage.dll
0x00007ff95c880000 - 0x00007ff95c9be000 	C:\WINDOWS\SYSTEM32\wintypes.dll
0x00007ff95f4c0000 - 0x00007ff95f5b3000 	C:\WINDOWS\System32\SHCORE.dll
0x00007ff961540000 - 0x00007ff96159e000 	C:\WINDOWS\System32\shlwapi.dll
0x00007ff95e9e0000 - 0x00007ff95ea06000 	C:\WINDOWS\SYSTEM32\profapi.dll
0x00007ff915c00000 - 0x00007ff915c19000 	C:\Users\papth\.vscode\extensions\redhat.java-1.28.1-win32-x64\jre\17.0.10-win32-x86_64\bin\net.dll
0x00007ff957e70000 - 0x00007ff957fa7000 	C:\WINDOWS\SYSTEM32\WINHTTP.dll
0x00007ff95e040000 - 0x00007ff95e0a9000 	C:\WINDOWS\system32\mswsock.dll
0x00007ff915270000 - 0x00007ff915286000 	C:\Users\papth\.vscode\extensions\redhat.java-1.28.1-win32-x64\jre\17.0.10-win32-x86_64\bin\nio.dll
0x00007ff922b50000 - 0x00007ff922b60000 	c:\Users\papth\.vscode\extensions\redhat.java-1.28.1-win32-x64\jre\17.0.10-win32-x86_64\bin\verify.dll

dbghelp: loaded successfully - version: 4.0.5 - missing functions: none
symbol engine: initialized successfully - sym options: 0x614 - pdb path: .;c:\Users\papth\.vscode\extensions\redhat.java-1.28.1-win32-x64\jre\17.0.10-win32-x86_64\bin;C:\WINDOWS\SYSTEM32;C:\WINDOWS\WinSxS\amd64_microsoft.windows.common-controls_6595b64144ccf1df_6.0.22621.2506_none_270c5ae97388e100;c:\Users\papth\.vscode\extensions\redhat.java-1.28.1-win32-x64\jre\17.0.10-win32-x86_64\bin\server

VM Arguments:
jvm_args: --add-modules=ALL-SYSTEM --add-opens=java.base/java.util=ALL-UNNAMED --add-opens=java.base/java.lang=ALL-UNNAMED --add-opens=java.base/sun.nio.fs=ALL-UNNAMED -Declipse.application=org.eclipse.jdt.ls.core.id1 -Dosgi.bundles.defaultStartLevel=4 -Declipse.product=org.eclipse.jdt.ls.core.product -Djava.import.generatesMetadataFilesAtProjectRoot=false -DDetectVMInstallationsJob.disabled=true -Dfile.encoding=utf8 -XX:+UseParallelGC -XX:GCTimeRatio=4 -XX:AdaptiveSizePolicyWeight=90 -Dsun.zip.disableMemoryMapping=true -Xmx1G -Xms100m -Xlog:disable -javaagent:c:\Users\papth\.vscode\extensions\redhat.java-1.28.1-win32-x64\lombok\lombok-1.18.31.jar -XX:+HeapDumpOnOutOfMemoryError -XX:HeapDumpPath=c:\Users\papth\AppData\Roaming\Code\User\workspaceStorage\fb0275111390ad12c1baf502f4576d5b\redhat.java -Daether.dependencyCollector.impl=bf 
java_command: c:\Users\papth\.vscode\extensions\redhat.java-1.28.1-win32-x64\server\plugins\org.eclipse.equinox.launcher_1.6.700.v20231214-2017.jar -configuration c:\Users\papth\AppData\Roaming\Code\User\globalStorage\redhat.java\1.28.1\config_win -data c:\Users\papth\AppData\Roaming\Code\User\workspaceStorage\fb0275111390ad12c1baf502f4576d5b\redhat.java\jdt_ws --stdio
java_class_path (initial): c:\Users\papth\.vscode\extensions\redhat.java-1.28.1-win32-x64\server\plugins\org.eclipse.equinox.launcher_1.6.700.v20231214-2017.jar
Launcher Type: SUN_STANDARD

[Global flags]
    uintx AdaptiveSizePolicyWeight                 = 90                                        {product} {command line}
     intx CICompilerCount                          = 4                                         {product} {ergonomic}
    uintx GCTimeRatio                              = 4                                         {product} {command line}
     bool HeapDumpOnOutOfMemoryError               = true                                   {manageable} {command line}
    ccstr HeapDumpPath                             = c:\Users\papth\AppData\Roaming\Code\User\workspaceStorage\fb0275111390ad12c1baf502f4576d5b\redhat.java         {manageable} {command line}
   size_t InitialHeapSize                          = 104857600                                 {product} {command line}
   size_t MaxHeapSize                              = 1073741824                                {product} {command line}
   size_t MaxNewSize                               = 357564416                                 {product} {ergonomic}
   size_t MinHeapDeltaBytes                        = 524288                                    {product} {ergonomic}
   size_t MinHeapSize                              = 104857600                                 {product} {command line}
   size_t NewSize                                  = 34603008                                  {product} {ergonomic}
    uintx NonNMethodCodeHeapSize                   = 5839372                                {pd product} {ergonomic}
    uintx NonProfiledCodeHeapSize                  = 122909434                              {pd product} {ergonomic}
   size_t OldSize                                  = 70254592                                  {product} {ergonomic}
    uintx ProfiledCodeHeapSize                     = 122909434                              {pd product} {ergonomic}
    uintx ReservedCodeCacheSize                    = 251658240                              {pd product} {ergonomic}
     bool SegmentedCodeCache                       = true                                      {product} {ergonomic}
   size_t SoftMaxHeapSize                          = 1073741824                             {manageable} {ergonomic}
     bool UseCompressedClassPointers               = true                           {product lp64_product} {ergonomic}
     bool UseCompressedOops                        = true                           {product lp64_product} {ergonomic}
     bool UseLargePagesIndividualAllocation        = false                                  {pd product} {ergonomic}
     bool UseParallelGC                            = true                                      {product} {command line}

Logging:
Log output configuration:
 #0: stdout all=off uptime,level,tags
 #1: stderr all=off uptime,level,tags

Environment Variables:
JAVA_HOME=C:\LAB-TOOLS\JDK\jdk-17.0.6
PATH=C:\Python311\Scripts\;C:\Python311\;C:\LAB-TOOLS\JDK\jdk-17.0.6\bin;C:\Program Files\Microsoft\jdk-11.0.12.7-hotspot\bin;C:\Program Files\AdoptOpenJDK\jdk-11.0.9.101-hotspot\bin;C:\Program Files (x86)\Common Files\Oracle\Java\javapath;C:\windows\system32;C:\windows;C:\windows\System32\Wbem;C:\windows\System32\WindowsPowerShell\v1.0\;C:\windows\System32\OpenSSH\;C:\Program Files (x86)\NVIDIA Corporation\PhysX\Common;C:\Program Files\NVIDIA Corporation\NVIDIA NvDLISR;C:\Program Files (x86)\Wolfram Research\WolframScript\;C:\WINDOWS\system32;C:\WINDOWS;C:\WINDOWS\System32\Wbem;C:\WINDOWS\System32\WindowsPowerShell\v1.0\;C:\WINDOWS\System32\OpenSSH\;C:\Program Files\MATLAB\R2020a\runtime\win64;C:\Program Files\MATLAB\R2020a\bin;C:\Program Files\OpenVPN\bin;C:\Program Files\Git\cmd;C:\Program Files\Git\usr\bin;C:\Program Files\Microsoft SQL Server\150\Tools\Binn\;C:\Program Files\dotnet\;C:\MinGW\mingw32\bin;C:\WINDOWS\system32;C:\WINDOWS;C:\WINDOWS\System32\Wbem;C:\WINDOWS\System32\WindowsPowerShell\v1.0\;C:\Program Files\nodejs;C:\ProgramData\chocolatey\bin;C:\Program Files\Docker\Docker\resources\bin;C:\WINDOWS\System32\OpenSSH\;C:\Program Files\PowerShell\7-preview\preview;C:\Program Files\PowerShell\7\;C:\LAB-TOOLS\apache-maven-3.9.6-bin\apache-maven-3.9.6\bin;C:\Users\papth\scoop\shims;C:\dev\flutter\bin;C:\Users\papth\AppData\Local\Microsoft\WindowsApps;C:\Users\papth\AppData\Local\GitHubDesktop\bin;C:\Users\papth\AppData\Local\Microsoft\WindowsApps;C:\Users\papth\AppData\Local\atom\bin;C:\Users\papth\.dotnet\tools;C:\Users\papth\AppData\Roaming\npm;C:\dev\android-sdk\platform-tools;C:\Program Files\nodejs;C:\Users\papth\AppData\Local\Programs\Microsoft VS Code\bin;C:\Users\papth\AppData\Roaming\Python\Python311\Scripts;C:\Users\papth\AppData\Local\Google\Cloud SDK\google-cloud-sdk\bin
USERNAME=papth
OS=Windows_NT
PROCESSOR_IDENTIFIER=Intel64 Family 6 Model 142 Stepping 12, GenuineIntel
TMP=C:\Users\papth\AppData\Local\Temp
TEMP=C:\Users\papth\AppData\Local\Temp



Periodic native trim disabled


---------------  S Y S T E M  ---------------

OS:
 Windows 11 , 64 bit Build 22621 (10.0.22621.3085)
OS uptime: 0 days 5:11 hours
Hyper-V role detected

CPU: total 8 (initial active 8) (4 cores per cpu, 2 threads per core) family 6 model 142 stepping 12 microcode 0xde, cx8, cmov, fxsr, ht, mmx, 3dnowpref, sse, sse2, sse3, ssse3, sse4.1, sse4.2, popcnt, lzcnt, tsc, tscinvbit, avx, avx2, aes, erms, clmul, bmi1, bmi2, adx, fma, vzeroupper, clflush, clflushopt, hv
Processor Information for all 8 processors :
  Max Mhz: 2304, Current Mhz: 1803, Mhz Limit: 1797

Memory: 4k page, system-wide physical 16187M (3883M free)
TotalPageFile size 16187M (AvailPageFile size 0M)
current process WorkingSet (physical memory assigned to process): 41M, peak: 41M
current process commit charge ("private bytes"): 187M, peak: 187M

vm_info: OpenJDK 64-Bit Server VM (17.0.10+7) for windows-amd64 JRE (17.0.10+7), built on Jan 16 2024 23:25:11 by "admin" with MS VC++ 16.10 / 16.11 (VS2019)

END.
