#
# There is insufficient memory for the Java Runtime Environment to continue.
# Native memory allocation (mmap) failed to map 65536 bytes for Failed to commit metaspace.
# Possible reasons:
#   The system is out of physical RAM or swap space
#   The process is running with CompressedOops enabled, and the Java Heap may be blocking the growth of the native heap
# Possible solutions:
#   Reduce memory load on the system
#   Increase physical memory or swap space
#   Check if swap backing store is full
#   Decrease Java heap size (-Xmx/-Xms)
#   Decrease number of Java threads
#   Decrease Java thread stack sizes (-Xss)
#   Set larger code cache with -XX:ReservedCodeCacheSize=
#   JVM is running with Unscaled Compressed Oops mode in which the Java heap is
#     placed in the first 4GB address space. The Java Heap base address is the
#     maximum limit for the native heap growth. Please use -XX:HeapBaseMinAddress
#     to set the Java Heap base and to place the Java Heap above 4GB virtual address.
# This output file may be truncated or incomplete.
#
#  Out of Memory Error (virtualSpaceNode.cpp:110), pid=20312, tid=21200
#
# JRE version: OpenJDK Runtime Environment Temurin-17.0.10+7 (17.0.10+7) (build 17.0.10+7)
# Java VM: OpenJDK 64-Bit Server VM Temurin-17.0.10+7 (17.0.10+7, mixed mode, tiered, compressed oops, compressed class ptrs, parallel gc, windows-amd64)
# No core dump will be written. Minidumps are not enabled by default on client versions of Windows
#

---------------  S U M M A R Y ------------

Command Line: --add-modules=ALL-SYSTEM --add-opens=java.base/java.util=ALL-UNNAMED --add-opens=java.base/java.lang=ALL-UNNAMED --add-opens=java.base/sun.nio.fs=ALL-UNNAMED -Declipse.application=org.eclipse.jdt.ls.core.id1 -Dosgi.bundles.defaultStartLevel=4 -Declipse.product=org.eclipse.jdt.ls.core.product -Djava.import.generatesMetadataFilesAtProjectRoot=false -DDetectVMInstallationsJob.disabled=true -Dfile.encoding=utf8 -XX:+UseParallelGC -XX:GCTimeRatio=4 -XX:AdaptiveSizePolicyWeight=90 -Dsun.zip.disableMemoryMapping=true -Xmx1G -Xms100m -Xlog:disable -javaagent:c:\Users\papth\.vscode\extensions\redhat.java-1.28.1-win32-x64\lombok\lombok-1.18.31.jar c:\Users\papth\.vscode\extensions\redhat.java-1.28.1-win32-x64\server\plugins\org.eclipse.equinox.launcher_1.6.700.v20231214-2017.jar -configuration c:\Users\papth\AppData\Roaming\Code\User\globalStorage\redhat.java\1.28.1\config_ss_win -data c:\Users\papth\AppData\Roaming\Code\User\workspaceStorage\fb0275111390ad12c1baf502f4576d5b\redhat.java\ss_ws --stdio

Host: Intel(R) Core(TM) i7-10510U CPU @ 1.80GHz, 8 cores, 15G,  Windows 11 , 64 bit Build 22621 (10.0.22621.3085)
Time: Mon Mar  4 18:20:38 2024  Windows 11 , 64 bit Build 22621 (10.0.22621.3085) elapsed time: 0.954136 seconds (0d 0h 0m 0s)

---------------  T H R E A D  ---------------

Current thread (0x0000016e8bb91d90):  JavaThread "main" [_thread_in_vm, id=21200, stack(0x0000002fefe00000,0x0000002feff00000)]

Stack: [0x0000002fefe00000,0x0000002feff00000]
Native frames: (J=compiled Java code, j=interpreted, Vv=VM code, C=native code)
V  [jvm.dll+0x67d2c9]
V  [jvm.dll+0x834afa]
V  [jvm.dll+0x8365be]
V  [jvm.dll+0x836c23]
V  [jvm.dll+0x2477ff]
V  [jvm.dll+0x8307bb]
V  [jvm.dll+0x621d16]
V  [jvm.dll+0x1c183e]
V  [jvm.dll+0x624671]
V  [jvm.dll+0x6226b6]
V  [jvm.dll+0x23d160]
V  [jvm.dll+0x1ec25b]
V  [jvm.dll+0x1e1c01]
V  [jvm.dll+0x5427ce]
V  [jvm.dll+0x1f2647]
V  [jvm.dll+0x7adf9b]
V  [jvm.dll+0x7af36c]
V  [jvm.dll+0x7af6b8]
V  [jvm.dll+0x23face]
V  [jvm.dll+0x38260e]
C  0x0000016e95d6ae1b

The last pc belongs to new (printed below).
Java frames: (J=compiled Java code, j=interpreted, Vv=VM code)
j  sun.security.util.DerValue.getBigIntegerInternal(BZ)Ljava/math/BigInteger;+164 java.base@17.0.10
j  sun.security.util.DerValue.getBigInteger()Ljava/math/BigInteger;+3 java.base@17.0.10
j  sun.security.util.DerInputStream.getBigInteger()Ljava/math/BigInteger;+4 java.base@17.0.10
j  sun.security.pkcs.PKCS7.parseSignedData(Lsun/security/util/DerValue;)V+7 java.base@17.0.10
j  sun.security.pkcs.PKCS7.parse(Lsun/security/util/DerInputStream;Z)V+40 java.base@17.0.10
j  sun.security.pkcs.PKCS7.parse(Lsun/security/util/DerInputStream;)V+11 java.base@17.0.10
j  sun.security.pkcs.PKCS7.<init>([B)V+50 java.base@17.0.10
j  sun.security.util.SignatureFileVerifier.<init>(Ljava/util/ArrayList;Lsun/security/util/ManifestDigester;Ljava/lang/String;[B)V+40 java.base@17.0.10
j  java.util.jar.JarVerifier.processEntry(Lsun/security/util/ManifestEntryVerifier;)V+322 java.base@17.0.10
j  java.util.jar.JarVerifier.update(I[BIILsun/security/util/ManifestEntryVerifier;)V+39 java.base@17.0.10
j  java.util.jar.JarFile.initializeVerifier()V+163 java.base@17.0.10
j  java.util.jar.JarFile.ensureInitialization()V+41 java.base@17.0.10
j  java.util.jar.JavaUtilJarAccessImpl.ensureInitialization(Ljava/util/jar/JarFile;)V+1 java.base@17.0.10
j  jdk.internal.loader.URLClassPath$JarLoader$2.getManifest()Ljava/util/jar/Manifest;+10 java.base@17.0.10
j  jdk.internal.loader.BuiltinClassLoader.defineClass(Ljava/lang/String;Ljdk/internal/loader/Resource;)Ljava/lang/Class;+29 java.base@17.0.10
j  jdk.internal.loader.BuiltinClassLoader.findClassOnClassPathOrNull(Ljava/lang/String;)Ljava/lang/Class;+37 java.base@17.0.10
j  jdk.internal.loader.BuiltinClassLoader.loadClassOrNull(Ljava/lang/String;Z)Ljava/lang/Class;+111 java.base@17.0.10
j  jdk.internal.loader.BuiltinClassLoader.loadClass(Ljava/lang/String;Z)Ljava/lang/Class;+3 java.base@17.0.10
j  jdk.internal.loader.ClassLoaders$AppClassLoader.loadClass(Ljava/lang/String;Z)Ljava/lang/Class;+36 java.base@17.0.10
j  java.lang.ClassLoader.loadClass(Ljava/lang/String;)Ljava/lang/Class;+3 java.base@17.0.10
v  ~StubRoutines::call_stub
j  java.lang.Class.forName0(Ljava/lang/String;ZLjava/lang/ClassLoader;Ljava/lang/Class;)Ljava/lang/Class;+0 java.base@17.0.10
j  java.lang.Class.forName(Ljava/lang/String;ZLjava/lang/ClassLoader;)Ljava/lang/Class;+43 java.base@17.0.10
j  sun.launcher.LauncherHelper.loadMainClass(ILjava/lang/String;)Ljava/lang/Class;+95 java.base@17.0.10
j  sun.launcher.LauncherHelper.checkAndLoadMain(ZILjava/lang/String;)Ljava/lang/Class;+42 java.base@17.0.10
v  ~StubRoutines::call_stub
new  187 new  [0x0000016e95d6ac80, 0x0000016e95d6aea0]  544 bytes
[MachCode]
  0x0000016e95d6ac80: 4883 ec08 | c5fa 1104 | 24eb 1f48 | 83ec 10c5 | fb11 0424 | eb14 4883 | ec10 4889 | 0424 48c7 
  0x0000016e95d6aca0: 4424 0800 | 0000 00eb | 0150 410f | b755 010f | cac1 ea10 | 488b 4de8 | 488b 4908 | 488b 4908 
  0x0000016e95d6acc0: 488b 4108 | 807c 1004 | 070f 85d6 | 0000 0066 | 8b54 d148 | 488b 4928 | 488b 4cd1 | 0851 80b9 
  0x0000016e95d6ace0: 3301 0000 | 040f 85b9 | 0000 008b | 5108 f7c2 | 0100 0000 | 0f85 aa00 | 0000 498b | 8708 0100 
  0x0000016e95d6ad00: 0048 8d1c | 1049 3b9f | 1801 0000 | 0f87 9200 | 0000 4989 | 9f08 0100 | 00e9 0000 | 0000 4883 
  0x0000016e95d6ad20: ea10 0f84 | 0f00 0000 | 33c9 c1ea | 0348 894c | d008 48ff | ca75 f648 | c700 0100 | 0000 5933 
  0x0000016e95d6ad40: f689 700c | 48c1 e903 | 8948 0849 | ba7a 35f9 | 02f9 7f00 | 0041 803a | 000f 8440 | 0000 0050 
  0x0000016e95d6ad60: 488b c848 | 83ec 20f7 | c40f 0000 | 000f 841a | 0000 0048 | 83ec 0849 | ba20 30af | 02f9 7f00 
  0x0000016e95d6ad80: 0041 ffd2 | 4883 c408 | e90d 0000 | 0049 ba20 | 30af 02f9 | 7f00 0041 | ffd2 4883 | c420 58e9 
  0x0000016e95d6ada0: cd00 0000 | 5948 8b55 | e848 8b52 | 0848 8b52 | 0845 0fb7 | 4501 410f | c841 c1e8 | 10e8 0500 
  0x0000016e95d6adc0: 0000 e9aa | 0000 0048 | 8d44 2408 | 4c89 6dc0 | 498b cfc5 | f877 4989 | afa8 0200 | 0049 8987 
  0x0000016e95d6ade0: 9802 0000 | 4883 ec20 | f7c4 0f00 | 0000 0f84 | 1a00 0000 | 4883 ec08 | 49ba c025 | 7902 f97f 
  0x0000016e95d6ae00: 0000 41ff | d248 83c4 | 08e9 0d00 | 0000 49ba | c025 7902 | f97f 0000 | 41ff d248 | 83c4 2049 
  0x0000016e95d6ae20: c787 9802 | 0000 0000 | 0000 49c7 | 87a8 0200 | 0000 0000 | 0049 c787 | a002 0000 | 0000 0000 
  0x0000016e95d6ae40: c5f8 7749 | 817f 0800 | 0000 000f | 8405 0000 | 00e9 aa60 | feff 498b | 87f0 0200 | 0049 c787 
  0x0000016e95d6ae60: f002 0000 | 0000 0000 | 4c8b 6dc0 | 4c8b 75c8 | c341 0fb6 | 5d03 4983 | c503 49ba | 90a1 fb02 
  0x0000016e95d6ae80: f97f 0000 | 41ff 24da | 0000 0000 | 0000 0000 | 0000 0000 | 0000 0000 | 0000 0000 | 0000 0000 
[/MachCode]

---------------  P R O C E S S  ---------------

Threads class SMR info:
_java_thread_list=0x0000016ea4df5930, length=13, elements={
0x0000016e8bb91d90, 0x0000016e9fa0f020, 0x0000016e9fa11390, 0x0000016ea4b14490,
0x0000016e9fa166b0, 0x0000016e9fa17a10, 0x0000016e9fa1e180, 0x0000016ea4b3f020,
0x0000016ea4b9d390, 0x0000016ea4bbe150, 0x0000016e8bbf3de0, 0x0000016ea4e172b0,
0x0000016ea4eb3560
}

Java Threads: ( => current thread )
=>0x0000016e8bb91d90 JavaThread "main" [_thread_in_vm, id=21200, stack(0x0000002fefe00000,0x0000002feff00000)]
  0x0000016e9fa0f020 JavaThread "Reference Handler" daemon [_thread_blocked, id=7484, stack(0x0000002ff0100000,0x0000002ff0200000)]
  0x0000016e9fa11390 JavaThread "Finalizer" daemon [_thread_blocked, id=2656, stack(0x0000002ff0200000,0x0000002ff0300000)]
  0x0000016ea4b14490 JavaThread "Signal Dispatcher" daemon [_thread_blocked, id=23736, stack(0x0000002ff0300000,0x0000002ff0400000)]
  0x0000016e9fa166b0 JavaThread "Attach Listener" daemon [_thread_blocked, id=15256, stack(0x0000002ff0400000,0x0000002ff0500000)]
  0x0000016e9fa17a10 JavaThread "Service Thread" daemon [_thread_blocked, id=23160, stack(0x0000002ff0500000,0x0000002ff0600000)]
  0x0000016e9fa1e180 JavaThread "Monitor Deflation Thread" daemon [_thread_blocked, id=8696, stack(0x0000002ff0600000,0x0000002ff0700000)]
  0x0000016ea4b3f020 JavaThread "C2 CompilerThread0" daemon [_thread_blocked, id=18220, stack(0x0000002ff0700000,0x0000002ff0800000)]
  0x0000016ea4b9d390 JavaThread "C1 CompilerThread0" daemon [_thread_blocked, id=15820, stack(0x0000002ff0800000,0x0000002ff0900000)]
  0x0000016ea4bbe150 JavaThread "Sweeper thread" daemon [_thread_blocked, id=13888, stack(0x0000002ff0900000,0x0000002ff0a00000)]
  0x0000016e8bbf3de0 JavaThread "Common-Cleaner" daemon [_thread_blocked, id=5388, stack(0x0000002ff0a00000,0x0000002ff0b00000)]
  0x0000016ea4e172b0 JavaThread "Notification Thread" daemon [_thread_blocked, id=16996, stack(0x0000002ff0b00000,0x0000002ff0c00000)]
  0x0000016ea4eb3560 JavaThread "C2 CompilerThread1" daemon [_thread_blocked, id=3096, stack(0x0000002ff0d00000,0x0000002ff0e00000)]

Other Threads:
  0x0000016ea4b014b0 VMThread "VM Thread" [stack: 0x0000002ff0000000,0x0000002ff0100000] [id=1436]
  0x0000016ea4e194e0 WatcherThread [stack: 0x0000002ff0c00000,0x0000002ff0d00000] [id=23560]
  0x0000016e8bba64d0 GCTaskThread "GC Thread#0" [stack: 0x0000002feff00000,0x0000002ff0000000] [id=16704]

Threads with active compile tasks:

VM state: not at safepoint (normal execution)

VM Mutex/Monitor currently owned by a thread:  ([mutex/lock_event])
[0x0000016e8bb8c6c0] Metaspace_lock - owner thread: 0x0000016e8bb91d90

Heap address: 0x00000000c0000000, size: 1024 MB, Compressed Oops mode: 32-bit

CDS archive(s) not mapped
Compressed class space mapped at: 0x0000000100000000-0x0000000140000000, reserved size: 1073741824
Narrow klass base: 0x0000000000000000, Narrow klass shift: 3, Narrow klass range: 0x140000000

GC Precious Log:
 CPUs: 8 total, 8 available
 Memory: 16187M
 Large Page Support: Disabled
 NUMA Support: Disabled
 Compressed Oops: Enabled (32-bit)
 Alignments: Space 512K, Generation 512K, Heap 2M
 Heap Min Capacity: 100M
 Heap Initial Capacity: 100M
 Heap Max Capacity: 1G
 Pre-touch: Disabled
 Parallel Workers: 8

Heap:
 PSYoungGen      total 29696K, used 9268K [0x00000000eab00000, 0x00000000ecc00000, 0x0000000100000000)
  eden space 25600K, 36% used [0x00000000eab00000,0x00000000eb40d198,0x00000000ec400000)
  from space 4096K, 0% used [0x00000000ec800000,0x00000000ec800000,0x00000000ecc00000)
  to   space 4096K, 0% used [0x00000000ec400000,0x00000000ec400000,0x00000000ec800000)
 ParOldGen       total 68608K, used 0K [0x00000000c0000000, 0x00000000c4300000, 0x00000000eab00000)
  object space 68608K, 0% used [0x00000000c0000000,0x00000000c0000000,0x00000000c4300000)
 Metaspace       used 6791K, committed 6848K, reserved 1114112K
  class space    used 662K, committed 704K, reserved 1048576K

Card table byte_map: [0x0000016e8b550000,0x0000016e8b760000] _byte_map_base: 0x0000016e8af50000

Marking Bits: (ParMarkBitMap*) 0x00007ff902fad7d0
 Begin Bits: [0x0000016e9d820000, 0x0000016e9e820000)
 End Bits:   [0x0000016e9e820000, 0x0000016e9f820000)

Polling page: 0x0000016e8b340000

Metaspace:

Usage:
  Non-class:      5.98 MB used.
      Class:    662.90 KB used.
       Both:      6.63 MB used.

Virtual space:
  Non-class space:       64.00 MB reserved,       6.00 MB (  9%) committed,  1 nodes.
      Class space:        1.00 GB reserved,     704.00 KB ( <1%) committed,  1 nodes.
             Both:        1.06 GB reserved,       6.69 MB ( <1%) committed. 

Chunk freelists:
   Non-Class:  9.00 MB
       Class:  15.21 MB
        Both:  24.21 MB

MaxMetaspaceSize: unlimited
CompressedClassSpaceSize: 1.00 GB
Initial GC threshold: 21.00 MB
Current GC threshold: 21.00 MB
CDS: off
MetaspaceReclaimPolicy: balanced
 - commit_granule_bytes: 65536.
 - commit_granule_words: 8192.
 - virtual_space_node_default_size: 8388608.
 - enlarge_chunks_in_place: 1.
 - new_chunks_are_fully_committed: 0.
 - uncommit_free_chunks: 1.
 - use_allocation_guard: 0.
 - handle_deallocations: 1.


Internal statistics:

num_allocs_failed_limit: 0.
num_arena_births: 10.
num_arena_deaths: 0.
num_vsnodes_births: 2.
num_vsnodes_deaths: 0.
num_space_committed: 107.
num_space_uncommitted: 0.
num_chunks_returned_to_freelist: 0.
num_chunks_taken_from_freelist: 39.
num_chunk_merges: 0.
num_chunk_splits: 23.
num_chunks_enlarged: 21.
num_inconsistent_stats: 0.

CodeHeap 'non-profiled nmethods': size=120000Kb used=141Kb max_used=141Kb free=119858Kb
 bounds [0x0000016e962f0000, 0x0000016e96560000, 0x0000016e9d820000]
CodeHeap 'profiled nmethods': size=120000Kb used=637Kb max_used=637Kb free=119362Kb
 bounds [0x0000016e8e820000, 0x0000016e8ea90000, 0x0000016e95d50000]
CodeHeap 'non-nmethods': size=5760Kb used=1104Kb max_used=1120Kb free=4655Kb
 bounds [0x0000016e95d50000, 0x0000016e95fc0000, 0x0000016e962f0000]
 total_blobs=838 nmethods=455 adapters=298
 compilation: enabled
              stopped_count=0, restarted_count=0
 full_count=0

Compilation events (20 events):
Event: 0.937 Thread 0x0000016ea4b9d390  447       1       sun.security.util.KnownOIDs::registerNames (2 bytes)
Event: 0.937 Thread 0x0000016ea4b9d390 nmethod 447 0x0000016e96311890 code [0x0000016e96311a20, 0x0000016e96311af8]
Event: 0.937 Thread 0x0000016ea4b9d390  448       3       java.lang.StringLatin1::toUpperCase (186 bytes)
Event: 0.938 Thread 0x0000016ea4b9d390 nmethod 448 0x0000016e8e8b4a90 code [0x0000016e8e8b4d00, 0x0000016e8e8b57f8]
Event: 0.938 Thread 0x0000016ea4b9d390  449       3       java.lang.String::toUpperCase (29 bytes)
Event: 0.939 Thread 0x0000016ea4b9d390 nmethod 449 0x0000016e8e8b5c10 code [0x0000016e8e8b5de0, 0x0000016e8e8b6098]
Event: 0.939 Thread 0x0000016ea4b9d390  451       3       sun.security.util.KnownOIDs::register (349 bytes)
Event: 0.940 Thread 0x0000016ea4b3f020 nmethod 441 0x0000016e96311b90 code [0x0000016e96311d20, 0x0000016e96311f98]
Event: 0.942 Thread 0x0000016ea4eb3560  453       4       java.lang.CharacterDataLatin1::toUpperCaseEx (71 bytes)
Event: 0.942 Thread 0x0000016ea4b3f020  454       4       java.lang.StringBuilder::append (8 bytes)
Event: 0.943 Thread 0x0000016ea4eb3560 nmethod 453 0x0000016e96312110 code [0x0000016e96312280, 0x0000016e96312378]
Event: 0.943 Thread 0x0000016ea4eb3560  455       4       java.lang.AbstractStringBuilder::putStringAt (12 bytes)
Event: 0.944 Thread 0x0000016ea4b9d390 nmethod 451 0x0000016e8e8b6190 code [0x0000016e8e8b6aa0, 0x0000016e8e8bb018]
Event: 0.944 Thread 0x0000016ea4b9d390  452       3       java.util.HashMap$EntryIterator::next (5 bytes)
Event: 0.945 Thread 0x0000016ea4b9d390 nmethod 452 0x0000016e8e8bc890 code [0x0000016e8e8bca40, 0x0000016e8e8bcbc8]
Event: 0.945 Thread 0x0000016ea4b9d390  450       3       java.util.Objects::nonNull (10 bytes)
Event: 0.945 Thread 0x0000016ea4b9d390 nmethod 450 0x0000016e8e8bcc90 code [0x0000016e8e8bce20, 0x0000016e8e8bcf78]
Event: 0.946 Thread 0x0000016ea4b9d390  456   !   3       lombok.patcher.ScriptManager$OurClassFileTransformer::transform (364 bytes)
Event: 0.947 Thread 0x0000016ea4eb3560 nmethod 455 0x0000016e96312490 code [0x0000016e96312620, 0x0000016e963127d8]
Event: 0.948 Thread 0x0000016ea4b9d390 nmethod 456 0x0000016e8e8bd010 code [0x0000016e8e8bd360, 0x0000016e8e8becc8]

GC Heap History (0 events):
No events

Dll operation events (8 events):
Event: 0.030 Loaded shared library c:\Users\papth\.vscode\extensions\redhat.java-1.28.1-win32-x64\jre\17.0.10-win32-x86_64\bin\java.dll
Event: 0.372 Loaded shared library c:\Users\papth\.vscode\extensions\redhat.java-1.28.1-win32-x64\jre\17.0.10-win32-x86_64\bin\zip.dll
Event: 0.389 Loaded shared library C:\Users\papth\.vscode\extensions\redhat.java-1.28.1-win32-x64\jre\17.0.10-win32-x86_64\bin\instrument.dll
Event: 0.421 Loaded shared library C:\Users\papth\.vscode\extensions\redhat.java-1.28.1-win32-x64\jre\17.0.10-win32-x86_64\bin\net.dll
Event: 0.429 Loaded shared library C:\Users\papth\.vscode\extensions\redhat.java-1.28.1-win32-x64\jre\17.0.10-win32-x86_64\bin\nio.dll
Event: 0.463 Loaded shared library C:\Users\papth\.vscode\extensions\redhat.java-1.28.1-win32-x64\jre\17.0.10-win32-x86_64\bin\zip.dll
Event: 0.505 Loaded shared library C:\Users\papth\.vscode\extensions\redhat.java-1.28.1-win32-x64\jre\17.0.10-win32-x86_64\bin\jimage.dll
Event: 0.653 Loaded shared library c:\Users\papth\.vscode\extensions\redhat.java-1.28.1-win32-x64\jre\17.0.10-win32-x86_64\bin\verify.dll

Deoptimization events (16 events):
Event: 0.889 Thread 0x0000016e8bb91d90 DEOPT PACKING pc=0x0000016e8e83af80 sp=0x0000002fefef9200
Event: 0.889 Thread 0x0000016e8bb91d90 DEOPT UNPACKING pc=0x0000016e95da6e43 sp=0x0000002fefef86c0 mode 0
Event: 0.902 Thread 0x0000016e8bb91d90 DEOPT PACKING pc=0x0000016e8e865656 sp=0x0000002fefefe310
Event: 0.902 Thread 0x0000016e8bb91d90 DEOPT UNPACKING pc=0x0000016e95da6e43 sp=0x0000002fefefd7b0 mode 0
Event: 0.904 Thread 0x0000016e8bb91d90 DEOPT PACKING pc=0x0000016e8e83af80 sp=0x0000002fefefcc40
Event: 0.904 Thread 0x0000016e8bb91d90 DEOPT UNPACKING pc=0x0000016e95da6e43 sp=0x0000002fefefc100 mode 0
Event: 0.907 Thread 0x0000016e8bb91d90 DEOPT PACKING pc=0x0000016e8e83af80 sp=0x0000002fefefb510
Event: 0.907 Thread 0x0000016e8bb91d90 DEOPT UNPACKING pc=0x0000016e95da6e43 sp=0x0000002fefefa9d0 mode 0
Event: 0.912 Thread 0x0000016e8bb91d90 DEOPT PACKING pc=0x0000016e8e83af80 sp=0x0000002fefefafa0
Event: 0.912 Thread 0x0000016e8bb91d90 DEOPT UNPACKING pc=0x0000016e95da6e43 sp=0x0000002fefefa460 mode 0
Event: 0.914 Thread 0x0000016e8bb91d90 DEOPT PACKING pc=0x0000016e8e83af80 sp=0x0000002fefefa850
Event: 0.914 Thread 0x0000016e8bb91d90 DEOPT UNPACKING pc=0x0000016e95da6e43 sp=0x0000002fefef9d10 mode 0
Event: 0.914 Thread 0x0000016e8bb91d90 DEOPT PACKING pc=0x0000016e8e83af80 sp=0x0000002fefefb230
Event: 0.914 Thread 0x0000016e8bb91d90 DEOPT UNPACKING pc=0x0000016e95da6e43 sp=0x0000002fefefa6f0 mode 0
Event: 0.921 Thread 0x0000016e8bb91d90 DEOPT PACKING pc=0x0000016e8e83af80 sp=0x0000002fefefafa0
Event: 0.921 Thread 0x0000016e8bb91d90 DEOPT UNPACKING pc=0x0000016e95da6e43 sp=0x0000002fefefa460 mode 0

Classes unloaded (0 events):
No events

Classes redefined (0 events):
No events

Internal exceptions (2 events):
Event: 0.332 Thread 0x0000016e8bb91d90 Exception <a 'java/lang/NoSuchMethodError'{0x00000000eacba2c8}: 'void java.lang.invoke.DirectMethodHandle$Holder.invokeStatic(java.lang.Object, java.lang.Object, java.lang.Object)'> (0x00000000eacba2c8) 
thrown [s\src\hotspot\share\interpreter\linkResolver.cpp, line 759]
Event: 0.733 Thread 0x0000016e8bb91d90 Exception <a 'java/lang/reflect/InvocationTargetException'{0x00000000eafeb9d8}> (0x00000000eafeb9d8) 
thrown [s\src\hotspot\share\runtime\reflection.cpp, line 1121]

VM Operations (2 events):
Event: 0.341 Executing VM operation: HandshakeAllThreads
Event: 0.341 Executing VM operation: HandshakeAllThreads done

Events (20 events):
Event: 0.941 loading class java/util/Collections$EmptyIterator done
Event: 0.943 loading class sun/security/pkcs/PKCS7
Event: 0.944 loading class sun/security/pkcs/PKCS7 done
Event: 0.945 loading class sun/security/util/DerInputStream
Event: 0.945 loading class sun/security/util/DerInputStream done
Event: 0.945 loading class sun/security/pkcs/ContentInfo
Event: 0.946 loading class sun/security/pkcs/ContentInfo done
Event: 0.946 loading class sun/security/util/ObjectIdentifier
Event: 0.946 loading class sun/security/util/ObjectIdentifier done
Event: 0.947 loading class sun/security/util/DerValue
Event: 0.947 loading class sun/security/util/DerValue done
Event: 0.948 loading class sun/security/util/DerOutputStream
Event: 0.948 loading class sun/security/util/DerEncoder
Event: 0.948 loading class sun/security/util/DerEncoder done
Event: 0.948 loading class sun/security/util/DerOutputStream done
Event: 0.948 loading class sun/security/util/ByteArrayLexOrder
Event: 0.948 loading class sun/security/util/ByteArrayLexOrder done
Event: 0.948 loading class sun/security/util/ByteArrayTagOrder
Event: 0.948 loading class sun/security/util/ByteArrayTagOrder done
Event: 0.948 loading class java/math/BigInteger


Dynamic libraries:
0x00007ff62db30000 - 0x00007ff62db3e000 	c:\Users\papth\.vscode\extensions\redhat.java-1.28.1-win32-x64\jre\17.0.10-win32-x86_64\bin\java.exe
0x00007ff961770000 - 0x00007ff961987000 	C:\WINDOWS\SYSTEM32\ntdll.dll
0x00007ff960660000 - 0x00007ff960724000 	C:\WINDOWS\System32\KERNEL32.DLL
0x00007ff95eab0000 - 0x00007ff95ee56000 	C:\WINDOWS\System32\KERNELBASE.dll
0x00007ff95f280000 - 0x00007ff95f391000 	C:\WINDOWS\System32\ucrtbase.dll
0x00007ff924cf0000 - 0x00007ff924d07000 	c:\Users\papth\.vscode\extensions\redhat.java-1.28.1-win32-x64\jre\17.0.10-win32-x86_64\bin\jli.dll
0x00007ff9608f0000 - 0x00007ff960a9e000 	C:\WINDOWS\System32\USER32.dll
0x00007ff95ee60000 - 0x00007ff95ee86000 	C:\WINDOWS\System32\win32u.dll
0x00007ff924cd0000 - 0x00007ff924ceb000 	c:\Users\papth\.vscode\extensions\redhat.java-1.28.1-win32-x64\jre\17.0.10-win32-x86_64\bin\VCRUNTIME140.dll
0x00007ff95fef0000 - 0x00007ff95ff19000 	C:\WINDOWS\System32\GDI32.dll
0x00007ff95f3a0000 - 0x00007ff95f4b8000 	C:\WINDOWS\System32\gdi32full.dll
0x00007ff95ef80000 - 0x00007ff95f01a000 	C:\WINDOWS\System32\msvcp_win.dll
0x00007ff947ac0000 - 0x00007ff947d53000 	C:\WINDOWS\WinSxS\amd64_microsoft.windows.common-controls_6595b64144ccf1df_6.0.22621.2506_none_270c5ae97388e100\COMCTL32.dll
0x00007ff9605a0000 - 0x00007ff960647000 	C:\WINDOWS\System32\msvcrt.dll
0x00007ff95ff20000 - 0x00007ff95ff51000 	C:\WINDOWS\System32\IMM32.DLL
0x00007ff930fe0000 - 0x00007ff930fec000 	c:\Users\papth\.vscode\extensions\redhat.java-1.28.1-win32-x64\jre\17.0.10-win32-x86_64\bin\vcruntime140_1.dll
0x00007ff9157c0000 - 0x00007ff91584d000 	c:\Users\papth\.vscode\extensions\redhat.java-1.28.1-win32-x64\jre\17.0.10-win32-x86_64\bin\msvcp140.dll
0x00007ff902410000 - 0x00007ff903072000 	c:\Users\papth\.vscode\extensions\redhat.java-1.28.1-win32-x64\jre\17.0.10-win32-x86_64\bin\server\jvm.dll
0x00007ff95fd80000 - 0x00007ff95fe33000 	C:\WINDOWS\System32\ADVAPI32.dll
0x00007ff961300000 - 0x00007ff9613a8000 	C:\WINDOWS\System32\sechost.dll
0x00007ff95f250000 - 0x00007ff95f278000 	C:\WINDOWS\System32\bcrypt.dll
0x00007ff961420000 - 0x00007ff961537000 	C:\WINDOWS\System32\RPCRT4.dll
0x00007ff95d900000 - 0x00007ff95d94d000 	C:\WINDOWS\SYSTEM32\POWRPROF.dll
0x00007ff930c80000 - 0x00007ff930c89000 	C:\WINDOWS\SYSTEM32\WSOCK32.dll
0x00007ff957300000 - 0x00007ff957334000 	C:\WINDOWS\SYSTEM32\WINMM.dll
0x00007ff95ff70000 - 0x00007ff95ffe1000 	C:\WINDOWS\System32\WS2_32.dll
0x00007ff9542c0000 - 0x00007ff9542ca000 	C:\WINDOWS\SYSTEM32\VERSION.dll
0x00007ff95d8e0000 - 0x00007ff95d8f3000 	C:\WINDOWS\SYSTEM32\UMPDC.dll
0x00007ff95dba0000 - 0x00007ff95dbb8000 	C:\WINDOWS\SYSTEM32\kernel.appcore.dll
0x00007ff9305d0000 - 0x00007ff9305da000 	c:\Users\papth\.vscode\extensions\redhat.java-1.28.1-win32-x64\jre\17.0.10-win32-x86_64\bin\jimage.dll
0x00007ff95c3a0000 - 0x00007ff95c5d3000 	C:\WINDOWS\SYSTEM32\DBGHELP.DLL
0x00007ff9600b0000 - 0x00007ff960439000 	C:\WINDOWS\System32\combase.dll
0x00007ff9615c0000 - 0x00007ff961697000 	C:\WINDOWS\System32\OLEAUT32.dll
0x00007ff94f400000 - 0x00007ff94f432000 	C:\WINDOWS\SYSTEM32\dbgcore.DLL
0x00007ff95ee90000 - 0x00007ff95ef0a000 	C:\WINDOWS\System32\bcryptPrimitives.dll
0x00007ff92b5f0000 - 0x00007ff92b5fe000 	c:\Users\papth\.vscode\extensions\redhat.java-1.28.1-win32-x64\jre\17.0.10-win32-x86_64\bin\instrument.dll
0x00007ff924ca0000 - 0x00007ff924cc5000 	c:\Users\papth\.vscode\extensions\redhat.java-1.28.1-win32-x64\jre\17.0.10-win32-x86_64\bin\java.dll
0x00007ff924220000 - 0x00007ff924238000 	c:\Users\papth\.vscode\extensions\redhat.java-1.28.1-win32-x64\jre\17.0.10-win32-x86_64\bin\zip.dll
0x00007ff960aa0000 - 0x00007ff9612fb000 	C:\WINDOWS\System32\SHELL32.dll
0x00007ff95c9c0000 - 0x00007ff95d2b6000 	C:\WINDOWS\SYSTEM32\windows.storage.dll
0x00007ff95c880000 - 0x00007ff95c9be000 	C:\WINDOWS\SYSTEM32\wintypes.dll
0x00007ff95f4c0000 - 0x00007ff95f5b3000 	C:\WINDOWS\System32\SHCORE.dll
0x00007ff961540000 - 0x00007ff96159e000 	C:\WINDOWS\System32\shlwapi.dll
0x00007ff95e9e0000 - 0x00007ff95ea06000 	C:\WINDOWS\SYSTEM32\profapi.dll
0x00007ff922a80000 - 0x00007ff922a99000 	C:\Users\papth\.vscode\extensions\redhat.java-1.28.1-win32-x64\jre\17.0.10-win32-x86_64\bin\net.dll
0x00007ff957e70000 - 0x00007ff957fa7000 	C:\WINDOWS\SYSTEM32\WINHTTP.dll
0x00007ff95e040000 - 0x00007ff95e0a9000 	C:\WINDOWS\system32\mswsock.dll
0x00007ff922a60000 - 0x00007ff922a76000 	C:\Users\papth\.vscode\extensions\redhat.java-1.28.1-win32-x64\jre\17.0.10-win32-x86_64\bin\nio.dll
0x00007ff928b50000 - 0x00007ff928b60000 	c:\Users\papth\.vscode\extensions\redhat.java-1.28.1-win32-x64\jre\17.0.10-win32-x86_64\bin\verify.dll

dbghelp: loaded successfully - version: 4.0.5 - missing functions: none
symbol engine: initialized successfully - sym options: 0x614 - pdb path: .;c:\Users\papth\.vscode\extensions\redhat.java-1.28.1-win32-x64\jre\17.0.10-win32-x86_64\bin;C:\WINDOWS\SYSTEM32;C:\WINDOWS\WinSxS\amd64_microsoft.windows.common-controls_6595b64144ccf1df_6.0.22621.2506_none_270c5ae97388e100;c:\Users\papth\.vscode\extensions\redhat.java-1.28.1-win32-x64\jre\17.0.10-win32-x86_64\bin\server

VM Arguments:
jvm_args: --add-modules=ALL-SYSTEM --add-opens=java.base/java.util=ALL-UNNAMED --add-opens=java.base/java.lang=ALL-UNNAMED --add-opens=java.base/sun.nio.fs=ALL-UNNAMED -Declipse.application=org.eclipse.jdt.ls.core.id1 -Dosgi.bundles.defaultStartLevel=4 -Declipse.product=org.eclipse.jdt.ls.core.product -Djava.import.generatesMetadataFilesAtProjectRoot=false -DDetectVMInstallationsJob.disabled=true -Dfile.encoding=utf8 -XX:+UseParallelGC -XX:GCTimeRatio=4 -XX:AdaptiveSizePolicyWeight=90 -Dsun.zip.disableMemoryMapping=true -Xmx1G -Xms100m -Xlog:disable -javaagent:c:\Users\papth\.vscode\extensions\redhat.java-1.28.1-win32-x64\lombok\lombok-1.18.31.jar 
java_command: c:\Users\papth\.vscode\extensions\redhat.java-1.28.1-win32-x64\server\plugins\org.eclipse.equinox.launcher_1.6.700.v20231214-2017.jar -configuration c:\Users\papth\AppData\Roaming\Code\User\globalStorage\redhat.java\1.28.1\config_ss_win -data c:\Users\papth\AppData\Roaming\Code\User\workspaceStorage\fb0275111390ad12c1baf502f4576d5b\redhat.java\ss_ws --stdio
java_class_path (initial): c:\Users\papth\.vscode\extensions\redhat.java-1.28.1-win32-x64\server\plugins\org.eclipse.equinox.launcher_1.6.700.v20231214-2017.jar
Launcher Type: SUN_STANDARD

[Global flags]
    uintx AdaptiveSizePolicyWeight                 = 90                                        {product} {command line}
     intx CICompilerCount                          = 4                                         {product} {ergonomic}
    uintx GCTimeRatio                              = 4                                         {product} {command line}
   size_t InitialHeapSize                          = 104857600                                 {product} {command line}
   size_t MaxHeapSize                              = 1073741824                                {product} {command line}
   size_t MaxNewSize                               = 357564416                                 {product} {ergonomic}
   size_t MinHeapDeltaBytes                        = 524288                                    {product} {ergonomic}
   size_t MinHeapSize                              = 104857600                                 {product} {command line}
   size_t NewSize                                  = 34603008                                  {product} {ergonomic}
    uintx NonNMethodCodeHeapSize                   = 5839372                                {pd product} {ergonomic}
    uintx NonProfiledCodeHeapSize                  = 122909434                              {pd product} {ergonomic}
   size_t OldSize                                  = 70254592                                  {product} {ergonomic}
    uintx ProfiledCodeHeapSize                     = 122909434                              {pd product} {ergonomic}
    uintx ReservedCodeCacheSize                    = 251658240                              {pd product} {ergonomic}
     bool SegmentedCodeCache                       = true                                      {product} {ergonomic}
   size_t SoftMaxHeapSize                          = 1073741824                             {manageable} {ergonomic}
     bool UseCompressedClassPointers               = true                           {product lp64_product} {ergonomic}
     bool UseCompressedOops                        = true                           {product lp64_product} {ergonomic}
     bool UseLargePagesIndividualAllocation        = false                                  {pd product} {ergonomic}
     bool UseParallelGC                            = true                                      {product} {command line}

Logging:
Log output configuration:
 #0: stdout all=off uptime,level,tags
 #1: stderr all=off uptime,level,tags

Environment Variables:
JAVA_HOME=C:\LAB-TOOLS\JDK\jdk-17.0.6
PATH=C:\Python311\Scripts\;C:\Python311\;C:\LAB-TOOLS\JDK\jdk-17.0.6\bin;C:\Program Files\Microsoft\jdk-11.0.12.7-hotspot\bin;C:\Program Files\AdoptOpenJDK\jdk-11.0.9.101-hotspot\bin;C:\Program Files (x86)\Common Files\Oracle\Java\javapath;C:\windows\system32;C:\windows;C:\windows\System32\Wbem;C:\windows\System32\WindowsPowerShell\v1.0\;C:\windows\System32\OpenSSH\;C:\Program Files (x86)\NVIDIA Corporation\PhysX\Common;C:\Program Files\NVIDIA Corporation\NVIDIA NvDLISR;C:\Program Files (x86)\Wolfram Research\WolframScript\;C:\WINDOWS\system32;C:\WINDOWS;C:\WINDOWS\System32\Wbem;C:\WINDOWS\System32\WindowsPowerShell\v1.0\;C:\WINDOWS\System32\OpenSSH\;C:\Program Files\MATLAB\R2020a\runtime\win64;C:\Program Files\MATLAB\R2020a\bin;C:\Program Files\OpenVPN\bin;C:\Program Files\Git\cmd;C:\Program Files\Git\usr\bin;C:\Program Files\Microsoft SQL Server\150\Tools\Binn\;C:\Program Files\dotnet\;C:\MinGW\mingw32\bin;C:\WINDOWS\system32;C:\WINDOWS;C:\WINDOWS\System32\Wbem;C:\WINDOWS\System32\WindowsPowerShell\v1.0\;C:\Program Files\nodejs;C:\ProgramData\chocolatey\bin;C:\Program Files\Docker\Docker\resources\bin;C:\WINDOWS\System32\OpenSSH\;C:\Program Files\PowerShell\7-preview\preview;C:\Program Files\PowerShell\7\;C:\LAB-TOOLS\apache-maven-3.9.6-bin\apache-maven-3.9.6\bin;C:\Users\papth\scoop\shims;C:\dev\flutter\bin;C:\Users\papth\AppData\Local\Microsoft\WindowsApps;C:\Users\papth\AppData\Local\GitHubDesktop\bin;C:\Users\papth\AppData\Local\Microsoft\WindowsApps;C:\Users\papth\AppData\Local\atom\bin;C:\Users\papth\.dotnet\tools;C:\Users\papth\AppData\Roaming\npm;C:\dev\android-sdk\platform-tools;C:\Program Files\nodejs;C:\Users\papth\AppData\Local\Programs\Microsoft VS Code\bin;C:\Users\papth\AppData\Roaming\Python\Python311\Scripts;C:\Users\papth\AppData\Local\Google\Cloud SDK\google-cloud-sdk\bin
USERNAME=papth
OS=Windows_NT
PROCESSOR_IDENTIFIER=Intel64 Family 6 Model 142 Stepping 12, GenuineIntel
TMP=C:\Users\papth\AppData\Local\Temp
TEMP=C:\Users\papth\AppData\Local\Temp



Periodic native trim disabled


---------------  S Y S T E M  ---------------

OS:
 Windows 11 , 64 bit Build 22621 (10.0.22621.3085)
OS uptime: 0 days 5:11 hours
Hyper-V role detected

CPU: total 8 (initial active 8) (4 cores per cpu, 2 threads per core) family 6 model 142 stepping 12 microcode 0xde, cx8, cmov, fxsr, ht, mmx, 3dnowpref, sse, sse2, sse3, ssse3, sse4.1, sse4.2, popcnt, lzcnt, tsc, tscinvbit, avx, avx2, aes, erms, clmul, bmi1, bmi2, adx, fma, vzeroupper, clflush, clflushopt, hv
Processor Information for all 8 processors :
  Max Mhz: 2304, Current Mhz: 1803, Mhz Limit: 1797

Memory: 4k page, system-wide physical 16187M (3881M free)
TotalPageFile size 16187M (AvailPageFile size 188M)
current process WorkingSet (physical memory assigned to process): 43M, peak: 43M
current process commit charge ("private bytes"): 188M, peak: 188M

vm_info: OpenJDK 64-Bit Server VM (17.0.10+7) for windows-amd64 JRE (17.0.10+7), built on Jan 16 2024 23:25:11 by "admin" with MS VC++ 16.10 / 16.11 (VS2019)

END.
