#
# There is insufficient memory for the Java Runtime Environment to continue.
# Native memory allocation (malloc) failed to allocate 32744 bytes for ChunkPool::allocate
# Possible reasons:
#   The system is out of physical RAM or swap space
#   The process is running with CompressedOops enabled, and the Java Heap may be blocking the growth of the native heap
# Possible solutions:
#   Reduce memory load on the system
#   Increase physical memory or swap space
#   Check if swap backing store is full
#   Decrease Java heap size (-Xmx/-Xms)
#   Decrease number of Java threads
#   Decrease Java thread stack sizes (-Xss)
#   Set larger code cache with -XX:ReservedCodeCacheSize=
#   JVM is running with Zero Based Compressed Oops mode in which the Java heap is
#     placed in the first 32GB address space. The Java Heap base address is the
#     maximum limit for the native heap growth. Please use -XX:HeapBaseMinAddress
#     to set the Java Heap base and to place the Java Heap above 32GB virtual address.
# This output file may be truncated or incomplete.
#
#  Out of Memory Error (arena.cpp:78), pid=12388, tid=18224
#
# JRE version: Java(TM) SE Runtime Environment (17.0.6+9) (build 17.0.6+9-LTS-190)
# Java VM: Java HotSpot(TM) 64-Bit Server VM (17.0.6+9-LTS-190, mixed mode, sharing, tiered, compressed oops, compressed class ptrs, g1 gc, windows-amd64)
# No core dump will be written. Minidumps are not enabled by default on client versions of Windows
#

---------------  S U M M A R Y ------------

Command Line: -Dclassworlds.conf=C:\LAB-TOOLS\apache-maven-3.9.6-bin\apache-maven-3.9.6\bin\m2.conf -Dmaven.home=C:\LAB-TOOLS\apache-maven-3.9.6-bin\apache-maven-3.9.6 -Dlibrary.jansi.path=C:\LAB-TOOLS\apache-maven-3.9.6-bin\apache-maven-3.9.6\lib\jansi-native -Dmaven.multiModuleProjectDirectory=C:\LAB-TOOLS\ECLIPSE\Eclipse-Workspace\multimedia org.codehaus.plexus.classworlds.launcher.Launcher javafx:run -f c:\LAB-TOOLS\ECLIPSE\Eclipse-Workspace\multimedia\weblibrary\pom.xml

Host: Intel(R) Core(TM) i7-10510U CPU @ 1.80GHz, 8 cores, 15G,  Windows 11 , 64 bit Build 22621 (10.0.22621.3235)
Time: Mon Mar 18 22:14:57 2024  Windows 11 , 64 bit Build 22621 (10.0.22621.3235) elapsed time: 2.566759 seconds (0d 0h 0m 2s)

---------------  T H R E A D  ---------------

Current thread (0x000001fb9f815080):  JavaThread "C2 CompilerThread2" daemon [_thread_in_native, id=18224, stack(0x0000006a9c900000,0x0000006a9ca00000)]


Current CompileTask:
C2:   2566 4338       4       java.util.stream.SortedOps$SizedRefSortingSink::end (129 bytes)

Stack: [0x0000006a9c900000,0x0000006a9ca00000]
Native frames: (J=compiled Java code, j=interpreted, Vv=VM code, C=native code)
V  [jvm.dll+0x6734ea]
V  [jvm.dll+0x7d18f4]
V  [jvm.dll+0x7d309e]
V  [jvm.dll+0x7d3703]
V  [jvm.dll+0x2433c5]
V  [jvm.dll+0xaa6c0]
V  [jvm.dll+0xaaa0c]
V  [jvm.dll+0x11bd75]
V  [jvm.dll+0x69cbf8]
V  [jvm.dll+0x1b9937]
V  [jvm.dll+0x215f37]
V  [jvm.dll+0x215211]
V  [jvm.dll+0x1a1730]
V  [jvm.dll+0x224b6e]
V  [jvm.dll+0x222f15]
V  [jvm.dll+0x78753c]
V  [jvm.dll+0x781a7a]
V  [jvm.dll+0x672375]
C  [ucrtbase.dll+0x29363]
C  [KERNEL32.DLL+0x1257d]
C  [ntdll.dll+0x5aa58]


---------------  P R O C E S S  ---------------

Threads class SMR info:
_java_thread_list=0x000001fba1d00c80, length=17, elements={
0x000001fbfab92a00, 0x000001fbff06e150, 0x000001fbff06fe70, 0x000001fbff082ee0,
0x000001fbff083a90, 0x000001fbff086450, 0x000001fbff088e10, 0x000001fbff089ba0,
0x000001fbff08fb50, 0x000001fbff090540, 0x000001fbff35ae40, 0x000001fbff35b750,
0x000001fb9f53bdc0, 0x000001fb9f815080, 0x000001fba02d0ec0, 0x000001fba02d1390,
0x000001fba02d1860
}

Java Threads: ( => current thread )
  0x000001fbfab92a00 JavaThread "main" [_thread_in_native, id=21960, stack(0x0000006a9b500000,0x0000006a9b600000)]
  0x000001fbff06e150 JavaThread "Reference Handler" daemon [_thread_blocked, id=19856, stack(0x0000006a9bc00000,0x0000006a9bd00000)]
  0x000001fbff06fe70 JavaThread "Finalizer" daemon [_thread_blocked, id=24524, stack(0x0000006a9bd00000,0x0000006a9be00000)]
  0x000001fbff082ee0 JavaThread "Signal Dispatcher" daemon [_thread_blocked, id=6900, stack(0x0000006a9be00000,0x0000006a9bf00000)]
  0x000001fbff083a90 JavaThread "Attach Listener" daemon [_thread_blocked, id=12792, stack(0x0000006a9bf00000,0x0000006a9c000000)]
  0x000001fbff086450 JavaThread "Service Thread" daemon [_thread_blocked, id=2404, stack(0x0000006a9c000000,0x0000006a9c100000)]
  0x000001fbff088e10 JavaThread "Monitor Deflation Thread" daemon [_thread_blocked, id=21052, stack(0x0000006a9c100000,0x0000006a9c200000)]
  0x000001fbff089ba0 JavaThread "C2 CompilerThread0" daemon [_thread_in_native, id=23980, stack(0x0000006a9c200000,0x0000006a9c300000)]
  0x000001fbff08fb50 JavaThread "C1 CompilerThread0" daemon [_thread_blocked, id=4348, stack(0x0000006a9c300000,0x0000006a9c400000)]
  0x000001fbff090540 JavaThread "Sweeper thread" daemon [_thread_blocked, id=10800, stack(0x0000006a9c400000,0x0000006a9c500000)]
  0x000001fbff35ae40 JavaThread "Notification Thread" daemon [_thread_blocked, id=6548, stack(0x0000006a9c500000,0x0000006a9c600000)]
  0x000001fbff35b750 JavaThread "Common-Cleaner" daemon [_thread_blocked, id=16180, stack(0x0000006a9c700000,0x0000006a9c800000)]
  0x000001fb9f53bdc0 JavaThread "C2 CompilerThread1" daemon [_thread_blocked, id=2020, stack(0x0000006a9c800000,0x0000006a9c900000)]
=>0x000001fb9f815080 JavaThread "C2 CompilerThread2" daemon [_thread_in_native, id=18224, stack(0x0000006a9c900000,0x0000006a9ca00000)]
  0x000001fba02d0ec0 JavaThread "Exec Stream Pumper" daemon [_thread_in_native, id=6984, stack(0x0000006a9d100000,0x0000006a9d200000)]
  0x000001fba02d1390 JavaThread "Exec Stream Pumper" daemon [_thread_in_native, id=10324, stack(0x0000006a9d200000,0x0000006a9d300000)]
  0x000001fba02d1860 JavaThread "Exec Input Stream Pumper" daemon [_thread_blocked, id=6880, stack(0x0000006a9d300000,0x0000006a9d400000)]

Other Threads:
  0x000001fbff068540 VMThread "VM Thread" [stack: 0x0000006a9bb00000,0x0000006a9bc00000] [id=16552]
  0x000001fbff35b310 WatcherThread [stack: 0x0000006a9c600000,0x0000006a9c700000] [id=23612]
  0x000001fbfabfdc60 GCTaskThread "GC Thread#0" [stack: 0x0000006a9b600000,0x0000006a9b700000] [id=21612]
  0x000001fbff40a8f0 GCTaskThread "GC Thread#1" [stack: 0x0000006a9ca00000,0x0000006a9cb00000] [id=7432]
  0x000001fb9f798110 GCTaskThread "GC Thread#2" [stack: 0x0000006a9cb00000,0x0000006a9cc00000] [id=24004]
  0x000001fb9fbbeb20 GCTaskThread "GC Thread#3" [stack: 0x0000006a9cc00000,0x0000006a9cd00000] [id=21752]
  0x000001fb9fbbdb00 GCTaskThread "GC Thread#4" [stack: 0x0000006a9cd00000,0x0000006a9ce00000] [id=8816]
  0x000001fb9fbbe5c0 GCTaskThread "GC Thread#5" [stack: 0x0000006a9ce00000,0x0000006a9cf00000] [id=16344]
  0x000001fb9fbbe310 GCTaskThread "GC Thread#6" [stack: 0x0000006a9cf00000,0x0000006a9d000000] [id=8352]
  0x000001fb9fbbe870 GCTaskThread "GC Thread#7" [stack: 0x0000006a9d000000,0x0000006a9d100000] [id=13000]
  0x000001fbfac0e8a0 ConcurrentGCThread "G1 Main Marker" [stack: 0x0000006a9b700000,0x0000006a9b800000] [id=16700]
  0x000001fbfac0fa50 ConcurrentGCThread "G1 Conc#0" [stack: 0x0000006a9b800000,0x0000006a9b900000] [id=13408]
  0x000001fbfefa0450 ConcurrentGCThread "G1 Refine#0" [stack: 0x0000006a9b900000,0x0000006a9ba00000] [id=14452]
  0x000001fbfefa0e70 ConcurrentGCThread "G1 Service" [stack: 0x0000006a9ba00000,0x0000006a9bb00000] [id=12484]

Threads with active compile tasks:
C2 CompilerThread0     2585 4346   !   4       com.google.inject.spi.InjectionPoint::getInjectionPoints (491 bytes)
C2 CompilerThread2     2585 4338       4       java.util.stream.SortedOps$SizedRefSortingSink::end (129 bytes)

VM state: not at safepoint (normal execution)

VM Mutex/Monitor currently owned by a thread: None

Heap address: 0x0000000703000000, size: 4048 MB, Compressed Oops mode: Zero based, Oop shift amount: 3

CDS archive(s) mapped at: [0x0000000800000000-0x0000000800bd0000-0x0000000800bd0000), size 12386304, SharedBaseAddress: 0x0000000800000000, ArchiveRelocationMode: 0.
Compressed class space mapped at: 0x0000000800c00000-0x0000000840c00000, reserved size: 1073741824
Narrow klass base: 0x0000000800000000, Narrow klass shift: 0, Narrow klass range: 0x100000000

GC Precious Log:
 CPUs: 8 total, 8 available
 Memory: 16187M
 Large Page Support: Disabled
 NUMA Support: Disabled
 Compressed Oops: Enabled (Zero based)
 Heap Region Size: 2M
 Heap Min Capacity: 8M
 Heap Initial Capacity: 254M
 Heap Max Capacity: 4048M
 Pre-touch: Disabled
 Parallel Workers: 8
 Concurrent Workers: 2
 Concurrent Refinement Workers: 8
 Periodic GC: Disabled

Heap:
 garbage-first heap   total 260096K, used 126351K [0x0000000703000000, 0x0000000800000000)
  region size 2048K, 61 young (124928K), 1 survivors (2048K)
 Metaspace       used 19111K, committed 19328K, reserved 1073152K
  class space    used 2241K, committed 2368K, reserved 1048576K

Heap Regions: E=young(eden), S=young(survivor), O=old, HS=humongous(starts), HC=humongous(continues), CS=collection set, F=free, OA=open archive, CA=closed archive, TAMS=top-at-mark-start (previous, next)
|   0|0x0000000703000000, 0x0000000703200000, 0x0000000703200000|100%| O|  |TAMS 0x0000000703000000, 0x0000000703000000| Untracked 
|   1|0x0000000703200000, 0x0000000703386e00, 0x0000000703400000| 76%| O|  |TAMS 0x0000000703200000, 0x0000000703200000| Untracked 
|   2|0x0000000703400000, 0x0000000703400000, 0x0000000703600000|  0%| F|  |TAMS 0x0000000703400000, 0x0000000703400000| Untracked 
|   3|0x0000000703600000, 0x0000000703600000, 0x0000000703800000|  0%| F|  |TAMS 0x0000000703600000, 0x0000000703600000| Untracked 
|   4|0x0000000703800000, 0x0000000703800000, 0x0000000703a00000|  0%| F|  |TAMS 0x0000000703800000, 0x0000000703800000| Untracked 
|   5|0x0000000703a00000, 0x0000000703a00000, 0x0000000703c00000|  0%| F|  |TAMS 0x0000000703a00000, 0x0000000703a00000| Untracked 
|   6|0x0000000703c00000, 0x0000000703c00000, 0x0000000703e00000|  0%| F|  |TAMS 0x0000000703c00000, 0x0000000703c00000| Untracked 
|   7|0x0000000703e00000, 0x0000000703e00000, 0x0000000704000000|  0%| F|  |TAMS 0x0000000703e00000, 0x0000000703e00000| Untracked 
|   8|0x0000000704000000, 0x0000000704000000, 0x0000000704200000|  0%| F|  |TAMS 0x0000000704000000, 0x0000000704000000| Untracked 
|   9|0x0000000704200000, 0x0000000704200000, 0x0000000704400000|  0%| F|  |TAMS 0x0000000704200000, 0x0000000704200000| Untracked 
|  10|0x0000000704400000, 0x0000000704400000, 0x0000000704600000|  0%| F|  |TAMS 0x0000000704400000, 0x0000000704400000| Untracked 
|  11|0x0000000704600000, 0x0000000704600000, 0x0000000704800000|  0%| F|  |TAMS 0x0000000704600000, 0x0000000704600000| Untracked 
|  12|0x0000000704800000, 0x0000000704800000, 0x0000000704a00000|  0%| F|  |TAMS 0x0000000704800000, 0x0000000704800000| Untracked 
|  13|0x0000000704a00000, 0x0000000704a00000, 0x0000000704c00000|  0%| F|  |TAMS 0x0000000704a00000, 0x0000000704a00000| Untracked 
|  14|0x0000000704c00000, 0x0000000704c00000, 0x0000000704e00000|  0%| F|  |TAMS 0x0000000704c00000, 0x0000000704c00000| Untracked 
|  15|0x0000000704e00000, 0x0000000704e00000, 0x0000000705000000|  0%| F|  |TAMS 0x0000000704e00000, 0x0000000704e00000| Untracked 
|  16|0x0000000705000000, 0x0000000705000000, 0x0000000705200000|  0%| F|  |TAMS 0x0000000705000000, 0x0000000705000000| Untracked 
|  17|0x0000000705200000, 0x0000000705200000, 0x0000000705400000|  0%| F|  |TAMS 0x0000000705200000, 0x0000000705200000| Untracked 
|  18|0x0000000705400000, 0x0000000705400000, 0x0000000705600000|  0%| F|  |TAMS 0x0000000705400000, 0x0000000705400000| Untracked 
|  19|0x0000000705600000, 0x0000000705600000, 0x0000000705800000|  0%| F|  |TAMS 0x0000000705600000, 0x0000000705600000| Untracked 
|  20|0x0000000705800000, 0x0000000705800000, 0x0000000705a00000|  0%| F|  |TAMS 0x0000000705800000, 0x0000000705800000| Untracked 
|  21|0x0000000705a00000, 0x0000000705a00000, 0x0000000705c00000|  0%| F|  |TAMS 0x0000000705a00000, 0x0000000705a00000| Untracked 
|  22|0x0000000705c00000, 0x0000000705c00000, 0x0000000705e00000|  0%| F|  |TAMS 0x0000000705c00000, 0x0000000705c00000| Untracked 
|  23|0x0000000705e00000, 0x0000000705e00000, 0x0000000706000000|  0%| F|  |TAMS 0x0000000705e00000, 0x0000000705e00000| Untracked 
|  24|0x0000000706000000, 0x0000000706000000, 0x0000000706200000|  0%| F|  |TAMS 0x0000000706000000, 0x0000000706000000| Untracked 
|  25|0x0000000706200000, 0x0000000706200000, 0x0000000706400000|  0%| F|  |TAMS 0x0000000706200000, 0x0000000706200000| Untracked 
|  26|0x0000000706400000, 0x0000000706400000, 0x0000000706600000|  0%| F|  |TAMS 0x0000000706400000, 0x0000000706400000| Untracked 
|  27|0x0000000706600000, 0x0000000706600000, 0x0000000706800000|  0%| F|  |TAMS 0x0000000706600000, 0x0000000706600000| Untracked 
|  28|0x0000000706800000, 0x0000000706800000, 0x0000000706a00000|  0%| F|  |TAMS 0x0000000706800000, 0x0000000706800000| Untracked 
|  29|0x0000000706a00000, 0x0000000706a00000, 0x0000000706c00000|  0%| F|  |TAMS 0x0000000706a00000, 0x0000000706a00000| Untracked 
|  30|0x0000000706c00000, 0x0000000706c00000, 0x0000000706e00000|  0%| F|  |TAMS 0x0000000706c00000, 0x0000000706c00000| Untracked 
|  31|0x0000000706e00000, 0x0000000706e00000, 0x0000000707000000|  0%| F|  |TAMS 0x0000000706e00000, 0x0000000706e00000| Untracked 
|  32|0x0000000707000000, 0x0000000707000000, 0x0000000707200000|  0%| F|  |TAMS 0x0000000707000000, 0x0000000707000000| Untracked 
|  33|0x0000000707200000, 0x0000000707200000, 0x0000000707400000|  0%| F|  |TAMS 0x0000000707200000, 0x0000000707200000| Untracked 
|  34|0x0000000707400000, 0x0000000707400000, 0x0000000707600000|  0%| F|  |TAMS 0x0000000707400000, 0x0000000707400000| Untracked 
|  35|0x0000000707600000, 0x0000000707600000, 0x0000000707800000|  0%| F|  |TAMS 0x0000000707600000, 0x0000000707600000| Untracked 
|  36|0x0000000707800000, 0x0000000707800000, 0x0000000707a00000|  0%| F|  |TAMS 0x0000000707800000, 0x0000000707800000| Untracked 
|  37|0x0000000707a00000, 0x0000000707a00000, 0x0000000707c00000|  0%| F|  |TAMS 0x0000000707a00000, 0x0000000707a00000| Untracked 
|  38|0x0000000707c00000, 0x0000000707c00000, 0x0000000707e00000|  0%| F|  |TAMS 0x0000000707c00000, 0x0000000707c00000| Untracked 
|  39|0x0000000707e00000, 0x0000000707e00000, 0x0000000708000000|  0%| F|  |TAMS 0x0000000707e00000, 0x0000000707e00000| Untracked 
|  40|0x0000000708000000, 0x0000000708000000, 0x0000000708200000|  0%| F|  |TAMS 0x0000000708000000, 0x0000000708000000| Untracked 
|  41|0x0000000708200000, 0x0000000708200000, 0x0000000708400000|  0%| F|  |TAMS 0x0000000708200000, 0x0000000708200000| Untracked 
|  42|0x0000000708400000, 0x0000000708400000, 0x0000000708600000|  0%| F|  |TAMS 0x0000000708400000, 0x0000000708400000| Untracked 
|  43|0x0000000708600000, 0x0000000708600000, 0x0000000708800000|  0%| F|  |TAMS 0x0000000708600000, 0x0000000708600000| Untracked 
|  44|0x0000000708800000, 0x0000000708800000, 0x0000000708a00000|  0%| F|  |TAMS 0x0000000708800000, 0x0000000708800000| Untracked 
|  45|0x0000000708a00000, 0x0000000708a00000, 0x0000000708c00000|  0%| F|  |TAMS 0x0000000708a00000, 0x0000000708a00000| Untracked 
|  46|0x0000000708c00000, 0x0000000708c00000, 0x0000000708e00000|  0%| F|  |TAMS 0x0000000708c00000, 0x0000000708c00000| Untracked 
|  47|0x0000000708e00000, 0x0000000708e00000, 0x0000000709000000|  0%| F|  |TAMS 0x0000000708e00000, 0x0000000708e00000| Untracked 
|  48|0x0000000709000000, 0x0000000709000000, 0x0000000709200000|  0%| F|  |TAMS 0x0000000709000000, 0x0000000709000000| Untracked 
|  49|0x0000000709200000, 0x0000000709200000, 0x0000000709400000|  0%| F|  |TAMS 0x0000000709200000, 0x0000000709200000| Untracked 
|  50|0x0000000709400000, 0x0000000709400000, 0x0000000709600000|  0%| F|  |TAMS 0x0000000709400000, 0x0000000709400000| Untracked 
|  51|0x0000000709600000, 0x0000000709600000, 0x0000000709800000|  0%| F|  |TAMS 0x0000000709600000, 0x0000000709600000| Untracked 
|  52|0x0000000709800000, 0x0000000709800000, 0x0000000709a00000|  0%| F|  |TAMS 0x0000000709800000, 0x0000000709800000| Untracked 
|  53|0x0000000709a00000, 0x0000000709a00000, 0x0000000709c00000|  0%| F|  |TAMS 0x0000000709a00000, 0x0000000709a00000| Untracked 
|  54|0x0000000709c00000, 0x0000000709c00000, 0x0000000709e00000|  0%| F|  |TAMS 0x0000000709c00000, 0x0000000709c00000| Untracked 
|  55|0x0000000709e00000, 0x0000000709e00000, 0x000000070a000000|  0%| F|  |TAMS 0x0000000709e00000, 0x0000000709e00000| Untracked 
|  56|0x000000070a000000, 0x000000070a000000, 0x000000070a200000|  0%| F|  |TAMS 0x000000070a000000, 0x000000070a000000| Untracked 
|  57|0x000000070a200000, 0x000000070a200000, 0x000000070a400000|  0%| F|  |TAMS 0x000000070a200000, 0x000000070a200000| Untracked 
|  58|0x000000070a400000, 0x000000070a400000, 0x000000070a600000|  0%| F|  |TAMS 0x000000070a400000, 0x000000070a400000| Untracked 
|  59|0x000000070a600000, 0x000000070a600000, 0x000000070a800000|  0%| F|  |TAMS 0x000000070a600000, 0x000000070a600000| Untracked 
|  60|0x000000070a800000, 0x000000070a800000, 0x000000070aa00000|  0%| F|  |TAMS 0x000000070a800000, 0x000000070a800000| Untracked 
|  61|0x000000070aa00000, 0x000000070aa00000, 0x000000070ac00000|  0%| F|  |TAMS 0x000000070aa00000, 0x000000070aa00000| Untracked 
|  62|0x000000070ac00000, 0x000000070ac00000, 0x000000070ae00000|  0%| F|  |TAMS 0x000000070ac00000, 0x000000070ac00000| Untracked 
|  63|0x000000070ae00000, 0x000000070ae00000, 0x000000070b000000|  0%| F|  |TAMS 0x000000070ae00000, 0x000000070ae00000| Untracked 
|  64|0x000000070b000000, 0x000000070b000000, 0x000000070b200000|  0%| F|  |TAMS 0x000000070b000000, 0x000000070b000000| Untracked 
|  65|0x000000070b200000, 0x000000070b200000, 0x000000070b400000|  0%| F|  |TAMS 0x000000070b200000, 0x000000070b200000| Untracked 
|  66|0x000000070b400000, 0x000000070b500800, 0x000000070b600000| 50%| E|  |TAMS 0x000000070b400000, 0x000000070b400000| Complete 
|  67|0x000000070b600000, 0x000000070b800000, 0x000000070b800000|100%| E|CS|TAMS 0x000000070b600000, 0x000000070b600000| Complete 
|  68|0x000000070b800000, 0x000000070ba00000, 0x000000070ba00000|100%| E|CS|TAMS 0x000000070b800000, 0x000000070b800000| Complete 
|  69|0x000000070ba00000, 0x000000070bc00000, 0x000000070bc00000|100%| E|CS|TAMS 0x000000070ba00000, 0x000000070ba00000| Complete 
|  70|0x000000070bc00000, 0x000000070be00000, 0x000000070be00000|100%| E|CS|TAMS 0x000000070bc00000, 0x000000070bc00000| Complete 
|  71|0x000000070be00000, 0x000000070c000000, 0x000000070c000000|100%| E|CS|TAMS 0x000000070be00000, 0x000000070be00000| Complete 
|  72|0x000000070c000000, 0x000000070c200000, 0x000000070c200000|100%| E|CS|TAMS 0x000000070c000000, 0x000000070c000000| Complete 
|  73|0x000000070c200000, 0x000000070c400000, 0x000000070c400000|100%| E|CS|TAMS 0x000000070c200000, 0x000000070c200000| Complete 
|  74|0x000000070c400000, 0x000000070c600000, 0x000000070c600000|100%| E|CS|TAMS 0x000000070c400000, 0x000000070c400000| Complete 
|  75|0x000000070c600000, 0x000000070c800000, 0x000000070c800000|100%| E|CS|TAMS 0x000000070c600000, 0x000000070c600000| Complete 
|  76|0x000000070c800000, 0x000000070ca00000, 0x000000070ca00000|100%| E|CS|TAMS 0x000000070c800000, 0x000000070c800000| Complete 
|  77|0x000000070ca00000, 0x000000070cc00000, 0x000000070cc00000|100%| E|CS|TAMS 0x000000070ca00000, 0x000000070ca00000| Complete 
|  78|0x000000070cc00000, 0x000000070ce00000, 0x000000070ce00000|100%| E|CS|TAMS 0x000000070cc00000, 0x000000070cc00000| Complete 
|  79|0x000000070ce00000, 0x000000070d000000, 0x000000070d000000|100%| E|CS|TAMS 0x000000070ce00000, 0x000000070ce00000| Complete 
|  80|0x000000070d000000, 0x000000070d200000, 0x000000070d200000|100%| E|CS|TAMS 0x000000070d000000, 0x000000070d000000| Complete 
|  81|0x000000070d200000, 0x000000070d400000, 0x000000070d400000|100%| E|CS|TAMS 0x000000070d200000, 0x000000070d200000| Complete 
|  82|0x000000070d400000, 0x000000070d600000, 0x000000070d600000|100%| E|CS|TAMS 0x000000070d400000, 0x000000070d400000| Complete 
|  83|0x000000070d600000, 0x000000070d800000, 0x000000070d800000|100%| E|CS|TAMS 0x000000070d600000, 0x000000070d600000| Complete 
|  84|0x000000070d800000, 0x000000070da00000, 0x000000070da00000|100%| E|CS|TAMS 0x000000070d800000, 0x000000070d800000| Complete 
|  85|0x000000070da00000, 0x000000070dc00000, 0x000000070dc00000|100%| E|CS|TAMS 0x000000070da00000, 0x000000070da00000| Complete 
|  86|0x000000070dc00000, 0x000000070de00000, 0x000000070de00000|100%| E|CS|TAMS 0x000000070dc00000, 0x000000070dc00000| Complete 
|  87|0x000000070de00000, 0x000000070e000000, 0x000000070e000000|100%| E|CS|TAMS 0x000000070de00000, 0x000000070de00000| Complete 
|  88|0x000000070e000000, 0x000000070e200000, 0x000000070e200000|100%| E|CS|TAMS 0x000000070e000000, 0x000000070e000000| Complete 
|  89|0x000000070e200000, 0x000000070e400000, 0x000000070e400000|100%| E|CS|TAMS 0x000000070e200000, 0x000000070e200000| Complete 
|  90|0x000000070e400000, 0x000000070e600000, 0x000000070e600000|100%| E|CS|TAMS 0x000000070e400000, 0x000000070e400000| Complete 
|  91|0x000000070e600000, 0x000000070e800000, 0x000000070e800000|100%| E|CS|TAMS 0x000000070e600000, 0x000000070e600000| Complete 
|  92|0x000000070e800000, 0x000000070ea00000, 0x000000070ea00000|100%| E|CS|TAMS 0x000000070e800000, 0x000000070e800000| Complete 
|  93|0x000000070ea00000, 0x000000070ec00000, 0x000000070ec00000|100%| E|CS|TAMS 0x000000070ea00000, 0x000000070ea00000| Complete 
|  94|0x000000070ec00000, 0x000000070ee00000, 0x000000070ee00000|100%| E|CS|TAMS 0x000000070ec00000, 0x000000070ec00000| Complete 
|  95|0x000000070ee00000, 0x000000070f000000, 0x000000070f000000|100%| E|CS|TAMS 0x000000070ee00000, 0x000000070ee00000| Complete 
|  96|0x000000070f000000, 0x000000070f200000, 0x000000070f200000|100%| E|CS|TAMS 0x000000070f000000, 0x000000070f000000| Complete 
|  97|0x000000070f200000, 0x000000070f400000, 0x000000070f400000|100%| E|CS|TAMS 0x000000070f200000, 0x000000070f200000| Complete 
|  98|0x000000070f400000, 0x000000070f600000, 0x000000070f600000|100%| E|CS|TAMS 0x000000070f400000, 0x000000070f400000| Complete 
|  99|0x000000070f600000, 0x000000070f800000, 0x000000070f800000|100%| E|CS|TAMS 0x000000070f600000, 0x000000070f600000| Complete 
| 100|0x000000070f800000, 0x000000070fa00000, 0x000000070fa00000|100%| E|CS|TAMS 0x000000070f800000, 0x000000070f800000| Complete 
| 101|0x000000070fa00000, 0x000000070fc00000, 0x000000070fc00000|100%| E|CS|TAMS 0x000000070fa00000, 0x000000070fa00000| Complete 
| 102|0x000000070fc00000, 0x000000070fe00000, 0x000000070fe00000|100%| E|CS|TAMS 0x000000070fc00000, 0x000000070fc00000| Complete 
| 103|0x000000070fe00000, 0x0000000710000000, 0x0000000710000000|100%| E|CS|TAMS 0x000000070fe00000, 0x000000070fe00000| Complete 
| 104|0x0000000710000000, 0x0000000710200000, 0x0000000710200000|100%| E|CS|TAMS 0x0000000710000000, 0x0000000710000000| Complete 
| 105|0x0000000710200000, 0x0000000710400000, 0x0000000710400000|100%| E|CS|TAMS 0x0000000710200000, 0x0000000710200000| Complete 
| 106|0x0000000710400000, 0x0000000710600000, 0x0000000710600000|100%| E|CS|TAMS 0x0000000710400000, 0x0000000710400000| Complete 
| 107|0x0000000710600000, 0x0000000710800000, 0x0000000710800000|100%| E|CS|TAMS 0x0000000710600000, 0x0000000710600000| Complete 
| 108|0x0000000710800000, 0x0000000710a00000, 0x0000000710a00000|100%| E|CS|TAMS 0x0000000710800000, 0x0000000710800000| Complete 
| 109|0x0000000710a00000, 0x0000000710bdd0a8, 0x0000000710c00000| 93%| S|CS|TAMS 0x0000000710a00000, 0x0000000710a00000| Complete 
| 110|0x0000000710c00000, 0x0000000710e00000, 0x0000000710e00000|100%| E|CS|TAMS 0x0000000710c00000, 0x0000000710c00000| Complete 
| 111|0x0000000710e00000, 0x0000000711000000, 0x0000000711000000|100%| E|CS|TAMS 0x0000000710e00000, 0x0000000710e00000| Complete 
| 112|0x0000000711000000, 0x0000000711200000, 0x0000000711200000|100%| E|CS|TAMS 0x0000000711000000, 0x0000000711000000| Complete 
| 113|0x0000000711200000, 0x0000000711400000, 0x0000000711400000|100%| E|CS|TAMS 0x0000000711200000, 0x0000000711200000| Complete 
| 114|0x0000000711400000, 0x0000000711600000, 0x0000000711600000|100%| E|CS|TAMS 0x0000000711400000, 0x0000000711400000| Complete 
| 115|0x0000000711600000, 0x0000000711800000, 0x0000000711800000|100%| E|CS|TAMS 0x0000000711600000, 0x0000000711600000| Complete 
| 116|0x0000000711800000, 0x0000000711a00000, 0x0000000711a00000|100%| E|CS|TAMS 0x0000000711800000, 0x0000000711800000| Complete 
| 117|0x0000000711a00000, 0x0000000711c00000, 0x0000000711c00000|100%| E|CS|TAMS 0x0000000711a00000, 0x0000000711a00000| Complete 
| 118|0x0000000711c00000, 0x0000000711e00000, 0x0000000711e00000|100%| E|CS|TAMS 0x0000000711c00000, 0x0000000711c00000| Complete 
| 119|0x0000000711e00000, 0x0000000712000000, 0x0000000712000000|100%| E|CS|TAMS 0x0000000711e00000, 0x0000000711e00000| Complete 
| 120|0x0000000712000000, 0x0000000712200000, 0x0000000712200000|100%| E|CS|TAMS 0x0000000712000000, 0x0000000712000000| Complete 
| 121|0x0000000712200000, 0x0000000712400000, 0x0000000712400000|100%| E|CS|TAMS 0x0000000712200000, 0x0000000712200000| Complete 
| 122|0x0000000712400000, 0x0000000712600000, 0x0000000712600000|100%| E|CS|TAMS 0x0000000712400000, 0x0000000712400000| Complete 
| 123|0x0000000712600000, 0x0000000712800000, 0x0000000712800000|100%| E|CS|TAMS 0x0000000712600000, 0x0000000712600000| Complete 
| 124|0x0000000712800000, 0x0000000712a00000, 0x0000000712a00000|100%| E|CS|TAMS 0x0000000712800000, 0x0000000712800000| Complete 
| 125|0x0000000712a00000, 0x0000000712c00000, 0x0000000712c00000|100%| E|CS|TAMS 0x0000000712a00000, 0x0000000712a00000| Complete 
| 126|0x0000000712c00000, 0x0000000712e00000, 0x0000000712e00000|100%| E|CS|TAMS 0x0000000712c00000, 0x0000000712c00000| Complete 

Card table byte_map: [0x000001fbfb770000,0x000001fbfbf60000] _byte_map_base: 0x000001fbf7f58000

Marking Bits (Prev, Next): (CMBitMap*) 0x000001fbfabfe270, (CMBitMap*) 0x000001fbfabfe2b0
 Prev Bits: [0x000001fb967b0000, 0x000001fb9a6f0000)
 Next Bits: [0x000001fb9a6f0000, 0x000001fb9e630000)

Polling page: 0x000001fbf8b10000

Metaspace:

Usage:
  Non-class:     16.48 MB used.
      Class:      2.19 MB used.
       Both:     18.66 MB used.

Virtual space:
  Non-class space:       24.00 MB reserved,      16.56 MB ( 69%) committed,  3 nodes.
      Class space:        1.00 GB reserved,       2.31 MB ( <1%) committed,  1 nodes.
             Both:        1.02 GB reserved,      18.88 MB (  2%) committed. 

Chunk freelists:
   Non-Class:  3.25 MB
       Class:  1.57 MB
        Both:  4.82 MB

MaxMetaspaceSize: unlimited
CompressedClassSpaceSize: 1.00 GB
Initial GC threshold: 21.00 MB
Current GC threshold: 21.00 MB
CDS: on
MetaspaceReclaimPolicy: balanced
 - commit_granule_bytes: 65536.
 - commit_granule_words: 8192.
 - virtual_space_node_default_size: 1048576.
 - enlarge_chunks_in_place: 1.
 - new_chunks_are_fully_committed: 0.
 - uncommit_free_chunks: 1.
 - use_allocation_guard: 0.
 - handle_deallocations: 1.


Internal statistics:

num_allocs_failed_limit: 0.
num_arena_births: 126.
num_arena_deaths: 0.
num_vsnodes_births: 4.
num_vsnodes_deaths: 0.
num_space_committed: 302.
num_space_uncommitted: 0.
num_chunks_returned_to_freelist: 0.
num_chunks_taken_from_freelist: 811.
num_chunk_merges: 0.
num_chunk_splits: 563.
num_chunks_enlarged: 446.
num_purges: 0.
num_inconsistent_stats: 0.

CodeHeap 'non-profiled nmethods': size=120000Kb used=2386Kb max_used=2386Kb free=117613Kb
 bounds [0x000001fb8f280000, 0x000001fb8f4f0000, 0x000001fb967b0000]
CodeHeap 'profiled nmethods': size=120000Kb used=9462Kb max_used=9462Kb free=110537Kb
 bounds [0x000001fb877b0000, 0x000001fb880f0000, 0x000001fb8ece0000]
CodeHeap 'non-nmethods': size=5760Kb used=1186Kb max_used=1261Kb free=4573Kb
 bounds [0x000001fb8ece0000, 0x000001fb8ef50000, 0x000001fb8f280000]
 total_blobs=4910 nmethods=4431 adapters=391
 compilation: enabled
              stopped_count=0, restarted_count=0
 full_count=0

Compilation events (20 events):
Event: 2.398 Thread 0x000001fbff08fb50 nmethod 4416 0x000001fb880e9b90 code [0x000001fb880e9d40, 0x000001fb880ea088]
Event: 2.398 Thread 0x000001fbff08fb50 4417       3       java.lang.ProcessEnvironment$CheckedEntry::getValue (13 bytes)
Event: 2.398 Thread 0x000001fbff08fb50 nmethod 4417 0x000001fb880ea190 code [0x000001fb880ea340, 0x000001fb880ea608]
Event: 2.400 Thread 0x000001fb9f53bdc0 nmethod 4409 0x000001fb8f4ccd90 code [0x000001fb8f4ccf40, 0x000001fb8f4cd448]
Event: 2.400 Thread 0x000001fb9f53bdc0 4413       4       java.util.TimSort::binarySort (223 bytes)
Event: 2.438 Thread 0x000001fbff08fb50 4419       3       sun.invoke.util.BytecodeDescriptor::unparseMethod (66 bytes)
Event: 2.439 Thread 0x000001fbff08fb50 nmethod 4419 0x000001fb880ea710 code [0x000001fb880ea940, 0x000001fb880eafc8]
Event: 2.439 Thread 0x000001fbff08fb50 4420       3       jdk.internal.misc.VM::isSystemDomainLoader (17 bytes)
Event: 2.439 Thread 0x000001fbff08fb50 nmethod 4420 0x000001fb880eb290 code [0x000001fb880eb4e0, 0x000001fb880ebf98]
Event: 2.440 Thread 0x000001fbff08fb50 4425       3       java.lang.invoke.LambdaForm$NamedFunction::methodType (23 bytes)
Event: 2.440 Thread 0x000001fbff08fb50 nmethod 4425 0x000001fb880ec310 code [0x000001fb880ec4c0, 0x000001fb880ec728]
Event: 2.440 Thread 0x000001fbff08fb50 4426       3       jdk.internal.org.objectweb.asm.ClassWriter::<init> (7 bytes)
Event: 2.440 Thread 0x000001fbff08fb50 nmethod 4426 0x000001fb880ec810 code [0x000001fb880ec9c0, 0x000001fb880ecb08]
Event: 2.440 Thread 0x000001fbff08fb50 4427       3       jdk.internal.org.objectweb.asm.ClassWriter::<init> (68 bytes)
Event: 2.440 Thread 0x000001fbff08fb50 nmethod 4427 0x000001fb880ecb90 code [0x000001fb880ecd60, 0x000001fb880ed208]
Event: 2.440 Thread 0x000001fbff08fb50 4429       3       java.lang.invoke.MemberName::isMethod (8 bytes)
Event: 2.441 Thread 0x000001fbff08fb50 nmethod 4429 0x000001fb880ed390 code [0x000001fb880ed540, 0x000001fb880ed778]
Event: 2.452 Thread 0x000001fb9f53bdc0 nmethod 4413 0x000001fb8f4cf290 code [0x000001fb8f4cf5e0, 0x000001fb8f4d2708]
Event: 2.453 Thread 0x000001fb9f53bdc0 4430       4       java.lang.String::getBytes (46 bytes)
Event: 2.454 Thread 0x000001fb9f53bdc0 nmethod 4430 0x000001fb8f4d4490 code [0x000001fb8f4d4620, 0x000001fb8f4d48b8]

GC Heap History (4 events):
Event: 0.454 GC heap before
{Heap before GC invocations=0 (full 0):
 garbage-first heap   total 260096K, used 22528K [0x0000000703000000, 0x0000000800000000)
  region size 2048K, 11 young (22528K), 0 survivors (0K)
 Metaspace       used 5493K, committed 5696K, reserved 1056768K
  class space    used 658K, committed 768K, reserved 1048576K
}
Event: 0.458 GC heap after
{Heap after GC invocations=1 (full 0):
 garbage-first heap   total 260096K, used 3936K [0x0000000703000000, 0x0000000800000000)
  region size 2048K, 2 young (4096K), 2 survivors (4096K)
 Metaspace       used 5493K, committed 5696K, reserved 1056768K
  class space    used 658K, committed 768K, reserved 1048576K
}
Event: 0.882 GC heap before
{Heap before GC invocations=1 (full 0):
 garbage-first heap   total 260096K, used 34656K [0x0000000703000000, 0x0000000800000000)
  region size 2048K, 17 young (34816K), 2 survivors (4096K)
 Metaspace       used 9875K, committed 10048K, reserved 1064960K
  class space    used 1203K, committed 1280K, reserved 1048576K
}
Event: 0.886 GC heap after
{Heap after GC invocations=2 (full 0):
 garbage-first heap   total 260096K, used 5519K [0x0000000703000000, 0x0000000800000000)
  region size 2048K, 1 young (2048K), 1 survivors (2048K)
 Metaspace       used 9875K, committed 10048K, reserved 1064960K
  class space    used 1203K, committed 1280K, reserved 1048576K
}

Deoptimization events (20 events):
Event: 2.396 Thread 0x000001fbfab92a00 Uncommon trap: trap_request=0xffffff45 fr.pc=0x000001fb8f374138 relative=0x0000000000000418
Event: 2.396 Thread 0x000001fbfab92a00 Uncommon trap: reason=unstable_if action=reinterpret pc=0x000001fb8f374138 method=java.lang.StringBuilder.toString()Ljava/lang/String; @ 4 c2
Event: 2.396 Thread 0x000001fbfab92a00 DEOPT PACKING pc=0x000001fb8f374138 sp=0x0000006a9b5fd8d0
Event: 2.396 Thread 0x000001fbfab92a00 DEOPT UNPACKING pc=0x000001fb8ed323a3 sp=0x0000006a9b5fd8b0 mode 2
Event: 2.396 Thread 0x000001fbfab92a00 Uncommon trap: trap_request=0xffffff45 fr.pc=0x000001fb8f2b9ea4 relative=0x0000000000000564
Event: 2.396 Thread 0x000001fbfab92a00 Uncommon trap: reason=unstable_if action=reinterpret pc=0x000001fb8f2b9ea4 method=java.lang.AbstractStringBuilder.putStringAt(ILjava/lang/String;II)V @ 8 c2
Event: 2.396 Thread 0x000001fbfab92a00 DEOPT PACKING pc=0x000001fb8f2b9ea4 sp=0x0000006a9b5fd850
Event: 2.396 Thread 0x000001fbfab92a00 DEOPT UNPACKING pc=0x000001fb8ed323a3 sp=0x0000006a9b5fd740 mode 2
Event: 2.397 Thread 0x000001fbfab92a00 Uncommon trap: trap_request=0xffffffbe fr.pc=0x000001fb8f3769a0 relative=0x0000000000001fc0
Event: 2.397 Thread 0x000001fbfab92a00 Uncommon trap: reason=profile_predicate action=maybe_recompile pc=0x000001fb8f3769a0 method=java.util.TimSort.binarySort([Ljava/lang/Object;IIILjava/util/Comparator;)V @ 34 c2
Event: 2.397 Thread 0x000001fbfab92a00 DEOPT PACKING pc=0x000001fb8f3769a0 sp=0x0000006a9b5fd380
Event: 2.397 Thread 0x000001fbfab92a00 DEOPT UNPACKING pc=0x000001fb8ed323a3 sp=0x0000006a9b5fd360 mode 2
Event: 2.397 Thread 0x000001fbfab92a00 Uncommon trap: trap_request=0xffffffbe fr.pc=0x000001fb8f3769a0 relative=0x0000000000001fc0
Event: 2.397 Thread 0x000001fbfab92a00 Uncommon trap: reason=profile_predicate action=maybe_recompile pc=0x000001fb8f3769a0 method=java.util.TimSort.binarySort([Ljava/lang/Object;IIILjava/util/Comparator;)V @ 34 c2
Event: 2.397 Thread 0x000001fbfab92a00 DEOPT PACKING pc=0x000001fb8f3769a0 sp=0x0000006a9b5fd380
Event: 2.397 Thread 0x000001fbfab92a00 DEOPT UNPACKING pc=0x000001fb8ed323a3 sp=0x0000006a9b5fd360 mode 2
Event: 2.397 Thread 0x000001fbfab92a00 Uncommon trap: trap_request=0xffffffbe fr.pc=0x000001fb8f3769a0 relative=0x0000000000001fc0
Event: 2.397 Thread 0x000001fbfab92a00 Uncommon trap: reason=profile_predicate action=maybe_recompile pc=0x000001fb8f3769a0 method=java.util.TimSort.binarySort([Ljava/lang/Object;IIILjava/util/Comparator;)V @ 34 c2
Event: 2.397 Thread 0x000001fbfab92a00 DEOPT PACKING pc=0x000001fb8f3769a0 sp=0x0000006a9b5fd380
Event: 2.397 Thread 0x000001fbfab92a00 DEOPT UNPACKING pc=0x000001fb8ed323a3 sp=0x0000006a9b5fd360 mode 2

Classes unloaded (0 events):
No events

Classes redefined (0 events):
No events

Internal exceptions (20 events):
Event: 1.151 Thread 0x000001fbfab92a00 Exception <a 'java/lang/NoSuchMethodError'{0x0000000711f19bb8}: 'void java.lang.invoke.DirectMethodHandle$Holder.invokeVirtual(java.lang.Object, java.lang.Object)'> (0x0000000711f19bb8) 
thrown [s\open\src\hotspot\share\interpreter\linkResolver.cpp, line 759]
Event: 1.164 Thread 0x000001fbfab92a00 Exception <a 'java/lang/NoSuchMethodError'{0x0000000711f91570}: 'java.lang.Object java.lang.invoke.DirectMethodHandle$Holder.invokeStaticInit(java.lang.Object, int, int, int, int)'> (0x0000000711f91570) 
thrown [s\open\src\hotspot\share\interpreter\linkResolver.cpp, line 759]
Event: 1.373 Thread 0x000001fbfab92a00 Implicit null exception at 0x000001fb8f3a0d85 to 0x000001fb8f3a2bd0
Event: 1.373 Thread 0x000001fbfab92a00 Implicit null exception at 0x000001fb8f36996f to 0x000001fb8f369b68
Event: 1.373 Thread 0x000001fbfab92a00 Implicit null exception at 0x000001fb8f2b9560 to 0x000001fb8f2b95fa
Event: 1.428 Thread 0x000001fbfab92a00 Exception <a 'java/lang/NoSuchMethodError'{0x0000000710eea660}: 'java.lang.Object java.lang.invoke.DirectMethodHandle$Holder.newInvokeSpecial(java.lang.Object, java.lang.Object, java.lang.Object, java.lang.Object, java.lang.Object, java.lang.Object, java.lang.Object)'> (0x0000000710eea660) 
thrown [s\open\src\hotspot\share\interpreter\linkResolver.cpp, line 759]
Event: 1.429 Thread 0x000001fbfab92a00 Exception <a 'java/lang/NoSuchMethodError'{0x0000000710eeef70}: 'java.lang.Object java.lang.invoke.Invokers$Holder.linkToTargetMethod(java.lang.Object, java.lang.Object, java.lang.Object, java.lang.Object, java.lang.Object, java.lang.Object, java.lang.Object)'> (0x0000000710eeef70) 
thrown [s\open\src\hotspot\share\interpreter\linkResolver.cpp, line 759]
Event: 1.548 Thread 0x000001fbfab92a00 Exception <a 'java/lang/NoSuchMethodError'{0x00000007102942a8}: 'java.lang.Object java.lang.invoke.DirectMethodHandle$Holder.invokeVirtual(java.lang.Object, java.lang.Object, java.lang.Object)'> (0x00000007102942a8) 
thrown [s\open\src\hotspot\share\interpreter\linkResolver.cpp, line 759]
Event: 1.549 Thread 0x000001fbfab92a00 Exception <a 'java/lang/NoSuchMethodError'{0x000000071029b810}: 'void java.lang.invoke.DirectMethodHandle$Holder.invokeSpecial(java.lang.Object, java.lang.Object, java.lang.Object, java.lang.Object, java.lang.Object, java.lang.Object)'> (0x000000071029b810) 
thrown [s\open\src\hotspot\share\interpreter\linkResolver.cpp, line 759]
Event: 1.550 Thread 0x000001fbfab92a00 Exception <a 'java/lang/NoSuchMethodError'{0x00000007102a6d68}: 'int java.lang.invoke.DirectMethodHandle$Holder.invokeVirtual(java.lang.Object, java.lang.Object)'> (0x00000007102a6d68) 
thrown [s\open\src\hotspot\share\interpreter\linkResolver.cpp, line 759]
Event: 1.765 Thread 0x000001fbfab92a00 Implicit null exception at 0x000001fb8f2a3c72 to 0x000001fb8f2a42cc
Event: 2.367 Thread 0x000001fbfab92a00 Exception <a 'sun/nio/fs/WindowsException'{0x000000070b98e9d8}> (0x000000070b98e9d8) 
thrown [s\open\src\hotspot\share\prims\jni.cpp, line 516]
Event: 2.367 Thread 0x000001fbfab92a00 Exception <a 'sun/nio/fs/WindowsException'{0x000000070b98ed70}> (0x000000070b98ed70) 
thrown [s\open\src\hotspot\share\prims\jni.cpp, line 516]
Event: 2.367 Thread 0x000001fbfab92a00 Exception <a 'sun/nio/fs/WindowsException'{0x000000070b98fb08}> (0x000000070b98fb08) 
thrown [s\open\src\hotspot\share\prims\jni.cpp, line 516]
Event: 2.367 Thread 0x000001fbfab92a00 Exception <a 'sun/nio/fs/WindowsException'{0x000000070b98fd78}> (0x000000070b98fd78) 
thrown [s\open\src\hotspot\share\prims\jni.cpp, line 516]
Event: 2.438 Thread 0x000001fbfab92a00 Exception <a 'java/lang/NoSuchMethodError'{0x000000070b707ec0}: 'void java.lang.invoke.DirectMethodHandle$Holder.invokeStatic(java.lang.Object, long)'> (0x000000070b707ec0) 
thrown [s\open\src\hotspot\share\interpreter\linkResolver.cpp, line 759]
Event: 2.438 Thread 0x000001fbfab92a00 Exception <a 'java/lang/NoSuchMethodError'{0x000000070b70d888}: 'java.lang.Object java.lang.invoke.DirectMethodHandle$Holder.newInvokeSpecial(java.lang.Object, long)'> (0x000000070b70d888) 
thrown [s\open\src\hotspot\share\interpreter\linkResolver.cpp, line 759]
Event: 2.440 Thread 0x000001fbfab92a00 Exception <a 'java/lang/NoSuchMethodError'{0x000000070b71b8b8}: 'java.lang.Object java.lang.invoke.DirectMethodHandle$Holder.invokeStaticInit(java.lang.Object, java.lang.Object, long, java.lang.Object)'> (0x000000070b71b8b8) 
thrown [s\open\src\hotspot\share\interpreter\linkResolver.cpp, line 759]
Event: 2.440 Thread 0x000001fbfab92a00 Exception <a 'java/lang/NoSuchMethodError'{0x000000070b721f88}: 'java.lang.Object java.lang.invoke.DirectMethodHandle$Holder.newInvokeSpecial(java.lang.Object, java.lang.Object, long)'> (0x000000070b721f88) 
thrown [s\open\src\hotspot\share\interpreter\linkResolver.cpp, line 759]
Event: 2.441 Thread 0x000001fbfab92a00 Exception <a 'java/lang/NoSuchMethodError'{0x000000070b7264b8}: 'java.lang.Object java.lang.invoke.Invokers$Holder.linkToTargetMethod(java.lang.Object, long, java.lang.Object)'> (0x000000070b7264b8) 
thrown [s\open\src\hotspot\share\interpreter\linkResolver.cpp, line 759]

VM Operations (20 events):
Event: 1.373 Executing VM operation: ICBufferFull
Event: 1.374 Executing VM operation: ICBufferFull done
Event: 1.528 Executing VM operation: ICBufferFull
Event: 1.528 Executing VM operation: ICBufferFull done
Event: 1.596 Executing VM operation: HandshakeAllThreads
Event: 1.596 Executing VM operation: HandshakeAllThreads done
Event: 1.734 Executing VM operation: ICBufferFull
Event: 1.734 Executing VM operation: ICBufferFull done
Event: 1.974 Executing VM operation: ICBufferFull
Event: 1.974 Executing VM operation: ICBufferFull done
Event: 2.320 Executing VM operation: HandshakeAllThreads
Event: 2.320 Executing VM operation: HandshakeAllThreads done
Event: 2.326 Executing VM operation: HandshakeAllThreads
Event: 2.326 Executing VM operation: HandshakeAllThreads done
Event: 2.369 Executing VM operation: ICBufferFull
Event: 2.369 Executing VM operation: ICBufferFull done
Event: 2.370 Executing VM operation: HandshakeAllThreads
Event: 2.370 Executing VM operation: HandshakeAllThreads done
Event: 2.442 Executing VM operation: HandshakeAllThreads
Event: 2.442 Executing VM operation: HandshakeAllThreads done

Events (20 events):
Event: 2.441 loading class java/util/concurrent/SynchronousQueue$Transferer
Event: 2.441 loading class java/util/concurrent/SynchronousQueue$Transferer done
Event: 2.441 loading class java/util/concurrent/SynchronousQueue$TransferStack done
Event: 2.441 loading class java/util/concurrent/SynchronousQueue$TransferStack$SNode
Event: 2.441 loading class java/util/concurrent/ForkJoinPool$ManagedBlocker
Event: 2.441 loading class java/util/concurrent/ForkJoinPool$ManagedBlocker done
Event: 2.441 loading class java/util/concurrent/SynchronousQueue$TransferStack$SNode done
Event: 2.441 loading class java/lang/ProcessImpl$2
Event: 2.441 loading class java/lang/ProcessImpl$2 done
Event: 2.441 loading class java/lang/Process$PipeInputStream
Event: 2.442 loading class java/lang/Process$PipeInputStream done
Event: 2.442 loading class jdk/internal/event/ProcessStartEvent
Event: 2.442 loading class jdk/internal/event/Event
Event: 2.442 loading class jdk/internal/event/Event done
Event: 2.442 loading class jdk/internal/event/ProcessStartEvent done
Event: 2.442 loading class java/io/PipedOutputStream
Event: 2.442 loading class java/io/PipedOutputStream done
Event: 2.443 Thread 0x000001fba02d0ec0 Thread added: 0x000001fba02d0ec0
Event: 2.443 Thread 0x000001fba02d1390 Thread added: 0x000001fba02d1390
Event: 2.443 Thread 0x000001fba02d1860 Thread added: 0x000001fba02d1860


Dynamic libraries:
0x00007ff6daad0000 - 0x00007ff6daae0000 	C:\LAB-TOOLS\JDK\jdk-17.0.6\bin\java.exe
0x00007fffa7ef0000 - 0x00007fffa8106000 	C:\WINDOWS\SYSTEM32\ntdll.dll
0x00007fffa79e0000 - 0x00007fffa7aa4000 	C:\WINDOWS\System32\KERNEL32.DLL
0x00007fffa54c0000 - 0x00007fffa5866000 	C:\WINDOWS\System32\KERNELBASE.dll
0x00007fffa5b20000 - 0x00007fffa5c31000 	C:\WINDOWS\System32\ucrtbase.dll
0x00007fff94dc0000 - 0x00007fff94dd8000 	C:\LAB-TOOLS\JDK\jdk-17.0.6\bin\jli.dll
0x00007fffa5c50000 - 0x00007fffa5d02000 	C:\WINDOWS\System32\ADVAPI32.dll
0x00007fff94da0000 - 0x00007fff94dbb000 	C:\LAB-TOOLS\JDK\jdk-17.0.6\bin\VCRUNTIME140.dll
0x00007fffa7120000 - 0x00007fffa71c7000 	C:\WINDOWS\System32\msvcrt.dll
0x00007fffa6cd0000 - 0x00007fffa6d78000 	C:\WINDOWS\System32\sechost.dll
0x00007fffa5420000 - 0x00007fffa5448000 	C:\WINDOWS\System32\bcrypt.dll
0x00007fffa7d20000 - 0x00007fffa7e35000 	C:\WINDOWS\System32\RPCRT4.dll
0x00007fffa6900000 - 0x00007fffa6aad000 	C:\WINDOWS\System32\USER32.dll
0x00007fffa52d0000 - 0x00007fffa52f6000 	C:\WINDOWS\System32\win32u.dll
0x00007fffa68b0000 - 0x00007fffa68d9000 	C:\WINDOWS\System32\GDI32.dll
0x00007fffa5300000 - 0x00007fffa5418000 	C:\WINDOWS\System32\gdi32full.dll
0x00007fff8e260000 - 0x00007fff8e4f3000 	C:\WINDOWS\WinSxS\amd64_microsoft.windows.common-controls_6595b64144ccf1df_6.0.22621.3235_none_270f74e173860f98\COMCTL32.dll
0x00007fffa5230000 - 0x00007fffa52ca000 	C:\WINDOWS\System32\msvcp_win.dll
0x00007fff9afd0000 - 0x00007fff9afda000 	C:\WINDOWS\SYSTEM32\VERSION.dll
0x00007fffa5d10000 - 0x00007fffa5d41000 	C:\WINDOWS\System32\IMM32.DLL
0x00007fff95310000 - 0x00007fff9531c000 	C:\LAB-TOOLS\JDK\jdk-17.0.6\bin\vcruntime140_1.dll
0x00007fff87400000 - 0x00007fff8748e000 	C:\LAB-TOOLS\JDK\jdk-17.0.6\bin\msvcp140.dll
0x00007ffefa480000 - 0x00007ffefb057000 	C:\LAB-TOOLS\JDK\jdk-17.0.6\bin\server\jvm.dll
0x00007fffa7c80000 - 0x00007fffa7c88000 	C:\WINDOWS\System32\PSAPI.DLL
0x00007fff9dee0000 - 0x00007fff9df14000 	C:\WINDOWS\SYSTEM32\WINMM.dll
0x00007fff82410000 - 0x00007fff82419000 	C:\WINDOWS\SYSTEM32\WSOCK32.dll
0x00007fffa7040000 - 0x00007fffa70b1000 	C:\WINDOWS\System32\WS2_32.dll
0x00007fffa4230000 - 0x00007fffa4248000 	C:\WINDOWS\SYSTEM32\kernel.appcore.dll
0x00007fff94d90000 - 0x00007fff94d9a000 	C:\LAB-TOOLS\JDK\jdk-17.0.6\bin\jimage.dll
0x00007fffa2cd0000 - 0x00007fffa2f03000 	C:\WINDOWS\SYSTEM32\DBGHELP.DLL
0x00007fffa71d0000 - 0x00007fffa7558000 	C:\WINDOWS\System32\combase.dll
0x00007fffa6f10000 - 0x00007fffa6fe7000 	C:\WINDOWS\System32\OLEAUT32.dll
0x00007fff95560000 - 0x00007fff95592000 	C:\WINDOWS\SYSTEM32\dbgcore.DLL
0x00007fffa5aa0000 - 0x00007fffa5b1a000 	C:\WINDOWS\System32\bcryptPrimitives.dll
0x00007fff873d0000 - 0x00007fff873f5000 	C:\LAB-TOOLS\JDK\jdk-17.0.6\bin\java.dll
0x00007fff7c200000 - 0x00007fff7c2d7000 	C:\LAB-TOOLS\JDK\jdk-17.0.6\bin\jsvml.dll
0x00007fffa6050000 - 0x00007fffa68ad000 	C:\WINDOWS\System32\SHELL32.dll
0x00007fffa3140000 - 0x00007fffa3a38000 	C:\WINDOWS\SYSTEM32\windows.storage.dll
0x00007fffa3000000 - 0x00007fffa313e000 	C:\WINDOWS\SYSTEM32\wintypes.dll
0x00007fffa7b60000 - 0x00007fffa7c53000 	C:\WINDOWS\System32\SHCORE.dll
0x00007fffa6ab0000 - 0x00007fffa6b0e000 	C:\WINDOWS\System32\shlwapi.dll
0x00007fffa5160000 - 0x00007fffa5186000 	C:\WINDOWS\SYSTEM32\profapi.dll
0x00007fff873b0000 - 0x00007fff873c9000 	C:\LAB-TOOLS\JDK\jdk-17.0.6\bin\net.dll
0x00007fff9e3b0000 - 0x00007fff9e4e7000 	C:\WINDOWS\SYSTEM32\WINHTTP.dll
0x00007fffa46a0000 - 0x00007fffa4709000 	C:\WINDOWS\system32\mswsock.dll
0x00007fff87200000 - 0x00007fff87216000 	C:\LAB-TOOLS\JDK\jdk-17.0.6\bin\nio.dll
0x00007fff871e0000 - 0x00007fff871f8000 	C:\LAB-TOOLS\JDK\jdk-17.0.6\bin\zip.dll
0x0000000069ac0000 - 0x0000000069ae4000 	C:\LAB-TOOLS\apache-maven-3.9.6-bin\apache-maven-3.9.6\lib\jansi-native\Windows\x86_64\jansi.dll
0x00007fff94d80000 - 0x00007fff94d90000 	C:\LAB-TOOLS\JDK\jdk-17.0.6\bin\verify.dll

dbghelp: loaded successfully - version: 4.0.5 - missing functions: none
symbol engine: initialized successfully - sym options: 0x614 - pdb path: .;C:\LAB-TOOLS\JDK\jdk-17.0.6\bin;C:\WINDOWS\SYSTEM32;C:\WINDOWS\WinSxS\amd64_microsoft.windows.common-controls_6595b64144ccf1df_6.0.22621.3235_none_270f74e173860f98;C:\LAB-TOOLS\JDK\jdk-17.0.6\bin\server;C:\LAB-TOOLS\apache-maven-3.9.6-bin\apache-maven-3.9.6\lib\jansi-native\Windows\x86_64

VM Arguments:
jvm_args: -Dclassworlds.conf=C:\LAB-TOOLS\apache-maven-3.9.6-bin\apache-maven-3.9.6\bin\m2.conf -Dmaven.home=C:\LAB-TOOLS\apache-maven-3.9.6-bin\apache-maven-3.9.6 -Dlibrary.jansi.path=C:\LAB-TOOLS\apache-maven-3.9.6-bin\apache-maven-3.9.6\lib\jansi-native -Dmaven.multiModuleProjectDirectory=C:\LAB-TOOLS\ECLIPSE\Eclipse-Workspace\multimedia 
java_command: org.codehaus.plexus.classworlds.launcher.Launcher javafx:run -f c:\LAB-TOOLS\ECLIPSE\Eclipse-Workspace\multimedia\weblibrary\pom.xml
java_class_path (initial): C:\LAB-TOOLS\apache-maven-3.9.6-bin\apache-maven-3.9.6\boot\plexus-classworlds-2.7.0.jar
Launcher Type: SUN_STANDARD

[Global flags]
     intx CICompilerCount                          = 4                                         {product} {ergonomic}
     uint ConcGCThreads                            = 2                                         {product} {ergonomic}
     uint G1ConcRefinementThreads                  = 8                                         {product} {ergonomic}
   size_t G1HeapRegionSize                         = 2097152                                   {product} {ergonomic}
    uintx GCDrainStackTargetSize                   = 64                                        {product} {ergonomic}
   size_t InitialHeapSize                          = 266338304                                 {product} {ergonomic}
   size_t MarkStackSize                            = 4194304                                   {product} {ergonomic}
   size_t MaxHeapSize                              = 4244635648                                {product} {ergonomic}
   size_t MaxNewSize                               = 2545942528                                {product} {ergonomic}
   size_t MinHeapDeltaBytes                        = 2097152                                   {product} {ergonomic}
   size_t MinHeapSize                              = 8388608                                   {product} {ergonomic}
    uintx NonNMethodCodeHeapSize                   = 5839372                                {pd product} {ergonomic}
    uintx NonProfiledCodeHeapSize                  = 122909434                              {pd product} {ergonomic}
    uintx ProfiledCodeHeapSize                     = 122909434                              {pd product} {ergonomic}
    uintx ReservedCodeCacheSize                    = 251658240                              {pd product} {ergonomic}
     bool SegmentedCodeCache                       = true                                      {product} {ergonomic}
   size_t SoftMaxHeapSize                          = 4244635648                             {manageable} {ergonomic}
     bool UseCompressedClassPointers               = true                           {product lp64_product} {ergonomic}
     bool UseCompressedOops                        = true                           {product lp64_product} {ergonomic}
     bool UseG1GC                                  = true                                      {product} {ergonomic}
     bool UseLargePagesIndividualAllocation        = false                                  {pd product} {ergonomic}

Logging:
Log output configuration:
 #0: stdout all=warning uptime,level,tags
 #1: stderr all=off uptime,level,tags

Environment Variables:
JAVA_HOME=C:\LAB-TOOLS\JDK\jdk-17.0.6
PATH=C:\Users\papth\anaconda3\envs\patrec;C:\Users\papth\anaconda3\envs\patrec\Library\mingw-w64\bin;C:\Users\papth\anaconda3\envs\patrec\Library\usr\bin;C:\Users\papth\anaconda3\envs\patrec\Library\bin;C:\Users\papth\anaconda3\envs\patrec\Scripts;C:\Users\papth\anaconda3\envs\patrec\bin;C:\Users\papth\anaconda3\condabin;C:\Program Files\PowerShell\7;C:\Python311\Scripts;C:\Python311;C:\LAB-TOOLS\JDK\jdk-17.0.6\bin;C:\Program Files\Microsoft\jdk-11.0.12.7-hotspot\bin;C:\Program Files\AdoptOpenJDK\jdk-11.0.9.101-hotspot\bin;C:\Program Files (x86)\Common Files\Oracle\Java\javapath;C:\windows\system32;C:\windows;C:\windows\System32\Wbem;C:\windows\System32\WindowsPowerShell\v1.0;C:\windows\System32\OpenSSH;C:\Program Files (x86)\NVIDIA Corporation\PhysX\Common;C:\Program Files\NVIDIA Corporation\NVIDIA NvDLISR;C:\Program Files (x86)\Wolfram Research\WolframScript;C:\WINDOWS\system32;C:\WINDOWS;C:\WINDOWS\System32\Wbem;C:\WINDOWS\System32\WindowsPowerShell\v1.0;C:\WINDOWS\System32\OpenSSH;C:\Program Files\MATLAB\R2020a\runtime\win64;C:\Program Files\MATLAB\R2020a\bin;C:\Program Files\OpenVPN\bin;C:\Program Files\Git\cmd;C:\Program Files\Git\usr\bin;C:\Program Files\Microsoft SQL Server\150\Tools\Binn;C:\Program Files\dotnet;C:\MinGW\mingw32\bin;C:\WINDOWS\system32;C:\WINDOWS;C:\WINDOWS\System32\Wbem;C:\WINDOWS\System32\WindowsPowerShell\v1.0;C:\Program Files\nodejs;C:\ProgramData\chocolatey\bin;C:\Program Files\Docker\Docker\resources\bin;C:\WINDOWS\System32\OpenSSH;C:\Program Files\PowerShell\7;C:\LAB-TOOLS\apache-maven-3.9.6-bin\apache-maven-3.9.6\bin;C:\Program Files\PowerShell\7-preview\preview;C:\Users\papth\scoop\shims;C:\dev\flutter\bin;C:\Users\papth\AppData\Local\Microsoft\WindowsApps;C:\Users\papth\AppData\Local\GitHubDesktop\bin;C:\Users\papth\AppData\Local\Microsoft\WindowsApps;C:\Users\papth\AppData\Local\atom\bin;C:\Users\papth\.dotnet\tools;C:\Users\papth\AppData\Roaming\npm;C:\dev\android-sdk\platform-tools;C:\Program Files\nodejs;C:\Users\papth\AppData\Loc
USERNAME=papth
LANG=en_US.UTF-8
OS=Windows_NT
PROCESSOR_IDENTIFIER=Intel64 Family 6 Model 142 Stepping 12, GenuineIntel



---------------  S Y S T E M  ---------------

OS:
 Windows 11 , 64 bit Build 22621 (10.0.22621.3235)
OS uptime: 0 days 11:47 hours
Hyper-V role detected

CPU: total 8 (initial active 8) (4 cores per cpu, 2 threads per core) family 6 model 142 stepping 12 microcode 0xde, cx8, cmov, fxsr, ht, mmx, 3dnowpref, sse, sse2, sse3, ssse3, sse4.1, sse4.2, popcnt, lzcnt, tsc, tscinvbit, avx, avx2, aes, erms, clmul, bmi1, bmi2, adx, fma, vzeroupper, clflush, clflushopt, hv

Memory: 4k page, system-wide physical 16187M (5572M free)
TotalPageFile size 16187M (AvailPageFile size 0M)
current process WorkingSet (physical memory assigned to process): 252M, peak: 252M
current process commit charge ("private bytes"): 433M, peak: 433M

vm_info: Java HotSpot(TM) 64-Bit Server VM (17.0.6+9-LTS-190) for windows-amd64 JRE (17.0.6+9-LTS-190), built on Dec  6 2022 15:53:54 by "mach5one" with MS VC++ 17.1 (VS2022)

END.
