#
# There is insufficient memory for the Java Runtime Environment to continue.
# Native memory allocation (malloc) failed to allocate 32744 bytes. Error detail: ChunkPool::allocate
# Possible reasons:
#   The system is out of physical RAM or swap space
#   This process is running with CompressedOops enabled, and the Java Heap may be blocking the growth of the native heap
# Possible solutions:
#   Reduce memory load on the system
#   Increase physical memory or swap space
#   Check if swap backing store is full
#   Decrease Java heap size (-Xmx/-Xms)
#   Decrease number of Java threads
#   Decrease Java thread stack sizes (-Xss)
#   Set larger code cache with -XX:ReservedCodeCacheSize=
#   JVM is running with Unscaled Compressed Oops mode in which the Java heap is
#     placed in the first 4GB address space. The Java Heap base address is the
#     maximum limit for the native heap growth. Please use -XX:HeapBaseMinAddress
#     to set the Java Heap base and to place the Java Heap above 4GB virtual address.
# This output file may be truncated or incomplete.
#
#  Out of Memory Error (arena.cpp:79), pid=25496, tid=14084
#
# JRE version: OpenJDK Runtime Environment Temurin-17.0.11+9 (17.0.11+9) (build 17.0.11+9)
# Java VM: OpenJDK 64-Bit Server VM Temurin-17.0.11+9 (17.0.11+9, mixed mode, tiered, compressed oops, compressed class ptrs, parallel gc, windows-amd64)
# No core dump will be written. Minidumps are not enabled by default on client versions of Windows
#

---------------  S U M M A R Y ------------

Command Line: --add-modules=ALL-SYSTEM --add-opens=java.base/java.util=ALL-UNNAMED --add-opens=java.base/java.lang=ALL-UNNAMED --add-opens=java.base/sun.nio.fs=ALL-UNNAMED -Declipse.application=org.eclipse.jdt.ls.core.id1 -Dosgi.bundles.defaultStartLevel=4 -Declipse.product=org.eclipse.jdt.ls.core.product -Djava.import.generatesMetadataFilesAtProjectRoot=false -DDetectVMInstallationsJob.disabled=true -Dfile.encoding=utf8 -XX:+UseParallelGC -XX:GCTimeRatio=4 -XX:AdaptiveSizePolicyWeight=90 -Dsun.zip.disableMemoryMapping=true -Xmx1G -Xms100m -Xlog:disable -javaagent:c:\Users\papth\.vscode\extensions\redhat.java-1.31.0-win32-x64\lombok\lombok-1.18.32.jar -XX:+HeapDumpOnOutOfMemoryError -XX:HeapDumpPath=c:\Users\papth\AppData\Roaming\Code\User\workspaceStorage\fb0275111390ad12c1baf502f4576d5b\redhat.java -Daether.dependencyCollector.impl=bf c:\Users\papth\.vscode\extensions\redhat.java-1.31.0-win32-x64\server\plugins\org.eclipse.equinox.launcher_1.6.800.v20240513-1750.jar -configuration c:\Users\papth\AppData\Roaming\Code\User\globalStorage\redhat.java\1.31.0\config_win -data c:\Users\papth\AppData\Roaming\Code\User\workspaceStorage\fb0275111390ad12c1baf502f4576d5b\redhat.java\jdt_ws --pipe=\\.\pipe\lsp-81f2618b9765f5992aacd91581ae2bc3-sock

Host: Intel(R) Core(TM) i7-10510U CPU @ 1.80GHz, 8 cores, 15G,  Windows 11 , 64 bit Build 22621 (10.0.22621.3527)
Time: Mon Jun  3 02:10:19 2024  Windows 11 , 64 bit Build 22621 (10.0.22621.3527) elapsed time: 23.098983 seconds (0d 0h 0m 23s)

---------------  T H R E A D  ---------------

Current thread (0x00000203365cf420):  JavaThread "C2 CompilerThread0" daemon [_thread_in_native, id=14084, stack(0x0000001eb2800000,0x0000001eb2900000)]


Current CompileTask:
C2:  23099 11814       4       org.eclipse.jdt.internal.compiler.lookup.LookupEnvironment::getTypeFromTypeSignature (770 bytes)

Stack: [0x0000001eb2800000,0x0000001eb2900000]
Native frames: (J=compiled Java code, j=interpreted, Vv=VM code, C=native code)
V  [jvm.dll+0x67d429]
V  [jvm.dll+0x834b7a]
V  [jvm.dll+0x83663e]
V  [jvm.dll+0x836ca3]
V  [jvm.dll+0x247dbf]
V  [jvm.dll+0xac731]
V  [jvm.dll+0xacb7c]
V  [jvm.dll+0xac63b]
V  [jvm.dll+0x65bdd9]
V  [jvm.dll+0x7a8ac]
V  [jvm.dll+0x60f948]
V  [jvm.dll+0x60d9da]
V  [jvm.dll+0x21a2e8]
V  [jvm.dll+0x2198b1]
V  [jvm.dll+0x1a534d]
V  [jvm.dll+0x2295cd]
V  [jvm.dll+0x22779c]
V  [jvm.dll+0x7e9d07]
V  [jvm.dll+0x7e410a]
V  [jvm.dll+0x67c315]
C  [ucrtbase.dll+0x29333]
C  [KERNEL32.DLL+0x1257d]
C  [ntdll.dll+0x5aa48]


---------------  P R O C E S S  ---------------

Threads class SMR info:
_java_thread_list=0x000002033c845a20, length=48, elements={
0x000002031d6761f0, 0x00000203314f4020, 0x00000203314f5640, 0x00000203314fbca0,
0x00000203314fca30, 0x00000203314fd8b0, 0x00000203314fe5d0, 0x00000203365cf420,
0x00000203365e1730, 0x000002033663a560, 0x000002031d6dad70, 0x0000020336806490,
0x0000020337d525a0, 0x0000020337d20c10, 0x00000203381cfec0, 0x00000203383295e0,
0x0000020338611fb0, 0x00000203385fa1a0, 0x00000203385fd950, 0x00000203385fc510,
0x00000203385fabc0, 0x00000203385fca20, 0x00000203385fa6b0, 0x00000203385fb0d0,
0x00000203385fd440, 0x00000203385fb5e0, 0x00000203385fbaf0, 0x000002033940aa70,
0x0000020339409630, 0x000002033940af80, 0x0000020339408700, 0x0000020339409b40,
0x0000020339406db0, 0x00000203394077d0, 0x0000020339407ce0, 0x0000020339406390,
0x000002033940a050, 0x0000020339409120, 0x000002033940b490, 0x0000020339404020,
0x000002033940b9a0, 0x0000020339405970, 0x0000020339405460, 0x0000020339405e80,
0x0000020339fc4670, 0x0000020339fc2300, 0x0000020338b3b540, 0x0000020338b36040
}

Java Threads: ( => current thread )
  0x000002031d6761f0 JavaThread "main" [_thread_blocked, id=24812, stack(0x0000001eb1f00000,0x0000001eb2000000)]
  0x00000203314f4020 JavaThread "Reference Handler" daemon [_thread_blocked, id=24416, stack(0x0000001eb2200000,0x0000001eb2300000)]
  0x00000203314f5640 JavaThread "Finalizer" daemon [_thread_blocked, id=20520, stack(0x0000001eb2300000,0x0000001eb2400000)]
  0x00000203314fbca0 JavaThread "Signal Dispatcher" daemon [_thread_blocked, id=9964, stack(0x0000001eb2400000,0x0000001eb2500000)]
  0x00000203314fca30 JavaThread "Attach Listener" daemon [_thread_blocked, id=15092, stack(0x0000001eb2500000,0x0000001eb2600000)]
  0x00000203314fd8b0 JavaThread "Service Thread" daemon [_thread_blocked, id=13512, stack(0x0000001eb2600000,0x0000001eb2700000)]
  0x00000203314fe5d0 JavaThread "Monitor Deflation Thread" daemon [_thread_blocked, id=12664, stack(0x0000001eb2700000,0x0000001eb2800000)]
=>0x00000203365cf420 JavaThread "C2 CompilerThread0" daemon [_thread_in_native, id=14084, stack(0x0000001eb2800000,0x0000001eb2900000)]
  0x00000203365e1730 JavaThread "C1 CompilerThread0" daemon [_thread_blocked, id=24532, stack(0x0000001eb2900000,0x0000001eb2a00000)]
  0x000002033663a560 JavaThread "Sweeper thread" daemon [_thread_blocked, id=20116, stack(0x0000001eb2a00000,0x0000001eb2b00000)]
  0x000002031d6dad70 JavaThread "Common-Cleaner" daemon [_thread_blocked, id=25056, stack(0x0000001eb2b00000,0x0000001eb2c00000)]
  0x0000020336806490 JavaThread "Notification Thread" daemon [_thread_blocked, id=16532, stack(0x0000001eb2c00000,0x0000001eb2d00000)]
  0x0000020337d525a0 JavaThread "Active Thread: Equinox Container: 5c8b5d2b-9e4c-4621-b093-9737827e4bce" [_thread_blocked, id=7172, stack(0x0000001eb3600000,0x0000001eb3700000)]
  0x0000020337d20c10 JavaThread "Framework Event Dispatcher: Equinox Container: 5c8b5d2b-9e4c-4621-b093-9737827e4bce" daemon [_thread_blocked, id=15264, stack(0x0000001eb3400000,0x0000001eb3500000)]
  0x00000203381cfec0 JavaThread "Start Level: Equinox Container: 5c8b5d2b-9e4c-4621-b093-9737827e4bce" daemon [_thread_blocked, id=24916, stack(0x0000001eb3500000,0x0000001eb3600000)]
  0x00000203383295e0 JavaThread "Bundle File Closer" daemon [_thread_blocked, id=16428, stack(0x0000001eb3a00000,0x0000001eb3b00000)]
  0x0000020338611fb0 JavaThread "SCR Component Actor" daemon [_thread_blocked, id=21820, stack(0x0000001eb3900000,0x0000001eb3a00000)]
  0x00000203385fa1a0 JavaThread "Worker-JM" [_thread_blocked, id=19932, stack(0x0000001eb3800000,0x0000001eb3900000)]
  0x00000203385fd950 JavaThread "Worker-0" [_thread_blocked, id=15320, stack(0x0000001eb3c00000,0x0000001eb3d00000)]
  0x00000203385fc510 JavaThread "Worker-1" [_thread_blocked, id=14160, stack(0x0000001eb3d00000,0x0000001eb3e00000)]
  0x00000203385fabc0 JavaThread "Java indexing" daemon [_thread_in_Java, id=23212, stack(0x0000001eb4000000,0x0000001eb4100000)]
  0x00000203385fca20 JavaThread "JNA Cleaner" daemon [_thread_blocked, id=12592, stack(0x0000001eb4100000,0x0000001eb4200000)]
  0x00000203385fa6b0 JavaThread "Thread-2" daemon [_thread_in_native, id=14136, stack(0x0000001eb4200000,0x0000001eb4300000)]
  0x00000203385fb0d0 JavaThread "Thread-3" daemon [_thread_in_native, id=21520, stack(0x0000001eb4300000,0x0000001eb4400000)]
  0x00000203385fd440 JavaThread "Thread-4" daemon [_thread_in_native, id=15028, stack(0x0000001eb4400000,0x0000001eb4500000)]
  0x00000203385fb5e0 JavaThread "Thread-5" daemon [_thread_in_native, id=16128, stack(0x0000001eb4500000,0x0000001eb4600000)]
  0x00000203385fbaf0 JavaThread "Thread-6" daemon [_thread_in_native, id=23328, stack(0x0000001eb4600000,0x0000001eb4700000)]
  0x000002033940aa70 JavaThread "Thread-7" daemon [_thread_in_native, id=22932, stack(0x0000001eb4700000,0x0000001eb4800000)]
  0x0000020339409630 JavaThread "Thread-8" daemon [_thread_in_native, id=6624, stack(0x0000001eb4800000,0x0000001eb4900000)]
  0x000002033940af80 JavaThread "Thread-9" daemon [_thread_in_native, id=10348, stack(0x0000001eb4900000,0x0000001eb4a00000)]
  0x0000020339408700 JavaThread "Thread-10" daemon [_thread_in_native, id=24440, stack(0x0000001eb4a00000,0x0000001eb4b00000)]
  0x0000020339409b40 JavaThread "pool-2-thread-1" [_thread_blocked, id=18320, stack(0x0000001eb4b00000,0x0000001eb4c00000)]
  0x0000020339406db0 JavaThread "Worker-2" [_thread_blocked, id=16960, stack(0x0000001eb4c00000,0x0000001eb4d00000)]
  0x00000203394077d0 JavaThread "WorkspaceEventsHandler" [_thread_blocked, id=10292, stack(0x0000001eb4d00000,0x0000001eb4e00000)]
  0x0000020339407ce0 JavaThread "pool-1-thread-1" [_thread_blocked, id=22936, stack(0x0000001eb4e00000,0x0000001eb4f00000)]
  0x0000020339406390 JavaThread "Worker-3" [_thread_blocked, id=12776, stack(0x0000001eb4f00000,0x0000001eb5000000)]
  0x000002033940a050 JavaThread "Worker-4" [_thread_blocked, id=13188, stack(0x0000001eb5000000,0x0000001eb5100000)]
  0x0000020339409120 JavaThread "ForkJoinPool.commonPool-worker-1" daemon [_thread_blocked, id=22804, stack(0x0000001eb3f00000,0x0000001eb4000000)]
  0x000002033940b490 JavaThread "ForkJoinPool.commonPool-worker-2" daemon [_thread_blocked, id=13948, stack(0x0000001eb5100000,0x0000001eb5200000)]
  0x0000020339404020 JavaThread "ForkJoinPool.commonPool-worker-3" daemon [_thread_blocked, id=14148, stack(0x0000001eb5200000,0x0000001eb5300000)]
  0x000002033940b9a0 JavaThread "ForkJoinPool.commonPool-worker-4" daemon [_thread_blocked, id=9488, stack(0x0000001eb5300000,0x0000001eb5400000)]
  0x0000020339405970 JavaThread "ForkJoinPool.commonPool-worker-5" daemon [_thread_blocked, id=3704, stack(0x0000001eb5400000,0x0000001eb5500000)]
  0x0000020339405460 JavaThread "ForkJoinPool.commonPool-worker-6" daemon [_thread_blocked, id=24652, stack(0x0000001eb5500000,0x0000001eb5600000)]
  0x0000020339405e80 JavaThread "ForkJoinPool.commonPool-worker-7" daemon [_thread_blocked, id=2192, stack(0x0000001eb5600000,0x0000001eb5700000)]
  0x0000020339fc4670 JavaThread "SCR Component Registry" daemon [_thread_blocked, id=13508, stack(0x0000001eb5700000,0x0000001eb5800000)]
  0x0000020339fc2300 JavaThread "Cleaner-0" daemon [_thread_blocked, id=1136, stack(0x0000001eb5900000,0x0000001eb5a00000)]
  0x0000020338b3b540 JavaThread "C2 CompilerThread1" daemon [_thread_in_native, id=17576, stack(0x0000001eb3b00000,0x0000001eb3c00000)]
  0x0000020338b36040 JavaThread "C2 CompilerThread2" daemon [_thread_in_native, id=9132, stack(0x0000001eb3e00000,0x0000001eb3f00000)]

Other Threads:
  0x00000203365a14b0 VMThread "VM Thread" [stack: 0x0000001eb2100000,0x0000001eb2200000] [id=16432]
  0x0000020336910060 WatcherThread [stack: 0x0000001eb2d00000,0x0000001eb2e00000] [id=14528]
  0x000002031d68cca0 GCTaskThread "GC Thread#0" [stack: 0x0000001eb2000000,0x0000001eb2100000] [id=12216]
  0x00000203379618f0 GCTaskThread "GC Thread#1" [stack: 0x0000001eb2e00000,0x0000001eb2f00000] [id=4092]
  0x0000020337b9c3d0 GCTaskThread "GC Thread#2" [stack: 0x0000001eb2f00000,0x0000001eb3000000] [id=23388]
  0x0000020337b9c690 GCTaskThread "GC Thread#3" [stack: 0x0000001eb3000000,0x0000001eb3100000] [id=11112]
  0x0000020337b9c950 GCTaskThread "GC Thread#4" [stack: 0x0000001eb3100000,0x0000001eb3200000] [id=24800]
  0x0000020337b9cc10 GCTaskThread "GC Thread#5" [stack: 0x0000001eb3200000,0x0000001eb3300000] [id=15600]
  0x0000020337ce30d0 GCTaskThread "GC Thread#6" [stack: 0x0000001eb3300000,0x0000001eb3400000] [id=25412]
  0x000002031b565a10 GCTaskThread "GC Thread#7" [stack: 0x0000001eb3700000,0x0000001eb3800000] [id=20812]

Threads with active compile tasks:
C2 CompilerThread0    23130 11814       4       org.eclipse.jdt.internal.compiler.lookup.LookupEnvironment::getTypeFromTypeSignature (770 bytes)
C2 CompilerThread1    23130 11882       4       org.eclipse.jdt.internal.compiler.lookup.BinaryTypeBinding::createMethod (1724 bytes)
C2 CompilerThread2    23130 11813       4       org.eclipse.jdt.internal.compiler.lookup.LookupEnvironment::createParameterizedType (44 bytes)

VM state: not at safepoint (normal execution)

VM Mutex/Monitor currently owned by a thread: None

Heap address: 0x00000000c0000000, size: 1024 MB, Compressed Oops mode: 32-bit

CDS archive(s) not mapped
Compressed class space mapped at: 0x0000000100000000-0x0000000140000000, reserved size: 1073741824
Narrow klass base: 0x0000000000000000, Narrow klass shift: 3, Narrow klass range: 0x140000000

GC Precious Log:
 CPUs: 8 total, 8 available
 Memory: 16187M
 Large Page Support: Disabled
 NUMA Support: Disabled
 Compressed Oops: Enabled (32-bit)
 Alignments: Space 512K, Generation 512K, Heap 2M
 Heap Min Capacity: 100M
 Heap Initial Capacity: 100M
 Heap Max Capacity: 1G
 Pre-touch: Disabled
 Parallel Workers: 8

Heap:
 PSYoungGen      total 36352K, used 11318K [0x00000000eab00000, 0x00000000ee300000, 0x0000000100000000)
  eden space 25088K, 1% used [0x00000000eab00000,0x00000000eab5dd38,0x00000000ec380000)
  from space 11264K, 97% used [0x00000000ec380000,0x00000000ece2fb90,0x00000000ece80000)
  to   space 15360K, 0% used [0x00000000ed400000,0x00000000ed400000,0x00000000ee300000)
 ParOldGen       total 312832K, used 275678K [0x00000000c0000000, 0x00000000d3180000, 0x00000000eab00000)
  object space 312832K, 88% used [0x00000000c0000000,0x00000000d0d379a0,0x00000000d3180000)
 Metaspace       used 76213K, committed 77632K, reserved 1179648K
  class space    used 7933K, committed 8576K, reserved 1048576K

Card table byte_map: [0x000002031d000000,0x000002031d210000] _byte_map_base: 0x000002031ca00000

Marking Bits: (ParMarkBitMap*) 0x00007ffc9c28d820
 Begin Bits: [0x000002032f300000, 0x0000020330300000)
 End Bits:   [0x0000020330300000, 0x0000020331300000)

Polling page: 0x000002031b460000

Metaspace:

Usage:
  Non-class:     66.68 MB used.
      Class:      7.75 MB used.
       Both:     74.43 MB used.

Virtual space:
  Non-class space:      128.00 MB reserved,      67.44 MB ( 53%) committed,  2 nodes.
      Class space:        1.00 GB reserved,       8.38 MB ( <1%) committed,  1 nodes.
             Both:        1.12 GB reserved,      75.81 MB (  7%) committed. 

Chunk freelists:
   Non-Class:  11.89 MB
       Class:  7.47 MB
        Both:  19.36 MB

MaxMetaspaceSize: unlimited
CompressedClassSpaceSize: 1.00 GB
Initial GC threshold: 21.00 MB
Current GC threshold: 125.75 MB
CDS: off
MetaspaceReclaimPolicy: balanced
 - commit_granule_bytes: 65536.
 - commit_granule_words: 8192.
 - virtual_space_node_default_size: 8388608.
 - enlarge_chunks_in_place: 1.
 - new_chunks_are_fully_committed: 0.
 - uncommit_free_chunks: 1.
 - use_allocation_guard: 0.
 - handle_deallocations: 1.


Internal statistics:

num_allocs_failed_limit: 6.
num_arena_births: 1044.
num_arena_deaths: 16.
num_vsnodes_births: 3.
num_vsnodes_deaths: 0.
num_space_committed: 1213.
num_space_uncommitted: 0.
num_chunks_returned_to_freelist: 22.
num_chunks_taken_from_freelist: 4337.
num_chunk_merges: 8.
num_chunk_splits: 2649.
num_chunks_enlarged: 1479.
num_inconsistent_stats: 0.

CodeHeap 'non-profiled nmethods': size=120000Kb used=7045Kb max_used=7045Kb free=112954Kb
 bounds [0x0000020327dd0000, 0x00000203284c0000, 0x000002032f300000]
CodeHeap 'profiled nmethods': size=120000Kb used=20708Kb max_used=20708Kb free=99291Kb
 bounds [0x0000020320300000, 0x0000020321740000, 0x0000020327830000]
CodeHeap 'non-nmethods': size=5760Kb used=1397Kb max_used=1639Kb free=4362Kb
 bounds [0x0000020327830000, 0x0000020327aa0000, 0x0000020327dd0000]
 total_blobs=10791 nmethods=10037 adapters=666
 compilation: enabled
              stopped_count=0, restarted_count=0
 full_count=0

Compilation events (20 events):
Event: 22.969 Thread 0x0000020338b36040 nmethod 11831 0x00000203284ace10 code [0x00000203284acfa0, 0x00000203284ad158]
Event: 22.969 Thread 0x0000020338b36040 12003       4       org.eclipse.jdt.internal.compiler.lookup.LookupEnvironment::convertUnresolvedBinaryToRawType (291 bytes)
Event: 22.977 Thread 0x0000020338b36040 nmethod 12003 0x00000203284ad290 code [0x00000203284ad460, 0x00000203284ad8b8]
Event: 22.977 Thread 0x0000020338b36040 11808       4       org.eclipse.jdt.internal.compiler.lookup.PlainPackageBinding::getIncarnation (12 bytes)
Event: 22.978 Thread 0x0000020338b36040 nmethod 11808 0x00000203284adc10 code [0x00000203284add80, 0x00000203284ade18]
Event: 22.978 Thread 0x0000020338b36040 11828       4       lombok.eclipse.EclipseNode::calculateIsStructurallySignificant (62 bytes)
Event: 22.980 Thread 0x0000020338b36040 nmethod 11828 0x00000203284adf10 code [0x00000203284ae0a0, 0x00000203284ae198]
Event: 22.980 Thread 0x0000020338b36040 11904       4       org.eclipse.jdt.core.dom.ASTNode::accept (40 bytes)
Event: 22.982 Thread 0x0000020338b36040 nmethod 11904 0x00000203284ae290 code [0x00000203284ae420, 0x00000203284ae548]
Event: 22.982 Thread 0x0000020338b36040 11832       4       java.util.LinkedHashMap$LinkedKeySet::iterator (12 bytes)
Event: 22.984 Thread 0x0000020338b36040 nmethod 11832 0x00000203284ae690 code [0x00000203284ae820, 0x00000203284ae938]
Event: 22.984 Thread 0x0000020338b36040 11807       4       org.eclipse.jdt.internal.compiler.lookup.ModuleBinding::completeIfNeeded (53 bytes)
Event: 22.987 Thread 0x0000020338b36040 nmethod 11807 0x00000203284aea90 code [0x00000203284aec20, 0x00000203284aee28]
Event: 22.987 Thread 0x0000020338b36040 11812       4       org.eclipse.jdt.internal.compiler.lookup.ReferenceBinding::storeAnnotationHolder (43 bytes)
Event: 23.011 Thread 0x0000020338b36040 nmethod 11812 0x00000203284af010 code [0x00000203284af240, 0x00000203284afc58]
Event: 23.011 Thread 0x0000020338b36040 11809       4       org.eclipse.jdt.internal.compiler.parser.Parser::pushOnIntStack (54 bytes)
Event: 23.012 Thread 0x0000020338b36040 nmethod 11809 0x00000203284b0490 code [0x00000203284b0600, 0x00000203284b06d8]
Event: 23.012 Thread 0x0000020338b36040 11819       4       org.eclipse.jdt.internal.compiler.lookup.PackageBinding::getPackage0 (12 bytes)
Event: 23.026 Thread 0x0000020338b36040 nmethod 11819 0x00000203284b0810 code [0x00000203284b09c0, 0x00000203284b10d8]
Event: 23.026 Thread 0x0000020338b36040 11813       4       org.eclipse.jdt.internal.compiler.lookup.LookupEnvironment::createParameterizedType (44 bytes)

GC Heap History (20 events):
Event: 21.281 GC heap after
{Heap after GC invocations=145 (full 10):
 PSYoungGen      total 39936K, used 11479K [0x00000000eab00000, 0x00000000ee200000, 0x0000000100000000)
  eden space 28160K, 0% used [0x00000000eab00000,0x00000000eab00000,0x00000000ec680000)
  from space 11776K, 97% used [0x00000000ed680000,0x00000000ee1b5de8,0x00000000ee200000)
  to   space 13312K, 0% used [0x00000000ec800000,0x00000000ec800000,0x00000000ed500000)
 ParOldGen       total 253440K, used 229510K [0x00000000c0000000, 0x00000000cf780000, 0x00000000eab00000)
  object space 253440K, 90% used [0x00000000c0000000,0x00000000ce021a08,0x00000000cf780000)
 Metaspace       used 75828K, committed 77248K, reserved 1179648K
  class space    used 7932K, committed 8576K, reserved 1048576K
}
Event: 21.382 GC heap before
{Heap before GC invocations=146 (full 10):
 PSYoungGen      total 39936K, used 39639K [0x00000000eab00000, 0x00000000ee200000, 0x0000000100000000)
  eden space 28160K, 100% used [0x00000000eab00000,0x00000000ec680000,0x00000000ec680000)
  from space 11776K, 97% used [0x00000000ed680000,0x00000000ee1b5de8,0x00000000ee200000)
  to   space 13312K, 0% used [0x00000000ec800000,0x00000000ec800000,0x00000000ed500000)
 ParOldGen       total 253440K, used 229510K [0x00000000c0000000, 0x00000000cf780000, 0x00000000eab00000)
  object space 253440K, 90% used [0x00000000c0000000,0x00000000ce021a08,0x00000000cf780000)
 Metaspace       used 75828K, committed 77248K, reserved 1179648K
  class space    used 7932K, committed 8576K, reserved 1048576K
}
Event: 21.390 GC heap after
{Heap after GC invocations=146 (full 10):
 PSYoungGen      total 42496K, used 13286K [0x00000000eab00000, 0x00000000eeb80000, 0x0000000100000000)
  eden space 29184K, 0% used [0x00000000eab00000,0x00000000eab00000,0x00000000ec780000)
  from space 13312K, 99% used [0x00000000ec800000,0x00000000ed4f98c8,0x00000000ed500000)
  to   space 18432K, 0% used [0x00000000ed980000,0x00000000ed980000,0x00000000eeb80000)
 ParOldGen       total 253440K, used 233388K [0x00000000c0000000, 0x00000000cf780000, 0x00000000eab00000)
  object space 253440K, 92% used [0x00000000c0000000,0x00000000ce3eb010,0x00000000cf780000)
 Metaspace       used 75828K, committed 77248K, reserved 1179648K
  class space    used 7932K, committed 8576K, reserved 1048576K
}
Event: 21.514 GC heap before
{Heap before GC invocations=147 (full 10):
 PSYoungGen      total 42496K, used 42470K [0x00000000eab00000, 0x00000000eeb80000, 0x0000000100000000)
  eden space 29184K, 100% used [0x00000000eab00000,0x00000000ec780000,0x00000000ec780000)
  from space 13312K, 99% used [0x00000000ec800000,0x00000000ed4f98c8,0x00000000ed500000)
  to   space 18432K, 0% used [0x00000000ed980000,0x00000000ed980000,0x00000000eeb80000)
 ParOldGen       total 253440K, used 233388K [0x00000000c0000000, 0x00000000cf780000, 0x00000000eab00000)
  object space 253440K, 92% used [0x00000000c0000000,0x00000000ce3eb010,0x00000000cf780000)
 Metaspace       used 75829K, committed 77248K, reserved 1179648K
  class space    used 7932K, committed 8576K, reserved 1048576K
}
Event: 21.524 GC heap after
{Heap after GC invocations=147 (full 10):
 PSYoungGen      total 41984K, used 11042K [0x00000000eab00000, 0x00000000ee480000, 0x0000000100000000)
  eden space 30720K, 0% used [0x00000000eab00000,0x00000000eab00000,0x00000000ec900000)
  from space 11264K, 98% used [0x00000000ed980000,0x00000000ee448a08,0x00000000ee480000)
  to   space 13312K, 0% used [0x00000000eca80000,0x00000000eca80000,0x00000000ed780000)
 ParOldGen       total 253440K, used 242005K [0x00000000c0000000, 0x00000000cf780000, 0x00000000eab00000)
  object space 253440K, 95% used [0x00000000c0000000,0x00000000cec55528,0x00000000cf780000)
 Metaspace       used 75829K, committed 77248K, reserved 1179648K
  class space    used 7932K, committed 8576K, reserved 1048576K
}
Event: 21.669 GC heap before
{Heap before GC invocations=148 (full 10):
 PSYoungGen      total 41984K, used 41762K [0x00000000eab00000, 0x00000000ee480000, 0x0000000100000000)
  eden space 30720K, 100% used [0x00000000eab00000,0x00000000ec900000,0x00000000ec900000)
  from space 11264K, 98% used [0x00000000ed980000,0x00000000ee448a08,0x00000000ee480000)
  to   space 13312K, 0% used [0x00000000eca80000,0x00000000eca80000,0x00000000ed780000)
 ParOldGen       total 253440K, used 242005K [0x00000000c0000000, 0x00000000cf780000, 0x00000000eab00000)
  object space 253440K, 95% used [0x00000000c0000000,0x00000000cec55528,0x00000000cf780000)
 Metaspace       used 75830K, committed 77248K, reserved 1179648K
  class space    used 7932K, committed 8576K, reserved 1048576K
}
Event: 21.676 GC heap after
{Heap after GC invocations=148 (full 10):
 PSYoungGen      total 45568K, used 13284K [0x00000000eab00000, 0x00000000eef80000, 0x0000000100000000)
  eden space 32256K, 0% used [0x00000000eab00000,0x00000000eab00000,0x00000000eca80000)
  from space 13312K, 99% used [0x00000000eca80000,0x00000000ed7790e0,0x00000000ed780000)
  to   space 18944K, 0% used [0x00000000edd00000,0x00000000edd00000,0x00000000eef80000)
 ParOldGen       total 253440K, used 246047K [0x00000000c0000000, 0x00000000cf780000, 0x00000000eab00000)
  object space 253440K, 97% used [0x00000000c0000000,0x00000000cf047ed8,0x00000000cf780000)
 Metaspace       used 75830K, committed 77248K, reserved 1179648K
  class space    used 7932K, committed 8576K, reserved 1048576K
}
Event: 21.844 GC heap before
{Heap before GC invocations=149 (full 10):
 PSYoungGen      total 45568K, used 45540K [0x00000000eab00000, 0x00000000eef80000, 0x0000000100000000)
  eden space 32256K, 100% used [0x00000000eab00000,0x00000000eca80000,0x00000000eca80000)
  from space 13312K, 99% used [0x00000000eca80000,0x00000000ed7790e0,0x00000000ed780000)
  to   space 18944K, 0% used [0x00000000edd00000,0x00000000edd00000,0x00000000eef80000)
 ParOldGen       total 253440K, used 246047K [0x00000000c0000000, 0x00000000cf780000, 0x00000000eab00000)
  object space 253440K, 97% used [0x00000000c0000000,0x00000000cf047ed8,0x00000000cf780000)
 Metaspace       used 75830K, committed 77248K, reserved 1179648K
  class space    used 7932K, committed 8576K, reserved 1048576K
}
Event: 21.852 GC heap after
{Heap after GC invocations=149 (full 10):
 PSYoungGen      total 46080K, used 12230K [0x00000000eab00000, 0x00000000ee900000, 0x0000000100000000)
  eden space 33792K, 0% used [0x00000000eab00000,0x00000000eab00000,0x00000000ecc00000)
  from space 12288K, 99% used [0x00000000edd00000,0x00000000ee8f1890,0x00000000ee900000)
  to   space 14336K, 0% used [0x00000000ecd00000,0x00000000ecd00000,0x00000000edb00000)
 ParOldGen       total 254464K, used 254230K [0x00000000c0000000, 0x00000000cf880000, 0x00000000eab00000)
  object space 254464K, 99% used [0x00000000c0000000,0x00000000cf845b40,0x00000000cf880000)
 Metaspace       used 75830K, committed 77248K, reserved 1179648K
  class space    used 7932K, committed 8576K, reserved 1048576K
}
Event: 21.852 GC heap before
{Heap before GC invocations=150 (full 11):
 PSYoungGen      total 46080K, used 12230K [0x00000000eab00000, 0x00000000ee900000, 0x0000000100000000)
  eden space 33792K, 0% used [0x00000000eab00000,0x00000000eab00000,0x00000000ecc00000)
  from space 12288K, 99% used [0x00000000edd00000,0x00000000ee8f1890,0x00000000ee900000)
  to   space 14336K, 0% used [0x00000000ecd00000,0x00000000ecd00000,0x00000000edb00000)
 ParOldGen       total 254464K, used 254230K [0x00000000c0000000, 0x00000000cf880000, 0x00000000eab00000)
  object space 254464K, 99% used [0x00000000c0000000,0x00000000cf845b40,0x00000000cf880000)
 Metaspace       used 75830K, committed 77248K, reserved 1179648K
  class space    used 7932K, committed 8576K, reserved 1048576K
}
Event: 22.181 GC heap after
{Heap after GC invocations=150 (full 11):
 PSYoungGen      total 48128K, used 1880K [0x00000000eab00000, 0x00000000eea00000, 0x0000000100000000)
  eden space 35840K, 0% used [0x00000000eab00000,0x00000000eab00000,0x00000000ece00000)
  from space 12288K, 15% used [0x00000000edd00000,0x00000000eded62f8,0x00000000ee900000)
  to   space 14336K, 0% used [0x00000000ece00000,0x00000000ece00000,0x00000000edc00000)
 ParOldGen       total 312832K, used 254455K [0x00000000c0000000, 0x00000000d3180000, 0x00000000eab00000)
  object space 312832K, 81% used [0x00000000c0000000,0x00000000cf87dee8,0x00000000d3180000)
 Metaspace       used 75828K, committed 77248K, reserved 1179648K
  class space    used 7932K, committed 8576K, reserved 1048576K
}
Event: 22.310 GC heap before
{Heap before GC invocations=151 (full 11):
 PSYoungGen      total 48128K, used 37720K [0x00000000eab00000, 0x00000000eea00000, 0x0000000100000000)
  eden space 35840K, 100% used [0x00000000eab00000,0x00000000ece00000,0x00000000ece00000)
  from space 12288K, 15% used [0x00000000edd00000,0x00000000eded62f8,0x00000000ee900000)
  to   space 14336K, 0% used [0x00000000ece00000,0x00000000ece00000,0x00000000edc00000)
 ParOldGen       total 312832K, used 254455K [0x00000000c0000000, 0x00000000d3180000, 0x00000000eab00000)
  object space 312832K, 81% used [0x00000000c0000000,0x00000000cf87dee8,0x00000000d3180000)
 Metaspace       used 75828K, committed 77248K, reserved 1179648K
  class space    used 7932K, committed 8576K, reserved 1048576K
}
Event: 22.328 GC heap after
{Heap after GC invocations=151 (full 11):
 PSYoungGen      total 46080K, used 10037K [0x00000000eab00000, 0x00000000ee600000, 0x0000000100000000)
  eden space 35840K, 0% used [0x00000000eab00000,0x00000000eab00000,0x00000000ece00000)
  from space 10240K, 98% used [0x00000000ece00000,0x00000000ed7cd460,0x00000000ed800000)
  to   space 11264K, 0% used [0x00000000edb00000,0x00000000edb00000,0x00000000ee600000)
 ParOldGen       total 312832K, used 254455K [0x00000000c0000000, 0x00000000d3180000, 0x00000000eab00000)
  object space 312832K, 81% used [0x00000000c0000000,0x00000000cf87dee8,0x00000000d3180000)
 Metaspace       used 75828K, committed 77248K, reserved 1179648K
  class space    used 7932K, committed 8576K, reserved 1048576K
}
Event: 22.440 GC heap before
{Heap before GC invocations=152 (full 11):
 PSYoungGen      total 46080K, used 45877K [0x00000000eab00000, 0x00000000ee600000, 0x0000000100000000)
  eden space 35840K, 100% used [0x00000000eab00000,0x00000000ece00000,0x00000000ece00000)
  from space 10240K, 98% used [0x00000000ece00000,0x00000000ed7cd460,0x00000000ed800000)
  to   space 11264K, 0% used [0x00000000edb00000,0x00000000edb00000,0x00000000ee600000)
 ParOldGen       total 312832K, used 254455K [0x00000000c0000000, 0x00000000d3180000, 0x00000000eab00000)
  object space 312832K, 81% used [0x00000000c0000000,0x00000000cf87dee8,0x00000000d3180000)
 Metaspace       used 75828K, committed 77248K, reserved 1179648K
  class space    used 7932K, committed 8576K, reserved 1048576K
}
Event: 22.448 GC heap after
{Heap after GC invocations=152 (full 11):
 PSYoungGen      total 40960K, used 11257K [0x00000000eab00000, 0x00000000ef600000, 0x0000000100000000)
  eden space 29696K, 0% used [0x00000000eab00000,0x00000000eab00000,0x00000000ec800000)
  from space 11264K, 99% used [0x00000000edb00000,0x00000000ee5fe428,0x00000000ee600000)
  to   space 19456K, 0% used [0x00000000ec800000,0x00000000ec800000,0x00000000edb00000)
 ParOldGen       total 312832K, used 260849K [0x00000000c0000000, 0x00000000d3180000, 0x00000000eab00000)
  object space 312832K, 83% used [0x00000000c0000000,0x00000000cfebc6f8,0x00000000d3180000)
 Metaspace       used 75828K, committed 77248K, reserved 1179648K
  class space    used 7932K, committed 8576K, reserved 1048576K
}
Event: 22.554 GC heap before
{Heap before GC invocations=153 (full 11):
 PSYoungGen      total 40960K, used 40953K [0x00000000eab00000, 0x00000000ef600000, 0x0000000100000000)
  eden space 29696K, 100% used [0x00000000eab00000,0x00000000ec800000,0x00000000ec800000)
  from space 11264K, 99% used [0x00000000edb00000,0x00000000ee5fe428,0x00000000ee600000)
  to   space 19456K, 0% used [0x00000000ec800000,0x00000000ec800000,0x00000000edb00000)
 ParOldGen       total 312832K, used 260849K [0x00000000c0000000, 0x00000000d3180000, 0x00000000eab00000)
  object space 312832K, 83% used [0x00000000c0000000,0x00000000cfebc6f8,0x00000000d3180000)
 Metaspace       used 75828K, committed 77248K, reserved 1179648K
  class space    used 7932K, committed 8576K, reserved 1048576K
}
Event: 22.563 GC heap after
{Heap after GC invocations=153 (full 11):
 PSYoungGen      total 46592K, used 16427K [0x00000000eab00000, 0x00000000eeb00000, 0x0000000100000000)
  eden space 29696K, 0% used [0x00000000eab00000,0x00000000eab00000,0x00000000ec800000)
  from space 16896K, 97% used [0x00000000ec800000,0x00000000ed80ae10,0x00000000ed880000)
  to   space 16896K, 0% used [0x00000000eda80000,0x00000000eda80000,0x00000000eeb00000)
 ParOldGen       total 312832K, used 262003K [0x00000000c0000000, 0x00000000d3180000, 0x00000000eab00000)
  object space 312832K, 83% used [0x00000000c0000000,0x00000000cffdcda0,0x00000000d3180000)
 Metaspace       used 75828K, committed 77248K, reserved 1179648K
  class space    used 7932K, committed 8576K, reserved 1048576K
}
Event: 22.777 GC heap before
{Heap before GC invocations=154 (full 11):
 PSYoungGen      total 46592K, used 46123K [0x00000000eab00000, 0x00000000eeb00000, 0x0000000100000000)
  eden space 29696K, 100% used [0x00000000eab00000,0x00000000ec800000,0x00000000ec800000)
  from space 16896K, 97% used [0x00000000ec800000,0x00000000ed80ae10,0x00000000ed880000)
  to   space 16896K, 0% used [0x00000000eda80000,0x00000000eda80000,0x00000000eeb00000)
 ParOldGen       total 312832K, used 262003K [0x00000000c0000000, 0x00000000d3180000, 0x00000000eab00000)
  object space 312832K, 83% used [0x00000000c0000000,0x00000000cffdcda0,0x00000000d3180000)
 Metaspace       used 76026K, committed 77440K, reserved 1179648K
  class space    used 7932K, committed 8576K, reserved 1048576K
}
Event: 22.786 GC heap after
{Heap after GC invocations=154 (full 11):
 PSYoungGen      total 41984K, used 16883K [0x00000000eab00000, 0x00000000ef780000, 0x0000000100000000)
  eden space 25088K, 0% used [0x00000000eab00000,0x00000000eab00000,0x00000000ec380000)
  from space 16896K, 99% used [0x00000000eda80000,0x00000000eeafced0,0x00000000eeb00000)
  to   space 23552K, 0% used [0x00000000ec380000,0x00000000ec380000,0x00000000eda80000)
 ParOldGen       total 312832K, used 267492K [0x00000000c0000000, 0x00000000d3180000, 0x00000000eab00000)
  object space 312832K, 85% used [0x00000000c0000000,0x00000000d0539078,0x00000000d3180000)
 Metaspace       used 76026K, committed 77440K, reserved 1179648K
  class space    used 7932K, committed 8576K, reserved 1048576K
}
Event: 23.088 GC heap before
{Heap before GC invocations=155 (full 11):
 PSYoungGen      total 41984K, used 41971K [0x00000000eab00000, 0x00000000ef780000, 0x0000000100000000)
  eden space 25088K, 100% used [0x00000000eab00000,0x00000000ec380000,0x00000000ec380000)
  from space 16896K, 99% used [0x00000000eda80000,0x00000000eeafced0,0x00000000eeb00000)
  to   space 23552K, 0% used [0x00000000ec380000,0x00000000ec380000,0x00000000eda80000)
 ParOldGen       total 312832K, used 267492K [0x00000000c0000000, 0x00000000d3180000, 0x00000000eab00000)
  object space 312832K, 85% used [0x00000000c0000000,0x00000000d0539078,0x00000000d3180000)
 Metaspace       used 76213K, committed 77632K, reserved 1179648K
  class space    used 7933K, committed 8576K, reserved 1048576K
}

Dll operation events (11 events):
Event: 0.012 Loaded shared library c:\Users\papth\.vscode\extensions\redhat.java-1.31.0-win32-x64\jre\17.0.11-win32-x86_64\bin\java.dll
Event: 0.243 Loaded shared library c:\Users\papth\.vscode\extensions\redhat.java-1.31.0-win32-x64\jre\17.0.11-win32-x86_64\bin\zip.dll
Event: 0.253 Loaded shared library C:\Users\papth\.vscode\extensions\redhat.java-1.31.0-win32-x64\jre\17.0.11-win32-x86_64\bin\instrument.dll
Event: 0.285 Loaded shared library C:\Users\papth\.vscode\extensions\redhat.java-1.31.0-win32-x64\jre\17.0.11-win32-x86_64\bin\net.dll
Event: 0.289 Loaded shared library C:\Users\papth\.vscode\extensions\redhat.java-1.31.0-win32-x64\jre\17.0.11-win32-x86_64\bin\nio.dll
Event: 0.300 Loaded shared library C:\Users\papth\.vscode\extensions\redhat.java-1.31.0-win32-x64\jre\17.0.11-win32-x86_64\bin\zip.dll
Event: 0.324 Loaded shared library C:\Users\papth\.vscode\extensions\redhat.java-1.31.0-win32-x64\jre\17.0.11-win32-x86_64\bin\jimage.dll
Event: 0.444 Loaded shared library c:\Users\papth\.vscode\extensions\redhat.java-1.31.0-win32-x64\jre\17.0.11-win32-x86_64\bin\verify.dll
Event: 2.272 Loaded shared library C:\Users\papth\AppData\Roaming\Code\User\globalStorage\redhat.java\1.31.0\config_win\org.eclipse.equinox.launcher\org.eclipse.equinox.launcher.win32.win32.x86_64_1.2.1000.v20240507-1834\eclipse_11902.dll
Event: 5.297 Loaded shared library C:\Users\papth\AppData\Local\Temp\jna-106435411\jna18326279998136082780.dll
Event: 15.919 Loaded shared library C:\Users\papth\.vscode\extensions\redhat.java-1.31.0-win32-x64\jre\17.0.11-win32-x86_64\bin\sunmscapi.dll

Deoptimization events (20 events):
Event: 22.597 Thread 0x0000020339409120 Uncommon trap: trap_request=0xffffffc6 fr.pc=0x0000020327f83fa8 relative=0x0000000000003ba8
Event: 22.598 Thread 0x0000020339409120 Uncommon trap: reason=bimorphic_or_optimized_type_check action=maybe_recompile pc=0x0000020327f83fa8 method=org.eclipse.jdt.internal.core.Openable.exists()Z @ 13 c2
Event: 22.598 Thread 0x0000020339409120 DEOPT PACKING pc=0x0000020327f83fa8 sp=0x0000001eb3ffd900
Event: 22.598 Thread 0x0000020339409120 DEOPT UNPACKING pc=0x00000203278866a3 sp=0x0000001eb3ffd900 mode 2
Event: 22.598 Thread 0x0000020339409120 Uncommon trap: trap_request=0xffffffc6 fr.pc=0x0000020327f83fa8 relative=0x0000000000003ba8
Event: 22.598 Thread 0x0000020339409120 Uncommon trap: reason=bimorphic_or_optimized_type_check action=maybe_recompile pc=0x0000020327f83fa8 method=org.eclipse.jdt.internal.core.Openable.exists()Z @ 13 c2
Event: 22.598 Thread 0x0000020339409120 DEOPT PACKING pc=0x0000020327f83fa8 sp=0x0000001eb3ffd900
Event: 22.598 Thread 0x0000020339409120 DEOPT UNPACKING pc=0x00000203278866a3 sp=0x0000001eb3ffd900 mode 2
Event: 22.598 Thread 0x0000020339409120 Uncommon trap: trap_request=0xffffffc6 fr.pc=0x0000020327f83fa8 relative=0x0000000000003ba8
Event: 22.598 Thread 0x0000020339409120 Uncommon trap: reason=bimorphic_or_optimized_type_check action=maybe_recompile pc=0x0000020327f83fa8 method=org.eclipse.jdt.internal.core.Openable.exists()Z @ 13 c2
Event: 22.598 Thread 0x0000020339409120 DEOPT PACKING pc=0x0000020327f83fa8 sp=0x0000001eb3ffd900
Event: 22.598 Thread 0x0000020339409120 DEOPT UNPACKING pc=0x00000203278866a3 sp=0x0000001eb3ffd900 mode 2
Event: 22.711 Thread 0x0000020339409120 DEOPT PACKING pc=0x0000020321270085 sp=0x0000001eb3ffccb0
Event: 22.711 Thread 0x0000020339409120 DEOPT UNPACKING pc=0x0000020327886e43 sp=0x0000001eb3ffc1c0 mode 0
Event: 22.762 Thread 0x0000020339409120 DEOPT PACKING pc=0x0000020320ac16c3 sp=0x0000001eb3ffdf60
Event: 22.762 Thread 0x0000020339409120 DEOPT UNPACKING pc=0x0000020327886e43 sp=0x0000001eb3ffd3e8 mode 0
Event: 22.937 Thread 0x0000020339409120 Uncommon trap: trap_request=0xffffffde fr.pc=0x00000203282e026c relative=0x000000000000006c
Event: 22.937 Thread 0x0000020339409120 Uncommon trap: reason=class_check action=maybe_recompile pc=0x00000203282e026c method=java.util.LinkedHashMap.afterNodeInsertion(Z)V @ 15 c2
Event: 22.937 Thread 0x0000020339409120 DEOPT PACKING pc=0x00000203282e026c sp=0x0000001eb3ffe810
Event: 22.937 Thread 0x0000020339409120 DEOPT UNPACKING pc=0x00000203278866a3 sp=0x0000001eb3ffe788 mode 2

Classes unloaded (8 events):
Event: 3.611 Thread 0x00000203365a14b0 Unloading class 0x0000000100250800 'java/lang/invoke/LambdaForm$MH+0x0000000100250800'
Event: 3.611 Thread 0x00000203365a14b0 Unloading class 0x0000000100250400 'java/lang/invoke/LambdaForm$MH+0x0000000100250400'
Event: 3.611 Thread 0x00000203365a14b0 Unloading class 0x0000000100250000 'java/lang/invoke/LambdaForm$MH+0x0000000100250000'
Event: 3.611 Thread 0x00000203365a14b0 Unloading class 0x000000010024bc00 'java/lang/invoke/LambdaForm$MH+0x000000010024bc00'
Event: 3.611 Thread 0x00000203365a14b0 Unloading class 0x000000010024b800 'java/lang/invoke/LambdaForm$BMH+0x000000010024b800'
Event: 3.611 Thread 0x00000203365a14b0 Unloading class 0x000000010024b400 'java/lang/invoke/LambdaForm$DMH+0x000000010024b400'
Event: 3.611 Thread 0x00000203365a14b0 Unloading class 0x0000000100248800 'java/lang/invoke/LambdaForm$DMH+0x0000000100248800'
Event: 21.921 Thread 0x00000203365a14b0 Unloading class 0x0000000100820000 'java/lang/invoke/LambdaForm$DMH+0x0000000100820000'

Classes redefined (0 events):
No events

Internal exceptions (20 events):
Event: 20.482 Thread 0x00000203385fc510 Exception <a 'sun/nio/fs/WindowsException'{0x00000000eb69fad8}> (0x00000000eb69fad8) 
thrown [s\src\hotspot\share\prims\jni.cpp, line 516]
Event: 20.482 Thread 0x00000203385fc510 Exception <a 'sun/nio/fs/WindowsException'{0x00000000eb6a01b8}> (0x00000000eb6a01b8) 
thrown [s\src\hotspot\share\prims\jni.cpp, line 516]
Event: 20.489 Thread 0x00000203385fc510 Exception <a 'sun/nio/fs/WindowsException'{0x00000000eb734770}> (0x00000000eb734770) 
thrown [s\src\hotspot\share\prims\jni.cpp, line 516]
Event: 20.489 Thread 0x00000203385fc510 Exception <a 'sun/nio/fs/WindowsException'{0x00000000eb7350f8}> (0x00000000eb7350f8) 
thrown [s\src\hotspot\share\prims\jni.cpp, line 516]
Event: 20.543 Thread 0x00000203385fc510 Exception <a 'sun/nio/fs/WindowsException'{0x00000000eb905198}> (0x00000000eb905198) 
thrown [s\src\hotspot\share\prims\jni.cpp, line 516]
Event: 20.543 Thread 0x00000203385fc510 Exception <a 'sun/nio/fs/WindowsException'{0x00000000eb905878}> (0x00000000eb905878) 
thrown [s\src\hotspot\share\prims\jni.cpp, line 516]
Event: 20.544 Thread 0x00000203385fc510 Exception <a 'sun/nio/fs/WindowsException'{0x00000000eb906558}> (0x00000000eb906558) 
thrown [s\src\hotspot\share\prims\jni.cpp, line 516]
Event: 20.544 Thread 0x00000203385fc510 Exception <a 'sun/nio/fs/WindowsException'{0x00000000eb906c38}> (0x00000000eb906c38) 
thrown [s\src\hotspot\share\prims\jni.cpp, line 516]
Event: 20.545 Thread 0x00000203385fc510 Exception <a 'sun/nio/fs/WindowsException'{0x00000000eb9083a0}> (0x00000000eb9083a0) 
thrown [s\src\hotspot\share\prims\jni.cpp, line 516]
Event: 20.545 Thread 0x00000203385fc510 Exception <a 'sun/nio/fs/WindowsException'{0x00000000eb908a80}> (0x00000000eb908a80) 
thrown [s\src\hotspot\share\prims\jni.cpp, line 516]
Event: 20.549 Thread 0x00000203385fc510 Exception <a 'sun/nio/fs/WindowsException'{0x00000000eb924130}> (0x00000000eb924130) 
thrown [s\src\hotspot\share\prims\jni.cpp, line 516]
Event: 20.549 Thread 0x00000203385fc510 Exception <a 'sun/nio/fs/WindowsException'{0x00000000eb924ab8}> (0x00000000eb924ab8) 
thrown [s\src\hotspot\share\prims\jni.cpp, line 516]
Event: 20.597 Thread 0x00000203385fc510 Exception <a 'sun/nio/fs/WindowsException'{0x00000000ebadb468}> (0x00000000ebadb468) 
thrown [s\src\hotspot\share\prims\jni.cpp, line 516]
Event: 20.597 Thread 0x00000203385fc510 Exception <a 'sun/nio/fs/WindowsException'{0x00000000ebadbb48}> (0x00000000ebadbb48) 
thrown [s\src\hotspot\share\prims\jni.cpp, line 516]
Event: 20.598 Thread 0x00000203385fc510 Exception <a 'sun/nio/fs/WindowsException'{0x00000000ebadc828}> (0x00000000ebadc828) 
thrown [s\src\hotspot\share\prims\jni.cpp, line 516]
Event: 20.598 Thread 0x00000203385fc510 Exception <a 'sun/nio/fs/WindowsException'{0x00000000ebadcf08}> (0x00000000ebadcf08) 
thrown [s\src\hotspot\share\prims\jni.cpp, line 516]
Event: 20.600 Thread 0x00000203385fc510 Exception <a 'sun/nio/fs/WindowsException'{0x00000000ebade8b0}> (0x00000000ebade8b0) 
thrown [s\src\hotspot\share\prims\jni.cpp, line 516]
Event: 20.600 Thread 0x00000203385fc510 Exception <a 'sun/nio/fs/WindowsException'{0x00000000ebadef90}> (0x00000000ebadef90) 
thrown [s\src\hotspot\share\prims\jni.cpp, line 516]
Event: 20.605 Thread 0x00000203385fc510 Exception <a 'sun/nio/fs/WindowsException'{0x00000000ebb44b20}> (0x00000000ebb44b20) 
thrown [s\src\hotspot\share\prims\jni.cpp, line 516]
Event: 20.605 Thread 0x00000203385fc510 Exception <a 'sun/nio/fs/WindowsException'{0x00000000ebb454a8}> (0x00000000ebb454a8) 
thrown [s\src\hotspot\share\prims\jni.cpp, line 516]

VM Operations (20 events):
Event: 21.072 Executing VM operation: ParallelGCFailedAllocation done
Event: 21.272 Executing VM operation: ParallelGCFailedAllocation
Event: 21.281 Executing VM operation: ParallelGCFailedAllocation done
Event: 21.382 Executing VM operation: ParallelGCFailedAllocation
Event: 21.390 Executing VM operation: ParallelGCFailedAllocation done
Event: 21.514 Executing VM operation: ParallelGCFailedAllocation
Event: 21.524 Executing VM operation: ParallelGCFailedAllocation done
Event: 21.668 Executing VM operation: ParallelGCFailedAllocation
Event: 21.676 Executing VM operation: ParallelGCFailedAllocation done
Event: 21.844 Executing VM operation: ParallelGCFailedAllocation
Event: 22.181 Executing VM operation: ParallelGCFailedAllocation done
Event: 22.310 Executing VM operation: ParallelGCFailedAllocation
Event: 22.328 Executing VM operation: ParallelGCFailedAllocation done
Event: 22.440 Executing VM operation: ParallelGCFailedAllocation
Event: 22.448 Executing VM operation: ParallelGCFailedAllocation done
Event: 22.554 Executing VM operation: ParallelGCFailedAllocation
Event: 22.563 Executing VM operation: ParallelGCFailedAllocation done
Event: 22.777 Executing VM operation: ParallelGCFailedAllocation
Event: 22.787 Executing VM operation: ParallelGCFailedAllocation done
Event: 23.088 Executing VM operation: ParallelGCFailedAllocation

Events (20 events):
Event: 19.726 Thread 0x0000020339fc2d20 Thread added: 0x0000020339fc2d20
Event: 19.726 Thread 0x0000020339fc3740 Thread added: 0x0000020339fc3740
Event: 19.727 Thread 0x0000020339fc0ec0 Thread added: 0x0000020339fc0ec0
Event: 19.727 Thread 0x0000020339fbf060 Thread added: 0x0000020339fbf060
Event: 19.727 Thread 0x0000020339fbfa80 Thread added: 0x0000020339fbfa80
Event: 19.765 loading class sun/nio/cs/ISO_8859_1$Decoder
Event: 19.765 loading class sun/nio/cs/ISO_8859_1$Decoder done
Event: 19.795 Thread 0x0000020339fbfa80 Thread exited: 0x0000020339fbfa80
Event: 19.795 Thread 0x0000020339fc2d20 Thread exited: 0x0000020339fc2d20
Event: 19.795 Thread 0x0000020339fbf060 Thread exited: 0x0000020339fbf060
Event: 19.795 Thread 0x0000020339fc0ec0 Thread exited: 0x0000020339fc0ec0
Event: 19.795 Thread 0x0000020339fc3740 Thread exited: 0x0000020339fc3740
Event: 19.976 loading class java/nio/file/attribute/PosixFileAttributes
Event: 19.976 loading class java/nio/file/attribute/PosixFileAttributes done
Event: 20.353 loading class java/lang/invoke/MethodHandleImpl$CountingWrapper$1
Event: 20.353 loading class java/lang/invoke/MethodHandleImpl$CountingWrapper$1 done
Event: 20.987 Thread 0x000002033b331b50 Thread exited: 0x000002033b331b50
Event: 21.331 Thread 0x000002033b3320a0 Thread exited: 0x000002033b3320a0
Event: 22.598 Thread 0x0000020338b3b540 Thread added: 0x0000020338b3b540
Event: 22.606 Thread 0x0000020338b36040 Thread added: 0x0000020338b36040


Dynamic libraries:
0x00007ff79f740000 - 0x00007ff79f74e000 	c:\Users\papth\.vscode\extensions\redhat.java-1.31.0-win32-x64\jre\17.0.11-win32-x86_64\bin\java.exe
0x00007ffd55ef0000 - 0x00007ffd56107000 	C:\WINDOWS\SYSTEM32\ntdll.dll
0x00007ffd547c0000 - 0x00007ffd54884000 	C:\WINDOWS\System32\KERNEL32.DLL
0x00007ffd53540000 - 0x00007ffd538e7000 	C:\WINDOWS\System32\KERNELBASE.dll
0x00007ffd53420000 - 0x00007ffd53531000 	C:\WINDOWS\System32\ucrtbase.dll
0x00007ffcfb1b0000 - 0x00007ffcfb1c7000 	c:\Users\papth\.vscode\extensions\redhat.java-1.31.0-win32-x64\jre\17.0.11-win32-x86_64\bin\jli.dll
0x00007ffcfb190000 - 0x00007ffcfb1ab000 	c:\Users\papth\.vscode\extensions\redhat.java-1.31.0-win32-x64\jre\17.0.11-win32-x86_64\bin\VCRUNTIME140.dll
0x00007ffd54480000 - 0x00007ffd5462e000 	C:\WINDOWS\System32\USER32.dll
0x00007ffd539b0000 - 0x00007ffd539d6000 	C:\WINDOWS\System32\win32u.dll
0x00007ffd54450000 - 0x00007ffd54479000 	C:\WINDOWS\System32\GDI32.dll
0x00007ffd53b00000 - 0x00007ffd53c19000 	C:\WINDOWS\System32\gdi32full.dll
0x00007ffd40920000 - 0x00007ffd40bb3000 	C:\WINDOWS\WinSxS\amd64_microsoft.windows.common-controls_6595b64144ccf1df_6.0.22621.3527_none_270e469b73872a76\COMCTL32.dll
0x00007ffd539e0000 - 0x00007ffd53a7a000 	C:\WINDOWS\System32\msvcp_win.dll
0x00007ffd540f0000 - 0x00007ffd54197000 	C:\WINDOWS\System32\msvcrt.dll
0x00007ffd543b0000 - 0x00007ffd543e1000 	C:\WINDOWS\System32\IMM32.DLL
0x00007ffd1d940000 - 0x00007ffd1d94c000 	c:\Users\papth\.vscode\extensions\redhat.java-1.31.0-win32-x64\jre\17.0.11-win32-x86_64\bin\vcruntime140_1.dll
0x00007ffcd9640000 - 0x00007ffcd96cd000 	c:\Users\papth\.vscode\extensions\redhat.java-1.31.0-win32-x64\jre\17.0.11-win32-x86_64\bin\msvcp140.dll
0x00007ffc9b6f0000 - 0x00007ffc9c352000 	c:\Users\papth\.vscode\extensions\redhat.java-1.31.0-win32-x64\jre\17.0.11-win32-x86_64\bin\server\jvm.dll
0x00007ffd55df0000 - 0x00007ffd55ea2000 	C:\WINDOWS\System32\ADVAPI32.dll
0x00007ffd54260000 - 0x00007ffd54308000 	C:\WINDOWS\System32\sechost.dll
0x00007ffd53210000 - 0x00007ffd53238000 	C:\WINDOWS\System32\bcrypt.dll
0x00007ffd54630000 - 0x00007ffd54745000 	C:\WINDOWS\System32\RPCRT4.dll
0x00007ffd4ba30000 - 0x00007ffd4ba39000 	C:\WINDOWS\SYSTEM32\WSOCK32.dll
0x00007ffd52980000 - 0x00007ffd529cd000 	C:\WINDOWS\SYSTEM32\POWRPROF.dll
0x00007ffd4b040000 - 0x00007ffd4b074000 	C:\WINDOWS\SYSTEM32\WINMM.dll
0x00007ffd441c0000 - 0x00007ffd441ca000 	C:\WINDOWS\SYSTEM32\VERSION.dll
0x00007ffd55970000 - 0x00007ffd559e1000 	C:\WINDOWS\System32\WS2_32.dll
0x00007ffd52960000 - 0x00007ffd52973000 	C:\WINDOWS\SYSTEM32\UMPDC.dll
0x00007ffd521f0000 - 0x00007ffd52208000 	C:\WINDOWS\SYSTEM32\kernel.appcore.dll
0x00007ffd18840000 - 0x00007ffd1884a000 	c:\Users\papth\.vscode\extensions\redhat.java-1.31.0-win32-x64\jre\17.0.11-win32-x86_64\bin\jimage.dll
0x00007ffd50860000 - 0x00007ffd50a92000 	C:\WINDOWS\SYSTEM32\DBGHELP.DLL
0x00007ffd54d80000 - 0x00007ffd55108000 	C:\WINDOWS\System32\combase.dll
0x00007ffd55af0000 - 0x00007ffd55bc7000 	C:\WINDOWS\System32\OLEAUT32.dll
0x00007ffd43c70000 - 0x00007ffd43ca2000 	C:\WINDOWS\SYSTEM32\dbgcore.DLL
0x00007ffd53a80000 - 0x00007ffd53af9000 	C:\WINDOWS\System32\bcryptPrimitives.dll
0x00007ffd181a0000 - 0x00007ffd181ae000 	c:\Users\papth\.vscode\extensions\redhat.java-1.31.0-win32-x64\jre\17.0.11-win32-x86_64\bin\instrument.dll
0x00007ffcfaff0000 - 0x00007ffcfb015000 	c:\Users\papth\.vscode\extensions\redhat.java-1.31.0-win32-x64\jre\17.0.11-win32-x86_64\bin\java.dll
0x00007ffcfad90000 - 0x00007ffcfada8000 	c:\Users\papth\.vscode\extensions\redhat.java-1.31.0-win32-x64\jre\17.0.11-win32-x86_64\bin\zip.dll
0x00007ffd55110000 - 0x00007ffd5596c000 	C:\WINDOWS\System32\SHELL32.dll
0x00007ffd51100000 - 0x00007ffd519f6000 	C:\WINDOWS\SYSTEM32\windows.storage.dll
0x00007ffd50fc0000 - 0x00007ffd510fe000 	C:\WINDOWS\SYSTEM32\wintypes.dll
0x00007ffd54c80000 - 0x00007ffd54d75000 	C:\WINDOWS\System32\SHCORE.dll
0x00007ffd55bd0000 - 0x00007ffd55c2e000 	C:\WINDOWS\System32\shlwapi.dll
0x00007ffd53140000 - 0x00007ffd53161000 	C:\WINDOWS\SYSTEM32\profapi.dll
0x00007ffcf9b30000 - 0x00007ffcf9b49000 	C:\Users\papth\.vscode\extensions\redhat.java-1.31.0-win32-x64\jre\17.0.11-win32-x86_64\bin\net.dll
0x00007ffd4b430000 - 0x00007ffd4b566000 	C:\WINDOWS\SYSTEM32\WINHTTP.dll
0x00007ffd52650000 - 0x00007ffd526b9000 	C:\WINDOWS\system32\mswsock.dll
0x00007ffcf9b10000 - 0x00007ffcf9b26000 	C:\Users\papth\.vscode\extensions\redhat.java-1.31.0-win32-x64\jre\17.0.11-win32-x86_64\bin\nio.dll
0x00007ffd0cf40000 - 0x00007ffd0cf50000 	c:\Users\papth\.vscode\extensions\redhat.java-1.31.0-win32-x64\jre\17.0.11-win32-x86_64\bin\verify.dll
0x00007ffd33380000 - 0x00007ffd333c4000 	C:\Users\papth\AppData\Roaming\Code\User\globalStorage\redhat.java\1.31.0\config_win\org.eclipse.equinox.launcher\org.eclipse.equinox.launcher.win32.win32.x86_64_1.2.1000.v20240507-1834\eclipse_11902.dll
0x00007ffd55c30000 - 0x00007ffd55dd5000 	C:\WINDOWS\System32\ole32.dll
0x00007ffd52ad0000 - 0x00007ffd52aeb000 	C:\WINDOWS\SYSTEM32\CRYPTSP.dll
0x00007ffd52150000 - 0x00007ffd52185000 	C:\WINDOWS\system32\rsaenh.dll
0x00007ffd526f0000 - 0x00007ffd52718000 	C:\WINDOWS\SYSTEM32\USERENV.dll
0x00007ffd52850000 - 0x00007ffd5285c000 	C:\WINDOWS\SYSTEM32\CRYPTBASE.dll
0x00007ffd51c60000 - 0x00007ffd51c8d000 	C:\WINDOWS\SYSTEM32\IPHLPAPI.DLL
0x00007ffd541c0000 - 0x00007ffd541c9000 	C:\WINDOWS\System32\NSI.dll
0x00007ffd4b370000 - 0x00007ffd4b389000 	C:\WINDOWS\SYSTEM32\dhcpcsvc6.DLL
0x00007ffd4b330000 - 0x00007ffd4b34f000 	C:\WINDOWS\SYSTEM32\dhcpcsvc.DLL
0x00007ffd51c90000 - 0x00007ffd51d88000 	C:\WINDOWS\SYSTEM32\DNSAPI.dll
0x00007ffcfb290000 - 0x00007ffcfb2d5000 	C:\Users\papth\AppData\Local\Temp\jna-106435411\jna18326279998136082780.dll
0x00007ffd54890000 - 0x00007ffd54898000 	C:\WINDOWS\System32\PSAPI.DLL
0x00007ffd42a00000 - 0x00007ffd42a0e000 	C:\Users\papth\.vscode\extensions\redhat.java-1.31.0-win32-x64\jre\17.0.11-win32-x86_64\bin\sunmscapi.dll
0x00007ffd532b0000 - 0x00007ffd53418000 	C:\WINDOWS\System32\CRYPT32.dll
0x00007ffd52af0000 - 0x00007ffd52b1e000 	C:\WINDOWS\SYSTEM32\ncrypt.dll
0x00007ffd52a90000 - 0x00007ffd52ac7000 	C:\WINDOWS\SYSTEM32\NTASN1.dll
0x00007ffd52210000 - 0x00007ffd52244000 	C:\WINDOWS\SYSTEM32\ntmarta.dll

dbghelp: loaded successfully - version: 4.0.5 - missing functions: none
symbol engine: initialized successfully - sym options: 0x614 - pdb path: .;c:\Users\papth\.vscode\extensions\redhat.java-1.31.0-win32-x64\jre\17.0.11-win32-x86_64\bin;C:\WINDOWS\SYSTEM32;C:\WINDOWS\WinSxS\amd64_microsoft.windows.common-controls_6595b64144ccf1df_6.0.22621.3527_none_270e469b73872a76;c:\Users\papth\.vscode\extensions\redhat.java-1.31.0-win32-x64\jre\17.0.11-win32-x86_64\bin\server;C:\Users\papth\AppData\Roaming\Code\User\globalStorage\redhat.java\1.31.0\config_win\org.eclipse.equinox.launcher\org.eclipse.equinox.launcher.win32.win32.x86_64_1.2.1000.v20240507-1834;C:\Users\papth\AppData\Local\Temp\jna-106435411

VM Arguments:
jvm_args: --add-modules=ALL-SYSTEM --add-opens=java.base/java.util=ALL-UNNAMED --add-opens=java.base/java.lang=ALL-UNNAMED --add-opens=java.base/sun.nio.fs=ALL-UNNAMED -Declipse.application=org.eclipse.jdt.ls.core.id1 -Dosgi.bundles.defaultStartLevel=4 -Declipse.product=org.eclipse.jdt.ls.core.product -Djava.import.generatesMetadataFilesAtProjectRoot=false -DDetectVMInstallationsJob.disabled=true -Dfile.encoding=utf8 -XX:+UseParallelGC -XX:GCTimeRatio=4 -XX:AdaptiveSizePolicyWeight=90 -Dsun.zip.disableMemoryMapping=true -Xmx1G -Xms100m -Xlog:disable -javaagent:c:\Users\papth\.vscode\extensions\redhat.java-1.31.0-win32-x64\lombok\lombok-1.18.32.jar -XX:+HeapDumpOnOutOfMemoryError -XX:HeapDumpPath=c:\Users\papth\AppData\Roaming\Code\User\workspaceStorage\fb0275111390ad12c1baf502f4576d5b\redhat.java -Daether.dependencyCollector.impl=bf 
java_command: c:\Users\papth\.vscode\extensions\redhat.java-1.31.0-win32-x64\server\plugins\org.eclipse.equinox.launcher_1.6.800.v20240513-1750.jar -configuration c:\Users\papth\AppData\Roaming\Code\User\globalStorage\redhat.java\1.31.0\config_win -data c:\Users\papth\AppData\Roaming\Code\User\workspaceStorage\fb0275111390ad12c1baf502f4576d5b\redhat.java\jdt_ws --pipe=\\.\pipe\lsp-81f2618b9765f5992aacd91581ae2bc3-sock
java_class_path (initial): c:\Users\papth\.vscode\extensions\redhat.java-1.31.0-win32-x64\server\plugins\org.eclipse.equinox.launcher_1.6.800.v20240513-1750.jar
Launcher Type: SUN_STANDARD

[Global flags]
    uintx AdaptiveSizePolicyWeight                 = 90                                        {product} {command line}
     intx CICompilerCount                          = 4                                         {product} {ergonomic}
    uintx GCTimeRatio                              = 4                                         {product} {command line}
     bool HeapDumpOnOutOfMemoryError               = true                                   {manageable} {command line}
    ccstr HeapDumpPath                             = c:\Users\papth\AppData\Roaming\Code\User\workspaceStorage\fb0275111390ad12c1baf502f4576d5b\redhat.java         {manageable} {command line}
   size_t InitialHeapSize                          = 104857600                                 {product} {command line}
   size_t MaxHeapSize                              = 1073741824                                {product} {command line}
   size_t MaxNewSize                               = 357564416                                 {product} {ergonomic}
   size_t MinHeapDeltaBytes                        = 524288                                    {product} {ergonomic}
   size_t MinHeapSize                              = 104857600                                 {product} {command line}
   size_t NewSize                                  = 34603008                                  {product} {ergonomic}
    uintx NonNMethodCodeHeapSize                   = 5839372                                {pd product} {ergonomic}
    uintx NonProfiledCodeHeapSize                  = 122909434                              {pd product} {ergonomic}
   size_t OldSize                                  = 70254592                                  {product} {ergonomic}
    uintx ProfiledCodeHeapSize                     = 122909434                              {pd product} {ergonomic}
    uintx ReservedCodeCacheSize                    = 251658240                              {pd product} {ergonomic}
     bool SegmentedCodeCache                       = true                                      {product} {ergonomic}
   size_t SoftMaxHeapSize                          = 1073741824                             {manageable} {ergonomic}
     bool UseCompressedClassPointers               = true                           {product lp64_product} {ergonomic}
     bool UseCompressedOops                        = true                           {product lp64_product} {ergonomic}
     bool UseLargePagesIndividualAllocation        = false                                  {pd product} {ergonomic}
     bool UseParallelGC                            = true                                      {product} {command line}

Logging:
Log output configuration:
 #0: stdout all=off uptime,level,tags
 #1: stderr all=off uptime,level,tags

Environment Variables:
JAVA_HOME=C:\LAB-TOOLS\JDK\jdk-17.0.6
PATH=C:\Python311\Scripts\;C:\Python311\;C:\LAB-TOOLS\JDK\jdk-17.0.6\bin;C:\Program Files\Microsoft\jdk-11.0.12.7-hotspot\bin;C:\Program Files\AdoptOpenJDK\jdk-11.0.9.101-hotspot\bin;C:\Program Files (x86)\Common Files\Oracle\Java\javapath;C:\windows\system32;C:\windows;C:\windows\System32\Wbem;C:\windows\System32\WindowsPowerShell\v1.0\;C:\windows\System32\OpenSSH\;C:\Program Files (x86)\NVIDIA Corporation\PhysX\Common;C:\Program Files\NVIDIA Corporation\NVIDIA NvDLISR;C:\Program Files (x86)\Wolfram Research\WolframScript\;C:\WINDOWS\system32;C:\WINDOWS;C:\WINDOWS\System32\Wbem;C:\WINDOWS\System32\WindowsPowerShell\v1.0\;C:\WINDOWS\System32\OpenSSH\;C:\Program Files\MATLAB\R2020a\runtime\win64;C:\Program Files\MATLAB\R2020a\bin;C:\Program Files\OpenVPN\bin;C:\Program Files\Git\cmd;C:\Program Files\Git\usr\bin;C:\Program Files\Microsoft SQL Server\150\Tools\Binn\;C:\Program Files\dotnet\;C:\MinGW\mingw32\bin;C:\WINDOWS\system32;C:\WINDOWS;C:\WINDOWS\System32\Wbem;C:\WINDOWS\System32\WindowsPowerShell\v1.0\;C:\Program Files\nodejs;C:\ProgramData\chocolatey\bin;C:\Program Files\Docker\Docker\resources\bin;C:\WINDOWS\System32\OpenSSH\;C:\LAB-TOOLS\apache-maven-3.9.6-bin\apache-maven-3.9.6\bin;C:\Program Files\PowerShell\7-preview\preview;C:\Program Files\HP\HP One Agent;C:\Program Files\PowerShell\7\;C:\Users\papth\scoop\shims;C:\dev\flutter\bin;C:\Users\papth\AppData\Local\Microsoft\WindowsApps;C:\Users\papth\AppData\Local\GitHubDesktop\bin;C:\Users\papth\AppData\Local\Microsoft\WindowsApps;C:\Users\papth\AppData\Local\atom\bin;C:\Users\papth\.dotnet\tools;C:\Users\papth\AppData\Roaming\npm;C:\dev\android-sdk\platform-tools;C:\Program Files\nodejs;C:\Users\papth\AppData\Local\Programs\Microsoft VS Code\bin;C:\Users\papth\AppData\Roaming\Python\Python311\Scripts;C:\Users\papth\AppData\Local\Google\Cloud SDK\google-cloud-sdk\bin
USERNAME=papth
OS=Windows_NT
PROCESSOR_IDENTIFIER=Intel64 Family 6 Model 142 Stepping 12, GenuineIntel
TMP=C:\Users\papth\AppData\Local\Temp
TEMP=C:\Users\papth\AppData\Local\Temp



Periodic native trim disabled


---------------  S Y S T E M  ---------------

OS:
 Windows 11 , 64 bit Build 22621 (10.0.22621.3527)
OS uptime: 0 days 13:32 hours
Hyper-V role detected

CPU: total 8 (initial active 8) (4 cores per cpu, 2 threads per core) family 6 model 142 stepping 12 microcode 0xde, cx8, cmov, fxsr, ht, mmx, 3dnowpref, sse, sse2, sse3, ssse3, sse4.1, sse4.2, popcnt, lzcnt, tsc, tscinvbit, avx, avx2, aes, erms, clmul, bmi1, bmi2, adx, fma, vzeroupper, clflush, clflushopt, hv
Processor Information for all 8 processors :
  Max Mhz: 2304, Current Mhz: 1803, Mhz Limit: 1797

Memory: 4k page, system-wide physical 16187M (5732M free)
TotalPageFile size 16187M (AvailPageFile size 16M)
current process WorkingSet (physical memory assigned to process): 648M, peak: 650M
current process commit charge ("private bytes"): 632M, peak: 647M

vm_info: OpenJDK 64-Bit Server VM (17.0.11+9) for windows-amd64 JRE (17.0.11+9), built on Apr 17 2024 06:07:48 by "admin" with MS VC++ 16.10 / 16.11 (VS2019)

END.
