#
# There is insufficient memory for the Java Runtime Environment to continue.
# Native memory allocation (mmap) failed to map 266338304 bytes for G1 virtual space
# Possible reasons:
#   The system is out of physical RAM or swap space
#   The process is running with CompressedOops enabled, and the Java Heap may be blocking the growth of the native heap
# Possible solutions:
#   Reduce memory load on the system
#   Increase physical memory or swap space
#   Check if swap backing store is full
#   Decrease Java heap size (-Xmx/-Xms)
#   Decrease number of Java threads
#   Decrease Java thread stack sizes (-Xss)
#   Set larger code cache with -XX:ReservedCodeCacheSize=
#   JVM is running with Zero Based Compressed Oops mode in which the Java heap is
#     placed in the first 32GB address space. The Java Heap base address is the
#     maximum limit for the native heap growth. Please use -XX:HeapBaseMinAddress
#     to set the Java Heap base and to place the Java Heap above 32GB virtual address.
# This output file may be truncated or incomplete.
#
#  Out of Memory Error (os_windows.cpp:3550), pid=12140, tid=22324
#
# JRE version:  (17.0.6+9) (build )
# Java VM: Java HotSpot(TM) 64-Bit Server VM (17.0.6+9-LTS-190, mixed mode, sharing, tiered, compressed oops, compressed class ptrs, g1 gc, windows-amd64)
# No core dump will be written. Minidumps are not enabled by default on client versions of Windows
#

---------------  S U M M A R Y ------------

Command Line: -Dclassworlds.conf=C:\LAB-TOOLS\apache-maven-3.9.6-bin\apache-maven-3.9.6\bin\m2.conf -Dmaven.home=C:\LAB-TOOLS\apache-maven-3.9.6-bin\apache-maven-3.9.6 -Dlibrary.jansi.path=C:\LAB-TOOLS\apache-maven-3.9.6-bin\apache-maven-3.9.6\lib\jansi-native -Dmaven.multiModuleProjectDirectory=C:\LAB-TOOLS\ECLIPSE\Eclipse-Workspace\multimedia org.codehaus.plexus.classworlds.launcher.Launcher javafx:run -f c:\LAB-TOOLS\ECLIPSE\Eclipse-Workspace\multimedia\weblibrary\pom.xml

Host: Intel(R) Core(TM) i7-10510U CPU @ 1.80GHz, 8 cores, 15G,  Windows 11 , 64 bit Build 22621 (10.0.22621.3235)
Time: Tue Mar 19 10:11:20 2024  Windows 11 , 64 bit Build 22621 (10.0.22621.3235) elapsed time: 0.008918 seconds (0d 0h 0m 0s)

---------------  T H R E A D  ---------------

Current thread (0x00000190c9672510):  JavaThread "Unknown thread" [_thread_in_vm, id=22324, stack(0x0000004efbb00000,0x0000004efbc00000)]

Stack: [0x0000004efbb00000,0x0000004efbc00000]
Native frames: (J=compiled Java code, j=interpreted, Vv=VM code, C=native code)
V  [jvm.dll+0x6734ea]
V  [jvm.dll+0x7d18f4]
V  [jvm.dll+0x7d309e]
V  [jvm.dll+0x7d3703]
V  [jvm.dll+0x2433c5]
V  [jvm.dll+0x6703f9]
V  [jvm.dll+0x664d32]
V  [jvm.dll+0x300086]
V  [jvm.dll+0x307606]
V  [jvm.dll+0x356c1e]
V  [jvm.dll+0x356e4f]
V  [jvm.dll+0x2d72e8]
V  [jvm.dll+0x2d8254]
V  [jvm.dll+0x7a33b1]
V  [jvm.dll+0x3647f1]
V  [jvm.dll+0x782839]
V  [jvm.dll+0x3e757f]
V  [jvm.dll+0x3e9001]
C  [jli.dll+0x5297]
C  [ucrtbase.dll+0x29363]
C  [KERNEL32.DLL+0x1257d]
C  [ntdll.dll+0x5aa58]


---------------  P R O C E S S  ---------------

Threads class SMR info:
_java_thread_list=0x00007fffdd38e958, length=0, elements={
}

Java Threads: ( => current thread )

Other Threads:
  0x00000190c96dedb0 GCTaskThread "GC Thread#0" [stack: 0x0000004efbc00000,0x0000004efbd00000] [id=16552]
  0x00000190c96ef9f0 ConcurrentGCThread "G1 Main Marker" [stack: 0x0000004efbd00000,0x0000004efbe00000] [id=15636]
  0x00000190c96f0ba0 ConcurrentGCThread "G1 Conc#0" [stack: 0x0000004efbe00000,0x0000004efbf00000] [id=18496]

[error occurred during error reporting (printing all threads), id 0xc0000005, EXCEPTION_ACCESS_VIOLATION (0xc0000005) at pc=0x00007fffdcbc7f07]

VM state: not at safepoint (not fully initialized)

VM Mutex/Monitor currently owned by a thread:  ([mutex/lock_event])
[0x00000190c966d0f0] Heap_lock - owner thread: 0x00000190c9672510

Heap address: 0x0000000703000000, size: 4048 MB, Compressed Oops mode: Zero based, Oop shift amount: 3

CDS archive(s) mapped at: [0x0000000000000000-0x0000000000000000-0x0000000000000000), size 0, SharedBaseAddress: 0x0000000800000000, ArchiveRelocationMode: 0.
Narrow klass base: 0x0000000000000000, Narrow klass shift: 0, Narrow klass range: 0x0

GC Precious Log:
<Empty>

Heap:
 garbage-first heap   total 0K, used 0K [0x0000000703000000, 0x0000000800000000)
  region size 2048K, 0 young (0K), 0 survivors (0K)

[error occurred during error reporting (printing heap information), id 0xc0000005, EXCEPTION_ACCESS_VIOLATION (0xc0000005) at pc=0x00007fffdcfac759]

GC Heap History (0 events):
No events

Deoptimization events (0 events):
No events

Classes unloaded (0 events):
No events

Classes redefined (0 events):
No events

Internal exceptions (0 events):
No events

VM Operations (0 events):
No events

Events (1 events):
Event: 0.005 Loaded shared library C:\LAB-TOOLS\JDK\jdk-17.0.6\bin\java.dll


Dynamic libraries:
0x00007ff708520000 - 0x00007ff708530000 	C:\LAB-TOOLS\JDK\jdk-17.0.6\bin\java.exe
0x00007ff82b550000 - 0x00007ff82b766000 	C:\WINDOWS\SYSTEM32\ntdll.dll
0x00007ff82b2c0000 - 0x00007ff82b384000 	C:\WINDOWS\System32\KERNEL32.DLL
0x00007ff828ef0000 - 0x00007ff829296000 	C:\WINDOWS\System32\KERNELBASE.dll
0x00007ff828bf0000 - 0x00007ff828d01000 	C:\WINDOWS\System32\ucrtbase.dll
0x00007ff818900000 - 0x00007ff818918000 	C:\LAB-TOOLS\JDK\jdk-17.0.6\bin\jli.dll
0x00007ff818920000 - 0x00007ff81893b000 	C:\LAB-TOOLS\JDK\jdk-17.0.6\bin\VCRUNTIME140.dll
0x00007ff82a8f0000 - 0x00007ff82a9a2000 	C:\WINDOWS\System32\ADVAPI32.dll
0x00007ff82a660000 - 0x00007ff82a707000 	C:\WINDOWS\System32\msvcrt.dll
0x00007ff829d50000 - 0x00007ff829df8000 	C:\WINDOWS\System32\sechost.dll
0x00007ff828890000 - 0x00007ff8288b8000 	C:\WINDOWS\System32\bcrypt.dll
0x00007ff82ab90000 - 0x00007ff82aca5000 	C:\WINDOWS\System32\RPCRT4.dll
0x00007ff82a710000 - 0x00007ff82a8bd000 	C:\WINDOWS\System32\USER32.dll
0x00007ff828dd0000 - 0x00007ff828df6000 	C:\WINDOWS\System32\win32u.dll
0x00007ff829560000 - 0x00007ff829589000 	C:\WINDOWS\System32\GDI32.dll
0x00007ff811660000 - 0x00007ff8118f3000 	C:\WINDOWS\WinSxS\amd64_microsoft.windows.common-controls_6595b64144ccf1df_6.0.22621.3235_none_270f74e173860f98\COMCTL32.dll
0x00007ff8288c0000 - 0x00007ff8289d8000 	C:\WINDOWS\System32\gdi32full.dll
0x00007ff8289e0000 - 0x00007ff828a7a000 	C:\WINDOWS\System32\msvcp_win.dll
0x00007ff81db60000 - 0x00007ff81db6a000 	C:\WINDOWS\SYSTEM32\VERSION.dll
0x00007ff829d10000 - 0x00007ff829d41000 	C:\WINDOWS\System32\IMM32.DLL
0x00007ff817df0000 - 0x00007ff817dfc000 	C:\LAB-TOOLS\JDK\jdk-17.0.6\bin\vcruntime140_1.dll
0x00007ff80ba60000 - 0x00007ff80baee000 	C:\LAB-TOOLS\JDK\jdk-17.0.6\bin\msvcp140.dll
0x00007fffdc8e0000 - 0x00007fffdd4b7000 	C:\LAB-TOOLS\JDK\jdk-17.0.6\bin\server\jvm.dll
0x00007ff829990000 - 0x00007ff829998000 	C:\WINDOWS\System32\PSAPI.DLL
0x00007ff81ff00000 - 0x00007ff81ff34000 	C:\WINDOWS\SYSTEM32\WINMM.dll
0x00007ff805d20000 - 0x00007ff805d29000 	C:\WINDOWS\SYSTEM32\WSOCK32.dll
0x00007ff82acb0000 - 0x00007ff82ad21000 	C:\WINDOWS\System32\WS2_32.dll
0x00007ff827980000 - 0x00007ff827998000 	C:\WINDOWS\SYSTEM32\kernel.appcore.dll
0x00007ff817de0000 - 0x00007ff817dea000 	C:\LAB-TOOLS\JDK\jdk-17.0.6\bin\jimage.dll
0x00007ff826190000 - 0x00007ff8263c3000 	C:\WINDOWS\SYSTEM32\DBGHELP.DLL
0x00007ff829600000 - 0x00007ff829988000 	C:\WINDOWS\System32\combase.dll
0x00007ff82aab0000 - 0x00007ff82ab87000 	C:\WINDOWS\System32\OLEAUT32.dll
0x00007ff819130000 - 0x00007ff819162000 	C:\WINDOWS\SYSTEM32\dbgcore.DLL
0x00007ff828e70000 - 0x00007ff828eea000 	C:\WINDOWS\System32\bcryptPrimitives.dll
0x00007ff817be0000 - 0x00007ff817c05000 	C:\LAB-TOOLS\JDK\jdk-17.0.6\bin\java.dll

dbghelp: loaded successfully - version: 4.0.5 - missing functions: none
symbol engine: initialized successfully - sym options: 0x614 - pdb path: .;C:\LAB-TOOLS\JDK\jdk-17.0.6\bin;C:\WINDOWS\SYSTEM32;C:\WINDOWS\WinSxS\amd64_microsoft.windows.common-controls_6595b64144ccf1df_6.0.22621.3235_none_270f74e173860f98;C:\LAB-TOOLS\JDK\jdk-17.0.6\bin\server

VM Arguments:
jvm_args: -Dclassworlds.conf=C:\LAB-TOOLS\apache-maven-3.9.6-bin\apache-maven-3.9.6\bin\m2.conf -Dmaven.home=C:\LAB-TOOLS\apache-maven-3.9.6-bin\apache-maven-3.9.6 -Dlibrary.jansi.path=C:\LAB-TOOLS\apache-maven-3.9.6-bin\apache-maven-3.9.6\lib\jansi-native -Dmaven.multiModuleProjectDirectory=C:\LAB-TOOLS\ECLIPSE\Eclipse-Workspace\multimedia 
java_command: org.codehaus.plexus.classworlds.launcher.Launcher javafx:run -f c:\LAB-TOOLS\ECLIPSE\Eclipse-Workspace\multimedia\weblibrary\pom.xml
java_class_path (initial): C:\LAB-TOOLS\apache-maven-3.9.6-bin\apache-maven-3.9.6\boot\plexus-classworlds-2.7.0.jar
Launcher Type: SUN_STANDARD

[Global flags]
     intx CICompilerCount                          = 4                                         {product} {ergonomic}
     uint ConcGCThreads                            = 2                                         {product} {ergonomic}
     uint G1ConcRefinementThreads                  = 8                                         {product} {ergonomic}
   size_t G1HeapRegionSize                         = 2097152                                   {product} {ergonomic}
    uintx GCDrainStackTargetSize                   = 64                                        {product} {ergonomic}
   size_t InitialHeapSize                          = 266338304                                 {product} {ergonomic}
   size_t MarkStackSize                            = 4194304                                   {product} {ergonomic}
   size_t MaxHeapSize                              = 4244635648                                {product} {ergonomic}
   size_t MinHeapDeltaBytes                        = 2097152                                   {product} {ergonomic}
   size_t MinHeapSize                              = 8388608                                   {product} {ergonomic}
    uintx NonNMethodCodeHeapSize                   = 5839372                                {pd product} {ergonomic}
    uintx NonProfiledCodeHeapSize                  = 122909434                              {pd product} {ergonomic}
    uintx ProfiledCodeHeapSize                     = 122909434                              {pd product} {ergonomic}
    uintx ReservedCodeCacheSize                    = 251658240                              {pd product} {ergonomic}
     bool SegmentedCodeCache                       = true                                      {product} {ergonomic}
   size_t SoftMaxHeapSize                          = 4244635648                             {manageable} {ergonomic}
     bool UseCompressedClassPointers               = true                           {product lp64_product} {ergonomic}
     bool UseCompressedOops                        = true                           {product lp64_product} {ergonomic}
     bool UseG1GC                                  = true                                      {product} {ergonomic}
     bool UseLargePagesIndividualAllocation        = false                                  {pd product} {ergonomic}

Logging:
Log output configuration:
 #0: stdout all=warning uptime,level,tags
 #1: stderr all=off uptime,level,tags

Environment Variables:
JAVA_HOME=C:\LAB-TOOLS\JDK\jdk-17.0.6
PATH=C:\Users\papth\anaconda3\envs\patrec;C:\Users\papth\anaconda3\envs\patrec\Library\mingw-w64\bin;C:\Users\papth\anaconda3\envs\patrec\Library\usr\bin;C:\Users\papth\anaconda3\envs\patrec\Library\bin;C:\Users\papth\anaconda3\envs\patrec\Scripts;C:\Users\papth\anaconda3\envs\patrec\bin;C:\Users\papth\anaconda3\condabin;C:\Program Files\PowerShell\7;C:\Python311\Scripts;C:\Python311;C:\LAB-TOOLS\JDK\jdk-17.0.6\bin;C:\Program Files\Microsoft\jdk-11.0.12.7-hotspot\bin;C:\Program Files\AdoptOpenJDK\jdk-11.0.9.101-hotspot\bin;C:\Program Files (x86)\Common Files\Oracle\Java\javapath;C:\windows\system32;C:\windows;C:\windows\System32\Wbem;C:\windows\System32\WindowsPowerShell\v1.0;C:\windows\System32\OpenSSH;C:\Program Files (x86)\NVIDIA Corporation\PhysX\Common;C:\Program Files\NVIDIA Corporation\NVIDIA NvDLISR;C:\Program Files (x86)\Wolfram Research\WolframScript;C:\WINDOWS\system32;C:\WINDOWS;C:\WINDOWS\System32\Wbem;C:\WINDOWS\System32\WindowsPowerShell\v1.0;C:\WINDOWS\System32\OpenSSH;C:\Program Files\MATLAB\R2020a\runtime\win64;C:\Program Files\MATLAB\R2020a\bin;C:\Program Files\OpenVPN\bin;C:\Program Files\Git\cmd;C:\Program Files\Git\usr\bin;C:\Program Files\Microsoft SQL Server\150\Tools\Binn;C:\Program Files\dotnet;C:\MinGW\mingw32\bin;C:\WINDOWS\system32;C:\WINDOWS;C:\WINDOWS\System32\Wbem;C:\WINDOWS\System32\WindowsPowerShell\v1.0;C:\Program Files\nodejs;C:\ProgramData\chocolatey\bin;C:\Program Files\Docker\Docker\resources\bin;C:\WINDOWS\System32\OpenSSH;C:\Program Files\PowerShell\7;C:\LAB-TOOLS\apache-maven-3.9.6-bin\apache-maven-3.9.6\bin;C:\Program Files\PowerShell\7-preview\preview;C:\Users\papth\scoop\shims;C:\dev\flutter\bin;C:\Users\papth\AppData\Local\Microsoft\WindowsApps;C:\Users\papth\AppData\Local\GitHubDesktop\bin;C:\Users\papth\AppData\Local\Microsoft\WindowsApps;C:\Users\papth\AppData\Local\atom\bin;C:\Users\papth\.dotnet\tools;C:\Users\papth\AppData\Roaming\npm;C:\dev\android-sdk\platform-tools;C:\Program Files\nodejs;C:\Users\papth\AppData\Loc
USERNAME=papth
LANG=en_US.UTF-8
OS=Windows_NT
PROCESSOR_IDENTIFIER=Intel64 Family 6 Model 142 Stepping 12, GenuineIntel



---------------  S Y S T E M  ---------------

OS:
 Windows 11 , 64 bit Build 22621 (10.0.22621.3235)
OS uptime: 0 days 1:35 hours
Hyper-V role detected

CPU: total 8 (initial active 8) (4 cores per cpu, 2 threads per core) family 6 model 142 stepping 12 microcode 0xde, cx8, cmov, fxsr, ht, mmx, 3dnowpref, sse, sse2, sse3, ssse3, sse4.1, sse4.2, popcnt, lzcnt, tsc, tscinvbit, avx, avx2, aes, erms, clmul, bmi1, bmi2, adx, fma, vzeroupper, clflush, clflushopt, hv

Memory: 4k page, system-wide physical 16187M (4573M free)
TotalPageFile size 16187M (AvailPageFile size 228M)
current process WorkingSet (physical memory assigned to process): 11M, peak: 11M
current process commit charge ("private bytes"): 60M, peak: 314M

vm_info: Java HotSpot(TM) 64-Bit Server VM (17.0.6+9-LTS-190) for windows-amd64 JRE (17.0.6+9-LTS-190), built on Dec  6 2022 15:53:54 by "mach5one" with MS VC++ 17.1 (VS2022)

END.
