#
# There is insufficient memory for the Java Runtime Environment to continue.
# Native memory allocation (malloc) failed to allocate 2023856 bytes for Chunk::new
# Possible reasons:
#   The system is out of physical RAM or swap space
#   The process is running with CompressedOops enabled, and the Java Heap may be blocking the growth of the native heap
# Possible solutions:
#   Reduce memory load on the system
#   Increase physical memory or swap space
#   Check if swap backing store is full
#   Decrease Java heap size (-Xmx/-Xms)
#   Decrease number of Java threads
#   Decrease Java thread stack sizes (-Xss)
#   Set larger code cache with -XX:ReservedCodeCacheSize=
#   JVM is running with Zero Based Compressed Oops mode in which the Java heap is
#     placed in the first 32GB address space. The Java Heap base address is the
#     maximum limit for the native heap growth. Please use -XX:HeapBaseMinAddress
#     to set the Java Heap base and to place the Java Heap above 32GB virtual address.
# This output file may be truncated or incomplete.
#
#  Out of Memory Error (arena.cpp:189), pid=12900, tid=22848
#
# JRE version: Java(TM) SE Runtime Environment (17.0.6+9) (build 17.0.6+9-LTS-190)
# Java VM: Java HotSpot(TM) 64-Bit Server VM (17.0.6+9-LTS-190, mixed mode, sharing, tiered, compressed oops, compressed class ptrs, g1 gc, windows-amd64)
# No core dump will be written. Minidumps are not enabled by default on client versions of Windows
#

---------------  S U M M A R Y ------------

Command Line: -Dclassworlds.conf=C:\LAB-TOOLS\apache-maven-3.9.6-bin\apache-maven-3.9.6\bin\m2.conf -Dmaven.home=C:\LAB-TOOLS\apache-maven-3.9.6-bin\apache-maven-3.9.6 -Dlibrary.jansi.path=C:\LAB-TOOLS\apache-maven-3.9.6-bin\apache-maven-3.9.6\lib\jansi-native -Dmaven.multiModuleProjectDirectory=C:\LAB-TOOLS\ECLIPSE\Eclipse-Workspace\multimedia org.codehaus.plexus.classworlds.launcher.Launcher javafx:run -f c:\LAB-TOOLS\ECLIPSE\Eclipse-Workspace\multimedia\weblibrary\pom.xml

Host: Intel(R) Core(TM) i7-10510U CPU @ 1.80GHz, 8 cores, 15G,  Windows 11 , 64 bit Build 22621 (10.0.22621.3527)
Time: Mon Jun  3 02:09:33 2024  Windows 11 , 64 bit Build 22621 (10.0.22621.3527) elapsed time: 3.695445 seconds (0d 0h 0m 3s)

---------------  T H R E A D  ---------------

Current thread (0x0000019f73aec680):  JavaThread "C2 CompilerThread2" daemon [_thread_in_native, id=22848, stack(0x0000006dbd200000,0x0000006dbd300000)]


Current CompileTask:
C2:   3695 4315   !   4       com.google.inject.spi.InjectionPoint::getInjectionPoints (491 bytes)

Stack: [0x0000006dbd200000,0x0000006dbd300000]
Native frames: (J=compiled Java code, j=interpreted, Vv=VM code, C=native code)
V  [jvm.dll+0x6734ea]
V  [jvm.dll+0x7d18f4]
V  [jvm.dll+0x7d309e]
V  [jvm.dll+0x7d3703]
V  [jvm.dll+0x2433c5]
V  [jvm.dll+0xaa46b]
V  [jvm.dll+0xaaa0c]
V  [jvm.dll+0x35eadf]
V  [jvm.dll+0x329401]
V  [jvm.dll+0x32889a]
V  [jvm.dll+0x215ddf]
V  [jvm.dll+0x215211]
V  [jvm.dll+0x1a1730]
V  [jvm.dll+0x224b6e]
V  [jvm.dll+0x222f15]
V  [jvm.dll+0x78753c]
V  [jvm.dll+0x781a7a]
V  [jvm.dll+0x672375]
C  [ucrtbase.dll+0x29333]
C  [KERNEL32.DLL+0x1257d]
C  [ntdll.dll+0x5aa48]


---------------  P R O C E S S  ---------------

Threads class SMR info:
_java_thread_list=0x0000019f75e49760, length=17, elements={
0x0000019f4fc005f0, 0x0000019f72852de0, 0x0000019f72853c50, 0x0000019f7286bc10,
0x0000019f7286c7c0, 0x0000019f7286e180, 0x0000019f734040a0, 0x0000019f73417170,
0x0000019f73418b30, 0x0000019f7341b440, 0x0000019f735434f0, 0x0000019f73547b90,
0x0000019f736718f0, 0x0000019f73aec680, 0x0000019f75a96c20, 0x0000019f759ce450,
0x0000019f758cf840
}

Java Threads: ( => current thread )
  0x0000019f4fc005f0 JavaThread "main" [_thread_in_native, id=20240, stack(0x0000006dbbe00000,0x0000006dbbf00000)]
  0x0000019f72852de0 JavaThread "Reference Handler" daemon [_thread_blocked, id=21592, stack(0x0000006dbc500000,0x0000006dbc600000)]
  0x0000019f72853c50 JavaThread "Finalizer" daemon [_thread_blocked, id=24904, stack(0x0000006dbc600000,0x0000006dbc700000)]
  0x0000019f7286bc10 JavaThread "Signal Dispatcher" daemon [_thread_blocked, id=24176, stack(0x0000006dbc700000,0x0000006dbc800000)]
  0x0000019f7286c7c0 JavaThread "Attach Listener" daemon [_thread_blocked, id=21064, stack(0x0000006dbc800000,0x0000006dbc900000)]
  0x0000019f7286e180 JavaThread "Service Thread" daemon [_thread_blocked, id=1036, stack(0x0000006dbc900000,0x0000006dbca00000)]
  0x0000019f734040a0 JavaThread "Monitor Deflation Thread" daemon [_thread_blocked, id=19528, stack(0x0000006dbca00000,0x0000006dbcb00000)]
  0x0000019f73417170 JavaThread "C2 CompilerThread0" daemon [_thread_blocked, id=8172, stack(0x0000006dbcb00000,0x0000006dbcc00000)]
  0x0000019f73418b30 JavaThread "C1 CompilerThread0" daemon [_thread_blocked, id=22456, stack(0x0000006dbcc00000,0x0000006dbcd00000)]
  0x0000019f7341b440 JavaThread "Sweeper thread" daemon [_thread_blocked, id=16316, stack(0x0000006dbcd00000,0x0000006dbce00000)]
  0x0000019f735434f0 JavaThread "Notification Thread" daemon [_thread_blocked, id=10940, stack(0x0000006dbce00000,0x0000006dbcf00000)]
  0x0000019f73547b90 JavaThread "Common-Cleaner" daemon [_thread_blocked, id=22584, stack(0x0000006dbd000000,0x0000006dbd100000)]
  0x0000019f736718f0 JavaThread "C2 CompilerThread1" daemon [_thread_blocked, id=6868, stack(0x0000006dbd100000,0x0000006dbd200000)]
=>0x0000019f73aec680 JavaThread "C2 CompilerThread2" daemon [_thread_in_native, id=22848, stack(0x0000006dbd200000,0x0000006dbd300000)]
  0x0000019f75a96c20 JavaThread "Exec Stream Pumper" daemon [_thread_in_native, id=8016, stack(0x0000006dbda00000,0x0000006dbdb00000)]
  0x0000019f759ce450 JavaThread "Exec Stream Pumper" daemon [_thread_in_native, id=25472, stack(0x0000006dbdb00000,0x0000006dbdc00000)]
  0x0000019f758cf840 JavaThread "Exec Input Stream Pumper" daemon [_thread_blocked, id=14944, stack(0x0000006dbdc00000,0x0000006dbdd00000)]

Other Threads:
  0x0000019f7284e1e0 VMThread "VM Thread" [stack: 0x0000006dbc400000,0x0000006dbc500000] [id=2132]
  0x0000019f4fc85120 WatcherThread [stack: 0x0000006dbcf00000,0x0000006dbd000000] [id=13852]
  0x0000019f4fc6c4a0 GCTaskThread "GC Thread#0" [stack: 0x0000006dbbf00000,0x0000006dbc000000] [id=10572]
  0x0000019f7429e240 GCTaskThread "GC Thread#1" [stack: 0x0000006dbd300000,0x0000006dbd400000] [id=25596]
  0x0000019f7429e4f0 GCTaskThread "GC Thread#2" [stack: 0x0000006dbd400000,0x0000006dbd500000] [id=9632]
  0x0000019f73e9b350 GCTaskThread "GC Thread#3" [stack: 0x0000006dbd500000,0x0000006dbd600000] [id=22572]
  0x0000019f7405c960 GCTaskThread "GC Thread#4" [stack: 0x0000006dbd600000,0x0000006dbd700000] [id=6440]
  0x0000019f73e9ba10 GCTaskThread "GC Thread#5" [stack: 0x0000006dbd700000,0x0000006dbd800000] [id=15020]
  0x0000019f73f81180 GCTaskThread "GC Thread#6" [stack: 0x0000006dbd800000,0x0000006dbd900000] [id=21552]
  0x0000019f73e5c590 GCTaskThread "GC Thread#7" [stack: 0x0000006dbd900000,0x0000006dbda00000] [id=3256]
  0x0000019f4fc7d0e0 ConcurrentGCThread "G1 Main Marker" [stack: 0x0000006dbc000000,0x0000006dbc100000] [id=14492]
  0x0000019f4fc7eb00 ConcurrentGCThread "G1 Conc#0" [stack: 0x0000006dbc100000,0x0000006dbc200000] [id=22264]
  0x0000019f4fcbe1d0 ConcurrentGCThread "G1 Refine#0" [stack: 0x0000006dbc200000,0x0000006dbc300000] [id=11644]
  0x0000019f4fcbebf0 ConcurrentGCThread "G1 Service" [stack: 0x0000006dbc300000,0x0000006dbc400000] [id=24096]

Threads with active compile tasks:
C2 CompilerThread2     3724 4315   !   4       com.google.inject.spi.InjectionPoint::getInjectionPoints (491 bytes)

VM state: not at safepoint (normal execution)

VM Mutex/Monitor currently owned by a thread: None

Heap address: 0x0000000703000000, size: 4048 MB, Compressed Oops mode: Zero based, Oop shift amount: 3

CDS archive(s) mapped at: [0x0000000800000000-0x0000000800bd0000-0x0000000800bd0000), size 12386304, SharedBaseAddress: 0x0000000800000000, ArchiveRelocationMode: 0.
Compressed class space mapped at: 0x0000000800c00000-0x0000000840c00000, reserved size: 1073741824
Narrow klass base: 0x0000000800000000, Narrow klass shift: 0, Narrow klass range: 0x100000000

GC Precious Log:
 CPUs: 8 total, 8 available
 Memory: 16187M
 Large Page Support: Disabled
 NUMA Support: Disabled
 Compressed Oops: Enabled (Zero based)
 Heap Region Size: 2M
 Heap Min Capacity: 8M
 Heap Initial Capacity: 254M
 Heap Max Capacity: 4048M
 Pre-touch: Disabled
 Parallel Workers: 8
 Concurrent Workers: 2
 Concurrent Refinement Workers: 8
 Periodic GC: Disabled

Heap:
 garbage-first heap   total 260096K, used 128287K [0x0000000703000000, 0x0000000800000000)
  region size 2048K, 62 young (126976K), 1 survivors (2048K)
 Metaspace       used 19097K, committed 19392K, reserved 1073152K
  class space    used 2244K, committed 2432K, reserved 1048576K

Heap Regions: E=young(eden), S=young(survivor), O=old, HS=humongous(starts), HC=humongous(continues), CS=collection set, F=free, OA=open archive, CA=closed archive, TAMS=top-at-mark-start (previous, next)
|   0|0x0000000703000000, 0x0000000703200000, 0x0000000703200000|100%| O|  |TAMS 0x0000000703000000, 0x0000000703000000| Untracked 
|   1|0x0000000703200000, 0x000000070338c600, 0x0000000703400000| 77%| O|  |TAMS 0x0000000703200000, 0x0000000703200000| Untracked 
|   2|0x0000000703400000, 0x0000000703400000, 0x0000000703600000|  0%| F|  |TAMS 0x0000000703400000, 0x0000000703400000| Untracked 
|   3|0x0000000703600000, 0x0000000703600000, 0x0000000703800000|  0%| F|  |TAMS 0x0000000703600000, 0x0000000703600000| Untracked 
|   4|0x0000000703800000, 0x0000000703800000, 0x0000000703a00000|  0%| F|  |TAMS 0x0000000703800000, 0x0000000703800000| Untracked 
|   5|0x0000000703a00000, 0x0000000703a00000, 0x0000000703c00000|  0%| F|  |TAMS 0x0000000703a00000, 0x0000000703a00000| Untracked 
|   6|0x0000000703c00000, 0x0000000703c00000, 0x0000000703e00000|  0%| F|  |TAMS 0x0000000703c00000, 0x0000000703c00000| Untracked 
|   7|0x0000000703e00000, 0x0000000703e00000, 0x0000000704000000|  0%| F|  |TAMS 0x0000000703e00000, 0x0000000703e00000| Untracked 
|   8|0x0000000704000000, 0x0000000704000000, 0x0000000704200000|  0%| F|  |TAMS 0x0000000704000000, 0x0000000704000000| Untracked 
|   9|0x0000000704200000, 0x0000000704200000, 0x0000000704400000|  0%| F|  |TAMS 0x0000000704200000, 0x0000000704200000| Untracked 
|  10|0x0000000704400000, 0x0000000704400000, 0x0000000704600000|  0%| F|  |TAMS 0x0000000704400000, 0x0000000704400000| Untracked 
|  11|0x0000000704600000, 0x0000000704600000, 0x0000000704800000|  0%| F|  |TAMS 0x0000000704600000, 0x0000000704600000| Untracked 
|  12|0x0000000704800000, 0x0000000704800000, 0x0000000704a00000|  0%| F|  |TAMS 0x0000000704800000, 0x0000000704800000| Untracked 
|  13|0x0000000704a00000, 0x0000000704a00000, 0x0000000704c00000|  0%| F|  |TAMS 0x0000000704a00000, 0x0000000704a00000| Untracked 
|  14|0x0000000704c00000, 0x0000000704c00000, 0x0000000704e00000|  0%| F|  |TAMS 0x0000000704c00000, 0x0000000704c00000| Untracked 
|  15|0x0000000704e00000, 0x0000000704e00000, 0x0000000705000000|  0%| F|  |TAMS 0x0000000704e00000, 0x0000000704e00000| Untracked 
|  16|0x0000000705000000, 0x0000000705000000, 0x0000000705200000|  0%| F|  |TAMS 0x0000000705000000, 0x0000000705000000| Untracked 
|  17|0x0000000705200000, 0x0000000705200000, 0x0000000705400000|  0%| F|  |TAMS 0x0000000705200000, 0x0000000705200000| Untracked 
|  18|0x0000000705400000, 0x0000000705400000, 0x0000000705600000|  0%| F|  |TAMS 0x0000000705400000, 0x0000000705400000| Untracked 
|  19|0x0000000705600000, 0x0000000705600000, 0x0000000705800000|  0%| F|  |TAMS 0x0000000705600000, 0x0000000705600000| Untracked 
|  20|0x0000000705800000, 0x0000000705800000, 0x0000000705a00000|  0%| F|  |TAMS 0x0000000705800000, 0x0000000705800000| Untracked 
|  21|0x0000000705a00000, 0x0000000705a00000, 0x0000000705c00000|  0%| F|  |TAMS 0x0000000705a00000, 0x0000000705a00000| Untracked 
|  22|0x0000000705c00000, 0x0000000705c00000, 0x0000000705e00000|  0%| F|  |TAMS 0x0000000705c00000, 0x0000000705c00000| Untracked 
|  23|0x0000000705e00000, 0x0000000705e00000, 0x0000000706000000|  0%| F|  |TAMS 0x0000000705e00000, 0x0000000705e00000| Untracked 
|  24|0x0000000706000000, 0x0000000706000000, 0x0000000706200000|  0%| F|  |TAMS 0x0000000706000000, 0x0000000706000000| Untracked 
|  25|0x0000000706200000, 0x0000000706200000, 0x0000000706400000|  0%| F|  |TAMS 0x0000000706200000, 0x0000000706200000| Untracked 
|  26|0x0000000706400000, 0x0000000706400000, 0x0000000706600000|  0%| F|  |TAMS 0x0000000706400000, 0x0000000706400000| Untracked 
|  27|0x0000000706600000, 0x0000000706600000, 0x0000000706800000|  0%| F|  |TAMS 0x0000000706600000, 0x0000000706600000| Untracked 
|  28|0x0000000706800000, 0x0000000706800000, 0x0000000706a00000|  0%| F|  |TAMS 0x0000000706800000, 0x0000000706800000| Untracked 
|  29|0x0000000706a00000, 0x0000000706a00000, 0x0000000706c00000|  0%| F|  |TAMS 0x0000000706a00000, 0x0000000706a00000| Untracked 
|  30|0x0000000706c00000, 0x0000000706c00000, 0x0000000706e00000|  0%| F|  |TAMS 0x0000000706c00000, 0x0000000706c00000| Untracked 
|  31|0x0000000706e00000, 0x0000000706e00000, 0x0000000707000000|  0%| F|  |TAMS 0x0000000706e00000, 0x0000000706e00000| Untracked 
|  32|0x0000000707000000, 0x0000000707000000, 0x0000000707200000|  0%| F|  |TAMS 0x0000000707000000, 0x0000000707000000| Untracked 
|  33|0x0000000707200000, 0x0000000707200000, 0x0000000707400000|  0%| F|  |TAMS 0x0000000707200000, 0x0000000707200000| Untracked 
|  34|0x0000000707400000, 0x0000000707400000, 0x0000000707600000|  0%| F|  |TAMS 0x0000000707400000, 0x0000000707400000| Untracked 
|  35|0x0000000707600000, 0x0000000707600000, 0x0000000707800000|  0%| F|  |TAMS 0x0000000707600000, 0x0000000707600000| Untracked 
|  36|0x0000000707800000, 0x0000000707800000, 0x0000000707a00000|  0%| F|  |TAMS 0x0000000707800000, 0x0000000707800000| Untracked 
|  37|0x0000000707a00000, 0x0000000707a00000, 0x0000000707c00000|  0%| F|  |TAMS 0x0000000707a00000, 0x0000000707a00000| Untracked 
|  38|0x0000000707c00000, 0x0000000707c00000, 0x0000000707e00000|  0%| F|  |TAMS 0x0000000707c00000, 0x0000000707c00000| Untracked 
|  39|0x0000000707e00000, 0x0000000707e00000, 0x0000000708000000|  0%| F|  |TAMS 0x0000000707e00000, 0x0000000707e00000| Untracked 
|  40|0x0000000708000000, 0x0000000708000000, 0x0000000708200000|  0%| F|  |TAMS 0x0000000708000000, 0x0000000708000000| Untracked 
|  41|0x0000000708200000, 0x0000000708200000, 0x0000000708400000|  0%| F|  |TAMS 0x0000000708200000, 0x0000000708200000| Untracked 
|  42|0x0000000708400000, 0x0000000708400000, 0x0000000708600000|  0%| F|  |TAMS 0x0000000708400000, 0x0000000708400000| Untracked 
|  43|0x0000000708600000, 0x0000000708600000, 0x0000000708800000|  0%| F|  |TAMS 0x0000000708600000, 0x0000000708600000| Untracked 
|  44|0x0000000708800000, 0x0000000708800000, 0x0000000708a00000|  0%| F|  |TAMS 0x0000000708800000, 0x0000000708800000| Untracked 
|  45|0x0000000708a00000, 0x0000000708a00000, 0x0000000708c00000|  0%| F|  |TAMS 0x0000000708a00000, 0x0000000708a00000| Untracked 
|  46|0x0000000708c00000, 0x0000000708c00000, 0x0000000708e00000|  0%| F|  |TAMS 0x0000000708c00000, 0x0000000708c00000| Untracked 
|  47|0x0000000708e00000, 0x0000000708e00000, 0x0000000709000000|  0%| F|  |TAMS 0x0000000708e00000, 0x0000000708e00000| Untracked 
|  48|0x0000000709000000, 0x0000000709000000, 0x0000000709200000|  0%| F|  |TAMS 0x0000000709000000, 0x0000000709000000| Untracked 
|  49|0x0000000709200000, 0x0000000709200000, 0x0000000709400000|  0%| F|  |TAMS 0x0000000709200000, 0x0000000709200000| Untracked 
|  50|0x0000000709400000, 0x0000000709400000, 0x0000000709600000|  0%| F|  |TAMS 0x0000000709400000, 0x0000000709400000| Untracked 
|  51|0x0000000709600000, 0x0000000709600000, 0x0000000709800000|  0%| F|  |TAMS 0x0000000709600000, 0x0000000709600000| Untracked 
|  52|0x0000000709800000, 0x0000000709800000, 0x0000000709a00000|  0%| F|  |TAMS 0x0000000709800000, 0x0000000709800000| Untracked 
|  53|0x0000000709a00000, 0x0000000709a00000, 0x0000000709c00000|  0%| F|  |TAMS 0x0000000709a00000, 0x0000000709a00000| Untracked 
|  54|0x0000000709c00000, 0x0000000709c00000, 0x0000000709e00000|  0%| F|  |TAMS 0x0000000709c00000, 0x0000000709c00000| Untracked 
|  55|0x0000000709e00000, 0x0000000709e00000, 0x000000070a000000|  0%| F|  |TAMS 0x0000000709e00000, 0x0000000709e00000| Untracked 
|  56|0x000000070a000000, 0x000000070a000000, 0x000000070a200000|  0%| F|  |TAMS 0x000000070a000000, 0x000000070a000000| Untracked 
|  57|0x000000070a200000, 0x000000070a200000, 0x000000070a400000|  0%| F|  |TAMS 0x000000070a200000, 0x000000070a200000| Untracked 
|  58|0x000000070a400000, 0x000000070a400000, 0x000000070a600000|  0%| F|  |TAMS 0x000000070a400000, 0x000000070a400000| Untracked 
|  59|0x000000070a600000, 0x000000070a600000, 0x000000070a800000|  0%| F|  |TAMS 0x000000070a600000, 0x000000070a600000| Untracked 
|  60|0x000000070a800000, 0x000000070a800000, 0x000000070aa00000|  0%| F|  |TAMS 0x000000070a800000, 0x000000070a800000| Untracked 
|  61|0x000000070aa00000, 0x000000070aa00000, 0x000000070ac00000|  0%| F|  |TAMS 0x000000070aa00000, 0x000000070aa00000| Untracked 
|  62|0x000000070ac00000, 0x000000070ac00000, 0x000000070ae00000|  0%| F|  |TAMS 0x000000070ac00000, 0x000000070ac00000| Untracked 
|  63|0x000000070ae00000, 0x000000070ae00000, 0x000000070b000000|  0%| F|  |TAMS 0x000000070ae00000, 0x000000070ae00000| Untracked 
|  64|0x000000070b000000, 0x000000070b000000, 0x000000070b200000|  0%| F|  |TAMS 0x000000070b000000, 0x000000070b000000| Untracked 
|  65|0x000000070b200000, 0x000000070b300800, 0x000000070b400000| 50%| E|  |TAMS 0x000000070b200000, 0x000000070b200000| Complete 
|  66|0x000000070b400000, 0x000000070b600000, 0x000000070b600000|100%| E|CS|TAMS 0x000000070b400000, 0x000000070b400000| Complete 
|  67|0x000000070b600000, 0x000000070b800000, 0x000000070b800000|100%| E|CS|TAMS 0x000000070b600000, 0x000000070b600000| Complete 
|  68|0x000000070b800000, 0x000000070ba00000, 0x000000070ba00000|100%| E|CS|TAMS 0x000000070b800000, 0x000000070b800000| Complete 
|  69|0x000000070ba00000, 0x000000070bc00000, 0x000000070bc00000|100%| E|CS|TAMS 0x000000070ba00000, 0x000000070ba00000| Complete 
|  70|0x000000070bc00000, 0x000000070be00000, 0x000000070be00000|100%| E|CS|TAMS 0x000000070bc00000, 0x000000070bc00000| Complete 
|  71|0x000000070be00000, 0x000000070c000000, 0x000000070c000000|100%| E|CS|TAMS 0x000000070be00000, 0x000000070be00000| Complete 
|  72|0x000000070c000000, 0x000000070c200000, 0x000000070c200000|100%| E|CS|TAMS 0x000000070c000000, 0x000000070c000000| Complete 
|  73|0x000000070c200000, 0x000000070c400000, 0x000000070c400000|100%| E|CS|TAMS 0x000000070c200000, 0x000000070c200000| Complete 
|  74|0x000000070c400000, 0x000000070c600000, 0x000000070c600000|100%| E|CS|TAMS 0x000000070c400000, 0x000000070c400000| Complete 
|  75|0x000000070c600000, 0x000000070c800000, 0x000000070c800000|100%| E|CS|TAMS 0x000000070c600000, 0x000000070c600000| Complete 
|  76|0x000000070c800000, 0x000000070ca00000, 0x000000070ca00000|100%| E|CS|TAMS 0x000000070c800000, 0x000000070c800000| Complete 
|  77|0x000000070ca00000, 0x000000070cc00000, 0x000000070cc00000|100%| E|CS|TAMS 0x000000070ca00000, 0x000000070ca00000| Complete 
|  78|0x000000070cc00000, 0x000000070ce00000, 0x000000070ce00000|100%| E|CS|TAMS 0x000000070cc00000, 0x000000070cc00000| Complete 
|  79|0x000000070ce00000, 0x000000070d000000, 0x000000070d000000|100%| E|CS|TAMS 0x000000070ce00000, 0x000000070ce00000| Complete 
|  80|0x000000070d000000, 0x000000070d200000, 0x000000070d200000|100%| E|CS|TAMS 0x000000070d000000, 0x000000070d000000| Complete 
|  81|0x000000070d200000, 0x000000070d400000, 0x000000070d400000|100%| E|CS|TAMS 0x000000070d200000, 0x000000070d200000| Complete 
|  82|0x000000070d400000, 0x000000070d600000, 0x000000070d600000|100%| E|CS|TAMS 0x000000070d400000, 0x000000070d400000| Complete 
|  83|0x000000070d600000, 0x000000070d800000, 0x000000070d800000|100%| E|CS|TAMS 0x000000070d600000, 0x000000070d600000| Complete 
|  84|0x000000070d800000, 0x000000070da00000, 0x000000070da00000|100%| E|CS|TAMS 0x000000070d800000, 0x000000070d800000| Complete 
|  85|0x000000070da00000, 0x000000070dc00000, 0x000000070dc00000|100%| E|CS|TAMS 0x000000070da00000, 0x000000070da00000| Complete 
|  86|0x000000070dc00000, 0x000000070de00000, 0x000000070de00000|100%| E|CS|TAMS 0x000000070dc00000, 0x000000070dc00000| Complete 
|  87|0x000000070de00000, 0x000000070e000000, 0x000000070e000000|100%| E|CS|TAMS 0x000000070de00000, 0x000000070de00000| Complete 
|  88|0x000000070e000000, 0x000000070e200000, 0x000000070e200000|100%| E|CS|TAMS 0x000000070e000000, 0x000000070e000000| Complete 
|  89|0x000000070e200000, 0x000000070e400000, 0x000000070e400000|100%| E|CS|TAMS 0x000000070e200000, 0x000000070e200000| Complete 
|  90|0x000000070e400000, 0x000000070e600000, 0x000000070e600000|100%| E|CS|TAMS 0x000000070e400000, 0x000000070e400000| Complete 
|  91|0x000000070e600000, 0x000000070e800000, 0x000000070e800000|100%| E|CS|TAMS 0x000000070e600000, 0x000000070e600000| Complete 
|  92|0x000000070e800000, 0x000000070ea00000, 0x000000070ea00000|100%| E|CS|TAMS 0x000000070e800000, 0x000000070e800000| Complete 
|  93|0x000000070ea00000, 0x000000070ec00000, 0x000000070ec00000|100%| E|CS|TAMS 0x000000070ea00000, 0x000000070ea00000| Complete 
|  94|0x000000070ec00000, 0x000000070ee00000, 0x000000070ee00000|100%| E|CS|TAMS 0x000000070ec00000, 0x000000070ec00000| Complete 
|  95|0x000000070ee00000, 0x000000070f000000, 0x000000070f000000|100%| E|CS|TAMS 0x000000070ee00000, 0x000000070ee00000| Complete 
|  96|0x000000070f000000, 0x000000070f200000, 0x000000070f200000|100%| E|CS|TAMS 0x000000070f000000, 0x000000070f000000| Complete 
|  97|0x000000070f200000, 0x000000070f400000, 0x000000070f400000|100%| E|CS|TAMS 0x000000070f200000, 0x000000070f200000| Complete 
|  98|0x000000070f400000, 0x000000070f600000, 0x000000070f600000|100%| E|CS|TAMS 0x000000070f400000, 0x000000070f400000| Complete 
|  99|0x000000070f600000, 0x000000070f800000, 0x000000070f800000|100%| E|CS|TAMS 0x000000070f600000, 0x000000070f600000| Complete 
| 100|0x000000070f800000, 0x000000070fa00000, 0x000000070fa00000|100%| E|CS|TAMS 0x000000070f800000, 0x000000070f800000| Complete 
| 101|0x000000070fa00000, 0x000000070fc00000, 0x000000070fc00000|100%| E|CS|TAMS 0x000000070fa00000, 0x000000070fa00000| Complete 
| 102|0x000000070fc00000, 0x000000070fe00000, 0x000000070fe00000|100%| E|CS|TAMS 0x000000070fc00000, 0x000000070fc00000| Complete 
| 103|0x000000070fe00000, 0x0000000710000000, 0x0000000710000000|100%| E|CS|TAMS 0x000000070fe00000, 0x000000070fe00000| Complete 
| 104|0x0000000710000000, 0x0000000710200000, 0x0000000710200000|100%| E|CS|TAMS 0x0000000710000000, 0x0000000710000000| Complete 
| 105|0x0000000710200000, 0x0000000710400000, 0x0000000710400000|100%| E|CS|TAMS 0x0000000710200000, 0x0000000710200000| Complete 
| 106|0x0000000710400000, 0x0000000710600000, 0x0000000710600000|100%| E|CS|TAMS 0x0000000710400000, 0x0000000710400000| Complete 
| 107|0x0000000710600000, 0x0000000710800000, 0x0000000710800000|100%| E|CS|TAMS 0x0000000710600000, 0x0000000710600000| Complete 
| 108|0x0000000710800000, 0x0000000710a00000, 0x0000000710a00000|100%| E|CS|TAMS 0x0000000710800000, 0x0000000710800000| Complete 
| 109|0x0000000710a00000, 0x0000000710c00000, 0x0000000710c00000|100%| E|CS|TAMS 0x0000000710a00000, 0x0000000710a00000| Complete 
| 110|0x0000000710c00000, 0x0000000710dbb750, 0x0000000710e00000| 86%| S|CS|TAMS 0x0000000710c00000, 0x0000000710c00000| Complete 
| 111|0x0000000710e00000, 0x0000000711000000, 0x0000000711000000|100%| E|CS|TAMS 0x0000000710e00000, 0x0000000710e00000| Complete 
| 112|0x0000000711000000, 0x0000000711200000, 0x0000000711200000|100%| E|CS|TAMS 0x0000000711000000, 0x0000000711000000| Complete 
| 113|0x0000000711200000, 0x0000000711400000, 0x0000000711400000|100%| E|CS|TAMS 0x0000000711200000, 0x0000000711200000| Complete 
| 114|0x0000000711400000, 0x0000000711600000, 0x0000000711600000|100%| E|CS|TAMS 0x0000000711400000, 0x0000000711400000| Complete 
| 115|0x0000000711600000, 0x0000000711800000, 0x0000000711800000|100%| E|CS|TAMS 0x0000000711600000, 0x0000000711600000| Complete 
| 116|0x0000000711800000, 0x0000000711a00000, 0x0000000711a00000|100%| E|CS|TAMS 0x0000000711800000, 0x0000000711800000| Complete 
| 117|0x0000000711a00000, 0x0000000711c00000, 0x0000000711c00000|100%| E|CS|TAMS 0x0000000711a00000, 0x0000000711a00000| Complete 
| 118|0x0000000711c00000, 0x0000000711e00000, 0x0000000711e00000|100%| E|CS|TAMS 0x0000000711c00000, 0x0000000711c00000| Complete 
| 119|0x0000000711e00000, 0x0000000712000000, 0x0000000712000000|100%| E|CS|TAMS 0x0000000711e00000, 0x0000000711e00000| Complete 
| 120|0x0000000712000000, 0x0000000712200000, 0x0000000712200000|100%| E|CS|TAMS 0x0000000712000000, 0x0000000712000000| Complete 
| 121|0x0000000712200000, 0x0000000712400000, 0x0000000712400000|100%| E|CS|TAMS 0x0000000712200000, 0x0000000712200000| Complete 
| 122|0x0000000712400000, 0x0000000712600000, 0x0000000712600000|100%| E|CS|TAMS 0x0000000712400000, 0x0000000712400000| Complete 
| 123|0x0000000712600000, 0x0000000712800000, 0x0000000712800000|100%| E|CS|TAMS 0x0000000712600000, 0x0000000712600000| Complete 
| 124|0x0000000712800000, 0x0000000712a00000, 0x0000000712a00000|100%| E|CS|TAMS 0x0000000712800000, 0x0000000712800000| Complete 
| 125|0x0000000712a00000, 0x0000000712c00000, 0x0000000712c00000|100%| E|CS|TAMS 0x0000000712a00000, 0x0000000712a00000| Complete 
| 126|0x0000000712c00000, 0x0000000712e00000, 0x0000000712e00000|100%| E|CS|TAMS 0x0000000712c00000, 0x0000000712c00000| Complete 

Card table byte_map: [0x0000019f66f90000,0x0000019f67780000] _byte_map_base: 0x0000019f63778000

Marking Bits (Prev, Next): (CMBitMap*) 0x0000019f4fc6cab0, (CMBitMap*) 0x0000019f4fc6caf0
 Prev Bits: [0x0000019f67f70000, 0x0000019f6beb0000)
 Next Bits: [0x0000019f6beb0000, 0x0000019f6fdf0000)

Polling page: 0x0000019f4f3c0000

Metaspace:

Usage:
  Non-class:     16.46 MB used.
      Class:      2.19 MB used.
       Both:     18.65 MB used.

Virtual space:
  Non-class space:       24.00 MB reserved,      16.56 MB ( 69%) committed,  3 nodes.
      Class space:        1.00 GB reserved,       2.38 MB ( <1%) committed,  1 nodes.
             Both:        1.02 GB reserved,      18.94 MB (  2%) committed. 

Chunk freelists:
   Non-Class:  3.25 MB
       Class:  1.56 MB
        Both:  4.81 MB

MaxMetaspaceSize: unlimited
CompressedClassSpaceSize: 1.00 GB
Initial GC threshold: 21.00 MB
Current GC threshold: 21.00 MB
CDS: on
MetaspaceReclaimPolicy: balanced
 - commit_granule_bytes: 65536.
 - commit_granule_words: 8192.
 - virtual_space_node_default_size: 1048576.
 - enlarge_chunks_in_place: 1.
 - new_chunks_are_fully_committed: 0.
 - uncommit_free_chunks: 1.
 - use_allocation_guard: 0.
 - handle_deallocations: 1.


Internal statistics:

num_allocs_failed_limit: 0.
num_arena_births: 126.
num_arena_deaths: 0.
num_vsnodes_births: 4.
num_vsnodes_deaths: 0.
num_space_committed: 303.
num_space_uncommitted: 0.
num_chunks_returned_to_freelist: 0.
num_chunks_taken_from_freelist: 809.
num_chunk_merges: 0.
num_chunk_splits: 558.
num_chunks_enlarged: 446.
num_purges: 0.
num_inconsistent_stats: 0.

CodeHeap 'non-profiled nmethods': size=120000Kb used=2370Kb max_used=2370Kb free=117629Kb
 bounds [0x0000019f5ef40000, 0x0000019f5f1b0000, 0x0000019f66470000]
CodeHeap 'profiled nmethods': size=120000Kb used=9324Kb max_used=9324Kb free=110675Kb
 bounds [0x0000019f57470000, 0x0000019f57d90000, 0x0000019f5e9a0000]
CodeHeap 'non-nmethods': size=5760Kb used=1185Kb max_used=1260Kb free=4575Kb
 bounds [0x0000019f5e9a0000, 0x0000019f5ec10000, 0x0000019f5ef40000]
 total_blobs=4885 nmethods=4406 adapters=391
 compilation: enabled
              stopped_count=0, restarted_count=0
 full_count=0

Compilation events (20 events):
Event: 3.588 Thread 0x0000019f73418b30 nmethod 4390 0x0000019f57d87290 code [0x0000019f57d874c0, 0x0000019f57d87b48]
Event: 3.588 Thread 0x0000019f73418b30 4391       3       jdk.internal.misc.VM::isSystemDomainLoader (17 bytes)
Event: 3.589 Thread 0x0000019f73418b30 nmethod 4391 0x0000019f57d87e10 code [0x0000019f57d88060, 0x0000019f57d88b18]
Event: 3.589 Thread 0x0000019f73418b30 4393       3       java.lang.invoke.MethodHandles$Lookup::checkSymbolicClass (25 bytes)
Event: 3.589 Thread 0x0000019f73418b30 nmethod 4393 0x0000019f57d88e90 code [0x0000019f57d89060, 0x0000019f57d892c8]
Event: 3.591 Thread 0x0000019f73418b30 4397       3       sun.invoke.util.VerifyAccess::isTypeVisible (47 bytes)
Event: 3.591 Thread 0x0000019f73418b30 nmethod 4397 0x0000019f57d89410 code [0x0000019f57d89600, 0x0000019f57d89a38]
Event: 3.591 Thread 0x0000019f73418b30 4398       3       java.lang.invoke.LambdaForm$NamedFunction::methodType (23 bytes)
Event: 3.592 Thread 0x0000019f73418b30 nmethod 4398 0x0000019f57d89c10 code [0x0000019f57d89dc0, 0x0000019f57d8a028]
Event: 3.592 Thread 0x0000019f73418b30 4399       3       jdk.internal.org.objectweb.asm.ClassWriter::<init> (7 bytes)
Event: 3.592 Thread 0x0000019f73418b30 nmethod 4399 0x0000019f57d8a110 code [0x0000019f57d8a2c0, 0x0000019f57d8a408]
Event: 3.592 Thread 0x0000019f73418b30 4400       3       jdk.internal.org.objectweb.asm.ClassWriter::<init> (68 bytes)
Event: 3.592 Thread 0x0000019f73418b30 nmethod 4400 0x0000019f57d8a490 code [0x0000019f57d8a660, 0x0000019f57d8ab08]
Event: 3.592 Thread 0x0000019f73418b30 4402       3       java.lang.invoke.MemberName::isMethod (8 bytes)
Event: 3.592 Thread 0x0000019f73418b30 nmethod 4402 0x0000019f57d8ac90 code [0x0000019f57d8ae40, 0x0000019f57d8b078]
Event: 3.595 Thread 0x0000019f73417170 4406       4       java.lang.String::getBytes (46 bytes)
Event: 3.597 Thread 0x0000019f73417170 nmethod 4406 0x0000019f5f182010 code [0x0000019f5f1821a0, 0x0000019f5f182438]
Event: 3.597 Thread 0x0000019f73417170 4407       4       java.security.CodeSource::getCertificates (98 bytes)
Event: 3.598 Thread 0x0000019f73417170 nmethod 4407 0x0000019f5f182590 code [0x0000019f5f182700, 0x0000019f5f1827b8]
Event: 3.639 Thread 0x0000019f736718f0 nmethod 4276 0x0000019f5f182890 code [0x0000019f5f183000, 0x0000019f5f18b988]

GC Heap History (4 events):
Event: 0.592 GC heap before
{Heap before GC invocations=0 (full 0):
 garbage-first heap   total 260096K, used 22528K [0x0000000703000000, 0x0000000800000000)
  region size 2048K, 11 young (22528K), 0 survivors (0K)
 Metaspace       used 5488K, committed 5696K, reserved 1056768K
  class space    used 659K, committed 768K, reserved 1048576K
}
Event: 0.596 GC heap after
{Heap after GC invocations=1 (full 0):
 garbage-first heap   total 260096K, used 3890K [0x0000000703000000, 0x0000000800000000)
  region size 2048K, 2 young (4096K), 2 survivors (4096K)
 Metaspace       used 5488K, committed 5696K, reserved 1056768K
  class space    used 659K, committed 768K, reserved 1048576K
}
Event: 1.165 GC heap before
{Heap before GC invocations=1 (full 0):
 garbage-first heap   total 260096K, used 32562K [0x0000000703000000, 0x0000000800000000)
  region size 2048K, 16 young (32768K), 2 survivors (4096K)
 Metaspace       used 9473K, committed 9600K, reserved 1064960K
  class space    used 1150K, committed 1216K, reserved 1048576K
}
Event: 1.169 GC heap after
{Heap after GC invocations=2 (full 0):
 garbage-first heap   total 260096K, used 5407K [0x0000000703000000, 0x0000000800000000)
  region size 2048K, 1 young (2048K), 1 survivors (2048K)
 Metaspace       used 9473K, committed 9600K, reserved 1064960K
  class space    used 1150K, committed 1216K, reserved 1048576K
}

Deoptimization events (20 events):
Event: 3.524 Thread 0x0000019f4fc005f0 Uncommon trap: trap_request=0xffffff45 fr.pc=0x0000019f5ef7f724 relative=0x0000000000000564
Event: 3.524 Thread 0x0000019f4fc005f0 Uncommon trap: reason=unstable_if action=reinterpret pc=0x0000019f5ef7f724 method=java.lang.AbstractStringBuilder.putStringAt(ILjava/lang/String;II)V @ 8 c2
Event: 3.524 Thread 0x0000019f4fc005f0 DEOPT PACKING pc=0x0000019f5ef7f724 sp=0x0000006dbbefd570
Event: 3.524 Thread 0x0000019f4fc005f0 DEOPT UNPACKING pc=0x0000019f5e9f23a3 sp=0x0000006dbbefd460 mode 2
Event: 3.525 Thread 0x0000019f4fc005f0 Uncommon trap: trap_request=0xffffffbe fr.pc=0x0000019f5f034d70 relative=0x0000000000001f90
Event: 3.525 Thread 0x0000019f4fc005f0 Uncommon trap: reason=profile_predicate action=maybe_recompile pc=0x0000019f5f034d70 method=java.util.TimSort.binarySort([Ljava/lang/Object;IIILjava/util/Comparator;)V @ 34 c2
Event: 3.525 Thread 0x0000019f4fc005f0 DEOPT PACKING pc=0x0000019f5f034d70 sp=0x0000006dbbefd0a0
Event: 3.525 Thread 0x0000019f4fc005f0 DEOPT UNPACKING pc=0x0000019f5e9f23a3 sp=0x0000006dbbefd080 mode 2
Event: 3.526 Thread 0x0000019f4fc005f0 Uncommon trap: trap_request=0xffffffbe fr.pc=0x0000019f5f034d70 relative=0x0000000000001f90
Event: 3.526 Thread 0x0000019f4fc005f0 Uncommon trap: reason=profile_predicate action=maybe_recompile pc=0x0000019f5f034d70 method=java.util.TimSort.binarySort([Ljava/lang/Object;IIILjava/util/Comparator;)V @ 34 c2
Event: 3.526 Thread 0x0000019f4fc005f0 DEOPT PACKING pc=0x0000019f5f034d70 sp=0x0000006dbbefd0a0
Event: 3.526 Thread 0x0000019f4fc005f0 DEOPT UNPACKING pc=0x0000019f5e9f23a3 sp=0x0000006dbbefd080 mode 2
Event: 3.526 Thread 0x0000019f4fc005f0 Uncommon trap: trap_request=0xffffffbe fr.pc=0x0000019f5f034d70 relative=0x0000000000001f90
Event: 3.526 Thread 0x0000019f4fc005f0 Uncommon trap: reason=profile_predicate action=maybe_recompile pc=0x0000019f5f034d70 method=java.util.TimSort.binarySort([Ljava/lang/Object;IIILjava/util/Comparator;)V @ 34 c2
Event: 3.526 Thread 0x0000019f4fc005f0 DEOPT PACKING pc=0x0000019f5f034d70 sp=0x0000006dbbefd0a0
Event: 3.526 Thread 0x0000019f4fc005f0 DEOPT UNPACKING pc=0x0000019f5e9f23a3 sp=0x0000006dbbefd080 mode 2
Event: 3.526 Thread 0x0000019f4fc005f0 Uncommon trap: trap_request=0xffffff45 fr.pc=0x0000019f5ef7e9e0 relative=0x0000000000000140
Event: 3.526 Thread 0x0000019f4fc005f0 Uncommon trap: reason=unstable_if action=reinterpret pc=0x0000019f5ef7e9e0 method=java.lang.AbstractStringBuilder.putStringAt(ILjava/lang/String;II)V @ 8 c2
Event: 3.526 Thread 0x0000019f4fc005f0 DEOPT PACKING pc=0x0000019f5ef7e9e0 sp=0x0000006dbbefd1c0
Event: 3.526 Thread 0x0000019f4fc005f0 DEOPT UNPACKING pc=0x0000019f5e9f23a3 sp=0x0000006dbbefd108 mode 2

Classes unloaded (0 events):
No events

Classes redefined (0 events):
No events

Internal exceptions (20 events):
Event: 1.607 Thread 0x0000019f4fc005f0 Exception <a 'java/lang/NoSuchMethodError'{0x0000000711cf85a0}: 'void java.lang.invoke.DirectMethodHandle$Holder.invokeVirtual(java.lang.Object, java.lang.Object)'> (0x0000000711cf85a0) 
thrown [s\open\src\hotspot\share\interpreter\linkResolver.cpp, line 759]
Event: 1.636 Thread 0x0000019f4fc005f0 Exception <a 'java/lang/NoSuchMethodError'{0x0000000711d70270}: 'java.lang.Object java.lang.invoke.DirectMethodHandle$Holder.invokeStaticInit(java.lang.Object, int, int, int, int)'> (0x0000000711d70270) 
thrown [s\open\src\hotspot\share\interpreter\linkResolver.cpp, line 759]
Event: 1.950 Thread 0x0000019f4fc005f0 Implicit null exception at 0x0000019f5f0658b3 to 0x0000019f5f0659ac
Event: 1.950 Thread 0x0000019f4fc005f0 Implicit null exception at 0x0000019f5f02566f to 0x0000019f5f025868
Event: 1.950 Thread 0x0000019f4fc005f0 Implicit null exception at 0x0000019f5ef6f1e0 to 0x0000019f5ef6f27a
Event: 2.036 Thread 0x0000019f4fc005f0 Exception <a 'java/lang/NoSuchMethodError'{0x0000000710abb000}: 'java.lang.Object java.lang.invoke.DirectMethodHandle$Holder.newInvokeSpecial(java.lang.Object, java.lang.Object, java.lang.Object, java.lang.Object, java.lang.Object, java.lang.Object, java.lang.Object)'> (0x0000000710abb000) 
thrown [s\open\src\hotspot\share\interpreter\linkResolver.cpp, line 759]
Event: 2.037 Thread 0x0000019f4fc005f0 Exception <a 'java/lang/NoSuchMethodError'{0x0000000710abf910}: 'java.lang.Object java.lang.invoke.Invokers$Holder.linkToTargetMethod(java.lang.Object, java.lang.Object, java.lang.Object, java.lang.Object, java.lang.Object, java.lang.Object, java.lang.Object)'> (0x0000000710abf910) 
thrown [s\open\src\hotspot\share\interpreter\linkResolver.cpp, line 759]
Event: 2.229 Thread 0x0000019f4fc005f0 Exception <a 'java/lang/NoSuchMethodError'{0x0000000710065698}: 'java.lang.Object java.lang.invoke.DirectMethodHandle$Holder.invokeVirtual(java.lang.Object, java.lang.Object, java.lang.Object)'> (0x0000000710065698) 
thrown [s\open\src\hotspot\share\interpreter\linkResolver.cpp, line 759]
Event: 2.229 Thread 0x0000019f4fc005f0 Exception <a 'java/lang/NoSuchMethodError'{0x000000071006cc00}: 'void java.lang.invoke.DirectMethodHandle$Holder.invokeSpecial(java.lang.Object, java.lang.Object, java.lang.Object, java.lang.Object, java.lang.Object, java.lang.Object)'> (0x000000071006cc00) 
thrown [s\open\src\hotspot\share\interpreter\linkResolver.cpp, line 759]
Event: 2.230 Thread 0x0000019f4fc005f0 Exception <a 'java/lang/NoSuchMethodError'{0x0000000710078158}: 'int java.lang.invoke.DirectMethodHandle$Holder.invokeVirtual(java.lang.Object, java.lang.Object)'> (0x0000000710078158) 
thrown [s\open\src\hotspot\share\interpreter\linkResolver.cpp, line 759]
Event: 2.549 Thread 0x0000019f4fc005f0 Implicit null exception at 0x0000019f5ef63772 to 0x0000019f5ef63dcc
Event: 3.486 Thread 0x0000019f4fc005f0 Exception <a 'sun/nio/fs/WindowsException'{0x000000070b7d84d8}> (0x000000070b7d84d8) 
thrown [s\open\src\hotspot\share\prims\jni.cpp, line 516]
Event: 3.486 Thread 0x0000019f4fc005f0 Exception <a 'sun/nio/fs/WindowsException'{0x000000070b7d8870}> (0x000000070b7d8870) 
thrown [s\open\src\hotspot\share\prims\jni.cpp, line 516]
Event: 3.487 Thread 0x0000019f4fc005f0 Exception <a 'sun/nio/fs/WindowsException'{0x000000070b7d9608}> (0x000000070b7d9608) 
thrown [s\open\src\hotspot\share\prims\jni.cpp, line 516]
Event: 3.487 Thread 0x0000019f4fc005f0 Exception <a 'sun/nio/fs/WindowsException'{0x000000070b7d9878}> (0x000000070b7d9878) 
thrown [s\open\src\hotspot\share\prims\jni.cpp, line 516]
Event: 3.588 Thread 0x0000019f4fc005f0 Exception <a 'java/lang/NoSuchMethodError'{0x000000070b552728}: 'void java.lang.invoke.DirectMethodHandle$Holder.invokeStatic(java.lang.Object, long)'> (0x000000070b552728) 
thrown [s\open\src\hotspot\share\interpreter\linkResolver.cpp, line 759]
Event: 3.588 Thread 0x0000019f4fc005f0 Exception <a 'java/lang/NoSuchMethodError'{0x000000070b5580f0}: 'java.lang.Object java.lang.invoke.DirectMethodHandle$Holder.newInvokeSpecial(java.lang.Object, long)'> (0x000000070b5580f0) 
thrown [s\open\src\hotspot\share\interpreter\linkResolver.cpp, line 759]
Event: 3.591 Thread 0x0000019f4fc005f0 Exception <a 'java/lang/NoSuchMethodError'{0x000000070b566180}: 'java.lang.Object java.lang.invoke.DirectMethodHandle$Holder.invokeStaticInit(java.lang.Object, java.lang.Object, long, java.lang.Object)'> (0x000000070b566180) 
thrown [s\open\src\hotspot\share\interpreter\linkResolver.cpp, line 759]
Event: 3.592 Thread 0x0000019f4fc005f0 Exception <a 'java/lang/NoSuchMethodError'{0x000000070b56c850}: 'java.lang.Object java.lang.invoke.DirectMethodHandle$Holder.newInvokeSpecial(java.lang.Object, java.lang.Object, long)'> (0x000000070b56c850) 
thrown [s\open\src\hotspot\share\interpreter\linkResolver.cpp, line 759]
Event: 3.592 Thread 0x0000019f4fc005f0 Exception <a 'java/lang/NoSuchMethodError'{0x000000070b570b40}: 'java.lang.Object java.lang.invoke.Invokers$Holder.linkToTargetMethod(java.lang.Object, long, java.lang.Object)'> (0x000000070b570b40) 
thrown [s\open\src\hotspot\share\interpreter\linkResolver.cpp, line 759]

VM Operations (20 events):
Event: 1.805 Executing VM operation: ICBufferFull
Event: 1.805 Executing VM operation: ICBufferFull done
Event: 2.148 Executing VM operation: ICBufferFull
Event: 2.149 Executing VM operation: ICBufferFull done
Event: 2.408 Executing VM operation: HandshakeAllThreads
Event: 2.409 Executing VM operation: HandshakeAllThreads done
Event: 2.452 Executing VM operation: ICBufferFull
Event: 2.452 Executing VM operation: ICBufferFull done
Event: 2.793 Executing VM operation: ICBufferFull
Event: 2.794 Executing VM operation: ICBufferFull done
Event: 3.309 Executing VM operation: ICBufferFull
Event: 3.309 Executing VM operation: ICBufferFull done
Event: 3.402 Executing VM operation: HandshakeAllThreads
Event: 3.402 Executing VM operation: HandshakeAllThreads done
Event: 3.407 Executing VM operation: HandshakeAllThreads
Event: 3.407 Executing VM operation: HandshakeAllThreads done
Event: 3.490 Executing VM operation: HandshakeAllThreads
Event: 3.490 Executing VM operation: HandshakeAllThreads done
Event: 3.594 Executing VM operation: HandshakeAllThreads
Event: 3.594 Executing VM operation: HandshakeAllThreads done

Events (20 events):
Event: 3.593 loading class java/util/concurrent/SynchronousQueue$Transferer
Event: 3.593 loading class java/util/concurrent/SynchronousQueue$Transferer done
Event: 3.593 loading class java/util/concurrent/SynchronousQueue$TransferStack done
Event: 3.593 loading class java/util/concurrent/SynchronousQueue$TransferStack$SNode
Event: 3.593 loading class java/util/concurrent/ForkJoinPool$ManagedBlocker
Event: 3.593 loading class java/util/concurrent/ForkJoinPool$ManagedBlocker done
Event: 3.593 loading class java/util/concurrent/SynchronousQueue$TransferStack$SNode done
Event: 3.593 loading class java/lang/ProcessImpl$2
Event: 3.593 loading class java/lang/ProcessImpl$2 done
Event: 3.594 loading class java/lang/Process$PipeInputStream
Event: 3.594 loading class java/lang/Process$PipeInputStream done
Event: 3.594 loading class jdk/internal/event/ProcessStartEvent
Event: 3.594 loading class jdk/internal/event/Event
Event: 3.594 loading class jdk/internal/event/Event done
Event: 3.594 loading class jdk/internal/event/ProcessStartEvent done
Event: 3.595 loading class java/io/PipedOutputStream
Event: 3.595 loading class java/io/PipedOutputStream done
Event: 3.596 Thread 0x0000019f75a96c20 Thread added: 0x0000019f75a96c20
Event: 3.596 Thread 0x0000019f759ce450 Thread added: 0x0000019f759ce450
Event: 3.596 Thread 0x0000019f758cf840 Thread added: 0x0000019f758cf840


Dynamic libraries:
0x00007ff7f28c0000 - 0x00007ff7f28d0000 	C:\LAB-TOOLS\JDK\jdk-17.0.6\bin\java.exe
0x00007ffd55ef0000 - 0x00007ffd56107000 	C:\WINDOWS\SYSTEM32\ntdll.dll
0x00007ffd547c0000 - 0x00007ffd54884000 	C:\WINDOWS\System32\KERNEL32.DLL
0x00007ffd53540000 - 0x00007ffd538e7000 	C:\WINDOWS\System32\KERNELBASE.dll
0x00007ffd53420000 - 0x00007ffd53531000 	C:\WINDOWS\System32\ucrtbase.dll
0x00007ffd42370000 - 0x00007ffd4238b000 	C:\LAB-TOOLS\JDK\jdk-17.0.6\bin\VCRUNTIME140.dll
0x00007ffd333b0000 - 0x00007ffd333c8000 	C:\LAB-TOOLS\JDK\jdk-17.0.6\bin\jli.dll
0x00007ffd55df0000 - 0x00007ffd55ea2000 	C:\WINDOWS\System32\ADVAPI32.dll
0x00007ffd540f0000 - 0x00007ffd54197000 	C:\WINDOWS\System32\msvcrt.dll
0x00007ffd54260000 - 0x00007ffd54308000 	C:\WINDOWS\System32\sechost.dll
0x00007ffd53210000 - 0x00007ffd53238000 	C:\WINDOWS\System32\bcrypt.dll
0x00007ffd54630000 - 0x00007ffd54745000 	C:\WINDOWS\System32\RPCRT4.dll
0x00007ffd54480000 - 0x00007ffd5462e000 	C:\WINDOWS\System32\USER32.dll
0x00007ffd539b0000 - 0x00007ffd539d6000 	C:\WINDOWS\System32\win32u.dll
0x00007ffd54450000 - 0x00007ffd54479000 	C:\WINDOWS\System32\GDI32.dll
0x00007ffd53b00000 - 0x00007ffd53c19000 	C:\WINDOWS\System32\gdi32full.dll
0x00007ffd40920000 - 0x00007ffd40bb3000 	C:\WINDOWS\WinSxS\amd64_microsoft.windows.common-controls_6595b64144ccf1df_6.0.22621.3527_none_270e469b73872a76\COMCTL32.dll
0x00007ffd539e0000 - 0x00007ffd53a7a000 	C:\WINDOWS\System32\msvcp_win.dll
0x00007ffd441c0000 - 0x00007ffd441ca000 	C:\WINDOWS\SYSTEM32\VERSION.dll
0x00007ffd543b0000 - 0x00007ffd543e1000 	C:\WINDOWS\System32\IMM32.DLL
0x00007ffd334c0000 - 0x00007ffd334cc000 	C:\LAB-TOOLS\JDK\jdk-17.0.6\bin\vcruntime140_1.dll
0x00007ffcfb250000 - 0x00007ffcfb2de000 	C:\LAB-TOOLS\JDK\jdk-17.0.6\bin\msvcp140.dll
0x00007ffca5f30000 - 0x00007ffca6b07000 	C:\LAB-TOOLS\JDK\jdk-17.0.6\bin\server\jvm.dll
0x00007ffd54890000 - 0x00007ffd54898000 	C:\WINDOWS\System32\PSAPI.DLL
0x00007ffd4ba30000 - 0x00007ffd4ba39000 	C:\WINDOWS\SYSTEM32\WSOCK32.dll
0x00007ffd4b040000 - 0x00007ffd4b074000 	C:\WINDOWS\SYSTEM32\WINMM.dll
0x00007ffd55970000 - 0x00007ffd559e1000 	C:\WINDOWS\System32\WS2_32.dll
0x00007ffd521f0000 - 0x00007ffd52208000 	C:\WINDOWS\SYSTEM32\kernel.appcore.dll
0x00007ffd333a0000 - 0x00007ffd333aa000 	C:\LAB-TOOLS\JDK\jdk-17.0.6\bin\jimage.dll
0x00007ffd50860000 - 0x00007ffd50a92000 	C:\WINDOWS\SYSTEM32\DBGHELP.DLL
0x00007ffd54d80000 - 0x00007ffd55108000 	C:\WINDOWS\System32\combase.dll
0x00007ffd55af0000 - 0x00007ffd55bc7000 	C:\WINDOWS\System32\OLEAUT32.dll
0x00007ffd43c70000 - 0x00007ffd43ca2000 	C:\WINDOWS\SYSTEM32\dbgcore.DLL
0x00007ffd53a80000 - 0x00007ffd53af9000 	C:\WINDOWS\System32\bcryptPrimitives.dll
0x00007ffd33370000 - 0x00007ffd33395000 	C:\LAB-TOOLS\JDK\jdk-17.0.6\bin\java.dll
0x00007ffcfb020000 - 0x00007ffcfb0f7000 	C:\LAB-TOOLS\JDK\jdk-17.0.6\bin\jsvml.dll
0x00007ffd55110000 - 0x00007ffd5596c000 	C:\WINDOWS\System32\SHELL32.dll
0x00007ffd51100000 - 0x00007ffd519f6000 	C:\WINDOWS\SYSTEM32\windows.storage.dll
0x00007ffd50fc0000 - 0x00007ffd510fe000 	C:\WINDOWS\SYSTEM32\wintypes.dll
0x00007ffd54c80000 - 0x00007ffd54d75000 	C:\WINDOWS\System32\SHCORE.dll
0x00007ffd55bd0000 - 0x00007ffd55c2e000 	C:\WINDOWS\System32\shlwapi.dll
0x00007ffd53140000 - 0x00007ffd53161000 	C:\WINDOWS\SYSTEM32\profapi.dll
0x00007ffd33350000 - 0x00007ffd33369000 	C:\LAB-TOOLS\JDK\jdk-17.0.6\bin\net.dll
0x00007ffd4b430000 - 0x00007ffd4b566000 	C:\WINDOWS\SYSTEM32\WINHTTP.dll
0x00007ffd52650000 - 0x00007ffd526b9000 	C:\WINDOWS\system32\mswsock.dll
0x00007ffd0c0a0000 - 0x00007ffd0c0b6000 	C:\LAB-TOOLS\JDK\jdk-17.0.6\bin\nio.dll
0x00007ffd0c080000 - 0x00007ffd0c098000 	C:\LAB-TOOLS\JDK\jdk-17.0.6\bin\zip.dll
0x0000000069ac0000 - 0x0000000069ae4000 	C:\LAB-TOOLS\apache-maven-3.9.6-bin\apache-maven-3.9.6\lib\jansi-native\Windows\x86_64\jansi.dll
0x00007ffd33340000 - 0x00007ffd33350000 	C:\LAB-TOOLS\JDK\jdk-17.0.6\bin\verify.dll

dbghelp: loaded successfully - version: 4.0.5 - missing functions: none
symbol engine: initialized successfully - sym options: 0x614 - pdb path: .;C:\LAB-TOOLS\JDK\jdk-17.0.6\bin;C:\WINDOWS\SYSTEM32;C:\WINDOWS\WinSxS\amd64_microsoft.windows.common-controls_6595b64144ccf1df_6.0.22621.3527_none_270e469b73872a76;C:\LAB-TOOLS\JDK\jdk-17.0.6\bin\server;C:\LAB-TOOLS\apache-maven-3.9.6-bin\apache-maven-3.9.6\lib\jansi-native\Windows\x86_64

VM Arguments:
jvm_args: -Dclassworlds.conf=C:\LAB-TOOLS\apache-maven-3.9.6-bin\apache-maven-3.9.6\bin\m2.conf -Dmaven.home=C:\LAB-TOOLS\apache-maven-3.9.6-bin\apache-maven-3.9.6 -Dlibrary.jansi.path=C:\LAB-TOOLS\apache-maven-3.9.6-bin\apache-maven-3.9.6\lib\jansi-native -Dmaven.multiModuleProjectDirectory=C:\LAB-TOOLS\ECLIPSE\Eclipse-Workspace\multimedia 
java_command: org.codehaus.plexus.classworlds.launcher.Launcher javafx:run -f c:\LAB-TOOLS\ECLIPSE\Eclipse-Workspace\multimedia\weblibrary\pom.xml
java_class_path (initial): C:\LAB-TOOLS\apache-maven-3.9.6-bin\apache-maven-3.9.6\boot\plexus-classworlds-2.7.0.jar
Launcher Type: SUN_STANDARD

[Global flags]
     intx CICompilerCount                          = 4                                         {product} {ergonomic}
     uint ConcGCThreads                            = 2                                         {product} {ergonomic}
     uint G1ConcRefinementThreads                  = 8                                         {product} {ergonomic}
   size_t G1HeapRegionSize                         = 2097152                                   {product} {ergonomic}
    uintx GCDrainStackTargetSize                   = 64                                        {product} {ergonomic}
   size_t InitialHeapSize                          = 266338304                                 {product} {ergonomic}
   size_t MarkStackSize                            = 4194304                                   {product} {ergonomic}
   size_t MaxHeapSize                              = 4244635648                                {product} {ergonomic}
   size_t MaxNewSize                               = 2545942528                                {product} {ergonomic}
   size_t MinHeapDeltaBytes                        = 2097152                                   {product} {ergonomic}
   size_t MinHeapSize                              = 8388608                                   {product} {ergonomic}
    uintx NonNMethodCodeHeapSize                   = 5839372                                {pd product} {ergonomic}
    uintx NonProfiledCodeHeapSize                  = 122909434                              {pd product} {ergonomic}
    uintx ProfiledCodeHeapSize                     = 122909434                              {pd product} {ergonomic}
    uintx ReservedCodeCacheSize                    = 251658240                              {pd product} {ergonomic}
     bool SegmentedCodeCache                       = true                                      {product} {ergonomic}
   size_t SoftMaxHeapSize                          = 4244635648                             {manageable} {ergonomic}
     bool UseCompressedClassPointers               = true                           {product lp64_product} {ergonomic}
     bool UseCompressedOops                        = true                           {product lp64_product} {ergonomic}
     bool UseG1GC                                  = true                                      {product} {ergonomic}
     bool UseLargePagesIndividualAllocation        = false                                  {pd product} {ergonomic}

Logging:
Log output configuration:
 #0: stdout all=warning uptime,level,tags
 #1: stderr all=off uptime,level,tags

Environment Variables:
JAVA_HOME=C:\LAB-TOOLS\JDK\jdk-17.0.6
PATH=C:\Users\papth\anaconda3\envs\patrec;C:\Users\papth\anaconda3\envs\patrec\Library\mingw-w64\bin;C:\Users\papth\anaconda3\envs\patrec\Library\usr\bin;C:\Users\papth\anaconda3\envs\patrec\Library\bin;C:\Users\papth\anaconda3\envs\patrec\Scripts;C:\Users\papth\anaconda3\envs\patrec\bin;C:\Users\papth\anaconda3\condabin;C:\Program Files\PowerShell\7;C:\Python311\Scripts;C:\Python311;C:\LAB-TOOLS\JDK\jdk-17.0.6\bin;C:\Program Files\Microsoft\jdk-11.0.12.7-hotspot\bin;C:\Program Files\AdoptOpenJDK\jdk-11.0.9.101-hotspot\bin;C:\Program Files (x86)\Common Files\Oracle\Java\javapath;C:\windows\system32;C:\windows;C:\windows\System32\Wbem;C:\windows\System32\WindowsPowerShell\v1.0;C:\windows\System32\OpenSSH;C:\Program Files (x86)\NVIDIA Corporation\PhysX\Common;C:\Program Files\NVIDIA Corporation\NVIDIA NvDLISR;C:\Program Files (x86)\Wolfram Research\WolframScript;C:\WINDOWS\system32;C:\WINDOWS;C:\WINDOWS\System32\Wbem;C:\WINDOWS\System32\WindowsPowerShell\v1.0;C:\WINDOWS\System32\OpenSSH;C:\Program Files\MATLAB\R2020a\runtime\win64;C:\Program Files\MATLAB\R2020a\bin;C:\Program Files\OpenVPN\bin;C:\Program Files\Git\cmd;C:\Program Files\Git\usr\bin;C:\Program Files\Microsoft SQL Server\150\Tools\Binn;C:\Program Files\dotnet;C:\MinGW\mingw32\bin;C:\WINDOWS\system32;C:\WINDOWS;C:\WINDOWS\System32\Wbem;C:\WINDOWS\System32\WindowsPowerShell\v1.0;C:\Program Files\nodejs;C:\ProgramData\chocolatey\bin;C:\Program Files\Docker\Docker\resources\bin;C:\WINDOWS\System32\OpenSSH;C:\Program Files\PowerShell\7;C:\LAB-TOOLS\apache-maven-3.9.6-bin\apache-maven-3.9.6\bin;C:\Program Files\PowerShell\7-preview\preview;C:\Users\papth\scoop\shims;C:\dev\flutter\bin;C:\Users\papth\AppData\Local\Microsoft\WindowsApps;C:\Users\papth\AppData\Local\GitHubDesktop\bin;C:\Users\papth\AppData\Local\Microsoft\WindowsApps;C:\Users\papth\AppData\Local\atom\bin;C:\Users\papth\.dotnet\tools;C:\Users\papth\AppData\Roaming\npm;C:\dev\android-sdk\platform-tools;C:\Program Files\nodejs;C:\Users\papth\AppData\Loc
USERNAME=papth
LANG=en_US.UTF-8
OS=Windows_NT
PROCESSOR_IDENTIFIER=Intel64 Family 6 Model 142 Stepping 12, GenuineIntel



---------------  S Y S T E M  ---------------

OS:
 Windows 11 , 64 bit Build 22621 (10.0.22621.3527)
OS uptime: 0 days 13:31 hours
Hyper-V role detected

CPU: total 8 (initial active 8) (4 cores per cpu, 2 threads per core) family 6 model 142 stepping 12 microcode 0xde, cx8, cmov, fxsr, ht, mmx, 3dnowpref, sse, sse2, sse3, ssse3, sse4.1, sse4.2, popcnt, lzcnt, tsc, tscinvbit, avx, avx2, aes, erms, clmul, bmi1, bmi2, adx, fma, vzeroupper, clflush, clflushopt, hv

Memory: 4k page, system-wide physical 16187M (6312M free)
TotalPageFile size 16187M (AvailPageFile size 5M)
current process WorkingSet (physical memory assigned to process): 235M, peak: 242M
current process commit charge ("private bytes"): 415M, peak: 421M

vm_info: Java HotSpot(TM) 64-Bit Server VM (17.0.6+9-LTS-190) for windows-amd64 JRE (17.0.6+9-LTS-190), built on Dec  6 2022 15:53:54 by "mach5one" with MS VC++ 17.1 (VS2022)

END.
