#
# There is insufficient memory for the Java Runtime Environment to continue.
# Native memory allocation (malloc) failed to allocate 249696 bytes. Error detail: Chunk::new
# Possible reasons:
#   The system is out of physical RAM or swap space
#   This process is running with CompressedOops enabled, and the Java Heap may be blocking the growth of the native heap
# Possible solutions:
#   Reduce memory load on the system
#   Increase physical memory or swap space
#   Check if swap backing store is full
#   Decrease Java heap size (-Xmx/-Xms)
#   Decrease number of Java threads
#   Decrease Java thread stack sizes (-Xss)
#   Set larger code cache with -XX:ReservedCodeCacheSize=
#   JVM is running with Unscaled Compressed Oops mode in which the Java heap is
#     placed in the first 4GB address space. The Java Heap base address is the
#     maximum limit for the native heap growth. Please use -XX:HeapBaseMinAddress
#     to set the Java Heap base and to place the Java Heap above 4GB virtual address.
# This output file may be truncated or incomplete.
#
#  Out of Memory Error (arena.cpp:191), pid=19040, tid=16760
#
# JRE version: OpenJDK Runtime Environment Temurin-17.0.11+9 (17.0.11+9) (build 17.0.11+9)
# Java VM: OpenJDK 64-Bit Server VM Temurin-17.0.11+9 (17.0.11+9, mixed mode, tiered, compressed oops, compressed class ptrs, parallel gc, windows-amd64)
# No core dump will be written. Minidumps are not enabled by default on client versions of Windows
#

---------------  S U M M A R Y ------------

Command Line: --add-modules=ALL-SYSTEM --add-opens=java.base/java.util=ALL-UNNAMED --add-opens=java.base/java.lang=ALL-UNNAMED --add-opens=java.base/sun.nio.fs=ALL-UNNAMED -Declipse.application=org.eclipse.jdt.ls.core.id1 -Dosgi.bundles.defaultStartLevel=4 -Declipse.product=org.eclipse.jdt.ls.core.product -Djava.import.generatesMetadataFilesAtProjectRoot=false -DDetectVMInstallationsJob.disabled=true -Dfile.encoding=utf8 -XX:+UseParallelGC -XX:GCTimeRatio=4 -XX:AdaptiveSizePolicyWeight=90 -Dsun.zip.disableMemoryMapping=true -Xmx1G -Xms100m -Xlog:disable -javaagent:c:\Users\papth\.vscode\extensions\redhat.java-1.31.0-win32-x64\lombok\lombok-1.18.32.jar c:\Users\papth\.vscode\extensions\redhat.java-1.31.0-win32-x64\server\plugins\org.eclipse.equinox.launcher_1.6.800.v20240513-1750.jar -configuration c:\Users\papth\AppData\Roaming\Code\User\globalStorage\redhat.java\1.31.0\config_ss_win -data c:\Users\papth\AppData\Roaming\Code\User\workspaceStorage\fb0275111390ad12c1baf502f4576d5b\redhat.java\ss_ws --pipe=\\.\pipe\lsp-4b29ed64640278f8345f37aabc33580f-sock

Host: Intel(R) Core(TM) i7-10510U CPU @ 1.80GHz, 8 cores, 15G,  Windows 11 , 64 bit Build 22621 (10.0.22621.3527)
Time: Mon Jun  3 02:09:57 2024  Windows 11 , 64 bit Build 22621 (10.0.22621.3527) elapsed time: 0.694931 seconds (0d 0h 0m 0s)

---------------  T H R E A D  ---------------

Current thread (0x0000023cde6dd630):  JavaThread "C2 CompilerThread0" daemon [_thread_in_native, id=16760, stack(0x0000006ccf300000,0x0000006ccf400000)]


Current CompileTask:
C2:    695  589       4       lombok.patcher.PatchScript::classMatches (41 bytes)

Stack: [0x0000006ccf300000,0x0000006ccf400000]
Native frames: (J=compiled Java code, j=interpreted, Vv=VM code, C=native code)
V  [jvm.dll+0x67d429]
V  [jvm.dll+0x834b7a]
V  [jvm.dll+0x83663e]
V  [jvm.dll+0x836ca3]
V  [jvm.dll+0x247dbf]
V  [jvm.dll+0xac534]
V  [jvm.dll+0xacb7c]
V  [jvm.dll+0x2af2cf]
V  [jvm.dll+0x5848b7]
V  [jvm.dll+0x222d82]
V  [jvm.dll+0x22317f]
V  [jvm.dll+0x21c2a0]
V  [jvm.dll+0x2197a1]
V  [jvm.dll+0x1a534d]
V  [jvm.dll+0x2295cd]
V  [jvm.dll+0x22779c]
V  [jvm.dll+0x7e9d07]
V  [jvm.dll+0x7e410a]
V  [jvm.dll+0x67c315]
C  [ucrtbase.dll+0x29333]
C  [KERNEL32.DLL+0x1257d]
C  [ntdll.dll+0x5aa48]


---------------  P R O C E S S  ---------------

Threads class SMR info:
_java_thread_list=0x0000023cdfa0b3f0, length=14, elements={
0x0000023cc5736e30, 0x0000023cc57de8e0, 0x0000023cd95b32d0, 0x0000023cd95bbf80,
0x0000023cd95bc950, 0x0000023cd95bd510, 0x0000023cd95be870, 0x0000023cde6dd630,
0x0000023cde6dff50, 0x0000023cde6f1020, 0x0000023cc5799dc0, 0x0000023cde7dd820,
0x0000023cdea5e600, 0x0000023cdea33330
}

Java Threads: ( => current thread )
  0x0000023cc5736e30 JavaThread "main" [_thread_in_native, id=25364, stack(0x0000006ccea00000,0x0000006cceb00000)]
  0x0000023cc57de8e0 JavaThread "Reference Handler" daemon [_thread_blocked, id=21752, stack(0x0000006cced00000,0x0000006ccee00000)]
  0x0000023cd95b32d0 JavaThread "Finalizer" daemon [_thread_blocked, id=6828, stack(0x0000006ccee00000,0x0000006ccef00000)]
  0x0000023cd95bbf80 JavaThread "Signal Dispatcher" daemon [_thread_blocked, id=4232, stack(0x0000006ccef00000,0x0000006ccf000000)]
  0x0000023cd95bc950 JavaThread "Attach Listener" daemon [_thread_blocked, id=5632, stack(0x0000006ccf000000,0x0000006ccf100000)]
  0x0000023cd95bd510 JavaThread "Service Thread" daemon [_thread_blocked, id=24996, stack(0x0000006ccf100000,0x0000006ccf200000)]
  0x0000023cd95be870 JavaThread "Monitor Deflation Thread" daemon [_thread_blocked, id=18080, stack(0x0000006ccf200000,0x0000006ccf300000)]
=>0x0000023cde6dd630 JavaThread "C2 CompilerThread0" daemon [_thread_in_native, id=16760, stack(0x0000006ccf300000,0x0000006ccf400000)]
  0x0000023cde6dff50 JavaThread "C1 CompilerThread0" daemon [_thread_blocked, id=9284, stack(0x0000006ccf400000,0x0000006ccf500000)]
  0x0000023cde6f1020 JavaThread "Sweeper thread" daemon [_thread_blocked, id=15672, stack(0x0000006ccf500000,0x0000006ccf600000)]
  0x0000023cc5799dc0 JavaThread "Common-Cleaner" daemon [_thread_blocked, id=17380, stack(0x0000006ccf600000,0x0000006ccf700000)]
  0x0000023cde7dd820 JavaThread "C2 CompilerThread1" daemon [_thread_in_native, id=22100, stack(0x0000006ccf700000,0x0000006ccf800000)]
  0x0000023cdea5e600 JavaThread "Notification Thread" daemon [_thread_blocked, id=14776, stack(0x0000006ccf800000,0x0000006ccf900000)]
  0x0000023cdea33330 JavaThread "C2 CompilerThread2" daemon [_thread_in_native, id=11796, stack(0x0000006ccfa00000,0x0000006ccfb00000)]

Other Threads:
  0x0000023cde6a2930 VMThread "VM Thread" [stack: 0x0000006ccec00000,0x0000006cced00000] [id=20268]
  0x0000023cde974660 WatcherThread [stack: 0x0000006ccf900000,0x0000006ccfa00000] [id=10120]
  0x0000023cc574b570 GCTaskThread "GC Thread#0" [stack: 0x0000006cceb00000,0x0000006ccec00000] [id=6224]

Threads with active compile tasks:
C2 CompilerThread0      726  589       4       lombok.patcher.PatchScript::classMatches (41 bytes)
C2 CompilerThread1      726  604       4       lombok.patcher.scripts.MethodLevelPatchScript::patch (21 bytes)
C2 CompilerThread2      726  617       4       lombok.patcher.MethodTarget::typeMatches (14 bytes)

VM state: not at safepoint (normal execution)

VM Mutex/Monitor currently owned by a thread: None

Heap address: 0x00000000c0000000, size: 1024 MB, Compressed Oops mode: 32-bit

CDS archive(s) not mapped
Compressed class space mapped at: 0x0000000100000000-0x0000000140000000, reserved size: 1073741824
Narrow klass base: 0x0000000000000000, Narrow klass shift: 3, Narrow klass range: 0x140000000

GC Precious Log:
 CPUs: 8 total, 8 available
 Memory: 16187M
 Large Page Support: Disabled
 NUMA Support: Disabled
 Compressed Oops: Enabled (32-bit)
 Alignments: Space 512K, Generation 512K, Heap 2M
 Heap Min Capacity: 100M
 Heap Initial Capacity: 100M
 Heap Max Capacity: 1G
 Pre-touch: Disabled
 Parallel Workers: 8

Heap:
 PSYoungGen      total 29696K, used 14560K [0x00000000eab00000, 0x00000000ecc00000, 0x0000000100000000)
  eden space 25600K, 56% used [0x00000000eab00000,0x00000000eb938290,0x00000000ec400000)
  from space 4096K, 0% used [0x00000000ec800000,0x00000000ec800000,0x00000000ecc00000)
  to   space 4096K, 0% used [0x00000000ec400000,0x00000000ec400000,0x00000000ec800000)
 ParOldGen       total 68608K, used 0K [0x00000000c0000000, 0x00000000c4300000, 0x00000000eab00000)
  object space 68608K, 0% used [0x00000000c0000000,0x00000000c0000000,0x00000000c4300000)
 Metaspace       used 9168K, committed 9280K, reserved 1114112K
  class space    used 906K, committed 960K, reserved 1048576K

Card table byte_map: [0x0000023cc50c0000,0x0000023cc52d0000] _byte_map_base: 0x0000023cc4ac0000

Marking Bits: (ParMarkBitMap*) 0x00007ffc9c28d820
 Begin Bits: [0x0000023cd73c0000, 0x0000023cd83c0000)
 End Bits:   [0x0000023cd83c0000, 0x0000023cd93c0000)

Polling page: 0x0000023cc3680000

Metaspace:

Usage:
  Non-class:      8.07 MB used.
      Class:    906.91 KB used.
       Both:      8.95 MB used.

Virtual space:
  Non-class space:       64.00 MB reserved,       8.12 MB ( 13%) committed,  1 nodes.
      Class space:        1.00 GB reserved,     960.00 KB ( <1%) committed,  1 nodes.
             Both:        1.06 GB reserved,       9.06 MB ( <1%) committed. 

Chunk freelists:
   Non-Class:  6.94 MB
       Class:  15.08 MB
        Both:  22.02 MB

MaxMetaspaceSize: unlimited
CompressedClassSpaceSize: 1.00 GB
Initial GC threshold: 21.00 MB
Current GC threshold: 21.00 MB
CDS: off
MetaspaceReclaimPolicy: balanced
 - commit_granule_bytes: 65536.
 - commit_granule_words: 8192.
 - virtual_space_node_default_size: 8388608.
 - enlarge_chunks_in_place: 1.
 - new_chunks_are_fully_committed: 0.
 - uncommit_free_chunks: 1.
 - use_allocation_guard: 0.
 - handle_deallocations: 1.


Internal statistics:

num_allocs_failed_limit: 0.
num_arena_births: 10.
num_arena_deaths: 0.
num_vsnodes_births: 2.
num_vsnodes_deaths: 0.
num_space_committed: 145.
num_space_uncommitted: 0.
num_chunks_returned_to_freelist: 0.
num_chunks_taken_from_freelist: 45.
num_chunk_merges: 0.
num_chunk_splits: 26.
num_chunks_enlarged: 25.
num_inconsistent_stats: 0.

CodeHeap 'non-profiled nmethods': size=120000Kb used=224Kb max_used=224Kb free=119775Kb
 bounds [0x0000023ccfe90000, 0x0000023cd0100000, 0x0000023cd73c0000]
CodeHeap 'profiled nmethods': size=120000Kb used=993Kb max_used=993Kb free=119007Kb
 bounds [0x0000023cc83c0000, 0x0000023cc8630000, 0x0000023ccf8f0000]
CodeHeap 'non-nmethods': size=5760Kb used=1133Kb max_used=1155Kb free=4626Kb
 bounds [0x0000023ccf8f0000, 0x0000023ccfb60000, 0x0000023ccfe90000]
 total_blobs=1044 nmethods=622 adapters=337
 compilation: enabled
              stopped_count=0, restarted_count=0
 full_count=0

Compilation events (20 events):
Event: 0.669 Thread 0x0000023cde6dff50 nmethod 590 0x0000023cc8499810 code [0x0000023cc84999c0, 0x0000023cc8499b88]
Event: 0.669 Thread 0x0000023cde6dff50  585       3       java.lang.invoke.VarHandleByteArrayAsInts$ArrayHandle::get (36 bytes)
Event: 0.669 Thread 0x0000023cde6dff50 nmethod 585 0x0000023cc8499c90 code [0x0000023cc8499e60, 0x0000023cc849a318]
Event: 0.669 Thread 0x0000023cde6dff50  579       3       java.lang.invoke.VarHandle::getTypesAndInvokers (24 bytes)
Event: 0.669 Thread 0x0000023cde6dff50 nmethod 579 0x0000023cc849a510 code [0x0000023cc849a6c0, 0x0000023cc849aa98]
Event: 0.669 Thread 0x0000023cde6dff50  580       3       java.lang.invoke.VarForm::getMemberName (31 bytes)
Event: 0.669 Thread 0x0000023cde6dff50 nmethod 580 0x0000023cc849ac10 code [0x0000023cc849adc0, 0x0000023cc849b058]
Event: 0.669 Thread 0x0000023cde6dff50  592       1       java.security.Provider$UString::toString (5 bytes)
Event: 0.670 Thread 0x0000023cde6dff50 nmethod 592 0x0000023ccfec3110 code [0x0000023ccfec32a0, 0x0000023ccfec3378]
Event: 0.670 Thread 0x0000023cde6dff50  593       1       java.security.Provider$Service::getProvider (5 bytes)
Event: 0.670 Thread 0x0000023cde6dff50 nmethod 593 0x0000023ccfec3410 code [0x0000023ccfec35a0, 0x0000023ccfec3678]
Event: 0.671 Thread 0x0000023cde6dff50  594       3       sun.security.provider.SHA2::implCompress0 (490 bytes)
Event: 0.674 Thread 0x0000023cde6dff50 nmethod 594 0x0000023cc849b190 code [0x0000023cc849b380, 0x0000023cc849bbe8]
Event: 0.675 Thread 0x0000023cde6dff50  595       3       sun.security.provider.ByteArrayAccess::b2iBig64 (231 bytes)
Event: 0.684 Thread 0x0000023cde6dff50 nmethod 595 0x0000023cc849c090 code [0x0000023cc849cb60, 0x0000023cc84a31b8]
Event: 0.685 Thread 0x0000023cde6dff50  596       3       sun.security.provider.SHA2::implCompress (13 bytes)
Event: 0.685 Thread 0x0000023cdea33330  601 %     4       sun.security.provider.SHA2::implCompress0 @ 27 (490 bytes)
Event: 0.685 Thread 0x0000023cde6dff50 nmethod 596 0x0000023cc84a4f10 code [0x0000023cc84a5100, 0x0000023cc84a5548]
Event: 0.685 Thread 0x0000023cde6dff50  597       3       sun.security.provider.SHA2::implCompressCheck (27 bytes)
Event: 0.685 Thread 0x0000023cde6dff50 nmethod 597 0x0000023cc84a5710 code [0x0000023cc84a58e0, 0x0000023cc84a5c98]

GC Heap History (0 events):
No events

Dll operation events (8 events):
Event: 0.014 Loaded shared library c:\Users\papth\.vscode\extensions\redhat.java-1.31.0-win32-x64\jre\17.0.11-win32-x86_64\bin\java.dll
Event: 0.188 Loaded shared library c:\Users\papth\.vscode\extensions\redhat.java-1.31.0-win32-x64\jre\17.0.11-win32-x86_64\bin\zip.dll
Event: 0.193 Loaded shared library C:\Users\papth\.vscode\extensions\redhat.java-1.31.0-win32-x64\jre\17.0.11-win32-x86_64\bin\instrument.dll
Event: 0.215 Loaded shared library C:\Users\papth\.vscode\extensions\redhat.java-1.31.0-win32-x64\jre\17.0.11-win32-x86_64\bin\net.dll
Event: 0.223 Loaded shared library C:\Users\papth\.vscode\extensions\redhat.java-1.31.0-win32-x64\jre\17.0.11-win32-x86_64\bin\nio.dll
Event: 0.231 Loaded shared library C:\Users\papth\.vscode\extensions\redhat.java-1.31.0-win32-x64\jre\17.0.11-win32-x86_64\bin\zip.dll
Event: 0.252 Loaded shared library C:\Users\papth\.vscode\extensions\redhat.java-1.31.0-win32-x64\jre\17.0.11-win32-x86_64\bin\jimage.dll
Event: 0.342 Loaded shared library c:\Users\papth\.vscode\extensions\redhat.java-1.31.0-win32-x64\jre\17.0.11-win32-x86_64\bin\verify.dll

Deoptimization events (20 events):
Event: 0.544 Thread 0x0000023cc5736e30 DEOPT PACKING pc=0x0000023ccfeb5c44 sp=0x0000006cceafbbd0
Event: 0.544 Thread 0x0000023cc5736e30 DEOPT UNPACKING pc=0x0000023ccf9466a3 sp=0x0000006cceafbb58 mode 2
Event: 0.544 Thread 0x0000023cc5736e30 Uncommon trap: trap_request=0xffffffde fr.pc=0x0000023ccfeb5c44 relative=0x0000000000000124
Event: 0.544 Thread 0x0000023cc5736e30 Uncommon trap: reason=class_check action=maybe_recompile pc=0x0000023ccfeb5c44 method=jdk.internal.misc.Unsafe.allocateUninitializedArray(Ljava/lang/Class;I)Ljava/lang/Object; @ 51 c2
Event: 0.544 Thread 0x0000023cc5736e30 DEOPT PACKING pc=0x0000023ccfeb5c44 sp=0x0000006cceafbc10
Event: 0.544 Thread 0x0000023cc5736e30 DEOPT UNPACKING pc=0x0000023ccf9466a3 sp=0x0000006cceafbb98 mode 2
Event: 0.563 Thread 0x0000023cc5736e30 Uncommon trap: trap_request=0xffffff45 fr.pc=0x0000023ccfea5d44 relative=0x00000000000000c4
Event: 0.563 Thread 0x0000023cc5736e30 Uncommon trap: reason=unstable_if action=reinterpret pc=0x0000023ccfea5d44 method=java.net.URI.match(CJJ)Z @ 45 c2
Event: 0.563 Thread 0x0000023cc5736e30 DEOPT PACKING pc=0x0000023ccfea5d44 sp=0x0000006cceafc850
Event: 0.563 Thread 0x0000023cc5736e30 DEOPT UNPACKING pc=0x0000023ccf9466a3 sp=0x0000006cceafc7d8 mode 2
Event: 0.572 Thread 0x0000023cc5736e30 Uncommon trap: trap_request=0xffffff45 fr.pc=0x0000023ccfeb8cd0 relative=0x0000000000000670
Event: 0.572 Thread 0x0000023cc5736e30 Uncommon trap: reason=unstable_if action=reinterpret pc=0x0000023ccfeb8cd0 method=java.lang.String.replace(Ljava/lang/CharSequence;Ljava/lang/CharSequence;)Ljava/lang/String; @ 48 c2
Event: 0.572 Thread 0x0000023cc5736e30 DEOPT PACKING pc=0x0000023ccfeb8cd0 sp=0x0000006cceafc7c0
Event: 0.573 Thread 0x0000023cc5736e30 DEOPT UNPACKING pc=0x0000023ccf9466a3 sp=0x0000006cceafc740 mode 2
Event: 0.600 Thread 0x0000023cc5736e30 DEOPT PACKING pc=0x0000023cc8404156 sp=0x0000006cceafdd10
Event: 0.600 Thread 0x0000023cc5736e30 DEOPT UNPACKING pc=0x0000023ccf946e43 sp=0x0000006cceafd1b0 mode 0
Event: 0.633 Thread 0x0000023cc5736e30 Uncommon trap: trap_request=0xffffff45 fr.pc=0x0000023ccfea5684 relative=0x0000000000000304
Event: 0.633 Thread 0x0000023cc5736e30 Uncommon trap: reason=unstable_if action=reinterpret pc=0x0000023ccfea5684 method=java.lang.StringUTF16.compress([CI[BII)I @ 20 c2
Event: 0.633 Thread 0x0000023cc5736e30 DEOPT PACKING pc=0x0000023ccfea5684 sp=0x0000006cceafb930
Event: 0.633 Thread 0x0000023cc5736e30 DEOPT UNPACKING pc=0x0000023ccf9466a3 sp=0x0000006cceafb8b0 mode 2

Classes unloaded (0 events):
No events

Classes redefined (0 events):
No events

Internal exceptions (2 events):
Event: 0.158 Thread 0x0000023cc5736e30 Exception <a 'java/lang/NoSuchMethodError'{0x00000000eacba2c8}: 'void java.lang.invoke.DirectMethodHandle$Holder.invokeStatic(java.lang.Object, java.lang.Object, java.lang.Object)'> (0x00000000eacba2c8) 
thrown [s\src\hotspot\share\interpreter\linkResolver.cpp, line 759]
Event: 0.373 Thread 0x0000023cc5736e30 Exception <a 'java/lang/reflect/InvocationTargetException'{0x00000000eafece80}> (0x00000000eafece80) 
thrown [s\src\hotspot\share\runtime\reflection.cpp, line 1121]

VM Operations (6 events):
Event: 0.166 Executing VM operation: HandshakeAllThreads
Event: 0.166 Executing VM operation: HandshakeAllThreads done
Event: 0.272 Executing VM operation: HandshakeAllThreads
Event: 0.272 Executing VM operation: HandshakeAllThreads done
Event: 0.663 Executing VM operation: HandshakeAllThreads
Event: 0.663 Executing VM operation: HandshakeAllThreads done

Events (20 events):
Event: 0.662 loading class javax/crypto/SecretKey
Event: 0.662 loading class javax/crypto/SecretKey done
Event: 0.662 loading class java/util/LinkedHashMap$LinkedEntrySet
Event: 0.662 loading class java/util/LinkedHashMap$LinkedEntrySet done
Event: 0.662 loading class java/util/LinkedHashMap$LinkedEntryIterator
Event: 0.663 loading class java/util/LinkedHashMap$LinkedEntryIterator done
Event: 0.665 loading class java/util/Base64
Event: 0.665 loading class java/util/Base64 done
Event: 0.665 loading class java/util/Base64$Decoder
Event: 0.665 loading class java/util/Base64$Decoder done
Event: 0.666 loading class java/util/Base64$Encoder
Event: 0.666 loading class java/util/Base64$Encoder done
Event: 0.666 loading class java/util/jar/JarVerifier$VerifierStream
Event: 0.667 loading class java/util/jar/JarVerifier$VerifierStream done
Event: 0.667 loading class sun/security/util/ManifestEntryVerifier$SunProviderHolder
Event: 0.667 loading class sun/security/util/ManifestEntryVerifier$SunProviderHolder done
Event: 0.684 Thread 0x0000023cdea33330 Thread added: 0x0000023cdea33330
Event: 0.691 loading class java/lang/NumberFormatException
Event: 0.691 loading class java/lang/NumberFormatException done
Event: 0.692 loading class java/security/Policy


Dynamic libraries:
0x00007ff79f740000 - 0x00007ff79f74e000 	c:\Users\papth\.vscode\extensions\redhat.java-1.31.0-win32-x64\jre\17.0.11-win32-x86_64\bin\java.exe
0x00007ffd55ef0000 - 0x00007ffd56107000 	C:\WINDOWS\SYSTEM32\ntdll.dll
0x00007ffd547c0000 - 0x00007ffd54884000 	C:\WINDOWS\System32\KERNEL32.DLL
0x00007ffd53540000 - 0x00007ffd538e7000 	C:\WINDOWS\System32\KERNELBASE.dll
0x00007ffd53420000 - 0x00007ffd53531000 	C:\WINDOWS\System32\ucrtbase.dll
0x00007ffcfb1b0000 - 0x00007ffcfb1c7000 	c:\Users\papth\.vscode\extensions\redhat.java-1.31.0-win32-x64\jre\17.0.11-win32-x86_64\bin\jli.dll
0x00007ffd54480000 - 0x00007ffd5462e000 	C:\WINDOWS\System32\USER32.dll
0x00007ffcfb190000 - 0x00007ffcfb1ab000 	c:\Users\papth\.vscode\extensions\redhat.java-1.31.0-win32-x64\jre\17.0.11-win32-x86_64\bin\VCRUNTIME140.dll
0x00007ffd539b0000 - 0x00007ffd539d6000 	C:\WINDOWS\System32\win32u.dll
0x00007ffd54450000 - 0x00007ffd54479000 	C:\WINDOWS\System32\GDI32.dll
0x00007ffd40920000 - 0x00007ffd40bb3000 	C:\WINDOWS\WinSxS\amd64_microsoft.windows.common-controls_6595b64144ccf1df_6.0.22621.3527_none_270e469b73872a76\COMCTL32.dll
0x00007ffd53b00000 - 0x00007ffd53c19000 	C:\WINDOWS\System32\gdi32full.dll
0x00007ffd540f0000 - 0x00007ffd54197000 	C:\WINDOWS\System32\msvcrt.dll
0x00007ffd539e0000 - 0x00007ffd53a7a000 	C:\WINDOWS\System32\msvcp_win.dll
0x00007ffd543b0000 - 0x00007ffd543e1000 	C:\WINDOWS\System32\IMM32.DLL
0x00007ffd1d940000 - 0x00007ffd1d94c000 	c:\Users\papth\.vscode\extensions\redhat.java-1.31.0-win32-x64\jre\17.0.11-win32-x86_64\bin\vcruntime140_1.dll
0x00007ffcd9640000 - 0x00007ffcd96cd000 	c:\Users\papth\.vscode\extensions\redhat.java-1.31.0-win32-x64\jre\17.0.11-win32-x86_64\bin\msvcp140.dll
0x00007ffc9b6f0000 - 0x00007ffc9c352000 	c:\Users\papth\.vscode\extensions\redhat.java-1.31.0-win32-x64\jre\17.0.11-win32-x86_64\bin\server\jvm.dll
0x00007ffd55df0000 - 0x00007ffd55ea2000 	C:\WINDOWS\System32\ADVAPI32.dll
0x00007ffd54260000 - 0x00007ffd54308000 	C:\WINDOWS\System32\sechost.dll
0x00007ffd53210000 - 0x00007ffd53238000 	C:\WINDOWS\System32\bcrypt.dll
0x00007ffd54630000 - 0x00007ffd54745000 	C:\WINDOWS\System32\RPCRT4.dll
0x00007ffd52980000 - 0x00007ffd529cd000 	C:\WINDOWS\SYSTEM32\POWRPROF.dll
0x00007ffd4b040000 - 0x00007ffd4b074000 	C:\WINDOWS\SYSTEM32\WINMM.dll
0x00007ffd4ba30000 - 0x00007ffd4ba39000 	C:\WINDOWS\SYSTEM32\WSOCK32.dll
0x00007ffd55970000 - 0x00007ffd559e1000 	C:\WINDOWS\System32\WS2_32.dll
0x00007ffd441c0000 - 0x00007ffd441ca000 	C:\WINDOWS\SYSTEM32\VERSION.dll
0x00007ffd52960000 - 0x00007ffd52973000 	C:\WINDOWS\SYSTEM32\UMPDC.dll
0x00007ffd521f0000 - 0x00007ffd52208000 	C:\WINDOWS\SYSTEM32\kernel.appcore.dll
0x00007ffd18840000 - 0x00007ffd1884a000 	c:\Users\papth\.vscode\extensions\redhat.java-1.31.0-win32-x64\jre\17.0.11-win32-x86_64\bin\jimage.dll
0x00007ffd50860000 - 0x00007ffd50a92000 	C:\WINDOWS\SYSTEM32\DBGHELP.DLL
0x00007ffd54d80000 - 0x00007ffd55108000 	C:\WINDOWS\System32\combase.dll
0x00007ffd55af0000 - 0x00007ffd55bc7000 	C:\WINDOWS\System32\OLEAUT32.dll
0x00007ffd43c70000 - 0x00007ffd43ca2000 	C:\WINDOWS\SYSTEM32\dbgcore.DLL
0x00007ffd53a80000 - 0x00007ffd53af9000 	C:\WINDOWS\System32\bcryptPrimitives.dll
0x00007ffd181a0000 - 0x00007ffd181ae000 	c:\Users\papth\.vscode\extensions\redhat.java-1.31.0-win32-x64\jre\17.0.11-win32-x86_64\bin\instrument.dll
0x00007ffcfaff0000 - 0x00007ffcfb015000 	c:\Users\papth\.vscode\extensions\redhat.java-1.31.0-win32-x64\jre\17.0.11-win32-x86_64\bin\java.dll
0x00007ffcfad90000 - 0x00007ffcfada8000 	c:\Users\papth\.vscode\extensions\redhat.java-1.31.0-win32-x64\jre\17.0.11-win32-x86_64\bin\zip.dll
0x00007ffd55110000 - 0x00007ffd5596c000 	C:\WINDOWS\System32\SHELL32.dll
0x00007ffd51100000 - 0x00007ffd519f6000 	C:\WINDOWS\SYSTEM32\windows.storage.dll
0x00007ffd50fc0000 - 0x00007ffd510fe000 	C:\WINDOWS\SYSTEM32\wintypes.dll
0x00007ffd54c80000 - 0x00007ffd54d75000 	C:\WINDOWS\System32\SHCORE.dll
0x00007ffd55bd0000 - 0x00007ffd55c2e000 	C:\WINDOWS\System32\shlwapi.dll
0x00007ffd53140000 - 0x00007ffd53161000 	C:\WINDOWS\SYSTEM32\profapi.dll
0x00007ffcf9b30000 - 0x00007ffcf9b49000 	C:\Users\papth\.vscode\extensions\redhat.java-1.31.0-win32-x64\jre\17.0.11-win32-x86_64\bin\net.dll
0x00007ffd4b430000 - 0x00007ffd4b566000 	C:\WINDOWS\SYSTEM32\WINHTTP.dll
0x00007ffd52650000 - 0x00007ffd526b9000 	C:\WINDOWS\system32\mswsock.dll
0x00007ffcf9b10000 - 0x00007ffcf9b26000 	C:\Users\papth\.vscode\extensions\redhat.java-1.31.0-win32-x64\jre\17.0.11-win32-x86_64\bin\nio.dll
0x00007ffd0cf40000 - 0x00007ffd0cf50000 	c:\Users\papth\.vscode\extensions\redhat.java-1.31.0-win32-x64\jre\17.0.11-win32-x86_64\bin\verify.dll

dbghelp: loaded successfully - version: 4.0.5 - missing functions: none
symbol engine: initialized successfully - sym options: 0x614 - pdb path: .;c:\Users\papth\.vscode\extensions\redhat.java-1.31.0-win32-x64\jre\17.0.11-win32-x86_64\bin;C:\WINDOWS\SYSTEM32;C:\WINDOWS\WinSxS\amd64_microsoft.windows.common-controls_6595b64144ccf1df_6.0.22621.3527_none_270e469b73872a76;c:\Users\papth\.vscode\extensions\redhat.java-1.31.0-win32-x64\jre\17.0.11-win32-x86_64\bin\server

VM Arguments:
jvm_args: --add-modules=ALL-SYSTEM --add-opens=java.base/java.util=ALL-UNNAMED --add-opens=java.base/java.lang=ALL-UNNAMED --add-opens=java.base/sun.nio.fs=ALL-UNNAMED -Declipse.application=org.eclipse.jdt.ls.core.id1 -Dosgi.bundles.defaultStartLevel=4 -Declipse.product=org.eclipse.jdt.ls.core.product -Djava.import.generatesMetadataFilesAtProjectRoot=false -DDetectVMInstallationsJob.disabled=true -Dfile.encoding=utf8 -XX:+UseParallelGC -XX:GCTimeRatio=4 -XX:AdaptiveSizePolicyWeight=90 -Dsun.zip.disableMemoryMapping=true -Xmx1G -Xms100m -Xlog:disable -javaagent:c:\Users\papth\.vscode\extensions\redhat.java-1.31.0-win32-x64\lombok\lombok-1.18.32.jar 
java_command: c:\Users\papth\.vscode\extensions\redhat.java-1.31.0-win32-x64\server\plugins\org.eclipse.equinox.launcher_1.6.800.v20240513-1750.jar -configuration c:\Users\papth\AppData\Roaming\Code\User\globalStorage\redhat.java\1.31.0\config_ss_win -data c:\Users\papth\AppData\Roaming\Code\User\workspaceStorage\fb0275111390ad12c1baf502f4576d5b\redhat.java\ss_ws --pipe=\\.\pipe\lsp-4b29ed64640278f8345f37aabc33580f-sock
java_class_path (initial): c:\Users\papth\.vscode\extensions\redhat.java-1.31.0-win32-x64\server\plugins\org.eclipse.equinox.launcher_1.6.800.v20240513-1750.jar
Launcher Type: SUN_STANDARD

[Global flags]
    uintx AdaptiveSizePolicyWeight                 = 90                                        {product} {command line}
     intx CICompilerCount                          = 4                                         {product} {ergonomic}
    uintx GCTimeRatio                              = 4                                         {product} {command line}
   size_t InitialHeapSize                          = 104857600                                 {product} {command line}
   size_t MaxHeapSize                              = 1073741824                                {product} {command line}
   size_t MaxNewSize                               = 357564416                                 {product} {ergonomic}
   size_t MinHeapDeltaBytes                        = 524288                                    {product} {ergonomic}
   size_t MinHeapSize                              = 104857600                                 {product} {command line}
   size_t NewSize                                  = 34603008                                  {product} {ergonomic}
    uintx NonNMethodCodeHeapSize                   = 5839372                                {pd product} {ergonomic}
    uintx NonProfiledCodeHeapSize                  = 122909434                              {pd product} {ergonomic}
   size_t OldSize                                  = 70254592                                  {product} {ergonomic}
    uintx ProfiledCodeHeapSize                     = 122909434                              {pd product} {ergonomic}
    uintx ReservedCodeCacheSize                    = 251658240                              {pd product} {ergonomic}
     bool SegmentedCodeCache                       = true                                      {product} {ergonomic}
   size_t SoftMaxHeapSize                          = 1073741824                             {manageable} {ergonomic}
     bool UseCompressedClassPointers               = true                           {product lp64_product} {ergonomic}
     bool UseCompressedOops                        = true                           {product lp64_product} {ergonomic}
     bool UseLargePagesIndividualAllocation        = false                                  {pd product} {ergonomic}
     bool UseParallelGC                            = true                                      {product} {command line}

Logging:
Log output configuration:
 #0: stdout all=off uptime,level,tags
 #1: stderr all=off uptime,level,tags

Environment Variables:
JAVA_HOME=C:\LAB-TOOLS\JDK\jdk-17.0.6
PATH=C:\Python311\Scripts\;C:\Python311\;C:\LAB-TOOLS\JDK\jdk-17.0.6\bin;C:\Program Files\Microsoft\jdk-11.0.12.7-hotspot\bin;C:\Program Files\AdoptOpenJDK\jdk-11.0.9.101-hotspot\bin;C:\Program Files (x86)\Common Files\Oracle\Java\javapath;C:\windows\system32;C:\windows;C:\windows\System32\Wbem;C:\windows\System32\WindowsPowerShell\v1.0\;C:\windows\System32\OpenSSH\;C:\Program Files (x86)\NVIDIA Corporation\PhysX\Common;C:\Program Files\NVIDIA Corporation\NVIDIA NvDLISR;C:\Program Files (x86)\Wolfram Research\WolframScript\;C:\WINDOWS\system32;C:\WINDOWS;C:\WINDOWS\System32\Wbem;C:\WINDOWS\System32\WindowsPowerShell\v1.0\;C:\WINDOWS\System32\OpenSSH\;C:\Program Files\MATLAB\R2020a\runtime\win64;C:\Program Files\MATLAB\R2020a\bin;C:\Program Files\OpenVPN\bin;C:\Program Files\Git\cmd;C:\Program Files\Git\usr\bin;C:\Program Files\Microsoft SQL Server\150\Tools\Binn\;C:\Program Files\dotnet\;C:\MinGW\mingw32\bin;C:\WINDOWS\system32;C:\WINDOWS;C:\WINDOWS\System32\Wbem;C:\WINDOWS\System32\WindowsPowerShell\v1.0\;C:\Program Files\nodejs;C:\ProgramData\chocolatey\bin;C:\Program Files\Docker\Docker\resources\bin;C:\WINDOWS\System32\OpenSSH\;C:\LAB-TOOLS\apache-maven-3.9.6-bin\apache-maven-3.9.6\bin;C:\Program Files\PowerShell\7-preview\preview;C:\Program Files\HP\HP One Agent;C:\Program Files\PowerShell\7\;C:\Users\papth\scoop\shims;C:\dev\flutter\bin;C:\Users\papth\AppData\Local\Microsoft\WindowsApps;C:\Users\papth\AppData\Local\GitHubDesktop\bin;C:\Users\papth\AppData\Local\Microsoft\WindowsApps;C:\Users\papth\AppData\Local\atom\bin;C:\Users\papth\.dotnet\tools;C:\Users\papth\AppData\Roaming\npm;C:\dev\android-sdk\platform-tools;C:\Program Files\nodejs;C:\Users\papth\AppData\Local\Programs\Microsoft VS Code\bin;C:\Users\papth\AppData\Roaming\Python\Python311\Scripts;C:\Users\papth\AppData\Local\Google\Cloud SDK\google-cloud-sdk\bin
USERNAME=papth
OS=Windows_NT
PROCESSOR_IDENTIFIER=Intel64 Family 6 Model 142 Stepping 12, GenuineIntel
TMP=C:\Users\papth\AppData\Local\Temp
TEMP=C:\Users\papth\AppData\Local\Temp



Periodic native trim disabled


---------------  S Y S T E M  ---------------

OS:
 Windows 11 , 64 bit Build 22621 (10.0.22621.3527)
OS uptime: 0 days 13:32 hours
Hyper-V role detected

CPU: total 8 (initial active 8) (4 cores per cpu, 2 threads per core) family 6 model 142 stepping 12 microcode 0xde, cx8, cmov, fxsr, ht, mmx, 3dnowpref, sse, sse2, sse3, ssse3, sse4.1, sse4.2, popcnt, lzcnt, tsc, tscinvbit, avx, avx2, aes, erms, clmul, bmi1, bmi2, adx, fma, vzeroupper, clflush, clflushopt, hv
Processor Information for processor 0
  Max Mhz: 2304, Current Mhz: 1803, Mhz Limit: 1797
Processor Information for processor 1
  Max Mhz: 2304, Current Mhz: 1803, Mhz Limit: 1797
Processor Information for processor 2
  Max Mhz: 2304, Current Mhz: 1803, Mhz Limit: 1797
Processor Information for processor 3
  Max Mhz: 2304, Current Mhz: 1502, Mhz Limit: 1797
Processor Information for processor 4
  Max Mhz: 2304, Current Mhz: 1803, Mhz Limit: 1797
Processor Information for processor 5
  Max Mhz: 2304, Current Mhz: 1803, Mhz Limit: 1797
Processor Information for processor 6
  Max Mhz: 2304, Current Mhz: 1803, Mhz Limit: 1797
Processor Information for processor 7
  Max Mhz: 2304, Current Mhz: 1803, Mhz Limit: 1797

Memory: 4k page, system-wide physical 16187M (6141M free)
TotalPageFile size 16187M (AvailPageFile size 6M)
current process WorkingSet (physical memory assigned to process): 59M, peak: 59M
current process commit charge ("private bytes"): 197M, peak: 197M

vm_info: OpenJDK 64-Bit Server VM (17.0.11+9) for windows-amd64 JRE (17.0.11+9), built on Apr 17 2024 06:07:48 by "admin" with MS VC++ 16.10 / 16.11 (VS2019)

END.
