#
# There is insufficient memory for the Java Runtime Environment to continue.
# Native memory allocation (malloc) failed to allocate 300416 bytes for Chunk::new
# Possible reasons:
#   The system is out of physical RAM or swap space
#   The process is running with CompressedOops enabled, and the Java Heap may be blocking the growth of the native heap
# Possible solutions:
#   Reduce memory load on the system
#   Increase physical memory or swap space
#   Check if swap backing store is full
#   Decrease Java heap size (-Xmx/-Xms)
#   Decrease number of Java threads
#   Decrease Java thread stack sizes (-Xss)
#   Set larger code cache with -XX:ReservedCodeCacheSize=
#   JVM is running with Unscaled Compressed Oops mode in which the Java heap is
#     placed in the first 4GB address space. The Java Heap base address is the
#     maximum limit for the native heap growth. Please use -XX:HeapBaseMinAddress
#     to set the Java Heap base and to place the Java Heap above 4GB virtual address.
# This output file may be truncated or incomplete.
#
#  Out of Memory Error (arena.cpp:191), pid=9840, tid=13484
#
# JRE version: OpenJDK Runtime Environment Temurin-17.0.10+7 (17.0.10+7) (build 17.0.10+7)
# Java VM: OpenJDK 64-Bit Server VM Temurin-17.0.10+7 (17.0.10+7, mixed mode, tiered, compressed oops, compressed class ptrs, parallel gc, windows-amd64)
# No core dump will be written. Minidumps are not enabled by default on client versions of Windows
#

---------------  S U M M A R Y ------------

Command Line: --add-modules=ALL-SYSTEM --add-opens=java.base/java.util=ALL-UNNAMED --add-opens=java.base/java.lang=ALL-UNNAMED --add-opens=java.base/sun.nio.fs=ALL-UNNAMED -Declipse.application=org.eclipse.jdt.ls.core.id1 -Dosgi.bundles.defaultStartLevel=4 -Declipse.product=org.eclipse.jdt.ls.core.product -Djava.import.generatesMetadataFilesAtProjectRoot=false -DDetectVMInstallationsJob.disabled=true -Dfile.encoding=utf8 -XX:+UseParallelGC -XX:GCTimeRatio=4 -XX:AdaptiveSizePolicyWeight=90 -Dsun.zip.disableMemoryMapping=true -Xmx1G -Xms100m -Xlog:disable -javaagent:c:\Users\papth\.vscode\extensions\redhat.java-1.28.1-win32-x64\lombok\lombok-1.18.31.jar c:\Users\papth\.vscode\extensions\redhat.java-1.28.1-win32-x64\server\plugins\org.eclipse.equinox.launcher_1.6.700.v20231214-2017.jar -configuration c:\Users\papth\AppData\Roaming\Code\User\globalStorage\redhat.java\1.28.1\config_ss_win -data c:\Users\papth\AppData\Roaming\Code\User\workspaceStorage\fb0275111390ad12c1baf502f4576d5b\redhat.java\ss_ws --stdio

Host: Intel(R) Core(TM) i7-10510U CPU @ 1.80GHz, 8 cores, 15G,  Windows 11 , 64 bit Build 22621 (10.0.22621.3085)
Time: Mon Mar  4 18:20:40 2024  Windows 11 , 64 bit Build 22621 (10.0.22621.3085) elapsed time: 1.500667 seconds (0d 0h 0m 1s)

---------------  T H R E A D  ---------------

Current thread (0x000001a537e34a70):  JavaThread "C2 CompilerThread0" daemon [_thread_in_native, id=13484, stack(0x0000000356000000,0x0000000356100000)]


Current CompileTask:
C2:   1500  711   !   4       java.util.jar.Attributes::read (498 bytes)

Stack: [0x0000000356000000,0x0000000356100000]
Native frames: (J=compiled Java code, j=interpreted, Vv=VM code, C=native code)
V  [jvm.dll+0x67d2c9]
V  [jvm.dll+0x834afa]
V  [jvm.dll+0x8365be]
V  [jvm.dll+0x836c23]
V  [jvm.dll+0x2477ff]
V  [jvm.dll+0xac514]
V  [jvm.dll+0xacb5c]
V  [jvm.dll+0x2aed1f]
V  [jvm.dll+0x584b67]
V  [jvm.dll+0x2228a2]
V  [jvm.dll+0x222c8f]
V  [jvm.dll+0x21bdb6]
V  [jvm.dll+0x219201]
V  [jvm.dll+0x1a502d]
V  [jvm.dll+0x2290de]
V  [jvm.dll+0x2272ac]
V  [jvm.dll+0x7e9bb7]
V  [jvm.dll+0x7e3fba]
V  [jvm.dll+0x67c1b5]
C  [ucrtbase.dll+0x29363]
C  [KERNEL32.DLL+0x1257d]
C  [ntdll.dll+0x5aa58]


---------------  P R O C E S S  ---------------

Threads class SMR info:
_java_thread_list=0x000001a5393ff0c0, length=14, elements={
0x000001a51cf82c50, 0x000001a532d5f020, 0x000001a532d612a0, 0x000001a532d6e3e0,
0x000001a537e2e6e0, 0x000001a537e2f750, 0x000001a537e33dc0, 0x000001a537e34a70,
0x000001a537e8dbe0, 0x000001a537ead4b0, 0x000001a537f75630, 0x000001a5381af9a0,
0x000001a5381d9730, 0x000001a5391624e0
}

Java Threads: ( => current thread )
  0x000001a51cf82c50 JavaThread "main" [_thread_in_Java, id=9092, stack(0x0000000355700000,0x0000000355800000)]
  0x000001a532d5f020 JavaThread "Reference Handler" daemon [_thread_blocked, id=16892, stack(0x0000000355a00000,0x0000000355b00000)]
  0x000001a532d612a0 JavaThread "Finalizer" daemon [_thread_blocked, id=1892, stack(0x0000000355b00000,0x0000000355c00000)]
  0x000001a532d6e3e0 JavaThread "Signal Dispatcher" daemon [_thread_blocked, id=15748, stack(0x0000000355c00000,0x0000000355d00000)]
  0x000001a537e2e6e0 JavaThread "Attach Listener" daemon [_thread_blocked, id=23716, stack(0x0000000355d00000,0x0000000355e00000)]
  0x000001a537e2f750 JavaThread "Service Thread" daemon [_thread_blocked, id=5564, stack(0x0000000355e00000,0x0000000355f00000)]
  0x000001a537e33dc0 JavaThread "Monitor Deflation Thread" daemon [_thread_blocked, id=23088, stack(0x0000000355f00000,0x0000000356000000)]
=>0x000001a537e34a70 JavaThread "C2 CompilerThread0" daemon [_thread_in_native, id=13484, stack(0x0000000356000000,0x0000000356100000)]
  0x000001a537e8dbe0 JavaThread "C1 CompilerThread0" daemon [_thread_blocked, id=3424, stack(0x0000000356100000,0x0000000356200000)]
  0x000001a537ead4b0 JavaThread "Sweeper thread" daemon [_thread_blocked, id=2024, stack(0x0000000356200000,0x0000000356300000)]
  0x000001a537f75630 JavaThread "Common-Cleaner" daemon [_thread_blocked, id=6096, stack(0x0000000356300000,0x0000000356400000)]
  0x000001a5381af9a0 JavaThread "Notification Thread" daemon [_thread_blocked, id=13524, stack(0x0000000356400000,0x0000000356500000)]
  0x000001a5381d9730 JavaThread "C2 CompilerThread1" daemon [_thread_blocked, id=9152, stack(0x0000000356600000,0x0000000356700000)]
  0x000001a5391624e0 JavaThread "C2 CompilerThread2" daemon [_thread_blocked, id=14980, stack(0x0000000356700000,0x0000000356800000)]

Other Threads:
  0x000001a51d02e920 VMThread "VM Thread" [stack: 0x0000000355900000,0x0000000355a00000] [id=7572]
  0x000001a5381afe80 WatcherThread [stack: 0x0000000356500000,0x0000000356600000] [id=10596]
  0x000001a51cf972a0 GCTaskThread "GC Thread#0" [stack: 0x0000000355800000,0x0000000355900000] [id=15140]

Threads with active compile tasks:
C2 CompilerThread0     1525  711   !   4       java.util.jar.Attributes::read (498 bytes)

VM state: not at safepoint (normal execution)

VM Mutex/Monitor currently owned by a thread: None

Heap address: 0x00000000c0000000, size: 1024 MB, Compressed Oops mode: 32-bit

CDS archive(s) not mapped
Compressed class space mapped at: 0x0000000100000000-0x0000000140000000, reserved size: 1073741824
Narrow klass base: 0x0000000000000000, Narrow klass shift: 3, Narrow klass range: 0x140000000

GC Precious Log:
 CPUs: 8 total, 8 available
 Memory: 16187M
 Large Page Support: Disabled
 NUMA Support: Disabled
 Compressed Oops: Enabled (32-bit)
 Alignments: Space 512K, Generation 512K, Heap 2M
 Heap Min Capacity: 100M
 Heap Initial Capacity: 100M
 Heap Max Capacity: 1G
 Pre-touch: Disabled
 Parallel Workers: 8

Heap:
 PSYoungGen      total 29696K, used 16923K [0x00000000eab00000, 0x00000000ecc00000, 0x0000000100000000)
  eden space 25600K, 66% used [0x00000000eab00000,0x00000000ebb86e40,0x00000000ec400000)
  from space 4096K, 0% used [0x00000000ec800000,0x00000000ec800000,0x00000000ecc00000)
  to   space 4096K, 0% used [0x00000000ec400000,0x00000000ec400000,0x00000000ec800000)
 ParOldGen       total 68608K, used 0K [0x00000000c0000000, 0x00000000c4300000, 0x00000000eab00000)
  object space 68608K, 0% used [0x00000000c0000000,0x00000000c0000000,0x00000000c4300000)
 Metaspace       used 9271K, committed 9408K, reserved 1114112K
  class space    used 914K, committed 960K, reserved 1048576K

Card table byte_map: [0x000001a5305e0000,0x000001a5307f0000] _byte_map_base: 0x000001a52ffe0000

Marking Bits: (ParMarkBitMap*) 0x00007ff902fad7d0
 Begin Bits: [0x000001a530950000, 0x000001a531950000)
 End Bits:   [0x000001a531950000, 0x000001a532950000)

Polling page: 0x000001a51d030000

Metaspace:

Usage:
  Non-class:      8.16 MB used.
      Class:    914.72 KB used.
       Both:      9.05 MB used.

Virtual space:
  Non-class space:       64.00 MB reserved,       8.25 MB ( 13%) committed,  1 nodes.
      Class space:        1.00 GB reserved,     960.00 KB ( <1%) committed,  1 nodes.
             Both:        1.06 GB reserved,       9.19 MB ( <1%) committed. 

Chunk freelists:
   Non-Class:  6.92 MB
       Class:  15.08 MB
        Both:  22.00 MB

MaxMetaspaceSize: unlimited
CompressedClassSpaceSize: 1.00 GB
Initial GC threshold: 21.00 MB
Current GC threshold: 21.00 MB
CDS: off
MetaspaceReclaimPolicy: balanced
 - commit_granule_bytes: 65536.
 - commit_granule_words: 8192.
 - virtual_space_node_default_size: 8388608.
 - enlarge_chunks_in_place: 1.
 - new_chunks_are_fully_committed: 0.
 - uncommit_free_chunks: 1.
 - use_allocation_guard: 0.
 - handle_deallocations: 1.


Internal statistics:

num_allocs_failed_limit: 0.
num_arena_births: 10.
num_arena_deaths: 0.
num_vsnodes_births: 2.
num_vsnodes_deaths: 0.
num_space_committed: 147.
num_space_uncommitted: 0.
num_chunks_returned_to_freelist: 0.
num_chunks_taken_from_freelist: 46.
num_chunk_merges: 0.
num_chunk_splits: 27.
num_chunks_enlarged: 25.
num_inconsistent_stats: 0.

CodeHeap 'non-profiled nmethods': size=120000Kb used=322Kb max_used=322Kb free=119677Kb
 bounds [0x000001a528ed0000, 0x000001a529140000, 0x000001a530400000]
CodeHeap 'profiled nmethods': size=120000Kb used=1185Kb max_used=1185Kb free=118814Kb
 bounds [0x000001a521400000, 0x000001a521670000, 0x000001a528930000]
CodeHeap 'non-nmethods': size=5760Kb used=1133Kb max_used=1169Kb free=4626Kb
 bounds [0x000001a528930000, 0x000001a528ba0000, 0x000001a528ed0000]
 total_blobs=1165 nmethods=742 adapters=338
 compilation: enabled
              stopped_count=0, restarted_count=0
 full_count=0

Compilation events (20 events):
Event: 1.478 Thread 0x000001a537e8dbe0  737       3       sun.security.provider.ByteArrayAccess::b2lBig128 (232 bytes)
Event: 1.478 Thread 0x000001a5391624e0 nmethod 732 0x000001a528f1bd90 code [0x000001a528f1bf00, 0x000001a528f1bf78]
Event: 1.478 Thread 0x000001a5391624e0  733       4       sun.security.provider.SHA5::lf_sigma0 (21 bytes)
Event: 1.478 Thread 0x000001a5391624e0 nmethod 733 0x000001a528f1c090 code [0x000001a528f1c200, 0x000001a528f1c278]
Event: 1.478 Thread 0x000001a5391624e0  735       4       sun.security.provider.SHA5::lf_delta1 (21 bytes)
Event: 1.479 Thread 0x000001a5391624e0 nmethod 735 0x000001a528f1c390 code [0x000001a528f1c500, 0x000001a528f1c578]
Event: 1.479 Thread 0x000001a5391624e0  736       4       sun.security.provider.SHA5::lf_delta0 (20 bytes)
Event: 1.479 Thread 0x000001a5391624e0 nmethod 736 0x000001a528f1c690 code [0x000001a528f1c800, 0x000001a528f1c878]
Event: 1.479 Thread 0x000001a5391624e0  731       4       java.lang.Long::reverseBytes (46 bytes)
Event: 1.480 Thread 0x000001a5391624e0 nmethod 731 0x000001a528f1c990 code [0x000001a528f1cb00, 0x000001a528f1cbb8]
Event: 1.480 Thread 0x000001a5391624e0  740 %     4       sun.security.provider.SHA5::implCompress0 @ 157 (346 bytes)
Event: 1.490 Thread 0x000001a537e8dbe0 nmethod 737 0x000001a52151ea10 code [0x000001a52151f4e0, 0x000001a5215258b8]
Event: 1.490 Thread 0x000001a537e8dbe0  738       3       sun.security.provider.SHA5::implCompress (13 bytes)
Event: 1.490 Thread 0x000001a537e8dbe0 nmethod 738 0x000001a521527610 code [0x000001a521527800, 0x000001a521527c68]
Event: 1.490 Thread 0x000001a537e8dbe0  739       3       sun.security.provider.SHA5::implCompressCheck (28 bytes)
Event: 1.491 Thread 0x000001a537e8dbe0 nmethod 739 0x000001a521527e90 code [0x000001a521528060, 0x000001a521528418]
Event: 1.496 Thread 0x000001a5391624e0 nmethod 740% 0x000001a528f1cc90 code [0x000001a528f1ce20, 0x000001a528f1d618]
Event: 1.496 Thread 0x000001a5391624e0  741       4       jdk.internal.misc.Unsafe::getLongUnaligned (12 bytes)
Event: 1.497 Thread 0x000001a5391624e0 nmethod 741 0x000001a528f1d890 code [0x000001a528f1da00, 0x000001a528f1dab8]
Event: 1.497 Thread 0x000001a5391624e0  742       4       java.lang.invoke.VarHandleGuards::guard_LI_J (78 bytes)

GC Heap History (0 events):
No events

Dll operation events (8 events):
Event: 0.020 Loaded shared library c:\Users\papth\.vscode\extensions\redhat.java-1.28.1-win32-x64\jre\17.0.10-win32-x86_64\bin\java.dll
Event: 0.310 Loaded shared library c:\Users\papth\.vscode\extensions\redhat.java-1.28.1-win32-x64\jre\17.0.10-win32-x86_64\bin\zip.dll
Event: 0.324 Loaded shared library C:\Users\papth\.vscode\extensions\redhat.java-1.28.1-win32-x64\jre\17.0.10-win32-x86_64\bin\instrument.dll
Event: 0.346 Loaded shared library C:\Users\papth\.vscode\extensions\redhat.java-1.28.1-win32-x64\jre\17.0.10-win32-x86_64\bin\net.dll
Event: 0.349 Loaded shared library C:\Users\papth\.vscode\extensions\redhat.java-1.28.1-win32-x64\jre\17.0.10-win32-x86_64\bin\nio.dll
Event: 0.376 Loaded shared library C:\Users\papth\.vscode\extensions\redhat.java-1.28.1-win32-x64\jre\17.0.10-win32-x86_64\bin\zip.dll
Event: 0.431 Loaded shared library C:\Users\papth\.vscode\extensions\redhat.java-1.28.1-win32-x64\jre\17.0.10-win32-x86_64\bin\jimage.dll
Event: 0.676 Loaded shared library c:\Users\papth\.vscode\extensions\redhat.java-1.28.1-win32-x64\jre\17.0.10-win32-x86_64\bin\verify.dll

Deoptimization events (20 events):
Event: 1.384 Thread 0x000001a51cf82c50 DEOPT PACKING pc=0x000001a5214db6b2 sp=0x00000003557fdef0
Event: 1.384 Thread 0x000001a51cf82c50 DEOPT UNPACKING pc=0x000001a528986e43 sp=0x00000003557fd348 mode 0
Event: 1.433 Thread 0x000001a51cf82c50 DEOPT PACKING pc=0x000001a521504756 sp=0x00000003557fe680
Event: 1.433 Thread 0x000001a51cf82c50 DEOPT UNPACKING pc=0x000001a528986e43 sp=0x00000003557fdb08 mode 0
Event: 1.436 Thread 0x000001a51cf82c50 DEOPT PACKING pc=0x000001a521504756 sp=0x00000003557fe6d0
Event: 1.436 Thread 0x000001a51cf82c50 DEOPT UNPACKING pc=0x000001a528986e43 sp=0x00000003557fdb58 mode 0
Event: 1.438 Thread 0x000001a51cf82c50 DEOPT PACKING pc=0x000001a521504756 sp=0x00000003557fe740
Event: 1.440 Thread 0x000001a51cf82c50 DEOPT UNPACKING pc=0x000001a528986e43 sp=0x00000003557fdbc8 mode 0
Event: 1.441 Thread 0x000001a51cf82c50 DEOPT PACKING pc=0x000001a521504756 sp=0x00000003557fe6d0
Event: 1.441 Thread 0x000001a51cf82c50 DEOPT UNPACKING pc=0x000001a528986e43 sp=0x00000003557fdb58 mode 0
Event: 1.441 Thread 0x000001a51cf82c50 DEOPT PACKING pc=0x000001a521504756 sp=0x00000003557fe5a0
Event: 1.441 Thread 0x000001a51cf82c50 DEOPT UNPACKING pc=0x000001a528986e43 sp=0x00000003557fda28 mode 0
Event: 1.442 Thread 0x000001a51cf82c50 DEOPT PACKING pc=0x000001a521504756 sp=0x00000003557fe5a0
Event: 1.442 Thread 0x000001a51cf82c50 DEOPT UNPACKING pc=0x000001a528986e43 sp=0x00000003557fda28 mode 0
Event: 1.442 Thread 0x000001a51cf82c50 DEOPT PACKING pc=0x000001a521504756 sp=0x00000003557fe5a0
Event: 1.442 Thread 0x000001a51cf82c50 DEOPT UNPACKING pc=0x000001a528986e43 sp=0x00000003557fda28 mode 0
Event: 1.443 Thread 0x000001a51cf82c50 DEOPT PACKING pc=0x000001a521504756 sp=0x00000003557fe5a0
Event: 1.443 Thread 0x000001a51cf82c50 DEOPT UNPACKING pc=0x000001a528986e43 sp=0x00000003557fda28 mode 0
Event: 1.444 Thread 0x000001a51cf82c50 DEOPT PACKING pc=0x000001a521504756 sp=0x00000003557fe6d0
Event: 1.444 Thread 0x000001a51cf82c50 DEOPT UNPACKING pc=0x000001a528986e43 sp=0x00000003557fdb58 mode 0

Classes unloaded (0 events):
No events

Classes redefined (0 events):
No events

Internal exceptions (8 events):
Event: 0.269 Thread 0x000001a51cf82c50 Exception <a 'java/lang/NoSuchMethodError'{0x00000000eacba2c8}: 'void java.lang.invoke.DirectMethodHandle$Holder.invokeStatic(java.lang.Object, java.lang.Object, java.lang.Object)'> (0x00000000eacba2c8) 
thrown [s\src\hotspot\share\interpreter\linkResolver.cpp, line 759]
Event: 0.748 Thread 0x000001a51cf82c50 Exception <a 'java/lang/reflect/InvocationTargetException'{0x00000000eafedc00}> (0x00000000eafedc00) 
thrown [s\src\hotspot\share\runtime\reflection.cpp, line 1121]
Event: 1.264 Thread 0x000001a51cf82c50 Exception <a 'java/lang/ClassNotFoundException'{0x00000000eb8584c8}: sun/net/www/protocol/c/Handler> (0x00000000eb8584c8) 
thrown [s\src\hotspot\share\classfile\systemDictionary.cpp, line 256]
Event: 1.275 Thread 0x000001a51cf82c50 Exception <a 'java/io/FileNotFoundException'{0x00000000eb86fb28}> (0x00000000eb86fb28) 
thrown [s\src\hotspot\share\prims\jni.cpp, line 516]
Event: 1.275 Thread 0x000001a51cf82c50 Exception <a 'java/io/FileNotFoundException'{0x00000000eb870fb8}> (0x00000000eb870fb8) 
thrown [s\src\hotspot\share\prims\jni.cpp, line 516]
Event: 1.275 Thread 0x000001a51cf82c50 Exception <a 'java/io/FileNotFoundException'{0x00000000eb872440}> (0x00000000eb872440) 
thrown [s\src\hotspot\share\prims\jni.cpp, line 516]
Event: 1.276 Thread 0x000001a51cf82c50 Exception <a 'java/io/FileNotFoundException'{0x00000000eb873898}> (0x00000000eb873898) 
thrown [s\src\hotspot\share\prims\jni.cpp, line 516]
Event: 1.293 Thread 0x000001a51cf82c50 Exception <a 'java/io/FileNotFoundException'{0x00000000eb8acdf8}> (0x00000000eb8acdf8) 
thrown [s\src\hotspot\share\prims\jni.cpp, line 516]

VM Operations (10 events):
Event: 0.279 Executing VM operation: HandshakeAllThreads
Event: 0.279 Executing VM operation: HandshakeAllThreads done
Event: 0.464 Executing VM operation: HandshakeAllThreads
Event: 0.464 Executing VM operation: HandshakeAllThreads done
Event: 1.194 Executing VM operation: HandshakeAllThreads
Event: 1.194 Executing VM operation: HandshakeAllThreads done
Event: 1.194 Executing VM operation: Cleanup
Event: 1.195 Executing VM operation: Cleanup done
Event: 1.232 Executing VM operation: HandshakeAllThreads
Event: 1.232 Executing VM operation: HandshakeAllThreads done

Events (20 events):
Event: 1.389 loading class sun/nio/fs/WindowsFileSystemProvider$1
Event: 1.389 loading class sun/nio/fs/WindowsFileSystemProvider$1 done
Event: 1.390 loading class sun/nio/fs/WindowsLinkSupport
Event: 1.390 loading class sun/nio/fs/WindowsLinkSupport done
Event: 1.390 loading class sun/nio/fs/WindowsAclFileAttributeView
Event: 1.391 loading class sun/nio/fs/AbstractAclFileAttributeView
Event: 1.391 loading class java/nio/file/attribute/AclFileAttributeView
Event: 1.391 loading class java/nio/file/attribute/FileOwnerAttributeView
Event: 1.391 loading class java/nio/file/attribute/FileOwnerAttributeView done
Event: 1.391 loading class java/nio/file/attribute/AclFileAttributeView done
Event: 1.391 loading class sun/nio/fs/AbstractAclFileAttributeView done
Event: 1.391 loading class sun/nio/fs/WindowsAclFileAttributeView done
Event: 1.392 loading class sun/nio/fs/WindowsSecurity
Event: 1.392 loading class sun/nio/fs/WindowsSecurity done
Event: 1.392 loading class sun/nio/fs/WindowsFileStore
Event: 1.393 loading class java/nio/file/FileStore
Event: 1.393 loading class java/nio/file/FileStore done
Event: 1.393 loading class sun/nio/fs/WindowsFileStore done
Event: 1.403 loading class java/net/URLClassLoader$1
Event: 1.403 loading class java/net/URLClassLoader$1 done


Dynamic libraries:
0x00007ff62db30000 - 0x00007ff62db3e000 	c:\Users\papth\.vscode\extensions\redhat.java-1.28.1-win32-x64\jre\17.0.10-win32-x86_64\bin\java.exe
0x00007ff961770000 - 0x00007ff961987000 	C:\WINDOWS\SYSTEM32\ntdll.dll
0x00007ff960660000 - 0x00007ff960724000 	C:\WINDOWS\System32\KERNEL32.DLL
0x00007ff95eab0000 - 0x00007ff95ee56000 	C:\WINDOWS\System32\KERNELBASE.dll
0x00007ff95f280000 - 0x00007ff95f391000 	C:\WINDOWS\System32\ucrtbase.dll
0x00007ff924ca0000 - 0x00007ff924cb7000 	c:\Users\papth\.vscode\extensions\redhat.java-1.28.1-win32-x64\jre\17.0.10-win32-x86_64\bin\jli.dll
0x00007ff9608f0000 - 0x00007ff960a9e000 	C:\WINDOWS\System32\USER32.dll
0x00007ff95ee60000 - 0x00007ff95ee86000 	C:\WINDOWS\System32\win32u.dll
0x00007ff95fef0000 - 0x00007ff95ff19000 	C:\WINDOWS\System32\GDI32.dll
0x00007ff924220000 - 0x00007ff92423b000 	c:\Users\papth\.vscode\extensions\redhat.java-1.28.1-win32-x64\jre\17.0.10-win32-x86_64\bin\VCRUNTIME140.dll
0x00007ff95f3a0000 - 0x00007ff95f4b8000 	C:\WINDOWS\System32\gdi32full.dll
0x00007ff95ef80000 - 0x00007ff95f01a000 	C:\WINDOWS\System32\msvcp_win.dll
0x00007ff947ac0000 - 0x00007ff947d53000 	C:\WINDOWS\WinSxS\amd64_microsoft.windows.common-controls_6595b64144ccf1df_6.0.22621.2506_none_270c5ae97388e100\COMCTL32.dll
0x00007ff9605a0000 - 0x00007ff960647000 	C:\WINDOWS\System32\msvcrt.dll
0x00007ff95ff20000 - 0x00007ff95ff51000 	C:\WINDOWS\System32\IMM32.DLL
0x00007ff930fe0000 - 0x00007ff930fec000 	c:\Users\papth\.vscode\extensions\redhat.java-1.28.1-win32-x64\jre\17.0.10-win32-x86_64\bin\vcruntime140_1.dll
0x00007ff9157c0000 - 0x00007ff91584d000 	c:\Users\papth\.vscode\extensions\redhat.java-1.28.1-win32-x64\jre\17.0.10-win32-x86_64\bin\msvcp140.dll
0x00007ff902410000 - 0x00007ff903072000 	c:\Users\papth\.vscode\extensions\redhat.java-1.28.1-win32-x64\jre\17.0.10-win32-x86_64\bin\server\jvm.dll
0x00007ff95fd80000 - 0x00007ff95fe33000 	C:\WINDOWS\System32\ADVAPI32.dll
0x00007ff961300000 - 0x00007ff9613a8000 	C:\WINDOWS\System32\sechost.dll
0x00007ff95f250000 - 0x00007ff95f278000 	C:\WINDOWS\System32\bcrypt.dll
0x00007ff961420000 - 0x00007ff961537000 	C:\WINDOWS\System32\RPCRT4.dll
0x00007ff95d900000 - 0x00007ff95d94d000 	C:\WINDOWS\SYSTEM32\POWRPROF.dll
0x00007ff930c80000 - 0x00007ff930c89000 	C:\WINDOWS\SYSTEM32\WSOCK32.dll
0x00007ff95ff70000 - 0x00007ff95ffe1000 	C:\WINDOWS\System32\WS2_32.dll
0x00007ff957300000 - 0x00007ff957334000 	C:\WINDOWS\SYSTEM32\WINMM.dll
0x00007ff9542c0000 - 0x00007ff9542ca000 	C:\WINDOWS\SYSTEM32\VERSION.dll
0x00007ff95d8e0000 - 0x00007ff95d8f3000 	C:\WINDOWS\SYSTEM32\UMPDC.dll
0x00007ff95dba0000 - 0x00007ff95dbb8000 	C:\WINDOWS\SYSTEM32\kernel.appcore.dll
0x00007ff9305d0000 - 0x00007ff9305da000 	c:\Users\papth\.vscode\extensions\redhat.java-1.28.1-win32-x64\jre\17.0.10-win32-x86_64\bin\jimage.dll
0x00007ff95c3a0000 - 0x00007ff95c5d3000 	C:\WINDOWS\SYSTEM32\DBGHELP.DLL
0x00007ff9600b0000 - 0x00007ff960439000 	C:\WINDOWS\System32\combase.dll
0x00007ff9615c0000 - 0x00007ff961697000 	C:\WINDOWS\System32\OLEAUT32.dll
0x00007ff94f400000 - 0x00007ff94f432000 	C:\WINDOWS\SYSTEM32\dbgcore.DLL
0x00007ff95ee90000 - 0x00007ff95ef0a000 	C:\WINDOWS\System32\bcryptPrimitives.dll
0x00007ff92b5f0000 - 0x00007ff92b5fe000 	c:\Users\papth\.vscode\extensions\redhat.java-1.28.1-win32-x64\jre\17.0.10-win32-x86_64\bin\instrument.dll
0x00007ff91d440000 - 0x00007ff91d465000 	c:\Users\papth\.vscode\extensions\redhat.java-1.28.1-win32-x64\jre\17.0.10-win32-x86_64\bin\java.dll
0x00007ff922a40000 - 0x00007ff922a58000 	c:\Users\papth\.vscode\extensions\redhat.java-1.28.1-win32-x64\jre\17.0.10-win32-x86_64\bin\zip.dll
0x00007ff960aa0000 - 0x00007ff9612fb000 	C:\WINDOWS\System32\SHELL32.dll
0x00007ff95c9c0000 - 0x00007ff95d2b6000 	C:\WINDOWS\SYSTEM32\windows.storage.dll
0x00007ff95c880000 - 0x00007ff95c9be000 	C:\WINDOWS\SYSTEM32\wintypes.dll
0x00007ff95f4c0000 - 0x00007ff95f5b3000 	C:\WINDOWS\System32\SHCORE.dll
0x00007ff961540000 - 0x00007ff96159e000 	C:\WINDOWS\System32\shlwapi.dll
0x00007ff95e9e0000 - 0x00007ff95ea06000 	C:\WINDOWS\SYSTEM32\profapi.dll
0x00007ff922770000 - 0x00007ff922789000 	C:\Users\papth\.vscode\extensions\redhat.java-1.28.1-win32-x64\jre\17.0.10-win32-x86_64\bin\net.dll
0x00007ff957e70000 - 0x00007ff957fa7000 	C:\WINDOWS\SYSTEM32\WINHTTP.dll
0x00007ff95e040000 - 0x00007ff95e0a9000 	C:\WINDOWS\system32\mswsock.dll
0x00007ff91d3f0000 - 0x00007ff91d406000 	C:\Users\papth\.vscode\extensions\redhat.java-1.28.1-win32-x64\jre\17.0.10-win32-x86_64\bin\nio.dll
0x00007ff928b50000 - 0x00007ff928b60000 	c:\Users\papth\.vscode\extensions\redhat.java-1.28.1-win32-x64\jre\17.0.10-win32-x86_64\bin\verify.dll

dbghelp: loaded successfully - version: 4.0.5 - missing functions: none
symbol engine: initialized successfully - sym options: 0x614 - pdb path: .;c:\Users\papth\.vscode\extensions\redhat.java-1.28.1-win32-x64\jre\17.0.10-win32-x86_64\bin;C:\WINDOWS\SYSTEM32;C:\WINDOWS\WinSxS\amd64_microsoft.windows.common-controls_6595b64144ccf1df_6.0.22621.2506_none_270c5ae97388e100;c:\Users\papth\.vscode\extensions\redhat.java-1.28.1-win32-x64\jre\17.0.10-win32-x86_64\bin\server

VM Arguments:
jvm_args: --add-modules=ALL-SYSTEM --add-opens=java.base/java.util=ALL-UNNAMED --add-opens=java.base/java.lang=ALL-UNNAMED --add-opens=java.base/sun.nio.fs=ALL-UNNAMED -Declipse.application=org.eclipse.jdt.ls.core.id1 -Dosgi.bundles.defaultStartLevel=4 -Declipse.product=org.eclipse.jdt.ls.core.product -Djava.import.generatesMetadataFilesAtProjectRoot=false -DDetectVMInstallationsJob.disabled=true -Dfile.encoding=utf8 -XX:+UseParallelGC -XX:GCTimeRatio=4 -XX:AdaptiveSizePolicyWeight=90 -Dsun.zip.disableMemoryMapping=true -Xmx1G -Xms100m -Xlog:disable -javaagent:c:\Users\papth\.vscode\extensions\redhat.java-1.28.1-win32-x64\lombok\lombok-1.18.31.jar 
java_command: c:\Users\papth\.vscode\extensions\redhat.java-1.28.1-win32-x64\server\plugins\org.eclipse.equinox.launcher_1.6.700.v20231214-2017.jar -configuration c:\Users\papth\AppData\Roaming\Code\User\globalStorage\redhat.java\1.28.1\config_ss_win -data c:\Users\papth\AppData\Roaming\Code\User\workspaceStorage\fb0275111390ad12c1baf502f4576d5b\redhat.java\ss_ws --stdio
java_class_path (initial): c:\Users\papth\.vscode\extensions\redhat.java-1.28.1-win32-x64\server\plugins\org.eclipse.equinox.launcher_1.6.700.v20231214-2017.jar
Launcher Type: SUN_STANDARD

[Global flags]
    uintx AdaptiveSizePolicyWeight                 = 90                                        {product} {command line}
     intx CICompilerCount                          = 4                                         {product} {ergonomic}
    uintx GCTimeRatio                              = 4                                         {product} {command line}
   size_t InitialHeapSize                          = 104857600                                 {product} {command line}
   size_t MaxHeapSize                              = 1073741824                                {product} {command line}
   size_t MaxNewSize                               = 357564416                                 {product} {ergonomic}
   size_t MinHeapDeltaBytes                        = 524288                                    {product} {ergonomic}
   size_t MinHeapSize                              = 104857600                                 {product} {command line}
   size_t NewSize                                  = 34603008                                  {product} {ergonomic}
    uintx NonNMethodCodeHeapSize                   = 5839372                                {pd product} {ergonomic}
    uintx NonProfiledCodeHeapSize                  = 122909434                              {pd product} {ergonomic}
   size_t OldSize                                  = 70254592                                  {product} {ergonomic}
    uintx ProfiledCodeHeapSize                     = 122909434                              {pd product} {ergonomic}
    uintx ReservedCodeCacheSize                    = 251658240                              {pd product} {ergonomic}
     bool SegmentedCodeCache                       = true                                      {product} {ergonomic}
   size_t SoftMaxHeapSize                          = 1073741824                             {manageable} {ergonomic}
     bool UseCompressedClassPointers               = true                           {product lp64_product} {ergonomic}
     bool UseCompressedOops                        = true                           {product lp64_product} {ergonomic}
     bool UseLargePagesIndividualAllocation        = false                                  {pd product} {ergonomic}
     bool UseParallelGC                            = true                                      {product} {command line}

Logging:
Log output configuration:
 #0: stdout all=off uptime,level,tags
 #1: stderr all=off uptime,level,tags

Environment Variables:
JAVA_HOME=C:\LAB-TOOLS\JDK\jdk-17.0.6
PATH=C:\Python311\Scripts\;C:\Python311\;C:\LAB-TOOLS\JDK\jdk-17.0.6\bin;C:\Program Files\Microsoft\jdk-11.0.12.7-hotspot\bin;C:\Program Files\AdoptOpenJDK\jdk-11.0.9.101-hotspot\bin;C:\Program Files (x86)\Common Files\Oracle\Java\javapath;C:\windows\system32;C:\windows;C:\windows\System32\Wbem;C:\windows\System32\WindowsPowerShell\v1.0\;C:\windows\System32\OpenSSH\;C:\Program Files (x86)\NVIDIA Corporation\PhysX\Common;C:\Program Files\NVIDIA Corporation\NVIDIA NvDLISR;C:\Program Files (x86)\Wolfram Research\WolframScript\;C:\WINDOWS\system32;C:\WINDOWS;C:\WINDOWS\System32\Wbem;C:\WINDOWS\System32\WindowsPowerShell\v1.0\;C:\WINDOWS\System32\OpenSSH\;C:\Program Files\MATLAB\R2020a\runtime\win64;C:\Program Files\MATLAB\R2020a\bin;C:\Program Files\OpenVPN\bin;C:\Program Files\Git\cmd;C:\Program Files\Git\usr\bin;C:\Program Files\Microsoft SQL Server\150\Tools\Binn\;C:\Program Files\dotnet\;C:\MinGW\mingw32\bin;C:\WINDOWS\system32;C:\WINDOWS;C:\WINDOWS\System32\Wbem;C:\WINDOWS\System32\WindowsPowerShell\v1.0\;C:\Program Files\nodejs;C:\ProgramData\chocolatey\bin;C:\Program Files\Docker\Docker\resources\bin;C:\WINDOWS\System32\OpenSSH\;C:\Program Files\PowerShell\7-preview\preview;C:\Program Files\PowerShell\7\;C:\LAB-TOOLS\apache-maven-3.9.6-bin\apache-maven-3.9.6\bin;C:\Users\papth\scoop\shims;C:\dev\flutter\bin;C:\Users\papth\AppData\Local\Microsoft\WindowsApps;C:\Users\papth\AppData\Local\GitHubDesktop\bin;C:\Users\papth\AppData\Local\Microsoft\WindowsApps;C:\Users\papth\AppData\Local\atom\bin;C:\Users\papth\.dotnet\tools;C:\Users\papth\AppData\Roaming\npm;C:\dev\android-sdk\platform-tools;C:\Program Files\nodejs;C:\Users\papth\AppData\Local\Programs\Microsoft VS Code\bin;C:\Users\papth\AppData\Roaming\Python\Python311\Scripts;C:\Users\papth\AppData\Local\Google\Cloud SDK\google-cloud-sdk\bin
USERNAME=papth
OS=Windows_NT
PROCESSOR_IDENTIFIER=Intel64 Family 6 Model 142 Stepping 12, GenuineIntel
TMP=C:\Users\papth\AppData\Local\Temp
TEMP=C:\Users\papth\AppData\Local\Temp



Periodic native trim disabled


---------------  S Y S T E M  ---------------

OS:
 Windows 11 , 64 bit Build 22621 (10.0.22621.3085)
OS uptime: 0 days 5:11 hours
Hyper-V role detected

CPU: total 8 (initial active 8) (4 cores per cpu, 2 threads per core) family 6 model 142 stepping 12 microcode 0xde, cx8, cmov, fxsr, ht, mmx, 3dnowpref, sse, sse2, sse3, ssse3, sse4.1, sse4.2, popcnt, lzcnt, tsc, tscinvbit, avx, avx2, aes, erms, clmul, bmi1, bmi2, adx, fma, vzeroupper, clflush, clflushopt, hv
Processor Information for all 8 processors :
  Max Mhz: 2304, Current Mhz: 1803, Mhz Limit: 1797

Memory: 4k page, system-wide physical 16187M (3838M free)
TotalPageFile size 16187M (AvailPageFile size 3M)
current process WorkingSet (physical memory assigned to process): 63M, peak: 63M
current process commit charge ("private bytes"): 198M, peak: 198M

vm_info: OpenJDK 64-Bit Server VM (17.0.10+7) for windows-amd64 JRE (17.0.10+7), built on Jan 16 2024 23:25:11 by "admin" with MS VC++ 16.10 / 16.11 (VS2019)

END.
