#
# There is insufficient memory for the Java Runtime Environment to continue.
# Native memory allocation (malloc) failed to allocate 1102896 bytes. Error detail: Chunk::new
# Possible reasons:
#   The system is out of physical RAM or swap space
#   This process is running with CompressedOops enabled, and the Java Heap may be blocking the growth of the native heap
# Possible solutions:
#   Reduce memory load on the system
#   Increase physical memory or swap space
#   Check if swap backing store is full
#   Decrease Java heap size (-Xmx/-Xms)
#   Decrease number of Java threads
#   Decrease Java thread stack sizes (-Xss)
#   Set larger code cache with -XX:ReservedCodeCacheSize=
#   JVM is running with Unscaled Compressed Oops mode in which the Java heap is
#     placed in the first 4GB address space. The Java Heap base address is the
#     maximum limit for the native heap growth. Please use -XX:HeapBaseMinAddress
#     to set the Java Heap base and to place the Java Heap above 4GB virtual address.
# This output file may be truncated or incomplete.
#
#  Out of Memory Error (arena.cpp:191), pid=10488, tid=21112
#
# JRE version: OpenJDK Runtime Environment Temurin-17.0.11+9 (17.0.11+9) (build 17.0.11+9)
# Java VM: OpenJDK 64-Bit Server VM Temurin-17.0.11+9 (17.0.11+9, mixed mode, tiered, compressed oops, compressed class ptrs, parallel gc, windows-amd64)
# No core dump will be written. Minidumps are not enabled by default on client versions of Windows
#

---------------  S U M M A R Y ------------

Command Line: --add-modules=ALL-SYSTEM --add-opens=java.base/java.util=ALL-UNNAMED --add-opens=java.base/java.lang=ALL-UNNAMED --add-opens=java.base/sun.nio.fs=ALL-UNNAMED -Declipse.application=org.eclipse.jdt.ls.core.id1 -Dosgi.bundles.defaultStartLevel=4 -Declipse.product=org.eclipse.jdt.ls.core.product -Djava.import.generatesMetadataFilesAtProjectRoot=false -DDetectVMInstallationsJob.disabled=true -Dfile.encoding=utf8 -XX:+UseParallelGC -XX:GCTimeRatio=4 -XX:AdaptiveSizePolicyWeight=90 -Dsun.zip.disableMemoryMapping=true -Xmx1G -Xms100m -Xlog:disable -javaagent:c:\Users\papth\.vscode\extensions\redhat.java-1.31.0-win32-x64\lombok\lombok-1.18.32.jar -XX:+HeapDumpOnOutOfMemoryError -XX:HeapDumpPath=c:\Users\papth\AppData\Roaming\Code\User\workspaceStorage\fb0275111390ad12c1baf502f4576d5b\redhat.java -Daether.dependencyCollector.impl=bf c:\Users\papth\.vscode\extensions\redhat.java-1.31.0-win32-x64\server\plugins\org.eclipse.equinox.launcher_1.6.800.v20240513-1750.jar -configuration c:\Users\papth\AppData\Roaming\Code\User\globalStorage\redhat.java\1.31.0\config_win -data c:\Users\papth\AppData\Roaming\Code\User\workspaceStorage\fb0275111390ad12c1baf502f4576d5b\redhat.java\jdt_ws --pipe=\\.\pipe\lsp-b081083ec13f6ad2887c12aadbedf54d-sock

Host: Intel(R) Core(TM) i7-10510U CPU @ 1.80GHz, 8 cores, 15G,  Windows 11 , 64 bit Build 22621 (10.0.22621.3527)
Time: Sat Jun  1 19:31:11 2024  Windows 11 , 64 bit Build 22621 (10.0.22621.3527) elapsed time: 9.271301 seconds (0d 0h 0m 9s)

---------------  T H R E A D  ---------------

Current thread (0x00000167cb178540):  JavaThread "C2 CompilerThread2" daemon [_thread_in_native, id=21112, stack(0x0000003bda600000,0x0000003bda700000)]


Current CompileTask:
C2:   9271 6456       4       org.apache.felix.resolver.ResolverImpl::calculateExportedPackages (417 bytes)

Stack: [0x0000003bda600000,0x0000003bda700000]
Native frames: (J=compiled Java code, j=interpreted, Vv=VM code, C=native code)
V  [jvm.dll+0x67d429]
V  [jvm.dll+0x834b7a]
V  [jvm.dll+0x83663e]
V  [jvm.dll+0x836ca3]
V  [jvm.dll+0x247dbf]
V  [jvm.dll+0xac534]
V  [jvm.dll+0xacb7c]
V  [jvm.dll+0x3665f2]
V  [jvm.dll+0x1bd272]
V  [jvm.dll+0x21a5c9]
V  [jvm.dll+0x2198b1]
V  [jvm.dll+0x1a534d]
V  [jvm.dll+0x2295cd]
V  [jvm.dll+0x22779c]
V  [jvm.dll+0x7e9d07]
V  [jvm.dll+0x7e410a]
V  [jvm.dll+0x67c315]
C  [ucrtbase.dll+0x29333]
C  [KERNEL32.DLL+0x1257d]
C  [ntdll.dll+0x5aa48]


---------------  P R O C E S S  ---------------

Threads class SMR info:
_java_thread_list=0x00000167cd054cd0, length=47, elements={
0x00000167af592c20, 0x00000167c3415260, 0x00000167c34175a0, 0x00000167c8489ae0,
0x00000167c848ca80, 0x00000167c84a7000, 0x00000167c84a8a40, 0x00000167c84bb340,
0x00000167c8529a50, 0x00000167c852c720, 0x00000167c857e790, 0x00000167c879f3d0,
0x00000167c9e487e0, 0x00000167c9fe7690, 0x00000167ca014600, 0x00000167ca0c03b0,
0x00000167ca5dfdc0, 0x00000167ca73bee0, 0x00000167ca73d830, 0x00000167ca73c900,
0x00000167caafd040, 0x00000167ca73b4c0, 0x00000167cb178540, 0x00000167ca73b9d0,
0x00000167ca73aaa0, 0x00000167ca73d320, 0x00000167ca73a080, 0x00000167ca73ce10,
0x00000167ca73a590, 0x00000167cc58e080, 0x00000167cc58f9d0, 0x00000167cc58b800,
0x00000167cc5903f0, 0x00000167cc58bd10, 0x00000167cc590e10, 0x00000167cc591320,
0x00000167cc58d660, 0x00000167cc58d150, 0x00000167cc58e590, 0x00000167cc591830,
0x00000167cc58efb0, 0x00000167cc591d40, 0x00000167cc592250, 0x00000167cc58f4c0,
0x00000167cc58db70, 0x00000167cc58eaa0, 0x00000167cc592760
}

Java Threads: ( => current thread )
  0x00000167af592c20 JavaThread "main" [_thread_blocked, id=12848, stack(0x0000003bd8500000,0x0000003bd8600000)]
  0x00000167c3415260 JavaThread "Reference Handler" daemon [_thread_blocked, id=18440, stack(0x0000003bd8800000,0x0000003bd8900000)]
  0x00000167c34175a0 JavaThread "Finalizer" daemon [_thread_blocked, id=10532, stack(0x0000003bd8900000,0x0000003bd8a00000)]
  0x00000167c8489ae0 JavaThread "Signal Dispatcher" daemon [_thread_blocked, id=6288, stack(0x0000003bd8a00000,0x0000003bd8b00000)]
  0x00000167c848ca80 JavaThread "Attach Listener" daemon [_thread_blocked, id=16260, stack(0x0000003bd8b00000,0x0000003bd8c00000)]
  0x00000167c84a7000 JavaThread "Service Thread" daemon [_thread_blocked, id=12756, stack(0x0000003bd8c00000,0x0000003bd8d00000)]
  0x00000167c84a8a40 JavaThread "Monitor Deflation Thread" daemon [_thread_blocked, id=5512, stack(0x0000003bd8d00000,0x0000003bd8e00000)]
  0x00000167c84bb340 JavaThread "C2 CompilerThread0" daemon [_thread_blocked, id=22876, stack(0x0000003bd8e00000,0x0000003bd8f00000)]
  0x00000167c8529a50 JavaThread "C1 CompilerThread0" daemon [_thread_blocked, id=10908, stack(0x0000003bd8f00000,0x0000003bd9000000)]
  0x00000167c852c720 JavaThread "Sweeper thread" daemon [_thread_blocked, id=20048, stack(0x0000003bd9000000,0x0000003bd9100000)]
  0x00000167c857e790 JavaThread "Common-Cleaner" daemon [_thread_blocked, id=800, stack(0x0000003bd9100000,0x0000003bd9200000)]
  0x00000167c879f3d0 JavaThread "Notification Thread" daemon [_thread_blocked, id=10244, stack(0x0000003bd9200000,0x0000003bd9300000)]
  0x00000167c9e487e0 JavaThread "Active Thread: Equinox Container: ed4c0e92-cdf4-47ae-9245-ffd342a94794" [_thread_blocked, id=12004, stack(0x0000003bd9b00000,0x0000003bd9c00000)]
  0x00000167c9fe7690 JavaThread "Framework Event Dispatcher: Equinox Container: ed4c0e92-cdf4-47ae-9245-ffd342a94794" daemon [_thread_blocked, id=10776, stack(0x0000003bd9c00000,0x0000003bd9d00000)]
  0x00000167ca014600 JavaThread "Start Level: Equinox Container: ed4c0e92-cdf4-47ae-9245-ffd342a94794" daemon [_thread_blocked, id=9460, stack(0x0000003bd9d00000,0x0000003bd9e00000)]
  0x00000167ca0c03b0 JavaThread "Bundle File Closer" daemon [_thread_blocked, id=6444, stack(0x0000003bd9f00000,0x0000003bda000000)]
  0x00000167ca5dfdc0 JavaThread "SCR Component Actor" daemon [_thread_blocked, id=4088, stack(0x0000003bda000000,0x0000003bda100000)]
  0x00000167ca73bee0 JavaThread "Worker-JM" [_thread_blocked, id=19996, stack(0x0000003bd9400000,0x0000003bd9500000)]
  0x00000167ca73d830 JavaThread "Worker-0" [_thread_blocked, id=13012, stack(0x0000003bda200000,0x0000003bda300000)]
  0x00000167ca73c900 JavaThread "Worker-1" [_thread_blocked, id=4000, stack(0x0000003bda300000,0x0000003bda400000)]
  0x00000167caafd040 JavaThread "C2 CompilerThread1" daemon [_thread_in_native, id=16008, stack(0x0000003bda400000,0x0000003bda500000)]
  0x00000167ca73b4c0 JavaThread "Java indexing" daemon [_thread_blocked, id=13092, stack(0x0000003bda500000,0x0000003bda600000)]
=>0x00000167cb178540 JavaThread "C2 CompilerThread2" daemon [_thread_in_native, id=21112, stack(0x0000003bda600000,0x0000003bda700000)]
  0x00000167ca73b9d0 JavaThread "JNA Cleaner" daemon [_thread_blocked, id=7300, stack(0x0000003bda700000,0x0000003bda800000)]
  0x00000167ca73aaa0 JavaThread "Thread-2" daemon [_thread_in_native, id=20080, stack(0x0000003bda800000,0x0000003bda900000)]
  0x00000167ca73d320 JavaThread "Thread-3" daemon [_thread_in_native, id=21164, stack(0x0000003bda900000,0x0000003bdaa00000)]
  0x00000167ca73a080 JavaThread "Thread-4" daemon [_thread_in_native, id=18288, stack(0x0000003bdaa00000,0x0000003bdab00000)]
  0x00000167ca73ce10 JavaThread "Thread-5" daemon [_thread_in_native, id=3964, stack(0x0000003bdab00000,0x0000003bdac00000)]
  0x00000167ca73a590 JavaThread "Thread-6" daemon [_thread_in_native, id=21696, stack(0x0000003bdac00000,0x0000003bdad00000)]
  0x00000167cc58e080 JavaThread "Thread-7" daemon [_thread_in_native, id=1284, stack(0x0000003bdad00000,0x0000003bdae00000)]
  0x00000167cc58f9d0 JavaThread "Thread-8" daemon [_thread_in_native, id=3660, stack(0x0000003bdae00000,0x0000003bdaf00000)]
  0x00000167cc58b800 JavaThread "Thread-9" daemon [_thread_in_native, id=20180, stack(0x0000003bdaf00000,0x0000003bdb000000)]
  0x00000167cc5903f0 JavaThread "Thread-10" daemon [_thread_in_native, id=20796, stack(0x0000003bdb000000,0x0000003bdb100000)]
  0x00000167cc58bd10 JavaThread "pool-2-thread-1" [_thread_blocked, id=23136, stack(0x0000003bdb100000,0x0000003bdb200000)]
  0x00000167cc590e10 JavaThread "WorkspaceEventsHandler" [_thread_blocked, id=7308, stack(0x0000003bdb200000,0x0000003bdb300000)]
  0x00000167cc591320 JavaThread "pool-1-thread-1" [_thread_blocked, id=1240, stack(0x0000003bdb300000,0x0000003bdb400000)]
  0x00000167cc58d660 JavaThread "Worker-2" [_thread_blocked, id=19336, stack(0x0000003bdb400000,0x0000003bdb500000)]
  0x00000167cc58d150 JavaThread "Worker-3: Initialize Workspace" [_thread_in_native, id=12212, stack(0x0000003bdb500000,0x0000003bdb600000)]
  0x00000167cc58e590 JavaThread "Equinox resolver thread - Equinox Container: ed4c0e92-cdf4-47ae-9245-ffd342a94794" daemon [_thread_blocked, id=9140, stack(0x0000003bdb700000,0x0000003bdb800000)]
  0x00000167cc591830 JavaThread "Equinox resolver thread - Equinox Container: ed4c0e92-cdf4-47ae-9245-ffd342a94794" daemon [_thread_blocked, id=17988, stack(0x0000003bdb800000,0x0000003bdb900000)]
  0x00000167cc58efb0 JavaThread "Equinox resolver thread - Equinox Container: ed4c0e92-cdf4-47ae-9245-ffd342a94794" daemon [_thread_blocked, id=3620, stack(0x0000003bdb900000,0x0000003bdba00000)]
  0x00000167cc591d40 JavaThread "Equinox resolver thread - Equinox Container: ed4c0e92-cdf4-47ae-9245-ffd342a94794" daemon [_thread_blocked, id=16188, stack(0x0000003bdba00000,0x0000003bdbb00000)]
  0x00000167cc592250 JavaThread "Equinox resolver thread - Equinox Container: ed4c0e92-cdf4-47ae-9245-ffd342a94794" daemon [_thread_blocked, id=16556, stack(0x0000003bdbb00000,0x0000003bdbc00000)]
  0x00000167cc58f4c0 JavaThread "Equinox resolver thread - Equinox Container: ed4c0e92-cdf4-47ae-9245-ffd342a94794" daemon [_thread_blocked, id=17892, stack(0x0000003bdbc00000,0x0000003bdbd00000)]
  0x00000167cc58db70 JavaThread "Equinox resolver thread - Equinox Container: ed4c0e92-cdf4-47ae-9245-ffd342a94794" daemon [_thread_blocked, id=22128, stack(0x0000003bdbd00000,0x0000003bdbe00000)]
  0x00000167cc58eaa0 JavaThread "Equinox resolver thread - Equinox Container: ed4c0e92-cdf4-47ae-9245-ffd342a94794" daemon [_thread_blocked, id=16884, stack(0x0000003bdbe00000,0x0000003bdbf00000)]
  0x00000167cc592760 JavaThread "Keep-Alive-Timer" daemon [_thread_blocked, id=5168, stack(0x0000003bdbf00000,0x0000003bdc000000)]

Other Threads:
  0x00000167c8481580 VMThread "VM Thread" [stack: 0x0000003bd8700000,0x0000003bd8800000] [id=11360]
  0x00000167c879f8b0 WatcherThread [stack: 0x0000003bd9300000,0x0000003bd9400000] [id=11420]
  0x00000167af5a9370 GCTaskThread "GC Thread#0" [stack: 0x0000003bd8600000,0x0000003bd8700000] [id=23172]
  0x00000167ca0a9380 GCTaskThread "GC Thread#1" [stack: 0x0000003bd9500000,0x0000003bd9600000] [id=4168]
  0x00000167ca0a9640 GCTaskThread "GC Thread#2" [stack: 0x0000003bd9600000,0x0000003bd9700000] [id=10340]
  0x00000167ca08ad70 GCTaskThread "GC Thread#3" [stack: 0x0000003bd9700000,0x0000003bd9800000] [id=7160]
  0x00000167ca08b030 GCTaskThread "GC Thread#4" [stack: 0x0000003bd9800000,0x0000003bd9900000] [id=3732]
  0x00000167ca08b2f0 GCTaskThread "GC Thread#5" [stack: 0x0000003bd9900000,0x0000003bd9a00000] [id=15128]
  0x00000167ca08b5b0 GCTaskThread "GC Thread#6" [stack: 0x0000003bd9a00000,0x0000003bd9b00000] [id=22676]
  0x00000167ca0c1d00 GCTaskThread "GC Thread#7" [stack: 0x0000003bd9e00000,0x0000003bd9f00000] [id=11544]

Threads with active compile tasks:
C2 CompilerThread1     9296 6340       4       org.apache.felix.resolver.ResolverImpl::mergeUses (495 bytes)
C2 CompilerThread2     9296 6456       4       org.apache.felix.resolver.ResolverImpl::calculateExportedPackages (417 bytes)

VM state: not at safepoint (normal execution)

VM Mutex/Monitor currently owned by a thread: None

Heap address: 0x00000000c0000000, size: 1024 MB, Compressed Oops mode: 32-bit

CDS archive(s) not mapped
Compressed class space mapped at: 0x0000000100000000-0x0000000140000000, reserved size: 1073741824
Narrow klass base: 0x0000000000000000, Narrow klass shift: 3, Narrow klass range: 0x140000000

GC Precious Log:
 CPUs: 8 total, 8 available
 Memory: 16187M
 Large Page Support: Disabled
 NUMA Support: Disabled
 Compressed Oops: Enabled (32-bit)
 Alignments: Space 512K, Generation 512K, Heap 2M
 Heap Min Capacity: 100M
 Heap Initial Capacity: 100M
 Heap Max Capacity: 1G
 Pre-touch: Disabled
 Parallel Workers: 8

Heap:
 PSYoungGen      total 21504K, used 21048K [0x00000000eab00000, 0x00000000ec780000, 0x0000000100000000)
  eden space 16896K, 98% used [0x00000000eab00000,0x00000000ebb361f0,0x00000000ebb80000)
  from space 4608K, 96% used [0x00000000ebb80000,0x00000000ebfd8000,0x00000000ec000000)
  to   space 6144K, 0% used [0x00000000ec180000,0x00000000ec180000,0x00000000ec780000)
 ParOldGen       total 68608K, used 32855K [0x00000000c0000000, 0x00000000c4300000, 0x00000000eab00000)
  object space 68608K, 47% used [0x00000000c0000000,0x00000000c2015f98,0x00000000c4300000)
 Metaspace       used 56238K, committed 57216K, reserved 1114112K
  class space    used 6138K, committed 6528K, reserved 1048576K

Card table byte_map: [0x00000167aef50000,0x00000167af160000] _byte_map_base: 0x00000167ae950000

Marking Bits: (ParMarkBitMap*) 0x00007ffb0bbbd820
 Begin Bits: [0x00000167c1220000, 0x00000167c2220000)
 End Bits:   [0x00000167c2220000, 0x00000167c3220000)

Polling page: 0x00000167aed40000

Metaspace:

Usage:
  Non-class:     48.93 MB used.
      Class:      5.99 MB used.
       Both:     54.92 MB used.

Virtual space:
  Non-class space:       64.00 MB reserved,      49.50 MB ( 77%) committed,  1 nodes.
      Class space:        1.00 GB reserved,       6.38 MB ( <1%) committed,  1 nodes.
             Both:        1.06 GB reserved,      55.88 MB (  5%) committed. 

Chunk freelists:
   Non-Class:  14.05 MB
       Class:  9.44 MB
        Both:  23.49 MB

MaxMetaspaceSize: unlimited
CompressedClassSpaceSize: 1.00 GB
Initial GC threshold: 21.00 MB
Current GC threshold: 58.38 MB
CDS: off
MetaspaceReclaimPolicy: balanced
 - commit_granule_bytes: 65536.
 - commit_granule_words: 8192.
 - virtual_space_node_default_size: 8388608.
 - enlarge_chunks_in_place: 1.
 - new_chunks_are_fully_committed: 0.
 - uncommit_free_chunks: 1.
 - use_allocation_guard: 0.
 - handle_deallocations: 1.


Internal statistics:

num_allocs_failed_limit: 6.
num_arena_births: 706.
num_arena_deaths: 14.
num_vsnodes_births: 2.
num_vsnodes_deaths: 0.
num_space_committed: 894.
num_space_uncommitted: 0.
num_chunks_returned_to_freelist: 20.
num_chunks_taken_from_freelist: 2746.
num_chunk_merges: 7.
num_chunk_splits: 1666.
num_chunks_enlarged: 947.
num_inconsistent_stats: 0.

CodeHeap 'non-profiled nmethods': size=120000Kb used=3076Kb max_used=3076Kb free=116923Kb
 bounds [0x00000167b9cf0000, 0x00000167ba000000, 0x00000167c1220000]
CodeHeap 'profiled nmethods': size=120000Kb used=11890Kb max_used=11890Kb free=108109Kb
 bounds [0x00000167b2220000, 0x00000167b2dc0000, 0x00000167b9750000]
CodeHeap 'non-nmethods': size=5760Kb used=1339Kb max_used=1406Kb free=4420Kb
 bounds [0x00000167b9750000, 0x00000167b99c0000, 0x00000167b9cf0000]
 total_blobs=6443 nmethods=5766 adapters=591
 compilation: enabled
              stopped_count=0, restarted_count=0
 full_count=0

Compilation events (20 events):
Event: 9.252 Thread 0x00000167c8529a50 nmethod 6583 0x00000167b2db0410 code [0x00000167b2db0620, 0x00000167b2db0cc8]
Event: 9.252 Thread 0x00000167c8529a50 6580       3       jdk.internal.org.objectweb.asm.MethodVisitor::visitMaxs (17 bytes)
Event: 9.252 Thread 0x00000167c8529a50 nmethod 6580 0x00000167b2db0f10 code [0x00000167b2db10c0, 0x00000167b2db12c8]
Event: 9.252 Thread 0x00000167c8529a50 6581       3       jdk.internal.org.objectweb.asm.MethodVisitor::visitEnd (15 bytes)
Event: 9.253 Thread 0x00000167c8529a50 nmethod 6581 0x00000167b2db1390 code [0x00000167b2db1540, 0x00000167b2db1748]
Event: 9.253 Thread 0x00000167c8529a50 6582       3       jdk.internal.org.objectweb.asm.ClassWriter::visitEnd (1 bytes)
Event: 9.253 Thread 0x00000167c8529a50 nmethod 6582 0x00000167b2db1810 code [0x00000167b2db19a0, 0x00000167b2db1ab8]
Event: 9.267 Thread 0x00000167c84bb340 6584       4       jdk.internal.org.objectweb.asm.ByteVector::putShort (52 bytes)
Event: 9.267 Thread 0x00000167c8529a50 6585       3       java.lang.invoke.MethodHandles$Lookup::makeHiddenClassDefiner (22 bytes)
Event: 9.267 Thread 0x00000167c8529a50 nmethod 6585 0x00000167b2db1b90 code [0x00000167b2db1d40, 0x00000167b2db1f28]
Event: 9.268 Thread 0x00000167c8529a50 6586       3       java.lang.invoke.MethodHandles$Lookup$ClassFile::readInt (65 bytes)
Event: 9.268 Thread 0x00000167c8529a50 nmethod 6586 0x00000167b2db2090 code [0x00000167b2db2240, 0x00000167b2db2508]
Event: 9.268 Thread 0x00000167c8529a50 6587       3       jdk.internal.org.objectweb.asm.ClassReader::<init> (9 bytes)
Event: 9.268 Thread 0x00000167c8529a50 nmethod 6587 0x00000167b2db2690 code [0x00000167b2db2840, 0x00000167b2db29e8]
Event: 9.268 Thread 0x00000167c8529a50 6588       3       jdk.internal.org.objectweb.asm.ClassReader::<init> (8 bytes)
Event: 9.268 Thread 0x00000167c8529a50 nmethod 6588 0x00000167b2db2b10 code [0x00000167b2db2ca0, 0x00000167b2db2de8]
Event: 9.268 Thread 0x00000167c8529a50 6589       3       jdk.internal.org.objectweb.asm.ClassReader::readShort (27 bytes)
Event: 9.268 Thread 0x00000167c8529a50 nmethod 6589 0x00000167b2db2e90 code [0x00000167b2db3020, 0x00000167b2db3198]
Event: 9.268 Thread 0x00000167c8529a50 6590       3       jdk.internal.org.objectweb.asm.ClassReader::readConst (276 bytes)
Event: 9.269 Thread 0x00000167c84bb340 nmethod 6584 0x00000167b9ff0810 code [0x00000167b9ff09a0, 0x00000167b9ff0b28]

GC Heap History (20 events):
Event: 5.687 GC heap before
{Heap before GC invocations=14 (full 2):
 PSYoungGen      total 24064K, used 24035K [0x00000000eab00000, 0x00000000ec780000, 0x0000000100000000)
  eden space 23040K, 100% used [0x00000000eab00000,0x00000000ec180000,0x00000000ec180000)
  from space 1024K, 97% used [0x00000000ec200000,0x00000000ec2f8ec8,0x00000000ec300000)
  to   space 2048K, 0% used [0x00000000ec580000,0x00000000ec580000,0x00000000ec780000)
 ParOldGen       total 68608K, used 14653K [0x00000000c0000000, 0x00000000c4300000, 0x00000000eab00000)
  object space 68608K, 21% used [0x00000000c0000000,0x00000000c0e4f670,0x00000000c4300000)
 Metaspace       used 40282K, committed 41152K, reserved 1114112K
  class space    used 4155K, committed 4480K, reserved 1048576K
}
Event: 5.689 GC heap after
{Heap after GC invocations=14 (full 2):
 PSYoungGen      total 23552K, used 837K [0x00000000eab00000, 0x00000000ec680000, 0x0000000100000000)
  eden space 22528K, 0% used [0x00000000eab00000,0x00000000eab00000,0x00000000ec100000)
  from space 1024K, 81% used [0x00000000ec580000,0x00000000ec651690,0x00000000ec680000)
  to   space 1536K, 0% used [0x00000000ec380000,0x00000000ec380000,0x00000000ec500000)
 ParOldGen       total 68608K, used 15461K [0x00000000c0000000, 0x00000000c4300000, 0x00000000eab00000)
  object space 68608K, 22% used [0x00000000c0000000,0x00000000c0f19790,0x00000000c4300000)
 Metaspace       used 40282K, committed 41152K, reserved 1114112K
  class space    used 4155K, committed 4480K, reserved 1048576K
}
Event: 5.893 GC heap before
{Heap before GC invocations=15 (full 2):
 PSYoungGen      total 23552K, used 23365K [0x00000000eab00000, 0x00000000ec680000, 0x0000000100000000)
  eden space 22528K, 100% used [0x00000000eab00000,0x00000000ec100000,0x00000000ec100000)
  from space 1024K, 81% used [0x00000000ec580000,0x00000000ec651690,0x00000000ec680000)
  to   space 1536K, 0% used [0x00000000ec380000,0x00000000ec380000,0x00000000ec500000)
 ParOldGen       total 68608K, used 15461K [0x00000000c0000000, 0x00000000c4300000, 0x00000000eab00000)
  object space 68608K, 22% used [0x00000000c0000000,0x00000000c0f19790,0x00000000c4300000)
 Metaspace       used 42412K, committed 43328K, reserved 1114112K
  class space    used 4443K, committed 4864K, reserved 1048576K
}
Event: 5.895 GC heap after
{Heap after GC invocations=15 (full 2):
 PSYoungGen      total 23552K, used 1041K [0x00000000eab00000, 0x00000000ec600000, 0x0000000100000000)
  eden space 22016K, 0% used [0x00000000eab00000,0x00000000eab00000,0x00000000ec080000)
  from space 1536K, 67% used [0x00000000ec380000,0x00000000ec4846b0,0x00000000ec500000)
  to   space 1024K, 0% used [0x00000000ec500000,0x00000000ec500000,0x00000000ec600000)
 ParOldGen       total 68608K, used 16149K [0x00000000c0000000, 0x00000000c4300000, 0x00000000eab00000)
  object space 68608K, 23% used [0x00000000c0000000,0x00000000c0fc56a0,0x00000000c4300000)
 Metaspace       used 42412K, committed 43328K, reserved 1114112K
  class space    used 4443K, committed 4864K, reserved 1048576K
}
Event: 6.322 GC heap before
{Heap before GC invocations=16 (full 2):
 PSYoungGen      total 23552K, used 23057K [0x00000000eab00000, 0x00000000ec600000, 0x0000000100000000)
  eden space 22016K, 100% used [0x00000000eab00000,0x00000000ec080000,0x00000000ec080000)
  from space 1536K, 67% used [0x00000000ec380000,0x00000000ec4846b0,0x00000000ec500000)
  to   space 1024K, 0% used [0x00000000ec500000,0x00000000ec500000,0x00000000ec600000)
 ParOldGen       total 68608K, used 16149K [0x00000000c0000000, 0x00000000c4300000, 0x00000000eab00000)
  object space 68608K, 23% used [0x00000000c0000000,0x00000000c0fc56a0,0x00000000c4300000)
 Metaspace       used 44491K, committed 45440K, reserved 1114112K
  class space    used 4683K, committed 5120K, reserved 1048576K
}
Event: 6.325 GC heap after
{Heap after GC invocations=16 (full 2):
 PSYoungGen      total 23040K, used 1004K [0x00000000eab00000, 0x00000000ec600000, 0x0000000100000000)
  eden space 22016K, 0% used [0x00000000eab00000,0x00000000eab00000,0x00000000ec080000)
  from space 1024K, 98% used [0x00000000ec500000,0x00000000ec5fb260,0x00000000ec600000)
  to   space 2560K, 0% used [0x00000000ec100000,0x00000000ec100000,0x00000000ec380000)
 ParOldGen       total 68608K, used 17104K [0x00000000c0000000, 0x00000000c4300000, 0x00000000eab00000)
  object space 68608K, 24% used [0x00000000c0000000,0x00000000c10b4340,0x00000000c4300000)
 Metaspace       used 44491K, committed 45440K, reserved 1114112K
  class space    used 4683K, committed 5120K, reserved 1048576K
}
Event: 6.560 GC heap before
{Heap before GC invocations=17 (full 2):
 PSYoungGen      total 23040K, used 23020K [0x00000000eab00000, 0x00000000ec600000, 0x0000000100000000)
  eden space 22016K, 100% used [0x00000000eab00000,0x00000000ec080000,0x00000000ec080000)
  from space 1024K, 98% used [0x00000000ec500000,0x00000000ec5fb260,0x00000000ec600000)
  to   space 2560K, 0% used [0x00000000ec100000,0x00000000ec100000,0x00000000ec380000)
 ParOldGen       total 68608K, used 17104K [0x00000000c0000000, 0x00000000c4300000, 0x00000000eab00000)
  object space 68608K, 24% used [0x00000000c0000000,0x00000000c10b4340,0x00000000c4300000)
 Metaspace       used 45894K, committed 46848K, reserved 1114112K
  class space    used 4871K, committed 5248K, reserved 1048576K
}
Event: 6.564 GC heap after
{Heap after GC invocations=17 (full 2):
 PSYoungGen      total 24064K, used 2010K [0x00000000eab00000, 0x00000000ec580000, 0x0000000100000000)
  eden space 22016K, 0% used [0x00000000eab00000,0x00000000eab00000,0x00000000ec080000)
  from space 2048K, 98% used [0x00000000ec100000,0x00000000ec2f6bf0,0x00000000ec300000)
  to   space 2560K, 0% used [0x00000000ec300000,0x00000000ec300000,0x00000000ec580000)
 ParOldGen       total 68608K, used 18108K [0x00000000c0000000, 0x00000000c4300000, 0x00000000eab00000)
  object space 68608K, 26% used [0x00000000c0000000,0x00000000c11af058,0x00000000c4300000)
 Metaspace       used 45894K, committed 46848K, reserved 1114112K
  class space    used 4871K, committed 5248K, reserved 1048576K
}
Event: 6.882 GC heap before
{Heap before GC invocations=18 (full 2):
 PSYoungGen      total 24064K, used 24026K [0x00000000eab00000, 0x00000000ec580000, 0x0000000100000000)
  eden space 22016K, 100% used [0x00000000eab00000,0x00000000ec080000,0x00000000ec080000)
  from space 2048K, 98% used [0x00000000ec100000,0x00000000ec2f6bf0,0x00000000ec300000)
  to   space 2560K, 0% used [0x00000000ec300000,0x00000000ec300000,0x00000000ec580000)
 ParOldGen       total 68608K, used 18108K [0x00000000c0000000, 0x00000000c4300000, 0x00000000eab00000)
  object space 68608K, 26% used [0x00000000c0000000,0x00000000c11af058,0x00000000c4300000)
 Metaspace       used 47821K, committed 48832K, reserved 1114112K
  class space    used 5112K, committed 5568K, reserved 1048576K
}
Event: 6.886 GC heap after
{Heap after GC invocations=18 (full 2):
 PSYoungGen      total 24576K, used 2176K [0x00000000eab00000, 0x00000000ec580000, 0x0000000100000000)
  eden space 22016K, 0% used [0x00000000eab00000,0x00000000eab00000,0x00000000ec080000)
  from space 2560K, 85% used [0x00000000ec300000,0x00000000ec520000,0x00000000ec580000)
  to   space 2560K, 0% used [0x00000000ec080000,0x00000000ec080000,0x00000000ec300000)
 ParOldGen       total 68608K, used 19961K [0x00000000c0000000, 0x00000000c4300000, 0x00000000eab00000)
  object space 68608K, 29% used [0x00000000c0000000,0x00000000c137e7c0,0x00000000c4300000)
 Metaspace       used 47821K, committed 48832K, reserved 1114112K
  class space    used 5112K, committed 5568K, reserved 1048576K
}
Event: 7.349 GC heap before
{Heap before GC invocations=19 (full 2):
 PSYoungGen      total 24576K, used 24192K [0x00000000eab00000, 0x00000000ec580000, 0x0000000100000000)
  eden space 22016K, 100% used [0x00000000eab00000,0x00000000ec080000,0x00000000ec080000)
  from space 2560K, 85% used [0x00000000ec300000,0x00000000ec520000,0x00000000ec580000)
  to   space 2560K, 0% used [0x00000000ec080000,0x00000000ec080000,0x00000000ec300000)
 ParOldGen       total 68608K, used 19961K [0x00000000c0000000, 0x00000000c4300000, 0x00000000eab00000)
  object space 68608K, 29% used [0x00000000c0000000,0x00000000c137e7c0,0x00000000c4300000)
 Metaspace       used 51029K, committed 52032K, reserved 1114112K
  class space    used 5532K, committed 5952K, reserved 1048576K
}
Event: 7.351 GC heap after
{Heap after GC invocations=19 (full 2):
 PSYoungGen      total 23552K, used 1344K [0x00000000eab00000, 0x00000000ec480000, 0x0000000100000000)
  eden space 22016K, 0% used [0x00000000eab00000,0x00000000eab00000,0x00000000ec080000)
  from space 1536K, 87% used [0x00000000ec080000,0x00000000ec1d0000,0x00000000ec200000)
  to   space 2048K, 0% used [0x00000000ec280000,0x00000000ec280000,0x00000000ec480000)
 ParOldGen       total 68608K, used 22060K [0x00000000c0000000, 0x00000000c4300000, 0x00000000eab00000)
  object space 68608K, 32% used [0x00000000c0000000,0x00000000c158b060,0x00000000c4300000)
 Metaspace       used 51029K, committed 52032K, reserved 1114112K
  class space    used 5532K, committed 5952K, reserved 1048576K
}
Event: 7.907 GC heap before
{Heap before GC invocations=20 (full 2):
 PSYoungGen      total 23552K, used 23360K [0x00000000eab00000, 0x00000000ec480000, 0x0000000100000000)
  eden space 22016K, 100% used [0x00000000eab00000,0x00000000ec080000,0x00000000ec080000)
  from space 1536K, 87% used [0x00000000ec080000,0x00000000ec1d0000,0x00000000ec200000)
  to   space 2048K, 0% used [0x00000000ec280000,0x00000000ec280000,0x00000000ec480000)
 ParOldGen       total 68608K, used 22060K [0x00000000c0000000, 0x00000000c4300000, 0x00000000eab00000)
  object space 68608K, 32% used [0x00000000c0000000,0x00000000c158b060,0x00000000c4300000)
 Metaspace       used 53651K, committed 54656K, reserved 1114112K
  class space    used 5864K, committed 6272K, reserved 1048576K
}
Event: 7.910 GC heap after
{Heap after GC invocations=20 (full 2):
 PSYoungGen      total 23552K, used 1408K [0x00000000eab00000, 0x00000000ec400000, 0x0000000100000000)
  eden space 22016K, 0% used [0x00000000eab00000,0x00000000eab00000,0x00000000ec080000)
  from space 1536K, 91% used [0x00000000ec280000,0x00000000ec3e0348,0x00000000ec400000)
  to   space 1536K, 0% used [0x00000000ec080000,0x00000000ec080000,0x00000000ec200000)
 ParOldGen       total 68608K, used 23276K [0x00000000c0000000, 0x00000000c4300000, 0x00000000eab00000)
  object space 68608K, 33% used [0x00000000c0000000,0x00000000c16bb080,0x00000000c4300000)
 Metaspace       used 53651K, committed 54656K, reserved 1114112K
  class space    used 5864K, committed 6272K, reserved 1048576K
}
Event: 8.453 GC heap before
{Heap before GC invocations=21 (full 2):
 PSYoungGen      total 23552K, used 23424K [0x00000000eab00000, 0x00000000ec400000, 0x0000000100000000)
  eden space 22016K, 99% used [0x00000000eab00000,0x00000000ec07ffd8,0x00000000ec080000)
  from space 1536K, 91% used [0x00000000ec280000,0x00000000ec3e0348,0x00000000ec400000)
  to   space 1536K, 0% used [0x00000000ec080000,0x00000000ec080000,0x00000000ec200000)
 ParOldGen       total 68608K, used 23276K [0x00000000c0000000, 0x00000000c4300000, 0x00000000eab00000)
  object space 68608K, 33% used [0x00000000c0000000,0x00000000c16bb080,0x00000000c4300000)
 Metaspace       used 54625K, committed 55616K, reserved 1114112K
  class space    used 5970K, committed 6400K, reserved 1048576K
}
Event: 8.457 GC heap after
{Heap after GC invocations=21 (full 2):
 PSYoungGen      total 23552K, used 1524K [0x00000000eab00000, 0x00000000ec980000, 0x0000000100000000)
  eden space 22016K, 0% used [0x00000000eab00000,0x00000000eab00000,0x00000000ec080000)
  from space 1536K, 99% used [0x00000000ec080000,0x00000000ec1fd3f8,0x00000000ec200000)
  to   space 4608K, 0% used [0x00000000ec500000,0x00000000ec500000,0x00000000ec980000)
 ParOldGen       total 68608K, used 25597K [0x00000000c0000000, 0x00000000c4300000, 0x00000000eab00000)
  object space 68608K, 37% used [0x00000000c0000000,0x00000000c18ff780,0x00000000c4300000)
 Metaspace       used 54625K, committed 55616K, reserved 1114112K
  class space    used 5970K, committed 6400K, reserved 1048576K
}
Event: 8.698 GC heap before
{Heap before GC invocations=22 (full 2):
 PSYoungGen      total 23552K, used 23540K [0x00000000eab00000, 0x00000000ec980000, 0x0000000100000000)
  eden space 22016K, 100% used [0x00000000eab00000,0x00000000ec080000,0x00000000ec080000)
  from space 1536K, 99% used [0x00000000ec080000,0x00000000ec1fd3f8,0x00000000ec200000)
  to   space 4608K, 0% used [0x00000000ec500000,0x00000000ec500000,0x00000000ec980000)
 ParOldGen       total 68608K, used 25597K [0x00000000c0000000, 0x00000000c4300000, 0x00000000eab00000)
  object space 68608K, 37% used [0x00000000c0000000,0x00000000c18ff780,0x00000000c4300000)
 Metaspace       used 54909K, committed 55936K, reserved 1114112K
  class space    used 6002K, committed 6464K, reserved 1048576K
}
Event: 8.704 GC heap after
{Heap after GC invocations=22 (full 2):
 PSYoungGen      total 21504K, used 4592K [0x00000000eab00000, 0x00000000ed380000, 0x0000000100000000)
  eden space 16896K, 0% used [0x00000000eab00000,0x00000000eab00000,0x00000000ebb80000)
  from space 4608K, 99% used [0x00000000ec500000,0x00000000ec97c320,0x00000000ec980000)
  to   space 9728K, 0% used [0x00000000ebb80000,0x00000000ebb80000,0x00000000ec500000)
 ParOldGen       total 68608K, used 29774K [0x00000000c0000000, 0x00000000c4300000, 0x00000000eab00000)
  object space 68608K, 43% used [0x00000000c0000000,0x00000000c1d13a48,0x00000000c4300000)
 Metaspace       used 54909K, committed 55936K, reserved 1114112K
  class space    used 6002K, committed 6464K, reserved 1048576K
}
Event: 9.048 GC heap before
{Heap before GC invocations=23 (full 2):
 PSYoungGen      total 21504K, used 21488K [0x00000000eab00000, 0x00000000ed380000, 0x0000000100000000)
  eden space 16896K, 100% used [0x00000000eab00000,0x00000000ebb80000,0x00000000ebb80000)
  from space 4608K, 99% used [0x00000000ec500000,0x00000000ec97c320,0x00000000ec980000)
  to   space 9728K, 0% used [0x00000000ebb80000,0x00000000ebb80000,0x00000000ec500000)
 ParOldGen       total 68608K, used 29774K [0x00000000c0000000, 0x00000000c4300000, 0x00000000eab00000)
  object space 68608K, 43% used [0x00000000c0000000,0x00000000c1d13a48,0x00000000c4300000)
 Metaspace       used 55138K, committed 56128K, reserved 1114112K
  class space    used 6023K, committed 6464K, reserved 1048576K
}
Event: 9.053 GC heap after
{Heap after GC invocations=23 (full 2):
 PSYoungGen      total 21504K, used 4448K [0x00000000eab00000, 0x00000000ec780000, 0x0000000100000000)
  eden space 16896K, 0% used [0x00000000eab00000,0x00000000eab00000,0x00000000ebb80000)
  from space 4608K, 96% used [0x00000000ebb80000,0x00000000ebfd8000,0x00000000ec000000)
  to   space 6144K, 0% used [0x00000000ec180000,0x00000000ec180000,0x00000000ec780000)
 ParOldGen       total 68608K, used 32855K [0x00000000c0000000, 0x00000000c4300000, 0x00000000eab00000)
  object space 68608K, 47% used [0x00000000c0000000,0x00000000c2015f98,0x00000000c4300000)
 Metaspace       used 55138K, committed 56128K, reserved 1114112K
  class space    used 6023K, committed 6464K, reserved 1048576K
}

Dll operation events (12 events):
Event: 0.025 Loaded shared library c:\Users\papth\.vscode\extensions\redhat.java-1.31.0-win32-x64\jre\17.0.11-win32-x86_64\bin\java.dll
Event: 0.310 Loaded shared library c:\Users\papth\.vscode\extensions\redhat.java-1.31.0-win32-x64\jre\17.0.11-win32-x86_64\bin\zip.dll
Event: 0.315 Loaded shared library C:\Users\papth\.vscode\extensions\redhat.java-1.31.0-win32-x64\jre\17.0.11-win32-x86_64\bin\instrument.dll
Event: 0.336 Loaded shared library C:\Users\papth\.vscode\extensions\redhat.java-1.31.0-win32-x64\jre\17.0.11-win32-x86_64\bin\net.dll
Event: 0.339 Loaded shared library C:\Users\papth\.vscode\extensions\redhat.java-1.31.0-win32-x64\jre\17.0.11-win32-x86_64\bin\nio.dll
Event: 0.352 Loaded shared library C:\Users\papth\.vscode\extensions\redhat.java-1.31.0-win32-x64\jre\17.0.11-win32-x86_64\bin\zip.dll
Event: 0.396 Loaded shared library C:\Users\papth\.vscode\extensions\redhat.java-1.31.0-win32-x64\jre\17.0.11-win32-x86_64\bin\jimage.dll
Event: 0.528 Loaded shared library c:\Users\papth\.vscode\extensions\redhat.java-1.31.0-win32-x64\jre\17.0.11-win32-x86_64\bin\verify.dll
Event: 2.079 Loaded shared library C:\Users\papth\AppData\Roaming\Code\User\globalStorage\redhat.java\1.31.0\config_win\org.eclipse.equinox.launcher\org.eclipse.equinox.launcher.win32.win32.x86_64_1.2.1000.v20240507-1834\eclipse_11902.dll
Event: 5.274 Loaded shared library C:\Users\papth\AppData\Local\Temp\jna-106435411\jna16527785773925143653.dll
Event: 6.977 Loaded shared library C:\Users\papth\.vscode\extensions\redhat.java-1.31.0-win32-x64\jre\17.0.11-win32-x86_64\bin\sunmscapi.dll
Event: 7.083 Loaded shared library C:\Users\papth\.vscode\extensions\redhat.java-1.31.0-win32-x64\jre\17.0.11-win32-x86_64\bin\extnet.dll

Deoptimization events (20 events):
Event: 8.983 Thread 0x00000167cc591320 Uncommon trap: trap_request=0xfffffff4 fr.pc=0x00000167b9fb158c relative=0x0000000000002a0c
Event: 8.983 Thread 0x00000167cc591320 Uncommon trap: reason=null_check action=make_not_entrant pc=0x00000167b9fb158c method=org.apache.felix.resolver.ResolverImpl.mergeCandidatePackages(Lorg/apache/felix/resolver/ResolverImpl$ResolveSession;Ljava/util/Map;Lorg/apache/felix/resolver/Candidates
Event: 8.983 Thread 0x00000167cc591320 DEOPT PACKING pc=0x00000167b9fb158c sp=0x0000003bdb3fcc40
Event: 8.983 Thread 0x00000167cc591320 DEOPT UNPACKING pc=0x00000167b97a66a3 sp=0x0000003bdb3fcbe0 mode 2
Event: 9.039 Thread 0x00000167ca014600 DEOPT PACKING pc=0x00000167b2596b65 sp=0x0000003bd9dfdd20
Event: 9.039 Thread 0x00000167ca014600 DEOPT UNPACKING pc=0x00000167b97a6e43 sp=0x0000003bd9dfd240 mode 0
Event: 9.039 Thread 0x00000167ca014600 DEOPT PACKING pc=0x00000167b2596b65 sp=0x0000003bd9dfdb90
Event: 9.040 Thread 0x00000167ca014600 DEOPT UNPACKING pc=0x00000167b97a6e43 sp=0x0000003bd9dfd0b0 mode 0
Event: 9.044 Thread 0x00000167cc591320 DEOPT PACKING pc=0x00000167b259695a sp=0x0000003bdb3fc0b0
Event: 9.044 Thread 0x00000167cc591320 DEOPT UNPACKING pc=0x00000167b97a6e43 sp=0x0000003bdb3fb5d0 mode 0
Event: 9.053 Thread 0x00000167cc591320 DEOPT PACKING pc=0x00000167b2596b65 sp=0x0000003bdb3fca10
Event: 9.053 Thread 0x00000167cc591320 DEOPT UNPACKING pc=0x00000167b97a6e43 sp=0x0000003bdb3fbf30 mode 0
Event: 9.056 Thread 0x00000167ca014600 DEOPT PACKING pc=0x00000167b232a9e7 sp=0x0000003bd9dfde80
Event: 9.056 Thread 0x00000167ca014600 DEOPT UNPACKING pc=0x00000167b97a6e43 sp=0x0000003bd9dfd2a0 mode 0
Event: 9.084 Thread 0x00000167cc591320 DEOPT PACKING pc=0x00000167b259695a sp=0x0000003bdb3fca10
Event: 9.084 Thread 0x00000167cc591320 DEOPT UNPACKING pc=0x00000167b97a6e43 sp=0x0000003bdb3fbf30 mode 0
Event: 9.255 Thread 0x00000167cc58d150 Uncommon trap: trap_request=0xffffff45 fr.pc=0x00000167b9f1b324 relative=0x00000000000003e4
Event: 9.255 Thread 0x00000167cc58d150 Uncommon trap: reason=unstable_if action=reinterpret pc=0x00000167b9f1b324 method=java.lang.StringConcatHelper.simpleConcat(Ljava/lang/Object;Ljava/lang/Object;)Ljava/lang/String; @ 30 c2
Event: 9.255 Thread 0x00000167cc58d150 DEOPT PACKING pc=0x00000167b9f1b324 sp=0x0000003bdb5fe6e0
Event: 9.255 Thread 0x00000167cc58d150 DEOPT UNPACKING pc=0x00000167b97a66a3 sp=0x0000003bdb5fe698 mode 2

Classes unloaded (7 events):
Event: 3.284 Thread 0x00000167c8481580 Unloading class 0x000000010024b800 'java/lang/invoke/LambdaForm$MH+0x000000010024b800'
Event: 3.284 Thread 0x00000167c8481580 Unloading class 0x000000010024b400 'java/lang/invoke/LambdaForm$MH+0x000000010024b400'
Event: 3.284 Thread 0x00000167c8481580 Unloading class 0x000000010024b000 'java/lang/invoke/LambdaForm$MH+0x000000010024b000'
Event: 3.284 Thread 0x00000167c8481580 Unloading class 0x000000010024ac00 'java/lang/invoke/LambdaForm$MH+0x000000010024ac00'
Event: 3.284 Thread 0x00000167c8481580 Unloading class 0x000000010024a800 'java/lang/invoke/LambdaForm$BMH+0x000000010024a800'
Event: 3.284 Thread 0x00000167c8481580 Unloading class 0x000000010024a400 'java/lang/invoke/LambdaForm$DMH+0x000000010024a400'
Event: 3.284 Thread 0x00000167c8481580 Unloading class 0x0000000100244800 'java/lang/invoke/LambdaForm$DMH+0x0000000100244800'

Classes redefined (0 events):
No events

Internal exceptions (20 events):
Event: 5.891 Thread 0x00000167af592c20 Exception <a 'java/lang/IncompatibleClassChangeError'{0x00000000ec096fe0}: Found class java.lang.Object, but interface was expected> (0x00000000ec096fe0) 
thrown [s\src\hotspot\share\interpreter\linkResolver.cpp, line 826]
Event: 6.538 Thread 0x00000167ca73c900 Exception <a 'sun/nio/fs/WindowsException'{0x00000000ebe0ef98}> (0x00000000ebe0ef98) 
thrown [s\src\hotspot\share\prims\jni.cpp, line 516]
Event: 6.545 Thread 0x00000167cc591320 Exception <a 'java/io/FileNotFoundException'{0x00000000ebedf190}> (0x00000000ebedf190) 
thrown [s\src\hotspot\share\prims\jni.cpp, line 516]
Event: 6.602 Thread 0x00000167cc591320 Exception <a 'java/lang/NoSuchMethodError'{0x00000000eb003128}: 'int java.lang.invoke.DirectMethodHandle$Holder.invokeSpecial(java.lang.Object, java.lang.Object, java.lang.Object, java.lang.Object)'> (0x00000000eb003128) 
thrown [s\src\hotspot\share\interpreter\linkResolver.cpp, line 759]
Event: 6.609 Thread 0x00000167cc591320 Exception <a 'java/lang/NoSuchMethodError'{0x00000000eb01fcd8}: 'java.lang.Object java.lang.invoke.DirectMethodHandle$Holder.invokeStatic(java.lang.Object, int, java.lang.Object, java.lang.Object)'> (0x00000000eb01fcd8) 
thrown [s\src\hotspot\share\interpreter\linkResolver.cpp, line 759]
Event: 6.610 Thread 0x00000167cc591320 Exception <a 'java/lang/NoSuchMethodError'{0x00000000eb023b18}: 'java.lang.Object java.lang.invoke.DelegatingMethodHandle$Holder.delegate(java.lang.Object, int, java.lang.Object, java.lang.Object)'> (0x00000000eb023b18) 
thrown [s\src\hotspot\share\interpreter\linkResolver.cpp, line 759]
Event: 6.618 Thread 0x00000167cc591320 Exception <a 'java/lang/NoSuchMethodError'{0x00000000eb038cf0}: 'int java.lang.invoke.Invokers$Holder.linkToTargetMethod(java.lang.Object, java.lang.Object, java.lang.Object)'> (0x00000000eb038cf0) 
thrown [s\src\hotspot\share\interpreter\linkResolver.cpp, line 759]
Event: 6.810 Thread 0x00000167ca73c900 Implicit null exception at 0x00000167b9eac1ec to 0x00000167b9eacee4
Event: 6.810 Thread 0x00000167ca73c900 Implicit null exception at 0x00000167b9ea9f6f to 0x00000167b9eaac58
Event: 7.030 Thread 0x00000167ca73d830 Exception <a 'java/lang/NoSuchMethodError'{0x00000000eb52bd80}: 'void java.lang.invoke.DirectMethodHandle$Holder.invokeStaticInit(java.lang.Object, java.lang.Object, java.lang.Object)'> (0x00000000eb52bd80) 
thrown [s\src\hotspot\share\interpreter\linkResolver.cpp, line 759]
Event: 7.039 Thread 0x00000167ca73d830 Exception <a 'java/lang/ExceptionInInitializerError'{0x00000000eb58a3d0}> (0x00000000eb58a3d0) 
thrown [s\src\hotspot\share\oops\instanceKlass.cpp, line 1218]
Event: 7.090 Thread 0x00000167ca73d830 Implicit null exception at 0x00000167b9dfa3af to 0x00000167b9dfa558
Event: 7.090 Thread 0x00000167ca73d830 Implicit null exception at 0x00000167b9d84789 to 0x00000167b9d85a34
Event: 7.093 Thread 0x00000167ca73d830 Exception <a 'java/lang/NoSuchMethodError'{0x00000000eb763078}: 'java.lang.Object java.lang.invoke.Invokers$Holder.invokeExact_MT(java.lang.Object, int, java.lang.Object)'> (0x00000000eb763078) 
thrown [s\src\hotspot\share\interpreter\linkResolver.cpp, line 759]
Event: 7.409 Thread 0x00000167ca73d830 Exception <a 'java/lang/NoClassDefFoundError'{0x00000000eadf1ed0}: com/google/inject/servlet/ServletModuleTargetVisitor> (0x00000000eadf1ed0) 
thrown [s\src\hotspot\share\classfile\systemDictionary.cpp, line 245]
Event: 8.298 Thread 0x00000167ca73c900 Implicit null exception at 0x00000167b9f71940 to 0x00000167b9f720fc
Event: 8.983 Thread 0x00000167cc591320 Implicit null exception at 0x00000167b9faf3c0 to 0x00000167b9fb154c
Event: 9.152 Thread 0x00000167cc58d150 Exception <a 'java/lang/NoSuchMethodError'{0x00000000eb73e5d8}: 'int java.lang.invoke.DirectMethodHandle$Holder.invokeSpecialIFC(java.lang.Object, java.lang.Object, java.lang.Object, java.lang.Object)'> (0x00000000eb73e5d8) 
thrown [s\src\hotspot\share\interpreter\linkResolver.cpp, line 759]
Event: 9.239 Thread 0x00000167cc58d150 Exception <a 'java/lang/NoSuchMethodError'{0x00000000eb9b93f8}: 'int java.lang.invoke.DirectMethodHandle$Holder.invokeInterface(java.lang.Object, java.lang.Object)'> (0x00000000eb9b93f8) 
thrown [s\src\hotspot\share\interpreter\linkResolver.cpp, line 759]
Event: 9.240 Thread 0x00000167cc58d150 Exception <a 'java/lang/IncompatibleClassChangeError'{0x00000000eb9bcb70}: Found class java.lang.Object, but interface was expected> (0x00000000eb9bcb70) 
thrown [s\src\hotspot\share\interpreter\linkResolver.cpp, line 826]

VM Operations (20 events):
Event: 7.906 Executing VM operation: ParallelGCFailedAllocation
Event: 7.914 Executing VM operation: ParallelGCFailedAllocation done
Event: 8.024 Executing VM operation: HandshakeAllThreads
Event: 8.025 Executing VM operation: HandshakeAllThreads done
Event: 8.224 Executing VM operation: HandshakeAllThreads
Event: 8.224 Executing VM operation: HandshakeAllThreads done
Event: 8.324 Executing VM operation: ICBufferFull
Event: 8.327 Executing VM operation: ICBufferFull done
Event: 8.453 Executing VM operation: ParallelGCFailedAllocation
Event: 8.458 Executing VM operation: ParallelGCFailedAllocation done
Event: 8.566 Executing VM operation: HandshakeAllThreads
Event: 8.597 Executing VM operation: HandshakeAllThreads done
Event: 8.598 Executing VM operation: HandshakeAllThreads
Event: 8.601 Executing VM operation: HandshakeAllThreads done
Event: 8.698 Executing VM operation: ParallelGCFailedAllocation
Event: 8.712 Executing VM operation: ParallelGCFailedAllocation done
Event: 8.782 Executing VM operation: HandshakeAllThreads
Event: 8.782 Executing VM operation: HandshakeAllThreads done
Event: 9.047 Executing VM operation: ParallelGCFailedAllocation
Event: 9.054 Executing VM operation: ParallelGCFailedAllocation done

Events (20 events):
Event: 9.139 loading class jdk/internal/math/FormattedFloatingDecimal$Form
Event: 9.139 loading class jdk/internal/math/FormattedFloatingDecimal$Form done
Event: 9.139 loading class jdk/internal/math/FormattedFloatingDecimal
Event: 9.140 loading class jdk/internal/math/FormattedFloatingDecimal done
Event: 9.140 loading class jdk/internal/math/FormattedFloatingDecimal$1
Event: 9.140 loading class jdk/internal/math/FormattedFloatingDecimal$1 done
Event: 9.140 loading class jdk/internal/math/FormattedFloatingDecimal$2
Event: 9.140 loading class jdk/internal/math/FormattedFloatingDecimal$2 done
Event: 9.203 loading class java/nio/file/StandardCopyOption
Event: 9.203 loading class java/nio/file/StandardCopyOption done
Event: 9.205 loading class java/nio/channels/Channels$1
Event: 9.205 loading class java/nio/channels/Channels$1 done
Event: 9.214 loading class sun/nio/fs/WindowsFileCopy
Event: 9.214 loading class sun/nio/fs/WindowsFileCopy done
Event: 9.235 loading class java/util/TreeMap$ValueSpliterator
Event: 9.235 loading class java/util/TreeMap$TreeMapSpliterator
Event: 9.235 loading class java/util/TreeMap$TreeMapSpliterator done
Event: 9.235 loading class java/util/TreeMap$ValueSpliterator done
Event: 9.237 loading class java/util/AbstractList$RandomAccessSpliterator
Event: 9.237 loading class java/util/AbstractList$RandomAccessSpliterator done


Dynamic libraries:
0x00007ff760690000 - 0x00007ff76069e000 	c:\Users\papth\.vscode\extensions\redhat.java-1.31.0-win32-x64\jre\17.0.11-win32-x86_64\bin\java.exe
0x00007ffb70c30000 - 0x00007ffb70e47000 	C:\WINDOWS\SYSTEM32\ntdll.dll
0x00007ffb6fb00000 - 0x00007ffb6fbc4000 	C:\WINDOWS\System32\KERNEL32.DLL
0x00007ffb6df80000 - 0x00007ffb6e327000 	C:\WINDOWS\System32\KERNELBASE.dll
0x00007ffb6e7d0000 - 0x00007ffb6e8e1000 	C:\WINDOWS\System32\ucrtbase.dll
0x00007ffb26db0000 - 0x00007ffb26dc7000 	c:\Users\papth\.vscode\extensions\redhat.java-1.31.0-win32-x64\jre\17.0.11-win32-x86_64\bin\jli.dll
0x00007ffb68640000 - 0x00007ffb6865b000 	c:\Users\papth\.vscode\extensions\redhat.java-1.31.0-win32-x64\jre\17.0.11-win32-x86_64\bin\VCRUNTIME140.dll
0x00007ffb6f560000 - 0x00007ffb6f70e000 	C:\WINDOWS\System32\USER32.dll
0x00007ffb6df50000 - 0x00007ffb6df76000 	C:\WINDOWS\System32\win32u.dll
0x00007ffb70a00000 - 0x00007ffb70a29000 	C:\WINDOWS\System32\GDI32.dll
0x00007ffb5bd10000 - 0x00007ffb5bfa3000 	C:\WINDOWS\WinSxS\amd64_microsoft.windows.common-controls_6595b64144ccf1df_6.0.22621.3527_none_270e469b73872a76\COMCTL32.dll
0x00007ffb6e360000 - 0x00007ffb6e479000 	C:\WINDOWS\System32\gdi32full.dll
0x00007ffb701f0000 - 0x00007ffb70297000 	C:\WINDOWS\System32\msvcrt.dll
0x00007ffb6e480000 - 0x00007ffb6e51a000 	C:\WINDOWS\System32\msvcp_win.dll
0x00007ffb70b30000 - 0x00007ffb70b61000 	C:\WINDOWS\System32\IMM32.DLL
0x00007ffb68630000 - 0x00007ffb6863c000 	c:\Users\papth\.vscode\extensions\redhat.java-1.31.0-win32-x64\jre\17.0.11-win32-x86_64\bin\vcruntime140_1.dll
0x00007ffb199d0000 - 0x00007ffb19a5d000 	c:\Users\papth\.vscode\extensions\redhat.java-1.31.0-win32-x64\jre\17.0.11-win32-x86_64\bin\msvcp140.dll
0x00007ffb0b020000 - 0x00007ffb0bc82000 	c:\Users\papth\.vscode\extensions\redhat.java-1.31.0-win32-x64\jre\17.0.11-win32-x86_64\bin\server\jvm.dll
0x00007ffb6f4a0000 - 0x00007ffb6f552000 	C:\WINDOWS\System32\ADVAPI32.dll
0x00007ffb6f9b0000 - 0x00007ffb6fa58000 	C:\WINDOWS\System32\sechost.dll
0x00007ffb6e330000 - 0x00007ffb6e358000 	C:\WINDOWS\System32\bcrypt.dll
0x00007ffb6f1c0000 - 0x00007ffb6f2d5000 	C:\WINDOWS\System32\RPCRT4.dll
0x00007ffb6d6c0000 - 0x00007ffb6d70d000 	C:\WINDOWS\SYSTEM32\POWRPROF.dll
0x00007ffb62130000 - 0x00007ffb62139000 	C:\WINDOWS\SYSTEM32\WSOCK32.dll
0x00007ffb6fa80000 - 0x00007ffb6faf1000 	C:\WINDOWS\System32\WS2_32.dll
0x00007ffb66f00000 - 0x00007ffb66f34000 	C:\WINDOWS\SYSTEM32\WINMM.dll
0x00007ffb63460000 - 0x00007ffb6346a000 	C:\WINDOWS\SYSTEM32\VERSION.dll
0x00007ffb6d6a0000 - 0x00007ffb6d6b3000 	C:\WINDOWS\SYSTEM32\UMPDC.dll
0x00007ffb6cf30000 - 0x00007ffb6cf48000 	C:\WINDOWS\SYSTEM32\kernel.appcore.dll
0x00007ffb488d0000 - 0x00007ffb488da000 	c:\Users\papth\.vscode\extensions\redhat.java-1.31.0-win32-x64\jre\17.0.11-win32-x86_64\bin\jimage.dll
0x00007ffb6b870000 - 0x00007ffb6baa2000 	C:\WINDOWS\SYSTEM32\DBGHELP.DLL
0x00007ffb70350000 - 0x00007ffb706d8000 	C:\WINDOWS\System32\combase.dll
0x00007ffb706e0000 - 0x00007ffb707b7000 	C:\WINDOWS\System32\OLEAUT32.dll
0x00007ffb63360000 - 0x00007ffb63392000 	C:\WINDOWS\SYSTEM32\dbgcore.DLL
0x00007ffb6e750000 - 0x00007ffb6e7c9000 	C:\WINDOWS\System32\bcryptPrimitives.dll
0x00007ffb47560000 - 0x00007ffb4756e000 	c:\Users\papth\.vscode\extensions\redhat.java-1.31.0-win32-x64\jre\17.0.11-win32-x86_64\bin\instrument.dll
0x00007ffb23250000 - 0x00007ffb23275000 	c:\Users\papth\.vscode\extensions\redhat.java-1.31.0-win32-x64\jre\17.0.11-win32-x86_64\bin\java.dll
0x00007ffb230e0000 - 0x00007ffb230f8000 	c:\Users\papth\.vscode\extensions\redhat.java-1.31.0-win32-x64\jre\17.0.11-win32-x86_64\bin\zip.dll
0x00007ffb6e960000 - 0x00007ffb6f1bc000 	C:\WINDOWS\System32\SHELL32.dll
0x00007ffb6be40000 - 0x00007ffb6c736000 	C:\WINDOWS\SYSTEM32\windows.storage.dll
0x00007ffb6bd00000 - 0x00007ffb6be3e000 	C:\WINDOWS\SYSTEM32\wintypes.dll
0x00007ffb70a30000 - 0x00007ffb70b25000 	C:\WINDOWS\System32\SHCORE.dll
0x00007ffb6f950000 - 0x00007ffb6f9ae000 	C:\WINDOWS\System32\shlwapi.dll
0x00007ffb6de80000 - 0x00007ffb6dea1000 	C:\WINDOWS\SYSTEM32\profapi.dll
0x00007ffb1eda0000 - 0x00007ffb1edb9000 	C:\Users\papth\.vscode\extensions\redhat.java-1.31.0-win32-x64\jre\17.0.11-win32-x86_64\bin\net.dll
0x00007ffb66620000 - 0x00007ffb66756000 	C:\WINDOWS\SYSTEM32\WINHTTP.dll
0x00007ffb6d390000 - 0x00007ffb6d3f9000 	C:\WINDOWS\system32\mswsock.dll
0x00007ffb1dc40000 - 0x00007ffb1dc56000 	C:\Users\papth\.vscode\extensions\redhat.java-1.31.0-win32-x64\jre\17.0.11-win32-x86_64\bin\nio.dll
0x00007ffb458f0000 - 0x00007ffb45900000 	c:\Users\papth\.vscode\extensions\redhat.java-1.31.0-win32-x64\jre\17.0.11-win32-x86_64\bin\verify.dll
0x00007ffb19950000 - 0x00007ffb19994000 	C:\Users\papth\AppData\Roaming\Code\User\globalStorage\redhat.java\1.31.0\config_win\org.eclipse.equinox.launcher\org.eclipse.equinox.launcher.win32.win32.x86_64_1.2.1000.v20240507-1834\eclipse_11902.dll
0x00007ffb707c0000 - 0x00007ffb70965000 	C:\WINDOWS\System32\ole32.dll
0x00007ffb6d810000 - 0x00007ffb6d82b000 	C:\WINDOWS\SYSTEM32\CRYPTSP.dll
0x00007ffb6ce90000 - 0x00007ffb6cec5000 	C:\WINDOWS\system32\rsaenh.dll
0x00007ffb6d430000 - 0x00007ffb6d458000 	C:\WINDOWS\SYSTEM32\USERENV.dll
0x00007ffb6d590000 - 0x00007ffb6d59c000 	C:\WINDOWS\SYSTEM32\CRYPTBASE.dll
0x00007ffb6c9e0000 - 0x00007ffb6ca0d000 	C:\WINDOWS\SYSTEM32\IPHLPAPI.DLL
0x00007ffb6fbe0000 - 0x00007ffb6fbe9000 	C:\WINDOWS\System32\NSI.dll
0x00007ffb66f80000 - 0x00007ffb66f99000 	C:\WINDOWS\SYSTEM32\dhcpcsvc6.DLL
0x00007ffb66f60000 - 0x00007ffb66f7f000 	C:\WINDOWS\SYSTEM32\dhcpcsvc.DLL
0x00007ffb6ca10000 - 0x00007ffb6cb08000 	C:\WINDOWS\SYSTEM32\DNSAPI.dll
0x00007ffb186f0000 - 0x00007ffb18735000 	C:\Users\papth\AppData\Local\Temp\jna-106435411\jna16527785773925143653.dll
0x00007ffb6fa70000 - 0x00007ffb6fa78000 	C:\WINDOWS\System32\PSAPI.DLL
0x00007ffb44e60000 - 0x00007ffb44e6e000 	C:\Users\papth\.vscode\extensions\redhat.java-1.31.0-win32-x64\jre\17.0.11-win32-x86_64\bin\sunmscapi.dll
0x00007ffb6e5e0000 - 0x00007ffb6e748000 	C:\WINDOWS\System32\CRYPT32.dll
0x00007ffb6d830000 - 0x00007ffb6d85e000 	C:\WINDOWS\SYSTEM32\ncrypt.dll
0x00007ffb6d7d0000 - 0x00007ffb6d807000 	C:\WINDOWS\SYSTEM32\NTASN1.dll
0x00007ffb66e90000 - 0x00007ffb66e9a000 	C:\Windows\System32\rasadhlp.dll
0x00007ffb65a40000 - 0x00007ffb65ac3000 	C:\WINDOWS\System32\fwpuclnt.dll
0x00007ffb3eeb0000 - 0x00007ffb3eeb9000 	C:\Users\papth\.vscode\extensions\redhat.java-1.31.0-win32-x64\jre\17.0.11-win32-x86_64\bin\extnet.dll

dbghelp: loaded successfully - version: 4.0.5 - missing functions: none
symbol engine: initialized successfully - sym options: 0x614 - pdb path: .;c:\Users\papth\.vscode\extensions\redhat.java-1.31.0-win32-x64\jre\17.0.11-win32-x86_64\bin;C:\WINDOWS\SYSTEM32;C:\WINDOWS\WinSxS\amd64_microsoft.windows.common-controls_6595b64144ccf1df_6.0.22621.3527_none_270e469b73872a76;c:\Users\papth\.vscode\extensions\redhat.java-1.31.0-win32-x64\jre\17.0.11-win32-x86_64\bin\server;C:\Users\papth\AppData\Roaming\Code\User\globalStorage\redhat.java\1.31.0\config_win\org.eclipse.equinox.launcher\org.eclipse.equinox.launcher.win32.win32.x86_64_1.2.1000.v20240507-1834;C:\Users\papth\AppData\Local\Temp\jna-106435411

VM Arguments:
jvm_args: --add-modules=ALL-SYSTEM --add-opens=java.base/java.util=ALL-UNNAMED --add-opens=java.base/java.lang=ALL-UNNAMED --add-opens=java.base/sun.nio.fs=ALL-UNNAMED -Declipse.application=org.eclipse.jdt.ls.core.id1 -Dosgi.bundles.defaultStartLevel=4 -Declipse.product=org.eclipse.jdt.ls.core.product -Djava.import.generatesMetadataFilesAtProjectRoot=false -DDetectVMInstallationsJob.disabled=true -Dfile.encoding=utf8 -XX:+UseParallelGC -XX:GCTimeRatio=4 -XX:AdaptiveSizePolicyWeight=90 -Dsun.zip.disableMemoryMapping=true -Xmx1G -Xms100m -Xlog:disable -javaagent:c:\Users\papth\.vscode\extensions\redhat.java-1.31.0-win32-x64\lombok\lombok-1.18.32.jar -XX:+HeapDumpOnOutOfMemoryError -XX:HeapDumpPath=c:\Users\papth\AppData\Roaming\Code\User\workspaceStorage\fb0275111390ad12c1baf502f4576d5b\redhat.java -Daether.dependencyCollector.impl=bf 
java_command: c:\Users\papth\.vscode\extensions\redhat.java-1.31.0-win32-x64\server\plugins\org.eclipse.equinox.launcher_1.6.800.v20240513-1750.jar -configuration c:\Users\papth\AppData\Roaming\Code\User\globalStorage\redhat.java\1.31.0\config_win -data c:\Users\papth\AppData\Roaming\Code\User\workspaceStorage\fb0275111390ad12c1baf502f4576d5b\redhat.java\jdt_ws --pipe=\\.\pipe\lsp-b081083ec13f6ad2887c12aadbedf54d-sock
java_class_path (initial): c:\Users\papth\.vscode\extensions\redhat.java-1.31.0-win32-x64\server\plugins\org.eclipse.equinox.launcher_1.6.800.v20240513-1750.jar
Launcher Type: SUN_STANDARD

[Global flags]
    uintx AdaptiveSizePolicyWeight                 = 90                                        {product} {command line}
     intx CICompilerCount                          = 4                                         {product} {ergonomic}
    uintx GCTimeRatio                              = 4                                         {product} {command line}
     bool HeapDumpOnOutOfMemoryError               = true                                   {manageable} {command line}
    ccstr HeapDumpPath                             = c:\Users\papth\AppData\Roaming\Code\User\workspaceStorage\fb0275111390ad12c1baf502f4576d5b\redhat.java         {manageable} {command line}
   size_t InitialHeapSize                          = 104857600                                 {product} {command line}
   size_t MaxHeapSize                              = 1073741824                                {product} {command line}
   size_t MaxNewSize                               = 357564416                                 {product} {ergonomic}
   size_t MinHeapDeltaBytes                        = 524288                                    {product} {ergonomic}
   size_t MinHeapSize                              = 104857600                                 {product} {command line}
   size_t NewSize                                  = 34603008                                  {product} {ergonomic}
    uintx NonNMethodCodeHeapSize                   = 5839372                                {pd product} {ergonomic}
    uintx NonProfiledCodeHeapSize                  = 122909434                              {pd product} {ergonomic}
   size_t OldSize                                  = 70254592                                  {product} {ergonomic}
    uintx ProfiledCodeHeapSize                     = 122909434                              {pd product} {ergonomic}
    uintx ReservedCodeCacheSize                    = 251658240                              {pd product} {ergonomic}
     bool SegmentedCodeCache                       = true                                      {product} {ergonomic}
   size_t SoftMaxHeapSize                          = 1073741824                             {manageable} {ergonomic}
     bool UseCompressedClassPointers               = true                           {product lp64_product} {ergonomic}
     bool UseCompressedOops                        = true                           {product lp64_product} {ergonomic}
     bool UseLargePagesIndividualAllocation        = false                                  {pd product} {ergonomic}
     bool UseParallelGC                            = true                                      {product} {command line}

Logging:
Log output configuration:
 #0: stdout all=off uptime,level,tags
 #1: stderr all=off uptime,level,tags

Environment Variables:
JAVA_HOME=C:\LAB-TOOLS\JDK\jdk-17.0.6
PATH=C:\Python311\Scripts\;C:\Python311\;C:\LAB-TOOLS\JDK\jdk-17.0.6\bin;C:\Program Files\Microsoft\jdk-11.0.12.7-hotspot\bin;C:\Program Files\AdoptOpenJDK\jdk-11.0.9.101-hotspot\bin;C:\Program Files (x86)\Common Files\Oracle\Java\javapath;C:\windows\system32;C:\windows;C:\windows\System32\Wbem;C:\windows\System32\WindowsPowerShell\v1.0\;C:\windows\System32\OpenSSH\;C:\Program Files (x86)\NVIDIA Corporation\PhysX\Common;C:\Program Files\NVIDIA Corporation\NVIDIA NvDLISR;C:\Program Files (x86)\Wolfram Research\WolframScript\;C:\WINDOWS\system32;C:\WINDOWS;C:\WINDOWS\System32\Wbem;C:\WINDOWS\System32\WindowsPowerShell\v1.0\;C:\WINDOWS\System32\OpenSSH\;C:\Program Files\MATLAB\R2020a\runtime\win64;C:\Program Files\MATLAB\R2020a\bin;C:\Program Files\OpenVPN\bin;C:\Program Files\Git\cmd;C:\Program Files\Git\usr\bin;C:\Program Files\Microsoft SQL Server\150\Tools\Binn\;C:\Program Files\dotnet\;C:\MinGW\mingw32\bin;C:\WINDOWS\system32;C:\WINDOWS;C:\WINDOWS\System32\Wbem;C:\WINDOWS\System32\WindowsPowerShell\v1.0\;C:\Program Files\nodejs;C:\ProgramData\chocolatey\bin;C:\Program Files\Docker\Docker\resources\bin;C:\WINDOWS\System32\OpenSSH\;C:\LAB-TOOLS\apache-maven-3.9.6-bin\apache-maven-3.9.6\bin;C:\Program Files\PowerShell\7-preview\preview;C:\Program Files\HP\HP One Agent;C:\Program Files\PowerShell\7\;C:\Users\papth\scoop\shims;C:\dev\flutter\bin;C:\Users\papth\AppData\Local\Microsoft\WindowsApps;C:\Users\papth\AppData\Local\GitHubDesktop\bin;C:\Users\papth\AppData\Local\Microsoft\WindowsApps;C:\Users\papth\AppData\Local\atom\bin;C:\Users\papth\.dotnet\tools;C:\Users\papth\AppData\Roaming\npm;C:\dev\android-sdk\platform-tools;C:\Program Files\nodejs;C:\Users\papth\AppData\Local\Programs\Microsoft VS Code\bin;C:\Users\papth\AppData\Roaming\Python\Python311\Scripts;C:\Users\papth\AppData\Local\Google\Cloud SDK\google-cloud-sdk\bin
USERNAME=papth
OS=Windows_NT
PROCESSOR_IDENTIFIER=Intel64 Family 6 Model 142 Stepping 12, GenuineIntel
TMP=C:\Users\papth\AppData\Local\Temp
TEMP=C:\Users\papth\AppData\Local\Temp



Periodic native trim disabled


---------------  S Y S T E M  ---------------

OS:
 Windows 11 , 64 bit Build 22621 (10.0.22621.3527)
OS uptime: 0 days 6:36 hours
Hyper-V role detected

CPU: total 8 (initial active 8) (4 cores per cpu, 2 threads per core) family 6 model 142 stepping 12 microcode 0xde, cx8, cmov, fxsr, ht, mmx, 3dnowpref, sse, sse2, sse3, ssse3, sse4.1, sse4.2, popcnt, lzcnt, tsc, tscinvbit, avx, avx2, aes, erms, clmul, bmi1, bmi2, adx, fma, vzeroupper, clflush, clflushopt, hv
Processor Information for all 8 processors :
  Max Mhz: 2304, Current Mhz: 1803, Mhz Limit: 1797

Memory: 4k page, system-wide physical 16187M (5516M free)
TotalPageFile size 16187M (AvailPageFile size 1M)
current process WorkingSet (physical memory assigned to process): 239M, peak: 240M
current process commit charge ("private bytes"): 316M, peak: 324M

vm_info: OpenJDK 64-Bit Server VM (17.0.11+9) for windows-amd64 JRE (17.0.11+9), built on Apr 17 2024 06:07:48 by "admin" with MS VC++ 16.10 / 16.11 (VS2019)

END.
