#
# There is insufficient memory for the Java Runtime Environment to continue.
# Native memory allocation (mmap) failed to map 65536 bytes for Failed to commit metaspace.
# Possible reasons:
#   The system is out of physical RAM or swap space
#   The process is running with CompressedOops enabled, and the Java Heap may be blocking the growth of the native heap
# Possible solutions:
#   Reduce memory load on the system
#   Increase physical memory or swap space
#   Check if swap backing store is full
#   Decrease Java heap size (-Xmx/-Xms)
#   Decrease number of Java threads
#   Decrease Java thread stack sizes (-Xss)
#   Set larger code cache with -XX:ReservedCodeCacheSize=
#   JVM is running with Unscaled Compressed Oops mode in which the Java heap is
#     placed in the first 4GB address space. The Java Heap base address is the
#     maximum limit for the native heap growth. Please use -XX:HeapBaseMinAddress
#     to set the Java Heap base and to place the Java Heap above 4GB virtual address.
# This output file may be truncated or incomplete.
#
#  Out of Memory Error (virtualSpaceNode.cpp:110), pid=17944, tid=19784
#
# JRE version: OpenJDK Runtime Environment Temurin-17.0.10+7 (17.0.10+7) (build 17.0.10+7)
# Java VM: OpenJDK 64-Bit Server VM Temurin-17.0.10+7 (17.0.10+7, mixed mode, tiered, compressed oops, compressed class ptrs, parallel gc, windows-amd64)
# No core dump will be written. Minidumps are not enabled by default on client versions of Windows
#

---------------  S U M M A R Y ------------

Command Line: --add-modules=ALL-SYSTEM --add-opens=java.base/java.util=ALL-UNNAMED --add-opens=java.base/java.lang=ALL-UNNAMED --add-opens=java.base/sun.nio.fs=ALL-UNNAMED -Declipse.application=org.eclipse.jdt.ls.core.id1 -Dosgi.bundles.defaultStartLevel=4 -Declipse.product=org.eclipse.jdt.ls.core.product -Djava.import.generatesMetadataFilesAtProjectRoot=false -DDetectVMInstallationsJob.disabled=true -Dfile.encoding=utf8 -XX:+UseParallelGC -XX:GCTimeRatio=4 -XX:AdaptiveSizePolicyWeight=90 -Dsun.zip.disableMemoryMapping=true -Xmx1G -Xms100m -Xlog:disable -javaagent:c:\Users\papth\.vscode\extensions\redhat.java-1.28.1-win32-x64\lombok\lombok-1.18.31.jar c:\Users\papth\.vscode\extensions\redhat.java-1.28.1-win32-x64\server\plugins\org.eclipse.equinox.launcher_1.6.700.v20231214-2017.jar -configuration c:\Users\papth\AppData\Roaming\Code\User\globalStorage\redhat.java\1.28.1\config_ss_win -data c:\Users\papth\AppData\Roaming\Code\User\workspaceStorage\fb0275111390ad12c1baf502f4576d5b\redhat.java\ss_ws --stdio

Host: Intel(R) Core(TM) i7-10510U CPU @ 1.80GHz, 8 cores, 15G,  Windows 11 , 64 bit Build 22621 (10.0.22621.3085)
Time: Mon Mar  4 18:20:41 2024  Windows 11 , 64 bit Build 22621 (10.0.22621.3085) elapsed time: 0.885103 seconds (0d 0h 0m 0s)

---------------  T H R E A D  ---------------

Current thread (0x000002a3a5160dc0):  JavaThread "main" [_thread_in_vm, id=19784, stack(0x000000be6d100000,0x000000be6d200000)]

Stack: [0x000000be6d100000,0x000000be6d200000]
Native frames: (J=compiled Java code, j=interpreted, Vv=VM code, C=native code)
V  [jvm.dll+0x67d2c9]
V  [jvm.dll+0x834afa]
V  [jvm.dll+0x8365be]
V  [jvm.dll+0x836c23]
V  [jvm.dll+0x2477ff]
V  [jvm.dll+0x8307bb]
V  [jvm.dll+0x621d16]
V  [jvm.dll+0x621d7a]
V  [jvm.dll+0x6245aa]
V  [jvm.dll+0x6226b6]
V  [jvm.dll+0x633599]
V  [jvm.dll+0x62c874]
V  [jvm.dll+0x382e71]
C  0x000002a3af32c6e8

The last pc belongs to method entry point (kind = zerolocals) (printed below).
Java frames: (J=compiled Java code, j=interpreted, Vv=VM code)
j  java.util.TreeMap.put(Ljava/lang/Object;Ljava/lang/Object;)Ljava/lang/Object;+0 java.base@17.0.10
j  java.util.Collections$SynchronizedMap.put(Ljava/lang/Object;Ljava/lang/Object;)Ljava/lang/Object;+13 java.base@17.0.10
j  sun.security.x509.CertificateExtensions.parseExtension(Lsun/security/x509/Extension;)V+113 java.base@17.0.10
j  sun.security.x509.CertificateExtensions.init(Lsun/security/util/DerInputStream;)V+29 java.base@17.0.10
j  sun.security.x509.CertificateExtensions.<init>(Lsun/security/util/DerInputStream;)V+25 java.base@17.0.10
j  sun.security.x509.X509CertInfo.parse(Lsun/security/util/DerValue;)V+335 java.base@17.0.10
j  sun.security.x509.X509CertInfo.<init>(Lsun/security/util/DerValue;)V+67 java.base@17.0.10
j  sun.security.x509.X509CertImpl.parse(Lsun/security/util/DerValue;)V+228 java.base@17.0.10
j  sun.security.x509.X509CertImpl.<init>([B)V+50 java.base@17.0.10
j  sun.security.provider.X509Factory.engineGenerateCertificate(Ljava/io/InputStream;)Ljava/security/cert/Certificate;+54 java.base@17.0.10
j  java.security.cert.CertificateFactory.generateCertificate(Ljava/io/InputStream;)Ljava/security/cert/Certificate;+5 java.base@17.0.10
j  sun.security.pkcs.PKCS7.parseSignedData(Lsun/security/util/DerValue;)V+264 java.base@17.0.10
j  sun.security.pkcs.PKCS7.parse(Lsun/security/util/DerInputStream;Z)V+40 java.base@17.0.10
j  sun.security.pkcs.PKCS7.parse(Lsun/security/util/DerInputStream;)V+11 java.base@17.0.10
j  sun.security.pkcs.PKCS7.<init>([B)V+50 java.base@17.0.10
j  sun.security.util.SignatureFileVerifier.<init>(Ljava/util/ArrayList;Lsun/security/util/ManifestDigester;Ljava/lang/String;[B)V+40 java.base@17.0.10
j  java.util.jar.JarVerifier.processEntry(Lsun/security/util/ManifestEntryVerifier;)V+322 java.base@17.0.10
j  java.util.jar.JarVerifier.update(I[BIILsun/security/util/ManifestEntryVerifier;)V+39 java.base@17.0.10
j  java.util.jar.JarFile.initializeVerifier()V+163 java.base@17.0.10
j  java.util.jar.JarFile.ensureInitialization()V+41 java.base@17.0.10
j  java.util.jar.JavaUtilJarAccessImpl.ensureInitialization(Ljava/util/jar/JarFile;)V+1 java.base@17.0.10
j  jdk.internal.loader.URLClassPath$JarLoader$2.getManifest()Ljava/util/jar/Manifest;+10 java.base@17.0.10
j  jdk.internal.loader.BuiltinClassLoader.defineClass(Ljava/lang/String;Ljdk/internal/loader/Resource;)Ljava/lang/Class;+29 java.base@17.0.10
j  jdk.internal.loader.BuiltinClassLoader.findClassOnClassPathOrNull(Ljava/lang/String;)Ljava/lang/Class;+37 java.base@17.0.10
j  jdk.internal.loader.BuiltinClassLoader.loadClassOrNull(Ljava/lang/String;Z)Ljava/lang/Class;+111 java.base@17.0.10
j  jdk.internal.loader.BuiltinClassLoader.loadClass(Ljava/lang/String;Z)Ljava/lang/Class;+3 java.base@17.0.10
j  jdk.internal.loader.ClassLoaders$AppClassLoader.loadClass(Ljava/lang/String;Z)Ljava/lang/Class;+36 java.base@17.0.10
j  java.lang.ClassLoader.loadClass(Ljava/lang/String;)Ljava/lang/Class;+3 java.base@17.0.10
v  ~StubRoutines::call_stub
j  java.lang.Class.forName0(Ljava/lang/String;ZLjava/lang/ClassLoader;Ljava/lang/Class;)Ljava/lang/Class;+0 java.base@17.0.10
j  java.lang.Class.forName(Ljava/lang/String;ZLjava/lang/ClassLoader;)Ljava/lang/Class;+43 java.base@17.0.10
j  sun.launcher.LauncherHelper.loadMainClass(ILjava/lang/String;)Ljava/lang/Class;+95 java.base@17.0.10
j  sun.launcher.LauncherHelper.checkAndLoadMain(ZILjava/lang/String;)Ljava/lang/Class;+42 java.base@17.0.10
v  ~StubRoutines::call_stub
method entry point (kind = zerolocals)  [0x000002a3af32c520, 0x000002a3af32c8c0]  928 bytes
[MachCode]
  0x000002a3af32c520: 488b 5308 | 0fb7 4a2c | 0fb7 522a | 2bd1 81fa | f501 0000 | 0f86 2500 | 0000 488b | c248 c1e0 
  0x000002a3af32c540: 0348 83c0 | 5849 0387 | c003 0000 | 483b e00f | 870a 0000 | 0058 498b | e550 e921 | c3ff ff58 
  0x000002a3af32c560: 4c8d 74cc | f885 d20f | 8e09 0000 | 0068 0000 | 0000 ffca | 7ff7 5055 | 488b ec41 | 5568 0000 
  0x000002a3af32c580: 0000 4c8b | 6b08 4d8d | 6d30 5348 | 8b53 0848 | 8b52 0848 | 8b52 1848 | 8b52 7048 | 8b12 5248 
  0x000002a3af32c5a0: 8b53 1048 | 85d2 0f84 | 0700 0000 | 4881 c208 | 0100 0052 | 488b 5308 | 488b 5208 | 488b 5210 
  0x000002a3af32c5c0: 5241 5641 | 5568 0000 | 0000 4889 | 2424 41c6 | 8779 0300 | 0001 488b | 45d8 4885 | c00f 8484 
  0x000002a3af32c5e0: 0000 008b | 48fc 85c9 | 0f88 7900 | 0000 4803 | c148 8b48 | 0848 83e9 | 0248 8b54 | c810 48f7 
  0x000002a3af32c600: da49 8b14 | d648 85d2 | 7508 4883 | 4cc8 1801 | eb4f 8b52 | 0848 c1e2 | 0348 3354 | c818 48f7 
  0x000002a3af32c620: c2fc ffff | ff74 3a48 | f7c2 0200 | 0000 7531 | 4881 7cc8 | 1800 0000 | 0074 2148 | 817c c818 
  0x000002a3af32c640: 0100 0000 | 7416 4833 | 54c8 1848 | f7c2 fcff | ffff 740d | 4883 4cc8 | 1802 eb05 | 4889 54c8 
  0x000002a3af32c660: 1848 83e9 | 0279 9248 | 8b43 1048 | 85c0 7420 | 8b88 cc00 | 0000 83c1 | 0289 88cc | 0000 0023 
  0x000002a3af32c680: 88e0 0000 | 000f 8478 | 0100 00e9 | d100 0000 | 488b 4318 | 4885 c00f | 85b2 0000 | 00e8 0500 
  0x000002a3af32c6a0: 0000 e99b | 0000 0048 | 8bd3 488d | 4424 084c | 896d c049 | 8bcf c5f8 | 7749 89af | a802 0000 
  0x000002a3af32c6c0: 4989 8798 | 0200 0048 | 83ec 20f7 | c40f 0000 | 000f 841a | 0000 0048 | 83ec 0849 | ba50 2e79 
  0x000002a3af32c6e0: 02f9 7f00 | 0041 ffd2 | 4883 c408 | e90d 0000 | 0049 ba50 | 2e79 02f9 | 7f00 0041 | ffd2 4883 
  0x000002a3af32c700: c420 49c7 | 8798 0200 | 0000 0000 | 0049 c787 | a802 0000 | 0000 0000 | 49c7 87a0 | 0200 0000 
  0x000002a3af32c720: 0000 00c5 | f877 4981 | 7f08 0000 | 0000 0f84 | 0500 0000 | e9c7 47ff | ff4c 8b6d | c04c 8b75 
  0x000002a3af32c740: c8c3 488b | 4318 4885 | c00f 8412 | 0000 008b | 4808 83c1 | 0289 4808 | 2348 200f | 84a2 0000 
  0x000002a3af32c760: 0089 8424 | 00f0 ffff | 8984 2400 | e0ff ff89 | 8424 00d0 | ffff 8984 | 2400 c0ff | ff89 8424 
  0x000002a3af32c780: 00b0 ffff | 8984 2400 | a0ff ff89 | 8424 0090 | ffff 41c6 | 8779 0300 | 0000 49ba | 7935 f902 
  0x000002a3af32c7a0: f97f 0000 | 4180 3a00 | 0f84 4200 | 0000 488b | 55e8 498b | cf48 83ec | 20f7 c40f | 0000 000f 
  0x000002a3af32c7c0: 841a 0000 | 0048 83ec | 0849 ba00 | 30af 02f9 | 7f00 0041 | ffd2 4883 | c408 e90d | 0000 0049 
  0x000002a3af32c7e0: ba00 30af | 02f9 7f00 | 0041 ffd2 | 4883 c420 | 410f b65d | 0049 ba90 | a9fb 02f9 | 7f00 0041 
  0x000002a3af32c800: ff24 daba | 0000 0000 | e805 0000 | 00e9 9800 | 0000 488d | 4424 084c | 896d c049 | 8bcf c5f8 
  0x000002a3af32c820: 7749 89af | a802 0000 | 4989 8798 | 0200 0048 | 83ec 20f7 | c40f 0000 | 000f 841a | 0000 0048 
  0x000002a3af32c840: 83ec 0849 | ba40 3979 | 02f9 7f00 | 0041 ffd2 | 4883 c408 | e90d 0000 | 0049 ba40 | 3979 02f9 
  0x000002a3af32c860: 7f00 0041 | ffd2 4883 | c420 49c7 | 8798 0200 | 0000 0000 | 0049 c787 | a802 0000 | 0000 0000 
  0x000002a3af32c880: 49c7 87a0 | 0200 0000 | 0000 00c5 | f877 4981 | 7f08 0000 | 0000 0f84 | 0500 0000 | e95f 46ff 
  0x000002a3af32c8a0: ff4c 8b6d | c04c 8b75 | c8c3 488b | 5de8 e9ae | feff ff0f | 1f44 0000 | 0000 0000 | 0000 0000 
[/MachCode]

---------------  P R O C E S S  ---------------

Threads class SMR info:
_java_thread_list=0x000002a3be3ed6f0, length=13, elements={
0x000002a3a5160dc0, 0x000002a3b8fe8020, 0x000002a3b8fea8d0, 0x000002a3be07b010,
0x000002a3be07bda0, 0x000002a3be07e980, 0x000002a3be07fae0, 0x000002a3a520ced0,
0x000002a3be098b30, 0x000002a3be0b4b80, 0x000002a3be167a20, 0x000002a3be3fe250,
0x000002a3be3e9cd0
}

Java Threads: ( => current thread )
=>0x000002a3a5160dc0 JavaThread "main" [_thread_in_vm, id=19784, stack(0x000000be6d100000,0x000000be6d200000)]
  0x000002a3b8fe8020 JavaThread "Reference Handler" daemon [_thread_blocked, id=11484, stack(0x000000be6d400000,0x000000be6d500000)]
  0x000002a3b8fea8d0 JavaThread "Finalizer" daemon [_thread_blocked, id=1964, stack(0x000000be6d500000,0x000000be6d600000)]
  0x000002a3be07b010 JavaThread "Signal Dispatcher" daemon [_thread_blocked, id=6804, stack(0x000000be6d600000,0x000000be6d700000)]
  0x000002a3be07bda0 JavaThread "Attach Listener" daemon [_thread_blocked, id=10488, stack(0x000000be6d700000,0x000000be6d800000)]
  0x000002a3be07e980 JavaThread "Service Thread" daemon [_thread_blocked, id=4496, stack(0x000000be6d800000,0x000000be6d900000)]
  0x000002a3be07fae0 JavaThread "Monitor Deflation Thread" daemon [_thread_blocked, id=2316, stack(0x000000be6d900000,0x000000be6da00000)]
  0x000002a3a520ced0 JavaThread "C2 CompilerThread0" daemon [_thread_blocked, id=8612, stack(0x000000be6da00000,0x000000be6db00000)]
  0x000002a3be098b30 JavaThread "C1 CompilerThread0" daemon [_thread_blocked, id=22112, stack(0x000000be6db00000,0x000000be6dc00000)]
  0x000002a3be0b4b80 JavaThread "Sweeper thread" daemon [_thread_blocked, id=20272, stack(0x000000be6dc00000,0x000000be6dd00000)]
  0x000002a3be167a20 JavaThread "Common-Cleaner" daemon [_thread_blocked, id=22540, stack(0x000000be6dd00000,0x000000be6de00000)]
  0x000002a3be3fe250 JavaThread "Notification Thread" daemon [_thread_blocked, id=14932, stack(0x000000be6de00000,0x000000be6df00000)]
  0x000002a3be3e9cd0 JavaThread "C2 CompilerThread1" daemon [_thread_blocked, id=18952, stack(0x000000be6e000000,0x000000be6e100000)]

Other Threads:
  0x000002a3be0414b0 VMThread "VM Thread" [stack: 0x000000be6d300000,0x000000be6d400000] [id=16140]
  0x000002a3be3dde40 WatcherThread [stack: 0x000000be6df00000,0x000000be6e000000] [id=23924]
  0x000002a3a51757e0 GCTaskThread "GC Thread#0" [stack: 0x000000be6d200000,0x000000be6d300000] [id=2880]

Threads with active compile tasks:

VM state: not at safepoint (normal execution)

VM Mutex/Monitor currently owned by a thread:  ([mutex/lock_event])
[0x000002a3a515bc90] Metaspace_lock - owner thread: 0x000002a3a5160dc0

Heap address: 0x00000000c0000000, size: 1024 MB, Compressed Oops mode: 32-bit

CDS archive(s) not mapped
Compressed class space mapped at: 0x0000000100000000-0x0000000140000000, reserved size: 1073741824
Narrow klass base: 0x0000000000000000, Narrow klass shift: 3, Narrow klass range: 0x140000000

GC Precious Log:
 CPUs: 8 total, 8 available
 Memory: 16187M
 Large Page Support: Disabled
 NUMA Support: Disabled
 Compressed Oops: Enabled (32-bit)
 Alignments: Space 512K, Generation 512K, Heap 2M
 Heap Min Capacity: 100M
 Heap Initial Capacity: 100M
 Heap Max Capacity: 1G
 Pre-touch: Disabled
 Parallel Workers: 8

Heap:
 PSYoungGen      total 29696K, used 10297K [0x00000000eab00000, 0x00000000ecc00000, 0x0000000100000000)
  eden space 25600K, 40% used [0x00000000eab00000,0x00000000eb50e770,0x00000000ec400000)
  from space 4096K, 0% used [0x00000000ec800000,0x00000000ec800000,0x00000000ecc00000)
  to   space 4096K, 0% used [0x00000000ec400000,0x00000000ec400000,0x00000000ec800000)
 ParOldGen       total 68608K, used 0K [0x00000000c0000000, 0x00000000c4300000, 0x00000000eab00000)
  object space 68608K, 0% used [0x00000000c0000000,0x00000000c0000000,0x00000000c4300000)
 Metaspace       used 7360K, committed 7424K, reserved 1114112K
  class space    used 719K, committed 768K, reserved 1048576K

Card table byte_map: [0x000002a3a4af0000,0x000002a3a4d00000] _byte_map_base: 0x000002a3a44f0000

Marking Bits: (ParMarkBitMap*) 0x00007ff902fad7d0
 Begin Bits: [0x000002a3b6df0000, 0x000002a3b7df0000)
 End Bits:   [0x000002a3b7df0000, 0x000002a3b8df0000)

Polling page: 0x000002a3a30e0000

Metaspace:

Usage:
  Non-class:      6.48 MB used.
      Class:    719.81 KB used.
       Both:      7.19 MB used.

Virtual space:
  Non-class space:       64.00 MB reserved,       6.50 MB ( 10%) committed,  1 nodes.
      Class space:        1.00 GB reserved,     768.00 KB ( <1%) committed,  1 nodes.
             Both:        1.06 GB reserved,       7.25 MB ( <1%) committed. 

Chunk freelists:
   Non-Class:  9.00 MB
       Class:  15.21 MB
        Both:  24.21 MB

MaxMetaspaceSize: unlimited
CompressedClassSpaceSize: 1.00 GB
Initial GC threshold: 21.00 MB
Current GC threshold: 21.00 MB
CDS: off
MetaspaceReclaimPolicy: balanced
 - commit_granule_bytes: 65536.
 - commit_granule_words: 8192.
 - virtual_space_node_default_size: 8388608.
 - enlarge_chunks_in_place: 1.
 - new_chunks_are_fully_committed: 0.
 - uncommit_free_chunks: 1.
 - use_allocation_guard: 0.
 - handle_deallocations: 1.


Internal statistics:

num_allocs_failed_limit: 0.
num_arena_births: 10.
num_arena_deaths: 0.
num_vsnodes_births: 2.
num_vsnodes_deaths: 0.
num_space_committed: 116.
num_space_uncommitted: 0.
num_chunks_returned_to_freelist: 0.
num_chunks_taken_from_freelist: 40.
num_chunk_merges: 0.
num_chunk_splits: 23.
num_chunks_enlarged: 21.
num_inconsistent_stats: 0.

CodeHeap 'non-profiled nmethods': size=120000Kb used=165Kb max_used=165Kb free=119834Kb
 bounds [0x000002a3af8c0000, 0x000002a3afb30000, 0x000002a3b6df0000]
CodeHeap 'profiled nmethods': size=120000Kb used=685Kb max_used=685Kb free=119314Kb
 bounds [0x000002a3a7df0000, 0x000002a3a8060000, 0x000002a3af320000]
CodeHeap 'non-nmethods': size=5760Kb used=1106Kb max_used=1124Kb free=4653Kb
 bounds [0x000002a3af320000, 0x000002a3af590000, 0x000002a3af8c0000]
 total_blobs=876 nmethods=489 adapters=302
 compilation: enabled
              stopped_count=0, restarted_count=0
 full_count=0

Compilation events (20 events):
Event: 0.871 Thread 0x000002a3be3e9cd0 nmethod 474 0x000002a3af8e5310 code [0x000002a3af8e54a0, 0x000002a3af8e5798]
Event: 0.871 Thread 0x000002a3be3e9cd0  476       4       java.util.ArrayList$Itr::next (66 bytes)
Event: 0.873 Thread 0x000002a3be3e9cd0 nmethod 476 0x000002a3af8e5910 code [0x000002a3af8e5aa0, 0x000002a3af8e5bf8]
Event: 0.874 Thread 0x000002a3be098b30  477       1       sun.security.util.KnownOIDs::value (5 bytes)
Event: 0.875 Thread 0x000002a3be098b30 nmethod 477 0x000002a3af8e5d90 code [0x000002a3af8e5f20, 0x000002a3af8e5ff8]
Event: 0.875 Thread 0x000002a3be098b30  478       3       java.lang.Integer::numberOfLeadingZeros (79 bytes)
Event: 0.875 Thread 0x000002a3be098b30 nmethod 478 0x000002a3a7e99a10 code [0x000002a3a7e99bc0, 0x000002a3a7e99e98]
Event: 0.875 Thread 0x000002a3be098b30  480       1       java.security.Provider$Service::getType (5 bytes)
Event: 0.875 Thread 0x000002a3be098b30 nmethod 480 0x000002a3af8e6490 code [0x000002a3af8e6620, 0x000002a3af8e66f8]
Event: 0.875 Thread 0x000002a3be098b30  481       1       java.security.Provider$Service::getAlgorithm (5 bytes)
Event: 0.876 Thread 0x000002a3be098b30 nmethod 481 0x000002a3af8e6790 code [0x000002a3af8e6920, 0x000002a3af8e69f8]
Event: 0.876 Thread 0x000002a3be098b30  484  s    3       java.util.Properties::put (10 bytes)
Event: 0.876 Thread 0x000002a3be098b30 nmethod 484 0x000002a3a7e99f10 code [0x000002a3a7e9a0c0, 0x000002a3a7e9a328]
Event: 0.876 Thread 0x000002a3be098b30  482       1       java.security.Provider$Service::getAliases (5 bytes)
Event: 0.876 Thread 0x000002a3be098b30 nmethod 482 0x000002a3af8e6a90 code [0x000002a3af8e6c20, 0x000002a3af8e6cf8]
Event: 0.876 Thread 0x000002a3be098b30  483       3       java.security.Provider$ServiceKey::hashCode (19 bytes)
Event: 0.876 Thread 0x000002a3be098b30 nmethod 483 0x000002a3a7e9a410 code [0x000002a3a7e9a5c0, 0x000002a3a7e9a758]
Event: 0.877 Thread 0x000002a3be3e9cd0  485   !   4       java.lang.String::replace (258 bytes)
Event: 0.881 Thread 0x000002a3be098b30  488       3       sun.security.util.ObjectIdentifier::checkOtherComponent (41 bytes)
Event: 0.882 Thread 0x000002a3be098b30 nmethod 488 0x000002a3a7e9a890 code [0x000002a3a7e9aac0, 0x000002a3a7e9b1a8]

GC Heap History (0 events):
No events

Dll operation events (8 events):
Event: 0.018 Loaded shared library c:\Users\papth\.vscode\extensions\redhat.java-1.28.1-win32-x64\jre\17.0.10-win32-x86_64\bin\java.dll
Event: 0.301 Loaded shared library c:\Users\papth\.vscode\extensions\redhat.java-1.28.1-win32-x64\jre\17.0.10-win32-x86_64\bin\zip.dll
Event: 0.308 Loaded shared library C:\Users\papth\.vscode\extensions\redhat.java-1.28.1-win32-x64\jre\17.0.10-win32-x86_64\bin\instrument.dll
Event: 0.330 Loaded shared library C:\Users\papth\.vscode\extensions\redhat.java-1.28.1-win32-x64\jre\17.0.10-win32-x86_64\bin\net.dll
Event: 0.333 Loaded shared library C:\Users\papth\.vscode\extensions\redhat.java-1.28.1-win32-x64\jre\17.0.10-win32-x86_64\bin\nio.dll
Event: 0.392 Loaded shared library C:\Users\papth\.vscode\extensions\redhat.java-1.28.1-win32-x64\jre\17.0.10-win32-x86_64\bin\zip.dll
Event: 0.419 Loaded shared library C:\Users\papth\.vscode\extensions\redhat.java-1.28.1-win32-x64\jre\17.0.10-win32-x86_64\bin\jimage.dll
Event: 0.594 Loaded shared library c:\Users\papth\.vscode\extensions\redhat.java-1.28.1-win32-x64\jre\17.0.10-win32-x86_64\bin\verify.dll

Deoptimization events (14 events):
Event: 0.785 Thread 0x000002a3a5160dc0 DEOPT PACKING pc=0x000002a3a7e0c000 sp=0x000000be6d1f9360
Event: 0.785 Thread 0x000002a3a5160dc0 DEOPT UNPACKING pc=0x000002a3af376e43 sp=0x000000be6d1f8820 mode 0
Event: 0.799 Thread 0x000002a3a5160dc0 DEOPT PACKING pc=0x000002a3a7e35a56 sp=0x000000be6d1fe470
Event: 0.799 Thread 0x000002a3a5160dc0 DEOPT UNPACKING pc=0x000002a3af376e43 sp=0x000000be6d1fd910 mode 0
Event: 0.801 Thread 0x000002a3a5160dc0 DEOPT PACKING pc=0x000002a3a7e0c000 sp=0x000000be6d1fcda0
Event: 0.801 Thread 0x000002a3a5160dc0 DEOPT UNPACKING pc=0x000002a3af376e43 sp=0x000000be6d1fc260 mode 0
Event: 0.803 Thread 0x000002a3a5160dc0 DEOPT PACKING pc=0x000002a3a7e0c000 sp=0x000000be6d1fb670
Event: 0.803 Thread 0x000002a3a5160dc0 DEOPT UNPACKING pc=0x000002a3af376e43 sp=0x000000be6d1fab30 mode 0
Event: 0.812 Thread 0x000002a3a5160dc0 DEOPT PACKING pc=0x000002a3a7e0c000 sp=0x000000be6d1fb100
Event: 0.812 Thread 0x000002a3a5160dc0 DEOPT UNPACKING pc=0x000002a3af376e43 sp=0x000000be6d1fa5c0 mode 0
Event: 0.813 Thread 0x000002a3a5160dc0 DEOPT PACKING pc=0x000002a3a7e0c000 sp=0x000000be6d1fa9b0
Event: 0.813 Thread 0x000002a3a5160dc0 DEOPT UNPACKING pc=0x000002a3af376e43 sp=0x000000be6d1f9e70 mode 0
Event: 0.814 Thread 0x000002a3a5160dc0 DEOPT PACKING pc=0x000002a3a7e0c000 sp=0x000000be6d1fb390
Event: 0.814 Thread 0x000002a3a5160dc0 DEOPT UNPACKING pc=0x000002a3af376e43 sp=0x000000be6d1fa850 mode 0

Classes unloaded (0 events):
No events

Classes redefined (0 events):
No events

Internal exceptions (2 events):
Event: 0.266 Thread 0x000002a3a5160dc0 Exception <a 'java/lang/NoSuchMethodError'{0x00000000eacba2c8}: 'void java.lang.invoke.DirectMethodHandle$Holder.invokeStatic(java.lang.Object, java.lang.Object, java.lang.Object)'> (0x00000000eacba2c8) 
thrown [s\src\hotspot\share\interpreter\linkResolver.cpp, line 759]
Event: 0.653 Thread 0x000002a3a5160dc0 Exception <a 'java/lang/reflect/InvocationTargetException'{0x00000000eafeb9d8}> (0x00000000eafeb9d8) 
thrown [s\src\hotspot\share\runtime\reflection.cpp, line 1121]

VM Operations (4 events):
Event: 0.272 Executing VM operation: HandshakeAllThreads
Event: 0.272 Executing VM operation: HandshakeAllThreads done
Event: 0.465 Executing VM operation: HandshakeAllThreads
Event: 0.465 Executing VM operation: HandshakeAllThreads done

Events (20 events):
Event: 0.879 loading class java/util/TreeMap
Event: 0.879 loading class java/util/NavigableMap
Event: 0.879 loading class java/util/SortedMap
Event: 0.880 loading class java/util/SortedMap done
Event: 0.880 loading class java/util/NavigableMap done
Event: 0.880 loading class java/util/TreeMap done
Event: 0.880 loading class java/util/Collections$SynchronizedMap
Event: 0.880 loading class java/util/Collections$SynchronizedMap done
Event: 0.880 loading class sun/security/x509/Extension
Event: 0.881 loading class java/security/cert/Extension
Event: 0.881 loading class java/security/cert/Extension done
Event: 0.881 loading class sun/security/x509/Extension done
Event: 0.881 loading class sun/security/x509/OIDMap
Event: 0.881 loading class sun/security/x509/OIDMap done
Event: 0.881 loading class sun/security/x509/PKIXExtensions
Event: 0.881 loading class sun/security/x509/PKIXExtensions done
Event: 0.882 loading class sun/security/x509/OIDMap$OIDInfo
Event: 0.882 loading class sun/security/x509/OIDMap$OIDInfo done
Event: 0.882 loading class sun/security/x509/BasicConstraintsExtension
Event: 0.882 loading class sun/security/x509/BasicConstraintsExtension done


Dynamic libraries:
0x00007ff62db30000 - 0x00007ff62db3e000 	c:\Users\papth\.vscode\extensions\redhat.java-1.28.1-win32-x64\jre\17.0.10-win32-x86_64\bin\java.exe
0x00007ff961770000 - 0x00007ff961987000 	C:\WINDOWS\SYSTEM32\ntdll.dll
0x00007ff960660000 - 0x00007ff960724000 	C:\WINDOWS\System32\KERNEL32.DLL
0x00007ff95eab0000 - 0x00007ff95ee56000 	C:\WINDOWS\System32\KERNELBASE.dll
0x00007ff95f280000 - 0x00007ff95f391000 	C:\WINDOWS\System32\ucrtbase.dll
0x00007ff924ca0000 - 0x00007ff924cb7000 	c:\Users\papth\.vscode\extensions\redhat.java-1.28.1-win32-x64\jre\17.0.10-win32-x86_64\bin\jli.dll
0x00007ff9608f0000 - 0x00007ff960a9e000 	C:\WINDOWS\System32\USER32.dll
0x00007ff95ee60000 - 0x00007ff95ee86000 	C:\WINDOWS\System32\win32u.dll
0x00007ff95fef0000 - 0x00007ff95ff19000 	C:\WINDOWS\System32\GDI32.dll
0x00007ff95f3a0000 - 0x00007ff95f4b8000 	C:\WINDOWS\System32\gdi32full.dll
0x00007ff95ef80000 - 0x00007ff95f01a000 	C:\WINDOWS\System32\msvcp_win.dll
0x00007ff924220000 - 0x00007ff92423b000 	c:\Users\papth\.vscode\extensions\redhat.java-1.28.1-win32-x64\jre\17.0.10-win32-x86_64\bin\VCRUNTIME140.dll
0x00007ff947ac0000 - 0x00007ff947d53000 	C:\WINDOWS\WinSxS\amd64_microsoft.windows.common-controls_6595b64144ccf1df_6.0.22621.2506_none_270c5ae97388e100\COMCTL32.dll
0x00007ff9605a0000 - 0x00007ff960647000 	C:\WINDOWS\System32\msvcrt.dll
0x00007ff95ff20000 - 0x00007ff95ff51000 	C:\WINDOWS\System32\IMM32.DLL
0x00007ff930fe0000 - 0x00007ff930fec000 	c:\Users\papth\.vscode\extensions\redhat.java-1.28.1-win32-x64\jre\17.0.10-win32-x86_64\bin\vcruntime140_1.dll
0x00007ff9157c0000 - 0x00007ff91584d000 	c:\Users\papth\.vscode\extensions\redhat.java-1.28.1-win32-x64\jre\17.0.10-win32-x86_64\bin\msvcp140.dll
0x00007ff902410000 - 0x00007ff903072000 	c:\Users\papth\.vscode\extensions\redhat.java-1.28.1-win32-x64\jre\17.0.10-win32-x86_64\bin\server\jvm.dll
0x00007ff95fd80000 - 0x00007ff95fe33000 	C:\WINDOWS\System32\ADVAPI32.dll
0x00007ff961300000 - 0x00007ff9613a8000 	C:\WINDOWS\System32\sechost.dll
0x00007ff95f250000 - 0x00007ff95f278000 	C:\WINDOWS\System32\bcrypt.dll
0x00007ff961420000 - 0x00007ff961537000 	C:\WINDOWS\System32\RPCRT4.dll
0x00007ff95d900000 - 0x00007ff95d94d000 	C:\WINDOWS\SYSTEM32\POWRPROF.dll
0x00007ff930c80000 - 0x00007ff930c89000 	C:\WINDOWS\SYSTEM32\WSOCK32.dll
0x00007ff95ff70000 - 0x00007ff95ffe1000 	C:\WINDOWS\System32\WS2_32.dll
0x00007ff957300000 - 0x00007ff957334000 	C:\WINDOWS\SYSTEM32\WINMM.dll
0x00007ff9542c0000 - 0x00007ff9542ca000 	C:\WINDOWS\SYSTEM32\VERSION.dll
0x00007ff95d8e0000 - 0x00007ff95d8f3000 	C:\WINDOWS\SYSTEM32\UMPDC.dll
0x00007ff95dba0000 - 0x00007ff95dbb8000 	C:\WINDOWS\SYSTEM32\kernel.appcore.dll
0x00007ff9305d0000 - 0x00007ff9305da000 	c:\Users\papth\.vscode\extensions\redhat.java-1.28.1-win32-x64\jre\17.0.10-win32-x86_64\bin\jimage.dll
0x00007ff95c3a0000 - 0x00007ff95c5d3000 	C:\WINDOWS\SYSTEM32\DBGHELP.DLL
0x00007ff9600b0000 - 0x00007ff960439000 	C:\WINDOWS\System32\combase.dll
0x00007ff9615c0000 - 0x00007ff961697000 	C:\WINDOWS\System32\OLEAUT32.dll
0x00007ff94f400000 - 0x00007ff94f432000 	C:\WINDOWS\SYSTEM32\dbgcore.DLL
0x00007ff95ee90000 - 0x00007ff95ef0a000 	C:\WINDOWS\System32\bcryptPrimitives.dll
0x00007ff92b5f0000 - 0x00007ff92b5fe000 	c:\Users\papth\.vscode\extensions\redhat.java-1.28.1-win32-x64\jre\17.0.10-win32-x86_64\bin\instrument.dll
0x00007ff91d440000 - 0x00007ff91d465000 	c:\Users\papth\.vscode\extensions\redhat.java-1.28.1-win32-x64\jre\17.0.10-win32-x86_64\bin\java.dll
0x00007ff922a40000 - 0x00007ff922a58000 	c:\Users\papth\.vscode\extensions\redhat.java-1.28.1-win32-x64\jre\17.0.10-win32-x86_64\bin\zip.dll
0x00007ff960aa0000 - 0x00007ff9612fb000 	C:\WINDOWS\System32\SHELL32.dll
0x00007ff95c9c0000 - 0x00007ff95d2b6000 	C:\WINDOWS\SYSTEM32\windows.storage.dll
0x00007ff95c880000 - 0x00007ff95c9be000 	C:\WINDOWS\SYSTEM32\wintypes.dll
0x00007ff95f4c0000 - 0x00007ff95f5b3000 	C:\WINDOWS\System32\SHCORE.dll
0x00007ff961540000 - 0x00007ff96159e000 	C:\WINDOWS\System32\shlwapi.dll
0x00007ff95e9e0000 - 0x00007ff95ea06000 	C:\WINDOWS\SYSTEM32\profapi.dll
0x00007ff922770000 - 0x00007ff922789000 	C:\Users\papth\.vscode\extensions\redhat.java-1.28.1-win32-x64\jre\17.0.10-win32-x86_64\bin\net.dll
0x00007ff957e70000 - 0x00007ff957fa7000 	C:\WINDOWS\SYSTEM32\WINHTTP.dll
0x00007ff95e040000 - 0x00007ff95e0a9000 	C:\WINDOWS\system32\mswsock.dll
0x00007ff91d3f0000 - 0x00007ff91d406000 	C:\Users\papth\.vscode\extensions\redhat.java-1.28.1-win32-x64\jre\17.0.10-win32-x86_64\bin\nio.dll
0x00007ff928b50000 - 0x00007ff928b60000 	c:\Users\papth\.vscode\extensions\redhat.java-1.28.1-win32-x64\jre\17.0.10-win32-x86_64\bin\verify.dll

dbghelp: loaded successfully - version: 4.0.5 - missing functions: none
symbol engine: initialized successfully - sym options: 0x614 - pdb path: .;c:\Users\papth\.vscode\extensions\redhat.java-1.28.1-win32-x64\jre\17.0.10-win32-x86_64\bin;C:\WINDOWS\SYSTEM32;C:\WINDOWS\WinSxS\amd64_microsoft.windows.common-controls_6595b64144ccf1df_6.0.22621.2506_none_270c5ae97388e100;c:\Users\papth\.vscode\extensions\redhat.java-1.28.1-win32-x64\jre\17.0.10-win32-x86_64\bin\server

VM Arguments:
jvm_args: --add-modules=ALL-SYSTEM --add-opens=java.base/java.util=ALL-UNNAMED --add-opens=java.base/java.lang=ALL-UNNAMED --add-opens=java.base/sun.nio.fs=ALL-UNNAMED -Declipse.application=org.eclipse.jdt.ls.core.id1 -Dosgi.bundles.defaultStartLevel=4 -Declipse.product=org.eclipse.jdt.ls.core.product -Djava.import.generatesMetadataFilesAtProjectRoot=false -DDetectVMInstallationsJob.disabled=true -Dfile.encoding=utf8 -XX:+UseParallelGC -XX:GCTimeRatio=4 -XX:AdaptiveSizePolicyWeight=90 -Dsun.zip.disableMemoryMapping=true -Xmx1G -Xms100m -Xlog:disable -javaagent:c:\Users\papth\.vscode\extensions\redhat.java-1.28.1-win32-x64\lombok\lombok-1.18.31.jar 
java_command: c:\Users\papth\.vscode\extensions\redhat.java-1.28.1-win32-x64\server\plugins\org.eclipse.equinox.launcher_1.6.700.v20231214-2017.jar -configuration c:\Users\papth\AppData\Roaming\Code\User\globalStorage\redhat.java\1.28.1\config_ss_win -data c:\Users\papth\AppData\Roaming\Code\User\workspaceStorage\fb0275111390ad12c1baf502f4576d5b\redhat.java\ss_ws --stdio
java_class_path (initial): c:\Users\papth\.vscode\extensions\redhat.java-1.28.1-win32-x64\server\plugins\org.eclipse.equinox.launcher_1.6.700.v20231214-2017.jar
Launcher Type: SUN_STANDARD

[Global flags]
    uintx AdaptiveSizePolicyWeight                 = 90                                        {product} {command line}
     intx CICompilerCount                          = 4                                         {product} {ergonomic}
    uintx GCTimeRatio                              = 4                                         {product} {command line}
   size_t InitialHeapSize                          = 104857600                                 {product} {command line}
   size_t MaxHeapSize                              = 1073741824                                {product} {command line}
   size_t MaxNewSize                               = 357564416                                 {product} {ergonomic}
   size_t MinHeapDeltaBytes                        = 524288                                    {product} {ergonomic}
   size_t MinHeapSize                              = 104857600                                 {product} {command line}
   size_t NewSize                                  = 34603008                                  {product} {ergonomic}
    uintx NonNMethodCodeHeapSize                   = 5839372                                {pd product} {ergonomic}
    uintx NonProfiledCodeHeapSize                  = 122909434                              {pd product} {ergonomic}
   size_t OldSize                                  = 70254592                                  {product} {ergonomic}
    uintx ProfiledCodeHeapSize                     = 122909434                              {pd product} {ergonomic}
    uintx ReservedCodeCacheSize                    = 251658240                              {pd product} {ergonomic}
     bool SegmentedCodeCache                       = true                                      {product} {ergonomic}
   size_t SoftMaxHeapSize                          = 1073741824                             {manageable} {ergonomic}
     bool UseCompressedClassPointers               = true                           {product lp64_product} {ergonomic}
     bool UseCompressedOops                        = true                           {product lp64_product} {ergonomic}
     bool UseLargePagesIndividualAllocation        = false                                  {pd product} {ergonomic}
     bool UseParallelGC                            = true                                      {product} {command line}

Logging:
Log output configuration:
 #0: stdout all=off uptime,level,tags
 #1: stderr all=off uptime,level,tags

Environment Variables:
JAVA_HOME=C:\LAB-TOOLS\JDK\jdk-17.0.6
PATH=C:\Python311\Scripts\;C:\Python311\;C:\LAB-TOOLS\JDK\jdk-17.0.6\bin;C:\Program Files\Microsoft\jdk-11.0.12.7-hotspot\bin;C:\Program Files\AdoptOpenJDK\jdk-11.0.9.101-hotspot\bin;C:\Program Files (x86)\Common Files\Oracle\Java\javapath;C:\windows\system32;C:\windows;C:\windows\System32\Wbem;C:\windows\System32\WindowsPowerShell\v1.0\;C:\windows\System32\OpenSSH\;C:\Program Files (x86)\NVIDIA Corporation\PhysX\Common;C:\Program Files\NVIDIA Corporation\NVIDIA NvDLISR;C:\Program Files (x86)\Wolfram Research\WolframScript\;C:\WINDOWS\system32;C:\WINDOWS;C:\WINDOWS\System32\Wbem;C:\WINDOWS\System32\WindowsPowerShell\v1.0\;C:\WINDOWS\System32\OpenSSH\;C:\Program Files\MATLAB\R2020a\runtime\win64;C:\Program Files\MATLAB\R2020a\bin;C:\Program Files\OpenVPN\bin;C:\Program Files\Git\cmd;C:\Program Files\Git\usr\bin;C:\Program Files\Microsoft SQL Server\150\Tools\Binn\;C:\Program Files\dotnet\;C:\MinGW\mingw32\bin;C:\WINDOWS\system32;C:\WINDOWS;C:\WINDOWS\System32\Wbem;C:\WINDOWS\System32\WindowsPowerShell\v1.0\;C:\Program Files\nodejs;C:\ProgramData\chocolatey\bin;C:\Program Files\Docker\Docker\resources\bin;C:\WINDOWS\System32\OpenSSH\;C:\Program Files\PowerShell\7-preview\preview;C:\Program Files\PowerShell\7\;C:\LAB-TOOLS\apache-maven-3.9.6-bin\apache-maven-3.9.6\bin;C:\Users\papth\scoop\shims;C:\dev\flutter\bin;C:\Users\papth\AppData\Local\Microsoft\WindowsApps;C:\Users\papth\AppData\Local\GitHubDesktop\bin;C:\Users\papth\AppData\Local\Microsoft\WindowsApps;C:\Users\papth\AppData\Local\atom\bin;C:\Users\papth\.dotnet\tools;C:\Users\papth\AppData\Roaming\npm;C:\dev\android-sdk\platform-tools;C:\Program Files\nodejs;C:\Users\papth\AppData\Local\Programs\Microsoft VS Code\bin;C:\Users\papth\AppData\Roaming\Python\Python311\Scripts;C:\Users\papth\AppData\Local\Google\Cloud SDK\google-cloud-sdk\bin
USERNAME=papth
OS=Windows_NT
PROCESSOR_IDENTIFIER=Intel64 Family 6 Model 142 Stepping 12, GenuineIntel
TMP=C:\Users\papth\AppData\Local\Temp
TEMP=C:\Users\papth\AppData\Local\Temp



Periodic native trim disabled


---------------  S Y S T E M  ---------------

OS:
 Windows 11 , 64 bit Build 22621 (10.0.22621.3085)
OS uptime: 0 days 5:11 hours
Hyper-V role detected

CPU: total 8 (initial active 8) (4 cores per cpu, 2 threads per core) family 6 model 142 stepping 12 microcode 0xde, cx8, cmov, fxsr, ht, mmx, 3dnowpref, sse, sse2, sse3, ssse3, sse4.1, sse4.2, popcnt, lzcnt, tsc, tscinvbit, avx, avx2, aes, erms, clmul, bmi1, bmi2, adx, fma, vzeroupper, clflush, clflushopt, hv
Processor Information for all 8 processors :
  Max Mhz: 2304, Current Mhz: 1803, Mhz Limit: 1797

Memory: 4k page, system-wide physical 16187M (3908M free)
TotalPageFile size 16187M (AvailPageFile size 31M)
current process WorkingSet (physical memory assigned to process): 46M, peak: 46M
current process commit charge ("private bytes"): 189M, peak: 189M

vm_info: OpenJDK 64-Bit Server VM (17.0.10+7) for windows-amd64 JRE (17.0.10+7), built on Jan 16 2024 23:25:11 by "admin" with MS VC++ 16.10 / 16.11 (VS2019)

END.
