#
# There is insufficient memory for the Java Runtime Environment to continue.
# Native memory allocation (mmap) failed to map 65536 bytes for Failed to commit metaspace.
# Possible reasons:
#   The system is out of physical RAM or swap space
#   The process is running with CompressedOops enabled, and the Java Heap may be blocking the growth of the native heap
# Possible solutions:
#   Reduce memory load on the system
#   Increase physical memory or swap space
#   Check if swap backing store is full
#   Decrease Java heap size (-Xmx/-Xms)
#   Decrease number of Java threads
#   Decrease Java thread stack sizes (-Xss)
#   Set larger code cache with -XX:ReservedCodeCacheSize=
#   JVM is running with Unscaled Compressed Oops mode in which the Java heap is
#     placed in the first 4GB address space. The Java Heap base address is the
#     maximum limit for the native heap growth. Please use -XX:HeapBaseMinAddress
#     to set the Java Heap base and to place the Java Heap above 4GB virtual address.
# This output file may be truncated or incomplete.
#
#  Out of Memory Error (virtualSpaceNode.cpp:110), pid=22704, tid=19128
#
# JRE version: OpenJDK Runtime Environment Temurin-17.0.10+7 (17.0.10+7) (build 17.0.10+7)
# Java VM: OpenJDK 64-Bit Server VM Temurin-17.0.10+7 (17.0.10+7, mixed mode, tiered, compressed oops, compressed class ptrs, parallel gc, windows-amd64)
# No core dump will be written. Minidumps are not enabled by default on client versions of Windows
#

---------------  S U M M A R Y ------------

Command Line: --add-modules=ALL-SYSTEM --add-opens=java.base/java.util=ALL-UNNAMED --add-opens=java.base/java.lang=ALL-UNNAMED --add-opens=java.base/sun.nio.fs=ALL-UNNAMED -Declipse.application=org.eclipse.jdt.ls.core.id1 -Dosgi.bundles.defaultStartLevel=4 -Declipse.product=org.eclipse.jdt.ls.core.product -Djava.import.generatesMetadataFilesAtProjectRoot=false -DDetectVMInstallationsJob.disabled=true -Dfile.encoding=utf8 -XX:+UseParallelGC -XX:GCTimeRatio=4 -XX:AdaptiveSizePolicyWeight=90 -Dsun.zip.disableMemoryMapping=true -Xmx1G -Xms100m -Xlog:disable -javaagent:c:\Users\papth\.vscode\extensions\redhat.java-1.28.1-win32-x64\lombok\lombok-1.18.31.jar -XX:+HeapDumpOnOutOfMemoryError -XX:HeapDumpPath=c:\Users\papth\AppData\Roaming\Code\User\workspaceStorage\fb0275111390ad12c1baf502f4576d5b\redhat.java -Daether.dependencyCollector.impl=bf c:\Users\papth\.vscode\extensions\redhat.java-1.28.1-win32-x64\server\plugins\org.eclipse.equinox.launcher_1.6.700.v20231214-2017.jar -configuration c:\Users\papth\AppData\Roaming\Code\User\globalStorage\redhat.java\1.28.1\config_win -data c:\Users\papth\AppData\Roaming\Code\User\workspaceStorage\fb0275111390ad12c1baf502f4576d5b\redhat.java\jdt_ws --stdio

Host: Intel(R) Core(TM) i7-10510U CPU @ 1.80GHz, 8 cores, 15G,  Windows 11 , 64 bit Build 22621 (10.0.22621.3085)
Time: Mon Mar  4 18:20:41 2024  Windows 11 , 64 bit Build 22621 (10.0.22621.3085) elapsed time: 0.186484 seconds (0d 0h 0m 0s)

---------------  T H R E A D  ---------------

Current thread (0x0000023fef782fa0):  JavaThread "main" [_thread_in_vm, id=19128, stack(0x0000004448f00000,0x0000004449000000)]

Stack: [0x0000004448f00000,0x0000004449000000]
Native frames: (J=compiled Java code, j=interpreted, Vv=VM code, C=native code)
V  [jvm.dll+0x67d2c9]
V  [jvm.dll+0x834afa]
V  [jvm.dll+0x8365be]
V  [jvm.dll+0x836c23]
V  [jvm.dll+0x2477ff]
V  [jvm.dll+0x8307bb]
V  [jvm.dll+0x621d16]
V  [jvm.dll+0x621d7a]
V  [jvm.dll+0x6245aa]
V  [jvm.dll+0x6226b6]
V  [jvm.dll+0x23d160]
V  [jvm.dll+0x1ec25b]
V  [jvm.dll+0x1e1c01]
V  [jvm.dll+0x5427ce]
V  [jvm.dll+0x1f2647]
V  [jvm.dll+0x7adf9b]
V  [jvm.dll+0x7af36c]
V  [jvm.dll+0x7af6b8]
V  [jvm.dll+0x23face]
V  [jvm.dll+0x38442b]
C  0x0000023f8753f41f

The last pc belongs to ldc_w (printed below).
Java frames: (J=compiled Java code, j=interpreted, Vv=VM code)
j  java.lang.invoke.DirectMethodHandle.shouldBeInitialized(Ljava/lang/invoke/MemberName;)Z+73 java.base@17.0.10
j  java.lang.invoke.DirectMethodHandle.preparedLambdaForm(Ljava/lang/invoke/MemberName;Z)Ljava/lang/invoke/LambdaForm;+131 java.base@17.0.10
j  java.lang.invoke.DirectMethodHandle.preparedLambdaForm(Ljava/lang/invoke/MemberName;)Ljava/lang/invoke/LambdaForm;+2 java.base@17.0.10
j  java.lang.invoke.DirectMethodHandle.make(BLjava/lang/Class;Ljava/lang/invoke/MemberName;Ljava/lang/Class;)Ljava/lang/invoke/DirectMethodHandle;+163 java.base@17.0.10
j  java.lang.invoke.MethodHandles$Lookup.getDirectMethodCommon(BLjava/lang/Class;Ljava/lang/invoke/MemberName;ZZLjava/lang/invoke/MethodHandles$Lookup;)Ljava/lang/invoke/MethodHandle;+210 java.base@17.0.10
j  java.lang.invoke.MethodHandles$Lookup.getDirectMethodNoSecurityManager(BLjava/lang/Class;Ljava/lang/invoke/MemberName;Ljava/lang/invoke/MethodHandles$Lookup;)Ljava/lang/invoke/MethodHandle;+14 java.base@17.0.10
j  java.lang.invoke.MethodHandles$Lookup.getDirectMethodForConstant(BLjava/lang/Class;Ljava/lang/invoke/MemberName;)Ljava/lang/invoke/MethodHandle;+31 java.base@17.0.10
j  java.lang.invoke.MethodHandles$Lookup.linkMethodHandleConstant(BLjava/lang/Class;Ljava/lang/String;Ljava/lang/Object;)Ljava/lang/invoke/MethodHandle;+152 java.base@17.0.10
j  java.lang.invoke.MethodHandleNatives.linkMethodHandleConstant(Ljava/lang/Class;ILjava/lang/Class;Ljava/lang/String;Ljava/lang/Object;)Ljava/lang/invoke/MethodHandle;+38 java.base@17.0.10
v  ~StubRoutines::call_stub
j  jdk.internal.module.DefaultRoots.compute(Ljava/lang/module/ModuleFinder;Ljava/lang/module/ModuleFinder;)Ljava/util/Set;+11 java.base@17.0.10
j  jdk.internal.module.ModuleBootstrap.boot2()Ljava/lang/ModuleLayer;+727 java.base@17.0.10
j  jdk.internal.module.ModuleBootstrap.boot()Ljava/lang/ModuleLayer;+64 java.base@17.0.10
j  java.lang.System.initPhase2(ZZ)I+0 java.base@17.0.10
v  ~StubRoutines::call_stub
ldc_w  19 ldc_w  [0x0000023f8753f360, 0x0000023f8753f640]  736 bytes
[MachCode]
  0x0000023f8753f360: 4883 ec08 | c5fa 1104 | 24eb 1f48 | 83ec 10c5 | fb11 0424 | eb14 4883 | ec10 4889 | 0424 48c7 
  0x0000023f8753f380: 4424 0800 | 0000 00eb | 0150 410f | b75d 010f | cbc1 eb10 | 488b 4de8 | 488b 4908 | 488b 4908 
  0x0000023f8753f3a0: 488b 4108 | 0fb6 5418 | 0483 fa64 | 740e 83fa | 6774 0983 | fa07 0f85 | bf00 0000 | ba01 0000 
  0x0000023f8753f3c0: 00e8 0500 | 0000 e9aa | 0000 0048 | 8d44 2408 | 4c89 6dc0 | 498b cfc5 | f877 4989 | afa8 0200 
  0x0000023f8753f3e0: 0049 8987 | 9802 0000 | 4883 ec20 | f7c4 0f00 | 0000 0f84 | 1a00 0000 | 4883 ec08 | 49ba 2043 
  0x0000023f8753f400: 7902 f97f | 0000 41ff | d248 83c4 | 08e9 0d00 | 0000 49ba | 2043 7902 | f97f 0000 | 41ff d248 
  0x0000023f8753f420: 83c4 2049 | c787 9802 | 0000 0000 | 0000 49c7 | 87a8 0200 | 0000 0000 | 0049 c787 | a002 0000 
  0x0000023f8753f440: 0000 0000 | c5f8 7749 | 817f 0800 | 0000 000f | 8405 0000 | 00e9 a61a | ffff 498b | 87f0 0200 
  0x0000023f8753f460: 0049 c787 | f002 0000 | 0000 0000 | 4c8b 6dc0 | 4c8b 75c8 | c350 e997 | 0100 0083 | fa04 7514 
  0x0000023f8753f480: c5fa 1044 | d948 4883 | ec08 c5fa | 1104 24e9 | 7e01 0000 | 83fa 0375 | 0a8b 44d9 | 4850 e96f 
  0x0000023f8753f4a0: 0100 00ba | 1300 0000 | e805 0000 | 00e9 aa00 | 0000 488d | 4424 084c | 896d c049 | 8bcf c5f8 
  0x0000023f8753f4c0: 7749 89af | a802 0000 | 4989 8798 | 0200 0048 | 83ec 20f7 | c40f 0000 | 000f 841a | 0000 0048 
  0x0000023f8753f4e0: 83ec 0849 | ba00 6879 | 02f9 7f00 | 0041 ffd2 | 4883 c408 | e90d 0000 | 0049 ba00 | 6879 02f9 
  0x0000023f8753f500: 7f00 0041 | ffd2 4883 | c420 49c7 | 8798 0200 | 0000 0000 | 0049 c787 | a802 0000 | 0000 0000 
  0x0000023f8753f520: 49c7 87a0 | 0200 0000 | 0000 00c5 | f877 4981 | 7f08 0000 | 0000 0f84 | 0500 0000 | e9bf 19ff 
  0x0000023f8753f540: ff49 8b87 | f002 0000 | 49c7 87f0 | 0200 0000 | 0000 004c | 8b6d c04c | 8b75 c8c3 | 498b 8ff8 
  0x0000023f8753f560: 0200 0049 | c787 f802 | 0000 0000 | 0000 8bd9 | 81e3 ffff | 0000 c1e9 | 1c83 e10f | 83f9 040f 
  0x0000023f8753f580: 8509 0000 | 008b 0418 | 50e9 8400 | 0000 83f9 | 060f 8513 | 0000 00c5 | fa10 0418 | 4883 ec08 
  0x0000023f8753f5a0: c5fa 1104 | 24e9 6800 | 0000 83f9 | 030f 850a | 0000 000f | bf04 1850 | e955 0000 | 0083 f900 
  0x0000023f8753f5c0: 0f85 0a00 | 0000 0fbe | 0418 50e9 | 4200 0000 | 83f9 020f | 850a 0000 | 000f b704 | 1850 e92f 
  0x0000023f8753f5e0: 0000 0083 | f901 0f85 | 0a00 0000 | 0fbe 0418 | 50e9 1c00 | 0000 48b9 | d068 dd02 | f97f 0000 
  0x0000023f8753f600: 4883 e4f0 | 49ba 602d | 9c02 f97f | 0000 41ff | d2f4 410f | b65d 0349 | 83c5 0349 | ba90 a9fb 
  0x0000023f8753f620: 02f9 7f00 | 0041 ff24 | da0f 1f80 | 0000 0000 | 0000 0000 | 0000 0000 | 0000 0000 | 0000 0000 
[/MachCode]

---------------  P R O C E S S  ---------------

Threads class SMR info:
_java_thread_list=0x0000023ff96ee190, length=10, elements={
0x0000023fef782fa0, 0x0000023ff4604020, 0x0000023ff46062a0, 0x0000023ff460e2b0,
0x0000023ff96ec010, 0x0000023ff96ed180, 0x0000023ff96f3d60, 0x0000023ff96f5890,
0x0000023ff975a510, 0x0000023ff9770b30
}

Java Threads: ( => current thread )
=>0x0000023fef782fa0 JavaThread "main" [_thread_in_vm, id=19128, stack(0x0000004448f00000,0x0000004449000000)]
  0x0000023ff4604020 JavaThread "Reference Handler" daemon [_thread_blocked, id=11500, stack(0x0000004449200000,0x0000004449300000)]
  0x0000023ff46062a0 JavaThread "Finalizer" daemon [_thread_blocked, id=22804, stack(0x0000004449300000,0x0000004449400000)]
  0x0000023ff460e2b0 JavaThread "Signal Dispatcher" daemon [_thread_blocked, id=9976, stack(0x0000004449400000,0x0000004449500000)]
  0x0000023ff96ec010 JavaThread "Attach Listener" daemon [_thread_blocked, id=2580, stack(0x0000004449500000,0x0000004449600000)]
  0x0000023ff96ed180 JavaThread "Service Thread" daemon [_thread_blocked, id=13116, stack(0x0000004449600000,0x0000004449700000)]
  0x0000023ff96f3d60 JavaThread "Monitor Deflation Thread" daemon [_thread_blocked, id=20096, stack(0x0000004449700000,0x0000004449800000)]
  0x0000023ff96f5890 JavaThread "C2 CompilerThread0" daemon [_thread_blocked, id=2780, stack(0x0000004449800000,0x0000004449900000)]
  0x0000023ff975a510 JavaThread "C1 CompilerThread0" daemon [_thread_blocked, id=13448, stack(0x0000004449900000,0x0000004449a00000)]
  0x0000023ff9770b30 JavaThread "Sweeper thread" daemon [_thread_blocked, id=15756, stack(0x0000004449a00000,0x0000004449b00000)]

Other Threads:
  0x0000023fef80cee0 VMThread "VM Thread" [stack: 0x0000004449100000,0x0000004449200000] [id=12620]
  0x0000023fef79a3a0 GCTaskThread "GC Thread#0" [stack: 0x0000004449000000,0x0000004449100000] [id=17272]

Threads with active compile tasks:

VM state: not at safepoint (normal execution)

VM Mutex/Monitor currently owned by a thread:  ([mutex/lock_event])
[0x0000023fed550930] Metaspace_lock - owner thread: 0x0000023fef782fa0

Heap address: 0x00000000c0000000, size: 1024 MB, Compressed Oops mode: 32-bit

CDS archive(s) not mapped
Compressed class space mapped at: 0x0000000100000000-0x0000000140000000, reserved size: 1073741824
Narrow klass base: 0x0000000000000000, Narrow klass shift: 3, Narrow klass range: 0x140000000

GC Precious Log:
 CPUs: 8 total, 8 available
 Memory: 16187M
 Large Page Support: Disabled
 NUMA Support: Disabled
 Compressed Oops: Enabled (32-bit)
 Alignments: Space 512K, Generation 512K, Heap 2M
 Heap Min Capacity: 100M
 Heap Initial Capacity: 100M
 Heap Max Capacity: 1G
 Pre-touch: Disabled
 Parallel Workers: 8

Heap:
 PSYoungGen      total 29696K, used 1024K [0x00000000eab00000, 0x00000000ecc00000, 0x0000000100000000)
  eden space 25600K, 4% used [0x00000000eab00000,0x00000000eac00138,0x00000000ec400000)
  from space 4096K, 0% used [0x00000000ec800000,0x00000000ec800000,0x00000000ecc00000)
  to   space 4096K, 0% used [0x00000000ec400000,0x00000000ec400000,0x00000000ec800000)
 ParOldGen       total 68608K, used 0K [0x00000000c0000000, 0x00000000c4300000, 0x00000000eab00000)
  object space 68608K, 0% used [0x00000000c0000000,0x00000000c0000000,0x00000000c4300000)
 Metaspace       used 3301K, committed 3328K, reserved 1114112K
  class space    used 294K, committed 320K, reserved 1048576K

Card table byte_map: [0x0000023fef130000,0x0000023fef340000] _byte_map_base: 0x0000023feeb30000

Marking Bits: (ParMarkBitMap*) 0x00007ff902fad7d0
 Begin Bits: [0x0000023ff2410000, 0x0000023ff3410000)
 End Bits:   [0x0000023ff3410000, 0x0000023ff4410000)

Polling page: 0x0000023fed770000

Metaspace:

Usage:
  Non-class:      2.94 MB used.
      Class:    294.46 KB used.
       Both:      3.22 MB used.

Virtual space:
  Non-class space:       64.00 MB reserved,       2.94 MB (  5%) committed,  1 nodes.
      Class space:        1.00 GB reserved,     320.00 KB ( <1%) committed,  1 nodes.
             Both:        1.06 GB reserved,       3.25 MB ( <1%) committed. 

Chunk freelists:
   Non-Class:  12.00 MB
       Class:  15.62 MB
        Both:  27.62 MB

MaxMetaspaceSize: unlimited
CompressedClassSpaceSize: 1.00 GB
Initial GC threshold: 21.00 MB
Current GC threshold: 21.00 MB
CDS: off
MetaspaceReclaimPolicy: balanced
 - commit_granule_bytes: 65536.
 - commit_granule_words: 8192.
 - virtual_space_node_default_size: 8388608.
 - enlarge_chunks_in_place: 1.
 - new_chunks_are_fully_committed: 0.
 - uncommit_free_chunks: 1.
 - use_allocation_guard: 0.
 - handle_deallocations: 1.


Internal statistics:

num_allocs_failed_limit: 0.
num_arena_births: 2.
num_arena_deaths: 0.
num_vsnodes_births: 2.
num_vsnodes_deaths: 0.
num_space_committed: 52.
num_space_uncommitted: 0.
num_chunks_returned_to_freelist: 0.
num_chunks_taken_from_freelist: 4.
num_chunk_merges: 0.
num_chunk_splits: 2.
num_chunks_enlarged: 0.
num_inconsistent_stats: 0.

CodeHeap 'non-profiled nmethods': size=120000Kb used=4Kb max_used=4Kb free=119995Kb
 bounds [0x0000023f87ad0000, 0x0000023f87d40000, 0x0000023f8f000000]
CodeHeap 'profiled nmethods': size=120000Kb used=37Kb max_used=37Kb free=119962Kb
 bounds [0x0000023f80000000, 0x0000023f80270000, 0x0000023f87530000]
CodeHeap 'non-nmethods': size=5760Kb used=1040Kb max_used=1040Kb free=4719Kb
 bounds [0x0000023f87530000, 0x0000023f877a0000, 0x0000023f87ad0000]
 total_blobs=332 nmethods=32 adapters=215
 compilation: enabled
              stopped_count=0, restarted_count=0
 full_count=0

Compilation events (20 events):
Event: 0.154 Thread 0x0000023ff975a510 nmethod 23 0x0000023f80007290 code [0x0000023f80007420, 0x0000023f80007558]
Event: 0.154 Thread 0x0000023ff975a510   24       3       java.lang.String::length (11 bytes)
Event: 0.154 Thread 0x0000023ff975a510 nmethod 24 0x0000023f80007610 code [0x0000023f800077a0, 0x0000023f80007938]
Event: 0.154 Thread 0x0000023ff975a510   25       1       java.lang.module.ModuleDescriptor::name (5 bytes)
Event: 0.154 Thread 0x0000023ff975a510 nmethod 25 0x0000023f87ad0010 code [0x0000023f87ad01a0, 0x0000023f87ad0278]
Event: 0.154 Thread 0x0000023ff96f5890 nmethod 16 0x0000023f87ad0310 code [0x0000023f87ad0480, 0x0000023f87ad05d8]
Event: 0.154 Thread 0x0000023ff96f5890   17       4       java.lang.Object::<init> (1 bytes)
Event: 0.154 Thread 0x0000023ff975a510   26       1       java.lang.module.ModuleReference::descriptor (5 bytes)
Event: 0.154 Thread 0x0000023ff96f5890 nmethod 17 0x0000023f87ad0690 code [0x0000023f87ad0800, 0x0000023f87ad0878]
Event: 0.154 Thread 0x0000023ff975a510 nmethod 26 0x0000023f87ad0990 code [0x0000023f87ad0b20, 0x0000023f87ad0bf8]
Event: 0.154 Thread 0x0000023ff975a510   27       3       java.net.URI::hash (33 bytes)
Event: 0.155 Thread 0x0000023ff975a510 nmethod 27 0x0000023f80007a10 code [0x0000023f80007c00, 0x0000023f80008098]
Event: 0.166 Thread 0x0000023ff975a510   28       3       java.util.ImmutableCollections$SetN$SetNIterator::hasNext (13 bytes)
Event: 0.166 Thread 0x0000023ff975a510 nmethod 28 0x0000023f80008290 code [0x0000023f80008420, 0x0000023f80008598]
Event: 0.166 Thread 0x0000023ff975a510   29       3       java.util.concurrent.ConcurrentHashMap::tabAt (22 bytes)
Event: 0.166 Thread 0x0000023ff975a510 nmethod 29 0x0000023f80008610 code [0x0000023f800087c0, 0x0000023f80008a78]
Event: 0.166 Thread 0x0000023ff975a510   32       3       java.util.ImmutableCollections$SetN$SetNIterator::next (90 bytes)
Event: 0.166 Thread 0x0000023ff975a510 nmethod 32 0x0000023f80008b90 code [0x0000023f80008d40, 0x0000023f80009048]
Event: 0.166 Thread 0x0000023ff975a510   30       3       jdk.internal.misc.Unsafe::getReferenceAcquire (7 bytes)
Event: 0.166 Thread 0x0000023ff975a510 nmethod 30 0x0000023f80009190 code [0x0000023f80009320, 0x0000023f80009438]

GC Heap History (0 events):
No events

Dll operation events (1 events):
Event: 0.017 Loaded shared library c:\Users\papth\.vscode\extensions\redhat.java-1.28.1-win32-x64\jre\17.0.10-win32-x86_64\bin\java.dll

Deoptimization events (0 events):
No events

Classes unloaded (0 events):
No events

Classes redefined (0 events):
No events

Internal exceptions (0 events):
No events

VM Operations (0 events):
No events

Events (20 events):
Event: 0.179 loading class java/lang/invoke/MethodType$ConcurrentWeakInternSet done
Event: 0.179 loading class java/lang/Void
Event: 0.180 loading class java/lang/Void done
Event: 0.180 loading class java/lang/invoke/MethodTypeForm
Event: 0.180 loading class java/lang/invoke/MethodTypeForm done
Event: 0.180 loading class java/lang/invoke/MethodType$ConcurrentWeakInternSet$WeakEntry
Event: 0.180 loading class java/lang/invoke/MethodType$ConcurrentWeakInternSet$WeakEntry done
Event: 0.181 loading class sun/invoke/util/Wrapper
Event: 0.181 loading class sun/invoke/util/Wrapper done
Event: 0.181 loading class sun/invoke/util/Wrapper$Format
Event: 0.181 loading class sun/invoke/util/Wrapper$Format done
Event: 0.182 loading class java/lang/invoke/LambdaForm$NamedFunction
Event: 0.182 loading class java/lang/invoke/LambdaForm$NamedFunction done
Event: 0.182 loading class java/lang/invoke/DirectMethodHandle$Holder
Event: 0.182 loading class java/lang/invoke/DirectMethodHandle$Holder done
Event: 0.183 loading class sun/invoke/util/ValueConversions
Event: 0.183 loading class sun/invoke/util/ValueConversions done
Event: 0.183 loading class java/lang/invoke/MethodHandleImpl
Event: 0.184 loading class java/lang/invoke/MethodHandleImpl done
Event: 0.184 loading class java/lang/invoke/Invokers


Dynamic libraries:
0x00007ff62db30000 - 0x00007ff62db3e000 	c:\Users\papth\.vscode\extensions\redhat.java-1.28.1-win32-x64\jre\17.0.10-win32-x86_64\bin\java.exe
0x00007ff961770000 - 0x00007ff961987000 	C:\WINDOWS\SYSTEM32\ntdll.dll
0x00007ff960660000 - 0x00007ff960724000 	C:\WINDOWS\System32\KERNEL32.DLL
0x00007ff95eab0000 - 0x00007ff95ee56000 	C:\WINDOWS\System32\KERNELBASE.dll
0x00007ff95f280000 - 0x00007ff95f391000 	C:\WINDOWS\System32\ucrtbase.dll
0x00007ff924ca0000 - 0x00007ff924cb7000 	c:\Users\papth\.vscode\extensions\redhat.java-1.28.1-win32-x64\jre\17.0.10-win32-x86_64\bin\jli.dll
0x00007ff9608f0000 - 0x00007ff960a9e000 	C:\WINDOWS\System32\USER32.dll
0x00007ff95ee60000 - 0x00007ff95ee86000 	C:\WINDOWS\System32\win32u.dll
0x00007ff95fef0000 - 0x00007ff95ff19000 	C:\WINDOWS\System32\GDI32.dll
0x00007ff95f3a0000 - 0x00007ff95f4b8000 	C:\WINDOWS\System32\gdi32full.dll
0x00007ff95ef80000 - 0x00007ff95f01a000 	C:\WINDOWS\System32\msvcp_win.dll
0x00007ff924220000 - 0x00007ff92423b000 	c:\Users\papth\.vscode\extensions\redhat.java-1.28.1-win32-x64\jre\17.0.10-win32-x86_64\bin\VCRUNTIME140.dll
0x00007ff947ac0000 - 0x00007ff947d53000 	C:\WINDOWS\WinSxS\amd64_microsoft.windows.common-controls_6595b64144ccf1df_6.0.22621.2506_none_270c5ae97388e100\COMCTL32.dll
0x00007ff9605a0000 - 0x00007ff960647000 	C:\WINDOWS\System32\msvcrt.dll
0x00007ff95ff20000 - 0x00007ff95ff51000 	C:\WINDOWS\System32\IMM32.DLL
0x00007ff930fe0000 - 0x00007ff930fec000 	c:\Users\papth\.vscode\extensions\redhat.java-1.28.1-win32-x64\jre\17.0.10-win32-x86_64\bin\vcruntime140_1.dll
0x00007ff9157c0000 - 0x00007ff91584d000 	c:\Users\papth\.vscode\extensions\redhat.java-1.28.1-win32-x64\jre\17.0.10-win32-x86_64\bin\msvcp140.dll
0x00007ff902410000 - 0x00007ff903072000 	c:\Users\papth\.vscode\extensions\redhat.java-1.28.1-win32-x64\jre\17.0.10-win32-x86_64\bin\server\jvm.dll
0x00007ff95fd80000 - 0x00007ff95fe33000 	C:\WINDOWS\System32\ADVAPI32.dll
0x00007ff961300000 - 0x00007ff9613a8000 	C:\WINDOWS\System32\sechost.dll
0x00007ff95f250000 - 0x00007ff95f278000 	C:\WINDOWS\System32\bcrypt.dll
0x00007ff961420000 - 0x00007ff961537000 	C:\WINDOWS\System32\RPCRT4.dll
0x00007ff95d900000 - 0x00007ff95d94d000 	C:\WINDOWS\SYSTEM32\POWRPROF.dll
0x00007ff930c80000 - 0x00007ff930c89000 	C:\WINDOWS\SYSTEM32\WSOCK32.dll
0x00007ff95ff70000 - 0x00007ff95ffe1000 	C:\WINDOWS\System32\WS2_32.dll
0x00007ff957300000 - 0x00007ff957334000 	C:\WINDOWS\SYSTEM32\WINMM.dll
0x00007ff9542c0000 - 0x00007ff9542ca000 	C:\WINDOWS\SYSTEM32\VERSION.dll
0x00007ff95d8e0000 - 0x00007ff95d8f3000 	C:\WINDOWS\SYSTEM32\UMPDC.dll
0x00007ff95dba0000 - 0x00007ff95dbb8000 	C:\WINDOWS\SYSTEM32\kernel.appcore.dll
0x00007ff9305d0000 - 0x00007ff9305da000 	c:\Users\papth\.vscode\extensions\redhat.java-1.28.1-win32-x64\jre\17.0.10-win32-x86_64\bin\jimage.dll
0x00007ff95c3a0000 - 0x00007ff95c5d3000 	C:\WINDOWS\SYSTEM32\DBGHELP.DLL
0x00007ff9600b0000 - 0x00007ff960439000 	C:\WINDOWS\System32\combase.dll
0x00007ff9615c0000 - 0x00007ff961697000 	C:\WINDOWS\System32\OLEAUT32.dll
0x00007ff94f400000 - 0x00007ff94f432000 	C:\WINDOWS\SYSTEM32\dbgcore.DLL
0x00007ff95ee90000 - 0x00007ff95ef0a000 	C:\WINDOWS\System32\bcryptPrimitives.dll
0x00007ff92b5f0000 - 0x00007ff92b5fe000 	c:\Users\papth\.vscode\extensions\redhat.java-1.28.1-win32-x64\jre\17.0.10-win32-x86_64\bin\instrument.dll
0x00007ff91d440000 - 0x00007ff91d465000 	c:\Users\papth\.vscode\extensions\redhat.java-1.28.1-win32-x64\jre\17.0.10-win32-x86_64\bin\java.dll
0x00007ff922a40000 - 0x00007ff922a58000 	c:\Users\papth\.vscode\extensions\redhat.java-1.28.1-win32-x64\jre\17.0.10-win32-x86_64\bin\zip.dll
0x00007ff960aa0000 - 0x00007ff9612fb000 	C:\WINDOWS\System32\SHELL32.dll
0x00007ff95c9c0000 - 0x00007ff95d2b6000 	C:\WINDOWS\SYSTEM32\windows.storage.dll
0x00007ff95c880000 - 0x00007ff95c9be000 	C:\WINDOWS\SYSTEM32\wintypes.dll
0x00007ff95f4c0000 - 0x00007ff95f5b3000 	C:\WINDOWS\System32\SHCORE.dll
0x00007ff961540000 - 0x00007ff96159e000 	C:\WINDOWS\System32\shlwapi.dll
0x00007ff95e9e0000 - 0x00007ff95ea06000 	C:\WINDOWS\SYSTEM32\profapi.dll

dbghelp: loaded successfully - version: 4.0.5 - missing functions: none
symbol engine: initialized successfully - sym options: 0x614 - pdb path: .;c:\Users\papth\.vscode\extensions\redhat.java-1.28.1-win32-x64\jre\17.0.10-win32-x86_64\bin;C:\WINDOWS\SYSTEM32;C:\WINDOWS\WinSxS\amd64_microsoft.windows.common-controls_6595b64144ccf1df_6.0.22621.2506_none_270c5ae97388e100;c:\Users\papth\.vscode\extensions\redhat.java-1.28.1-win32-x64\jre\17.0.10-win32-x86_64\bin\server

VM Arguments:
jvm_args: --add-modules=ALL-SYSTEM --add-opens=java.base/java.util=ALL-UNNAMED --add-opens=java.base/java.lang=ALL-UNNAMED --add-opens=java.base/sun.nio.fs=ALL-UNNAMED -Declipse.application=org.eclipse.jdt.ls.core.id1 -Dosgi.bundles.defaultStartLevel=4 -Declipse.product=org.eclipse.jdt.ls.core.product -Djava.import.generatesMetadataFilesAtProjectRoot=false -DDetectVMInstallationsJob.disabled=true -Dfile.encoding=utf8 -XX:+UseParallelGC -XX:GCTimeRatio=4 -XX:AdaptiveSizePolicyWeight=90 -Dsun.zip.disableMemoryMapping=true -Xmx1G -Xms100m -Xlog:disable -javaagent:c:\Users\papth\.vscode\extensions\redhat.java-1.28.1-win32-x64\lombok\lombok-1.18.31.jar -XX:+HeapDumpOnOutOfMemoryError -XX:HeapDumpPath=c:\Users\papth\AppData\Roaming\Code\User\workspaceStorage\fb0275111390ad12c1baf502f4576d5b\redhat.java -Daether.dependencyCollector.impl=bf 
java_command: c:\Users\papth\.vscode\extensions\redhat.java-1.28.1-win32-x64\server\plugins\org.eclipse.equinox.launcher_1.6.700.v20231214-2017.jar -configuration c:\Users\papth\AppData\Roaming\Code\User\globalStorage\redhat.java\1.28.1\config_win -data c:\Users\papth\AppData\Roaming\Code\User\workspaceStorage\fb0275111390ad12c1baf502f4576d5b\redhat.java\jdt_ws --stdio
java_class_path (initial): c:\Users\papth\.vscode\extensions\redhat.java-1.28.1-win32-x64\server\plugins\org.eclipse.equinox.launcher_1.6.700.v20231214-2017.jar
Launcher Type: SUN_STANDARD

[Global flags]
    uintx AdaptiveSizePolicyWeight                 = 90                                        {product} {command line}
     intx CICompilerCount                          = 4                                         {product} {ergonomic}
    uintx GCTimeRatio                              = 4                                         {product} {command line}
     bool HeapDumpOnOutOfMemoryError               = true                                   {manageable} {command line}
    ccstr HeapDumpPath                             = c:\Users\papth\AppData\Roaming\Code\User\workspaceStorage\fb0275111390ad12c1baf502f4576d5b\redhat.java         {manageable} {command line}
   size_t InitialHeapSize                          = 104857600                                 {product} {command line}
   size_t MaxHeapSize                              = 1073741824                                {product} {command line}
   size_t MaxNewSize                               = 357564416                                 {product} {ergonomic}
   size_t MinHeapDeltaBytes                        = 524288                                    {product} {ergonomic}
   size_t MinHeapSize                              = 104857600                                 {product} {command line}
   size_t NewSize                                  = 34603008                                  {product} {ergonomic}
    uintx NonNMethodCodeHeapSize                   = 5839372                                {pd product} {ergonomic}
    uintx NonProfiledCodeHeapSize                  = 122909434                              {pd product} {ergonomic}
   size_t OldSize                                  = 70254592                                  {product} {ergonomic}
    uintx ProfiledCodeHeapSize                     = 122909434                              {pd product} {ergonomic}
    uintx ReservedCodeCacheSize                    = 251658240                              {pd product} {ergonomic}
     bool SegmentedCodeCache                       = true                                      {product} {ergonomic}
   size_t SoftMaxHeapSize                          = 1073741824                             {manageable} {ergonomic}
     bool UseCompressedClassPointers               = true                           {product lp64_product} {ergonomic}
     bool UseCompressedOops                        = true                           {product lp64_product} {ergonomic}
     bool UseLargePagesIndividualAllocation        = false                                  {pd product} {ergonomic}
     bool UseParallelGC                            = true                                      {product} {command line}

Logging:
Log output configuration:
 #0: stdout all=off uptime,level,tags
 #1: stderr all=off uptime,level,tags

Environment Variables:
JAVA_HOME=C:\LAB-TOOLS\JDK\jdk-17.0.6
PATH=C:\Python311\Scripts\;C:\Python311\;C:\LAB-TOOLS\JDK\jdk-17.0.6\bin;C:\Program Files\Microsoft\jdk-11.0.12.7-hotspot\bin;C:\Program Files\AdoptOpenJDK\jdk-11.0.9.101-hotspot\bin;C:\Program Files (x86)\Common Files\Oracle\Java\javapath;C:\windows\system32;C:\windows;C:\windows\System32\Wbem;C:\windows\System32\WindowsPowerShell\v1.0\;C:\windows\System32\OpenSSH\;C:\Program Files (x86)\NVIDIA Corporation\PhysX\Common;C:\Program Files\NVIDIA Corporation\NVIDIA NvDLISR;C:\Program Files (x86)\Wolfram Research\WolframScript\;C:\WINDOWS\system32;C:\WINDOWS;C:\WINDOWS\System32\Wbem;C:\WINDOWS\System32\WindowsPowerShell\v1.0\;C:\WINDOWS\System32\OpenSSH\;C:\Program Files\MATLAB\R2020a\runtime\win64;C:\Program Files\MATLAB\R2020a\bin;C:\Program Files\OpenVPN\bin;C:\Program Files\Git\cmd;C:\Program Files\Git\usr\bin;C:\Program Files\Microsoft SQL Server\150\Tools\Binn\;C:\Program Files\dotnet\;C:\MinGW\mingw32\bin;C:\WINDOWS\system32;C:\WINDOWS;C:\WINDOWS\System32\Wbem;C:\WINDOWS\System32\WindowsPowerShell\v1.0\;C:\Program Files\nodejs;C:\ProgramData\chocolatey\bin;C:\Program Files\Docker\Docker\resources\bin;C:\WINDOWS\System32\OpenSSH\;C:\Program Files\PowerShell\7-preview\preview;C:\Program Files\PowerShell\7\;C:\LAB-TOOLS\apache-maven-3.9.6-bin\apache-maven-3.9.6\bin;C:\Users\papth\scoop\shims;C:\dev\flutter\bin;C:\Users\papth\AppData\Local\Microsoft\WindowsApps;C:\Users\papth\AppData\Local\GitHubDesktop\bin;C:\Users\papth\AppData\Local\Microsoft\WindowsApps;C:\Users\papth\AppData\Local\atom\bin;C:\Users\papth\.dotnet\tools;C:\Users\papth\AppData\Roaming\npm;C:\dev\android-sdk\platform-tools;C:\Program Files\nodejs;C:\Users\papth\AppData\Local\Programs\Microsoft VS Code\bin;C:\Users\papth\AppData\Roaming\Python\Python311\Scripts;C:\Users\papth\AppData\Local\Google\Cloud SDK\google-cloud-sdk\bin
USERNAME=papth
OS=Windows_NT
PROCESSOR_IDENTIFIER=Intel64 Family 6 Model 142 Stepping 12, GenuineIntel
TMP=C:\Users\papth\AppData\Local\Temp
TEMP=C:\Users\papth\AppData\Local\Temp



Periodic native trim disabled


---------------  S Y S T E M  ---------------

OS:
 Windows 11 , 64 bit Build 22621 (10.0.22621.3085)
OS uptime: 0 days 5:11 hours
Hyper-V role detected

CPU: total 8 (initial active 8) (4 cores per cpu, 2 threads per core) family 6 model 142 stepping 12 microcode 0xde, cx8, cmov, fxsr, ht, mmx, 3dnowpref, sse, sse2, sse3, ssse3, sse4.1, sse4.2, popcnt, lzcnt, tsc, tscinvbit, avx, avx2, aes, erms, clmul, bmi1, bmi2, adx, fma, vzeroupper, clflush, clflushopt, hv
Processor Information for all 8 processors :
  Max Mhz: 2304, Current Mhz: 1803, Mhz Limit: 1797

Memory: 4k page, system-wide physical 16187M (3929M free)
TotalPageFile size 16187M (AvailPageFile size 214M)
current process WorkingSet (physical memory assigned to process): 26M, peak: 26M
current process commit charge ("private bytes"): 181M, peak: 181M

vm_info: OpenJDK 64-Bit Server VM (17.0.10+7) for windows-amd64 JRE (17.0.10+7), built on Jan 16 2024 23:25:11 by "admin" with MS VC++ 16.10 / 16.11 (VS2019)

END.
