#
# There is insufficient memory for the Java Runtime Environment to continue.
# Native memory allocation (malloc) failed to allocate 32784 bytes. Error detail: Chunk::new
# Possible reasons:
#   The system is out of physical RAM or swap space
#   This process is running with CompressedOops enabled, and the Java Heap may be blocking the growth of the native heap
# Possible solutions:
#   Reduce memory load on the system
#   Increase physical memory or swap space
#   Check if swap backing store is full
#   Decrease Java heap size (-Xmx/-Xms)
#   Decrease number of Java threads
#   Decrease Java thread stack sizes (-Xss)
#   Set larger code cache with -XX:ReservedCodeCacheSize=
#   JVM is running with Unscaled Compressed Oops mode in which the Java heap is
#     placed in the first 4GB address space. The Java Heap base address is the
#     maximum limit for the native heap growth. Please use -XX:HeapBaseMinAddress
#     to set the Java Heap base and to place the Java Heap above 4GB virtual address.
# This output file may be truncated or incomplete.
#
#  Out of Memory Error (arena.cpp:191), pid=16680, tid=22980
#
# JRE version: OpenJDK Runtime Environment Temurin-17.0.11+9 (17.0.11+9) (build 17.0.11+9)
# Java VM: OpenJDK 64-Bit Server VM Temurin-17.0.11+9 (17.0.11+9, mixed mode, tiered, compressed oops, compressed class ptrs, parallel gc, windows-amd64)
# No core dump will be written. Minidumps are not enabled by default on client versions of Windows
#

---------------  S U M M A R Y ------------

Command Line: --add-modules=ALL-SYSTEM --add-opens=java.base/java.util=ALL-UNNAMED --add-opens=java.base/java.lang=ALL-UNNAMED --add-opens=java.base/sun.nio.fs=ALL-UNNAMED -Declipse.application=org.eclipse.jdt.ls.core.id1 -Dosgi.bundles.defaultStartLevel=4 -Declipse.product=org.eclipse.jdt.ls.core.product -Djava.import.generatesMetadataFilesAtProjectRoot=false -DDetectVMInstallationsJob.disabled=true -Dfile.encoding=utf8 -XX:+UseParallelGC -XX:GCTimeRatio=4 -XX:AdaptiveSizePolicyWeight=90 -Dsun.zip.disableMemoryMapping=true -Xmx1G -Xms100m -Xlog:disable -javaagent:c:\Users\papth\.vscode\extensions\redhat.java-1.31.0-win32-x64\lombok\lombok-1.18.32.jar c:\Users\papth\.vscode\extensions\redhat.java-1.31.0-win32-x64\server\plugins\org.eclipse.equinox.launcher_1.6.800.v20240513-1750.jar -configuration c:\Users\papth\AppData\Roaming\Code\User\globalStorage\redhat.java\1.31.0\config_ss_win -data c:\Users\papth\AppData\Roaming\Code\User\workspaceStorage\fb0275111390ad12c1baf502f4576d5b\redhat.java\ss_ws --pipe=\\.\pipe\lsp-4f5b89aa4055fc37e12aacea39c369dd-sock

Host: Intel(R) Core(TM) i7-10510U CPU @ 1.80GHz, 8 cores, 15G,  Windows 11 , 64 bit Build 22621 (10.0.22621.3527)
Time: Sat Jun  1 19:30:49 2024  Windows 11 , 64 bit Build 22621 (10.0.22621.3527) elapsed time: 1.260536 seconds (0d 0h 0m 1s)

---------------  T H R E A D  ---------------

Current thread (0x000001c156384fc0):  JavaThread "C2 CompilerThread0" daemon [_thread_in_native, id=22980, stack(0x00000002dbd00000,0x00000002dbe00000)]


Current CompileTask:
C2:   1260  526       4       lombok.patcher.PatchScript::classMatches (41 bytes)

Stack: [0x00000002dbd00000,0x00000002dbe00000]
Native frames: (J=compiled Java code, j=interpreted, Vv=VM code, C=native code)
V  [jvm.dll+0x67d429]
V  [jvm.dll+0x834b7a]
V  [jvm.dll+0x83663e]
V  [jvm.dll+0x836ca3]
V  [jvm.dll+0x247dbf]
V  [jvm.dll+0xac534]
V  [jvm.dll+0xacb7c]
V  [jvm.dll+0xac63b]
V  [jvm.dll+0x6a27a8]
V  [jvm.dll+0x68fd05]
V  [jvm.dll+0x6953c6]
V  [jvm.dll+0x68d82b]
V  [jvm.dll+0x68ce67]
V  [jvm.dll+0x68ad52]
V  [jvm.dll+0x1a85ac]
V  [jvm.dll+0x1a9146]
V  [jvm.dll+0x2ae4e4]
V  [jvm.dll+0x695875]
V  [jvm.dll+0x68d82b]
V  [jvm.dll+0x68ce67]
V  [jvm.dll+0x68ad52]
V  [jvm.dll+0x1a85ac]
V  [jvm.dll+0x1a9146]
V  [jvm.dll+0x2ae4e4]
V  [jvm.dll+0x695875]
V  [jvm.dll+0x68d82b]
V  [jvm.dll+0x68ce67]
V  [jvm.dll+0x68ad52]
V  [jvm.dll+0x1a85ac]
V  [jvm.dll+0x2ae4e4]
V  [jvm.dll+0x695875]
V  [jvm.dll+0x68d82b]
V  [jvm.dll+0x68ce67]
V  [jvm.dll+0x68ad52]
V  [jvm.dll+0x1a85ac]
V  [jvm.dll+0x219468]
V  [jvm.dll+0x1a534d]
V  [jvm.dll+0x2295cd]
V  [jvm.dll+0x22779c]
V  [jvm.dll+0x7e9d07]
V  [jvm.dll+0x7e410a]
V  [jvm.dll+0x67c315]
C  [ucrtbase.dll+0x29333]
C  [KERNEL32.DLL+0x1257d]
C  [ntdll.dll+0x5aa48]


---------------  P R O C E S S  ---------------

Threads class SMR info:
_java_thread_list=0x000001c13d539f90, length=13, elements={
0x000001c13d4a1ef0, 0x000001c151320020, 0x000001c151321bf0, 0x000001c15132e3e0,
0x000001c1563803f0, 0x000001c156380fb0, 0x000001c156383a80, 0x000001c156384fc0,
0x000001c1563bb8f0, 0x000001c15641b9d0, 0x000001c1564d4420, 0x000001c156664150,
0x000001c1575e8310
}

Java Threads: ( => current thread )
  0x000001c13d4a1ef0 JavaThread "main" [_thread_in_vm, id=15936, stack(0x00000002db400000,0x00000002db500000)]
  0x000001c151320020 JavaThread "Reference Handler" daemon [_thread_blocked, id=18428, stack(0x00000002db700000,0x00000002db800000)]
  0x000001c151321bf0 JavaThread "Finalizer" daemon [_thread_blocked, id=22048, stack(0x00000002db800000,0x00000002db900000)]
  0x000001c15132e3e0 JavaThread "Signal Dispatcher" daemon [_thread_blocked, id=15956, stack(0x00000002db900000,0x00000002dba00000)]
  0x000001c1563803f0 JavaThread "Attach Listener" daemon [_thread_blocked, id=15136, stack(0x00000002dba00000,0x00000002dbb00000)]
  0x000001c156380fb0 JavaThread "Service Thread" daemon [_thread_blocked, id=5504, stack(0x00000002dbb00000,0x00000002dbc00000)]
  0x000001c156383a80 JavaThread "Monitor Deflation Thread" daemon [_thread_blocked, id=19360, stack(0x00000002dbc00000,0x00000002dbd00000)]
=>0x000001c156384fc0 JavaThread "C2 CompilerThread0" daemon [_thread_in_native, id=22980, stack(0x00000002dbd00000,0x00000002dbe00000)]
  0x000001c1563bb8f0 JavaThread "C1 CompilerThread0" daemon [_thread_blocked, id=5752, stack(0x00000002dbe00000,0x00000002dbf00000)]
  0x000001c15641b9d0 JavaThread "Sweeper thread" daemon [_thread_blocked, id=19828, stack(0x00000002dbf00000,0x00000002dc000000)]
  0x000001c1564d4420 JavaThread "Common-Cleaner" daemon [_thread_blocked, id=21072, stack(0x00000002dc000000,0x00000002dc100000)]
  0x000001c156664150 JavaThread "Notification Thread" daemon [_thread_blocked, id=12004, stack(0x00000002dc100000,0x00000002dc200000)]
  0x000001c1575e8310 JavaThread "C2 CompilerThread1" daemon [_thread_in_native, id=23292, stack(0x00000002dc300000,0x00000002dc400000)]

Other Threads:
  0x000001c13d54e9e0 VMThread "VM Thread" [stack: 0x00000002db600000,0x00000002db700000] [id=3260]
  0x000001c156667640 WatcherThread [stack: 0x00000002dc200000,0x00000002dc300000] [id=10984]
  0x000001c13d4b9650 GCTaskThread "GC Thread#0" [stack: 0x00000002db500000,0x00000002db600000] [id=5420]

Threads with active compile tasks:
C2 CompilerThread0     1300  526       4       lombok.patcher.PatchScript::classMatches (41 bytes)
C2 CompilerThread1     1300  501       4       lombok.patcher.scripts.MethodLevelPatchScript::patch (21 bytes)

VM state: not at safepoint (normal execution)

VM Mutex/Monitor currently owned by a thread: None

Heap address: 0x00000000c0000000, size: 1024 MB, Compressed Oops mode: 32-bit

CDS archive(s) not mapped
Compressed class space mapped at: 0x0000000100000000-0x0000000140000000, reserved size: 1073741824
Narrow klass base: 0x0000000000000000, Narrow klass shift: 3, Narrow klass range: 0x140000000

GC Precious Log:
 CPUs: 8 total, 8 available
 Memory: 16187M
 Large Page Support: Disabled
 NUMA Support: Disabled
 Compressed Oops: Enabled (32-bit)
 Alignments: Space 512K, Generation 512K, Heap 2M
 Heap Min Capacity: 100M
 Heap Initial Capacity: 100M
 Heap Max Capacity: 1G
 Pre-touch: Disabled
 Parallel Workers: 8

Heap:
 PSYoungGen      total 29696K, used 13011K [0x00000000eab00000, 0x00000000ecc00000, 0x0000000100000000)
  eden space 25600K, 50% used [0x00000000eab00000,0x00000000eb7b4f00,0x00000000ec400000)
  from space 4096K, 0% used [0x00000000ec800000,0x00000000ec800000,0x00000000ecc00000)
  to   space 4096K, 0% used [0x00000000ec400000,0x00000000ec400000,0x00000000ec800000)
 ParOldGen       total 68608K, used 0K [0x00000000c0000000, 0x00000000c4300000, 0x00000000eab00000)
  object space 68608K, 0% used [0x00000000c0000000,0x00000000c0000000,0x00000000c4300000)
 Metaspace       used 8648K, committed 8704K, reserved 1114112K
  class space    used 856K, committed 896K, reserved 1048576K

Card table byte_map: [0x000001c13ce30000,0x000001c13d040000] _byte_map_base: 0x000001c13c830000

Marking Bits: (ParMarkBitMap*) 0x00007ffb0bbbd820
 Begin Bits: [0x000001c14f130000, 0x000001c150130000)
 End Bits:   [0x000001c150130000, 0x000001c151130000)

Polling page: 0x000001c13b3d0000

Metaspace:

Usage:
  Non-class:      7.61 MB used.
      Class:    856.03 KB used.
       Both:      8.45 MB used.

Virtual space:
  Non-class space:       64.00 MB reserved,       7.62 MB ( 12%) committed,  1 nodes.
      Class space:        1.00 GB reserved,     896.00 KB ( <1%) committed,  1 nodes.
             Both:        1.06 GB reserved,       8.50 MB ( <1%) committed. 

Chunk freelists:
   Non-Class:  8.00 MB
       Class:  15.09 MB
        Both:  23.09 MB

MaxMetaspaceSize: unlimited
CompressedClassSpaceSize: 1.00 GB
Initial GC threshold: 21.00 MB
Current GC threshold: 21.00 MB
CDS: off
MetaspaceReclaimPolicy: balanced
 - commit_granule_bytes: 65536.
 - commit_granule_words: 8192.
 - virtual_space_node_default_size: 8388608.
 - enlarge_chunks_in_place: 1.
 - new_chunks_are_fully_committed: 0.
 - uncommit_free_chunks: 1.
 - use_allocation_guard: 0.
 - handle_deallocations: 1.


Internal statistics:

num_allocs_failed_limit: 0.
num_arena_births: 10.
num_arena_deaths: 0.
num_vsnodes_births: 2.
num_vsnodes_deaths: 0.
num_space_committed: 136.
num_space_uncommitted: 0.
num_chunks_returned_to_freelist: 0.
num_chunks_taken_from_freelist: 41.
num_chunk_merges: 0.
num_chunk_splits: 23.
num_chunks_enlarged: 22.
num_inconsistent_stats: 0.

CodeHeap 'non-profiled nmethods': size=120000Kb used=189Kb max_used=189Kb free=119810Kb
 bounds [0x000001c147c00000, 0x000001c147e70000, 0x000001c14f130000]
CodeHeap 'profiled nmethods': size=120000Kb used=801Kb max_used=801Kb free=119198Kb
 bounds [0x000001c140130000, 0x000001c1403a0000, 0x000001c147660000]
CodeHeap 'non-nmethods': size=5760Kb used=1131Kb max_used=1141Kb free=4628Kb
 bounds [0x000001c147660000, 0x000001c1478d0000, 0x000001c147c00000]
 total_blobs=960 nmethods=541 adapters=334
 compilation: enabled
              stopped_count=0, restarted_count=0
 full_count=0

Compilation events (20 events):
Event: 1.239 Thread 0x000001c1563bb8f0  520       3       java.util.LinkedHashMap$Entry::<init> (10 bytes)
Event: 1.239 Thread 0x000001c1563bb8f0 nmethod 520 0x000001c1401ec890 code [0x000001c1401eca40, 0x000001c1401ecc58]
Event: 1.241 Thread 0x000001c1563bb8f0  521       3       java.util.regex.Pattern::isSupplementary (21 bytes)
Event: 1.242 Thread 0x000001c1563bb8f0 nmethod 521 0x000001c1401ecd90 code [0x000001c1401ecf40, 0x000001c1401ed1b8]
Event: 1.242 Thread 0x000001c156384fc0 nmethod 514 0x000001c147c2cb90 code [0x000001c147c2cd00, 0x000001c147c2cfd8]
Event: 1.242 Thread 0x000001c1563bb8f0  522       3       java.lang.Character::isSurrogate (18 bytes)
Event: 1.242 Thread 0x000001c156384fc0  517       4       java.lang.Integer::parseInt (264 bytes)
Event: 1.242 Thread 0x000001c1563bb8f0 nmethod 522 0x000001c1401ed290 code [0x000001c1401ed420, 0x000001c1401ed5b8]
Event: 1.243 Thread 0x000001c1563bb8f0  524   !   3       java.lang.invoke.MemberName::getMethodType (211 bytes)
Event: 1.244 Thread 0x000001c1563bb8f0 nmethod 524 0x000001c1401ed690 code [0x000001c1401ed980, 0x000001c1401eee38]
Event: 1.244 Thread 0x000001c1563bb8f0  525       3       java.util.regex.Pattern::peek (26 bytes)
Event: 1.244 Thread 0x000001c1563bb8f0 nmethod 525 0x000001c1401ef410 code [0x000001c1401ef5c0, 0x000001c1401ef828]
Event: 1.248 Thread 0x000001c156384fc0 nmethod 517 0x000001c147c2d510 code [0x000001c147c2d6c0, 0x000001c147c2daf8]
Event: 1.248 Thread 0x000001c156384fc0  508       4       java.lang.CharacterData::of (136 bytes)
Event: 1.249 Thread 0x000001c156384fc0 nmethod 508 0x000001c147c2e090 code [0x000001c147c2e200, 0x000001c147c2e278]
Event: 1.249 Thread 0x000001c156384fc0  509       4       java.lang.CharacterDataLatin1::digit (32 bytes)
Event: 1.250 Thread 0x000001c156384fc0 nmethod 509 0x000001c147c2e390 code [0x000001c147c2e520, 0x000001c147c2e618]
Event: 1.250 Thread 0x000001c156384fc0  505       4       java.lang.StringLatin1::newString (24 bytes)
Event: 1.254 Thread 0x000001c156384fc0 nmethod 505 0x000001c147c2e710 code [0x000001c147c2e8a0, 0x000001c147c2ecd8]
Event: 1.254 Thread 0x000001c156384fc0  526       4       lombok.patcher.PatchScript::classMatches (41 bytes)

GC Heap History (0 events):
No events

Dll operation events (8 events):
Event: 0.086 Loaded shared library c:\Users\papth\.vscode\extensions\redhat.java-1.31.0-win32-x64\jre\17.0.11-win32-x86_64\bin\java.dll
Event: 0.446 Loaded shared library c:\Users\papth\.vscode\extensions\redhat.java-1.31.0-win32-x64\jre\17.0.11-win32-x86_64\bin\zip.dll
Event: 0.453 Loaded shared library C:\Users\papth\.vscode\extensions\redhat.java-1.31.0-win32-x64\jre\17.0.11-win32-x86_64\bin\instrument.dll
Event: 0.495 Loaded shared library C:\Users\papth\.vscode\extensions\redhat.java-1.31.0-win32-x64\jre\17.0.11-win32-x86_64\bin\net.dll
Event: 0.514 Loaded shared library C:\Users\papth\.vscode\extensions\redhat.java-1.31.0-win32-x64\jre\17.0.11-win32-x86_64\bin\nio.dll
Event: 0.548 Loaded shared library C:\Users\papth\.vscode\extensions\redhat.java-1.31.0-win32-x64\jre\17.0.11-win32-x86_64\bin\zip.dll
Event: 0.585 Loaded shared library C:\Users\papth\.vscode\extensions\redhat.java-1.31.0-win32-x64\jre\17.0.11-win32-x86_64\bin\jimage.dll
Event: 0.803 Loaded shared library c:\Users\papth\.vscode\extensions\redhat.java-1.31.0-win32-x64\jre\17.0.11-win32-x86_64\bin\verify.dll

Deoptimization events (20 events):
Event: 1.064 Thread 0x000001c13d4a1ef0 DEOPT PACKING pc=0x000001c14014a880 sp=0x00000002db4fb4c0
Event: 1.064 Thread 0x000001c13d4a1ef0 DEOPT UNPACKING pc=0x000001c1476b6e43 sp=0x00000002db4fa980 mode 0
Event: 1.069 Thread 0x000001c13d4a1ef0 DEOPT PACKING pc=0x000001c14014a880 sp=0x00000002db4faf70
Event: 1.069 Thread 0x000001c13d4a1ef0 DEOPT UNPACKING pc=0x000001c1476b6e43 sp=0x00000002db4fa430 mode 0
Event: 1.070 Thread 0x000001c13d4a1ef0 DEOPT PACKING pc=0x000001c14014a880 sp=0x00000002db4fa820
Event: 1.070 Thread 0x000001c13d4a1ef0 DEOPT UNPACKING pc=0x000001c1476b6e43 sp=0x00000002db4f9ce0 mode 0
Event: 1.071 Thread 0x000001c13d4a1ef0 DEOPT PACKING pc=0x000001c14014a880 sp=0x00000002db4fb200
Event: 1.071 Thread 0x000001c13d4a1ef0 DEOPT UNPACKING pc=0x000001c1476b6e43 sp=0x00000002db4fa6c0 mode 0
Event: 1.113 Thread 0x000001c13d4a1ef0 Uncommon trap: trap_request=0xffffff45 fr.pc=0x000001c147c21140 relative=0x0000000000000660
Event: 1.113 Thread 0x000001c13d4a1ef0 Uncommon trap: reason=unstable_if action=reinterpret pc=0x000001c147c21140 method=java.util.HashMap.putVal(ILjava/lang/Object;Ljava/lang/Object;ZZ)Ljava/lang/Object; @ 181 c2
Event: 1.113 Thread 0x000001c13d4a1ef0 DEOPT PACKING pc=0x000001c147c21140 sp=0x00000002db4fdfb0
Event: 1.113 Thread 0x000001c13d4a1ef0 DEOPT UNPACKING pc=0x000001c1476b66a3 sp=0x00000002db4fdf20 mode 2
Event: 1.204 Thread 0x000001c13d4a1ef0 Uncommon trap: trap_request=0xffffff45 fr.pc=0x000001c147c16ac4 relative=0x00000000000000c4
Event: 1.204 Thread 0x000001c13d4a1ef0 Uncommon trap: reason=unstable_if action=reinterpret pc=0x000001c147c16ac4 method=java.net.URI.match(CJJ)Z @ 45 c2
Event: 1.204 Thread 0x000001c13d4a1ef0 DEOPT PACKING pc=0x000001c147c16ac4 sp=0x00000002db4fcc30
Event: 1.204 Thread 0x000001c13d4a1ef0 DEOPT UNPACKING pc=0x000001c1476b66a3 sp=0x00000002db4fcbb8 mode 2
Event: 1.217 Thread 0x000001c13d4a1ef0 Uncommon trap: trap_request=0xffffff45 fr.pc=0x000001c147c291d8 relative=0x0000000000000678
Event: 1.217 Thread 0x000001c13d4a1ef0 Uncommon trap: reason=unstable_if action=reinterpret pc=0x000001c147c291d8 method=java.lang.String.replace(Ljava/lang/CharSequence;Ljava/lang/CharSequence;)Ljava/lang/String; @ 48 c2
Event: 1.217 Thread 0x000001c13d4a1ef0 DEOPT PACKING pc=0x000001c147c291d8 sp=0x00000002db4fcba0
Event: 1.217 Thread 0x000001c13d4a1ef0 DEOPT UNPACKING pc=0x000001c1476b66a3 sp=0x00000002db4fcb20 mode 2

Classes unloaded (0 events):
No events

Classes redefined (0 events):
No events

Internal exceptions (2 events):
Event: 0.399 Thread 0x000001c13d4a1ef0 Exception <a 'java/lang/NoSuchMethodError'{0x00000000eacba2c8}: 'void java.lang.invoke.DirectMethodHandle$Holder.invokeStatic(java.lang.Object, java.lang.Object, java.lang.Object)'> (0x00000000eacba2c8) 
thrown [s\src\hotspot\share\interpreter\linkResolver.cpp, line 759]
Event: 0.876 Thread 0x000001c13d4a1ef0 Exception <a 'java/lang/reflect/InvocationTargetException'{0x00000000eafeb598}> (0x00000000eafeb598) 
thrown [s\src\hotspot\share\runtime\reflection.cpp, line 1121]

VM Operations (4 events):
Event: 0.417 Executing VM operation: HandshakeAllThreads
Event: 0.417 Executing VM operation: HandshakeAllThreads done
Event: 0.616 Executing VM operation: HandshakeAllThreads
Event: 0.616 Executing VM operation: HandshakeAllThreads done

Events (20 events):
Event: 1.254 loading class java/time/temporal/ChronoField
Event: 1.254 loading class java/time/temporal/TemporalField
Event: 1.254 loading class java/time/temporal/TemporalField done
Event: 1.254 loading class java/time/temporal/ChronoField done
Event: 1.254 loading class java/time/temporal/ChronoUnit
Event: 1.254 loading class java/time/temporal/TemporalUnit
Event: 1.254 loading class java/time/temporal/TemporalUnit done
Event: 1.255 loading class java/time/temporal/ChronoUnit done
Event: 1.255 loading class java/time/Duration
Event: 1.255 loading class java/time/temporal/TemporalAmount
Event: 1.255 loading class java/time/temporal/TemporalAmount done
Event: 1.255 loading class java/time/Duration done
Event: 1.255 loading class java/time/temporal/ValueRange
Event: 1.256 loading class java/time/temporal/ValueRange done
Event: 1.256 loading class java/time/LocalTime
Event: 1.256 loading class java/time/LocalTime done
Event: 1.257 loading class java/time/zone/ZoneOffsetTransition
Event: 1.257 loading class java/time/zone/ZoneOffsetTransition done
Event: 1.257 loading class java/util/Collections$SingletonList
Event: 1.258 loading class java/util/Collections$SingletonList done


Dynamic libraries:
0x00007ff760690000 - 0x00007ff76069e000 	c:\Users\papth\.vscode\extensions\redhat.java-1.31.0-win32-x64\jre\17.0.11-win32-x86_64\bin\java.exe
0x00007ffb70c30000 - 0x00007ffb70e47000 	C:\WINDOWS\SYSTEM32\ntdll.dll
0x00007ffb6fb00000 - 0x00007ffb6fbc4000 	C:\WINDOWS\System32\KERNEL32.DLL
0x00007ffb6df80000 - 0x00007ffb6e327000 	C:\WINDOWS\System32\KERNELBASE.dll
0x00007ffb6e7d0000 - 0x00007ffb6e8e1000 	C:\WINDOWS\System32\ucrtbase.dll
0x00007ffb26db0000 - 0x00007ffb26dcb000 	c:\Users\papth\.vscode\extensions\redhat.java-1.31.0-win32-x64\jre\17.0.11-win32-x86_64\bin\VCRUNTIME140.dll
0x00007ffb23260000 - 0x00007ffb23277000 	c:\Users\papth\.vscode\extensions\redhat.java-1.31.0-win32-x64\jre\17.0.11-win32-x86_64\bin\jli.dll
0x00007ffb6f560000 - 0x00007ffb6f70e000 	C:\WINDOWS\System32\USER32.dll
0x00007ffb6df50000 - 0x00007ffb6df76000 	C:\WINDOWS\System32\win32u.dll
0x00007ffb70a00000 - 0x00007ffb70a29000 	C:\WINDOWS\System32\GDI32.dll
0x00007ffb6e360000 - 0x00007ffb6e479000 	C:\WINDOWS\System32\gdi32full.dll
0x00007ffb6e480000 - 0x00007ffb6e51a000 	C:\WINDOWS\System32\msvcp_win.dll
0x00007ffb5bd10000 - 0x00007ffb5bfa3000 	C:\WINDOWS\WinSxS\amd64_microsoft.windows.common-controls_6595b64144ccf1df_6.0.22621.3527_none_270e469b73872a76\COMCTL32.dll
0x00007ffb701f0000 - 0x00007ffb70297000 	C:\WINDOWS\System32\msvcrt.dll
0x00007ffb70b30000 - 0x00007ffb70b61000 	C:\WINDOWS\System32\IMM32.DLL
0x00007ffb488d0000 - 0x00007ffb488dc000 	c:\Users\papth\.vscode\extensions\redhat.java-1.31.0-win32-x64\jre\17.0.11-win32-x86_64\bin\vcruntime140_1.dll
0x00007ffb199d0000 - 0x00007ffb19a5d000 	c:\Users\papth\.vscode\extensions\redhat.java-1.31.0-win32-x64\jre\17.0.11-win32-x86_64\bin\msvcp140.dll
0x00007ffb0b020000 - 0x00007ffb0bc82000 	c:\Users\papth\.vscode\extensions\redhat.java-1.31.0-win32-x64\jre\17.0.11-win32-x86_64\bin\server\jvm.dll
0x00007ffb6f4a0000 - 0x00007ffb6f552000 	C:\WINDOWS\System32\ADVAPI32.dll
0x00007ffb6f9b0000 - 0x00007ffb6fa58000 	C:\WINDOWS\System32\sechost.dll
0x00007ffb6e330000 - 0x00007ffb6e358000 	C:\WINDOWS\System32\bcrypt.dll
0x00007ffb6f1c0000 - 0x00007ffb6f2d5000 	C:\WINDOWS\System32\RPCRT4.dll
0x00007ffb6d6c0000 - 0x00007ffb6d70d000 	C:\WINDOWS\SYSTEM32\POWRPROF.dll
0x00007ffb62130000 - 0x00007ffb62139000 	C:\WINDOWS\SYSTEM32\WSOCK32.dll
0x00007ffb66f00000 - 0x00007ffb66f34000 	C:\WINDOWS\SYSTEM32\WINMM.dll
0x00007ffb6fa80000 - 0x00007ffb6faf1000 	C:\WINDOWS\System32\WS2_32.dll
0x00007ffb63460000 - 0x00007ffb6346a000 	C:\WINDOWS\SYSTEM32\VERSION.dll
0x00007ffb6d6a0000 - 0x00007ffb6d6b3000 	C:\WINDOWS\SYSTEM32\UMPDC.dll
0x00007ffb6cf30000 - 0x00007ffb6cf48000 	C:\WINDOWS\SYSTEM32\kernel.appcore.dll
0x00007ffb68650000 - 0x00007ffb6865a000 	c:\Users\papth\.vscode\extensions\redhat.java-1.31.0-win32-x64\jre\17.0.11-win32-x86_64\bin\jimage.dll
0x00007ffb6b870000 - 0x00007ffb6baa2000 	C:\WINDOWS\SYSTEM32\DBGHELP.DLL
0x00007ffb70350000 - 0x00007ffb706d8000 	C:\WINDOWS\System32\combase.dll
0x00007ffb706e0000 - 0x00007ffb707b7000 	C:\WINDOWS\System32\OLEAUT32.dll
0x00007ffb63360000 - 0x00007ffb63392000 	C:\WINDOWS\SYSTEM32\dbgcore.DLL
0x00007ffb6e750000 - 0x00007ffb6e7c9000 	C:\WINDOWS\System32\bcryptPrimitives.dll
0x00007ffb68640000 - 0x00007ffb6864e000 	c:\Users\papth\.vscode\extensions\redhat.java-1.31.0-win32-x64\jre\17.0.11-win32-x86_64\bin\instrument.dll
0x00007ffb230d0000 - 0x00007ffb230f5000 	c:\Users\papth\.vscode\extensions\redhat.java-1.31.0-win32-x64\jre\17.0.11-win32-x86_64\bin\java.dll
0x00007ffb22ac0000 - 0x00007ffb22ad8000 	c:\Users\papth\.vscode\extensions\redhat.java-1.31.0-win32-x64\jre\17.0.11-win32-x86_64\bin\zip.dll
0x00007ffb6e960000 - 0x00007ffb6f1bc000 	C:\WINDOWS\System32\SHELL32.dll
0x00007ffb6be40000 - 0x00007ffb6c736000 	C:\WINDOWS\SYSTEM32\windows.storage.dll
0x00007ffb6bd00000 - 0x00007ffb6be3e000 	C:\WINDOWS\SYSTEM32\wintypes.dll
0x00007ffb70a30000 - 0x00007ffb70b25000 	C:\WINDOWS\System32\SHCORE.dll
0x00007ffb6f950000 - 0x00007ffb6f9ae000 	C:\WINDOWS\System32\shlwapi.dll
0x00007ffb6de80000 - 0x00007ffb6dea1000 	C:\WINDOWS\SYSTEM32\profapi.dll
0x00007ffb1f870000 - 0x00007ffb1f889000 	C:\Users\papth\.vscode\extensions\redhat.java-1.31.0-win32-x64\jre\17.0.11-win32-x86_64\bin\net.dll
0x00007ffb66620000 - 0x00007ffb66756000 	C:\WINDOWS\SYSTEM32\WINHTTP.dll
0x00007ffb6d390000 - 0x00007ffb6d3f9000 	C:\WINDOWS\system32\mswsock.dll
0x00007ffb1eda0000 - 0x00007ffb1edb6000 	C:\Users\papth\.vscode\extensions\redhat.java-1.31.0-win32-x64\jre\17.0.11-win32-x86_64\bin\nio.dll
0x00007ffb68630000 - 0x00007ffb68640000 	c:\Users\papth\.vscode\extensions\redhat.java-1.31.0-win32-x64\jre\17.0.11-win32-x86_64\bin\verify.dll

dbghelp: loaded successfully - version: 4.0.5 - missing functions: none
symbol engine: initialized successfully - sym options: 0x614 - pdb path: .;c:\Users\papth\.vscode\extensions\redhat.java-1.31.0-win32-x64\jre\17.0.11-win32-x86_64\bin;C:\WINDOWS\SYSTEM32;C:\WINDOWS\WinSxS\amd64_microsoft.windows.common-controls_6595b64144ccf1df_6.0.22621.3527_none_270e469b73872a76;c:\Users\papth\.vscode\extensions\redhat.java-1.31.0-win32-x64\jre\17.0.11-win32-x86_64\bin\server

VM Arguments:
jvm_args: --add-modules=ALL-SYSTEM --add-opens=java.base/java.util=ALL-UNNAMED --add-opens=java.base/java.lang=ALL-UNNAMED --add-opens=java.base/sun.nio.fs=ALL-UNNAMED -Declipse.application=org.eclipse.jdt.ls.core.id1 -Dosgi.bundles.defaultStartLevel=4 -Declipse.product=org.eclipse.jdt.ls.core.product -Djava.import.generatesMetadataFilesAtProjectRoot=false -DDetectVMInstallationsJob.disabled=true -Dfile.encoding=utf8 -XX:+UseParallelGC -XX:GCTimeRatio=4 -XX:AdaptiveSizePolicyWeight=90 -Dsun.zip.disableMemoryMapping=true -Xmx1G -Xms100m -Xlog:disable -javaagent:c:\Users\papth\.vscode\extensions\redhat.java-1.31.0-win32-x64\lombok\lombok-1.18.32.jar 
java_command: c:\Users\papth\.vscode\extensions\redhat.java-1.31.0-win32-x64\server\plugins\org.eclipse.equinox.launcher_1.6.800.v20240513-1750.jar -configuration c:\Users\papth\AppData\Roaming\Code\User\globalStorage\redhat.java\1.31.0\config_ss_win -data c:\Users\papth\AppData\Roaming\Code\User\workspaceStorage\fb0275111390ad12c1baf502f4576d5b\redhat.java\ss_ws --pipe=\\.\pipe\lsp-4f5b89aa4055fc37e12aacea39c369dd-sock
java_class_path (initial): c:\Users\papth\.vscode\extensions\redhat.java-1.31.0-win32-x64\server\plugins\org.eclipse.equinox.launcher_1.6.800.v20240513-1750.jar
Launcher Type: SUN_STANDARD

[Global flags]
    uintx AdaptiveSizePolicyWeight                 = 90                                        {product} {command line}
     intx CICompilerCount                          = 4                                         {product} {ergonomic}
    uintx GCTimeRatio                              = 4                                         {product} {command line}
   size_t InitialHeapSize                          = 104857600                                 {product} {command line}
   size_t MaxHeapSize                              = 1073741824                                {product} {command line}
   size_t MaxNewSize                               = 357564416                                 {product} {ergonomic}
   size_t MinHeapDeltaBytes                        = 524288                                    {product} {ergonomic}
   size_t MinHeapSize                              = 104857600                                 {product} {command line}
   size_t NewSize                                  = 34603008                                  {product} {ergonomic}
    uintx NonNMethodCodeHeapSize                   = 5839372                                {pd product} {ergonomic}
    uintx NonProfiledCodeHeapSize                  = 122909434                              {pd product} {ergonomic}
   size_t OldSize                                  = 70254592                                  {product} {ergonomic}
    uintx ProfiledCodeHeapSize                     = 122909434                              {pd product} {ergonomic}
    uintx ReservedCodeCacheSize                    = 251658240                              {pd product} {ergonomic}
     bool SegmentedCodeCache                       = true                                      {product} {ergonomic}
   size_t SoftMaxHeapSize                          = 1073741824                             {manageable} {ergonomic}
     bool UseCompressedClassPointers               = true                           {product lp64_product} {ergonomic}
     bool UseCompressedOops                        = true                           {product lp64_product} {ergonomic}
     bool UseLargePagesIndividualAllocation        = false                                  {pd product} {ergonomic}
     bool UseParallelGC                            = true                                      {product} {command line}

Logging:
Log output configuration:
 #0: stdout all=off uptime,level,tags
 #1: stderr all=off uptime,level,tags

Environment Variables:
JAVA_HOME=C:\LAB-TOOLS\JDK\jdk-17.0.6
PATH=C:\Python311\Scripts\;C:\Python311\;C:\LAB-TOOLS\JDK\jdk-17.0.6\bin;C:\Program Files\Microsoft\jdk-11.0.12.7-hotspot\bin;C:\Program Files\AdoptOpenJDK\jdk-11.0.9.101-hotspot\bin;C:\Program Files (x86)\Common Files\Oracle\Java\javapath;C:\windows\system32;C:\windows;C:\windows\System32\Wbem;C:\windows\System32\WindowsPowerShell\v1.0\;C:\windows\System32\OpenSSH\;C:\Program Files (x86)\NVIDIA Corporation\PhysX\Common;C:\Program Files\NVIDIA Corporation\NVIDIA NvDLISR;C:\Program Files (x86)\Wolfram Research\WolframScript\;C:\WINDOWS\system32;C:\WINDOWS;C:\WINDOWS\System32\Wbem;C:\WINDOWS\System32\WindowsPowerShell\v1.0\;C:\WINDOWS\System32\OpenSSH\;C:\Program Files\MATLAB\R2020a\runtime\win64;C:\Program Files\MATLAB\R2020a\bin;C:\Program Files\OpenVPN\bin;C:\Program Files\Git\cmd;C:\Program Files\Git\usr\bin;C:\Program Files\Microsoft SQL Server\150\Tools\Binn\;C:\Program Files\dotnet\;C:\MinGW\mingw32\bin;C:\WINDOWS\system32;C:\WINDOWS;C:\WINDOWS\System32\Wbem;C:\WINDOWS\System32\WindowsPowerShell\v1.0\;C:\Program Files\nodejs;C:\ProgramData\chocolatey\bin;C:\Program Files\Docker\Docker\resources\bin;C:\WINDOWS\System32\OpenSSH\;C:\LAB-TOOLS\apache-maven-3.9.6-bin\apache-maven-3.9.6\bin;C:\Program Files\PowerShell\7-preview\preview;C:\Program Files\HP\HP One Agent;C:\Program Files\PowerShell\7\;C:\Users\papth\scoop\shims;C:\dev\flutter\bin;C:\Users\papth\AppData\Local\Microsoft\WindowsApps;C:\Users\papth\AppData\Local\GitHubDesktop\bin;C:\Users\papth\AppData\Local\Microsoft\WindowsApps;C:\Users\papth\AppData\Local\atom\bin;C:\Users\papth\.dotnet\tools;C:\Users\papth\AppData\Roaming\npm;C:\dev\android-sdk\platform-tools;C:\Program Files\nodejs;C:\Users\papth\AppData\Local\Programs\Microsoft VS Code\bin;C:\Users\papth\AppData\Roaming\Python\Python311\Scripts;C:\Users\papth\AppData\Local\Google\Cloud SDK\google-cloud-sdk\bin
USERNAME=papth
OS=Windows_NT
PROCESSOR_IDENTIFIER=Intel64 Family 6 Model 142 Stepping 12, GenuineIntel
TMP=C:\Users\papth\AppData\Local\Temp
TEMP=C:\Users\papth\AppData\Local\Temp



Periodic native trim disabled


---------------  S Y S T E M  ---------------

OS:
 Windows 11 , 64 bit Build 22621 (10.0.22621.3527)
OS uptime: 0 days 6:35 hours
Hyper-V role detected

CPU: total 8 (initial active 8) (4 cores per cpu, 2 threads per core) family 6 model 142 stepping 12 microcode 0xde, cx8, cmov, fxsr, ht, mmx, 3dnowpref, sse, sse2, sse3, ssse3, sse4.1, sse4.2, popcnt, lzcnt, tsc, tscinvbit, avx, avx2, aes, erms, clmul, bmi1, bmi2, adx, fma, vzeroupper, clflush, clflushopt, hv
Processor Information for all 8 processors :
  Max Mhz: 2304, Current Mhz: 1803, Mhz Limit: 1797

Memory: 4k page, system-wide physical 16187M (5648M free)
TotalPageFile size 16187M (AvailPageFile size 6M)
current process WorkingSet (physical memory assigned to process): 53M, peak: 53M
current process commit charge ("private bytes"): 193M, peak: 193M

vm_info: OpenJDK 64-Bit Server VM (17.0.11+9) for windows-amd64 JRE (17.0.11+9), built on Apr 17 2024 06:07:48 by "admin" with MS VC++ 16.10 / 16.11 (VS2019)

END.
