#
# There is insufficient memory for the Java Runtime Environment to continue.
# Native memory allocation (malloc) failed to allocate 504432 bytes for Chunk::new
# Possible reasons:
#   The system is out of physical RAM or swap space
#   The process is running with CompressedOops enabled, and the Java Heap may be blocking the growth of the native heap
# Possible solutions:
#   Reduce memory load on the system
#   Increase physical memory or swap space
#   Check if swap backing store is full
#   Decrease Java heap size (-Xmx/-Xms)
#   Decrease number of Java threads
#   Decrease Java thread stack sizes (-Xss)
#   Set larger code cache with -XX:ReservedCodeCacheSize=
#   JVM is running with Unscaled Compressed Oops mode in which the Java heap is
#     placed in the first 4GB address space. The Java Heap base address is the
#     maximum limit for the native heap growth. Please use -XX:HeapBaseMinAddress
#     to set the Java Heap base and to place the Java Heap above 4GB virtual address.
# This output file may be truncated or incomplete.
#
#  Out of Memory Error (arena.cpp:191), pid=7344, tid=15044
#
# JRE version: OpenJDK Runtime Environment Temurin-17.0.10+7 (17.0.10+7) (build 17.0.10+7)
# Java VM: OpenJDK 64-Bit Server VM Temurin-17.0.10+7 (17.0.10+7, mixed mode, tiered, compressed oops, compressed class ptrs, parallel gc, windows-amd64)
# No core dump will be written. Minidumps are not enabled by default on client versions of Windows
#

---------------  S U M M A R Y ------------

Command Line: --add-modules=ALL-SYSTEM --add-opens=java.base/java.util=ALL-UNNAMED --add-opens=java.base/java.lang=ALL-UNNAMED --add-opens=java.base/sun.nio.fs=ALL-UNNAMED -Declipse.application=org.eclipse.jdt.ls.core.id1 -Dosgi.bundles.defaultStartLevel=4 -Declipse.product=org.eclipse.jdt.ls.core.product -Djava.import.generatesMetadataFilesAtProjectRoot=false -DDetectVMInstallationsJob.disabled=true -Dfile.encoding=utf8 -XX:+UseParallelGC -XX:GCTimeRatio=4 -XX:AdaptiveSizePolicyWeight=90 -Dsun.zip.disableMemoryMapping=true -Xmx1G -Xms100m -Xlog:disable -javaagent:c:\Users\papth\.vscode\extensions\redhat.java-1.28.1-win32-x64\lombok\lombok-1.18.31.jar -XX:+HeapDumpOnOutOfMemoryError -XX:HeapDumpPath=c:\Users\papth\AppData\Roaming\Code\User\workspaceStorage\fb0275111390ad12c1baf502f4576d5b\redhat.java -Daether.dependencyCollector.impl=bf c:\Users\papth\.vscode\extensions\redhat.java-1.28.1-win32-x64\server\plugins\org.eclipse.equinox.launcher_1.6.700.v20231214-2017.jar -configuration c:\Users\papth\AppData\Roaming\Code\User\globalStorage\redhat.java\1.28.1\config_win -data c:\Users\papth\AppData\Roaming\Code\User\workspaceStorage\fb0275111390ad12c1baf502f4576d5b\redhat.java\jdt_ws --stdio

Host: Intel(R) Core(TM) i7-10510U CPU @ 1.80GHz, 8 cores, 15G,  Windows 11 , 64 bit Build 22621 (10.0.22621.3085)
Time: Mon Mar  4 18:20:41 2024  Windows 11 , 64 bit Build 22621 (10.0.22621.3085) elapsed time: 2.216404 seconds (0d 0h 0m 2s)

---------------  T H R E A D  ---------------

Current thread (0x000002037dd808b0):  JavaThread "C2 CompilerThread2" daemon [_thread_in_native, id=15044, stack(0x000000c44ce00000,0x000000c44cf00000)]


Current CompileTask:
C2:   2216 1125       4       jdk.internal.jimage.ImageLocation::verify (218 bytes)

Stack: [0x000000c44ce00000,0x000000c44cf00000]
Native frames: (J=compiled Java code, j=interpreted, Vv=VM code, C=native code)
V  [jvm.dll+0x67d2c9]
V  [jvm.dll+0x834afa]
V  [jvm.dll+0x8365be]
V  [jvm.dll+0x836c23]
V  [jvm.dll+0x2477ff]
V  [jvm.dll+0xac514]
V  [jvm.dll+0xacb5c]
V  [jvm.dll+0x3667d7]
V  [jvm.dll+0x1bcf72]
V  [jvm.dll+0x21a049]
V  [jvm.dll+0x219311]
V  [jvm.dll+0x1a502d]
V  [jvm.dll+0x2290de]
V  [jvm.dll+0x2272ac]
V  [jvm.dll+0x7e9bb7]
V  [jvm.dll+0x7e3fba]
V  [jvm.dll+0x67c1b5]
C  [ucrtbase.dll+0x29363]
C  [KERNEL32.DLL+0x1257d]
C  [ntdll.dll+0x5aa58]


---------------  P R O C E S S  ---------------

Threads class SMR info:
_java_thread_list=0x000002037dd6c620, length=14, elements={
0x00000203634d1c10, 0x0000020377355030, 0x0000020377356460, 0x000002037c491440,
0x000002037c4922c0, 0x000002037c4938e0, 0x000002037c4d6760, 0x000002037735dd00,
0x000002037c4ea670, 0x000002037c510d90, 0x0000020363535710, 0x000002037c817400,
0x000002037dd80390, 0x000002037dd808b0
}

Java Threads: ( => current thread )
  0x00000203634d1c10 JavaThread "main" [_thread_in_vm, id=17504, stack(0x000000c44b800000,0x000000c44b900000)]
  0x0000020377355030 JavaThread "Reference Handler" daemon [_thread_blocked, id=23248, stack(0x000000c44bb00000,0x000000c44bc00000)]
  0x0000020377356460 JavaThread "Finalizer" daemon [_thread_blocked, id=22500, stack(0x000000c44bc00000,0x000000c44bd00000)]
  0x000002037c491440 JavaThread "Signal Dispatcher" daemon [_thread_blocked, id=5152, stack(0x000000c44bd00000,0x000000c44be00000)]
  0x000002037c4922c0 JavaThread "Attach Listener" daemon [_thread_blocked, id=3656, stack(0x000000c44be00000,0x000000c44bf00000)]
  0x000002037c4938e0 JavaThread "Service Thread" daemon [_thread_blocked, id=22964, stack(0x000000c44bf00000,0x000000c44c000000)]
  0x000002037c4d6760 JavaThread "Monitor Deflation Thread" daemon [_thread_blocked, id=6796, stack(0x000000c44c000000,0x000000c44c100000)]
  0x000002037735dd00 JavaThread "C2 CompilerThread0" daemon [_thread_in_native, id=12312, stack(0x000000c44c100000,0x000000c44c200000)]
  0x000002037c4ea670 JavaThread "C1 CompilerThread0" daemon [_thread_blocked, id=14856, stack(0x000000c44c200000,0x000000c44c300000)]
  0x000002037c510d90 JavaThread "Sweeper thread" daemon [_thread_blocked, id=19028, stack(0x000000c44c300000,0x000000c44c400000)]
  0x0000020363535710 JavaThread "Common-Cleaner" daemon [_thread_blocked, id=5928, stack(0x000000c44c400000,0x000000c44c500000)]
  0x000002037c817400 JavaThread "Notification Thread" daemon [_thread_blocked, id=1552, stack(0x000000c44c500000,0x000000c44c600000)]
  0x000002037dd80390 JavaThread "C2 CompilerThread1" daemon [_thread_in_native, id=12880, stack(0x000000c44cd00000,0x000000c44ce00000)]
=>0x000002037dd808b0 JavaThread "C2 CompilerThread2" daemon [_thread_in_native, id=15044, stack(0x000000c44ce00000,0x000000c44cf00000)]

Other Threads:
  0x000002036355c410 VMThread "VM Thread" [stack: 0x000000c44ba00000,0x000000c44bb00000] [id=16512]
  0x000002037c83c570 WatcherThread [stack: 0x000000c44c600000,0x000000c44c700000] [id=4160]
  0x00000203634e85e0 GCTaskThread "GC Thread#0" [stack: 0x000000c44b900000,0x000000c44ba00000] [id=4260]
  0x000002037d9e0a10 GCTaskThread "GC Thread#1" [stack: 0x000000c44c700000,0x000000c44c800000] [id=4112]
  0x000002037dc0dac0 GCTaskThread "GC Thread#2" [stack: 0x000000c44c800000,0x000000c44c900000] [id=14892]
  0x000002037dc0dd80 GCTaskThread "GC Thread#3" [stack: 0x000000c44c900000,0x000000c44ca00000] [id=4980]
  0x000002037dd2b040 GCTaskThread "GC Thread#4" [stack: 0x000000c44ca00000,0x000000c44cb00000] [id=14620]
  0x000002037dd2b300 GCTaskThread "GC Thread#5" [stack: 0x000000c44cb00000,0x000000c44cc00000] [id=5148]
  0x000002037dd2b5c0 GCTaskThread "GC Thread#6" [stack: 0x000000c44cc00000,0x000000c44cd00000] [id=1572]

Threads with active compile tasks:
C2 CompilerThread0     2237 1142       4       java.lang.StringBuilder::append (8 bytes)
C2 CompilerThread1     2237 1143       4       java.lang.AbstractStringBuilder::append (45 bytes)
C2 CompilerThread2     2237 1125       4       jdk.internal.jimage.ImageLocation::verify (218 bytes)

VM state: not at safepoint (normal execution)

VM Mutex/Monitor currently owned by a thread: None

Heap address: 0x00000000c0000000, size: 1024 MB, Compressed Oops mode: 32-bit

CDS archive(s) not mapped
Compressed class space mapped at: 0x0000000100000000-0x0000000140000000, reserved size: 1073741824
Narrow klass base: 0x0000000000000000, Narrow klass shift: 3, Narrow klass range: 0x140000000

GC Precious Log:
 CPUs: 8 total, 8 available
 Memory: 16187M
 Large Page Support: Disabled
 NUMA Support: Disabled
 Compressed Oops: Enabled (32-bit)
 Alignments: Space 512K, Generation 512K, Heap 2M
 Heap Min Capacity: 100M
 Heap Initial Capacity: 100M
 Heap Max Capacity: 1G
 Pre-touch: Disabled
 Parallel Workers: 8

Heap:
 PSYoungGen      total 29696K, used 10851K [0x00000000eab00000, 0x00000000ecc00000, 0x0000000100000000)
  eden space 25600K, 29% used [0x00000000eab00000,0x00000000eb27fe58,0x00000000ec400000)
  from space 4096K, 77% used [0x00000000ec400000,0x00000000ec719140,0x00000000ec800000)
  to   space 4096K, 0% used [0x00000000ec800000,0x00000000ec800000,0x00000000ecc00000)
 ParOldGen       total 68608K, used 16K [0x00000000c0000000, 0x00000000c4300000, 0x00000000eab00000)
  object space 68608K, 0% used [0x00000000c0000000,0x00000000c0004000,0x00000000c4300000)
 Metaspace       used 12184K, committed 12352K, reserved 1114112K
  class space    used 1192K, committed 1280K, reserved 1048576K

Card table byte_map: [0x0000020362e80000,0x0000020363090000] _byte_map_base: 0x0000020362880000

Marking Bits: (ParMarkBitMap*) 0x00007ff902fad7d0
 Begin Bits: [0x0000020375160000, 0x0000020376160000)
 End Bits:   [0x0000020376160000, 0x0000020377160000)

Polling page: 0x0000020361650000

Metaspace:

Usage:
  Non-class:     10.73 MB used.
      Class:      1.16 MB used.
       Both:     11.90 MB used.

Virtual space:
  Non-class space:       64.00 MB reserved,      10.81 MB ( 17%) committed,  1 nodes.
      Class space:        1.00 GB reserved,       1.25 MB ( <1%) committed,  1 nodes.
             Both:        1.06 GB reserved,      12.06 MB (  1%) committed. 

Chunk freelists:
   Non-Class:  4.38 MB
       Class:  14.61 MB
        Both:  18.98 MB

MaxMetaspaceSize: unlimited
CompressedClassSpaceSize: 1.00 GB
Initial GC threshold: 21.00 MB
Current GC threshold: 21.00 MB
CDS: off
MetaspaceReclaimPolicy: balanced
 - commit_granule_bytes: 65536.
 - commit_granule_words: 8192.
 - virtual_space_node_default_size: 8388608.
 - enlarge_chunks_in_place: 1.
 - new_chunks_are_fully_committed: 0.
 - uncommit_free_chunks: 1.
 - use_allocation_guard: 0.
 - handle_deallocations: 1.


Internal statistics:

num_allocs_failed_limit: 0.
num_arena_births: 30.
num_arena_deaths: 0.
num_vsnodes_births: 2.
num_vsnodes_deaths: 0.
num_space_committed: 193.
num_space_uncommitted: 0.
num_chunks_returned_to_freelist: 0.
num_chunks_taken_from_freelist: 138.
num_chunk_merges: 0.
num_chunk_splits: 95.
num_chunks_enlarged: 83.
num_inconsistent_stats: 0.

CodeHeap 'non-profiled nmethods': size=120000Kb used=492Kb max_used=492Kb free=119508Kb
 bounds [0x000002036dc30000, 0x000002036dea0000, 0x0000020375160000]
CodeHeap 'profiled nmethods': size=120000Kb used=2006Kb max_used=2006Kb free=117994Kb
 bounds [0x0000020366160000, 0x00000203663d0000, 0x000002036d690000]
CodeHeap 'non-nmethods': size=5760Kb used=1145Kb max_used=1177Kb free=4614Kb
 bounds [0x000002036d690000, 0x000002036d900000, 0x000002036dc30000]
 total_blobs=1578 nmethods=1140 adapters=353
 compilation: enabled
              stopped_count=0, restarted_count=0
 full_count=0

Compilation events (20 events):
Event: 2.160 Thread 0x000002037c4ea670 1128       3       org.lombokweb.asm.ClassReader::readUtf (44 bytes)
Event: 2.161 Thread 0x000002037c4ea670 nmethod 1128 0x000002036634db90 code [0x000002036634dd60, 0x000002036634e0f8]
Event: 2.161 Thread 0x000002037c4ea670 1129       3       org.lombokweb.asm.ClassReader::readUtf (161 bytes)
Event: 2.161 Thread 0x000002037c4ea670 nmethod 1129 0x000002036634e290 code [0x000002036634e460, 0x000002036634e8c8]
Event: 2.161 Thread 0x000002037c4ea670 1130       3       org.lombokweb.asm.ClassReader::getItem (7 bytes)
Event: 2.161 Thread 0x000002037c4ea670 nmethod 1130 0x000002036634eb90 code [0x000002036634ed20, 0x000002036634ee58]
Event: 2.161 Thread 0x000002037c4ea670 1132       3       org.lombokweb.asm.Symbol::<init> (38 bytes)
Event: 2.161 Thread 0x000002037c4ea670 nmethod 1132 0x000002036634ef10 code [0x000002036634f0a0, 0x000002036634f258]
Event: 2.161 Thread 0x000002037c4ea670 1133       3       org.lombokweb.asm.SymbolTable::add (39 bytes)
Event: 2.162 Thread 0x000002037c4ea670 nmethod 1133 0x000002036634f390 code [0x000002036634f540, 0x000002036634f7f8]
Event: 2.162 Thread 0x000002037c4ea670 1134       3       org.lombokweb.asm.ClassReader::readUTF8 (23 bytes)
Event: 2.162 Thread 0x000002037c4ea670 nmethod 1134 0x000002036634f910 code [0x000002036634fac0, 0x000002036634fd18]
Event: 2.162 Thread 0x000002037c4ea670 1131       3       org.lombokweb.asm.SymbolTable::hash (10 bytes)
Event: 2.162 Thread 0x000002037c4ea670 nmethod 1131 0x000002036634fe10 code [0x000002036634ffa0, 0x00000203663500c8]
Event: 2.162 Thread 0x000002037c4ea670 1135       3       java.io.File::getAbsolutePath (8 bytes)
Event: 2.163 Thread 0x000002037c4ea670 nmethod 1135 0x0000020366350190 code [0x0000020366350340, 0x00000203663504a8]
Event: 2.167 Thread 0x000002037c4ea670 1136       3       java.io.File::<init> (47 bytes)
Event: 2.167 Thread 0x000002037c4ea670 nmethod 1136 0x0000020366350590 code [0x0000020366350760, 0x0000020366350aa8]
Event: 2.204 Thread 0x000002037c4ea670 1137       3       java.net.URI::toString (16 bytes)
Event: 2.205 Thread 0x000002037c4ea670 nmethod 1137 0x0000020366350c10 code [0x0000020366350dc0, 0x0000020366350f48]

GC Heap History (2 events):
Event: 1.869 GC heap before
{Heap before GC invocations=1 (full 0):
 PSYoungGen      total 29696K, used 25600K [0x00000000eab00000, 0x00000000ecc00000, 0x0000000100000000)
  eden space 25600K, 100% used [0x00000000eab00000,0x00000000ec400000,0x00000000ec400000)
  from space 4096K, 0% used [0x00000000ec800000,0x00000000ec800000,0x00000000ecc00000)
  to   space 4096K, 0% used [0x00000000ec400000,0x00000000ec400000,0x00000000ec800000)
 ParOldGen       total 68608K, used 0K [0x00000000c0000000, 0x00000000c4300000, 0x00000000eab00000)
  object space 68608K, 0% used [0x00000000c0000000,0x00000000c0000000,0x00000000c4300000)
 Metaspace       used 11025K, committed 11200K, reserved 1114112K
  class space    used 1099K, committed 1216K, reserved 1048576K
}
Event: 1.880 GC heap after
{Heap after GC invocations=1 (full 0):
 PSYoungGen      total 29696K, used 3172K [0x00000000eab00000, 0x00000000ecc00000, 0x0000000100000000)
  eden space 25600K, 0% used [0x00000000eab00000,0x00000000eab00000,0x00000000ec400000)
  from space 4096K, 77% used [0x00000000ec400000,0x00000000ec719140,0x00000000ec800000)
  to   space 4096K, 0% used [0x00000000ec800000,0x00000000ec800000,0x00000000ecc00000)
 ParOldGen       total 68608K, used 16K [0x00000000c0000000, 0x00000000c4300000, 0x00000000eab00000)
  object space 68608K, 0% used [0x00000000c0000000,0x00000000c0004000,0x00000000c4300000)
 Metaspace       used 11025K, committed 11200K, reserved 1114112K
  class space    used 1099K, committed 1216K, reserved 1048576K
}

Dll operation events (8 events):
Event: 0.022 Loaded shared library c:\Users\papth\.vscode\extensions\redhat.java-1.28.1-win32-x64\jre\17.0.10-win32-x86_64\bin\java.dll
Event: 0.379 Loaded shared library c:\Users\papth\.vscode\extensions\redhat.java-1.28.1-win32-x64\jre\17.0.10-win32-x86_64\bin\zip.dll
Event: 0.404 Loaded shared library C:\Users\papth\.vscode\extensions\redhat.java-1.28.1-win32-x64\jre\17.0.10-win32-x86_64\bin\instrument.dll
Event: 0.465 Loaded shared library C:\Users\papth\.vscode\extensions\redhat.java-1.28.1-win32-x64\jre\17.0.10-win32-x86_64\bin\net.dll
Event: 0.469 Loaded shared library C:\Users\papth\.vscode\extensions\redhat.java-1.28.1-win32-x64\jre\17.0.10-win32-x86_64\bin\nio.dll
Event: 0.482 Loaded shared library C:\Users\papth\.vscode\extensions\redhat.java-1.28.1-win32-x64\jre\17.0.10-win32-x86_64\bin\zip.dll
Event: 0.531 Loaded shared library C:\Users\papth\.vscode\extensions\redhat.java-1.28.1-win32-x64\jre\17.0.10-win32-x86_64\bin\jimage.dll
Event: 0.671 Loaded shared library c:\Users\papth\.vscode\extensions\redhat.java-1.28.1-win32-x64\jre\17.0.10-win32-x86_64\bin\verify.dll

Deoptimization events (20 events):
Event: 1.752 Thread 0x00000203634d1c10 DEOPT PACKING pc=0x000002036dc6a9dc sp=0x000000c44b8fe540
Event: 1.752 Thread 0x00000203634d1c10 DEOPT UNPACKING pc=0x000002036d6e66a3 sp=0x000000c44b8fe488 mode 2
Event: 1.752 Thread 0x00000203634d1c10 Uncommon trap: trap_request=0xffffff45 fr.pc=0x000002036dc76d98 relative=0x0000000000000098
Event: 1.752 Thread 0x00000203634d1c10 Uncommon trap: reason=unstable_if action=reinterpret pc=0x000002036dc76d98 method=java.util.HashMap.hash(Ljava/lang/Object;)I @ 1 c2
Event: 1.752 Thread 0x00000203634d1c10 DEOPT PACKING pc=0x000002036dc76d98 sp=0x000000c44b8fe3f0
Event: 1.752 Thread 0x00000203634d1c10 DEOPT UNPACKING pc=0x000002036d6e66a3 sp=0x000000c44b8fe388 mode 2
Event: 1.763 Thread 0x00000203634d1c10 DEOPT PACKING pc=0x00000203661a9e22 sp=0x000000c44b8fa190
Event: 1.763 Thread 0x00000203634d1c10 DEOPT UNPACKING pc=0x000002036d6e6e43 sp=0x000000c44b8f95f0 mode 0
Event: 2.062 Thread 0x00000203634d1c10 Uncommon trap: trap_request=0xffffff45 fr.pc=0x000002036dc70504 relative=0x0000000000001044
Event: 2.062 Thread 0x00000203634d1c10 Uncommon trap: reason=unstable_if action=reinterpret pc=0x000002036dc70504 method=lombok.patcher.PatchScript.classMatches(Ljava/lang/String;Ljava/util/Collection;)Z @ 25 c2
Event: 2.062 Thread 0x00000203634d1c10 DEOPT PACKING pc=0x000002036dc70504 sp=0x000000c44b8f8710
Event: 2.062 Thread 0x00000203634d1c10 DEOPT UNPACKING pc=0x000002036d6e66a3 sp=0x000000c44b8f8678 mode 2
Event: 2.065 Thread 0x00000203634d1c10 DEOPT PACKING pc=0x00000203661d30c5 sp=0x000000c44b8f7bb0
Event: 2.065 Thread 0x00000203634d1c10 DEOPT UNPACKING pc=0x000002036d6e6e43 sp=0x000000c44b8f7060 mode 0
Event: 2.115 Thread 0x00000203634d1c10 DEOPT PACKING pc=0x00000203661d30c5 sp=0x000000c44b8f3f90
Event: 2.115 Thread 0x00000203634d1c10 DEOPT UNPACKING pc=0x000002036d6e6e43 sp=0x000000c44b8f3440 mode 0
Event: 2.127 Thread 0x00000203634d1c10 DEOPT PACKING pc=0x00000203661d30c5 sp=0x000000c44b8f3f90
Event: 2.127 Thread 0x00000203634d1c10 DEOPT UNPACKING pc=0x000002036d6e6e43 sp=0x000000c44b8f3440 mode 0
Event: 2.135 Thread 0x00000203634d1c10 DEOPT PACKING pc=0x00000203661d30c5 sp=0x000000c44b8f3f90
Event: 2.135 Thread 0x00000203634d1c10 DEOPT UNPACKING pc=0x000002036d6e6e43 sp=0x000000c44b8f3440 mode 0

Classes unloaded (0 events):
No events

Classes redefined (0 events):
No events

Internal exceptions (20 events):
Event: 1.285 Thread 0x00000203634d1c10 Exception <a 'java/io/FileNotFoundException'{0x00000000eb869768}> (0x00000000eb869768) 
thrown [s\src\hotspot\share\prims\jni.cpp, line 516]
Event: 1.286 Thread 0x00000203634d1c10 Exception <a 'java/io/FileNotFoundException'{0x00000000eb86abf8}> (0x00000000eb86abf8) 
thrown [s\src\hotspot\share\prims\jni.cpp, line 516]
Event: 1.286 Thread 0x00000203634d1c10 Exception <a 'java/io/FileNotFoundException'{0x00000000eb86c080}> (0x00000000eb86c080) 
thrown [s\src\hotspot\share\prims\jni.cpp, line 516]
Event: 1.287 Thread 0x00000203634d1c10 Exception <a 'java/io/FileNotFoundException'{0x00000000eb86d4d8}> (0x00000000eb86d4d8) 
thrown [s\src\hotspot\share\prims\jni.cpp, line 516]
Event: 1.307 Thread 0x00000203634d1c10 Exception <a 'java/io/FileNotFoundException'{0x00000000eb8a84f8}> (0x00000000eb8a84f8) 
thrown [s\src\hotspot\share\prims\jni.cpp, line 516]
Event: 1.665 Thread 0x00000203634d1c10 Exception <a 'java/lang/ClassNotFoundException'{0x00000000ec0b0ae0}: sun/net/www/protocol/c/Handler> (0x00000000ec0b0ae0) 
thrown [s\src\hotspot\share\classfile\systemDictionary.cpp, line 256]
Event: 1.666 Thread 0x00000203634d1c10 Exception <a 'java/lang/ClassNotFoundException'{0x00000000ec0b1e50}: sun/net/www/protocol/c/Handler> (0x00000000ec0b1e50) 
thrown [s\src\hotspot\share\classfile\systemDictionary.cpp, line 256]
Event: 1.666 Thread 0x00000203634d1c10 Exception <a 'java/lang/ClassNotFoundException'{0x00000000ec0b3018}: sun/net/www/protocol/c/Handler> (0x00000000ec0b3018) 
thrown [s\src\hotspot\share\classfile\systemDictionary.cpp, line 256]
Event: 1.690 Thread 0x00000203634d1c10 Exception <a 'java/io/FileNotFoundException'{0x00000000ec0da158}> (0x00000000ec0da158) 
thrown [s\src\hotspot\share\prims\jni.cpp, line 516]
Event: 1.752 Thread 0x00000203634d1c10 Implicit null exception at 0x000002036dc8ef00 to 0x000002036dc8f8d4
Event: 1.752 Thread 0x00000203634d1c10 Implicit null exception at 0x000002036dc853ec to 0x000002036dc855cc
Event: 1.752 Thread 0x00000203634d1c10 Implicit null exception at 0x000002036dc7588e to 0x000002036dc75adc
Event: 1.752 Thread 0x00000203634d1c10 Implicit null exception at 0x000002036dc76d0f to 0x000002036dc76d89
Event: 1.844 Thread 0x00000203634d1c10 Exception <a 'java/lang/NoSuchMethodError'{0x00000000ec3ad0e8}: 'int java.lang.invoke.DirectMethodHandle$Holder.invokeStaticInit(java.lang.Object, java.lang.Object, java.lang.Object, java.lang.Object)'> (0x00000000ec3ad0e8) 
thrown [s\src\hotspot\share\interpreter\linkResolver.cpp, line 759]
Event: 1.847 Thread 0x00000203634d1c10 Exception <a 'java/lang/NoSuchMethodError'{0x00000000ec3b7758}: 'java.lang.Object java.lang.invoke.DirectMethodHandle$Holder.invokeInterface(java.lang.Object, java.lang.Object)'> (0x00000000ec3b7758) 
thrown [s\src\hotspot\share\interpreter\linkResolver.cpp, line 759]
Event: 1.847 Thread 0x00000203634d1c10 Exception <a 'java/lang/IncompatibleClassChangeError'{0x00000000ec3baf50}: Found class java.lang.Object, but interface was expected> (0x00000000ec3baf50) 
thrown [s\src\hotspot\share\interpreter\linkResolver.cpp, line 826]
Event: 1.848 Thread 0x00000203634d1c10 Exception <a 'java/lang/NoSuchMethodError'{0x00000000ec3bf440}: 'void java.lang.invoke.DirectMethodHandle$Holder.invokeStatic(java.lang.Object, java.lang.Object)'> (0x00000000ec3bf440) 
thrown [s\src\hotspot\share\interpreter\linkResolver.cpp, line 759]
Event: 1.851 Thread 0x00000203634d1c10 Exception <a 'java/lang/NoSuchMethodError'{0x00000000ec3c2c40}: 'void java.lang.invoke.DirectMethodHandle$Holder.invokeStaticInit(java.lang.Object, java.lang.Object)'> (0x00000000ec3c2c40) 
thrown [s\src\hotspot\share\interpreter\linkResolver.cpp, line 759]
Event: 1.852 Thread 0x00000203634d1c10 Exception <a 'java/lang/NoSuchMethodError'{0x00000000ec3ca1d0}: 'int java.lang.invoke.DirectMethodHandle$Holder.invokeStaticInit(java.lang.Object, java.lang.Object)'> (0x00000000ec3ca1d0) 
thrown [s\src\hotspot\share\interpreter\linkResolver.cpp, line 759]
Event: 1.936 Thread 0x00000203634d1c10 Exception <a 'java/lang/NoSuchMethodError'{0x00000000eac56360}: 'void java.lang.invoke.DirectMethodHandle$Holder.invokeSpecial(java.lang.Object, java.lang.Object, java.lang.Object)'> (0x00000000eac56360) 
thrown [s\src\hotspot\share\interpreter\linkResolver.cpp, line 759]

VM Operations (14 events):
Event: 0.336 Executing VM operation: HandshakeAllThreads
Event: 0.336 Executing VM operation: HandshakeAllThreads done
Event: 0.562 Executing VM operation: HandshakeAllThreads
Event: 0.562 Executing VM operation: HandshakeAllThreads done
Event: 1.223 Executing VM operation: HandshakeAllThreads
Event: 1.223 Executing VM operation: HandshakeAllThreads done
Event: 1.223 Executing VM operation: Cleanup
Event: 1.223 Executing VM operation: Cleanup done
Event: 1.249 Executing VM operation: HandshakeAllThreads
Event: 1.249 Executing VM operation: HandshakeAllThreads done
Event: 1.603 Executing VM operation: HandshakeAllThreads
Event: 1.603 Executing VM operation: HandshakeAllThreads done
Event: 1.869 Executing VM operation: ParallelGCFailedAllocation
Event: 1.880 Executing VM operation: ParallelGCFailedAllocation done

Events (20 events):
Event: 1.978 loading class java/util/concurrent/SynchronousQueue$Transferer done
Event: 1.978 loading class java/util/concurrent/SynchronousQueue$TransferStack done
Event: 1.978 loading class java/util/concurrent/SynchronousQueue$TransferStack$SNode
Event: 1.978 loading class java/util/concurrent/ForkJoinPool$ManagedBlocker
Event: 1.978 loading class java/util/concurrent/ForkJoinPool$ManagedBlocker done
Event: 1.978 loading class java/util/concurrent/SynchronousQueue$TransferStack$SNode done
Event: 1.979 loading class java/util/concurrent/RejectedExecutionHandler
Event: 1.979 loading class java/util/concurrent/RejectedExecutionHandler done
Event: 1.979 loading class java/util/concurrent/LinkedBlockingQueue
Event: 1.980 loading class java/util/concurrent/LinkedBlockingQueue done
Event: 1.980 loading class java/util/concurrent/LinkedBlockingQueue$Node
Event: 1.980 loading class java/util/concurrent/LinkedBlockingQueue$Node done
Event: 2.003 loading class java/util/concurrent/Semaphore$NonfairSync
Event: 2.003 loading class java/util/concurrent/Semaphore$Sync
Event: 2.003 loading class java/util/concurrent/Semaphore$Sync done
Event: 2.003 loading class java/util/concurrent/Semaphore$NonfairSync done
Event: 2.032 Thread 0x000002037dd80390 Thread added: 0x000002037dd80390
Event: 2.033 Thread 0x000002037dd808b0 Thread added: 0x000002037dd808b0
Event: 2.101 loading class java/lang/TypeNotPresentException
Event: 2.101 loading class java/lang/TypeNotPresentException done


Dynamic libraries:
0x00007ff62db30000 - 0x00007ff62db3e000 	c:\Users\papth\.vscode\extensions\redhat.java-1.28.1-win32-x64\jre\17.0.10-win32-x86_64\bin\java.exe
0x00007ff961770000 - 0x00007ff961987000 	C:\WINDOWS\SYSTEM32\ntdll.dll
0x00007ff960660000 - 0x00007ff960724000 	C:\WINDOWS\System32\KERNEL32.DLL
0x00007ff95eab0000 - 0x00007ff95ee56000 	C:\WINDOWS\System32\KERNELBASE.dll
0x00007ff95f280000 - 0x00007ff95f391000 	C:\WINDOWS\System32\ucrtbase.dll
0x00007ff924ca0000 - 0x00007ff924cb7000 	c:\Users\papth\.vscode\extensions\redhat.java-1.28.1-win32-x64\jre\17.0.10-win32-x86_64\bin\jli.dll
0x00007ff924220000 - 0x00007ff92423b000 	c:\Users\papth\.vscode\extensions\redhat.java-1.28.1-win32-x64\jre\17.0.10-win32-x86_64\bin\VCRUNTIME140.dll
0x00007ff9608f0000 - 0x00007ff960a9e000 	C:\WINDOWS\System32\USER32.dll
0x00007ff95ee60000 - 0x00007ff95ee86000 	C:\WINDOWS\System32\win32u.dll
0x00007ff95fef0000 - 0x00007ff95ff19000 	C:\WINDOWS\System32\GDI32.dll
0x00007ff947ac0000 - 0x00007ff947d53000 	C:\WINDOWS\WinSxS\amd64_microsoft.windows.common-controls_6595b64144ccf1df_6.0.22621.2506_none_270c5ae97388e100\COMCTL32.dll
0x00007ff95f3a0000 - 0x00007ff95f4b8000 	C:\WINDOWS\System32\gdi32full.dll
0x00007ff9605a0000 - 0x00007ff960647000 	C:\WINDOWS\System32\msvcrt.dll
0x00007ff95ef80000 - 0x00007ff95f01a000 	C:\WINDOWS\System32\msvcp_win.dll
0x00007ff95ff20000 - 0x00007ff95ff51000 	C:\WINDOWS\System32\IMM32.DLL
0x00007ff930fe0000 - 0x00007ff930fec000 	c:\Users\papth\.vscode\extensions\redhat.java-1.28.1-win32-x64\jre\17.0.10-win32-x86_64\bin\vcruntime140_1.dll
0x00007ff9157c0000 - 0x00007ff91584d000 	c:\Users\papth\.vscode\extensions\redhat.java-1.28.1-win32-x64\jre\17.0.10-win32-x86_64\bin\msvcp140.dll
0x00007ff902410000 - 0x00007ff903072000 	c:\Users\papth\.vscode\extensions\redhat.java-1.28.1-win32-x64\jre\17.0.10-win32-x86_64\bin\server\jvm.dll
0x00007ff95fd80000 - 0x00007ff95fe33000 	C:\WINDOWS\System32\ADVAPI32.dll
0x00007ff961300000 - 0x00007ff9613a8000 	C:\WINDOWS\System32\sechost.dll
0x00007ff95f250000 - 0x00007ff95f278000 	C:\WINDOWS\System32\bcrypt.dll
0x00007ff961420000 - 0x00007ff961537000 	C:\WINDOWS\System32\RPCRT4.dll
0x00007ff95d900000 - 0x00007ff95d94d000 	C:\WINDOWS\SYSTEM32\POWRPROF.dll
0x00007ff9542c0000 - 0x00007ff9542ca000 	C:\WINDOWS\SYSTEM32\VERSION.dll
0x00007ff930c80000 - 0x00007ff930c89000 	C:\WINDOWS\SYSTEM32\WSOCK32.dll
0x00007ff95ff70000 - 0x00007ff95ffe1000 	C:\WINDOWS\System32\WS2_32.dll
0x00007ff957300000 - 0x00007ff957334000 	C:\WINDOWS\SYSTEM32\WINMM.dll
0x00007ff95d8e0000 - 0x00007ff95d8f3000 	C:\WINDOWS\SYSTEM32\UMPDC.dll
0x00007ff95dba0000 - 0x00007ff95dbb8000 	C:\WINDOWS\SYSTEM32\kernel.appcore.dll
0x00007ff9305d0000 - 0x00007ff9305da000 	c:\Users\papth\.vscode\extensions\redhat.java-1.28.1-win32-x64\jre\17.0.10-win32-x86_64\bin\jimage.dll
0x00007ff95c3a0000 - 0x00007ff95c5d3000 	C:\WINDOWS\SYSTEM32\DBGHELP.DLL
0x00007ff9600b0000 - 0x00007ff960439000 	C:\WINDOWS\System32\combase.dll
0x00007ff9615c0000 - 0x00007ff961697000 	C:\WINDOWS\System32\OLEAUT32.dll
0x00007ff94f400000 - 0x00007ff94f432000 	C:\WINDOWS\SYSTEM32\dbgcore.DLL
0x00007ff95ee90000 - 0x00007ff95ef0a000 	C:\WINDOWS\System32\bcryptPrimitives.dll
0x00007ff92b5f0000 - 0x00007ff92b5fe000 	c:\Users\papth\.vscode\extensions\redhat.java-1.28.1-win32-x64\jre\17.0.10-win32-x86_64\bin\instrument.dll
0x00007ff91d440000 - 0x00007ff91d465000 	c:\Users\papth\.vscode\extensions\redhat.java-1.28.1-win32-x64\jre\17.0.10-win32-x86_64\bin\java.dll
0x00007ff922a40000 - 0x00007ff922a58000 	c:\Users\papth\.vscode\extensions\redhat.java-1.28.1-win32-x64\jre\17.0.10-win32-x86_64\bin\zip.dll
0x00007ff960aa0000 - 0x00007ff9612fb000 	C:\WINDOWS\System32\SHELL32.dll
0x00007ff95c9c0000 - 0x00007ff95d2b6000 	C:\WINDOWS\SYSTEM32\windows.storage.dll
0x00007ff95c880000 - 0x00007ff95c9be000 	C:\WINDOWS\SYSTEM32\wintypes.dll
0x00007ff95f4c0000 - 0x00007ff95f5b3000 	C:\WINDOWS\System32\SHCORE.dll
0x00007ff961540000 - 0x00007ff96159e000 	C:\WINDOWS\System32\shlwapi.dll
0x00007ff95e9e0000 - 0x00007ff95ea06000 	C:\WINDOWS\SYSTEM32\profapi.dll
0x00007ff922770000 - 0x00007ff922789000 	C:\Users\papth\.vscode\extensions\redhat.java-1.28.1-win32-x64\jre\17.0.10-win32-x86_64\bin\net.dll
0x00007ff957e70000 - 0x00007ff957fa7000 	C:\WINDOWS\SYSTEM32\WINHTTP.dll
0x00007ff95e040000 - 0x00007ff95e0a9000 	C:\WINDOWS\system32\mswsock.dll
0x00007ff91d3f0000 - 0x00007ff91d406000 	C:\Users\papth\.vscode\extensions\redhat.java-1.28.1-win32-x64\jre\17.0.10-win32-x86_64\bin\nio.dll
0x00007ff928b50000 - 0x00007ff928b60000 	c:\Users\papth\.vscode\extensions\redhat.java-1.28.1-win32-x64\jre\17.0.10-win32-x86_64\bin\verify.dll

dbghelp: loaded successfully - version: 4.0.5 - missing functions: none
symbol engine: initialized successfully - sym options: 0x614 - pdb path: .;c:\Users\papth\.vscode\extensions\redhat.java-1.28.1-win32-x64\jre\17.0.10-win32-x86_64\bin;C:\WINDOWS\SYSTEM32;C:\WINDOWS\WinSxS\amd64_microsoft.windows.common-controls_6595b64144ccf1df_6.0.22621.2506_none_270c5ae97388e100;c:\Users\papth\.vscode\extensions\redhat.java-1.28.1-win32-x64\jre\17.0.10-win32-x86_64\bin\server

VM Arguments:
jvm_args: --add-modules=ALL-SYSTEM --add-opens=java.base/java.util=ALL-UNNAMED --add-opens=java.base/java.lang=ALL-UNNAMED --add-opens=java.base/sun.nio.fs=ALL-UNNAMED -Declipse.application=org.eclipse.jdt.ls.core.id1 -Dosgi.bundles.defaultStartLevel=4 -Declipse.product=org.eclipse.jdt.ls.core.product -Djava.import.generatesMetadataFilesAtProjectRoot=false -DDetectVMInstallationsJob.disabled=true -Dfile.encoding=utf8 -XX:+UseParallelGC -XX:GCTimeRatio=4 -XX:AdaptiveSizePolicyWeight=90 -Dsun.zip.disableMemoryMapping=true -Xmx1G -Xms100m -Xlog:disable -javaagent:c:\Users\papth\.vscode\extensions\redhat.java-1.28.1-win32-x64\lombok\lombok-1.18.31.jar -XX:+HeapDumpOnOutOfMemoryError -XX:HeapDumpPath=c:\Users\papth\AppData\Roaming\Code\User\workspaceStorage\fb0275111390ad12c1baf502f4576d5b\redhat.java -Daether.dependencyCollector.impl=bf 
java_command: c:\Users\papth\.vscode\extensions\redhat.java-1.28.1-win32-x64\server\plugins\org.eclipse.equinox.launcher_1.6.700.v20231214-2017.jar -configuration c:\Users\papth\AppData\Roaming\Code\User\globalStorage\redhat.java\1.28.1\config_win -data c:\Users\papth\AppData\Roaming\Code\User\workspaceStorage\fb0275111390ad12c1baf502f4576d5b\redhat.java\jdt_ws --stdio
java_class_path (initial): c:\Users\papth\.vscode\extensions\redhat.java-1.28.1-win32-x64\server\plugins\org.eclipse.equinox.launcher_1.6.700.v20231214-2017.jar
Launcher Type: SUN_STANDARD

[Global flags]
    uintx AdaptiveSizePolicyWeight                 = 90                                        {product} {command line}
     intx CICompilerCount                          = 4                                         {product} {ergonomic}
    uintx GCTimeRatio                              = 4                                         {product} {command line}
     bool HeapDumpOnOutOfMemoryError               = true                                   {manageable} {command line}
    ccstr HeapDumpPath                             = c:\Users\papth\AppData\Roaming\Code\User\workspaceStorage\fb0275111390ad12c1baf502f4576d5b\redhat.java         {manageable} {command line}
   size_t InitialHeapSize                          = 104857600                                 {product} {command line}
   size_t MaxHeapSize                              = 1073741824                                {product} {command line}
   size_t MaxNewSize                               = 357564416                                 {product} {ergonomic}
   size_t MinHeapDeltaBytes                        = 524288                                    {product} {ergonomic}
   size_t MinHeapSize                              = 104857600                                 {product} {command line}
   size_t NewSize                                  = 34603008                                  {product} {ergonomic}
    uintx NonNMethodCodeHeapSize                   = 5839372                                {pd product} {ergonomic}
    uintx NonProfiledCodeHeapSize                  = 122909434                              {pd product} {ergonomic}
   size_t OldSize                                  = 70254592                                  {product} {ergonomic}
    uintx ProfiledCodeHeapSize                     = 122909434                              {pd product} {ergonomic}
    uintx ReservedCodeCacheSize                    = 251658240                              {pd product} {ergonomic}
     bool SegmentedCodeCache                       = true                                      {product} {ergonomic}
   size_t SoftMaxHeapSize                          = 1073741824                             {manageable} {ergonomic}
     bool UseCompressedClassPointers               = true                           {product lp64_product} {ergonomic}
     bool UseCompressedOops                        = true                           {product lp64_product} {ergonomic}
     bool UseLargePagesIndividualAllocation        = false                                  {pd product} {ergonomic}
     bool UseParallelGC                            = true                                      {product} {command line}

Logging:
Log output configuration:
 #0: stdout all=off uptime,level,tags
 #1: stderr all=off uptime,level,tags

Environment Variables:
JAVA_HOME=C:\LAB-TOOLS\JDK\jdk-17.0.6
PATH=C:\Python311\Scripts\;C:\Python311\;C:\LAB-TOOLS\JDK\jdk-17.0.6\bin;C:\Program Files\Microsoft\jdk-11.0.12.7-hotspot\bin;C:\Program Files\AdoptOpenJDK\jdk-11.0.9.101-hotspot\bin;C:\Program Files (x86)\Common Files\Oracle\Java\javapath;C:\windows\system32;C:\windows;C:\windows\System32\Wbem;C:\windows\System32\WindowsPowerShell\v1.0\;C:\windows\System32\OpenSSH\;C:\Program Files (x86)\NVIDIA Corporation\PhysX\Common;C:\Program Files\NVIDIA Corporation\NVIDIA NvDLISR;C:\Program Files (x86)\Wolfram Research\WolframScript\;C:\WINDOWS\system32;C:\WINDOWS;C:\WINDOWS\System32\Wbem;C:\WINDOWS\System32\WindowsPowerShell\v1.0\;C:\WINDOWS\System32\OpenSSH\;C:\Program Files\MATLAB\R2020a\runtime\win64;C:\Program Files\MATLAB\R2020a\bin;C:\Program Files\OpenVPN\bin;C:\Program Files\Git\cmd;C:\Program Files\Git\usr\bin;C:\Program Files\Microsoft SQL Server\150\Tools\Binn\;C:\Program Files\dotnet\;C:\MinGW\mingw32\bin;C:\WINDOWS\system32;C:\WINDOWS;C:\WINDOWS\System32\Wbem;C:\WINDOWS\System32\WindowsPowerShell\v1.0\;C:\Program Files\nodejs;C:\ProgramData\chocolatey\bin;C:\Program Files\Docker\Docker\resources\bin;C:\WINDOWS\System32\OpenSSH\;C:\Program Files\PowerShell\7-preview\preview;C:\Program Files\PowerShell\7\;C:\LAB-TOOLS\apache-maven-3.9.6-bin\apache-maven-3.9.6\bin;C:\Users\papth\scoop\shims;C:\dev\flutter\bin;C:\Users\papth\AppData\Local\Microsoft\WindowsApps;C:\Users\papth\AppData\Local\GitHubDesktop\bin;C:\Users\papth\AppData\Local\Microsoft\WindowsApps;C:\Users\papth\AppData\Local\atom\bin;C:\Users\papth\.dotnet\tools;C:\Users\papth\AppData\Roaming\npm;C:\dev\android-sdk\platform-tools;C:\Program Files\nodejs;C:\Users\papth\AppData\Local\Programs\Microsoft VS Code\bin;C:\Users\papth\AppData\Roaming\Python\Python311\Scripts;C:\Users\papth\AppData\Local\Google\Cloud SDK\google-cloud-sdk\bin
USERNAME=papth
OS=Windows_NT
PROCESSOR_IDENTIFIER=Intel64 Family 6 Model 142 Stepping 12, GenuineIntel
TMP=C:\Users\papth\AppData\Local\Temp
TEMP=C:\Users\papth\AppData\Local\Temp



Periodic native trim disabled


---------------  S Y S T E M  ---------------

OS:
 Windows 11 , 64 bit Build 22621 (10.0.22621.3085)
OS uptime: 0 days 5:11 hours
Hyper-V role detected

CPU: total 8 (initial active 8) (4 cores per cpu, 2 threads per core) family 6 model 142 stepping 12 microcode 0xde, cx8, cmov, fxsr, ht, mmx, 3dnowpref, sse, sse2, sse3, ssse3, sse4.1, sse4.2, popcnt, lzcnt, tsc, tscinvbit, avx, avx2, aes, erms, clmul, bmi1, bmi2, adx, fma, vzeroupper, clflush, clflushopt, hv
Processor Information for all 8 processors :
  Max Mhz: 2304, Current Mhz: 1803, Mhz Limit: 1797

Memory: 4k page, system-wide physical 16187M (3851M free)
TotalPageFile size 16187M (AvailPageFile size 3M)
current process WorkingSet (physical memory assigned to process): 80M, peak: 81M
current process commit charge ("private bytes"): 202M, peak: 203M

vm_info: OpenJDK 64-Bit Server VM (17.0.10+7) for windows-amd64 JRE (17.0.10+7), built on Jan 16 2024 23:25:11 by "admin" with MS VC++ 16.10 / 16.11 (VS2019)

END.
