#
# There is insufficient memory for the Java Runtime Environment to continue.
# Native memory allocation (mmap) failed to map 266338304 bytes for G1 virtual space
# Possible reasons:
#   The system is out of physical RAM or swap space
#   The process is running with CompressedOops enabled, and the Java Heap may be blocking the growth of the native heap
# Possible solutions:
#   Reduce memory load on the system
#   Increase physical memory or swap space
#   Check if swap backing store is full
#   Decrease Java heap size (-Xmx/-Xms)
#   Decrease number of Java threads
#   Decrease Java thread stack sizes (-Xss)
#   Set larger code cache with -XX:ReservedCodeCacheSize=
#   JVM is running with Zero Based Compressed Oops mode in which the Java heap is
#     placed in the first 32GB address space. The Java Heap base address is the
#     maximum limit for the native heap growth. Please use -XX:HeapBaseMinAddress
#     to set the Java Heap base and to place the Java Heap above 32GB virtual address.
# This output file may be truncated or incomplete.
#
#  Out of Memory Error (os_windows.cpp:3550), pid=16788, tid=9520
#
# JRE version:  (17.0.6+9) (build )
# Java VM: Java HotSpot(TM) 64-Bit Server VM (17.0.6+9-LTS-190, mixed mode, sharing, tiered, compressed oops, compressed class ptrs, g1 gc, windows-amd64)
# No core dump will be written. Minidumps are not enabled by default on client versions of Windows
#

---------------  S U M M A R Y ------------

Command Line: --module-path=c:\LAB-TOOLS\ECLIPSE\Eclipse-Workspace\multimedia\weblibrary\target\classes;C:\Users\papth\.m2\repository\org\openjfx\javafx-base\13\javafx-base-13-win.jar;C:\Users\papth\.m2\repository\org\openjfx\javafx-controls\13\javafx-controls-13-win.jar;C:\Users\papth\.m2\repository\org\openjfx\javafx-fxml\13\javafx-fxml-13-win.jar;C:\Users\papth\.m2\repository\org\openjfx\javafx-graphics\13\javafx-graphics-13-win.jar --add-modules=com.library -Djdk.module.main=com.library com.library/com.library.App

Host: Intel(R) Core(TM) i7-10510U CPU @ 1.80GHz, 8 cores, 15G,  Windows 11 , 64 bit Build 22621 (10.0.22621.3672)
Time: Sun Aug 11 03:34:29 2024  Windows 11 , 64 bit Build 22621 (10.0.22621.3672) elapsed time: 0.020272 seconds (0d 0h 0m 0s)

---------------  T H R E A D  ---------------

Current thread (0x0000018c10fd7b90):  JavaThread "Unknown thread" [_thread_in_vm, id=9520, stack(0x0000001130f00000,0x0000001131000000)]

Stack: [0x0000001130f00000,0x0000001131000000]
Native frames: (J=compiled Java code, j=interpreted, Vv=VM code, C=native code)
V  [jvm.dll+0x6734ea]
V  [jvm.dll+0x7d18f4]
V  [jvm.dll+0x7d309e]
V  [jvm.dll+0x7d3703]
V  [jvm.dll+0x2433c5]
V  [jvm.dll+0x6703f9]
V  [jvm.dll+0x664d32]
V  [jvm.dll+0x300086]
V  [jvm.dll+0x307606]
V  [jvm.dll+0x356c1e]
V  [jvm.dll+0x356e4f]
V  [jvm.dll+0x2d72e8]
V  [jvm.dll+0x2d8254]
V  [jvm.dll+0x7a33b1]
V  [jvm.dll+0x3647f1]
V  [jvm.dll+0x782839]
V  [jvm.dll+0x3e757f]
V  [jvm.dll+0x3e9001]
C  [jli.dll+0x5297]
C  [ucrtbase.dll+0x29333]
C  [KERNEL32.DLL+0x1257d]
C  [ntdll.dll+0x5af28]


---------------  P R O C E S S  ---------------

Threads class SMR info:
_java_thread_list=0x00007ffd5f8be958, length=0, elements={
}

Java Threads: ( => current thread )

Other Threads:
  0x0000018c11045090 GCTaskThread "GC Thread#0" [stack: 0x0000001131000000,0x0000001131100000] [id=4876]
  0x0000018c11055cd0 ConcurrentGCThread "G1 Main Marker" [stack: 0x0000001131100000,0x0000001131200000] [id=2612]
  0x0000018c11056e80 ConcurrentGCThread "G1 Conc#0" [stack: 0x0000001131200000,0x0000001131300000] [id=5840]

[error occurred during error reporting (printing all threads), id 0xc0000005, EXCEPTION_ACCESS_VIOLATION (0xc0000005) at pc=0x00007ffd5f0f7f07]

VM state: not at safepoint (not fully initialized)

VM Mutex/Monitor currently owned by a thread:  ([mutex/lock_event])
[0x0000018c10fd3670] Heap_lock - owner thread: 0x0000018c10fd7b90

Heap address: 0x0000000703000000, size: 4048 MB, Compressed Oops mode: Zero based, Oop shift amount: 3

CDS archive(s) mapped at: [0x0000000000000000-0x0000000000000000-0x0000000000000000), size 0, SharedBaseAddress: 0x0000000800000000, ArchiveRelocationMode: 0.
Narrow klass base: 0x0000000000000000, Narrow klass shift: 0, Narrow klass range: 0x0

GC Precious Log:
<Empty>

Heap:
 garbage-first heap   total 0K, used 0K [0x0000000703000000, 0x0000000800000000)
  region size 2048K, 0 young (0K), 0 survivors (0K)

[error occurred during error reporting (printing heap information), id 0xc0000005, EXCEPTION_ACCESS_VIOLATION (0xc0000005) at pc=0x00007ffd5f4dc759]

GC Heap History (0 events):
No events

Deoptimization events (0 events):
No events

Classes unloaded (0 events):
No events

Classes redefined (0 events):
No events

Internal exceptions (0 events):
No events

VM Operations (0 events):
No events

Events (1 events):
Event: 0.013 Loaded shared library C:\LAB-TOOLS\JDK\jdk-17.0.6\bin\java.dll


Dynamic libraries:
0x00007ff7c2740000 - 0x00007ff7c2750000 	C:\LAB-TOOLS\JDK\jdk-17.0.6\bin\java.exe
0x00007ffe3ed70000 - 0x00007ffe3ef87000 	C:\WINDOWS\SYSTEM32\ntdll.dll
0x00007ffe3e930000 - 0x00007ffe3e9f4000 	C:\WINDOWS\System32\KERNEL32.DLL
0x00007ffe3c0a0000 - 0x00007ffe3c44d000 	C:\WINDOWS\System32\KERNELBASE.dll
0x00007ffe3c990000 - 0x00007ffe3caa1000 	C:\WINDOWS\System32\ucrtbase.dll
0x00007ffde7e70000 - 0x00007ffde7e88000 	C:\LAB-TOOLS\JDK\jdk-17.0.6\bin\jli.dll
0x00007ffde7e90000 - 0x00007ffde7eab000 	C:\LAB-TOOLS\JDK\jdk-17.0.6\bin\VCRUNTIME140.dll
0x00007ffe3d670000 - 0x00007ffe3d722000 	C:\WINDOWS\System32\ADVAPI32.dll
0x00007ffe3e250000 - 0x00007ffe3e2f7000 	C:\WINDOWS\System32\msvcrt.dll
0x00007ffe3cc60000 - 0x00007ffe3cd09000 	C:\WINDOWS\System32\sechost.dll
0x00007ffe3c7d0000 - 0x00007ffe3c7f8000 	C:\WINDOWS\System32\bcrypt.dll
0x00007ffe3dbe0000 - 0x00007ffe3dcf4000 	C:\WINDOWS\System32\RPCRT4.dll
0x00007ffe3dd10000 - 0x00007ffe3debe000 	C:\WINDOWS\System32\USER32.dll
0x00007ffe3c7a0000 - 0x00007ffe3c7c6000 	C:\WINDOWS\System32\win32u.dll
0x00007ffe3ed00000 - 0x00007ffe3ed29000 	C:\WINDOWS\System32\GDI32.dll
0x00007ffe3c800000 - 0x00007ffe3c919000 	C:\WINDOWS\System32\gdi32full.dll
0x00007ffe3c590000 - 0x00007ffe3c62a000 	C:\WINDOWS\System32\msvcp_win.dll
0x00007ffe29d70000 - 0x00007ffe2a003000 	C:\WINDOWS\WinSxS\amd64_microsoft.windows.common-controls_6595b64144ccf1df_6.0.22621.3672_none_2713b9d173822955\COMCTL32.dll
0x00007ffe32060000 - 0x00007ffe3206a000 	C:\WINDOWS\SYSTEM32\VERSION.dll
0x00007ffe3d790000 - 0x00007ffe3d7c1000 	C:\WINDOWS\System32\IMM32.DLL
0x00007ffe1be30000 - 0x00007ffe1be3c000 	C:\LAB-TOOLS\JDK\jdk-17.0.6\bin\vcruntime140_1.dll
0x00007ffde2c80000 - 0x00007ffde2d0e000 	C:\LAB-TOOLS\JDK\jdk-17.0.6\bin\msvcp140.dll
0x00007ffd5ee10000 - 0x00007ffd5f9e7000 	C:\LAB-TOOLS\JDK\jdk-17.0.6\bin\server\jvm.dll
0x00007ffe3ebe0000 - 0x00007ffe3ebe8000 	C:\WINDOWS\System32\PSAPI.DLL
0x00007ffe370f0000 - 0x00007ffe37124000 	C:\WINDOWS\SYSTEM32\WINMM.dll
0x00007ffe2b360000 - 0x00007ffe2b369000 	C:\WINDOWS\SYSTEM32\WSOCK32.dll
0x00007ffe3ea80000 - 0x00007ffe3eaf1000 	C:\WINDOWS\System32\WS2_32.dll
0x00007ffe3b180000 - 0x00007ffe3b198000 	C:\WINDOWS\SYSTEM32\kernel.appcore.dll
0x00007ffe0b600000 - 0x00007ffe0b60a000 	C:\LAB-TOOLS\JDK\jdk-17.0.6\bin\jimage.dll
0x00007ffe39980000 - 0x00007ffe39bb2000 	C:\WINDOWS\SYSTEM32\DBGHELP.DLL
0x00007ffe3dec0000 - 0x00007ffe3e248000 	C:\WINDOWS\System32\combase.dll
0x00007ffe3d7d0000 - 0x00007ffe3d8a7000 	C:\WINDOWS\System32\OLEAUT32.dll
0x00007ffe31db0000 - 0x00007ffe31de2000 	C:\WINDOWS\SYSTEM32\dbgcore.DLL
0x00007ffe3c450000 - 0x00007ffe3c4cb000 	C:\WINDOWS\System32\bcryptPrimitives.dll
0x00007ffde7de0000 - 0x00007ffde7e05000 	C:\LAB-TOOLS\JDK\jdk-17.0.6\bin\java.dll

dbghelp: loaded successfully - version: 4.0.5 - missing functions: none
symbol engine: initialized successfully - sym options: 0x614 - pdb path: .;C:\LAB-TOOLS\JDK\jdk-17.0.6\bin;C:\WINDOWS\SYSTEM32;C:\WINDOWS\WinSxS\amd64_microsoft.windows.common-controls_6595b64144ccf1df_6.0.22621.3672_none_2713b9d173822955;C:\LAB-TOOLS\JDK\jdk-17.0.6\bin\server

VM Arguments:
jvm_args: --module-path=c:\LAB-TOOLS\ECLIPSE\Eclipse-Workspace\multimedia\weblibrary\target\classes;C:\Users\papth\.m2\repository\org\openjfx\javafx-base\13\javafx-base-13-win.jar;C:\Users\papth\.m2\repository\org\openjfx\javafx-controls\13\javafx-controls-13-win.jar;C:\Users\papth\.m2\repository\org\openjfx\javafx-fxml\13\javafx-fxml-13-win.jar;C:\Users\papth\.m2\repository\org\openjfx\javafx-graphics\13\javafx-graphics-13-win.jar --add-modules=com.library -Djdk.module.main=com.library 
java_command: com.library/com.library.App
java_class_path (initial): C:\Users\papth\.m2\repository\org\openjfx\javafx-base\13\javafx-base-13.jar;C:\Users\papth\.m2\repository\org\openjfx\javafx-controls\13\javafx-controls-13.jar;C:\Users\papth\.m2\repository\org\openjfx\javafx-fxml\13\javafx-fxml-13.jar;C:\Users\papth\.m2\repository\org\openjfx\javafx-graphics\13\javafx-graphics-13.jar
Launcher Type: SUN_STANDARD

[Global flags]
     intx CICompilerCount                          = 4                                         {product} {ergonomic}
     uint ConcGCThreads                            = 2                                         {product} {ergonomic}
     uint G1ConcRefinementThreads                  = 8                                         {product} {ergonomic}
   size_t G1HeapRegionSize                         = 2097152                                   {product} {ergonomic}
    uintx GCDrainStackTargetSize                   = 64                                        {product} {ergonomic}
   size_t InitialHeapSize                          = 266338304                                 {product} {ergonomic}
   size_t MarkStackSize                            = 4194304                                   {product} {ergonomic}
   size_t MaxHeapSize                              = 4244635648                                {product} {ergonomic}
   size_t MinHeapDeltaBytes                        = 2097152                                   {product} {ergonomic}
   size_t MinHeapSize                              = 8388608                                   {product} {ergonomic}
    uintx NonNMethodCodeHeapSize                   = 5839372                                {pd product} {ergonomic}
    uintx NonProfiledCodeHeapSize                  = 122909434                              {pd product} {ergonomic}
    uintx ProfiledCodeHeapSize                     = 122909434                              {pd product} {ergonomic}
    uintx ReservedCodeCacheSize                    = 251658240                              {pd product} {ergonomic}
     bool SegmentedCodeCache                       = true                                      {product} {ergonomic}
   size_t SoftMaxHeapSize                          = 4244635648                             {manageable} {ergonomic}
     bool UseCompressedClassPointers               = true                           {product lp64_product} {ergonomic}
     bool UseCompressedOops                        = true                           {product lp64_product} {ergonomic}
     bool UseG1GC                                  = true                                      {product} {ergonomic}
     bool UseLargePagesIndividualAllocation        = false                                  {pd product} {ergonomic}

Logging:
Log output configuration:
 #0: stdout all=warning uptime,level,tags
 #1: stderr all=off uptime,level,tags

Environment Variables:
JAVA_HOME=C:\LAB-TOOLS\JDK\jdk-17.0.6
PATH=C:\Program Files\PowerShell\7;C:\Python311\Scripts\;C:\Python311\;C:\LAB-TOOLS\JDK\jdk-17.0.6\bin;C:\Program Files\Microsoft\jdk-11.0.12.7-hotspot\bin;C:\Program Files\AdoptOpenJDK\jdk-11.0.9.101-hotspot\bin;C:\Program Files (x86)\Common Files\Oracle\Java\javapath;C:\windows\system32;C:\windows;C:\windows\System32\Wbem;C:\windows\System32\WindowsPowerShell\v1.0\;C:\windows\System32\OpenSSH\;C:\Program Files (x86)\NVIDIA Corporation\PhysX\Common;C:\Program Files\NVIDIA Corporation\NVIDIA NvDLISR;C:\Program Files (x86)\Wolfram Research\WolframScript\;C:\WINDOWS\system32;C:\WINDOWS;C:\WINDOWS\System32\Wbem;C:\WINDOWS\System32\WindowsPowerShell\v1.0\;C:\WINDOWS\System32\OpenSSH\;C:\Program Files\MATLAB\R2020a\runtime\win64;C:\Program Files\MATLAB\R2020a\bin;C:\Program Files\OpenVPN\bin;C:\Program Files\Git\cmd;C:\Program Files\Git\usr\bin;C:\Program Files\Microsoft SQL Server\150\Tools\Binn\;C:\Program Files\dotnet\;C:\MinGW\mingw32\bin;C:\WINDOWS\system32;C:\WINDOWS;C:\WINDOWS\System32\Wbem;C:\WINDOWS\System32\WindowsPowerShell\v1.0\;C:\Program Files\nodejs;C:\ProgramData\chocolatey\bin;C:\Program Files\Docker\Docker\resources\bin;C:\WINDOWS\System32\OpenSSH\;C:\LAB-TOOLS\apache-maven-3.9.6-bin\apache-maven-3.9.6\bin;C:\Program Files\PowerShell\7-preview\preview;C:\Program Files\HP\HP One Agent;C:\Program Files\PowerShell\7\;C:\Users\papth\scoop\shims;C:\dev\flutter\bin;C:\Users\papth\AppData\Local\Microsoft\WindowsApps;C:\Users\papth\AppData\Local\GitHubDesktop\bin;C:\Users\papth\AppData\Local\Microsoft\WindowsApps;C:\Users\papth\AppData\Local\atom\bin;C:\Users\papth\.dotnet\tools;C:\Users\papth\AppData\Roaming\npm;C:\dev\android-sdk\platform-tools;C:\Program Files\nodejs;C:\Users\papth\AppData\Local\Programs\Microsoft VS Code\bin;C:\Users\papth\AppData\Roaming\Python\Python311\Scripts;C:\Users\papth\AppData\Local\Google\Cloud SDK\google-cloud-sdk\bin
USERNAME=papth
LANG=en_US.UTF-8
OS=Windows_NT
PROCESSOR_IDENTIFIER=Intel64 Family 6 Model 142 Stepping 12, GenuineIntel



---------------  S Y S T E M  ---------------

OS:
 Windows 11 , 64 bit Build 22621 (10.0.22621.3672)
OS uptime: 0 days 11:20 hours
Hyper-V role detected

CPU: total 8 (initial active 8) (4 cores per cpu, 2 threads per core) family 6 model 142 stepping 12 microcode 0xde, cx8, cmov, fxsr, ht, mmx, 3dnowpref, sse, sse2, sse3, ssse3, sse4.1, sse4.2, popcnt, lzcnt, tsc, tscinvbit, avx, avx2, aes, erms, clmul, bmi1, bmi2, adx, fma, vzeroupper, clflush, clflushopt, hv

Memory: 4k page, system-wide physical 16187M (5154M free)
TotalPageFile size 16187M (AvailPageFile size 187M)
current process WorkingSet (physical memory assigned to process): 11M, peak: 11M
current process commit charge ("private bytes"): 60M, peak: 314M

vm_info: Java HotSpot(TM) 64-Bit Server VM (17.0.6+9-LTS-190) for windows-amd64 JRE (17.0.6+9-LTS-190), built on Dec  6 2022 15:53:54 by "mach5one" with MS VC++ 17.1 (VS2022)

END.
