#
# There is insufficient memory for the Java Runtime Environment to continue.
# Native memory allocation (malloc) failed to allocate 1479472 bytes. Error detail: Chunk::new
# Possible reasons:
#   The system is out of physical RAM or swap space
#   This process is running with CompressedOops enabled, and the Java Heap may be blocking the growth of the native heap
# Possible solutions:
#   Reduce memory load on the system
#   Increase physical memory or swap space
#   Check if swap backing store is full
#   Decrease Java heap size (-Xmx/-Xms)
#   Decrease number of Java threads
#   Decrease Java thread stack sizes (-Xss)
#   Set larger code cache with -XX:ReservedCodeCacheSize=
#   JVM is running with Unscaled Compressed Oops mode in which the Java heap is
#     placed in the first 4GB address space. The Java Heap base address is the
#     maximum limit for the native heap growth. Please use -XX:HeapBaseMinAddress
#     to set the Java Heap base and to place the Java Heap above 4GB virtual address.
# This output file may be truncated or incomplete.
#
#  Out of Memory Error (arena.cpp:191), pid=11368, tid=11536
#
# JRE version: OpenJDK Runtime Environment Temurin-17.0.11+9 (17.0.11+9) (build 17.0.11+9)
# Java VM: OpenJDK 64-Bit Server VM Temurin-17.0.11+9 (17.0.11+9, mixed mode, tiered, compressed oops, compressed class ptrs, parallel gc, windows-amd64)
# No core dump will be written. Minidumps are not enabled by default on client versions of Windows
#

---------------  S U M M A R Y ------------

Command Line: --add-modules=ALL-SYSTEM --add-opens=java.base/java.util=ALL-UNNAMED --add-opens=java.base/java.lang=ALL-UNNAMED --add-opens=java.base/sun.nio.fs=ALL-UNNAMED -Declipse.application=org.eclipse.jdt.ls.core.id1 -Dosgi.bundles.defaultStartLevel=4 -Declipse.product=org.eclipse.jdt.ls.core.product -Djava.import.generatesMetadataFilesAtProjectRoot=false -DDetectVMInstallationsJob.disabled=true -Dfile.encoding=utf8 -XX:+UseParallelGC -XX:GCTimeRatio=4 -XX:AdaptiveSizePolicyWeight=90 -Dsun.zip.disableMemoryMapping=true -Xmx1G -Xms100m -Xlog:disable -javaagent:c:\Users\papth\.vscode\extensions\redhat.java-1.33.0-win32-x64\lombok\lombok-1.18.33.jar -XX:+HeapDumpOnOutOfMemoryError -XX:HeapDumpPath=c:\Users\papth\AppData\Roaming\Code\User\workspaceStorage\5c05168c5aa2c9692861d3fc907bc7d4\redhat.java -Daether.dependencyCollector.impl=bf c:\Users\papth\.vscode\extensions\redhat.java-1.33.0-win32-x64\server\plugins\org.eclipse.equinox.launcher_1.6.900.v20240613-2009.jar -configuration c:\Users\papth\AppData\Roaming\Code\User\globalStorage\redhat.java\1.33.0\config_win -data c:\Users\papth\AppData\Roaming\Code\User\workspaceStorage\5c05168c5aa2c9692861d3fc907bc7d4\redhat.java\jdt_ws --pipe=\\.\pipe\lsp-f8d2e870bbac9b8053d3626b4aab9968-sock

Host: Intel(R) Core(TM) i7-10510U CPU @ 1.80GHz, 8 cores, 15G,  Windows 11 , 64 bit Build 22621 (10.0.22621.3672)
Time: Fri Aug 16 03:59:22 2024  Windows 11 , 64 bit Build 22621 (10.0.22621.3672) elapsed time: 20.714818 seconds (0d 0h 0m 20s)

---------------  T H R E A D  ---------------

Current thread (0x00000173d36f4010):  JavaThread "C2 CompilerThread0" daemon [_thread_in_native, id=11536, stack(0x0000001ba9b00000,0x0000001ba9c00000)]


Current CompileTask:
C2:  20714 10568       4       org.eclipse.jdt.internal.core.search.indexing.AbstractIndexer::addClassDeclaration (129 bytes)

Stack: [0x0000001ba9b00000,0x0000001ba9c00000]
Native frames: (J=compiled Java code, j=interpreted, Vv=VM code, C=native code)
V  [jvm.dll+0x67d429]
V  [jvm.dll+0x834b7a]
V  [jvm.dll+0x83663e]
V  [jvm.dll+0x836ca3]
V  [jvm.dll+0x247dbf]
V  [jvm.dll+0xac534]
V  [jvm.dll+0xacb7c]
V  [jvm.dll+0x366647]
V  [jvm.dll+0x1bd272]
V  [jvm.dll+0x21a5c9]
V  [jvm.dll+0x2198b1]
V  [jvm.dll+0x1a534d]
V  [jvm.dll+0x2295cd]
V  [jvm.dll+0x22779c]
V  [jvm.dll+0x7e9d07]
V  [jvm.dll+0x7e410a]
V  [jvm.dll+0x67c315]
C  [ucrtbase.dll+0x29333]
C  [KERNEL32.DLL+0x1257d]
C  [ntdll.dll+0x5af28]


---------------  P R O C E S S  ---------------

Threads class SMR info:
_java_thread_list=0x00000173d9077500, length=57, elements={
0x00000173ba752d10, 0x00000173ce5d0020, 0x00000173ce5d1cc0, 0x00000173ce5de370,
0x00000173d36bfaf0, 0x00000173d36c25d0, 0x00000173d36c5740, 0x00000173d36f4010,
0x00000173d36f7d30, 0x00000173d3709690, 0x00000173d3803b50, 0x00000173d39d8970,
0x00000173d506be80, 0x00000173d5415e30, 0x00000173d549aaf0, 0x00000173d5b900a0,
0x00000173d5546830, 0x00000173d5544870, 0x00000173d5545290, 0x00000173d55457a0,
0x00000173d5545cb0, 0x00000173d60692d0, 0x00000173d60683a0, 0x00000173d606c570,
0x00000173d6068dc0, 0x00000173d60688b0, 0x00000173d60697e0, 0x00000173d606b130,
0x00000173d606d4a0, 0x00000173d606ca80, 0x00000173d606cf90, 0x00000173d6067980,
0x00000173d606d9b0, 0x00000173d6066a50, 0x00000173d606bb50, 0x00000173d6067e90,
0x00000173d606e3d0, 0x00000173d6069cf0, 0x00000173d606a200, 0x00000173d6066f60,
0x00000173d606a710, 0x00000173d606ac20, 0x00000173d606b640, 0x00000173d606c060,
0x00000173d55461c0, 0x00000173d7d4de00, 0x00000173d7d4b580, 0x00000173d7d4f240,
0x00000173d7d51ac0, 0x00000173d7d4ba90, 0x00000173d7d50680, 0x00000173d7d4fc60,
0x00000173d7d50b90, 0x00000173d7d4c4b0, 0x00000173d7d4e310, 0x00000173d988c070,
0x00000173d988d060
}

Java Threads: ( => current thread )
  0x00000173ba752d10 JavaThread "main" [_thread_blocked, id=19624, stack(0x0000001ba9200000,0x0000001ba9300000)]
  0x00000173ce5d0020 JavaThread "Reference Handler" daemon [_thread_blocked, id=11412, stack(0x0000001ba9500000,0x0000001ba9600000)]
  0x00000173ce5d1cc0 JavaThread "Finalizer" daemon [_thread_blocked, id=3220, stack(0x0000001ba9600000,0x0000001ba9700000)]
  0x00000173ce5de370 JavaThread "Signal Dispatcher" daemon [_thread_blocked, id=3096, stack(0x0000001ba9700000,0x0000001ba9800000)]
  0x00000173d36bfaf0 JavaThread "Attach Listener" daemon [_thread_blocked, id=20288, stack(0x0000001ba9800000,0x0000001ba9900000)]
  0x00000173d36c25d0 JavaThread "Service Thread" daemon [_thread_blocked, id=20852, stack(0x0000001ba9900000,0x0000001ba9a00000)]
  0x00000173d36c5740 JavaThread "Monitor Deflation Thread" daemon [_thread_blocked, id=17508, stack(0x0000001ba9a00000,0x0000001ba9b00000)]
=>0x00000173d36f4010 JavaThread "C2 CompilerThread0" daemon [_thread_in_native, id=11536, stack(0x0000001ba9b00000,0x0000001ba9c00000)]
  0x00000173d36f7d30 JavaThread "C1 CompilerThread0" daemon [_thread_blocked, id=1968, stack(0x0000001ba9c00000,0x0000001ba9d00000)]
  0x00000173d3709690 JavaThread "Sweeper thread" daemon [_thread_blocked, id=10928, stack(0x0000001ba9d00000,0x0000001ba9e00000)]
  0x00000173d3803b50 JavaThread "Common-Cleaner" daemon [_thread_blocked, id=16284, stack(0x0000001ba9e00000,0x0000001ba9f00000)]
  0x00000173d39d8970 JavaThread "Notification Thread" daemon [_thread_blocked, id=20908, stack(0x0000001ba9f00000,0x0000001baa000000)]
  0x00000173d506be80 JavaThread "Active Thread: Equinox Container: 21f92c8e-f0b6-4d00-a938-dd2564825ebe" [_thread_blocked, id=12840, stack(0x0000001baa900000,0x0000001baaa00000)]
  0x00000173d5415e30 JavaThread "Framework Event Dispatcher: Equinox Container: 21f92c8e-f0b6-4d00-a938-dd2564825ebe" daemon [_thread_blocked, id=14520, stack(0x0000001baaa00000,0x0000001baab00000)]
  0x00000173d549aaf0 JavaThread "Start Level: Equinox Container: 21f92c8e-f0b6-4d00-a938-dd2564825ebe" daemon [_thread_blocked, id=18076, stack(0x0000001baab00000,0x0000001baac00000)]
  0x00000173d5b900a0 JavaThread "Bundle File Closer" daemon [_thread_blocked, id=17720, stack(0x0000001baad00000,0x0000001baae00000)]
  0x00000173d5546830 JavaThread "SCR Component Actor" daemon [_thread_blocked, id=5132, stack(0x0000001baae00000,0x0000001baaf00000)]
  0x00000173d5544870 JavaThread "Worker-JM" [_thread_blocked, id=12136, stack(0x0000001bab000000,0x0000001bab100000)]
  0x00000173d5545290 JavaThread "JNA Cleaner" daemon [_thread_blocked, id=19348, stack(0x0000001bab100000,0x0000001bab200000)]
  0x00000173d55457a0 JavaThread "Worker-0" [_thread_blocked, id=16632, stack(0x0000001bab200000,0x0000001bab300000)]
  0x00000173d5545cb0 JavaThread "Worker-1" [_thread_blocked, id=5760, stack(0x0000001bab300000,0x0000001bab400000)]
  0x00000173d60692d0 JavaThread "Worker-2" [_thread_blocked, id=20264, stack(0x0000001baa200000,0x0000001baa300000)]
  0x00000173d60683a0 JavaThread "Java indexing" daemon [_thread_blocked, id=22128, stack(0x0000001bab500000,0x0000001bab600000)]
  0x00000173d606c570 JavaThread "Thread-2" daemon [_thread_in_native, id=19280, stack(0x0000001bab600000,0x0000001bab700000)]
  0x00000173d6068dc0 JavaThread "Thread-3" daemon [_thread_in_native, id=20500, stack(0x0000001bab700000,0x0000001bab800000)]
  0x00000173d60688b0 JavaThread "Thread-4" daemon [_thread_in_native, id=18392, stack(0x0000001bab800000,0x0000001bab900000)]
  0x00000173d60697e0 JavaThread "Thread-5" daemon [_thread_in_native, id=12364, stack(0x0000001bab900000,0x0000001baba00000)]
  0x00000173d606b130 JavaThread "Thread-6" daemon [_thread_in_native, id=1204, stack(0x0000001baba00000,0x0000001babb00000)]
  0x00000173d606d4a0 JavaThread "Thread-7" daemon [_thread_in_native, id=9888, stack(0x0000001babb00000,0x0000001babc00000)]
  0x00000173d606ca80 JavaThread "Thread-8" daemon [_thread_in_native, id=13680, stack(0x0000001babc00000,0x0000001babd00000)]
  0x00000173d606cf90 JavaThread "Thread-9" daemon [_thread_in_native, id=17764, stack(0x0000001babd00000,0x0000001babe00000)]
  0x00000173d6067980 JavaThread "Thread-10" daemon [_thread_in_native, id=15544, stack(0x0000001babe00000,0x0000001babf00000)]
  0x00000173d606d9b0 JavaThread "pool-2-thread-1" [_thread_blocked, id=9900, stack(0x0000001babf00000,0x0000001bac000000)]
  0x00000173d6066a50 JavaThread "WorkspaceEventsHandler" [_thread_blocked, id=18748, stack(0x0000001bac000000,0x0000001bac100000)]
  0x00000173d606bb50 JavaThread "pool-1-thread-1" [_thread_blocked, id=19616, stack(0x0000001bac100000,0x0000001bac200000)]
  0x00000173d6067e90 JavaThread "Worker-3" [_thread_blocked, id=6560, stack(0x0000001bac200000,0x0000001bac300000)]
  0x00000173d606e3d0 JavaThread "Worker-4" [_thread_blocked, id=22240, stack(0x0000001bac300000,0x0000001bac400000)]
  0x00000173d6069cf0 JavaThread "Compiler Source File Reader" daemon [_thread_blocked, id=6880, stack(0x0000001baaf00000,0x0000001bab000000)]
  0x00000173d606a200 JavaThread "Compiler Source File Reader" daemon [_thread_blocked, id=4148, stack(0x0000001bac400000,0x0000001bac500000)]
  0x00000173d6066f60 JavaThread "Compiler Source File Reader" daemon [_thread_blocked, id=10548, stack(0x0000001bac500000,0x0000001bac600000)]
  0x00000173d606a710 JavaThread "Compiler Source File Reader" daemon [_thread_blocked, id=19212, stack(0x0000001bac600000,0x0000001bac700000)]
  0x00000173d606ac20 JavaThread "Compiler Source File Reader" daemon [_thread_blocked, id=5928, stack(0x0000001bac700000,0x0000001bac800000)]
  0x00000173d606b640 JavaThread "Compiler Source File Reader" daemon [_thread_blocked, id=9692, stack(0x0000001bac800000,0x0000001bac900000)]
  0x00000173d606c060 JavaThread "ForkJoinPool.commonPool-worker-1" daemon [_thread_blocked, id=5256, stack(0x0000001bac900000,0x0000001baca00000)]
  0x00000173d55461c0 JavaThread "ForkJoinPool.commonPool-worker-2" daemon [_thread_blocked, id=10068, stack(0x0000001baca00000,0x0000001bacb00000)]
  0x00000173d7d4de00 JavaThread "ForkJoinPool.commonPool-worker-3" daemon [_thread_blocked, id=7404, stack(0x0000001bacb00000,0x0000001bacc00000)]
  0x00000173d7d4b580 JavaThread "ForkJoinPool.commonPool-worker-4" daemon [_thread_blocked, id=11660, stack(0x0000001bacc00000,0x0000001bacd00000)]
  0x00000173d7d4f240 JavaThread "ForkJoinPool.commonPool-worker-5" daemon [_thread_blocked, id=12300, stack(0x0000001bacd00000,0x0000001bace00000)]
  0x00000173d7d51ac0 JavaThread "ForkJoinPool.commonPool-worker-6" daemon [_thread_blocked, id=7220, stack(0x0000001bace00000,0x0000001bacf00000)]
  0x00000173d7d4ba90 JavaThread "ForkJoinPool.commonPool-worker-7" daemon [_thread_blocked, id=5704, stack(0x0000001bacf00000,0x0000001bad000000)]
  0x00000173d7d50680 JavaThread "Worker-5: Java indexing... " [_thread_blocked, id=20360, stack(0x0000001bad000000,0x0000001bad100000)]
  0x00000173d7d4fc60 JavaThread "Compiler Processing Task" daemon [_thread_blocked, id=16948, stack(0x0000001bad100000,0x0000001bad200000)]
  0x00000173d7d50b90 JavaThread "Worker-6" [_thread_blocked, id=20848, stack(0x0000001bad200000,0x0000001bad300000)]
  0x00000173d7d4c4b0 JavaThread "Worker-7" [_thread_blocked, id=13832, stack(0x0000001bad300000,0x0000001bad400000)]
  0x00000173d7d4e310 JavaThread "Cleaner-0" daemon [_thread_blocked, id=14840, stack(0x0000001bad500000,0x0000001bad600000)]
  0x00000173d988c070 JavaThread "C2 CompilerThread1" daemon [_thread_in_native, id=8724, stack(0x0000001baa100000,0x0000001baa200000)]
  0x00000173d988d060 JavaThread "C2 CompilerThread2" daemon [_thread_blocked, id=12068, stack(0x0000001bab400000,0x0000001bab500000)]

Other Threads:
  0x00000173d36b14b0 VMThread "VM Thread" [stack: 0x0000001ba9400000,0x0000001ba9500000] [id=8368]
  0x00000173d39b5d50 WatcherThread [stack: 0x0000001baa000000,0x0000001baa100000] [id=10852]
  0x00000173ba767b30 GCTaskThread "GC Thread#0" [stack: 0x0000001ba9300000,0x0000001ba9400000] [id=7028]
  0x00000173d4fe2dc0 GCTaskThread "GC Thread#1" [stack: 0x0000001baa300000,0x0000001baa400000] [id=20268]
  0x00000173d4fe3080 GCTaskThread "GC Thread#2" [stack: 0x0000001baa400000,0x0000001baa500000] [id=21360]
  0x00000173d521d3c0 GCTaskThread "GC Thread#3" [stack: 0x0000001baa500000,0x0000001baa600000] [id=19000]
  0x00000173d521d680 GCTaskThread "GC Thread#4" [stack: 0x0000001baa600000,0x0000001baa700000] [id=21824]
  0x00000173d521d940 GCTaskThread "GC Thread#5" [stack: 0x0000001baa700000,0x0000001baa800000] [id=19204]
  0x00000173d521dc00 GCTaskThread "GC Thread#6" [stack: 0x0000001baa800000,0x0000001baa900000] [id=13460]
  0x00000173d5793730 GCTaskThread "GC Thread#7" [stack: 0x0000001baac00000,0x0000001baad00000] [id=2756]

Threads with active compile tasks:
C2 CompilerThread0    20733 10568       4       org.eclipse.jdt.internal.core.search.indexing.AbstractIndexer::addClassDeclaration (129 bytes)
C2 CompilerThread1    20733 10622       4       org.eclipse.jdt.internal.core.index.DiskIndex::readStreamChars (529 bytes)

VM state: not at safepoint (normal execution)

VM Mutex/Monitor currently owned by a thread: None

Heap address: 0x00000000c0000000, size: 1024 MB, Compressed Oops mode: 32-bit

CDS archive(s) not mapped
Compressed class space mapped at: 0x0000000100000000-0x0000000140000000, reserved size: 1073741824
Narrow klass base: 0x0000000000000000, Narrow klass shift: 3, Narrow klass range: 0x140000000

GC Precious Log:
 CPUs: 8 total, 8 available
 Memory: 16187M
 Large Page Support: Disabled
 NUMA Support: Disabled
 Compressed Oops: Enabled (32-bit)
 Alignments: Space 512K, Generation 512K, Heap 2M
 Heap Min Capacity: 100M
 Heap Initial Capacity: 100M
 Heap Max Capacity: 1G
 Pre-touch: Disabled
 Parallel Workers: 8

Heap:
 PSYoungGen      total 40960K, used 29990K [0x00000000eab00000, 0x00000000ef800000, 0x0000000100000000)
  eden space 25088K, 57% used [0x00000000eab00000,0x00000000eb906540,0x00000000ec380000)
  from space 15872K, 98% used [0x00000000ee880000,0x00000000ef7c3450,0x00000000ef800000)
  to   space 23040K, 0% used [0x00000000ecb00000,0x00000000ecb00000,0x00000000ee180000)
 ParOldGen       total 398848K, used 324675K [0x00000000c0000000, 0x00000000d8580000, 0x00000000eab00000)
  object space 398848K, 81% used [0x00000000c0000000,0x00000000d3d10ee0,0x00000000d8580000)
 Metaspace       used 73063K, committed 74304K, reserved 1179648K
  class space    used 7681K, committed 8256K, reserved 1048576K

Card table byte_map: [0x00000173ba0e0000,0x00000173ba2f0000] _byte_map_base: 0x00000173b9ae0000

Marking Bits: (ParMarkBitMap*) 0x00007ffcdf64d820
 Begin Bits: [0x00000173cc3e0000, 0x00000173cd3e0000)
 End Bits:   [0x00000173cd3e0000, 0x00000173ce3e0000)

Polling page: 0x00000173b86e0000

Metaspace:

Usage:
  Non-class:     63.85 MB used.
      Class:      7.50 MB used.
       Both:     71.35 MB used.

Virtual space:
  Non-class space:      128.00 MB reserved,      64.50 MB ( 50%) committed,  2 nodes.
      Class space:        1.00 GB reserved,       8.06 MB ( <1%) committed,  1 nodes.
             Both:        1.12 GB reserved,      72.56 MB (  6%) committed. 

Chunk freelists:
   Non-Class:  14.91 MB
       Class:  7.79 MB
        Both:  22.69 MB

MaxMetaspaceSize: unlimited
CompressedClassSpaceSize: 1.00 GB
Initial GC threshold: 21.00 MB
Current GC threshold: 120.75 MB
CDS: off
MetaspaceReclaimPolicy: balanced
 - commit_granule_bytes: 65536.
 - commit_granule_words: 8192.
 - virtual_space_node_default_size: 8388608.
 - enlarge_chunks_in_place: 1.
 - new_chunks_are_fully_committed: 0.
 - uncommit_free_chunks: 1.
 - use_allocation_guard: 0.
 - handle_deallocations: 1.


Internal statistics:

num_allocs_failed_limit: 6.
num_arena_births: 930.
num_arena_deaths: 14.
num_vsnodes_births: 3.
num_vsnodes_deaths: 0.
num_space_committed: 1161.
num_space_uncommitted: 0.
num_chunks_returned_to_freelist: 20.
num_chunks_taken_from_freelist: 3961.
num_chunk_merges: 7.
num_chunk_splits: 2459.
num_chunks_enlarged: 1462.
num_inconsistent_stats: 0.

CodeHeap 'non-profiled nmethods': size=120000Kb used=6147Kb max_used=6345Kb free=113853Kb
 bounds [0x00000173c4eb0000, 0x00000173c5500000, 0x00000173cc3e0000]
CodeHeap 'profiled nmethods': size=120000Kb used=16806Kb max_used=18899Kb free=103193Kb
 bounds [0x00000173bd3e0000, 0x00000173be660000, 0x00000173c4910000]
CodeHeap 'non-nmethods': size=5760Kb used=1391Kb max_used=1500Kb free=4368Kb
 bounds [0x00000173c4910000, 0x00000173c4b80000, 0x00000173c4eb0000]
 total_blobs=9104 nmethods=8360 adapters=658
 compilation: enabled
              stopped_count=0, restarted_count=0
 full_count=0

Compilation events (20 events):
Event: 20.680 Thread 0x00000173d988d060 10587       4       java.lang.invoke.LambdaForm$MH/0x00000001001b6000::invoke (202 bytes)
Event: 20.684 Thread 0x00000173d988d060 nmethod 10587 0x00000173c5490190 code [0x00000173c54903e0, 0x00000173c54908c8]
Event: 20.684 Thread 0x00000173d988d060 10609       4       org.eclipse.jdt.internal.core.index.MetaIndex::addIndexEntry (27 bytes)
Event: 20.686 Thread 0x00000173d988d060 nmethod 10609 0x00000173c4f8c310 code [0x00000173c4f8c4c0, 0x00000173c4f8c6d8]
Event: 20.687 Thread 0x00000173d988d060 10569       4       org.eclipse.jdt.internal.compiler.parser.Parser::consumeToken (2337 bytes)
Event: 20.692 Thread 0x00000173d988c070 nmethod 10575 0x00000173c54e2f90 code [0x00000173c54e6e40, 0x00000173c54ec2d0]
Event: 20.704 Thread 0x00000173d36f7d30 10610       3       org.eclipse.jdt.internal.core.index.EntryResult::<init> (26 bytes)
Event: 20.705 Thread 0x00000173d36f7d30 nmethod 10610 0x00000173bd5d4f90 code [0x00000173bd5d5140, 0x00000173bd5d54d8]
Event: 20.705 Thread 0x00000173d36f7d30 10611       3       org.eclipse.jdt.internal.core.index.DiskIndex::addQueryResult (173 bytes)
Event: 20.705 Thread 0x00000173d36f7d30 nmethod 10611 0x00000173bd448c90 code [0x00000173bd448f40, 0x00000173bd449b38]
Event: 20.705 Thread 0x00000173d36f7d30 10615       3       org.eclipse.jdt.internal.core.index.DiskIndex::readStreamChars (529 bytes)
Event: 20.706 Thread 0x00000173d36f7d30 nmethod 10615 0x00000173bde6c590 code [0x00000173bde6c800, 0x00000173bde6d758]
Event: 20.706 Thread 0x00000173d36f7d30 10616       3       org.eclipse.jdt.internal.core.index.DiskIndex::readStreamDocumentArray (267 bytes)
Event: 20.706 Thread 0x00000173d36f7d30 nmethod 10616 0x00000173bde8a590 code [0x00000173bde8a7c0, 0x00000173bde8b268]
Event: 20.706 Thread 0x00000173d36f7d30 10613       3       org.eclipse.jdt.internal.compiler.util.SimpleLookupTable::containsKey (54 bytes)
Event: 20.707 Thread 0x00000173d36f7d30 nmethod 10613 0x00000173bdf4e190 code [0x00000173bdf4e360, 0x00000173bdf4e7f8]
Event: 20.707 Thread 0x00000173d36f7d30 10612  s!   3       org.eclipse.jdt.internal.core.index.DiskIndex::readDocumentName (312 bytes)
Event: 20.709 Thread 0x00000173d36f7d30 nmethod 10612 0x00000173bdb7f810 code [0x00000173bdb7fae0, 0x00000173bdb80d68]
Event: 20.709 Thread 0x00000173d36f7d30 10614       3       org.eclipse.jdt.internal.core.index.EntryResult::addDocumentName (29 bytes)
Event: 20.710 Thread 0x00000173d36f7d30 nmethod 10614 0x00000173bd756510 code [0x00000173bd7566c0, 0x00000173bd756918]

GC Heap History (20 events):
Event: 18.518 GC heap before
{Heap before GC invocations=218 (full 13):
 PSYoungGen      total 30720K, used 30496K [0x00000000eab00000, 0x00000000ed400000, 0x0000000100000000)
  eden space 23552K, 100% used [0x00000000eab00000,0x00000000ec200000,0x00000000ec200000)
  from space 7168K, 96% used [0x00000000ec200000,0x00000000ec8c8000,0x00000000ec900000)
  to   space 8192K, 0% used [0x00000000ecc00000,0x00000000ecc00000,0x00000000ed400000)
 ParOldGen       total 317440K, used 264688K [0x00000000c0000000, 0x00000000d3600000, 0x00000000eab00000)
  object space 317440K, 83% used [0x00000000c0000000,0x00000000d027c3e8,0x00000000d3600000)
 Metaspace       used 72932K, committed 74176K, reserved 1179648K
  class space    used 7674K, committed 8256K, reserved 1048576K
}
Event: 18.523 GC heap after
{Heap after GC invocations=218 (full 13):
 PSYoungGen      total 30720K, used 8192K [0x00000000eab00000, 0x00000000eda00000, 0x0000000100000000)
  eden space 22528K, 0% used [0x00000000eab00000,0x00000000eab00000,0x00000000ec100000)
  from space 8192K, 100% used [0x00000000ecc00000,0x00000000ed400000,0x00000000ed400000)
  to   space 11264K, 0% used [0x00000000ec100000,0x00000000ec100000,0x00000000ecc00000)
 ParOldGen       total 317440K, used 266680K [0x00000000c0000000, 0x00000000d3600000, 0x00000000eab00000)
  object space 317440K, 84% used [0x00000000c0000000,0x00000000d046e3e8,0x00000000d3600000)
 Metaspace       used 72932K, committed 74176K, reserved 1179648K
  class space    used 7674K, committed 8256K, reserved 1048576K
}
Event: 18.582 GC heap before
{Heap before GC invocations=219 (full 13):
 PSYoungGen      total 30720K, used 30720K [0x00000000eab00000, 0x00000000eda00000, 0x0000000100000000)
  eden space 22528K, 100% used [0x00000000eab00000,0x00000000ec100000,0x00000000ec100000)
  from space 8192K, 100% used [0x00000000ecc00000,0x00000000ed400000,0x00000000ed400000)
  to   space 11264K, 0% used [0x00000000ec100000,0x00000000ec100000,0x00000000ecc00000)
 ParOldGen       total 317440K, used 266680K [0x00000000c0000000, 0x00000000d3600000, 0x00000000eab00000)
  object space 317440K, 84% used [0x00000000c0000000,0x00000000d046e3e8,0x00000000d3600000)
 Metaspace       used 72932K, committed 74176K, reserved 1179648K
  class space    used 7674K, committed 8256K, reserved 1048576K
}
Event: 18.588 GC heap after
{Heap after GC invocations=219 (full 13):
 PSYoungGen      total 29696K, used 6912K [0x00000000eab00000, 0x00000000ed280000, 0x0000000100000000)
  eden space 22528K, 0% used [0x00000000eab00000,0x00000000eab00000,0x00000000ec100000)
  from space 7168K, 96% used [0x00000000ec100000,0x00000000ec7c0000,0x00000000ec800000)
  to   space 8192K, 0% used [0x00000000eca80000,0x00000000eca80000,0x00000000ed280000)
 ParOldGen       total 317440K, used 271360K [0x00000000c0000000, 0x00000000d3600000, 0x00000000eab00000)
  object space 317440K, 85% used [0x00000000c0000000,0x00000000d09003e8,0x00000000d3600000)
 Metaspace       used 72932K, committed 74176K, reserved 1179648K
  class space    used 7674K, committed 8256K, reserved 1048576K
}
Event: 18.652 GC heap before
{Heap before GC invocations=220 (full 13):
 PSYoungGen      total 29696K, used 29440K [0x00000000eab00000, 0x00000000ed280000, 0x0000000100000000)
  eden space 22528K, 100% used [0x00000000eab00000,0x00000000ec100000,0x00000000ec100000)
  from space 7168K, 96% used [0x00000000ec100000,0x00000000ec7c0000,0x00000000ec800000)
  to   space 8192K, 0% used [0x00000000eca80000,0x00000000eca80000,0x00000000ed280000)
 ParOldGen       total 317440K, used 271360K [0x00000000c0000000, 0x00000000d3600000, 0x00000000eab00000)
  object space 317440K, 85% used [0x00000000c0000000,0x00000000d09003e8,0x00000000d3600000)
 Metaspace       used 72932K, committed 74176K, reserved 1179648K
  class space    used 7674K, committed 8256K, reserved 1048576K
}
Event: 18.657 GC heap after
{Heap after GC invocations=220 (full 13):
 PSYoungGen      total 29696K, used 8192K [0x00000000eab00000, 0x00000000ed780000, 0x0000000100000000)
  eden space 21504K, 0% used [0x00000000eab00000,0x00000000eab00000,0x00000000ec000000)
  from space 8192K, 100% used [0x00000000eca80000,0x00000000ed280000,0x00000000ed280000)
  to   space 10752K, 0% used [0x00000000ec000000,0x00000000ec000000,0x00000000eca80000)
 ParOldGen       total 317440K, used 273040K [0x00000000c0000000, 0x00000000d3600000, 0x00000000eab00000)
  object space 317440K, 86% used [0x00000000c0000000,0x00000000d0aa43e8,0x00000000d3600000)
 Metaspace       used 72932K, committed 74176K, reserved 1179648K
  class space    used 7674K, committed 8256K, reserved 1048576K
}
Event: 18.712 GC heap before
{Heap before GC invocations=221 (full 13):
 PSYoungGen      total 29696K, used 29696K [0x00000000eab00000, 0x00000000ed780000, 0x0000000100000000)
  eden space 21504K, 100% used [0x00000000eab00000,0x00000000ec000000,0x00000000ec000000)
  from space 8192K, 100% used [0x00000000eca80000,0x00000000ed280000,0x00000000ed280000)
  to   space 10752K, 0% used [0x00000000ec000000,0x00000000ec000000,0x00000000eca80000)
 ParOldGen       total 317440K, used 273040K [0x00000000c0000000, 0x00000000d3600000, 0x00000000eab00000)
  object space 317440K, 86% used [0x00000000c0000000,0x00000000d0aa43e8,0x00000000d3600000)
 Metaspace       used 72933K, committed 74176K, reserved 1179648K
  class space    used 7674K, committed 8256K, reserved 1048576K
}
Event: 18.718 GC heap after
{Heap after GC invocations=221 (full 13):
 PSYoungGen      total 28160K, used 6208K [0x00000000eab00000, 0x00000000ed100000, 0x0000000100000000)
  eden space 21504K, 0% used [0x00000000eab00000,0x00000000eab00000,0x00000000ec000000)
  from space 6656K, 93% used [0x00000000ec000000,0x00000000ec610000,0x00000000ec680000)
  to   space 7680K, 0% used [0x00000000ec980000,0x00000000ec980000,0x00000000ed100000)
 ParOldGen       total 317440K, used 278368K [0x00000000c0000000, 0x00000000d3600000, 0x00000000eab00000)
  object space 317440K, 87% used [0x00000000c0000000,0x00000000d0fd83e8,0x00000000d3600000)
 Metaspace       used 72933K, committed 74176K, reserved 1179648K
  class space    used 7674K, committed 8256K, reserved 1048576K
}
Event: 18.802 GC heap before
{Heap before GC invocations=222 (full 13):
 PSYoungGen      total 28160K, used 27712K [0x00000000eab00000, 0x00000000ed100000, 0x0000000100000000)
  eden space 21504K, 100% used [0x00000000eab00000,0x00000000ec000000,0x00000000ec000000)
  from space 6656K, 93% used [0x00000000ec000000,0x00000000ec610000,0x00000000ec680000)
  to   space 7680K, 0% used [0x00000000ec980000,0x00000000ec980000,0x00000000ed100000)
 ParOldGen       total 317440K, used 278368K [0x00000000c0000000, 0x00000000d3600000, 0x00000000eab00000)
  object space 317440K, 87% used [0x00000000c0000000,0x00000000d0fd83e8,0x00000000d3600000)
 Metaspace       used 72941K, committed 74176K, reserved 1179648K
  class space    used 7674K, committed 8256K, reserved 1048576K
}
Event: 18.807 GC heap after
{Heap after GC invocations=222 (full 13):
 PSYoungGen      total 28160K, used 7655K [0x00000000eab00000, 0x00000000ed680000, 0x0000000100000000)
  eden space 20480K, 0% used [0x00000000eab00000,0x00000000eab00000,0x00000000ebf00000)
  from space 7680K, 99% used [0x00000000ec980000,0x00000000ed0f9c78,0x00000000ed100000)
  to   space 10752K, 0% used [0x00000000ebf00000,0x00000000ebf00000,0x00000000ec980000)
 ParOldGen       total 317440K, used 280560K [0x00000000c0000000, 0x00000000d3600000, 0x00000000eab00000)
  object space 317440K, 88% used [0x00000000c0000000,0x00000000d11fc3e8,0x00000000d3600000)
 Metaspace       used 72941K, committed 74176K, reserved 1179648K
  class space    used 7674K, committed 8256K, reserved 1048576K
}
Event: 19.019 GC heap before
{Heap before GC invocations=223 (full 13):
 PSYoungGen      total 28160K, used 28086K [0x00000000eab00000, 0x00000000ed680000, 0x0000000100000000)
  eden space 20480K, 99% used [0x00000000eab00000,0x00000000ebef3c00,0x00000000ebf00000)
  from space 7680K, 99% used [0x00000000ec980000,0x00000000ed0f9c78,0x00000000ed100000)
  to   space 10752K, 0% used [0x00000000ebf00000,0x00000000ebf00000,0x00000000ec980000)
 ParOldGen       total 317440K, used 280560K [0x00000000c0000000, 0x00000000d3600000, 0x00000000eab00000)
  object space 317440K, 88% used [0x00000000c0000000,0x00000000d11fc3e8,0x00000000d3600000)
 Metaspace       used 72945K, committed 74176K, reserved 1179648K
  class space    used 7675K, committed 8256K, reserved 1048576K
}
Event: 19.029 GC heap after
{Heap after GC invocations=223 (full 13):
 PSYoungGen      total 31232K, used 10749K [0x00000000eab00000, 0x00000000ee980000, 0x0000000100000000)
  eden space 20480K, 0% used [0x00000000eab00000,0x00000000eab00000,0x00000000ebf00000)
  from space 10752K, 99% used [0x00000000ebf00000,0x00000000ec97f608,0x00000000ec980000)
  to   space 20992K, 0% used [0x00000000ed500000,0x00000000ed500000,0x00000000ee980000)
 ParOldGen       total 317440K, used 288840K [0x00000000c0000000, 0x00000000d3600000, 0x00000000eab00000)
  object space 317440K, 90% used [0x00000000c0000000,0x00000000d1a122a8,0x00000000d3600000)
 Metaspace       used 72945K, committed 74176K, reserved 1179648K
  class space    used 7675K, committed 8256K, reserved 1048576K
}
Event: 19.255 GC heap before
{Heap before GC invocations=224 (full 13):
 PSYoungGen      total 31232K, used 30516K [0x00000000eab00000, 0x00000000ee980000, 0x0000000100000000)
  eden space 20480K, 96% used [0x00000000eab00000,0x00000000ebe4ddc8,0x00000000ebf00000)
  from space 10752K, 99% used [0x00000000ebf00000,0x00000000ec97f608,0x00000000ec980000)
  to   space 20992K, 0% used [0x00000000ed500000,0x00000000ed500000,0x00000000ee980000)
 ParOldGen       total 317440K, used 288840K [0x00000000c0000000, 0x00000000d3600000, 0x00000000eab00000)
  object space 317440K, 90% used [0x00000000c0000000,0x00000000d1a122a8,0x00000000d3600000)
 Metaspace       used 72945K, committed 74176K, reserved 1179648K
  class space    used 7675K, committed 8256K, reserved 1048576K
}
Event: 19.282 GC heap after
{Heap after GC invocations=224 (full 13):
 PSYoungGen      total 40960K, used 18861K [0x00000000eab00000, 0x00000000ee780000, 0x0000000100000000)
  eden space 22016K, 0% used [0x00000000eab00000,0x00000000eab00000,0x00000000ec080000)
  from space 18944K, 99% used [0x00000000ed500000,0x00000000ee76b440,0x00000000ee780000)
  to   space 19456K, 0% used [0x00000000ec180000,0x00000000ec180000,0x00000000ed480000)
 ParOldGen       total 317440K, used 294700K [0x00000000c0000000, 0x00000000d3600000, 0x00000000eab00000)
  object space 317440K, 92% used [0x00000000c0000000,0x00000000d1fcb1f0,0x00000000d3600000)
 Metaspace       used 72945K, committed 74176K, reserved 1179648K
  class space    used 7675K, committed 8256K, reserved 1048576K
}
Event: 19.594 GC heap before
{Heap before GC invocations=225 (full 13):
 PSYoungGen      total 40960K, used 40450K [0x00000000eab00000, 0x00000000ee780000, 0x0000000100000000)
  eden space 22016K, 98% used [0x00000000eab00000,0x00000000ec015468,0x00000000ec080000)
  from space 18944K, 99% used [0x00000000ed500000,0x00000000ee76b440,0x00000000ee780000)
  to   space 19456K, 0% used [0x00000000ec180000,0x00000000ec180000,0x00000000ed480000)
 ParOldGen       total 317440K, used 294700K [0x00000000c0000000, 0x00000000d3600000, 0x00000000eab00000)
  object space 317440K, 92% used [0x00000000c0000000,0x00000000d1fcb1f0,0x00000000d3600000)
 Metaspace       used 72963K, committed 74240K, reserved 1179648K
  class space    used 7675K, committed 8256K, reserved 1048576K
}
Event: 19.638 GC heap after
{Heap after GC invocations=225 (full 13):
 PSYoungGen      total 42496K, used 19445K [0x00000000eab00000, 0x00000000f0c80000, 0x0000000100000000)
  eden space 23040K, 0% used [0x00000000eab00000,0x00000000eab00000,0x00000000ec180000)
  from space 19456K, 99% used [0x00000000ec180000,0x00000000ed47d6d8,0x00000000ed480000)
  to   space 37888K, 0% used [0x00000000ee780000,0x00000000ee780000,0x00000000f0c80000)
 ParOldGen       total 317440K, used 310305K [0x00000000c0000000, 0x00000000d3600000, 0x00000000eab00000)
  object space 317440K, 97% used [0x00000000c0000000,0x00000000d2f08628,0x00000000d3600000)
 Metaspace       used 72963K, committed 74240K, reserved 1179648K
  class space    used 7675K, committed 8256K, reserved 1048576K
}
Event: 19.638 GC heap before
{Heap before GC invocations=226 (full 14):
 PSYoungGen      total 42496K, used 19445K [0x00000000eab00000, 0x00000000f0c80000, 0x0000000100000000)
  eden space 23040K, 0% used [0x00000000eab00000,0x00000000eab00000,0x00000000ec180000)
  from space 19456K, 99% used [0x00000000ec180000,0x00000000ed47d6d8,0x00000000ed480000)
  to   space 37888K, 0% used [0x00000000ee780000,0x00000000ee780000,0x00000000f0c80000)
 ParOldGen       total 317440K, used 310305K [0x00000000c0000000, 0x00000000d3600000, 0x00000000eab00000)
  object space 317440K, 97% used [0x00000000c0000000,0x00000000d2f08628,0x00000000d3600000)
 Metaspace       used 72963K, committed 74240K, reserved 1179648K
  class space    used 7675K, committed 8256K, reserved 1048576K
}
Event: 19.900 GC heap after
{Heap after GC invocations=226 (full 14):
 PSYoungGen      total 42496K, used 8114K [0x00000000eab00000, 0x00000000f0d80000, 0x0000000100000000)
  eden space 23040K, 0% used [0x00000000eab00000,0x00000000eab00000,0x00000000ec180000)
  from space 19456K, 41% used [0x00000000ec180000,0x00000000ec96ca88,0x00000000ed480000)
  to   space 37888K, 0% used [0x00000000ee880000,0x00000000ee880000,0x00000000f0d80000)
 ParOldGen       total 398848K, used 316961K [0x00000000c0000000, 0x00000000d8580000, 0x00000000eab00000)
  object space 398848K, 79% used [0x00000000c0000000,0x00000000d35887a8,0x00000000d8580000)
 Metaspace       used 72963K, committed 74240K, reserved 1179648K
  class space    used 7675K, committed 8256K, reserved 1048576K
}
Event: 20.553 GC heap before
{Heap before GC invocations=227 (full 14):
 PSYoungGen      total 42496K, used 31154K [0x00000000eab00000, 0x00000000f0d80000, 0x0000000100000000)
  eden space 23040K, 100% used [0x00000000eab00000,0x00000000ec180000,0x00000000ec180000)
  from space 19456K, 41% used [0x00000000ec180000,0x00000000ec96ca88,0x00000000ed480000)
  to   space 37888K, 0% used [0x00000000ee880000,0x00000000ee880000,0x00000000f0d80000)
 ParOldGen       total 398848K, used 316961K [0x00000000c0000000, 0x00000000d8580000, 0x00000000eab00000)
  object space 398848K, 79% used [0x00000000c0000000,0x00000000d35887a8,0x00000000d8580000)
 Metaspace       used 73031K, committed 74304K, reserved 1179648K
  class space    used 7680K, committed 8256K, reserved 1048576K
}
Event: 20.590 GC heap after
{Heap after GC invocations=227 (full 14):
 PSYoungGen      total 40960K, used 15629K [0x00000000eab00000, 0x00000000ef800000, 0x0000000100000000)
  eden space 25088K, 0% used [0x00000000eab00000,0x00000000eab00000,0x00000000ec380000)
  from space 15872K, 98% used [0x00000000ee880000,0x00000000ef7c3450,0x00000000ef800000)
  to   space 23040K, 0% used [0x00000000ecb00000,0x00000000ecb00000,0x00000000ee180000)
 ParOldGen       total 398848K, used 324675K [0x00000000c0000000, 0x00000000d8580000, 0x00000000eab00000)
  object space 398848K, 81% used [0x00000000c0000000,0x00000000d3d10ee0,0x00000000d8580000)
 Metaspace       used 73031K, committed 74304K, reserved 1179648K
  class space    used 7680K, committed 8256K, reserved 1048576K
}

Dll operation events (10 events):
Event: 0.014 Loaded shared library c:\Users\papth\.vscode\extensions\redhat.java-1.33.0-win32-x64\jre\17.0.11-win32-x86_64\bin\java.dll
Event: 0.169 Loaded shared library c:\Users\papth\.vscode\extensions\redhat.java-1.33.0-win32-x64\jre\17.0.11-win32-x86_64\bin\zip.dll
Event: 0.177 Loaded shared library C:\Users\papth\.vscode\extensions\redhat.java-1.33.0-win32-x64\jre\17.0.11-win32-x86_64\bin\instrument.dll
Event: 0.188 Loaded shared library C:\Users\papth\.vscode\extensions\redhat.java-1.33.0-win32-x64\jre\17.0.11-win32-x86_64\bin\net.dll
Event: 0.190 Loaded shared library C:\Users\papth\.vscode\extensions\redhat.java-1.33.0-win32-x64\jre\17.0.11-win32-x86_64\bin\nio.dll
Event: 0.196 Loaded shared library C:\Users\papth\.vscode\extensions\redhat.java-1.33.0-win32-x64\jre\17.0.11-win32-x86_64\bin\zip.dll
Event: 0.211 Loaded shared library C:\Users\papth\.vscode\extensions\redhat.java-1.33.0-win32-x64\jre\17.0.11-win32-x86_64\bin\jimage.dll
Event: 0.274 Loaded shared library c:\Users\papth\.vscode\extensions\redhat.java-1.33.0-win32-x64\jre\17.0.11-win32-x86_64\bin\verify.dll
Event: 1.235 Loaded shared library C:\Users\papth\AppData\Roaming\Code\User\globalStorage\redhat.java\1.33.0\config_win\org.eclipse.equinox.launcher\org.eclipse.equinox.launcher.win32.win32.x86_64_1.2.1100.v20240722-2106\eclipse_11904.dll
Event: 2.337 Loaded shared library C:\Users\papth\AppData\Local\Temp\jna-106435411\jna6916169668663362096.dll

Deoptimization events (20 events):
Event: 20.504 Thread 0x00000173d60683a0 Uncommon trap: trap_request=0xffffff45 fr.pc=0x00000173c52c0944 relative=0x0000000000001784
Event: 20.504 Thread 0x00000173d60683a0 Uncommon trap: reason=unstable_if action=reinterpret pc=0x00000173c52c0944 method=org.eclipse.jdt.internal.core.search.matching.MethodDeclarationPattern.createDeclarationIndexKey([C[C[CI[C[[C[[C[CI[CII)[C @ 43 c2
Event: 20.504 Thread 0x00000173d60683a0 DEOPT PACKING pc=0x00000173c52c0944 sp=0x0000001bab5fee30
Event: 20.504 Thread 0x00000173d60683a0 DEOPT UNPACKING pc=0x00000173c49666a3 sp=0x0000001bab5fee00 mode 2
Event: 20.704 Thread 0x00000173d60683a0 Uncommon trap: trap_request=0xffffff45 fr.pc=0x00000173c518f8e8 relative=0x0000000000000528
Event: 20.704 Thread 0x00000173d60683a0 Uncommon trap: reason=unstable_if action=reinterpret pc=0x00000173c518f8e8 method=org.eclipse.jdt.internal.core.index.DiskIndex.readStreamDocumentArray(Ljava/io/InputStream;I)[I @ 17 c2
Event: 20.704 Thread 0x00000173d60683a0 DEOPT PACKING pc=0x00000173c518f8e8 sp=0x0000001bab5ff0c0
Event: 20.704 Thread 0x00000173d60683a0 DEOPT UNPACKING pc=0x00000173c49666a3 sp=0x0000001bab5ff0a0 mode 2
Event: 20.704 Thread 0x00000173d60683a0 Uncommon trap: trap_request=0xffffff45 fr.pc=0x00000173c52f0ac8 relative=0x0000000000000488
Event: 20.704 Thread 0x00000173d60683a0 Uncommon trap: reason=unstable_if action=reinterpret pc=0x00000173c52f0ac8 method=org.eclipse.jdt.internal.core.index.DiskIndex.addQueryResult(Lorg/eclipse/jdt/internal/compiler/util/HashtableOfObject;[CLjava/lang/Object;Lorg/eclipse/jdt/internal/core/ind
Event: 20.704 Thread 0x00000173d60683a0 DEOPT PACKING pc=0x00000173c52f0ac8 sp=0x0000001bab5ff220
Event: 20.704 Thread 0x00000173d60683a0 DEOPT UNPACKING pc=0x00000173c49666a3 sp=0x0000001bab5ff170 mode 2
Event: 20.704 Thread 0x00000173d60683a0 Uncommon trap: trap_request=0xffffff45 fr.pc=0x00000173c4fa1a2c relative=0x000000000000010c
Event: 20.704 Thread 0x00000173d60683a0 Uncommon trap: reason=unstable_if action=reinterpret pc=0x00000173c4fa1a2c method=org.eclipse.jdt.internal.core.index.EntryResult.<init>([CLjava/lang/Object;)V @ 10 c2
Event: 20.704 Thread 0x00000173d60683a0 DEOPT PACKING pc=0x00000173c4fa1a2c sp=0x0000001bab5ff150
Event: 20.704 Thread 0x00000173d60683a0 DEOPT UNPACKING pc=0x00000173c49666a3 sp=0x0000001bab5ff0f0 mode 2
Event: 20.704 Thread 0x00000173d60683a0 Uncommon trap: trap_request=0xffffff45 fr.pc=0x00000173c529656c relative=0x000000000000072c
Event: 20.704 Thread 0x00000173d60683a0 Uncommon trap: reason=unstable_if action=reinterpret pc=0x00000173c529656c method=org.eclipse.jdt.internal.core.index.DiskIndex.readStreamChars(Ljava/io/InputStream;)[C @ 1 c2
Event: 20.704 Thread 0x00000173d60683a0 DEOPT PACKING pc=0x00000173c529656c sp=0x0000001bab5fee40
Event: 20.704 Thread 0x00000173d60683a0 DEOPT UNPACKING pc=0x00000173c49666a3 sp=0x0000001bab5fede8 mode 2

Classes unloaded (7 events):
Event: 2.143 Thread 0x00000173d36b14b0 Unloading class 0x000000010024a800 'java/lang/invoke/LambdaForm$MH+0x000000010024a800'
Event: 2.143 Thread 0x00000173d36b14b0 Unloading class 0x000000010024a400 'java/lang/invoke/LambdaForm$MH+0x000000010024a400'
Event: 2.143 Thread 0x00000173d36b14b0 Unloading class 0x000000010024a000 'java/lang/invoke/LambdaForm$MH+0x000000010024a000'
Event: 2.143 Thread 0x00000173d36b14b0 Unloading class 0x0000000100249c00 'java/lang/invoke/LambdaForm$MH+0x0000000100249c00'
Event: 2.143 Thread 0x00000173d36b14b0 Unloading class 0x0000000100249800 'java/lang/invoke/LambdaForm$BMH+0x0000000100249800'
Event: 2.143 Thread 0x00000173d36b14b0 Unloading class 0x0000000100249400 'java/lang/invoke/LambdaForm$DMH+0x0000000100249400'
Event: 2.143 Thread 0x00000173d36b14b0 Unloading class 0x0000000100244800 'java/lang/invoke/LambdaForm$DMH+0x0000000100244800'

Classes redefined (0 events):
No events

Internal exceptions (20 events):
Event: 13.699 Thread 0x00000173d7d4c4b0 Exception <a 'sun/nio/fs/WindowsException'{0x00000000eac74cb0}> (0x00000000eac74cb0) 
thrown [s\src\hotspot\share\prims\jni.cpp, line 516]
Event: 13.784 Thread 0x00000173d5545cb0 Exception <a 'sun/nio/fs/WindowsException'{0x00000000eacd6840}> (0x00000000eacd6840) 
thrown [s\src\hotspot\share\prims\jni.cpp, line 516]
Event: 13.784 Thread 0x00000173d5545cb0 Exception <a 'sun/nio/fs/WindowsException'{0x00000000eacd6f20}> (0x00000000eacd6f20) 
thrown [s\src\hotspot\share\prims\jni.cpp, line 516]
Event: 13.785 Thread 0x00000173d5545cb0 Exception <a 'sun/nio/fs/WindowsException'{0x00000000eacd7c00}> (0x00000000eacd7c00) 
thrown [s\src\hotspot\share\prims\jni.cpp, line 516]
Event: 13.785 Thread 0x00000173d5545cb0 Exception <a 'sun/nio/fs/WindowsException'{0x00000000ead0fb40}> (0x00000000ead0fb40) 
thrown [s\src\hotspot\share\prims\jni.cpp, line 516]
Event: 13.787 Thread 0x00000173d5545cb0 Exception <a 'sun/nio/fs/WindowsException'{0x00000000ead47ed0}> (0x00000000ead47ed0) 
thrown [s\src\hotspot\share\prims\jni.cpp, line 516]
Event: 13.787 Thread 0x00000173d5545cb0 Exception <a 'sun/nio/fs/WindowsException'{0x00000000ead485b0}> (0x00000000ead485b0) 
thrown [s\src\hotspot\share\prims\jni.cpp, line 516]
Event: 13.792 Thread 0x00000173d5545cb0 Exception <a 'sun/nio/fs/WindowsException'{0x00000000eae96d88}> (0x00000000eae96d88) 
thrown [s\src\hotspot\share\prims\jni.cpp, line 516]
Event: 13.792 Thread 0x00000173d5545cb0 Exception <a 'sun/nio/fs/WindowsException'{0x00000000eaeb2e78}> (0x00000000eaeb2e78) 
thrown [s\src\hotspot\share\prims\jni.cpp, line 516]
Event: 13.835 Thread 0x00000173d5545cb0 Exception <a 'sun/nio/fs/WindowsException'{0x00000000ead8dbc0}> (0x00000000ead8dbc0) 
thrown [s\src\hotspot\share\prims\jni.cpp, line 516]
Event: 13.835 Thread 0x00000173d5545cb0 Exception <a 'sun/nio/fs/WindowsException'{0x00000000ead8e2a0}> (0x00000000ead8e2a0) 
thrown [s\src\hotspot\share\prims\jni.cpp, line 516]
Event: 13.837 Thread 0x00000173d5545cb0 Exception <a 'sun/nio/fs/WindowsException'{0x00000000eadc6208}> (0x00000000eadc6208) 
thrown [s\src\hotspot\share\prims\jni.cpp, line 516]
Event: 13.837 Thread 0x00000173d5545cb0 Exception <a 'sun/nio/fs/WindowsException'{0x00000000eadc68e8}> (0x00000000eadc68e8) 
thrown [s\src\hotspot\share\prims\jni.cpp, line 516]
Event: 13.838 Thread 0x00000173d5545cb0 Exception <a 'sun/nio/fs/WindowsException'{0x00000000eadc8050}> (0x00000000eadc8050) 
thrown [s\src\hotspot\share\prims\jni.cpp, line 516]
Event: 13.838 Thread 0x00000173d5545cb0 Exception <a 'sun/nio/fs/WindowsException'{0x00000000eadff670}> (0x00000000eadff670) 
thrown [s\src\hotspot\share\prims\jni.cpp, line 516]
Event: 13.842 Thread 0x00000173d5545cb0 Exception <a 'sun/nio/fs/WindowsException'{0x00000000eaefb0c0}> (0x00000000eaefb0c0) 
thrown [s\src\hotspot\share\prims\jni.cpp, line 516]
Event: 13.842 Thread 0x00000173d5545cb0 Exception <a 'sun/nio/fs/WindowsException'{0x00000000eaefba48}> (0x00000000eaefba48) 
thrown [s\src\hotspot\share\prims\jni.cpp, line 516]
Event: 16.104 Thread 0x00000173d60683a0 Implicit null exception at 0x00000173c5360261 to 0x00000173c5363f6c
Event: 20.467 Thread 0x00000173d60683a0 Exception <a 'sun/nio/fs/WindowsException'{0x00000000eb527258}> (0x00000000eb527258) 
thrown [s\src\hotspot\share\prims\jni.cpp, line 516]
Event: 20.704 Thread 0x00000173d60683a0 Implicit null exception at 0x00000173c5295e80 to 0x00000173c5296554

VM Operations (20 events):
Event: 18.652 Executing VM operation: ParallelGCFailedAllocation
Event: 18.657 Executing VM operation: ParallelGCFailedAllocation done
Event: 18.711 Executing VM operation: ParallelGCFailedAllocation
Event: 18.718 Executing VM operation: ParallelGCFailedAllocation done
Event: 18.802 Executing VM operation: ParallelGCFailedAllocation
Event: 18.807 Executing VM operation: ParallelGCFailedAllocation done
Event: 18.856 Executing VM operation: HandshakeAllThreads
Event: 18.856 Executing VM operation: HandshakeAllThreads done
Event: 19.019 Executing VM operation: ParallelGCFailedAllocation
Event: 19.029 Executing VM operation: ParallelGCFailedAllocation done
Event: 19.255 Executing VM operation: ParallelGCFailedAllocation
Event: 19.282 Executing VM operation: ParallelGCFailedAllocation done
Event: 19.594 Executing VM operation: ParallelGCFailedAllocation
Event: 19.900 Executing VM operation: ParallelGCFailedAllocation done
Event: 20.498 Executing VM operation: HandshakeAllThreads
Event: 20.498 Executing VM operation: HandshakeAllThreads done
Event: 20.498 Executing VM operation: HandshakeAllThreads
Event: 20.498 Executing VM operation: HandshakeAllThreads done
Event: 20.553 Executing VM operation: ParallelGCFailedAllocation
Event: 20.590 Executing VM operation: ParallelGCFailedAllocation done

Events (20 events):
Event: 18.867 Thread 0x00000173d3709690 flushing nmethod 0x00000173be4ba790
Event: 18.867 Thread 0x00000173d3709690 flushing nmethod 0x00000173be4d0e90
Event: 18.867 Thread 0x00000173d3709690 flushing nmethod 0x00000173be4f8510
Event: 18.867 Thread 0x00000173d3709690 flushing nmethod 0x00000173be501c10
Event: 18.867 Thread 0x00000173d3709690 flushing nmethod 0x00000173be502090
Event: 18.867 Thread 0x00000173d3709690 flushing nmethod 0x00000173be506590
Event: 18.867 Thread 0x00000173d3709690 flushing nmethod 0x00000173be507a90
Event: 18.867 Thread 0x00000173d3709690 flushing nmethod 0x00000173be514d90
Event: 18.867 Thread 0x00000173d3709690 flushing nmethod 0x00000173be51d590
Event: 18.867 Thread 0x00000173d3709690 flushing nmethod 0x00000173be52e210
Event: 18.867 Thread 0x00000173d3709690 flushing nmethod 0x00000173be5a6010
Event: 18.867 Thread 0x00000173d3709690 flushing nmethod 0x00000173be5a6710
Event: 18.867 Thread 0x00000173d3709690 flushing nmethod 0x00000173be621990
Event: 18.867 Thread 0x00000173d3709690 flushing nmethod 0x00000173be635a90
Event: 18.867 Thread 0x00000173d3709690 flushing nmethod 0x00000173be63f890
Event: 18.868 Thread 0x00000173d3709690 flushing nmethod 0x00000173be64e290
Event: 20.005 Thread 0x00000173d988e5a0 Thread added: 0x00000173d988e5a0
Event: 20.360 Thread 0x00000173d988e5a0 Thread exited: 0x00000173d988e5a0
Event: 20.508 Thread 0x00000173d988c070 Thread added: 0x00000173d988c070
Event: 20.508 Thread 0x00000173d988d060 Thread added: 0x00000173d988d060


Dynamic libraries:
0x00007ff6f9850000 - 0x00007ff6f985e000 	c:\Users\papth\.vscode\extensions\redhat.java-1.33.0-win32-x64\jre\17.0.11-win32-x86_64\bin\java.exe
0x00007ffd27e90000 - 0x00007ffd280a7000 	C:\WINDOWS\SYSTEM32\ntdll.dll
0x00007ffd268b0000 - 0x00007ffd26974000 	C:\WINDOWS\System32\KERNEL32.DLL
0x00007ffd252b0000 - 0x00007ffd2565d000 	C:\WINDOWS\System32\KERNELBASE.dll
0x00007ffd25a80000 - 0x00007ffd25b91000 	C:\WINDOWS\System32\ucrtbase.dll
0x00007ffd13c00000 - 0x00007ffd13c1b000 	c:\Users\papth\.vscode\extensions\redhat.java-1.33.0-win32-x64\jre\17.0.11-win32-x86_64\bin\VCRUNTIME140.dll
0x00007ffd046d0000 - 0x00007ffd046e7000 	c:\Users\papth\.vscode\extensions\redhat.java-1.33.0-win32-x64\jre\17.0.11-win32-x86_64\bin\jli.dll
0x00007ffd275f0000 - 0x00007ffd2779e000 	C:\WINDOWS\System32\USER32.dll
0x00007ffd25660000 - 0x00007ffd25686000 	C:\WINDOWS\System32\win32u.dll
0x00007ffd277a0000 - 0x00007ffd277c9000 	C:\WINDOWS\System32\GDI32.dll
0x00007ffd25730000 - 0x00007ffd25849000 	C:\WINDOWS\System32\gdi32full.dll
0x00007ffd130c0000 - 0x00007ffd13353000 	C:\WINDOWS\WinSxS\amd64_microsoft.windows.common-controls_6595b64144ccf1df_6.0.22621.3672_none_2713b9d173822955\COMCTL32.dll
0x00007ffd26f50000 - 0x00007ffd26ff7000 	C:\WINDOWS\System32\msvcrt.dll
0x00007ffd25690000 - 0x00007ffd2572a000 	C:\WINDOWS\System32\msvcp_win.dll
0x00007ffd270f0000 - 0x00007ffd27121000 	C:\WINDOWS\System32\IMM32.DLL
0x00007ffd14aa0000 - 0x00007ffd14aac000 	c:\Users\papth\.vscode\extensions\redhat.java-1.33.0-win32-x64\jre\17.0.11-win32-x86_64\bin\vcruntime140_1.dll
0x00007ffcec890000 - 0x00007ffcec91d000 	c:\Users\papth\.vscode\extensions\redhat.java-1.33.0-win32-x64\jre\17.0.11-win32-x86_64\bin\msvcp140.dll
0x00007ffcdeab0000 - 0x00007ffcdf712000 	c:\Users\papth\.vscode\extensions\redhat.java-1.33.0-win32-x64\jre\17.0.11-win32-x86_64\bin\server\jvm.dll
0x00007ffd273c0000 - 0x00007ffd27472000 	C:\WINDOWS\System32\ADVAPI32.dll
0x00007ffd27160000 - 0x00007ffd27209000 	C:\WINDOWS\System32\sechost.dll
0x00007ffd25ba0000 - 0x00007ffd25bc8000 	C:\WINDOWS\System32\bcrypt.dll
0x00007ffd27b80000 - 0x00007ffd27c94000 	C:\WINDOWS\System32\RPCRT4.dll
0x00007ffd24010000 - 0x00007ffd2405d000 	C:\WINDOWS\SYSTEM32\POWRPROF.dll
0x00007ffd1d080000 - 0x00007ffd1d0b4000 	C:\WINDOWS\SYSTEM32\WINMM.dll
0x00007ffd21b10000 - 0x00007ffd21b19000 	C:\WINDOWS\SYSTEM32\WSOCK32.dll
0x00007ffd26e70000 - 0x00007ffd26ee1000 	C:\WINDOWS\System32\WS2_32.dll
0x00007ffd15ca0000 - 0x00007ffd15caa000 	C:\WINDOWS\SYSTEM32\VERSION.dll
0x00007ffd23ff0000 - 0x00007ffd24003000 	C:\WINDOWS\SYSTEM32\UMPDC.dll
0x00007ffd242b0000 - 0x00007ffd242c8000 	C:\WINDOWS\SYSTEM32\kernel.appcore.dll
0x00007ffd149b0000 - 0x00007ffd149ba000 	c:\Users\papth\.vscode\extensions\redhat.java-1.33.0-win32-x64\jre\17.0.11-win32-x86_64\bin\jimage.dll
0x00007ffd22ab0000 - 0x00007ffd22ce2000 	C:\WINDOWS\SYSTEM32\DBGHELP.DLL
0x00007ffd25c40000 - 0x00007ffd25fc8000 	C:\WINDOWS\System32\combase.dll
0x00007ffd27010000 - 0x00007ffd270e7000 	C:\WINDOWS\System32\OLEAUT32.dll
0x00007ffd15ee0000 - 0x00007ffd15f12000 	C:\WINDOWS\SYSTEM32\dbgcore.DLL
0x00007ffd251c0000 - 0x00007ffd2523b000 	C:\WINDOWS\System32\bcryptPrimitives.dll
0x00007ffd14650000 - 0x00007ffd1465e000 	c:\Users\papth\.vscode\extensions\redhat.java-1.33.0-win32-x64\jre\17.0.11-win32-x86_64\bin\instrument.dll
0x00007ffcec930000 - 0x00007ffcec955000 	c:\Users\papth\.vscode\extensions\redhat.java-1.33.0-win32-x64\jre\17.0.11-win32-x86_64\bin\java.dll
0x00007ffcec7b0000 - 0x00007ffcec7c8000 	c:\Users\papth\.vscode\extensions\redhat.java-1.33.0-win32-x64\jre\17.0.11-win32-x86_64\bin\zip.dll
0x00007ffd25fd0000 - 0x00007ffd2682f000 	C:\WINDOWS\System32\SHELL32.dll
0x00007ffd230d0000 - 0x00007ffd239cc000 	C:\WINDOWS\SYSTEM32\windows.storage.dll
0x00007ffd22f90000 - 0x00007ffd230cf000 	C:\WINDOWS\SYSTEM32\wintypes.dll
0x00007ffd27ca0000 - 0x00007ffd27d94000 	C:\WINDOWS\System32\SHCORE.dll
0x00007ffd26ef0000 - 0x00007ffd26f4e000 	C:\WINDOWS\System32\shlwapi.dll
0x00007ffd250f0000 - 0x00007ffd25111000 	C:\WINDOWS\SYSTEM32\profapi.dll
0x00007ffcec7f0000 - 0x00007ffcec809000 	C:\Users\papth\.vscode\extensions\redhat.java-1.33.0-win32-x64\jre\17.0.11-win32-x86_64\bin\net.dll
0x00007ffd1d3c0000 - 0x00007ffd1d4f6000 	C:\WINDOWS\SYSTEM32\WINHTTP.dll
0x00007ffd24730000 - 0x00007ffd24799000 	C:\WINDOWS\system32\mswsock.dll
0x00007ffcec7d0000 - 0x00007ffcec7e6000 	C:\Users\papth\.vscode\extensions\redhat.java-1.33.0-win32-x64\jre\17.0.11-win32-x86_64\bin\nio.dll
0x00007ffd13bf0000 - 0x00007ffd13c00000 	c:\Users\papth\.vscode\extensions\redhat.java-1.33.0-win32-x64\jre\17.0.11-win32-x86_64\bin\verify.dll
0x00007ffcec5e0000 - 0x00007ffcec625000 	C:\Users\papth\AppData\Roaming\Code\User\globalStorage\redhat.java\1.33.0\config_win\org.eclipse.equinox.launcher\org.eclipse.equinox.launcher.win32.win32.x86_64_1.2.1100.v20240722-2106\eclipse_11904.dll
0x00007ffd27210000 - 0x00007ffd273b5000 	C:\WINDOWS\System32\ole32.dll
0x00007ffd249b0000 - 0x00007ffd249cb000 	C:\WINDOWS\SYSTEM32\CRYPTSP.dll
0x00007ffd24200000 - 0x00007ffd24235000 	C:\WINDOWS\system32\rsaenh.dll
0x00007ffd24850000 - 0x00007ffd24878000 	C:\WINDOWS\SYSTEM32\USERENV.dll
0x00007ffd249d0000 - 0x00007ffd249dc000 	C:\WINDOWS\SYSTEM32\CRYPTBASE.dll
0x00007ffd23ca0000 - 0x00007ffd23ccd000 	C:\WINDOWS\SYSTEM32\IPHLPAPI.DLL
0x00007ffd27150000 - 0x00007ffd27159000 	C:\WINDOWS\System32\NSI.dll
0x00007ffd1d2c0000 - 0x00007ffd1d2d9000 	C:\WINDOWS\SYSTEM32\dhcpcsvc6.DLL
0x00007ffd1d100000 - 0x00007ffd1d11f000 	C:\WINDOWS\SYSTEM32\dhcpcsvc.DLL
0x00007ffd23d10000 - 0x00007ffd23e08000 	C:\WINDOWS\SYSTEM32\DNSAPI.dll
0x00007ffcec590000 - 0x00007ffcec5d5000 	C:\Users\papth\AppData\Local\Temp\jna-106435411\jna6916169668663362096.dll
0x00007ffd25c30000 - 0x00007ffd25c38000 	C:\WINDOWS\System32\PSAPI.DLL
0x00007ffd242d0000 - 0x00007ffd24304000 	C:\WINDOWS\SYSTEM32\ntmarta.dll

dbghelp: loaded successfully - version: 4.0.5 - missing functions: none
symbol engine: initialized successfully - sym options: 0x614 - pdb path: .;c:\Users\papth\.vscode\extensions\redhat.java-1.33.0-win32-x64\jre\17.0.11-win32-x86_64\bin;C:\WINDOWS\SYSTEM32;C:\WINDOWS\WinSxS\amd64_microsoft.windows.common-controls_6595b64144ccf1df_6.0.22621.3672_none_2713b9d173822955;c:\Users\papth\.vscode\extensions\redhat.java-1.33.0-win32-x64\jre\17.0.11-win32-x86_64\bin\server;C:\Users\papth\AppData\Roaming\Code\User\globalStorage\redhat.java\1.33.0\config_win\org.eclipse.equinox.launcher\org.eclipse.equinox.launcher.win32.win32.x86_64_1.2.1100.v20240722-2106;C:\Users\papth\AppData\Local\Temp\jna-106435411

VM Arguments:
jvm_args: --add-modules=ALL-SYSTEM --add-opens=java.base/java.util=ALL-UNNAMED --add-opens=java.base/java.lang=ALL-UNNAMED --add-opens=java.base/sun.nio.fs=ALL-UNNAMED -Declipse.application=org.eclipse.jdt.ls.core.id1 -Dosgi.bundles.defaultStartLevel=4 -Declipse.product=org.eclipse.jdt.ls.core.product -Djava.import.generatesMetadataFilesAtProjectRoot=false -DDetectVMInstallationsJob.disabled=true -Dfile.encoding=utf8 -XX:+UseParallelGC -XX:GCTimeRatio=4 -XX:AdaptiveSizePolicyWeight=90 -Dsun.zip.disableMemoryMapping=true -Xmx1G -Xms100m -Xlog:disable -javaagent:c:\Users\papth\.vscode\extensions\redhat.java-1.33.0-win32-x64\lombok\lombok-1.18.33.jar -XX:+HeapDumpOnOutOfMemoryError -XX:HeapDumpPath=c:\Users\papth\AppData\Roaming\Code\User\workspaceStorage\5c05168c5aa2c9692861d3fc907bc7d4\redhat.java -Daether.dependencyCollector.impl=bf 
java_command: c:\Users\papth\.vscode\extensions\redhat.java-1.33.0-win32-x64\server\plugins\org.eclipse.equinox.launcher_1.6.900.v20240613-2009.jar -configuration c:\Users\papth\AppData\Roaming\Code\User\globalStorage\redhat.java\1.33.0\config_win -data c:\Users\papth\AppData\Roaming\Code\User\workspaceStorage\5c05168c5aa2c9692861d3fc907bc7d4\redhat.java\jdt_ws --pipe=\\.\pipe\lsp-f8d2e870bbac9b8053d3626b4aab9968-sock
java_class_path (initial): c:\Users\papth\.vscode\extensions\redhat.java-1.33.0-win32-x64\server\plugins\org.eclipse.equinox.launcher_1.6.900.v20240613-2009.jar
Launcher Type: SUN_STANDARD

[Global flags]
    uintx AdaptiveSizePolicyWeight                 = 90                                        {product} {command line}
     intx CICompilerCount                          = 4                                         {product} {ergonomic}
    uintx GCTimeRatio                              = 4                                         {product} {command line}
     bool HeapDumpOnOutOfMemoryError               = true                                   {manageable} {command line}
    ccstr HeapDumpPath                             = c:\Users\papth\AppData\Roaming\Code\User\workspaceStorage\5c05168c5aa2c9692861d3fc907bc7d4\redhat.java         {manageable} {command line}
   size_t InitialHeapSize                          = 104857600                                 {product} {command line}
   size_t MaxHeapSize                              = 1073741824                                {product} {command line}
   size_t MaxNewSize                               = 357564416                                 {product} {ergonomic}
   size_t MinHeapDeltaBytes                        = 524288                                    {product} {ergonomic}
   size_t MinHeapSize                              = 104857600                                 {product} {command line}
   size_t NewSize                                  = 34603008                                  {product} {ergonomic}
    uintx NonNMethodCodeHeapSize                   = 5839372                                {pd product} {ergonomic}
    uintx NonProfiledCodeHeapSize                  = 122909434                              {pd product} {ergonomic}
   size_t OldSize                                  = 70254592                                  {product} {ergonomic}
    uintx ProfiledCodeHeapSize                     = 122909434                              {pd product} {ergonomic}
    uintx ReservedCodeCacheSize                    = 251658240                              {pd product} {ergonomic}
     bool SegmentedCodeCache                       = true                                      {product} {ergonomic}
   size_t SoftMaxHeapSize                          = 1073741824                             {manageable} {ergonomic}
     bool UseCompressedClassPointers               = true                           {product lp64_product} {ergonomic}
     bool UseCompressedOops                        = true                           {product lp64_product} {ergonomic}
     bool UseLargePagesIndividualAllocation        = false                                  {pd product} {ergonomic}
     bool UseParallelGC                            = true                                      {product} {command line}

Logging:
Log output configuration:
 #0: stdout all=off uptime,level,tags
 #1: stderr all=off uptime,level,tags

Environment Variables:
JAVA_HOME=C:\LAB-TOOLS\JDK\jdk-17.0.6
PATH=C:\Python311\Scripts\;C:\Python311\;C:\LAB-TOOLS\JDK\jdk-17.0.6\bin;C:\Program Files\Microsoft\jdk-11.0.12.7-hotspot\bin;C:\Program Files\AdoptOpenJDK\jdk-11.0.9.101-hotspot\bin;C:\Program Files (x86)\Common Files\Oracle\Java\javapath;C:\windows\system32;C:\windows;C:\windows\System32\Wbem;C:\windows\System32\WindowsPowerShell\v1.0\;C:\windows\System32\OpenSSH\;C:\Program Files (x86)\NVIDIA Corporation\PhysX\Common;C:\Program Files\NVIDIA Corporation\NVIDIA NvDLISR;C:\Program Files (x86)\Wolfram Research\WolframScript\;C:\WINDOWS\system32;C:\WINDOWS;C:\WINDOWS\System32\Wbem;C:\WINDOWS\System32\WindowsPowerShell\v1.0\;C:\WINDOWS\System32\OpenSSH\;C:\Program Files\MATLAB\R2020a\runtime\win64;C:\Program Files\MATLAB\R2020a\bin;C:\Program Files\OpenVPN\bin;C:\Program Files\Git\cmd;C:\Program Files\Git\usr\bin;C:\Program Files\Microsoft SQL Server\150\Tools\Binn\;C:\Program Files\dotnet\;C:\MinGW\mingw32\bin;C:\WINDOWS\system32;C:\WINDOWS;C:\WINDOWS\System32\Wbem;C:\WINDOWS\System32\WindowsPowerShell\v1.0\;C:\Program Files\nodejs;C:\ProgramData\chocolatey\bin;C:\Program Files\Docker\Docker\resources\bin;C:\WINDOWS\System32\OpenSSH\;C:\LAB-TOOLS\apache-maven-3.9.6-bin\apache-maven-3.9.6\bin;C:\Program Files\PowerShell\7-preview\preview;C:\Program Files\HP\HP One Agent;C:\Program Files\PowerShell\7\;C:\Users\papth\scoop\shims;C:\dev\flutter\bin;C:\Users\papth\AppData\Local\Microsoft\WindowsApps;C:\Users\papth\AppData\Local\GitHubDesktop\bin;C:\Users\papth\AppData\Local\Microsoft\WindowsApps;C:\Users\papth\AppData\Local\atom\bin;C:\Users\papth\.dotnet\tools;C:\Users\papth\AppData\Roaming\npm;C:\dev\android-sdk\platform-tools;C:\Program Files\nodejs;C:\Users\papth\AppData\Local\Programs\Microsoft VS Code\bin;C:\Users\papth\AppData\Roaming\Python\Python311\Scripts;C:\Users\papth\AppData\Local\Google\Cloud SDK\google-cloud-sdk\bin
USERNAME=papth
OS=Windows_NT
PROCESSOR_IDENTIFIER=Intel64 Family 6 Model 142 Stepping 12, GenuineIntel
TMP=C:\Users\papth\AppData\Local\Temp
TEMP=C:\Users\papth\AppData\Local\Temp



Periodic native trim disabled


---------------  S Y S T E M  ---------------

OS:
 Windows 11 , 64 bit Build 22621 (10.0.22621.3672)
OS uptime: 0 days 11:37 hours
Hyper-V role detected

CPU: total 8 (initial active 8) (4 cores per cpu, 2 threads per core) family 6 model 142 stepping 12 microcode 0xde, cx8, cmov, fxsr, ht, mmx, 3dnowpref, sse, sse2, sse3, ssse3, sse4.1, sse4.2, popcnt, lzcnt, tsc, tscinvbit, avx, avx2, aes, erms, clmul, bmi1, bmi2, adx, fma, vzeroupper, clflush, clflushopt, hv
Processor Information for all 8 processors :
  Max Mhz: 2304, Current Mhz: 1803, Mhz Limit: 1797

Memory: 4k page, system-wide physical 16187M (4856M free)
TotalPageFile size 16187M (AvailPageFile size 70M)
current process WorkingSet (physical memory assigned to process): 735M, peak: 740M
current process commit charge ("private bytes"): 720M, peak: 740M

vm_info: OpenJDK 64-Bit Server VM (17.0.11+9) for windows-amd64 JRE (17.0.11+9), built on Apr 17 2024 06:07:48 by "admin" with MS VC++ 16.10 / 16.11 (VS2019)

END.
