#
# There is insufficient memory for the Java Runtime Environment to continue.
# Native memory allocation (malloc) failed to allocate 1197776 bytes. Error detail: Chunk::new
# Possible reasons:
#   The system is out of physical RAM or swap space
#   This process is running with CompressedOops enabled, and the Java Heap may be blocking the growth of the native heap
# Possible solutions:
#   Reduce memory load on the system
#   Increase physical memory or swap space
#   Check if swap backing store is full
#   Decrease Java heap size (-Xmx/-Xms)
#   Decrease number of Java threads
#   Decrease Java thread stack sizes (-Xss)
#   Set larger code cache with -XX:ReservedCodeCacheSize=
#   JVM is running with Unscaled Compressed Oops mode in which the Java heap is
#     placed in the first 4GB address space. The Java Heap base address is the
#     maximum limit for the native heap growth. Please use -XX:HeapBaseMinAddress
#     to set the Java Heap base and to place the Java Heap above 4GB virtual address.
# This output file may be truncated or incomplete.
#
#  Out of Memory Error (arena.cpp:191), pid=22720, tid=16548
#
# JRE version: OpenJDK Runtime Environment Temurin-17.0.11+9 (17.0.11+9) (build 17.0.11+9)
# Java VM: OpenJDK 64-Bit Server VM Temurin-17.0.11+9 (17.0.11+9, mixed mode, tiered, compressed oops, compressed class ptrs, parallel gc, windows-amd64)
# No core dump will be written. Minidumps are not enabled by default on client versions of Windows
#

---------------  S U M M A R Y ------------

Command Line: --add-modules=ALL-SYSTEM --add-opens=java.base/java.util=ALL-UNNAMED --add-opens=java.base/java.lang=ALL-UNNAMED --add-opens=java.base/sun.nio.fs=ALL-UNNAMED -Declipse.application=org.eclipse.jdt.ls.core.id1 -Dosgi.bundles.defaultStartLevel=4 -Declipse.product=org.eclipse.jdt.ls.core.product -Djava.import.generatesMetadataFilesAtProjectRoot=false -DDetectVMInstallationsJob.disabled=true -Dfile.encoding=utf8 -XX:+UseParallelGC -XX:GCTimeRatio=4 -XX:AdaptiveSizePolicyWeight=90 -Dsun.zip.disableMemoryMapping=true -Xmx1G -Xms100m -Xlog:disable -javaagent:c:\Users\papth\.vscode\extensions\redhat.java-1.33.0-win32-x64\lombok\lombok-1.18.33.jar c:\Users\papth\.vscode\extensions\redhat.java-1.33.0-win32-x64\server\plugins\org.eclipse.equinox.launcher_1.6.900.v20240613-2009.jar -configuration c:\Users\papth\AppData\Roaming\Code\User\globalStorage\redhat.java\1.33.0\config_ss_win -data c:\Users\papth\AppData\Roaming\Code\User\workspaceStorage\5c05168c5aa2c9692861d3fc907bc7d4\redhat.java\ss_ws --pipe=\\.\pipe\lsp-7881ace7af09599aa24d5f42fac88eb2-sock

Host: Intel(R) Core(TM) i7-10510U CPU @ 1.80GHz, 8 cores, 15G,  Windows 11 , 64 bit Build 22621 (10.0.22621.3958)
Time: Sun Aug 18 05:38:27 2024  Windows 11 , 64 bit Build 22621 (10.0.22621.3958) elapsed time: 6.541814 seconds (0d 0h 0m 6s)

---------------  T H R E A D  ---------------

Current thread (0x0000025393b22ff0):  JavaThread "C2 CompilerThread0" daemon [_thread_in_native, id=16548, stack(0x000000ef00100000,0x000000ef00200000)]


Current CompileTask:
C2:   6541 2930       4       jdk.internal.org.objectweb.asm.Frame::execute (2318 bytes)

Stack: [0x000000ef00100000,0x000000ef00200000]
Native frames: (J=compiled Java code, j=interpreted, Vv=VM code, C=native code)
V  [jvm.dll+0x67d429]
V  [jvm.dll+0x834b7a]
V  [jvm.dll+0x83663e]
V  [jvm.dll+0x836ca3]
V  [jvm.dll+0x247dbf]
V  [jvm.dll+0xac534]
V  [jvm.dll+0xacb7c]
V  [jvm.dll+0x3665f2]
V  [jvm.dll+0x330bba]
V  [jvm.dll+0x33005a]
V  [jvm.dll+0x21a471]
V  [jvm.dll+0x2198b1]
V  [jvm.dll+0x1a534d]
V  [jvm.dll+0x2295cd]
V  [jvm.dll+0x22779c]
V  [jvm.dll+0x7e9d07]
V  [jvm.dll+0x7e410a]
V  [jvm.dll+0x67c315]
C  [ucrtbase.dll+0x29333]
C  [KERNEL32.DLL+0x1257d]
C  [ntdll.dll+0x5af28]


---------------  P R O C E S S  ---------------

Threads class SMR info:
_java_thread_list=0x0000025395eec140, length=33, elements={
0x00000253fab86e20, 0x00000253ffa00020, 0x00000253ffa026e0, 0x00000253ffa0e380,
0x0000025393aef950, 0x0000025393af1510, 0x0000025393af3040, 0x0000025393b22ff0,
0x0000025393b240a0, 0x0000025393b459e0, 0x00000253fabe85c0, 0x0000025393e8ccb0,
0x00000253955fc4e0, 0x000002539567ca20, 0x00000253955c6830, 0x0000025395641af0,
0x000002539555e7d0, 0x00000253957575b0, 0x0000025395759410, 0x000002539575a340,
0x000002539575a850, 0x00000253959439a0, 0x0000025396c827e0, 0x00000253957570a0,
0x0000025395759920, 0x0000025395757fd0, 0x0000025395759e30, 0x00000253957584e0,
0x0000025395757ac0, 0x00000253957589f0, 0x0000025395f69160, 0x0000025395f69b80,
0x0000025395f6a090
}

Java Threads: ( => current thread )
  0x00000253fab86e20 JavaThread "main" [_thread_in_Java, id=7468, stack(0x000000ef7f800000,0x000000ef7f900000)]
  0x00000253ffa00020 JavaThread "Reference Handler" daemon [_thread_blocked, id=12220, stack(0x000000ef7fb00000,0x000000ef7fc00000)]
  0x00000253ffa026e0 JavaThread "Finalizer" daemon [_thread_blocked, id=17852, stack(0x000000ef7fc00000,0x000000ef7fd00000)]
  0x00000253ffa0e380 JavaThread "Signal Dispatcher" daemon [_thread_blocked, id=18192, stack(0x000000ef7fd00000,0x000000ef7fe00000)]
  0x0000025393aef950 JavaThread "Attach Listener" daemon [_thread_blocked, id=21172, stack(0x000000ef7fe00000,0x000000ef7ff00000)]
  0x0000025393af1510 JavaThread "Service Thread" daemon [_thread_blocked, id=20940, stack(0x000000ef7ff00000,0x000000ef80000000)]
  0x0000025393af3040 JavaThread "Monitor Deflation Thread" daemon [_thread_blocked, id=19812, stack(0x000000ef00000000,0x000000ef00100000)]
=>0x0000025393b22ff0 JavaThread "C2 CompilerThread0" daemon [_thread_in_native, id=16548, stack(0x000000ef00100000,0x000000ef00200000)]
  0x0000025393b240a0 JavaThread "C1 CompilerThread0" daemon [_thread_blocked, id=8028, stack(0x000000ef00200000,0x000000ef00300000)]
  0x0000025393b459e0 JavaThread "Sweeper thread" daemon [_thread_blocked, id=19776, stack(0x000000ef00300000,0x000000ef00400000)]
  0x00000253fabe85c0 JavaThread "Common-Cleaner" daemon [_thread_blocked, id=12908, stack(0x000000ef00400000,0x000000ef00500000)]
  0x0000025393e8ccb0 JavaThread "Notification Thread" daemon [_thread_blocked, id=8416, stack(0x000000ef00500000,0x000000ef00600000)]
  0x00000253955fc4e0 JavaThread "Active Thread: Equinox Container: 3148635c-66f6-47bd-9c47-16030a0e06ed" [_thread_blocked, id=20060, stack(0x000000ef00e00000,0x000000ef00f00000)]
  0x000002539567ca20 JavaThread "Framework Event Dispatcher: Equinox Container: 3148635c-66f6-47bd-9c47-16030a0e06ed" daemon [_thread_blocked, id=17768, stack(0x000000ef00d00000,0x000000ef00e00000)]
  0x00000253955c6830 JavaThread "Start Level: Equinox Container: 3148635c-66f6-47bd-9c47-16030a0e06ed" daemon [_thread_blocked, id=9748, stack(0x000000ef00f00000,0x000000ef01000000)]
  0x0000025395641af0 JavaThread "SCR Component Actor" daemon [_thread_blocked, id=10400, stack(0x000000ef01000000,0x000000ef01100000)]
  0x000002539555e7d0 JavaThread "SCR Component Registry" daemon [_thread_blocked, id=19440, stack(0x000000ef01200000,0x000000ef01300000)]
  0x00000253957575b0 JavaThread "Worker-JM" [_thread_blocked, id=17316, stack(0x000000ef01300000,0x000000ef01400000)]
  0x0000025395759410 JavaThread "JNA Cleaner" daemon [_thread_blocked, id=23384, stack(0x000000ef01400000,0x000000ef01500000)]
  0x000002539575a340 JavaThread "Worker-0" [_thread_blocked, id=19984, stack(0x000000ef01500000,0x000000ef01600000)]
  0x000002539575a850 JavaThread "Worker-1" [_thread_blocked, id=22984, stack(0x000000ef01600000,0x000000ef01700000)]
  0x00000253959439a0 JavaThread "C2 CompilerThread1" daemon [_thread_in_native, id=11856, stack(0x000000ef01700000,0x000000ef01800000)]
  0x0000025396c827e0 JavaThread "C2 CompilerThread2" daemon [_thread_blocked, id=22824, stack(0x000000ef01800000,0x000000ef01900000)]
  0x00000253957570a0 JavaThread "Thread-2" daemon [_thread_in_native, id=19608, stack(0x000000ef01900000,0x000000ef01a00000)]
  0x0000025395759920 JavaThread "Thread-3" daemon [_thread_in_native, id=12704, stack(0x000000ef01a00000,0x000000ef01b00000)]
  0x0000025395757fd0 JavaThread "Thread-4" daemon [_thread_in_native, id=20980, stack(0x000000ef01b00000,0x000000ef01c00000)]
  0x0000025395759e30 JavaThread "Thread-5" daemon [_thread_in_native, id=20616, stack(0x000000ef01c00000,0x000000ef01d00000)]
  0x00000253957584e0 JavaThread "Thread-6" daemon [_thread_in_native, id=20936, stack(0x000000ef01d00000,0x000000ef01e00000)]
  0x0000025395757ac0 JavaThread "Thread-7" daemon [_thread_in_native, id=13040, stack(0x000000ef01e00000,0x000000ef01f00000)]
  0x00000253957589f0 JavaThread "Thread-8" daemon [_thread_in_native, id=10268, stack(0x000000ef01f00000,0x000000ef02000000)]
  0x0000025395f69160 JavaThread "Thread-9" daemon [_thread_in_native, id=11408, stack(0x000000ef02000000,0x000000ef02100000)]
  0x0000025395f69b80 JavaThread "Thread-10" daemon [_thread_in_native, id=8312, stack(0x000000ef02100000,0x000000ef02200000)]
  0x0000025395f6a090 JavaThread "pool-2-thread-1" [_thread_blocked, id=5204, stack(0x000000ef02200000,0x000000ef02300000)]

Other Threads:
  0x00000253fac2e7a0 VMThread "VM Thread" [stack: 0x000000ef7fa00000,0x000000ef7fb00000] [id=8696]
  0x0000025393e75e60 WatcherThread [stack: 0x000000ef00600000,0x000000ef00700000] [id=19704]
  0x00000253fab9b840 GCTaskThread "GC Thread#0" [stack: 0x000000ef7f900000,0x000000ef7fa00000] [id=21520]
  0x000002539539e260 GCTaskThread "GC Thread#1" [stack: 0x000000ef00700000,0x000000ef00800000] [id=22188]
  0x000002539539e930 GCTaskThread "GC Thread#2" [stack: 0x000000ef00800000,0x000000ef00900000] [id=12656]
  0x00000253955d0040 GCTaskThread "GC Thread#3" [stack: 0x000000ef00900000,0x000000ef00a00000] [id=5816]
  0x00000253955d0300 GCTaskThread "GC Thread#4" [stack: 0x000000ef00a00000,0x000000ef00b00000] [id=21484]
  0x00000253955d05c0 GCTaskThread "GC Thread#5" [stack: 0x000000ef00b00000,0x000000ef00c00000] [id=4964]
  0x00000253955d0880 GCTaskThread "GC Thread#6" [stack: 0x000000ef00c00000,0x000000ef00d00000] [id=15608]
  0x0000025395516db0 GCTaskThread "GC Thread#7" [stack: 0x000000ef01100000,0x000000ef01200000] [id=3604]

Threads with active compile tasks:
C2 CompilerThread0     6567 2930       4       jdk.internal.org.objectweb.asm.Frame::execute (2318 bytes)
C2 CompilerThread1     6567 3002       4       java.lang.StringBuilder::append (6 bytes)

VM state: not at safepoint (normal execution)

VM Mutex/Monitor currently owned by a thread: None

Heap address: 0x00000000c0000000, size: 1024 MB, Compressed Oops mode: 32-bit

CDS archive(s) not mapped
Compressed class space mapped at: 0x0000000100000000-0x0000000140000000, reserved size: 1073741824
Narrow klass base: 0x0000000000000000, Narrow klass shift: 3, Narrow klass range: 0x140000000

GC Precious Log:
 CPUs: 8 total, 8 available
 Memory: 16187M
 Large Page Support: Disabled
 NUMA Support: Disabled
 Compressed Oops: Enabled (32-bit)
 Alignments: Space 512K, Generation 512K, Heap 2M
 Heap Min Capacity: 100M
 Heap Initial Capacity: 100M
 Heap Max Capacity: 1G
 Pre-touch: Disabled
 Parallel Workers: 8

Heap:
 PSYoungGen      total 27136K, used 24565K [0x00000000eab00000, 0x00000000ecb80000, 0x0000000100000000)
  eden space 24064K, 89% used [0x00000000eab00000,0x00000000ebfff320,0x00000000ec280000)
  from space 3072K, 99% used [0x00000000ec300000,0x00000000ec5fe1e0,0x00000000ec600000)
  to   space 4608K, 0% used [0x00000000ec700000,0x00000000ec700000,0x00000000ecb80000)
 ParOldGen       total 68608K, used 8394K [0x00000000c0000000, 0x00000000c4300000, 0x00000000eab00000)
  object space 68608K, 12% used [0x00000000c0000000,0x00000000c0832a78,0x00000000c4300000)
 Metaspace       used 33821K, committed 34496K, reserved 1114112K
  class space    used 3360K, committed 3648K, reserved 1048576K

Card table byte_map: [0x00000253fa540000,0x00000253fa750000] _byte_map_base: 0x00000253f9f40000

Marking Bits: (ParMarkBitMap*) 0x00007ffb6abcd820
 Begin Bits: [0x00000253fd810000, 0x00000253fe810000)
 End Bits:   [0x00000253fe810000, 0x00000253ff810000)

Polling page: 0x00000253fa330000

Metaspace:

Usage:
  Non-class:     29.75 MB used.
      Class:      3.28 MB used.
       Both:     33.03 MB used.

Virtual space:
  Non-class space:       64.00 MB reserved,      30.12 MB ( 47%) committed,  1 nodes.
      Class space:        1.00 GB reserved,       3.56 MB ( <1%) committed,  1 nodes.
             Both:        1.06 GB reserved,      33.69 MB (  3%) committed. 

Chunk freelists:
   Non-Class:  1.42 MB
       Class:  12.41 MB
        Both:  13.83 MB

MaxMetaspaceSize: unlimited
CompressedClassSpaceSize: 1.00 GB
Initial GC threshold: 21.00 MB
Current GC threshold: 35.00 MB
CDS: off
MetaspaceReclaimPolicy: balanced
 - commit_granule_bytes: 65536.
 - commit_granule_words: 8192.
 - virtual_space_node_default_size: 8388608.
 - enlarge_chunks_in_place: 1.
 - new_chunks_are_fully_committed: 0.
 - uncommit_free_chunks: 1.
 - use_allocation_guard: 0.
 - handle_deallocations: 1.


Internal statistics:

num_allocs_failed_limit: 3.
num_arena_births: 332.
num_arena_deaths: 14.
num_vsnodes_births: 2.
num_vsnodes_deaths: 0.
num_space_committed: 539.
num_space_uncommitted: 0.
num_chunks_returned_to_freelist: 24.
num_chunks_taken_from_freelist: 1338.
num_chunk_merges: 10.
num_chunk_splits: 851.
num_chunks_enlarged: 573.
num_inconsistent_stats: 0.

CodeHeap 'non-profiled nmethods': size=120000Kb used=1364Kb max_used=1364Kb free=118635Kb
 bounds [0x0000025387ad0000, 0x0000025387d40000, 0x000002538f000000]
CodeHeap 'profiled nmethods': size=120000Kb used=5960Kb max_used=5960Kb free=114039Kb
 bounds [0x0000025380000000, 0x00000253805e0000, 0x0000025387530000]
CodeHeap 'non-nmethods': size=5760Kb used=1266Kb max_used=1300Kb free=4494Kb
 bounds [0x0000025387530000, 0x00000253877a0000, 0x0000025387ad0000]
 total_blobs=3584 nmethods=2999 adapters=499
 compilation: enabled
              stopped_count=0, restarted_count=0
 full_count=0

Compilation events (20 events):
Event: 6.511 Thread 0x0000025393b240a0 nmethod 2991 0x0000025387c23890 code [0x0000025387c23a20, 0x0000025387c23af8]
Event: 6.512 Thread 0x0000025393b240a0 2992       1       sun.reflect.annotation.AnnotationType::memberTypes (5 bytes)
Event: 6.512 Thread 0x0000025393b240a0 nmethod 2992 0x0000025387c23b90 code [0x0000025387c23d20, 0x0000025387c23df8]
Event: 6.512 Thread 0x0000025393b240a0 2994       3       sun.reflect.annotation.AnnotationType::getInstance (65 bytes)
Event: 6.512 Thread 0x0000025393b240a0 nmethod 2994 0x00000253805cf410 code [0x00000253805cf600, 0x00000253805cfb78]
Event: 6.512 Thread 0x0000025393b240a0 2993       1       sun.reflect.annotation.AnnotationType::memberDefaults (5 bytes)
Event: 6.512 Thread 0x0000025393b240a0 nmethod 2993 0x0000025387c23e90 code [0x0000025387c24020, 0x0000025387c240f8]
Event: 6.512 Thread 0x0000025393b240a0 2995       1       sun.reflect.annotation.AnnotationType::retention (5 bytes)
Event: 6.512 Thread 0x0000025393b240a0 nmethod 2995 0x0000025387c24190 code [0x0000025387c24320, 0x0000025387c243f8]
Event: 6.519 Thread 0x0000025393b240a0 2996       3       java.lang.reflect.Method::isSynthetic (5 bytes)
Event: 6.520 Thread 0x0000025393b240a0 nmethod 2996 0x00000253805cfe10 code [0x00000253805cffc0, 0x00000253805d01f8]
Event: 6.520 Thread 0x0000025393b240a0 2997       3       java.lang.reflect.Executable::isSynthetic (8 bytes)
Event: 6.520 Thread 0x0000025393b240a0 nmethod 2997 0x00000253805d0310 code [0x00000253805d04c0, 0x00000253805d0748]
Event: 6.520 Thread 0x0000025393b240a0 2998       3       java.lang.Class::getInterfaces (49 bytes)
Event: 6.520 Thread 0x0000025393b240a0 nmethod 2998 0x00000253805d0810 code [0x00000253805d0a00, 0x00000253805d0e98]
Event: 6.521 Thread 0x0000025393b240a0 2999       3       java.lang.Class::privateGetDeclaredMethods (64 bytes)
Event: 6.522 Thread 0x0000025393b240a0 nmethod 2999 0x00000253805d1010 code [0x00000253805d1220, 0x00000253805d1958]
Event: 6.528 Thread 0x00000253959439a0 3000       4       java.lang.ref.Cleaner$1::apply (9 bytes)
Event: 6.530 Thread 0x00000253959439a0 nmethod 3000 0x0000025387c24490 code [0x0000025387c24600, 0x0000025387c246b8]
Event: 6.535 Thread 0x00000253959439a0 3001       4       java.lang.String::substring (58 bytes)

GC Heap History (16 events):
Event: 1.640 GC heap before
{Heap before GC invocations=1 (full 0):
 PSYoungGen      total 29696K, used 25600K [0x00000000eab00000, 0x00000000ecc00000, 0x0000000100000000)
  eden space 25600K, 100% used [0x00000000eab00000,0x00000000ec400000,0x00000000ec400000)
  from space 4096K, 0% used [0x00000000ec800000,0x00000000ec800000,0x00000000ecc00000)
  to   space 4096K, 0% used [0x00000000ec400000,0x00000000ec400000,0x00000000ec800000)
 ParOldGen       total 68608K, used 0K [0x00000000c0000000, 0x00000000c4300000, 0x00000000eab00000)
  object space 68608K, 0% used [0x00000000c0000000,0x00000000c0000000,0x00000000c4300000)
 Metaspace       used 10994K, committed 11200K, reserved 1114112K
  class space    used 1094K, committed 1216K, reserved 1048576K
}
Event: 1.652 GC heap after
{Heap after GC invocations=1 (full 0):
 PSYoungGen      total 29696K, used 3172K [0x00000000eab00000, 0x00000000ecc00000, 0x0000000100000000)
  eden space 25600K, 0% used [0x00000000eab00000,0x00000000eab00000,0x00000000ec400000)
  from space 4096K, 77% used [0x00000000ec400000,0x00000000ec7192e0,0x00000000ec800000)
  to   space 4096K, 0% used [0x00000000ec800000,0x00000000ec800000,0x00000000ecc00000)
 ParOldGen       total 68608K, used 8K [0x00000000c0000000, 0x00000000c4300000, 0x00000000eab00000)
  object space 68608K, 0% used [0x00000000c0000000,0x00000000c0002000,0x00000000c4300000)
 Metaspace       used 10994K, committed 11200K, reserved 1114112K
  class space    used 1094K, committed 1216K, reserved 1048576K
}
Event: 3.593 GC heap before
{Heap before GC invocations=2 (full 0):
 PSYoungGen      total 29696K, used 28772K [0x00000000eab00000, 0x00000000ecc00000, 0x0000000100000000)
  eden space 25600K, 100% used [0x00000000eab00000,0x00000000ec400000,0x00000000ec400000)
  from space 4096K, 77% used [0x00000000ec400000,0x00000000ec7192e0,0x00000000ec800000)
  to   space 4096K, 0% used [0x00000000ec800000,0x00000000ec800000,0x00000000ecc00000)
 ParOldGen       total 68608K, used 8K [0x00000000c0000000, 0x00000000c4300000, 0x00000000eab00000)
  object space 68608K, 0% used [0x00000000c0000000,0x00000000c0002000,0x00000000c4300000)
 Metaspace       used 14873K, committed 15168K, reserved 1114112K
  class space    used 1513K, committed 1664K, reserved 1048576K
}
Event: 3.600 GC heap after
{Heap after GC invocations=2 (full 0):
 PSYoungGen      total 29696K, used 4083K [0x00000000eab00000, 0x00000000ecc00000, 0x0000000100000000)
  eden space 25600K, 0% used [0x00000000eab00000,0x00000000eab00000,0x00000000ec400000)
  from space 4096K, 99% used [0x00000000ec800000,0x00000000ecbfcfa0,0x00000000ecc00000)
  to   space 4096K, 0% used [0x00000000ec400000,0x00000000ec400000,0x00000000ec800000)
 ParOldGen       total 68608K, used 804K [0x00000000c0000000, 0x00000000c4300000, 0x00000000eab00000)
  object space 68608K, 1% used [0x00000000c0000000,0x00000000c00c9350,0x00000000c4300000)
 Metaspace       used 14873K, committed 15168K, reserved 1114112K
  class space    used 1513K, committed 1664K, reserved 1048576K
}
Event: 4.434 GC heap before
{Heap before GC invocations=3 (full 0):
 PSYoungGen      total 29696K, used 29683K [0x00000000eab00000, 0x00000000ecc00000, 0x0000000100000000)
  eden space 25600K, 100% used [0x00000000eab00000,0x00000000ec400000,0x00000000ec400000)
  from space 4096K, 99% used [0x00000000ec800000,0x00000000ecbfcfa0,0x00000000ecc00000)
  to   space 4096K, 0% used [0x00000000ec400000,0x00000000ec400000,0x00000000ec800000)
 ParOldGen       total 68608K, used 804K [0x00000000c0000000, 0x00000000c4300000, 0x00000000eab00000)
  object space 68608K, 1% used [0x00000000c0000000,0x00000000c00c9350,0x00000000c4300000)
 Metaspace       used 19814K, committed 20224K, reserved 1114112K
  class space    used 2024K, committed 2176K, reserved 1048576K
}
Event: 4.440 GC heap after
{Heap after GC invocations=3 (full 0):
 PSYoungGen      total 29696K, used 4095K [0x00000000eab00000, 0x00000000ecc00000, 0x0000000100000000)
  eden space 25600K, 0% used [0x00000000eab00000,0x00000000eab00000,0x00000000ec400000)
  from space 4096K, 99% used [0x00000000ec400000,0x00000000ec7ffc88,0x00000000ec800000)
  to   space 4096K, 0% used [0x00000000ec800000,0x00000000ec800000,0x00000000ecc00000)
 ParOldGen       total 68608K, used 2653K [0x00000000c0000000, 0x00000000c4300000, 0x00000000eab00000)
  object space 68608K, 3% used [0x00000000c0000000,0x00000000c0297580,0x00000000c4300000)
 Metaspace       used 19814K, committed 20224K, reserved 1114112K
  class space    used 2024K, committed 2176K, reserved 1048576K
}
Event: 4.622 GC heap before
{Heap before GC invocations=4 (full 0):
 PSYoungGen      total 29696K, used 11551K [0x00000000eab00000, 0x00000000ecc00000, 0x0000000100000000)
  eden space 25600K, 29% used [0x00000000eab00000,0x00000000eb248268,0x00000000ec400000)
  from space 4096K, 99% used [0x00000000ec400000,0x00000000ec7ffc88,0x00000000ec800000)
  to   space 4096K, 0% used [0x00000000ec800000,0x00000000ec800000,0x00000000ecc00000)
 ParOldGen       total 68608K, used 2653K [0x00000000c0000000, 0x00000000c4300000, 0x00000000eab00000)
  object space 68608K, 3% used [0x00000000c0000000,0x00000000c0297580,0x00000000c4300000)
 Metaspace       used 21089K, committed 21504K, reserved 1114112K
  class space    used 2149K, committed 2368K, reserved 1048576K
}
Event: 4.626 GC heap after
{Heap after GC invocations=4 (full 0):
 PSYoungGen      total 29696K, used 4094K [0x00000000eab00000, 0x00000000ecc00000, 0x0000000100000000)
  eden space 25600K, 0% used [0x00000000eab00000,0x00000000eab00000,0x00000000ec400000)
  from space 4096K, 99% used [0x00000000ec800000,0x00000000ecbff8f0,0x00000000ecc00000)
  to   space 4096K, 0% used [0x00000000ec400000,0x00000000ec400000,0x00000000ec800000)
 ParOldGen       total 68608K, used 3473K [0x00000000c0000000, 0x00000000c4300000, 0x00000000eab00000)
  object space 68608K, 5% used [0x00000000c0000000,0x00000000c0364798,0x00000000c4300000)
 Metaspace       used 21089K, committed 21504K, reserved 1114112K
  class space    used 2149K, committed 2368K, reserved 1048576K
}
Event: 4.626 GC heap before
{Heap before GC invocations=5 (full 1):
 PSYoungGen      total 29696K, used 4094K [0x00000000eab00000, 0x00000000ecc00000, 0x0000000100000000)
  eden space 25600K, 0% used [0x00000000eab00000,0x00000000eab00000,0x00000000ec400000)
  from space 4096K, 99% used [0x00000000ec800000,0x00000000ecbff8f0,0x00000000ecc00000)
  to   space 4096K, 0% used [0x00000000ec400000,0x00000000ec400000,0x00000000ec800000)
 ParOldGen       total 68608K, used 3473K [0x00000000c0000000, 0x00000000c4300000, 0x00000000eab00000)
  object space 68608K, 5% used [0x00000000c0000000,0x00000000c0364798,0x00000000c4300000)
 Metaspace       used 21089K, committed 21504K, reserved 1114112K
  class space    used 2149K, committed 2368K, reserved 1048576K
}
Event: 4.657 GC heap after
{Heap after GC invocations=5 (full 1):
 PSYoungGen      total 29696K, used 0K [0x00000000eab00000, 0x00000000ecc00000, 0x0000000100000000)
  eden space 25600K, 0% used [0x00000000eab00000,0x00000000eab00000,0x00000000ec400000)
  from space 4096K, 0% used [0x00000000ec800000,0x00000000ec800000,0x00000000ecc00000)
  to   space 4096K, 0% used [0x00000000ec400000,0x00000000ec400000,0x00000000ec800000)
 ParOldGen       total 68608K, used 7385K [0x00000000c0000000, 0x00000000c4300000, 0x00000000eab00000)
  object space 68608K, 10% used [0x00000000c0000000,0x00000000c0736548,0x00000000c4300000)
 Metaspace       used 21075K, committed 21504K, reserved 1114112K
  class space    used 2145K, committed 2368K, reserved 1048576K
}
Event: 5.161 GC heap before
{Heap before GC invocations=6 (full 1):
 PSYoungGen      total 29696K, used 25600K [0x00000000eab00000, 0x00000000ecc00000, 0x0000000100000000)
  eden space 25600K, 100% used [0x00000000eab00000,0x00000000ec400000,0x00000000ec400000)
  from space 4096K, 0% used [0x00000000ec800000,0x00000000ec800000,0x00000000ecc00000)
  to   space 4096K, 0% used [0x00000000ec400000,0x00000000ec400000,0x00000000ec800000)
 ParOldGen       total 68608K, used 7385K [0x00000000c0000000, 0x00000000c4300000, 0x00000000eab00000)
  object space 68608K, 10% used [0x00000000c0000000,0x00000000c0736548,0x00000000c4300000)
 Metaspace       used 23866K, committed 24320K, reserved 1114112K
  class space    used 2422K, committed 2624K, reserved 1048576K
}
Event: 5.163 GC heap after
{Heap after GC invocations=6 (full 1):
 PSYoungGen      total 26112K, used 612K [0x00000000eab00000, 0x00000000ec880000, 0x0000000100000000)
  eden space 25088K, 0% used [0x00000000eab00000,0x00000000eab00000,0x00000000ec380000)
  from space 1024K, 59% used [0x00000000ec400000,0x00000000ec4990e0,0x00000000ec500000)
  to   space 2560K, 0% used [0x00000000ec600000,0x00000000ec600000,0x00000000ec880000)
 ParOldGen       total 68608K, used 7393K [0x00000000c0000000, 0x00000000c4300000, 0x00000000eab00000)
  object space 68608K, 10% used [0x00000000c0000000,0x00000000c0738548,0x00000000c4300000)
 Metaspace       used 23866K, committed 24320K, reserved 1114112K
  class space    used 2422K, committed 2624K, reserved 1048576K
}
Event: 5.516 GC heap before
{Heap before GC invocations=7 (full 1):
 PSYoungGen      total 26112K, used 25700K [0x00000000eab00000, 0x00000000ec880000, 0x0000000100000000)
  eden space 25088K, 100% used [0x00000000eab00000,0x00000000ec380000,0x00000000ec380000)
  from space 1024K, 59% used [0x00000000ec400000,0x00000000ec4990e0,0x00000000ec500000)
  to   space 2560K, 0% used [0x00000000ec600000,0x00000000ec600000,0x00000000ec880000)
 ParOldGen       total 68608K, used 7393K [0x00000000c0000000, 0x00000000c4300000, 0x00000000eab00000)
  object space 68608K, 10% used [0x00000000c0000000,0x00000000c0738548,0x00000000c4300000)
 Metaspace       used 27747K, committed 28288K, reserved 1114112K
  class space    used 2695K, committed 2944K, reserved 1048576K
}
Event: 5.518 GC heap after
{Heap after GC invocations=7 (full 1):
 PSYoungGen      total 27136K, used 2467K [0x00000000eab00000, 0x00000000ec900000, 0x0000000100000000)
  eden space 24576K, 0% used [0x00000000eab00000,0x00000000eab00000,0x00000000ec300000)
  from space 2560K, 96% used [0x00000000ec600000,0x00000000ec868c48,0x00000000ec880000)
  to   space 3072K, 0% used [0x00000000ec300000,0x00000000ec300000,0x00000000ec600000)
 ParOldGen       total 68608K, used 7401K [0x00000000c0000000, 0x00000000c4300000, 0x00000000eab00000)
  object space 68608K, 10% used [0x00000000c0000000,0x00000000c073a548,0x00000000c4300000)
 Metaspace       used 27747K, committed 28288K, reserved 1114112K
  class space    used 2695K, committed 2944K, reserved 1048576K
}
Event: 6.065 GC heap before
{Heap before GC invocations=8 (full 1):
 PSYoungGen      total 27136K, used 27043K [0x00000000eab00000, 0x00000000ec900000, 0x0000000100000000)
  eden space 24576K, 100% used [0x00000000eab00000,0x00000000ec300000,0x00000000ec300000)
  from space 2560K, 96% used [0x00000000ec600000,0x00000000ec868c48,0x00000000ec880000)
  to   space 3072K, 0% used [0x00000000ec300000,0x00000000ec300000,0x00000000ec600000)
 ParOldGen       total 68608K, used 7401K [0x00000000c0000000, 0x00000000c4300000, 0x00000000eab00000)
  object space 68608K, 10% used [0x00000000c0000000,0x00000000c073a548,0x00000000c4300000)
 Metaspace       used 30419K, committed 31040K, reserved 1114112K
  class space    used 2936K, committed 3200K, reserved 1048576K
}
Event: 6.068 GC heap after
{Heap after GC invocations=8 (full 1):
 PSYoungGen      total 27136K, used 3064K [0x00000000eab00000, 0x00000000ecb80000, 0x0000000100000000)
  eden space 24064K, 0% used [0x00000000eab00000,0x00000000eab00000,0x00000000ec280000)
  from space 3072K, 99% used [0x00000000ec300000,0x00000000ec5fe1e0,0x00000000ec600000)
  to   space 4608K, 0% used [0x00000000ec700000,0x00000000ec700000,0x00000000ecb80000)
 ParOldGen       total 68608K, used 8394K [0x00000000c0000000, 0x00000000c4300000, 0x00000000eab00000)
  object space 68608K, 12% used [0x00000000c0000000,0x00000000c0832a78,0x00000000c4300000)
 Metaspace       used 30419K, committed 31040K, reserved 1114112K
  class space    used 2936K, committed 3200K, reserved 1048576K
}

Dll operation events (10 events):
Event: 0.009 Loaded shared library c:\Users\papth\.vscode\extensions\redhat.java-1.33.0-win32-x64\jre\17.0.11-win32-x86_64\bin\java.dll
Event: 0.191 Loaded shared library c:\Users\papth\.vscode\extensions\redhat.java-1.33.0-win32-x64\jre\17.0.11-win32-x86_64\bin\zip.dll
Event: 0.195 Loaded shared library C:\Users\papth\.vscode\extensions\redhat.java-1.33.0-win32-x64\jre\17.0.11-win32-x86_64\bin\instrument.dll
Event: 0.214 Loaded shared library C:\Users\papth\.vscode\extensions\redhat.java-1.33.0-win32-x64\jre\17.0.11-win32-x86_64\bin\net.dll
Event: 0.217 Loaded shared library C:\Users\papth\.vscode\extensions\redhat.java-1.33.0-win32-x64\jre\17.0.11-win32-x86_64\bin\nio.dll
Event: 0.226 Loaded shared library C:\Users\papth\.vscode\extensions\redhat.java-1.33.0-win32-x64\jre\17.0.11-win32-x86_64\bin\zip.dll
Event: 0.246 Loaded shared library C:\Users\papth\.vscode\extensions\redhat.java-1.33.0-win32-x64\jre\17.0.11-win32-x86_64\bin\jimage.dll
Event: 0.334 Loaded shared library c:\Users\papth\.vscode\extensions\redhat.java-1.33.0-win32-x64\jre\17.0.11-win32-x86_64\bin\verify.dll
Event: 3.394 Loaded shared library C:\Users\papth\AppData\Roaming\Code\User\globalStorage\redhat.java\1.33.0\config_ss_win\org.eclipse.equinox.launcher\org.eclipse.equinox.launcher.win32.win32.x86_64_1.2.1100.v20240722-2106\eclipse_11904.dll
Event: 4.800 Loaded shared library C:\Users\papth\AppData\Local\Temp\jna-106435411\jna16798846072020786402.dll

Deoptimization events (20 events):
Event: 6.000 Thread 0x00000253955c6830 Uncommon trap: trap_request=0xffffff45 fr.pc=0x0000025387ae867c relative=0x000000000000017c
Event: 6.000 Thread 0x00000253955c6830 Uncommon trap: reason=unstable_if action=reinterpret pc=0x0000025387ae867c method=java.lang.String.indexOf(II)I @ 4 c2
Event: 6.000 Thread 0x00000253955c6830 DEOPT PACKING pc=0x0000025387ae867c sp=0x000000ef00ffdec0
Event: 6.000 Thread 0x00000253955c6830 DEOPT UNPACKING pc=0x00000253875866a3 sp=0x000000ef00ffddf0 mode 2
Event: 6.287 Thread 0x00000253955c6830 Uncommon trap: trap_request=0xffffff45 fr.pc=0x0000025387ba1ef4 relative=0x0000000000000b14
Event: 6.287 Thread 0x00000253955c6830 Uncommon trap: reason=unstable_if action=reinterpret pc=0x0000025387ba1ef4 method=jdk.internal.org.objectweb.asm.SymbolTable.put(Ljdk/internal/org/objectweb/asm/SymbolTable$Entry;)Ljdk/internal/org/objectweb/asm/SymbolTable$Entry; @ 13 c2
Event: 6.287 Thread 0x00000253955c6830 DEOPT PACKING pc=0x0000025387ba1ef4 sp=0x000000ef00ffc350
Event: 6.287 Thread 0x00000253955c6830 DEOPT UNPACKING pc=0x00000253875866a3 sp=0x000000ef00ffc298 mode 2
Event: 6.297 Thread 0x00000253955c6830 Uncommon trap: trap_request=0xffffff76 fr.pc=0x0000025387c12570 relative=0x00000000000006b0
Event: 6.297 Thread 0x00000253955c6830 Uncommon trap: reason=predicate action=maybe_recompile pc=0x0000025387c12570 method=java.util.TreeMap.getEntryUsingComparator(Ljava/lang/Object;)Ljava/util/TreeMap$Entry; @ 19 c2
Event: 6.297 Thread 0x00000253955c6830 DEOPT PACKING pc=0x0000025387c12570 sp=0x000000ef00ffcd10
Event: 6.297 Thread 0x00000253955c6830 DEOPT UNPACKING pc=0x00000253875866a3 sp=0x000000ef00ffcc30 mode 2
Event: 6.323 Thread 0x00000253fab86e20 Uncommon trap: trap_request=0xffffff45 fr.pc=0x0000025387c05400 relative=0x0000000000001280
Event: 6.323 Thread 0x00000253fab86e20 Uncommon trap: reason=unstable_if action=reinterpret pc=0x0000025387c05400 method=java.util.zip.ZipCoder$UTF8ZipCoder.hasTrailingSlash([BI)Z @ 11 c2
Event: 6.323 Thread 0x00000253fab86e20 DEOPT PACKING pc=0x0000025387c05400 sp=0x000000ef7f8f9720
Event: 6.323 Thread 0x00000253fab86e20 DEOPT UNPACKING pc=0x00000253875866a3 sp=0x000000ef7f8f9678 mode 2
Event: 6.330 Thread 0x00000253fab86e20 Uncommon trap: trap_request=0xffffff76 fr.pc=0x0000025387c0d070 relative=0x00000000000006b0
Event: 6.330 Thread 0x00000253fab86e20 Uncommon trap: reason=predicate action=maybe_recompile pc=0x0000025387c0d070 method=java.util.TreeMap.getEntryUsingComparator(Ljava/lang/Object;)Ljava/util/TreeMap$Entry; @ 19 c2
Event: 6.330 Thread 0x00000253fab86e20 DEOPT PACKING pc=0x0000025387c0d070 sp=0x000000ef7f8fe010
Event: 6.330 Thread 0x00000253fab86e20 DEOPT UNPACKING pc=0x00000253875866a3 sp=0x000000ef7f8fdfc0 mode 2

Classes unloaded (7 events):
Event: 4.631 Thread 0x00000253fac2e7a0 Unloading class 0x000000010021e800 'java/lang/invoke/LambdaForm$MH+0x000000010021e800'
Event: 4.631 Thread 0x00000253fac2e7a0 Unloading class 0x000000010021e400 'java/lang/invoke/LambdaForm$MH+0x000000010021e400'
Event: 4.631 Thread 0x00000253fac2e7a0 Unloading class 0x000000010021e000 'java/lang/invoke/LambdaForm$MH+0x000000010021e000'
Event: 4.631 Thread 0x00000253fac2e7a0 Unloading class 0x000000010021dc00 'java/lang/invoke/LambdaForm$MH+0x000000010021dc00'
Event: 4.631 Thread 0x00000253fac2e7a0 Unloading class 0x000000010021d800 'java/lang/invoke/LambdaForm$BMH+0x000000010021d800'
Event: 4.631 Thread 0x00000253fac2e7a0 Unloading class 0x000000010021d400 'java/lang/invoke/LambdaForm$DMH+0x000000010021d400'
Event: 4.631 Thread 0x00000253fac2e7a0 Unloading class 0x0000000100218800 'java/lang/invoke/LambdaForm$DMH+0x0000000100218800'

Classes redefined (0 events):
No events

Internal exceptions (20 events):
Event: 4.914 Thread 0x000002539575a340 Exception <a 'java/lang/NoSuchMethodError'{0x00000000eb03f480}: 'java.lang.Object java.lang.invoke.DirectMethodHandle$Holder.invokeSpecial(java.lang.Object, java.lang.Object, int, java.lang.Object, java.lang.Object)'> (0x00000000eb03f480) 
thrown [s\src\hotspot\share\interpreter\linkResolver.cpp, line 759]
Event: 4.915 Thread 0x000002539575a340 Exception <a 'java/lang/NoSuchMethodError'{0x00000000eb046b50}: 'java.lang.Object java.lang.invoke.DirectMethodHandle$Holder.newInvokeSpecial(java.lang.Object, java.lang.Object, int, java.lang.Object)'> (0x00000000eb046b50) 
thrown [s\src\hotspot\share\interpreter\linkResolver.cpp, line 759]
Event: 4.915 Thread 0x000002539575a340 Exception <a 'java/lang/NoSuchMethodError'{0x00000000eb04a660}: 'java.lang.Object java.lang.invoke.DirectMethodHandle$Holder.invokeSpecial(java.lang.Object, java.lang.Object, java.lang.Object, int, java.lang.Object)'> (0x00000000eb04a660) 
thrown [s\src\hotspot\share\interpreter\linkResolver.cpp, line 759]
Event: 5.371 Thread 0x00000253955c6830 Implicit null exception at 0x0000025387bc3cc9 to 0x0000025387bc3d9c
Event: 5.818 Thread 0x00000253955c6830 Exception <a 'java/lang/ClassNotFoundException'{0x00000000eb9fdd68}: com/sun/org/apache/xerces/internal/impl/msg/spi/DOMMessagesProvider> (0x00000000eb9fdd68) 
thrown [s\src\hotspot\share\classfile\systemDictionary.cpp, line 256]
Event: 5.823 Thread 0x00000253955c6830 Implicit null exception at 0x0000025387b9f38d to 0x0000025387ba0084
Event: 5.828 Thread 0x00000253955c6830 Exception <a 'java/lang/ClassNotFoundException'{0x00000000eba2bbe0}: com/sun/org/apache/xerces/internal/impl/msg/spi/XMLSerializerMessagesProvider> (0x00000000eba2bbe0) 
thrown [s\src\hotspot\share\classfile\systemDictionary.cpp, line 256]
Event: 5.831 Thread 0x00000253955c6830 Exception <a 'java/lang/ClassNotFoundException'{0x00000000eba38f60}: com/sun/org/apache/xerces/internal/impl/msg/spi/XMLMessagesProvider> (0x00000000eba38f60) 
thrown [s\src\hotspot\share\classfile\systemDictionary.cpp, line 256]
Event: 5.900 Thread 0x00000253955c6830 Exception <a 'java/lang/NoSuchMethodError'{0x00000000ebd00e58}: 'java.lang.Object java.lang.invoke.DirectMethodHandle$Holder.newInvokeSpecial(java.lang.Object, int, java.lang.Object, java.lang.Object)'> (0x00000000ebd00e58) 
thrown [s\src\hotspot\share\interpreter\linkResolver.cpp, line 759]
Event: 6.011 Thread 0x00000253955c6830 Exception <a 'sun/nio/fs/WindowsException'{0x00000000ec071410}> (0x00000000ec071410) 
thrown [s\src\hotspot\share\prims\jni.cpp, line 516]
Event: 6.153 Thread 0x00000253955c6830 Exception <a 'java/lang/ClassNotFoundException'{0x00000000eae8c4c8}: com/sun/org/apache/xml/internal/serializer/spi/XMLEntitiesProvider> (0x00000000eae8c4c8) 
thrown [s\src\hotspot\share\classfile\systemDictionary.cpp, line 256]
Event: 6.270 Thread 0x00000253955c6830 Exception <a 'java/io/FileNotFoundException'{0x00000000eb1fef60}> (0x00000000eb1fef60) 
thrown [s\src\hotspot\share\prims\jni.cpp, line 516]
Event: 6.290 Thread 0x00000253955c6830 Exception <a 'java/lang/UnsatisfiedLinkError'{0x00000000eb301450}: Δεν ήταν δυνατό να εντοπιστεί η καθορισμένη διαδικασία.
> (0x00000000eb301450) 
thrown [s\src\hotspot\share\prims\jni.cpp, line 535]
Event: 6.295 Thread 0x00000253955c6830 Exception <a 'java/io/FileNotFoundException'{0x00000000eb318388}> (0x00000000eb318388) 
thrown [s\src\hotspot\share\prims\jni.cpp, line 516]
Event: 6.303 Thread 0x00000253955c6830 Exception <a 'java/io/FileNotFoundException'{0x00000000eb3937e8}> (0x00000000eb3937e8) 
thrown [s\src\hotspot\share\prims\jni.cpp, line 516]
Event: 6.307 Thread 0x00000253955c6830 Exception <a 'java/lang/UnsatisfiedLinkError'{0x00000000eb3bf748}: Δεν ήταν δυνατό να εντοπιστεί η καθορισμένη διαδικασία.
> (0x00000000eb3bf748) 
thrown [s\src\hotspot\share\prims\jni.cpp, line 535]
Event: 6.349 Thread 0x00000253fab86e20 Exception <a 'java/lang/NoSuchMethodError'{0x00000000eb58a048}: 'java.lang.Object java.lang.invoke.DirectMethodHandle$Holder.invokeStatic(java.lang.Object, java.lang.Object, long, java.lang.Object)'> (0x00000000eb58a048) 
thrown [s\src\hotspot\share\interpreter\linkResolver.cpp, line 759]
Event: 6.350 Thread 0x00000253fab86e20 Exception <a 'java/lang/NoSuchMethodError'{0x00000000eb58dd50}: 'java.lang.Object java.lang.invoke.DirectMethodHandle$Holder.invokeStaticInit(java.lang.Object, java.lang.Object, long, java.lang.Object)'> (0x00000000eb58dd50) 
thrown [s\src\hotspot\share\interpreter\linkResolver.cpp, line 759]
Event: 6.351 Thread 0x00000253fab86e20 Exception <a 'java/lang/NoSuchMethodError'{0x00000000eb594360}: 'java.lang.Object java.lang.invoke.DirectMethodHandle$Holder.newInvokeSpecial(java.lang.Object, java.lang.Object, long)'> (0x00000000eb594360) 
thrown [s\src\hotspot\share\interpreter\linkResolver.cpp, line 759]
Event: 6.415 Thread 0x00000253fab86e20 Exception <a 'java/lang/NoSuchMethodError'{0x00000000eb894740}: 'void java.lang.invoke.DirectMethodHandle$Holder.invokeStatic(java.lang.Object, java.lang.Object, java.lang.Object, java.lang.Object)'> (0x00000000eb894740) 
thrown [s\src\hotspot\share\interpreter\linkResolver.cpp, line 759]

VM Operations (20 events):
Event: 5.161 Executing VM operation: ParallelGCFailedAllocation
Event: 5.163 Executing VM operation: ParallelGCFailedAllocation done
Event: 5.516 Executing VM operation: ParallelGCFailedAllocation
Event: 5.518 Executing VM operation: ParallelGCFailedAllocation done
Event: 5.762 Executing VM operation: HandshakeAllThreads
Event: 5.762 Executing VM operation: HandshakeAllThreads done
Event: 5.911 Executing VM operation: HandshakeAllThreads
Event: 5.911 Executing VM operation: HandshakeAllThreads done
Event: 5.989 Executing VM operation: HandshakeAllThreads
Event: 5.989 Executing VM operation: HandshakeAllThreads done
Event: 5.994 Executing VM operation: HandshakeAllThreads
Event: 5.994 Executing VM operation: HandshakeAllThreads done
Event: 5.999 Executing VM operation: HandshakeAllThreads
Event: 5.999 Executing VM operation: HandshakeAllThreads done
Event: 6.062 Executing VM operation: HandshakeAllThreads
Event: 6.062 Executing VM operation: HandshakeAllThreads done
Event: 6.065 Executing VM operation: ParallelGCFailedAllocation
Event: 6.068 Executing VM operation: ParallelGCFailedAllocation done
Event: 6.201 Executing VM operation: HandshakeAllThreads
Event: 6.201 Executing VM operation: HandshakeAllThreads done

Events (20 events):
Event: 6.401 loading class sun/reflect/generics/tree/TypeVariableSignature
Event: 6.401 loading class sun/reflect/generics/tree/TypeVariableSignature done
Event: 6.402 loading class sun/reflect/generics/reflectiveObjects/TypeVariableImpl
Event: 6.402 loading class sun/reflect/generics/reflectiveObjects/LazyReflectiveObjectGenerator
Event: 6.402 loading class sun/reflect/generics/reflectiveObjects/LazyReflectiveObjectGenerator done
Event: 6.402 loading class sun/reflect/generics/reflectiveObjects/TypeVariableImpl done
Event: 6.416 loading class java/lang/Deprecated
Event: 6.416 loading class java/lang/Deprecated done
Event: 6.418 loading class jdk/internal/vm/annotation/IntrinsicCandidate
Event: 6.418 loading class jdk/internal/vm/annotation/IntrinsicCandidate done
Event: 6.458 loading class sun/reflect/generics/tree/BottomSignature
Event: 6.459 loading class sun/reflect/generics/tree/BottomSignature done
Event: 6.459 loading class sun/reflect/generics/tree/Wildcard
Event: 6.459 loading class sun/reflect/generics/tree/Wildcard done
Event: 6.460 loading class sun/reflect/generics/reflectiveObjects/WildcardTypeImpl
Event: 6.460 loading class java/lang/reflect/WildcardType
Event: 6.460 loading class java/lang/reflect/WildcardType done
Event: 6.460 loading class sun/reflect/generics/reflectiveObjects/WildcardTypeImpl done
Event: 6.536 loading class java/math/BigDecimal
Event: 6.538 loading class java/math/BigDecimal done


Dynamic libraries:
0x00007ff67b7d0000 - 0x00007ff67b7de000 	c:\Users\papth\.vscode\extensions\redhat.java-1.33.0-win32-x64\jre\17.0.11-win32-x86_64\bin\java.exe
0x00007ffc25050000 - 0x00007ffc25267000 	C:\WINDOWS\SYSTEM32\ntdll.dll
0x00007ffc24650000 - 0x00007ffc24714000 	C:\WINDOWS\System32\KERNEL32.DLL
0x00007ffc22950000 - 0x00007ffc22cfd000 	C:\WINDOWS\System32\KERNELBASE.dll
0x00007ffc226c0000 - 0x00007ffc227d1000 	C:\WINDOWS\System32\ucrtbase.dll
0x00007ffbde780000 - 0x00007ffbde79b000 	c:\Users\papth\.vscode\extensions\redhat.java-1.33.0-win32-x64\jre\17.0.11-win32-x86_64\bin\VCRUNTIME140.dll
0x00007ffbde7a0000 - 0x00007ffbde7b7000 	c:\Users\papth\.vscode\extensions\redhat.java-1.33.0-win32-x64\jre\17.0.11-win32-x86_64\bin\jli.dll
0x00007ffc249d0000 - 0x00007ffc24b7e000 	C:\WINDOWS\System32\USER32.dll
0x00007ffc22490000 - 0x00007ffc224b6000 	C:\WINDOWS\System32\win32u.dll
0x00007ffc23f10000 - 0x00007ffc23f39000 	C:\WINDOWS\System32\GDI32.dll
0x00007ffc22370000 - 0x00007ffc22489000 	C:\WINDOWS\System32\gdi32full.dll
0x00007ffc22620000 - 0x00007ffc226ba000 	C:\WINDOWS\System32\msvcp_win.dll
0x00007ffc10090000 - 0x00007ffc10323000 	C:\WINDOWS\WinSxS\amd64_microsoft.windows.common-controls_6595b64144ccf1df_6.0.22621.3672_none_2713b9d173822955\COMCTL32.dll
0x00007ffc240f0000 - 0x00007ffc24197000 	C:\WINDOWS\System32\msvcrt.dll
0x00007ffc247f0000 - 0x00007ffc24821000 	C:\WINDOWS\System32\IMM32.DLL
0x00007ffc120e0000 - 0x00007ffc120ec000 	c:\Users\papth\.vscode\extensions\redhat.java-1.33.0-win32-x64\jre\17.0.11-win32-x86_64\bin\vcruntime140_1.dll
0x00007ffbd2140000 - 0x00007ffbd21cd000 	c:\Users\papth\.vscode\extensions\redhat.java-1.33.0-win32-x64\jre\17.0.11-win32-x86_64\bin\msvcp140.dll
0x00007ffb6a030000 - 0x00007ffb6ac92000 	c:\Users\papth\.vscode\extensions\redhat.java-1.33.0-win32-x64\jre\17.0.11-win32-x86_64\bin\server\jvm.dll
0x00007ffc24910000 - 0x00007ffc249c2000 	C:\WINDOWS\System32\ADVAPI32.dll
0x00007ffc24730000 - 0x00007ffc247d9000 	C:\WINDOWS\System32\sechost.dll
0x00007ffc22530000 - 0x00007ffc22558000 	C:\WINDOWS\System32\bcrypt.dll
0x00007ffc23fd0000 - 0x00007ffc240e4000 	C:\WINDOWS\System32\RPCRT4.dll
0x00007ffc21af0000 - 0x00007ffc21b3d000 	C:\WINDOWS\SYSTEM32\POWRPROF.dll
0x00007ffc1ab20000 - 0x00007ffc1ab29000 	C:\WINDOWS\SYSTEM32\WSOCK32.dll
0x00007ffc1a1a0000 - 0x00007ffc1a1d4000 	C:\WINDOWS\SYSTEM32\WINMM.dll
0x00007ffc130d0000 - 0x00007ffc130da000 	C:\WINDOWS\SYSTEM32\VERSION.dll
0x00007ffc23b80000 - 0x00007ffc23bf1000 	C:\WINDOWS\System32\WS2_32.dll
0x00007ffc21ad0000 - 0x00007ffc21ae3000 	C:\WINDOWS\SYSTEM32\UMPDC.dll
0x00007ffc21360000 - 0x00007ffc21378000 	C:\WINDOWS\SYSTEM32\kernel.appcore.dll
0x00007ffc11aa0000 - 0x00007ffc11aaa000 	c:\Users\papth\.vscode\extensions\redhat.java-1.33.0-win32-x64\jre\17.0.11-win32-x86_64\bin\jimage.dll
0x00007ffc1fbf0000 - 0x00007ffc1fe22000 	C:\WINDOWS\SYSTEM32\DBGHELP.DLL
0x00007ffc242c0000 - 0x00007ffc2464d000 	C:\WINDOWS\System32\combase.dll
0x00007ffc23a70000 - 0x00007ffc23b47000 	C:\WINDOWS\System32\OLEAUT32.dll
0x00007ffc13090000 - 0x00007ffc130c2000 	C:\WINDOWS\SYSTEM32\dbgcore.DLL
0x00007ffc22d00000 - 0x00007ffc22d7b000 	C:\WINDOWS\System32\bcryptPrimitives.dll
0x00007ffc11800000 - 0x00007ffc1180e000 	c:\Users\papth\.vscode\extensions\redhat.java-1.33.0-win32-x64\jre\17.0.11-win32-x86_64\bin\instrument.dll
0x00007ffbd7760000 - 0x00007ffbd7785000 	c:\Users\papth\.vscode\extensions\redhat.java-1.33.0-win32-x64\jre\17.0.11-win32-x86_64\bin\java.dll
0x00007ffbde760000 - 0x00007ffbde778000 	c:\Users\papth\.vscode\extensions\redhat.java-1.33.0-win32-x64\jre\17.0.11-win32-x86_64\bin\zip.dll
0x00007ffc22d80000 - 0x00007ffc235e8000 	C:\WINDOWS\System32\SHELL32.dll
0x00007ffc20270000 - 0x00007ffc20b6e000 	C:\WINDOWS\SYSTEM32\windows.storage.dll
0x00007ffc20130000 - 0x00007ffc2026f000 	C:\WINDOWS\SYSTEM32\wintypes.dll
0x00007ffc24f10000 - 0x00007ffc25009000 	C:\WINDOWS\System32\SHCORE.dll
0x00007ffc24830000 - 0x00007ffc2488e000 	C:\WINDOWS\System32\shlwapi.dll
0x00007ffc222a0000 - 0x00007ffc222c1000 	C:\WINDOWS\SYSTEM32\profapi.dll
0x00007ffbd7e80000 - 0x00007ffbd7e99000 	C:\Users\papth\.vscode\extensions\redhat.java-1.33.0-win32-x64\jre\17.0.11-win32-x86_64\bin\net.dll
0x00007ffc1a5a0000 - 0x00007ffc1a6d6000 	C:\WINDOWS\SYSTEM32\WINHTTP.dll
0x00007ffc217c0000 - 0x00007ffc21829000 	C:\WINDOWS\system32\mswsock.dll
0x00007ffbd7c90000 - 0x00007ffbd7ca6000 	C:\Users\papth\.vscode\extensions\redhat.java-1.33.0-win32-x64\jre\17.0.11-win32-x86_64\bin\nio.dll
0x00007ffc007d0000 - 0x00007ffc007e0000 	c:\Users\papth\.vscode\extensions\redhat.java-1.33.0-win32-x64\jre\17.0.11-win32-x86_64\bin\verify.dll
0x00007ffbd7500000 - 0x00007ffbd7545000 	C:\Users\papth\AppData\Roaming\Code\User\globalStorage\redhat.java\1.33.0\config_ss_win\org.eclipse.equinox.launcher\org.eclipse.equinox.launcher.win32.win32.x86_64_1.2.1100.v20240722-2106\eclipse_11904.dll
0x00007ffc24d40000 - 0x00007ffc24ee5000 	C:\WINDOWS\System32\ole32.dll
0x00007ffc21bd0000 - 0x00007ffc21beb000 	C:\WINDOWS\SYSTEM32\CRYPTSP.dll
0x00007ffc212c0000 - 0x00007ffc212f5000 	C:\WINDOWS\system32\rsaenh.dll
0x00007ffc21860000 - 0x00007ffc21888000 	C:\WINDOWS\SYSTEM32\USERENV.dll
0x00007ffc219c0000 - 0x00007ffc219cc000 	C:\WINDOWS\SYSTEM32\CRYPTBASE.dll
0x00007ffc20dd0000 - 0x00007ffc20dfd000 	C:\WINDOWS\SYSTEM32\IPHLPAPI.DLL
0x00007ffc247e0000 - 0x00007ffc247e9000 	C:\WINDOWS\System32\NSI.dll
0x00007ffc1a520000 - 0x00007ffc1a539000 	C:\WINDOWS\SYSTEM32\dhcpcsvc6.DLL
0x00007ffc1a500000 - 0x00007ffc1a51f000 	C:\WINDOWS\SYSTEM32\dhcpcsvc.DLL
0x00007ffc20e40000 - 0x00007ffc20f38000 	C:\WINDOWS\SYSTEM32\DNSAPI.dll
0x00007ffbd5760000 - 0x00007ffbd57a5000 	C:\Users\papth\AppData\Local\Temp\jna-106435411\jna16798846072020786402.dll
0x00007ffc24200000 - 0x00007ffc24208000 	C:\WINDOWS\System32\PSAPI.DLL

dbghelp: loaded successfully - version: 4.0.5 - missing functions: none
symbol engine: initialized successfully - sym options: 0x614 - pdb path: .;c:\Users\papth\.vscode\extensions\redhat.java-1.33.0-win32-x64\jre\17.0.11-win32-x86_64\bin;C:\WINDOWS\SYSTEM32;C:\WINDOWS\WinSxS\amd64_microsoft.windows.common-controls_6595b64144ccf1df_6.0.22621.3672_none_2713b9d173822955;c:\Users\papth\.vscode\extensions\redhat.java-1.33.0-win32-x64\jre\17.0.11-win32-x86_64\bin\server;C:\Users\papth\AppData\Roaming\Code\User\globalStorage\redhat.java\1.33.0\config_ss_win\org.eclipse.equinox.launcher\org.eclipse.equinox.launcher.win32.win32.x86_64_1.2.1100.v20240722-2106;C:\Users\papth\AppData\Local\Temp\jna-106435411

VM Arguments:
jvm_args: --add-modules=ALL-SYSTEM --add-opens=java.base/java.util=ALL-UNNAMED --add-opens=java.base/java.lang=ALL-UNNAMED --add-opens=java.base/sun.nio.fs=ALL-UNNAMED -Declipse.application=org.eclipse.jdt.ls.core.id1 -Dosgi.bundles.defaultStartLevel=4 -Declipse.product=org.eclipse.jdt.ls.core.product -Djava.import.generatesMetadataFilesAtProjectRoot=false -DDetectVMInstallationsJob.disabled=true -Dfile.encoding=utf8 -XX:+UseParallelGC -XX:GCTimeRatio=4 -XX:AdaptiveSizePolicyWeight=90 -Dsun.zip.disableMemoryMapping=true -Xmx1G -Xms100m -Xlog:disable -javaagent:c:\Users\papth\.vscode\extensions\redhat.java-1.33.0-win32-x64\lombok\lombok-1.18.33.jar 
java_command: c:\Users\papth\.vscode\extensions\redhat.java-1.33.0-win32-x64\server\plugins\org.eclipse.equinox.launcher_1.6.900.v20240613-2009.jar -configuration c:\Users\papth\AppData\Roaming\Code\User\globalStorage\redhat.java\1.33.0\config_ss_win -data c:\Users\papth\AppData\Roaming\Code\User\workspaceStorage\5c05168c5aa2c9692861d3fc907bc7d4\redhat.java\ss_ws --pipe=\\.\pipe\lsp-7881ace7af09599aa24d5f42fac88eb2-sock
java_class_path (initial): c:\Users\papth\.vscode\extensions\redhat.java-1.33.0-win32-x64\server\plugins\org.eclipse.equinox.launcher_1.6.900.v20240613-2009.jar
Launcher Type: SUN_STANDARD

[Global flags]
    uintx AdaptiveSizePolicyWeight                 = 90                                        {product} {command line}
     intx CICompilerCount                          = 4                                         {product} {ergonomic}
    uintx GCTimeRatio                              = 4                                         {product} {command line}
   size_t InitialHeapSize                          = 104857600                                 {product} {command line}
   size_t MaxHeapSize                              = 1073741824                                {product} {command line}
   size_t MaxNewSize                               = 357564416                                 {product} {ergonomic}
   size_t MinHeapDeltaBytes                        = 524288                                    {product} {ergonomic}
   size_t MinHeapSize                              = 104857600                                 {product} {command line}
   size_t NewSize                                  = 34603008                                  {product} {ergonomic}
    uintx NonNMethodCodeHeapSize                   = 5839372                                {pd product} {ergonomic}
    uintx NonProfiledCodeHeapSize                  = 122909434                              {pd product} {ergonomic}
   size_t OldSize                                  = 70254592                                  {product} {ergonomic}
    uintx ProfiledCodeHeapSize                     = 122909434                              {pd product} {ergonomic}
    uintx ReservedCodeCacheSize                    = 251658240                              {pd product} {ergonomic}
     bool SegmentedCodeCache                       = true                                      {product} {ergonomic}
   size_t SoftMaxHeapSize                          = 1073741824                             {manageable} {ergonomic}
     bool UseCompressedClassPointers               = true                           {product lp64_product} {ergonomic}
     bool UseCompressedOops                        = true                           {product lp64_product} {ergonomic}
     bool UseLargePagesIndividualAllocation        = false                                  {pd product} {ergonomic}
     bool UseParallelGC                            = true                                      {product} {command line}

Logging:
Log output configuration:
 #0: stdout all=off uptime,level,tags
 #1: stderr all=off uptime,level,tags

Environment Variables:
JAVA_HOME=C:\LAB-TOOLS\JDK\jdk-17.0.6
PATH=C:\Python311\Scripts\;C:\Python311\;C:\LAB-TOOLS\JDK\jdk-17.0.6\bin;C:\Program Files\Microsoft\jdk-11.0.12.7-hotspot\bin;C:\Program Files\AdoptOpenJDK\jdk-11.0.9.101-hotspot\bin;C:\Program Files (x86)\Common Files\Oracle\Java\javapath;C:\windows\system32;C:\windows;C:\windows\System32\Wbem;C:\windows\System32\WindowsPowerShell\v1.0\;C:\windows\System32\OpenSSH\;C:\Program Files (x86)\NVIDIA Corporation\PhysX\Common;C:\Program Files\NVIDIA Corporation\NVIDIA NvDLISR;C:\Program Files (x86)\Wolfram Research\WolframScript\;C:\WINDOWS\system32;C:\WINDOWS;C:\WINDOWS\System32\Wbem;C:\WINDOWS\System32\WindowsPowerShell\v1.0\;C:\WINDOWS\System32\OpenSSH\;C:\Program Files\MATLAB\R2020a\runtime\win64;C:\Program Files\MATLAB\R2020a\bin;C:\Program Files\OpenVPN\bin;C:\Program Files\Git\cmd;C:\Program Files\Git\usr\bin;C:\Program Files\Microsoft SQL Server\150\Tools\Binn\;C:\Program Files\dotnet\;C:\MinGW\mingw32\bin;C:\WINDOWS\system32;C:\WINDOWS;C:\WINDOWS\System32\Wbem;C:\WINDOWS\System32\WindowsPowerShell\v1.0\;C:\Program Files\nodejs;C:\ProgramData\chocolatey\bin;C:\Program Files\Docker\Docker\resources\bin;C:\WINDOWS\System32\OpenSSH\;C:\LAB-TOOLS\apache-maven-3.9.6-bin\apache-maven-3.9.6\bin;C:\Program Files\PowerShell\7-preview\preview;C:\Program Files\HP\HP One Agent;C:\Program Files\PowerShell\7\;C:\Users\papth\scoop\shims;C:\dev\flutter\bin;C:\Users\papth\AppData\Local\Microsoft\WindowsApps;C:\Users\papth\AppData\Local\GitHubDesktop\bin;C:\Users\papth\AppData\Local\Microsoft\WindowsApps;C:\Users\papth\AppData\Local\atom\bin;C:\Users\papth\.dotnet\tools;C:\Users\papth\AppData\Roaming\npm;C:\dev\android-sdk\platform-tools;C:\Program Files\nodejs;C:\Users\papth\AppData\Local\Programs\Microsoft VS Code\bin;C:\Users\papth\AppData\Roaming\Python\Python311\Scripts;C:\Users\papth\AppData\Local\Google\Cloud SDK\google-cloud-sdk\bin
USERNAME=papth
OS=Windows_NT
PROCESSOR_IDENTIFIER=Intel64 Family 6 Model 142 Stepping 12, GenuineIntel
TMP=C:\Users\papth\AppData\Local\Temp
TEMP=C:\Users\papth\AppData\Local\Temp



Periodic native trim disabled


---------------  S Y S T E M  ---------------

OS:
 Windows 11 , 64 bit Build 22621 (10.0.22621.3958)
OS uptime: 0 days 13:23 hours
Hyper-V role detected

CPU: total 8 (initial active 8) (4 cores per cpu, 2 threads per core) family 6 model 142 stepping 12 microcode 0xde, cx8, cmov, fxsr, ht, mmx, 3dnowpref, sse, sse2, sse3, ssse3, sse4.1, sse4.2, popcnt, lzcnt, tsc, tscinvbit, avx, avx2, aes, erms, clmul, bmi1, bmi2, adx, fma, vzeroupper, clflush, clflushopt, hv
Processor Information for all 8 processors :
  Max Mhz: 2304, Current Mhz: 1803, Mhz Limit: 1797

Memory: 4k page, system-wide physical 16187M (6425M free)
TotalPageFile size 16187M (AvailPageFile size 5M)
current process WorkingSet (physical memory assigned to process): 148M, peak: 148M
current process commit charge ("private bytes"): 255M, peak: 256M

vm_info: OpenJDK 64-Bit Server VM (17.0.11+9) for windows-amd64 JRE (17.0.11+9), built on Apr 17 2024 06:07:48 by "admin" with MS VC++ 16.10 / 16.11 (VS2019)

END.
