#
# There is insufficient memory for the Java Runtime Environment to continue.
# Native memory allocation (malloc) failed to allocate 131088 bytes. Error detail: Chunk::new
# Possible reasons:
#   The system is out of physical RAM or swap space
#   This process is running with CompressedOops enabled, and the Java Heap may be blocking the growth of the native heap
# Possible solutions:
#   Reduce memory load on the system
#   Increase physical memory or swap space
#   Check if swap backing store is full
#   Decrease Java heap size (-Xmx/-Xms)
#   Decrease number of Java threads
#   Decrease Java thread stack sizes (-Xss)
#   Set larger code cache with -XX:ReservedCodeCacheSize=
#   JVM is running with Unscaled Compressed Oops mode in which the Java heap is
#     placed in the first 4GB address space. The Java Heap base address is the
#     maximum limit for the native heap growth. Please use -XX:HeapBaseMinAddress
#     to set the Java Heap base and to place the Java Heap above 4GB virtual address.
# This output file may be truncated or incomplete.
#
#  Out of Memory Error (arena.cpp:191), pid=3732, tid=9596
#
# JRE version: OpenJDK Runtime Environment Temurin-17.0.11+9 (17.0.11+9) (build 17.0.11+9)
# Java VM: OpenJDK 64-Bit Server VM Temurin-17.0.11+9 (17.0.11+9, mixed mode, tiered, compressed oops, compressed class ptrs, parallel gc, windows-amd64)
# No core dump will be written. Minidumps are not enabled by default on client versions of Windows
#

---------------  S U M M A R Y ------------

Command Line: --add-modules=ALL-SYSTEM --add-opens=java.base/java.util=ALL-UNNAMED --add-opens=java.base/java.lang=ALL-UNNAMED --add-opens=java.base/sun.nio.fs=ALL-UNNAMED -Declipse.application=org.eclipse.jdt.ls.core.id1 -Dosgi.bundles.defaultStartLevel=4 -Declipse.product=org.eclipse.jdt.ls.core.product -Djava.import.generatesMetadataFilesAtProjectRoot=false -DDetectVMInstallationsJob.disabled=true -Dfile.encoding=utf8 -XX:+UseParallelGC -XX:GCTimeRatio=4 -XX:AdaptiveSizePolicyWeight=90 -Dsun.zip.disableMemoryMapping=true -Xmx1G -Xms100m -Xlog:disable -javaagent:c:\Users\papth\.vscode\extensions\redhat.java-1.33.0-win32-x64\lombok\lombok-1.18.33.jar -XX:+HeapDumpOnOutOfMemoryError -XX:HeapDumpPath=c:\Users\papth\AppData\Roaming\Code\User\workspaceStorage\5c05168c5aa2c9692861d3fc907bc7d4\redhat.java -Daether.dependencyCollector.impl=bf c:\Users\papth\.vscode\extensions\redhat.java-1.33.0-win32-x64\server\plugins\org.eclipse.equinox.launcher_1.6.900.v20240613-2009.jar -configuration c:\Users\papth\AppData\Roaming\Code\User\globalStorage\redhat.java\1.33.0\config_win -data c:\Users\papth\AppData\Roaming\Code\User\workspaceStorage\5c05168c5aa2c9692861d3fc907bc7d4\redhat.java\jdt_ws --pipe=\\.\pipe\lsp-65c4b251abed9810d07dfaac29a7fb09-sock

Host: Intel(R) Core(TM) i7-10510U CPU @ 1.80GHz, 8 cores, 15G,  Windows 11 , 64 bit Build 22621 (10.0.22621.3672)
Time: Fri Aug 16 03:59:37 2024  Windows 11 , 64 bit Build 22621 (10.0.22621.3672) elapsed time: 15.210156 seconds (0d 0h 0m 15s)

---------------  T H R E A D  ---------------

Current thread (0x000001c879a25a70):  JavaThread "C2 CompilerThread0" daemon [_thread_in_native, id=9596, stack(0x0000006674c00000,0x0000006674d00000)]


Current CompileTask:
C2:  15210 10425   !   4       org.eclipse.jdt.internal.core.search.indexing.BinaryIndexer::indexDocument (1157 bytes)

Stack: [0x0000006674c00000,0x0000006674d00000]
Native frames: (J=compiled Java code, j=interpreted, Vv=VM code, C=native code)
V  [jvm.dll+0x67d429]
V  [jvm.dll+0x834b7a]
V  [jvm.dll+0x83663e]
V  [jvm.dll+0x836ca3]
V  [jvm.dll+0x247dbf]
V  [jvm.dll+0xac534]
V  [jvm.dll+0xacb7c]
V  [jvm.dll+0xac63b]
V  [jvm.dll+0x6d3fdc]
V  [jvm.dll+0x58e51f]
V  [jvm.dll+0x574d6a]
V  [jvm.dll+0x577496]
V  [jvm.dll+0x580b88]
V  [jvm.dll+0x57a1da]
V  [jvm.dll+0x57de07]
V  [jvm.dll+0x57d55d]
V  [jvm.dll+0x57d5c9]
V  [jvm.dll+0x57d5c9]
V  [jvm.dll+0x57d5c9]
V  [jvm.dll+0x57d5c9]
V  [jvm.dll+0x57d5c9]
V  [jvm.dll+0x57d5c9]
V  [jvm.dll+0x57d5c9]
V  [jvm.dll+0x57d5c9]
V  [jvm.dll+0x57d5c9]
V  [jvm.dll+0x57d5c9]
V  [jvm.dll+0x57d5c9]
V  [jvm.dll+0x57d5c9]
V  [jvm.dll+0x57d5c9]
V  [jvm.dll+0x57d5c9]
V  [jvm.dll+0x57d5c9]
V  [jvm.dll+0x57d5c9]
V  [jvm.dll+0x57d5c9]
V  [jvm.dll+0x57d5c9]
V  [jvm.dll+0x57d5c9]
V  [jvm.dll+0x57d5c9]
V  [jvm.dll+0x57d5c9]
V  [jvm.dll+0x585194]
V  [jvm.dll+0x222d82]
V  [jvm.dll+0x22317f]
V  [jvm.dll+0x21c2a0]
V  [jvm.dll+0x2197a1]
V  [jvm.dll+0x1a534d]
V  [jvm.dll+0x2295cd]
V  [jvm.dll+0x22779c]
V  [jvm.dll+0x7e9d07]
V  [jvm.dll+0x7e410a]
V  [jvm.dll+0x67c315]
C  [ucrtbase.dll+0x29333]
C  [KERNEL32.DLL+0x1257d]
C  [ntdll.dll+0x5af28]


---------------  P R O C E S S  ---------------

Threads class SMR info:
_java_thread_list=0x000001c87e1a9760, length=56, elements={
0x000001c860a933a0, 0x000001c874910020, 0x000001c874912460, 0x000001c87491e3e0,
0x000001c8799de110, 0x000001c8799df640, 0x000001c8799e4670, 0x000001c879a25a70,
0x000001c879a28b30, 0x000001c879a39c00, 0x000001c860af49a0, 0x000001c879d0caf0,
0x000001c87af36d50, 0x000001c87b792b30, 0x000001c87af07f30, 0x000001c87b5da440,
0x000001c87ba7ec90, 0x000001c87b5e3510, 0x000001c87b5e2af0, 0x000001c87b5e3f30,
0x000001c87b5e4e60, 0x000001c87b5e4440, 0x000001c87b5e5d90, 0x000001c87b5e25e0,
0x000001c87b5e4950, 0x000001c87b5e3000, 0x000001c87b5e3a20, 0x000001c87d82cbe0,
0x000001c87d82b290, 0x000001c87d82d0f0, 0x000001c87d829940, 0x000001c87d82b7a0,
0x000001c87d82c6d0, 0x000001c87d82e020, 0x000001c87d828f20, 0x000001c87d829e50,
0x000001c87d82fe80, 0x000001c87d82a360, 0x000001c87d8308a0, 0x000001c87d829430,
0x000001c87d82ad80, 0x000001c87d82c1c0, 0x000001c87d82d600, 0x000001c87d82db10,
0x000001c87d82e530, 0x000001c87d82ef50, 0x000001c87d82f460, 0x000001c87d82f970,
0x000001c87d830390, 0x000001c87b5e5370, 0x000001c87e2fd150, 0x000001c87e2fb800,
0x000001c87e2f8f80, 0x000001c87e2f8050, 0x000001c87e2f6700, 0x000001c87e2f7630
}

Java Threads: ( => current thread )
  0x000001c860a933a0 JavaThread "main" [_thread_blocked, id=15788, stack(0x0000006674300000,0x0000006674400000)]
  0x000001c874910020 JavaThread "Reference Handler" daemon [_thread_blocked, id=15304, stack(0x0000006674600000,0x0000006674700000)]
  0x000001c874912460 JavaThread "Finalizer" daemon [_thread_blocked, id=6944, stack(0x0000006674700000,0x0000006674800000)]
  0x000001c87491e3e0 JavaThread "Signal Dispatcher" daemon [_thread_blocked, id=10424, stack(0x0000006674800000,0x0000006674900000)]
  0x000001c8799de110 JavaThread "Attach Listener" daemon [_thread_blocked, id=11632, stack(0x0000006674900000,0x0000006674a00000)]
  0x000001c8799df640 JavaThread "Service Thread" daemon [_thread_blocked, id=12184, stack(0x0000006674a00000,0x0000006674b00000)]
  0x000001c8799e4670 JavaThread "Monitor Deflation Thread" daemon [_thread_blocked, id=8708, stack(0x0000006674b00000,0x0000006674c00000)]
=>0x000001c879a25a70 JavaThread "C2 CompilerThread0" daemon [_thread_in_native, id=9596, stack(0x0000006674c00000,0x0000006674d00000)]
  0x000001c879a28b30 JavaThread "C1 CompilerThread0" daemon [_thread_blocked, id=12096, stack(0x0000006674d00000,0x0000006674e00000)]
  0x000001c879a39c00 JavaThread "Sweeper thread" daemon [_thread_blocked, id=12448, stack(0x0000006674e00000,0x0000006674f00000)]
  0x000001c860af49a0 JavaThread "Common-Cleaner" daemon [_thread_blocked, id=17728, stack(0x0000006674f00000,0x0000006675000000)]
  0x000001c879d0caf0 JavaThread "Notification Thread" daemon [_thread_blocked, id=5248, stack(0x0000006675100000,0x0000006675200000)]
  0x000001c87af36d50 JavaThread "Active Thread: Equinox Container: b862b1e5-a7d0-4ae4-b856-9b77cbe8a45b" [_thread_blocked, id=21888, stack(0x0000006675a00000,0x0000006675b00000)]
  0x000001c87b792b30 JavaThread "Framework Event Dispatcher: Equinox Container: b862b1e5-a7d0-4ae4-b856-9b77cbe8a45b" daemon [_thread_blocked, id=14792, stack(0x0000006675b00000,0x0000006675c00000)]
  0x000001c87af07f30 JavaThread "Start Level: Equinox Container: b862b1e5-a7d0-4ae4-b856-9b77cbe8a45b" daemon [_thread_blocked, id=14844, stack(0x0000006675c00000,0x0000006675d00000)]
  0x000001c87b5da440 JavaThread "Bundle File Closer" daemon [_thread_blocked, id=11432, stack(0x0000006675e00000,0x0000006675f00000)]
  0x000001c87ba7ec90 JavaThread "SCR Component Actor" daemon [_thread_blocked, id=21956, stack(0x0000006675f00000,0x0000006676000000)]
  0x000001c87b5e3510 JavaThread "Worker-JM" [_thread_blocked, id=3844, stack(0x0000006676100000,0x0000006676200000)]
  0x000001c87b5e2af0 JavaThread "JNA Cleaner" daemon [_thread_blocked, id=16392, stack(0x0000006676200000,0x0000006676300000)]
  0x000001c87b5e3f30 JavaThread "Worker-0" [_thread_blocked, id=2496, stack(0x0000006676300000,0x0000006676400000)]
  0x000001c87b5e4e60 JavaThread "Worker-1" [_thread_blocked, id=6032, stack(0x0000006676400000,0x0000006676500000)]
  0x000001c87b5e4440 JavaThread "Java indexing" daemon [_thread_blocked, id=6036, stack(0x0000006676500000,0x0000006676600000)]
  0x000001c87b5e5d90 JavaThread "Thread-2" daemon [_thread_in_native, id=19512, stack(0x0000006676600000,0x0000006676700000)]
  0x000001c87b5e25e0 JavaThread "Thread-3" daemon [_thread_in_native, id=5024, stack(0x0000006676700000,0x0000006676800000)]
  0x000001c87b5e4950 JavaThread "Thread-4" daemon [_thread_in_native, id=20832, stack(0x0000006676800000,0x0000006676900000)]
  0x000001c87b5e3000 JavaThread "Thread-5" daemon [_thread_in_native, id=5404, stack(0x0000006676900000,0x0000006676a00000)]
  0x000001c87b5e3a20 JavaThread "Thread-6" daemon [_thread_in_native, id=22160, stack(0x0000006676a00000,0x0000006676b00000)]
  0x000001c87d82cbe0 JavaThread "Thread-7" daemon [_thread_in_native, id=13544, stack(0x0000006676b00000,0x0000006676c00000)]
  0x000001c87d82b290 JavaThread "Thread-8" daemon [_thread_in_native, id=18996, stack(0x0000006676c00000,0x0000006676d00000)]
  0x000001c87d82d0f0 JavaThread "Thread-9" daemon [_thread_in_native, id=8924, stack(0x0000006676d00000,0x0000006676e00000)]
  0x000001c87d829940 JavaThread "Thread-10" daemon [_thread_in_native, id=19420, stack(0x0000006676e00000,0x0000006676f00000)]
  0x000001c87d82b7a0 JavaThread "pool-2-thread-1" [_thread_blocked, id=12956, stack(0x0000006676f00000,0x0000006677000000)]
  0x000001c87d82c6d0 JavaThread "WorkspaceEventsHandler" [_thread_blocked, id=6912, stack(0x0000006677000000,0x0000006677100000)]
  0x000001c87d82e020 JavaThread "pool-1-thread-1" [_thread_blocked, id=16252, stack(0x0000006677100000,0x0000006677200000)]
  0x000001c87d828f20 JavaThread "Worker-2" [_thread_blocked, id=20884, stack(0x0000006677200000,0x0000006677300000)]
  0x000001c87d829e50 JavaThread "Worker-3" [_thread_blocked, id=18212, stack(0x0000006677300000,0x0000006677400000)]
  0x000001c87d82fe80 JavaThread "Worker-4: Java indexing... " [_thread_blocked, id=9936, stack(0x0000006677400000,0x0000006677500000)]
  0x000001c87d82a360 JavaThread "Worker-5" [_thread_blocked, id=16124, stack(0x0000006677500000,0x0000006677600000)]
  0x000001c87d8308a0 JavaThread "Compiler Source File Reader" daemon [_thread_blocked, id=11936, stack(0x0000006676000000,0x0000006676100000)]
  0x000001c87d829430 JavaThread "Compiler Source File Reader" daemon [_thread_blocked, id=14448, stack(0x0000006677600000,0x0000006677700000)]
  0x000001c87d82ad80 JavaThread "Compiler Source File Reader" daemon [_thread_blocked, id=15436, stack(0x0000006677700000,0x0000006677800000)]
  0x000001c87d82c1c0 JavaThread "Compiler Source File Reader" daemon [_thread_blocked, id=21168, stack(0x0000006677800000,0x0000006677900000)]
  0x000001c87d82d600 JavaThread "Compiler Source File Reader" daemon [_thread_blocked, id=7072, stack(0x0000006677900000,0x0000006677a00000)]
  0x000001c87d82db10 JavaThread "Compiler Source File Reader" daemon [_thread_blocked, id=2008, stack(0x0000006677a00000,0x0000006677b00000)]
  0x000001c87d82e530 JavaThread "ForkJoinPool.commonPool-worker-1" daemon [_thread_blocked, id=4024, stack(0x0000006677b00000,0x0000006677c00000)]
  0x000001c87d82ef50 JavaThread "ForkJoinPool.commonPool-worker-2" daemon [_thread_blocked, id=21212, stack(0x0000006677c00000,0x0000006677d00000)]
  0x000001c87d82f460 JavaThread "ForkJoinPool.commonPool-worker-3" daemon [_thread_blocked, id=9012, stack(0x0000006677d00000,0x0000006677e00000)]
  0x000001c87d82f970 JavaThread "ForkJoinPool.commonPool-worker-4" daemon [_thread_blocked, id=8692, stack(0x0000006677e00000,0x0000006677f00000)]
  0x000001c87d830390 JavaThread "ForkJoinPool.commonPool-worker-5" daemon [_thread_blocked, id=20980, stack(0x0000006677f00000,0x0000006678000000)]
  0x000001c87b5e5370 JavaThread "ForkJoinPool.commonPool-worker-6" daemon [_thread_blocked, id=7492, stack(0x0000006678000000,0x0000006678100000)]
  0x000001c87e2fd150 JavaThread "ForkJoinPool.commonPool-worker-7" daemon [_thread_blocked, id=10820, stack(0x0000006678100000,0x0000006678200000)]
  0x000001c87e2fb800 JavaThread "Compiler Processing Task" daemon [_thread_blocked, id=9640, stack(0x0000006678200000,0x0000006678300000)]
  0x000001c87e2f8f80 JavaThread "Worker-6" [_thread_blocked, id=7304, stack(0x0000006678300000,0x0000006678400000)]
  0x000001c87e2f8050 JavaThread "Worker-7" [_thread_blocked, id=18724, stack(0x0000006678400000,0x0000006678500000)]
  0x000001c87e2f6700 JavaThread "SCR Component Registry" daemon [_thread_blocked, id=19196, stack(0x0000006678500000,0x0000006678600000)]
  0x000001c87e2f7630 JavaThread "Cleaner-0" daemon [_thread_blocked, id=21360, stack(0x0000006678600000,0x0000006678700000)]

Other Threads:
  0x000001c8799d14b0 VMThread "VM Thread" [stack: 0x0000006674500000,0x0000006674600000] [id=6792]
  0x000001c879d0cfd0 WatcherThread [stack: 0x0000006675200000,0x0000006675300000] [id=3304]
  0x000001c860aa80d0 GCTaskThread "GC Thread#0" [stack: 0x0000006674400000,0x0000006674500000] [id=15884]
  0x000001c87b3fa030 GCTaskThread "GC Thread#1" [stack: 0x0000006675400000,0x0000006675500000] [id=3868]
  0x000001c87b3fa700 GCTaskThread "GC Thread#2" [stack: 0x0000006675500000,0x0000006675600000] [id=18808]
  0x000001c87b3ff3f0 GCTaskThread "GC Thread#3" [stack: 0x0000006675600000,0x0000006675700000] [id=19748]
  0x000001c87b3ff8c0 GCTaskThread "GC Thread#4" [stack: 0x0000006675700000,0x0000006675800000] [id=1872]
  0x000001c87b33c530 GCTaskThread "GC Thread#5" [stack: 0x0000006675800000,0x0000006675900000] [id=9332]
  0x000001c87b33cc00 GCTaskThread "GC Thread#6" [stack: 0x0000006675900000,0x0000006675a00000] [id=20380]
  0x000001c87b6dea50 GCTaskThread "GC Thread#7" [stack: 0x0000006675d00000,0x0000006675e00000] [id=15592]

Threads with active compile tasks:
C2 CompilerThread0    15243 10425   !   4       org.eclipse.jdt.internal.core.search.indexing.BinaryIndexer::indexDocument (1157 bytes)

VM state: not at safepoint (normal execution)

VM Mutex/Monitor currently owned by a thread: None

Heap address: 0x00000000c0000000, size: 1024 MB, Compressed Oops mode: 32-bit

CDS archive(s) not mapped
Compressed class space mapped at: 0x0000000100000000-0x0000000140000000, reserved size: 1073741824
Narrow klass base: 0x0000000000000000, Narrow klass shift: 3, Narrow klass range: 0x140000000

GC Precious Log:
 CPUs: 8 total, 8 available
 Memory: 16187M
 Large Page Support: Disabled
 NUMA Support: Disabled
 Compressed Oops: Enabled (32-bit)
 Alignments: Space 512K, Generation 512K, Heap 2M
 Heap Min Capacity: 100M
 Heap Initial Capacity: 100M
 Heap Max Capacity: 1G
 Pre-touch: Disabled
 Parallel Workers: 8

Heap:
 PSYoungGen      total 19968K, used 17547K [0x00000000eab00000, 0x00000000ec680000, 0x0000000100000000)
  eden space 13312K, 81% used [0x00000000eab00000,0x00000000eb5a5130,0x00000000eb800000)
  from space 6656K, 99% used [0x00000000ec000000,0x00000000ec67dbb0,0x00000000ec680000)
  to   space 8192K, 0% used [0x00000000eb800000,0x00000000eb800000,0x00000000ec000000)
 ParOldGen       total 310272K, used 277862K [0x00000000c0000000, 0x00000000d2f00000, 0x00000000eab00000)
  object space 310272K, 89% used [0x00000000c0000000,0x00000000d0f59800,0x00000000d2f00000)
 Metaspace       used 72871K, committed 74176K, reserved 1179648K
  class space    used 7656K, committed 8320K, reserved 1048576K

Card table byte_map: [0x000001c860420000,0x000001c860630000] _byte_map_base: 0x000001c85fe20000

Marking Bits: (ParMarkBitMap*) 0x00007ffcdf64d820
 Begin Bits: [0x000001c872720000, 0x000001c873720000)
 End Bits:   [0x000001c873720000, 0x000001c874720000)

Polling page: 0x000001c85ea20000

Metaspace:

Usage:
  Non-class:     63.69 MB used.
      Class:      7.48 MB used.
       Both:     71.16 MB used.

Virtual space:
  Non-class space:      128.00 MB reserved,      64.31 MB ( 50%) committed,  2 nodes.
      Class space:        1.00 GB reserved,       8.12 MB ( <1%) committed,  1 nodes.
             Both:        1.12 GB reserved,      72.44 MB (  6%) committed. 

Chunk freelists:
   Non-Class:  15.69 MB
       Class:  7.85 MB
        Both:  23.54 MB

MaxMetaspaceSize: unlimited
CompressedClassSpaceSize: 1.00 GB
Initial GC threshold: 21.00 MB
Current GC threshold: 120.62 MB
CDS: off
MetaspaceReclaimPolicy: balanced
 - commit_granule_bytes: 65536.
 - commit_granule_words: 8192.
 - virtual_space_node_default_size: 8388608.
 - enlarge_chunks_in_place: 1.
 - new_chunks_are_fully_committed: 0.
 - uncommit_free_chunks: 1.
 - use_allocation_guard: 0.
 - handle_deallocations: 1.


Internal statistics:

num_allocs_failed_limit: 6.
num_arena_births: 932.
num_arena_deaths: 14.
num_vsnodes_births: 3.
num_vsnodes_deaths: 0.
num_space_committed: 1159.
num_space_uncommitted: 0.
num_chunks_returned_to_freelist: 20.
num_chunks_taken_from_freelist: 3958.
num_chunk_merges: 10.
num_chunk_splits: 2467.
num_chunks_enlarged: 1445.
num_inconsistent_stats: 0.

CodeHeap 'non-profiled nmethods': size=120000Kb used=5856Kb max_used=5856Kb free=114143Kb
 bounds [0x000001c86b1f0000, 0x000001c86b7b0000, 0x000001c872720000]
CodeHeap 'profiled nmethods': size=120000Kb used=17951Kb max_used=17951Kb free=102048Kb
 bounds [0x000001c863720000, 0x000001c8648b0000, 0x000001c86ac50000]
CodeHeap 'non-nmethods': size=5760Kb used=1389Kb max_used=1513Kb free=4370Kb
 bounds [0x000001c86ac50000, 0x000001c86aec0000, 0x000001c86b1f0000]
 total_blobs=9590 nmethods=8843 adapters=657
 compilation: enabled
              stopped_count=0, restarted_count=0
 full_count=0

Compilation events (20 events):
Event: 13.961 Thread 0x000001c800357b10 nmethod 10416 0x000001c86b780d10 code [0x000001c86b780e80, 0x000001c86b780f18]
Event: 13.962 Thread 0x000001c879a25a70 nmethod 10406% 0x000001c86b781010 code [0x000001c86b781580, 0x000001c86b78a648]
Event: 13.965 Thread 0x000001c879a25a70 10417   !   4       org.eclipse.jdt.internal.compiler.classfmt.ClassFileReader::<init> (2158 bytes)
Event: 14.061 Thread 0x000001c879a28b30 10418       3       org.eclipse.jdt.internal.compiler.classfmt.AnnotationInfo::decodeDefaultValue (871 bytes)
Event: 14.063 Thread 0x000001c879a28b30 nmethod 10418 0x000001c864896010 code [0x000001c864896580, 0x000001c86489a3d8]
Event: 14.073 Thread 0x000001c879a28b30 10419       3       org.eclipse.jdt.internal.core.search.indexing.BinaryIndexer::addPairValue (141 bytes)
Event: 14.074 Thread 0x000001c879a28b30 nmethod 10419 0x000001c86489b890 code [0x000001c86489bb80, 0x000001c86489cdc8]
Event: 14.128 Thread 0x000001c800358060 nmethod 10415 0x000001c86b78e310 code [0x000001c86b78e720, 0x000001c86b792c58]
Event: 14.153 Thread 0x000001c800358060 10420       4       org.eclipse.jdt.internal.compiler.classfmt.AnnotationInfo::scanAnnotation (330 bytes)
Event: 14.170 Thread 0x000001c800358060 nmethod 10420 0x000001c86b795490 code [0x000001c86b7958a0, 0x000001c86b796900]
Event: 14.170 Thread 0x000001c800358060 10421       4       org.eclipse.jdt.core.Signature::appendTypeSignature (513 bytes)
Event: 14.171 Thread 0x000001c800358060 nmethod 10421 0x000001c86b797090 code [0x000001c86b797220, 0x000001c86b797368]
Event: 14.471 Thread 0x000001c879a28b30 10422       1       org.eclipse.jdt.internal.compiler.classfmt.ModuleInfo::opens (5 bytes)
Event: 14.471 Thread 0x000001c879a28b30 nmethod 10422 0x000001c86b797510 code [0x000001c86b7976a0, 0x000001c86b797778]
Event: 14.476 Thread 0x000001c879a28b30 10423       3       org.eclipse.jdt.internal.compiler.classfmt.MethodInfo::decodeMethodParameters (129 bytes)
Event: 14.478 Thread 0x000001c879a28b30 nmethod 10423 0x000001c86489d210 code [0x000001c86489d4a0, 0x000001c86489e288]
Event: 14.624 Thread 0x000001c879a28b30 10424   !   3       org.eclipse.jdt.internal.core.search.indexing.BinaryIndexer::indexDocument (1157 bytes)
Event: 14.632 Thread 0x000001c879a28b30 nmethod 10424 0x000001c86489e890 code [0x000001c86489f100, 0x000001c8648a44b8]
Event: 14.680 Thread 0x000001c879a25a70 nmethod 10417 0x000001c86b797810 code [0x000001c86b798000, 0x000001c86b7a2af0]
Event: 14.809 Thread 0x000001c879a25a70 10425   !   4       org.eclipse.jdt.internal.core.search.indexing.BinaryIndexer::indexDocument (1157 bytes)

GC Heap History (20 events):
Event: 14.716 GC heap before
{Heap before GC invocations=235 (full 11):
 PSYoungGen      total 20992K, used 20617K [0x00000000eab00000, 0x00000000ecb80000, 0x0000000100000000)
  eden space 12800K, 100% used [0x00000000eab00000,0x00000000eb780000,0x00000000eb780000)
  from space 8192K, 95% used [0x00000000eb780000,0x00000000ebf224c0,0x00000000ebf80000)
  to   space 9728K, 0% used [0x00000000ec200000,0x00000000ec200000,0x00000000ecb80000)
 ParOldGen       total 269824K, used 246190K [0x00000000c0000000, 0x00000000d0780000, 0x00000000eab00000)
  object space 269824K, 91% used [0x00000000c0000000,0x00000000cf06b990,0x00000000d0780000)
 Metaspace       used 72871K, committed 74176K, reserved 1179648K
  class space    used 7656K, committed 8320K, reserved 1048576K
}
Event: 14.722 GC heap after
{Heap after GC invocations=235 (full 11):
 PSYoungGen      total 22016K, used 9718K [0x00000000eab00000, 0x00000000ece80000, 0x0000000100000000)
  eden space 12288K, 0% used [0x00000000eab00000,0x00000000eab00000,0x00000000eb700000)
  from space 9728K, 99% used [0x00000000ec200000,0x00000000ecb7d998,0x00000000ecb80000)
  to   space 11264K, 0% used [0x00000000eb700000,0x00000000eb700000,0x00000000ec200000)
 ParOldGen       total 269824K, used 247055K [0x00000000c0000000, 0x00000000d0780000, 0x00000000eab00000)
  object space 269824K, 91% used [0x00000000c0000000,0x00000000cf143da8,0x00000000d0780000)
 Metaspace       used 72871K, committed 74176K, reserved 1179648K
  class space    used 7656K, committed 8320K, reserved 1048576K
}
Event: 14.749 GC heap before
{Heap before GC invocations=236 (full 11):
 PSYoungGen      total 22016K, used 22006K [0x00000000eab00000, 0x00000000ece80000, 0x0000000100000000)
  eden space 12288K, 100% used [0x00000000eab00000,0x00000000eb700000,0x00000000eb700000)
  from space 9728K, 99% used [0x00000000ec200000,0x00000000ecb7d998,0x00000000ecb80000)
  to   space 11264K, 0% used [0x00000000eb700000,0x00000000eb700000,0x00000000ec200000)
 ParOldGen       total 269824K, used 247055K [0x00000000c0000000, 0x00000000d0780000, 0x00000000eab00000)
  object space 269824K, 91% used [0x00000000c0000000,0x00000000cf143da8,0x00000000d0780000)
 Metaspace       used 72871K, committed 74176K, reserved 1179648K
  class space    used 7656K, committed 8320K, reserved 1048576K
}
Event: 14.756 GC heap after
{Heap after GC invocations=236 (full 11):
 PSYoungGen      total 23552K, used 8735K [0x00000000eab00000, 0x00000000ecb80000, 0x0000000100000000)
  eden space 12288K, 0% used [0x00000000eab00000,0x00000000eab00000,0x00000000eb700000)
  from space 11264K, 77% used [0x00000000eb700000,0x00000000ebf87f68,0x00000000ec200000)
  to   space 9728K, 0% used [0x00000000ec200000,0x00000000ec200000,0x00000000ecb80000)
 ParOldGen       total 269824K, used 251459K [0x00000000c0000000, 0x00000000d0780000, 0x00000000eab00000)
  object space 269824K, 93% used [0x00000000c0000000,0x00000000cf590f18,0x00000000d0780000)
 Metaspace       used 72871K, committed 74176K, reserved 1179648K
  class space    used 7656K, committed 8320K, reserved 1048576K
}
Event: 14.786 GC heap before
{Heap before GC invocations=237 (full 11):
 PSYoungGen      total 23552K, used 21023K [0x00000000eab00000, 0x00000000ecb80000, 0x0000000100000000)
  eden space 12288K, 100% used [0x00000000eab00000,0x00000000eb700000,0x00000000eb700000)
  from space 11264K, 77% used [0x00000000eb700000,0x00000000ebf87f68,0x00000000ec200000)
  to   space 9728K, 0% used [0x00000000ec200000,0x00000000ec200000,0x00000000ecb80000)
 ParOldGen       total 269824K, used 251459K [0x00000000c0000000, 0x00000000d0780000, 0x00000000eab00000)
  object space 269824K, 93% used [0x00000000c0000000,0x00000000cf590f18,0x00000000d0780000)
 Metaspace       used 72871K, committed 74176K, reserved 1179648K
  class space    used 7656K, committed 8320K, reserved 1048576K
}
Event: 14.792 GC heap after
{Heap after GC invocations=237 (full 11):
 PSYoungGen      total 21504K, used 9720K [0x00000000eab00000, 0x00000000ecf80000, 0x0000000100000000)
  eden space 11776K, 0% used [0x00000000eab00000,0x00000000eab00000,0x00000000eb680000)
  from space 9728K, 99% used [0x00000000ec200000,0x00000000ecb7e3c0,0x00000000ecb80000)
  to   space 11776K, 0% used [0x00000000eb680000,0x00000000eb680000,0x00000000ec200000)
 ParOldGen       total 269824K, used 253031K [0x00000000c0000000, 0x00000000d0780000, 0x00000000eab00000)
  object space 269824K, 93% used [0x00000000c0000000,0x00000000cf719c28,0x00000000d0780000)
 Metaspace       used 72871K, committed 74176K, reserved 1179648K
  class space    used 7656K, committed 8320K, reserved 1048576K
}
Event: 14.818 GC heap before
{Heap before GC invocations=238 (full 11):
 PSYoungGen      total 21504K, used 21496K [0x00000000eab00000, 0x00000000ecf80000, 0x0000000100000000)
  eden space 11776K, 100% used [0x00000000eab00000,0x00000000eb680000,0x00000000eb680000)
  from space 9728K, 99% used [0x00000000ec200000,0x00000000ecb7e3c0,0x00000000ecb80000)
  to   space 11776K, 0% used [0x00000000eb680000,0x00000000eb680000,0x00000000ec200000)
 ParOldGen       total 269824K, used 253031K [0x00000000c0000000, 0x00000000d0780000, 0x00000000eab00000)
  object space 269824K, 93% used [0x00000000c0000000,0x00000000cf719c28,0x00000000d0780000)
 Metaspace       used 72871K, committed 74176K, reserved 1179648K
  class space    used 7656K, committed 8320K, reserved 1048576K
}
Event: 14.825 GC heap after
{Heap after GC invocations=238 (full 11):
 PSYoungGen      total 20992K, used 8713K [0x00000000eab00000, 0x00000000ecb00000, 0x0000000100000000)
  eden space 11776K, 0% used [0x00000000eab00000,0x00000000eab00000,0x00000000eb680000)
  from space 9216K, 94% used [0x00000000eb680000,0x00000000ebf025a0,0x00000000ebf80000)
  to   space 9728K, 0% used [0x00000000ec180000,0x00000000ec180000,0x00000000ecb00000)
 ParOldGen       total 269824K, used 257626K [0x00000000c0000000, 0x00000000d0780000, 0x00000000eab00000)
  object space 269824K, 95% used [0x00000000c0000000,0x00000000cfb96a50,0x00000000d0780000)
 Metaspace       used 72871K, committed 74176K, reserved 1179648K
  class space    used 7656K, committed 8320K, reserved 1048576K
}
Event: 14.837 GC heap before
{Heap before GC invocations=239 (full 11):
 PSYoungGen      total 20992K, used 20489K [0x00000000eab00000, 0x00000000ecb00000, 0x0000000100000000)
  eden space 11776K, 100% used [0x00000000eab00000,0x00000000eb680000,0x00000000eb680000)
  from space 9216K, 94% used [0x00000000eb680000,0x00000000ebf025a0,0x00000000ebf80000)
  to   space 9728K, 0% used [0x00000000ec180000,0x00000000ec180000,0x00000000ecb00000)
 ParOldGen       total 269824K, used 257626K [0x00000000c0000000, 0x00000000d0780000, 0x00000000eab00000)
  object space 269824K, 95% used [0x00000000c0000000,0x00000000cfb96a50,0x00000000d0780000)
 Metaspace       used 72871K, committed 74176K, reserved 1179648K
  class space    used 7656K, committed 8320K, reserved 1048576K
}
Event: 14.842 GC heap after
{Heap after GC invocations=239 (full 11):
 PSYoungGen      total 19968K, used 9706K [0x00000000eab00000, 0x00000000ed100000, 0x0000000100000000)
  eden space 10240K, 0% used [0x00000000eab00000,0x00000000eab00000,0x00000000eb500000)
  from space 9728K, 99% used [0x00000000ec180000,0x00000000ecafa9a0,0x00000000ecb00000)
  to   space 12800K, 0% used [0x00000000eb500000,0x00000000eb500000,0x00000000ec180000)
 ParOldGen       total 269824K, used 259948K [0x00000000c0000000, 0x00000000d0780000, 0x00000000eab00000)
  object space 269824K, 96% used [0x00000000c0000000,0x00000000cfddb138,0x00000000d0780000)
 Metaspace       used 72871K, committed 74176K, reserved 1179648K
  class space    used 7656K, committed 8320K, reserved 1048576K
}
Event: 14.855 GC heap before
{Heap before GC invocations=240 (full 11):
 PSYoungGen      total 19968K, used 19910K [0x00000000eab00000, 0x00000000ed100000, 0x0000000100000000)
  eden space 10240K, 99% used [0x00000000eab00000,0x00000000eb4f6fa8,0x00000000eb500000)
  from space 9728K, 99% used [0x00000000ec180000,0x00000000ecafa9a0,0x00000000ecb00000)
  to   space 12800K, 0% used [0x00000000eb500000,0x00000000eb500000,0x00000000ec180000)
 ParOldGen       total 269824K, used 259948K [0x00000000c0000000, 0x00000000d0780000, 0x00000000eab00000)
  object space 269824K, 96% used [0x00000000c0000000,0x00000000cfddb138,0x00000000d0780000)
 Metaspace       used 72871K, committed 74176K, reserved 1179648K
  class space    used 7656K, committed 8320K, reserved 1048576K
}
Event: 14.859 GC heap after
{Heap after GC invocations=240 (full 11):
 PSYoungGen      total 19456K, used 8927K [0x00000000eab00000, 0x00000000eca80000, 0x0000000100000000)
  eden space 10240K, 0% used [0x00000000eab00000,0x00000000eab00000,0x00000000eb500000)
  from space 9216K, 96% used [0x00000000eb500000,0x00000000ebdb7ce0,0x00000000ebe00000)
  to   space 10240K, 0% used [0x00000000ec080000,0x00000000ec080000,0x00000000eca80000)
 ParOldGen       total 269824K, used 264412K [0x00000000c0000000, 0x00000000d0780000, 0x00000000eab00000)
  object space 269824K, 97% used [0x00000000c0000000,0x00000000d0237118,0x00000000d0780000)
 Metaspace       used 72871K, committed 74176K, reserved 1179648K
  class space    used 7656K, committed 8320K, reserved 1048576K
}
Event: 14.868 GC heap before
{Heap before GC invocations=241 (full 11):
 PSYoungGen      total 19456K, used 19152K [0x00000000eab00000, 0x00000000eca80000, 0x0000000100000000)
  eden space 10240K, 99% used [0x00000000eab00000,0x00000000eb4fc550,0x00000000eb500000)
  from space 9216K, 96% used [0x00000000eb500000,0x00000000ebdb7ce0,0x00000000ebe00000)
  to   space 10240K, 0% used [0x00000000ec080000,0x00000000ec080000,0x00000000eca80000)
 ParOldGen       total 269824K, used 264412K [0x00000000c0000000, 0x00000000d0780000, 0x00000000eab00000)
  object space 269824K, 97% used [0x00000000c0000000,0x00000000d0237118,0x00000000d0780000)
 Metaspace       used 72871K, committed 74176K, reserved 1179648K
  class space    used 7656K, committed 8320K, reserved 1048576K
}
Event: 14.873 GC heap after
{Heap after GC invocations=241 (full 11):
 PSYoungGen      total 19456K, used 7346K [0x00000000eab00000, 0x00000000ec800000, 0x0000000100000000)
  eden space 11776K, 0% used [0x00000000eab00000,0x00000000eab00000,0x00000000eb680000)
  from space 7680K, 95% used [0x00000000ec080000,0x00000000ec7acb30,0x00000000ec800000)
  to   space 8192K, 0% used [0x00000000eb800000,0x00000000eb800000,0x00000000ec000000)
 ParOldGen       total 269824K, used 269646K [0x00000000c0000000, 0x00000000d0780000, 0x00000000eab00000)
  object space 269824K, 99% used [0x00000000c0000000,0x00000000d07539d8,0x00000000d0780000)
 Metaspace       used 72871K, committed 74176K, reserved 1179648K
  class space    used 7656K, committed 8320K, reserved 1048576K
}
Event: 14.873 GC heap before
{Heap before GC invocations=242 (full 12):
 PSYoungGen      total 19456K, used 7346K [0x00000000eab00000, 0x00000000ec800000, 0x0000000100000000)
  eden space 11776K, 0% used [0x00000000eab00000,0x00000000eab00000,0x00000000eb680000)
  from space 7680K, 95% used [0x00000000ec080000,0x00000000ec7acb30,0x00000000ec800000)
  to   space 8192K, 0% used [0x00000000eb800000,0x00000000eb800000,0x00000000ec000000)
 ParOldGen       total 269824K, used 269646K [0x00000000c0000000, 0x00000000d0780000, 0x00000000eab00000)
  object space 269824K, 99% used [0x00000000c0000000,0x00000000d07539d8,0x00000000d0780000)
 Metaspace       used 72871K, committed 74176K, reserved 1179648K
  class space    used 7656K, committed 8320K, reserved 1048576K
}
Event: 15.108 GC heap after
{Heap after GC invocations=242 (full 12):
 PSYoungGen      total 20992K, used 4535K [0x00000000eab00000, 0x00000000ec800000, 0x0000000100000000)
  eden space 13312K, 0% used [0x00000000eab00000,0x00000000eab00000,0x00000000eb800000)
  from space 7680K, 59% used [0x00000000ec080000,0x00000000ec4edf60,0x00000000ec800000)
  to   space 8192K, 0% used [0x00000000eb800000,0x00000000eb800000,0x00000000ec000000)
 ParOldGen       total 310272K, used 269398K [0x00000000c0000000, 0x00000000d2f00000, 0x00000000eab00000)
  object space 310272K, 86% used [0x00000000c0000000,0x00000000d07159e0,0x00000000d2f00000)
 Metaspace       used 72871K, committed 74176K, reserved 1179648K
  class space    used 7656K, committed 8320K, reserved 1048576K
}
Event: 15.122 GC heap before
{Heap before GC invocations=243 (full 12):
 PSYoungGen      total 20992K, used 17847K [0x00000000eab00000, 0x00000000ec800000, 0x0000000100000000)
  eden space 13312K, 100% used [0x00000000eab00000,0x00000000eb800000,0x00000000eb800000)
  from space 7680K, 59% used [0x00000000ec080000,0x00000000ec4edf60,0x00000000ec800000)
  to   space 8192K, 0% used [0x00000000eb800000,0x00000000eb800000,0x00000000ec000000)
 ParOldGen       total 310272K, used 269398K [0x00000000c0000000, 0x00000000d2f00000, 0x00000000eab00000)
  object space 310272K, 86% used [0x00000000c0000000,0x00000000d07159e0,0x00000000d2f00000)
 Metaspace       used 72871K, committed 74176K, reserved 1179648K
  class space    used 7656K, committed 8320K, reserved 1048576K
}
Event: 15.139 GC heap after
{Heap after GC invocations=243 (full 12):
 PSYoungGen      total 21504K, used 5283K [0x00000000eab00000, 0x00000000ec680000, 0x0000000100000000)
  eden space 13312K, 0% used [0x00000000eab00000,0x00000000eab00000,0x00000000eb800000)
  from space 8192K, 64% used [0x00000000eb800000,0x00000000ebd28f58,0x00000000ec000000)
  to   space 6656K, 0% used [0x00000000ec000000,0x00000000ec000000,0x00000000ec680000)
 ParOldGen       total 310272K, used 274010K [0x00000000c0000000, 0x00000000d2f00000, 0x00000000eab00000)
  object space 310272K, 88% used [0x00000000c0000000,0x00000000d0b96bb8,0x00000000d2f00000)
 Metaspace       used 72871K, committed 74176K, reserved 1179648K
  class space    used 7656K, committed 8320K, reserved 1048576K
}
Event: 15.151 GC heap before
{Heap before GC invocations=244 (full 12):
 PSYoungGen      total 21504K, used 18595K [0x00000000eab00000, 0x00000000ec680000, 0x0000000100000000)
  eden space 13312K, 100% used [0x00000000eab00000,0x00000000eb800000,0x00000000eb800000)
  from space 8192K, 64% used [0x00000000eb800000,0x00000000ebd28f58,0x00000000ec000000)
  to   space 6656K, 0% used [0x00000000ec000000,0x00000000ec000000,0x00000000ec680000)
 ParOldGen       total 310272K, used 274010K [0x00000000c0000000, 0x00000000d2f00000, 0x00000000eab00000)
  object space 310272K, 88% used [0x00000000c0000000,0x00000000d0b96bb8,0x00000000d2f00000)
 Metaspace       used 72871K, committed 74176K, reserved 1179648K
  class space    used 7656K, committed 8320K, reserved 1048576K
}
Event: 15.156 GC heap after
{Heap after GC invocations=244 (full 12):
 PSYoungGen      total 19968K, used 6646K [0x00000000eab00000, 0x00000000ec680000, 0x0000000100000000)
  eden space 13312K, 0% used [0x00000000eab00000,0x00000000eab00000,0x00000000eb800000)
  from space 6656K, 99% used [0x00000000ec000000,0x00000000ec67dbb0,0x00000000ec680000)
  to   space 8192K, 0% used [0x00000000eb800000,0x00000000eb800000,0x00000000ec000000)
 ParOldGen       total 310272K, used 277862K [0x00000000c0000000, 0x00000000d2f00000, 0x00000000eab00000)
  object space 310272K, 89% used [0x00000000c0000000,0x00000000d0f59800,0x00000000d2f00000)
 Metaspace       used 72871K, committed 74176K, reserved 1179648K
  class space    used 7656K, committed 8320K, reserved 1048576K
}

Dll operation events (10 events):
Event: 0.008 Loaded shared library c:\Users\papth\.vscode\extensions\redhat.java-1.33.0-win32-x64\jre\17.0.11-win32-x86_64\bin\java.dll
Event: 0.098 Loaded shared library c:\Users\papth\.vscode\extensions\redhat.java-1.33.0-win32-x64\jre\17.0.11-win32-x86_64\bin\zip.dll
Event: 0.101 Loaded shared library C:\Users\papth\.vscode\extensions\redhat.java-1.33.0-win32-x64\jre\17.0.11-win32-x86_64\bin\instrument.dll
Event: 0.109 Loaded shared library C:\Users\papth\.vscode\extensions\redhat.java-1.33.0-win32-x64\jre\17.0.11-win32-x86_64\bin\net.dll
Event: 0.111 Loaded shared library C:\Users\papth\.vscode\extensions\redhat.java-1.33.0-win32-x64\jre\17.0.11-win32-x86_64\bin\nio.dll
Event: 0.115 Loaded shared library C:\Users\papth\.vscode\extensions\redhat.java-1.33.0-win32-x64\jre\17.0.11-win32-x86_64\bin\zip.dll
Event: 0.131 Loaded shared library C:\Users\papth\.vscode\extensions\redhat.java-1.33.0-win32-x64\jre\17.0.11-win32-x86_64\bin\jimage.dll
Event: 0.189 Loaded shared library c:\Users\papth\.vscode\extensions\redhat.java-1.33.0-win32-x64\jre\17.0.11-win32-x86_64\bin\verify.dll
Event: 1.253 Loaded shared library C:\Users\papth\AppData\Roaming\Code\User\globalStorage\redhat.java\1.33.0\config_win\org.eclipse.equinox.launcher\org.eclipse.equinox.launcher.win32.win32.x86_64_1.2.1100.v20240722-2106\eclipse_11904.dll
Event: 2.556 Loaded shared library C:\Users\papth\AppData\Local\Temp\jna-106435411\jna9937334538711076754.dll

Deoptimization events (20 events):
Event: 14.644 Thread 0x000001c87b5e4440 DEOPT PACKING pc=0x000001c86488b745 sp=0x00000066765fe4c0
Event: 14.644 Thread 0x000001c87b5e4440 DEOPT UNPACKING pc=0x000001c86aca6e43 sp=0x00000066765fda60 mode 0
Event: 14.649 Thread 0x000001c87b5e4440 DEOPT PACKING pc=0x000001c86488b745 sp=0x00000066765fe4c0
Event: 14.649 Thread 0x000001c87b5e4440 DEOPT UNPACKING pc=0x000001c86aca6e43 sp=0x00000066765fda60 mode 0
Event: 14.656 Thread 0x000001c87b5e4440 DEOPT PACKING pc=0x000001c86488b745 sp=0x00000066765fe4c0
Event: 14.656 Thread 0x000001c87b5e4440 DEOPT UNPACKING pc=0x000001c86aca6e43 sp=0x00000066765fda60 mode 0
Event: 14.661 Thread 0x000001c87b5e4440 DEOPT PACKING pc=0x000001c86488b745 sp=0x00000066765fe4c0
Event: 14.661 Thread 0x000001c87b5e4440 DEOPT UNPACKING pc=0x000001c86aca6e43 sp=0x00000066765fda60 mode 0
Event: 14.665 Thread 0x000001c87b5e4440 DEOPT PACKING pc=0x000001c86488b745 sp=0x00000066765fe4c0
Event: 14.665 Thread 0x000001c87b5e4440 DEOPT UNPACKING pc=0x000001c86aca6e43 sp=0x00000066765fda60 mode 0
Event: 14.670 Thread 0x000001c87b5e4440 DEOPT PACKING pc=0x000001c86488b745 sp=0x00000066765fe4c0
Event: 14.670 Thread 0x000001c87b5e4440 DEOPT UNPACKING pc=0x000001c86aca6e43 sp=0x00000066765fda60 mode 0
Event: 14.676 Thread 0x000001c87b5e4440 DEOPT PACKING pc=0x000001c86488b745 sp=0x00000066765fe4c0
Event: 14.676 Thread 0x000001c87b5e4440 DEOPT UNPACKING pc=0x000001c86aca6e43 sp=0x00000066765fda60 mode 0
Event: 14.850 Thread 0x000001c87b5e4440 DEOPT PACKING pc=0x000001c8642a75a9 sp=0x00000066765fec00
Event: 14.850 Thread 0x000001c87b5e4440 DEOPT UNPACKING pc=0x000001c86aca6e43 sp=0x00000066765fe130 mode 0
Event: 15.170 Thread 0x000001c87b5e4440 Uncommon trap: trap_request=0xffffffc6 fr.pc=0x000001c86b4a7e40 relative=0x0000000000001100
Event: 15.170 Thread 0x000001c87b5e4440 Uncommon trap: reason=bimorphic_or_optimized_type_check action=maybe_recompile pc=0x000001c86b4a7e40 method=java.util.concurrent.ConcurrentHashMap.computeIfAbsent(Ljava/lang/Object;Ljava/util/function/Function;)Ljava/lang/Object; @ 323 c2
Event: 15.170 Thread 0x000001c87b5e4440 DEOPT PACKING pc=0x000001c86b4a7e40 sp=0x00000066765fe9a0
Event: 15.170 Thread 0x000001c87b5e4440 DEOPT UNPACKING pc=0x000001c86aca66a3 sp=0x00000066765fe920 mode 2

Classes unloaded (7 events):
Event: 3.570 Thread 0x000001c8799d14b0 Unloading class 0x0000000100252000 'java/lang/invoke/LambdaForm$MH+0x0000000100252000'
Event: 3.570 Thread 0x000001c8799d14b0 Unloading class 0x0000000100251c00 'java/lang/invoke/LambdaForm$MH+0x0000000100251c00'
Event: 3.570 Thread 0x000001c8799d14b0 Unloading class 0x0000000100251800 'java/lang/invoke/LambdaForm$MH+0x0000000100251800'
Event: 3.570 Thread 0x000001c8799d14b0 Unloading class 0x0000000100251400 'java/lang/invoke/LambdaForm$MH+0x0000000100251400'
Event: 3.570 Thread 0x000001c8799d14b0 Unloading class 0x0000000100251000 'java/lang/invoke/LambdaForm$BMH+0x0000000100251000'
Event: 3.570 Thread 0x000001c8799d14b0 Unloading class 0x0000000100250c00 'java/lang/invoke/LambdaForm$DMH+0x0000000100250c00'
Event: 3.570 Thread 0x000001c8799d14b0 Unloading class 0x000000010024a000 'java/lang/invoke/LambdaForm$DMH+0x000000010024a000'

Classes redefined (0 events):
No events

Internal exceptions (20 events):
Event: 11.997 Thread 0x000001c87e2f8f80 Exception <a 'sun/nio/fs/WindowsException'{0x00000000ead79968}> (0x00000000ead79968) 
thrown [s\src\hotspot\share\prims\jni.cpp, line 516]
Event: 11.997 Thread 0x000001c87e2f8f80 Exception <a 'sun/nio/fs/WindowsException'{0x00000000ead79fb8}> (0x00000000ead79fb8) 
thrown [s\src\hotspot\share\prims\jni.cpp, line 516]
Event: 12.013 Thread 0x000001c87e2f8f80 Exception <a 'java/lang/NoSuchMethodError'{0x00000000eacf50a8}: 'java.lang.Object java.lang.invoke.DirectMethodHandle$Holder.newInvokeSpecial(java.lang.Object, java.lang.Object, int, java.lang.Object, java.lang.Object)'> (0x00000000eacf50a8) 
thrown [s\src\hotspot\share\interpreter\linkResolver.cpp, line 759]
Event: 12.014 Thread 0x000001c87e2f8f80 Exception <a 'java/lang/NoSuchMethodError'{0x00000000ead11428}: 'java.lang.Object java.lang.invoke.Invokers$Holder.linkToTargetMethod(java.lang.Object, int, java.lang.Object, java.lang.Object, java.lang.Object)'> (0x00000000ead11428) 
thrown [s\src\hotspot\share\interpreter\linkResolver.cpp, line 759]
Event: 12.017 Thread 0x000001c87e2f8f80 Exception <a 'java/lang/NoSuchMethodError'{0x00000000eadd1ba8}: 'java.lang.Object java.lang.invoke.DirectMethodHandle$Holder.invokeSpecial(java.lang.Object, java.lang.Object, java.lang.Object, int, java.lang.Object, java.lang.Object, java.lang.Object)'> (0x00000000eadd1ba8) 
thrown [s\src\hotspot\share\interpreter\linkResolver.cpp, line 759]
Event: 12.021 Thread 0x000001c87e2f8f80 Exception <a 'java/lang/NoSuchMethodError'{0x00000000eab00b70}: 'java.lang.Object java.lang.invoke.DirectMethodHandle$Holder.invokeStatic(java.lang.Object, java.lang.Object, int, java.lang.Object, java.lang.Object)'> (0x00000000eab00b70) 
thrown [s\src\hotspot\share\interpreter\linkResolver.cpp, line 759]
Event: 12.045 Thread 0x000001c87e2f8f80 Exception <a 'java/lang/NoSuchMethodError'{0x00000000eac9a528}: 'void java.lang.invoke.DirectMethodHandle$Holder.invokeStatic(java.lang.Object, int)'> (0x00000000eac9a528) 
thrown [s\src\hotspot\share\interpreter\linkResolver.cpp, line 759]
Event: 12.187 Thread 0x000001c87e2f8f80 Exception <a 'java/io/FileNotFoundException'{0x00000000eac74a28}> (0x00000000eac74a28) 
thrown [s\src\hotspot\share\prims\jni.cpp, line 516]
Event: 12.187 Thread 0x000001c87e2f8f80 Exception <a 'java/io/FileNotFoundException'{0x00000000eac76618}> (0x00000000eac76618) 
thrown [s\src\hotspot\share\prims\jni.cpp, line 516]
Event: 12.188 Thread 0x000001c87e2f8f80 Exception <a 'java/io/FileNotFoundException'{0x00000000eac78080}> (0x00000000eac78080) 
thrown [s\src\hotspot\share\prims\jni.cpp, line 516]
Event: 12.251 Thread 0x000001c87e2f8f80 Exception <a 'java/lang/NoSuchMethodError'{0x00000000eab009c8}: 'int java.lang.invoke.DirectMethodHandle$Holder.invokeStatic(java.lang.Object, java.lang.Object, java.lang.Object, java.lang.Object, java.lang.Object, java.lang.Object)'> (0x00000000eab009c8) 
thrown [s\src\hotspot\share\interpreter\linkResolver.cpp, line 759]
Event: 12.458 Thread 0x000001c87e2f8f80 Exception <a 'java/lang/NoSuchMethodError'{0x00000000eb024d60}: 'java.lang.Object java.lang.invoke.DirectMethodHandle$Holder.invokeVirtual(java.lang.Object, java.lang.Object, java.lang.Object)'> (0x00000000eb024d60) 
thrown [s\src\hotspot\share\interpreter\linkResolver.cpp, line 759]
Event: 12.497 Thread 0x000001c87b5e4440 Implicit null exception at 0x000001c86b6ef700 to 0x000001c86b6f477c
Event: 12.510 Thread 0x000001c87e2f8f80 Exception <a 'sun/nio/fs/WindowsException'{0x00000000eae5d6e8}> (0x00000000eae5d6e8) 
thrown [s\src\hotspot\share\prims\jni.cpp, line 516]
Event: 12.515 Thread 0x000001c87e2f8f80 Exception <a 'sun/nio/fs/WindowsException'{0x00000000eaf0c208}> (0x00000000eaf0c208) 
thrown [s\src\hotspot\share\prims\jni.cpp, line 516]
Event: 12.519 Thread 0x000001c87e2f8f80 Exception <a 'sun/nio/fs/WindowsException'{0x00000000eaf0dd00}> (0x00000000eaf0dd00) 
thrown [s\src\hotspot\share\prims\jni.cpp, line 516]
Event: 12.522 Thread 0x000001c87e2f8f80 Exception <a 'sun/nio/fs/WindowsException'{0x00000000eaf0f778}> (0x00000000eaf0f778) 
thrown [s\src\hotspot\share\prims\jni.cpp, line 516]
Event: 12.527 Thread 0x000001c87e2f8f80 Exception <a 'sun/nio/fs/WindowsException'{0x00000000eb1397f0}> (0x00000000eb1397f0) 
thrown [s\src\hotspot\share\prims\jni.cpp, line 516]
Event: 12.530 Thread 0x000001c87e2f8f80 Exception <a 'sun/nio/fs/WindowsException'{0x00000000eb13b2b8}> (0x00000000eb13b2b8) 
thrown [s\src\hotspot\share\prims\jni.cpp, line 516]
Event: 12.537 Thread 0x000001c87e2f8f80 Exception <a 'sun/nio/fs/WindowsException'{0x00000000eab005c8}> (0x00000000eab005c8) 
thrown [s\src\hotspot\share\prims\jni.cpp, line 516]

VM Operations (20 events):
Event: 14.680 Executing VM operation: ParallelGCFailedAllocation
Event: 14.685 Executing VM operation: ParallelGCFailedAllocation done
Event: 14.716 Executing VM operation: ParallelGCFailedAllocation
Event: 14.722 Executing VM operation: ParallelGCFailedAllocation done
Event: 14.749 Executing VM operation: ParallelGCFailedAllocation
Event: 14.756 Executing VM operation: ParallelGCFailedAllocation done
Event: 14.786 Executing VM operation: ParallelGCFailedAllocation
Event: 14.792 Executing VM operation: ParallelGCFailedAllocation done
Event: 14.818 Executing VM operation: ParallelGCFailedAllocation
Event: 14.825 Executing VM operation: ParallelGCFailedAllocation done
Event: 14.837 Executing VM operation: ParallelGCFailedAllocation
Event: 14.842 Executing VM operation: ParallelGCFailedAllocation done
Event: 14.855 Executing VM operation: ParallelGCFailedAllocation
Event: 14.859 Executing VM operation: ParallelGCFailedAllocation done
Event: 14.868 Executing VM operation: ParallelGCFailedAllocation
Event: 15.108 Executing VM operation: ParallelGCFailedAllocation done
Event: 15.122 Executing VM operation: ParallelGCFailedAllocation
Event: 15.139 Executing VM operation: ParallelGCFailedAllocation done
Event: 15.151 Executing VM operation: ParallelGCFailedAllocation
Event: 15.156 Executing VM operation: ParallelGCFailedAllocation done

Events (20 events):
Event: 12.289 Thread 0x000001c87e2f6c10 Thread added: 0x000001c87e2f6c10
Event: 12.304 loading class sun/nio/cs/ISO_8859_1$Decoder
Event: 12.305 loading class sun/nio/cs/ISO_8859_1$Decoder done
Event: 12.346 Thread 0x000001c87e2f8560 Thread exited: 0x000001c87e2f8560
Event: 12.346 Thread 0x000001c87e2f9eb0 Thread exited: 0x000001c87e2f9eb0
Event: 12.347 Thread 0x000001c87e2f6c10 Thread exited: 0x000001c87e2f6c10
Event: 12.348 Thread 0x000001c87e2fbd10 Thread exited: 0x000001c87e2fbd10
Event: 12.348 Thread 0x000001c87e2f99a0 Thread exited: 0x000001c87e2f99a0
Event: 12.509 loading class sun/nio/fs/WindowsFileCopy
Event: 12.509 loading class sun/nio/fs/WindowsFileCopy done
Event: 12.513 loading class java/nio/file/attribute/PosixFileAttributes
Event: 12.513 loading class java/nio/file/attribute/PosixFileAttributes done
Event: 12.580 loading class java/util/ImmutableCollections$SubList
Event: 12.580 loading class java/util/ImmutableCollections$SubList done
Event: 13.301 Thread 0x000001c87b38dbe0 Thread exited: 0x000001c87b38dbe0
Event: 13.512 Thread 0x000001c879c0e5c0 Thread exited: 0x000001c879c0e5c0
Event: 13.803 Thread 0x000001c800358060 Thread added: 0x000001c800358060
Event: 13.803 Thread 0x000001c800357b10 Thread added: 0x000001c800357b10
Event: 14.073 Thread 0x000001c800357b10 Thread exited: 0x000001c800357b10
Event: 14.471 Thread 0x000001c800358060 Thread exited: 0x000001c800358060


Dynamic libraries:
0x00007ff6f9850000 - 0x00007ff6f985e000 	c:\Users\papth\.vscode\extensions\redhat.java-1.33.0-win32-x64\jre\17.0.11-win32-x86_64\bin\java.exe
0x00007ffd27e90000 - 0x00007ffd280a7000 	C:\WINDOWS\SYSTEM32\ntdll.dll
0x00007ffd268b0000 - 0x00007ffd26974000 	C:\WINDOWS\System32\KERNEL32.DLL
0x00007ffd252b0000 - 0x00007ffd2565d000 	C:\WINDOWS\System32\KERNELBASE.dll
0x00007ffd25a80000 - 0x00007ffd25b91000 	C:\WINDOWS\System32\ucrtbase.dll
0x00007ffd13c00000 - 0x00007ffd13c1b000 	c:\Users\papth\.vscode\extensions\redhat.java-1.33.0-win32-x64\jre\17.0.11-win32-x86_64\bin\VCRUNTIME140.dll
0x00007ffd046d0000 - 0x00007ffd046e7000 	c:\Users\papth\.vscode\extensions\redhat.java-1.33.0-win32-x64\jre\17.0.11-win32-x86_64\bin\jli.dll
0x00007ffd275f0000 - 0x00007ffd2779e000 	C:\WINDOWS\System32\USER32.dll
0x00007ffd25660000 - 0x00007ffd25686000 	C:\WINDOWS\System32\win32u.dll
0x00007ffd277a0000 - 0x00007ffd277c9000 	C:\WINDOWS\System32\GDI32.dll
0x00007ffd130c0000 - 0x00007ffd13353000 	C:\WINDOWS\WinSxS\amd64_microsoft.windows.common-controls_6595b64144ccf1df_6.0.22621.3672_none_2713b9d173822955\COMCTL32.dll
0x00007ffd25730000 - 0x00007ffd25849000 	C:\WINDOWS\System32\gdi32full.dll
0x00007ffd26f50000 - 0x00007ffd26ff7000 	C:\WINDOWS\System32\msvcrt.dll
0x00007ffd25690000 - 0x00007ffd2572a000 	C:\WINDOWS\System32\msvcp_win.dll
0x00007ffd270f0000 - 0x00007ffd27121000 	C:\WINDOWS\System32\IMM32.DLL
0x00007ffd14aa0000 - 0x00007ffd14aac000 	c:\Users\papth\.vscode\extensions\redhat.java-1.33.0-win32-x64\jre\17.0.11-win32-x86_64\bin\vcruntime140_1.dll
0x00007ffcec890000 - 0x00007ffcec91d000 	c:\Users\papth\.vscode\extensions\redhat.java-1.33.0-win32-x64\jre\17.0.11-win32-x86_64\bin\msvcp140.dll
0x00007ffcdeab0000 - 0x00007ffcdf712000 	c:\Users\papth\.vscode\extensions\redhat.java-1.33.0-win32-x64\jre\17.0.11-win32-x86_64\bin\server\jvm.dll
0x00007ffd273c0000 - 0x00007ffd27472000 	C:\WINDOWS\System32\ADVAPI32.dll
0x00007ffd27160000 - 0x00007ffd27209000 	C:\WINDOWS\System32\sechost.dll
0x00007ffd25ba0000 - 0x00007ffd25bc8000 	C:\WINDOWS\System32\bcrypt.dll
0x00007ffd27b80000 - 0x00007ffd27c94000 	C:\WINDOWS\System32\RPCRT4.dll
0x00007ffd21b10000 - 0x00007ffd21b19000 	C:\WINDOWS\SYSTEM32\WSOCK32.dll
0x00007ffd24010000 - 0x00007ffd2405d000 	C:\WINDOWS\SYSTEM32\POWRPROF.dll
0x00007ffd1d080000 - 0x00007ffd1d0b4000 	C:\WINDOWS\SYSTEM32\WINMM.dll
0x00007ffd26e70000 - 0x00007ffd26ee1000 	C:\WINDOWS\System32\WS2_32.dll
0x00007ffd15ca0000 - 0x00007ffd15caa000 	C:\WINDOWS\SYSTEM32\VERSION.dll
0x00007ffd23ff0000 - 0x00007ffd24003000 	C:\WINDOWS\SYSTEM32\UMPDC.dll
0x00007ffd242b0000 - 0x00007ffd242c8000 	C:\WINDOWS\SYSTEM32\kernel.appcore.dll
0x00007ffd149b0000 - 0x00007ffd149ba000 	c:\Users\papth\.vscode\extensions\redhat.java-1.33.0-win32-x64\jre\17.0.11-win32-x86_64\bin\jimage.dll
0x00007ffd22ab0000 - 0x00007ffd22ce2000 	C:\WINDOWS\SYSTEM32\DBGHELP.DLL
0x00007ffd25c40000 - 0x00007ffd25fc8000 	C:\WINDOWS\System32\combase.dll
0x00007ffd27010000 - 0x00007ffd270e7000 	C:\WINDOWS\System32\OLEAUT32.dll
0x00007ffd15ee0000 - 0x00007ffd15f12000 	C:\WINDOWS\SYSTEM32\dbgcore.DLL
0x00007ffd251c0000 - 0x00007ffd2523b000 	C:\WINDOWS\System32\bcryptPrimitives.dll
0x00007ffd14650000 - 0x00007ffd1465e000 	c:\Users\papth\.vscode\extensions\redhat.java-1.33.0-win32-x64\jre\17.0.11-win32-x86_64\bin\instrument.dll
0x00007ffcec930000 - 0x00007ffcec955000 	c:\Users\papth\.vscode\extensions\redhat.java-1.33.0-win32-x64\jre\17.0.11-win32-x86_64\bin\java.dll
0x00007ffcec7f0000 - 0x00007ffcec808000 	c:\Users\papth\.vscode\extensions\redhat.java-1.33.0-win32-x64\jre\17.0.11-win32-x86_64\bin\zip.dll
0x00007ffd25fd0000 - 0x00007ffd2682f000 	C:\WINDOWS\System32\SHELL32.dll
0x00007ffd230d0000 - 0x00007ffd239cc000 	C:\WINDOWS\SYSTEM32\windows.storage.dll
0x00007ffd22f90000 - 0x00007ffd230cf000 	C:\WINDOWS\SYSTEM32\wintypes.dll
0x00007ffd27ca0000 - 0x00007ffd27d94000 	C:\WINDOWS\System32\SHCORE.dll
0x00007ffd26ef0000 - 0x00007ffd26f4e000 	C:\WINDOWS\System32\shlwapi.dll
0x00007ffd250f0000 - 0x00007ffd25111000 	C:\WINDOWS\SYSTEM32\profapi.dll
0x00007ffcec7d0000 - 0x00007ffcec7e9000 	C:\Users\papth\.vscode\extensions\redhat.java-1.33.0-win32-x64\jre\17.0.11-win32-x86_64\bin\net.dll
0x00007ffd1d3c0000 - 0x00007ffd1d4f6000 	C:\WINDOWS\SYSTEM32\WINHTTP.dll
0x00007ffd24730000 - 0x00007ffd24799000 	C:\WINDOWS\system32\mswsock.dll
0x00007ffcec7b0000 - 0x00007ffcec7c6000 	C:\Users\papth\.vscode\extensions\redhat.java-1.33.0-win32-x64\jre\17.0.11-win32-x86_64\bin\nio.dll
0x00007ffd13bf0000 - 0x00007ffd13c00000 	c:\Users\papth\.vscode\extensions\redhat.java-1.33.0-win32-x64\jre\17.0.11-win32-x86_64\bin\verify.dll
0x00007ffcec5e0000 - 0x00007ffcec625000 	C:\Users\papth\AppData\Roaming\Code\User\globalStorage\redhat.java\1.33.0\config_win\org.eclipse.equinox.launcher\org.eclipse.equinox.launcher.win32.win32.x86_64_1.2.1100.v20240722-2106\eclipse_11904.dll
0x00007ffd27210000 - 0x00007ffd273b5000 	C:\WINDOWS\System32\ole32.dll
0x00007ffd249b0000 - 0x00007ffd249cb000 	C:\WINDOWS\SYSTEM32\CRYPTSP.dll
0x00007ffd24200000 - 0x00007ffd24235000 	C:\WINDOWS\system32\rsaenh.dll
0x00007ffd24850000 - 0x00007ffd24878000 	C:\WINDOWS\SYSTEM32\USERENV.dll
0x00007ffd249d0000 - 0x00007ffd249dc000 	C:\WINDOWS\SYSTEM32\CRYPTBASE.dll
0x00007ffd23ca0000 - 0x00007ffd23ccd000 	C:\WINDOWS\SYSTEM32\IPHLPAPI.DLL
0x00007ffd27150000 - 0x00007ffd27159000 	C:\WINDOWS\System32\NSI.dll
0x00007ffd1d2c0000 - 0x00007ffd1d2d9000 	C:\WINDOWS\SYSTEM32\dhcpcsvc6.DLL
0x00007ffd1d100000 - 0x00007ffd1d11f000 	C:\WINDOWS\SYSTEM32\dhcpcsvc.DLL
0x00007ffd23d10000 - 0x00007ffd23e08000 	C:\WINDOWS\SYSTEM32\DNSAPI.dll
0x00007ffcec590000 - 0x00007ffcec5d5000 	C:\Users\papth\AppData\Local\Temp\jna-106435411\jna9937334538711076754.dll
0x00007ffd25c30000 - 0x00007ffd25c38000 	C:\WINDOWS\System32\PSAPI.DLL
0x00007ffd242d0000 - 0x00007ffd24304000 	C:\WINDOWS\SYSTEM32\ntmarta.dll

dbghelp: loaded successfully - version: 4.0.5 - missing functions: none
symbol engine: initialized successfully - sym options: 0x614 - pdb path: .;c:\Users\papth\.vscode\extensions\redhat.java-1.33.0-win32-x64\jre\17.0.11-win32-x86_64\bin;C:\WINDOWS\SYSTEM32;C:\WINDOWS\WinSxS\amd64_microsoft.windows.common-controls_6595b64144ccf1df_6.0.22621.3672_none_2713b9d173822955;c:\Users\papth\.vscode\extensions\redhat.java-1.33.0-win32-x64\jre\17.0.11-win32-x86_64\bin\server;C:\Users\papth\AppData\Roaming\Code\User\globalStorage\redhat.java\1.33.0\config_win\org.eclipse.equinox.launcher\org.eclipse.equinox.launcher.win32.win32.x86_64_1.2.1100.v20240722-2106;C:\Users\papth\AppData\Local\Temp\jna-106435411

VM Arguments:
jvm_args: --add-modules=ALL-SYSTEM --add-opens=java.base/java.util=ALL-UNNAMED --add-opens=java.base/java.lang=ALL-UNNAMED --add-opens=java.base/sun.nio.fs=ALL-UNNAMED -Declipse.application=org.eclipse.jdt.ls.core.id1 -Dosgi.bundles.defaultStartLevel=4 -Declipse.product=org.eclipse.jdt.ls.core.product -Djava.import.generatesMetadataFilesAtProjectRoot=false -DDetectVMInstallationsJob.disabled=true -Dfile.encoding=utf8 -XX:+UseParallelGC -XX:GCTimeRatio=4 -XX:AdaptiveSizePolicyWeight=90 -Dsun.zip.disableMemoryMapping=true -Xmx1G -Xms100m -Xlog:disable -javaagent:c:\Users\papth\.vscode\extensions\redhat.java-1.33.0-win32-x64\lombok\lombok-1.18.33.jar -XX:+HeapDumpOnOutOfMemoryError -XX:HeapDumpPath=c:\Users\papth\AppData\Roaming\Code\User\workspaceStorage\5c05168c5aa2c9692861d3fc907bc7d4\redhat.java -Daether.dependencyCollector.impl=bf 
java_command: c:\Users\papth\.vscode\extensions\redhat.java-1.33.0-win32-x64\server\plugins\org.eclipse.equinox.launcher_1.6.900.v20240613-2009.jar -configuration c:\Users\papth\AppData\Roaming\Code\User\globalStorage\redhat.java\1.33.0\config_win -data c:\Users\papth\AppData\Roaming\Code\User\workspaceStorage\5c05168c5aa2c9692861d3fc907bc7d4\redhat.java\jdt_ws --pipe=\\.\pipe\lsp-65c4b251abed9810d07dfaac29a7fb09-sock
java_class_path (initial): c:\Users\papth\.vscode\extensions\redhat.java-1.33.0-win32-x64\server\plugins\org.eclipse.equinox.launcher_1.6.900.v20240613-2009.jar
Launcher Type: SUN_STANDARD

[Global flags]
    uintx AdaptiveSizePolicyWeight                 = 90                                        {product} {command line}
     intx CICompilerCount                          = 4                                         {product} {ergonomic}
    uintx GCTimeRatio                              = 4                                         {product} {command line}
     bool HeapDumpOnOutOfMemoryError               = true                                   {manageable} {command line}
    ccstr HeapDumpPath                             = c:\Users\papth\AppData\Roaming\Code\User\workspaceStorage\5c05168c5aa2c9692861d3fc907bc7d4\redhat.java         {manageable} {command line}
   size_t InitialHeapSize                          = 104857600                                 {product} {command line}
   size_t MaxHeapSize                              = 1073741824                                {product} {command line}
   size_t MaxNewSize                               = 357564416                                 {product} {ergonomic}
   size_t MinHeapDeltaBytes                        = 524288                                    {product} {ergonomic}
   size_t MinHeapSize                              = 104857600                                 {product} {command line}
   size_t NewSize                                  = 34603008                                  {product} {ergonomic}
    uintx NonNMethodCodeHeapSize                   = 5839372                                {pd product} {ergonomic}
    uintx NonProfiledCodeHeapSize                  = 122909434                              {pd product} {ergonomic}
   size_t OldSize                                  = 70254592                                  {product} {ergonomic}
    uintx ProfiledCodeHeapSize                     = 122909434                              {pd product} {ergonomic}
    uintx ReservedCodeCacheSize                    = 251658240                              {pd product} {ergonomic}
     bool SegmentedCodeCache                       = true                                      {product} {ergonomic}
   size_t SoftMaxHeapSize                          = 1073741824                             {manageable} {ergonomic}
     bool UseCompressedClassPointers               = true                           {product lp64_product} {ergonomic}
     bool UseCompressedOops                        = true                           {product lp64_product} {ergonomic}
     bool UseLargePagesIndividualAllocation        = false                                  {pd product} {ergonomic}
     bool UseParallelGC                            = true                                      {product} {command line}

Logging:
Log output configuration:
 #0: stdout all=off uptime,level,tags
 #1: stderr all=off uptime,level,tags

Environment Variables:
JAVA_HOME=C:\LAB-TOOLS\JDK\jdk-17.0.6
PATH=C:\Python311\Scripts\;C:\Python311\;C:\LAB-TOOLS\JDK\jdk-17.0.6\bin;C:\Program Files\Microsoft\jdk-11.0.12.7-hotspot\bin;C:\Program Files\AdoptOpenJDK\jdk-11.0.9.101-hotspot\bin;C:\Program Files (x86)\Common Files\Oracle\Java\javapath;C:\windows\system32;C:\windows;C:\windows\System32\Wbem;C:\windows\System32\WindowsPowerShell\v1.0\;C:\windows\System32\OpenSSH\;C:\Program Files (x86)\NVIDIA Corporation\PhysX\Common;C:\Program Files\NVIDIA Corporation\NVIDIA NvDLISR;C:\Program Files (x86)\Wolfram Research\WolframScript\;C:\WINDOWS\system32;C:\WINDOWS;C:\WINDOWS\System32\Wbem;C:\WINDOWS\System32\WindowsPowerShell\v1.0\;C:\WINDOWS\System32\OpenSSH\;C:\Program Files\MATLAB\R2020a\runtime\win64;C:\Program Files\MATLAB\R2020a\bin;C:\Program Files\OpenVPN\bin;C:\Program Files\Git\cmd;C:\Program Files\Git\usr\bin;C:\Program Files\Microsoft SQL Server\150\Tools\Binn\;C:\Program Files\dotnet\;C:\MinGW\mingw32\bin;C:\WINDOWS\system32;C:\WINDOWS;C:\WINDOWS\System32\Wbem;C:\WINDOWS\System32\WindowsPowerShell\v1.0\;C:\Program Files\nodejs;C:\ProgramData\chocolatey\bin;C:\Program Files\Docker\Docker\resources\bin;C:\WINDOWS\System32\OpenSSH\;C:\LAB-TOOLS\apache-maven-3.9.6-bin\apache-maven-3.9.6\bin;C:\Program Files\PowerShell\7-preview\preview;C:\Program Files\HP\HP One Agent;C:\Program Files\PowerShell\7\;C:\Users\papth\scoop\shims;C:\dev\flutter\bin;C:\Users\papth\AppData\Local\Microsoft\WindowsApps;C:\Users\papth\AppData\Local\GitHubDesktop\bin;C:\Users\papth\AppData\Local\Microsoft\WindowsApps;C:\Users\papth\AppData\Local\atom\bin;C:\Users\papth\.dotnet\tools;C:\Users\papth\AppData\Roaming\npm;C:\dev\android-sdk\platform-tools;C:\Program Files\nodejs;C:\Users\papth\AppData\Local\Programs\Microsoft VS Code\bin;C:\Users\papth\AppData\Roaming\Python\Python311\Scripts;C:\Users\papth\AppData\Local\Google\Cloud SDK\google-cloud-sdk\bin
USERNAME=papth
OS=Windows_NT
PROCESSOR_IDENTIFIER=Intel64 Family 6 Model 142 Stepping 12, GenuineIntel
TMP=C:\Users\papth\AppData\Local\Temp
TEMP=C:\Users\papth\AppData\Local\Temp



Periodic native trim disabled


---------------  S Y S T E M  ---------------

OS:
 Windows 11 , 64 bit Build 22621 (10.0.22621.3672)
OS uptime: 0 days 11:37 hours
Hyper-V role detected

CPU: total 8 (initial active 8) (4 cores per cpu, 2 threads per core) family 6 model 142 stepping 12 microcode 0xde, cx8, cmov, fxsr, ht, mmx, 3dnowpref, sse, sse2, sse3, ssse3, sse4.1, sse4.2, popcnt, lzcnt, tsc, tscinvbit, avx, avx2, aes, erms, clmul, bmi1, bmi2, adx, fma, vzeroupper, clflush, clflushopt, hv
Processor Information for all 8 processors :
  Max Mhz: 2304, Current Mhz: 1803, Mhz Limit: 1797

Memory: 4k page, system-wide physical 16187M (4829M free)
TotalPageFile size 16187M (AvailPageFile size 4M)
current process WorkingSet (physical memory assigned to process): 648M, peak: 648M
current process commit charge ("private bytes"): 592M, peak: 598M

vm_info: OpenJDK 64-Bit Server VM (17.0.11+9) for windows-amd64 JRE (17.0.11+9), built on Apr 17 2024 06:07:48 by "admin" with MS VC++ 16.10 / 16.11 (VS2019)

END.
