#
# There is insufficient memory for the Java Runtime Environment to continue.
# Native memory allocation (malloc) failed to allocate 1708816 bytes. Error detail: Chunk::new
# Possible reasons:
#   The system is out of physical RAM or swap space
#   This process is running with CompressedOops enabled, and the Java Heap may be blocking the growth of the native heap
# Possible solutions:
#   Reduce memory load on the system
#   Increase physical memory or swap space
#   Check if swap backing store is full
#   Decrease Java heap size (-Xmx/-Xms)
#   Decrease number of Java threads
#   Decrease Java thread stack sizes (-Xss)
#   Set larger code cache with -XX:ReservedCodeCacheSize=
#   JVM is running with Unscaled Compressed Oops mode in which the Java heap is
#     placed in the first 4GB address space. The Java Heap base address is the
#     maximum limit for the native heap growth. Please use -XX:HeapBaseMinAddress
#     to set the Java Heap base and to place the Java Heap above 4GB virtual address.
# This output file may be truncated or incomplete.
#
#  Out of Memory Error (arena.cpp:191), pid=20492, tid=5132
#
# JRE version: OpenJDK Runtime Environment Temurin-17.0.11+9 (17.0.11+9) (build 17.0.11+9)
# Java VM: OpenJDK 64-Bit Server VM Temurin-17.0.11+9 (17.0.11+9, mixed mode, tiered, compressed oops, compressed class ptrs, parallel gc, windows-amd64)
# No core dump will be written. Minidumps are not enabled by default on client versions of Windows
#

---------------  S U M M A R Y ------------

Command Line: --add-modules=ALL-SYSTEM --add-opens=java.base/java.util=ALL-UNNAMED --add-opens=java.base/java.lang=ALL-UNNAMED --add-opens=java.base/sun.nio.fs=ALL-UNNAMED -Declipse.application=org.eclipse.jdt.ls.core.id1 -Dosgi.bundles.defaultStartLevel=4 -Declipse.product=org.eclipse.jdt.ls.core.product -Djava.import.generatesMetadataFilesAtProjectRoot=false -DDetectVMInstallationsJob.disabled=true -Dfile.encoding=utf8 -XX:+UseParallelGC -XX:GCTimeRatio=4 -XX:AdaptiveSizePolicyWeight=90 -Dsun.zip.disableMemoryMapping=true -Xmx1G -Xms100m -Xlog:disable -javaagent:c:\Users\papth\.vscode\extensions\redhat.java-1.33.0-win32-x64\lombok\lombok-1.18.33.jar c:\Users\papth\.vscode\extensions\redhat.java-1.33.0-win32-x64\server\plugins\org.eclipse.equinox.launcher_1.6.900.v20240613-2009.jar -configuration c:\Users\papth\AppData\Roaming\Code\User\globalStorage\redhat.java\1.33.0\config_ss_win -data c:\Users\papth\AppData\Roaming\Code\User\workspaceStorage\5c05168c5aa2c9692861d3fc907bc7d4\redhat.java\ss_ws --pipe=\\.\pipe\lsp-fbfb8c78a9e92176b2d0a0fd309dfee1-sock

Host: Intel(R) Core(TM) i7-10510U CPU @ 1.80GHz, 8 cores, 15G,  Windows 11 , 64 bit Build 22621 (10.0.22621.3958)
Time: Sun Aug 18 05:38:37 2024  Windows 11 , 64 bit Build 22621 (10.0.22621.3958) elapsed time: 9.736672 seconds (0d 0h 0m 9s)

---------------  T H R E A D  ---------------

Current thread (0x0000020afd2a6a20):  JavaThread "C2 CompilerThread0" daemon [_thread_in_native, id=5132, stack(0x00000091f6300000,0x00000091f6400000)]


Current CompileTask:
C2:   9736 4272   !   4       org.eclipse.osgi.internal.loader.classpath.ClasspathManager::findLocalClass (210 bytes)

Stack: [0x00000091f6300000,0x00000091f6400000]
Native frames: (J=compiled Java code, j=interpreted, Vv=VM code, C=native code)
V  [jvm.dll+0x67d429]
V  [jvm.dll+0x834b7a]
V  [jvm.dll+0x83663e]
V  [jvm.dll+0x836ca3]
V  [jvm.dll+0x247dbf]
V  [jvm.dll+0xac534]
V  [jvm.dll+0xacb7c]
V  [jvm.dll+0x3665f2]
V  [jvm.dll+0x330bba]
V  [jvm.dll+0x33005a]
V  [jvm.dll+0x21a471]
V  [jvm.dll+0x2198b1]
V  [jvm.dll+0x1a534d]
V  [jvm.dll+0x2295cd]
V  [jvm.dll+0x22779c]
V  [jvm.dll+0x7e9d07]
V  [jvm.dll+0x7e410a]
V  [jvm.dll+0x67c315]
C  [ucrtbase.dll+0x29333]
C  [KERNEL32.DLL+0x1257d]
C  [ntdll.dll+0x5af28]


---------------  P R O C E S S  ---------------

Threads class SMR info:
_java_thread_list=0x0000020aff1be630, length=32, elements={
0x0000020af32a7cc0, 0x0000020af811f020, 0x0000020af8120bf0, 0x0000020af812e3c0,
0x0000020afd271550, 0x0000020afd2749e0, 0x0000020afd29fae0, 0x0000020afd2a6a20,
0x0000020afd2a9c80, 0x0000020afd2bae40, 0x0000020afd2a1e50, 0x0000020afd2a0f20,
0x0000020afd2a2360, 0x0000020afd2a1430, 0x0000020afd2a2870, 0x0000020afd2a1940,
0x0000020afd2a0500, 0x0000020afd2a3290, 0x0000020aff063cb0, 0x0000020aff062d80,
0x0000020aff0646d0, 0x0000020aff063290, 0x0000020aff0641c0, 0x0000020aff064be0,
0x0000020aff061940, 0x0000020aff061e50, 0x0000020aff0650f0, 0x0000020aff05fff0,
0x0000020aff0637a0, 0x0000020aff060500, 0x0000020aff060a10, 0x0000020aff05ebb0
}

Java Threads: ( => current thread )
  0x0000020af32a7cc0 JavaThread "main" [_thread_blocked, id=6968, stack(0x00000091f5a00000,0x00000091f5b00000)]
  0x0000020af811f020 JavaThread "Reference Handler" daemon [_thread_blocked, id=23372, stack(0x00000091f5d00000,0x00000091f5e00000)]
  0x0000020af8120bf0 JavaThread "Finalizer" daemon [_thread_blocked, id=22772, stack(0x00000091f5e00000,0x00000091f5f00000)]
  0x0000020af812e3c0 JavaThread "Signal Dispatcher" daemon [_thread_blocked, id=23024, stack(0x00000091f5f00000,0x00000091f6000000)]
  0x0000020afd271550 JavaThread "Attach Listener" daemon [_thread_blocked, id=20196, stack(0x00000091f6000000,0x00000091f6100000)]
  0x0000020afd2749e0 JavaThread "Service Thread" daemon [_thread_blocked, id=12740, stack(0x00000091f6100000,0x00000091f6200000)]
  0x0000020afd29fae0 JavaThread "Monitor Deflation Thread" daemon [_thread_blocked, id=17636, stack(0x00000091f6200000,0x00000091f6300000)]
=>0x0000020afd2a6a20 JavaThread "C2 CompilerThread0" daemon [_thread_in_native, id=5132, stack(0x00000091f6300000,0x00000091f6400000)]
  0x0000020afd2a9c80 JavaThread "C1 CompilerThread0" daemon [_thread_blocked, id=19828, stack(0x00000091f6400000,0x00000091f6500000)]
  0x0000020afd2bae40 JavaThread "Sweeper thread" daemon [_thread_blocked, id=6140, stack(0x00000091f6500000,0x00000091f6600000)]
  0x0000020afd2a1e50 JavaThread "Common-Cleaner" daemon [_thread_blocked, id=20812, stack(0x00000091f6600000,0x00000091f6700000)]
  0x0000020afd2a0f20 JavaThread "Notification Thread" daemon [_thread_blocked, id=10468, stack(0x00000091f6800000,0x00000091f6900000)]
  0x0000020afd2a2360 JavaThread "Active Thread: Equinox Container: 68410b47-b18c-4231-b3d2-919d8a81896d" [_thread_blocked, id=23388, stack(0x00000091f7000000,0x00000091f7100000)]
  0x0000020afd2a1430 JavaThread "Framework Event Dispatcher: Equinox Container: 68410b47-b18c-4231-b3d2-919d8a81896d" daemon [_thread_blocked, id=20276, stack(0x00000091f7100000,0x00000091f7200000)]
  0x0000020afd2a2870 JavaThread "Start Level: Equinox Container: 68410b47-b18c-4231-b3d2-919d8a81896d" daemon [_thread_blocked, id=8820, stack(0x00000091f7200000,0x00000091f7300000)]
  0x0000020afd2a1940 JavaThread "SCR Component Actor" daemon [_thread_blocked, id=5704, stack(0x00000091f7300000,0x00000091f7400000)]
  0x0000020afd2a0500 JavaThread "Worker-JM" [_thread_blocked, id=5872, stack(0x00000091f6700000,0x00000091f6800000)]
  0x0000020afd2a3290 JavaThread "JNA Cleaner" daemon [_thread_blocked, id=23468, stack(0x00000091f7700000,0x00000091f7800000)]
  0x0000020aff063cb0 JavaThread "Worker-0" [_thread_blocked, id=12340, stack(0x00000091f7800000,0x00000091f7900000)]
  0x0000020aff062d80 JavaThread "Worker-1" [_thread_blocked, id=20816, stack(0x00000091f7900000,0x00000091f7a00000)]
  0x0000020aff0646d0 JavaThread "Thread-2" daemon [_thread_in_native, id=22688, stack(0x00000091f7b00000,0x00000091f7c00000)]
  0x0000020aff063290 JavaThread "Thread-3" daemon [_thread_in_native, id=1200, stack(0x00000091f7c00000,0x00000091f7d00000)]
  0x0000020aff0641c0 JavaThread "Thread-4" daemon [_thread_in_native, id=2040, stack(0x00000091f7d00000,0x00000091f7e00000)]
  0x0000020aff064be0 JavaThread "Thread-5" daemon [_thread_in_native, id=13452, stack(0x00000091f7e00000,0x00000091f7f00000)]
  0x0000020aff061940 JavaThread "Thread-6" daemon [_thread_in_native, id=5784, stack(0x00000091f7f00000,0x00000091f8000000)]
  0x0000020aff061e50 JavaThread "Thread-7" daemon [_thread_in_native, id=6568, stack(0x00000091f8000000,0x00000091f8100000)]
  0x0000020aff0650f0 JavaThread "Thread-8" daemon [_thread_in_native, id=9200, stack(0x00000091f8100000,0x00000091f8200000)]
  0x0000020aff05fff0 JavaThread "Thread-9" daemon [_thread_in_native, id=7284, stack(0x00000091f8200000,0x00000091f8300000)]
  0x0000020aff0637a0 JavaThread "Thread-10" daemon [_thread_in_native, id=4124, stack(0x00000091f8300000,0x00000091f8400000)]
  0x0000020aff060500 JavaThread "pool-2-thread-1" [_thread_blocked, id=1384, stack(0x00000091f8400000,0x00000091f8500000)]
  0x0000020aff060a10 JavaThread "WorkspaceEventsHandler" [_thread_blocked, id=16732, stack(0x00000091f8500000,0x00000091f8600000)]
  0x0000020aff05ebb0 JavaThread "pool-1-thread-1" [_thread_in_native, id=18320, stack(0x00000091f8600000,0x00000091f8700000)]

Other Threads:
  0x0000020afd262930 VMThread "VM Thread" [stack: 0x00000091f5c00000,0x00000091f5d00000] [id=5688]
  0x0000020afd61ec40 WatcherThread [stack: 0x00000091f6900000,0x00000091f6a00000] [id=9764]
  0x0000020af32bc400 GCTaskThread "GC Thread#0" [stack: 0x00000091f5b00000,0x00000091f5c00000] [id=14496]
  0x0000020afe55a430 GCTaskThread "GC Thread#1" [stack: 0x00000091f6a00000,0x00000091f6b00000] [id=21344]
  0x0000020afe5337c0 GCTaskThread "GC Thread#2" [stack: 0x00000091f6b00000,0x00000091f6c00000] [id=14476]
  0x0000020afe533a80 GCTaskThread "GC Thread#3" [stack: 0x00000091f6c00000,0x00000091f6d00000] [id=17748]
  0x0000020afe6250d0 GCTaskThread "GC Thread#4" [stack: 0x00000091f6d00000,0x00000091f6e00000] [id=668]
  0x0000020afe625390 GCTaskThread "GC Thread#5" [stack: 0x00000091f6e00000,0x00000091f6f00000] [id=14028]
  0x0000020afeac02d0 GCTaskThread "GC Thread#6" [stack: 0x00000091f6f00000,0x00000091f7000000] [id=2728]
  0x0000020afef9e890 GCTaskThread "GC Thread#7" [stack: 0x00000091f7400000,0x00000091f7500000] [id=13080]

Threads with active compile tasks:
C2 CompilerThread0     9761 4272   !   4       org.eclipse.osgi.internal.loader.classpath.ClasspathManager::findLocalClass (210 bytes)

VM state: not at safepoint (normal execution)

VM Mutex/Monitor currently owned by a thread: None

Heap address: 0x00000000c0000000, size: 1024 MB, Compressed Oops mode: 32-bit

CDS archive(s) not mapped
Compressed class space mapped at: 0x0000000100000000-0x0000000140000000, reserved size: 1073741824
Narrow klass base: 0x0000000000000000, Narrow klass shift: 3, Narrow klass range: 0x140000000

GC Precious Log:
 CPUs: 8 total, 8 available
 Memory: 16187M
 Large Page Support: Disabled
 NUMA Support: Disabled
 Compressed Oops: Enabled (32-bit)
 Alignments: Space 512K, Generation 512K, Heap 2M
 Heap Min Capacity: 100M
 Heap Initial Capacity: 100M
 Heap Max Capacity: 1G
 Pre-touch: Disabled
 Parallel Workers: 8

Heap:
 PSYoungGen      total 23040K, used 16762K [0x00000000eab00000, 0x00000000ec680000, 0x0000000100000000)
  eden space 22016K, 73% used [0x00000000eab00000,0x00000000ebacc228,0x00000000ec080000)
  from space 1024K, 57% used [0x00000000ec080000,0x00000000ec112728,0x00000000ec180000)
  to   space 2048K, 0% used [0x00000000ec480000,0x00000000ec480000,0x00000000ec680000)
 ParOldGen       total 68608K, used 18926K [0x00000000c0000000, 0x00000000c4300000, 0x00000000eab00000)
  object space 68608K, 27% used [0x00000000c0000000,0x00000000c127ba30,0x00000000c4300000)
 Metaspace       used 42022K, committed 42752K, reserved 1114112K
  class space    used 4271K, committed 4608K, reserved 1048576K

Card table byte_map: [0x0000020af2c40000,0x0000020af2e50000] _byte_map_base: 0x0000020af2640000

Marking Bits: (ParMarkBitMap*) 0x00007ffb6abcd820
 Begin Bits: [0x0000020af5f30000, 0x0000020af6f30000)
 End Bits:   [0x0000020af6f30000, 0x0000020af7f30000)

Polling page: 0x0000020af1280000

Metaspace:

Usage:
  Non-class:     36.87 MB used.
      Class:      4.17 MB used.
       Both:     41.04 MB used.

Virtual space:
  Non-class space:       64.00 MB reserved,      37.25 MB ( 58%) committed,  1 nodes.
      Class space:        1.00 GB reserved,       4.50 MB ( <1%) committed,  1 nodes.
             Both:        1.06 GB reserved,      41.75 MB (  4%) committed. 

Chunk freelists:
   Non-Class:  10.47 MB
       Class:  11.50 MB
        Both:  21.97 MB

MaxMetaspaceSize: unlimited
CompressedClassSpaceSize: 1.00 GB
Initial GC threshold: 21.00 MB
Current GC threshold: 58.38 MB
CDS: off
MetaspaceReclaimPolicy: balanced
 - commit_granule_bytes: 65536.
 - commit_granule_words: 8192.
 - virtual_space_node_default_size: 8388608.
 - enlarge_chunks_in_place: 1.
 - new_chunks_are_fully_committed: 0.
 - uncommit_free_chunks: 1.
 - use_allocation_guard: 0.
 - handle_deallocations: 1.


Internal statistics:

num_allocs_failed_limit: 6.
num_arena_births: 392.
num_arena_deaths: 14.
num_vsnodes_births: 2.
num_vsnodes_deaths: 0.
num_space_committed: 668.
num_space_uncommitted: 0.
num_chunks_returned_to_freelist: 20.
num_chunks_taken_from_freelist: 1763.
num_chunk_merges: 8.
num_chunk_splits: 1143.
num_chunks_enlarged: 763.
num_inconsistent_stats: 0.

CodeHeap 'non-profiled nmethods': size=120000Kb used=2193Kb max_used=2193Kb free=117807Kb
 bounds [0x0000020a87ad0000, 0x0000020a87d40000, 0x0000020a8f000000]
CodeHeap 'profiled nmethods': size=120000Kb used=9146Kb max_used=9146Kb free=110853Kb
 bounds [0x0000020a80000000, 0x0000020a808f0000, 0x0000020a87530000]
CodeHeap 'non-nmethods': size=5760Kb used=1310Kb max_used=1353Kb free=4449Kb
 bounds [0x0000020a87530000, 0x0000020a877a0000, 0x0000020a87ad0000]
 total_blobs=4950 nmethods=4302 adapters=561
 compilation: enabled
              stopped_count=0, restarted_count=0
 full_count=0

Compilation events (20 events):
Event: 9.613 Thread 0x0000020afd2a9c80 4299       3       org.eclipse.jdt.core.compiler.CharOperation::isWhitespace (23 bytes)
Event: 9.613 Thread 0x0000020afd2a9c80 nmethod 4299 0x0000020a808a9090 code [0x0000020a808a9240, 0x0000020a808a9418]
Event: 9.613 Thread 0x0000020afd2a9c80 4300       3       org.eclipse.jdt.internal.compiler.parser.Parser::tAction (35 bytes)
Event: 9.614 Thread 0x0000020afd2a9c80 nmethod 4300 0x0000020a808a9510 code [0x0000020a808a96c0, 0x0000020a808a9898]
Event: 9.614 Thread 0x0000020afd2a9c80 4301       3       org.eclipse.jdt.internal.compiler.parser.Parser::actFromTokenOrSynthetic (9 bytes)
Event: 9.614 Thread 0x0000020afd2a9c80 nmethod 4301 0x0000020a808a9a10 code [0x0000020a808a9bc0, 0x0000020a808a9e18]
Event: 9.614 Thread 0x0000020afd2a9c80 4302       3       org.eclipse.jdt.internal.compiler.parser.Parser::ntAction (8 bytes)
Event: 9.614 Thread 0x0000020afd2a9c80 nmethod 4302 0x0000020a808a9f90 code [0x0000020a808aa120, 0x0000020a808aa238]
Event: 9.614 Thread 0x0000020afd2a9c80 4304       3       org.eclipse.jdt.internal.compiler.parser.Parser::consumeRule (7920 bytes)
Event: 9.655 Thread 0x0000020afd2a9c80 nmethod 4304 0x0000020a808aa310 code [0x0000020a808aef60, 0x0000020a808e2cd8]
Event: 9.655 Thread 0x0000020afd2a9c80 4303       3       org.eclipse.jdt.internal.compiler.parser.Scanner::areRestrictedModuleKeywordsActive (21 bytes)
Event: 9.655 Thread 0x0000020afd2a9c80 nmethod 4303 0x0000020a808e9b10 code [0x0000020a808e9ca0, 0x0000020a808e9e58]
Event: 9.659 Thread 0x0000020afd2a9c80 4306   !   3       lombok.launch.ShadowClassLoader::urlToDefineClass (273 bytes)
Event: 9.661 Thread 0x0000020afd2a9c80 nmethod 4306 0x0000020a808e9f10 code [0x0000020a808ea2a0, 0x0000020a808ebaf8]
Event: 9.684 Thread 0x0000020afd2a9c80 4307       3       org.eclipse.osgi.internal.loader.classpath.ClasspathManager::findLocalResourceImpl (81 bytes)
Event: 9.684 Thread 0x0000020afd2a9c80 nmethod 4307 0x0000020a808ec590 code [0x0000020a808ec760, 0x0000020a808ecb88]
Event: 9.685 Thread 0x0000020afd2a9c80 4308       3       org.eclipse.osgi.internal.loader.classpath.ClasspathManager::findLocalResourceImpl (174 bytes)
Event: 9.686 Thread 0x0000020afd2a9c80 nmethod 4308 0x0000020a808ecd90 code [0x0000020a808ecfe0, 0x0000020a808edb48]
Event: 9.717 Thread 0x0000020afd2a9c80 4309       3       jdk.internal.loader.BuiltinClassLoader::findResource (48 bytes)
Event: 9.718 Thread 0x0000020afd2a9c80 nmethod 4309 0x0000020a808edf90 code [0x0000020a808ee180, 0x0000020a808ee6b8]

GC Heap History (20 events):
Event: 3.122 GC heap before
{Heap before GC invocations=6 (full 1):
 PSYoungGen      total 29696K, used 25356K [0x00000000eab00000, 0x00000000ecc00000, 0x0000000100000000)
  eden space 25600K, 99% used [0x00000000eab00000,0x00000000ec3c3388,0x00000000ec400000)
  from space 4096K, 0% used [0x00000000ec800000,0x00000000ec800000,0x00000000ecc00000)
  to   space 4096K, 0% used [0x00000000ec400000,0x00000000ec400000,0x00000000ec800000)
 ParOldGen       total 68608K, used 7193K [0x00000000c0000000, 0x00000000c4300000, 0x00000000eab00000)
  object space 68608K, 10% used [0x00000000c0000000,0x00000000c07065e8,0x00000000c4300000)
 Metaspace       used 23490K, committed 24064K, reserved 1114112K
  class space    used 2398K, committed 2624K, reserved 1048576K
}
Event: 3.123 GC heap after
{Heap after GC invocations=6 (full 1):
 PSYoungGen      total 28160K, used 2850K [0x00000000eab00000, 0x00000000ecb80000, 0x0000000100000000)
  eden space 25088K, 0% used [0x00000000eab00000,0x00000000eab00000,0x00000000ec380000)
  from space 3072K, 92% used [0x00000000ec400000,0x00000000ec6c88b8,0x00000000ec700000)
  to   space 4096K, 0% used [0x00000000ec780000,0x00000000ec780000,0x00000000ecb80000)
 ParOldGen       total 68608K, used 7201K [0x00000000c0000000, 0x00000000c4300000, 0x00000000eab00000)
  object space 68608K, 10% used [0x00000000c0000000,0x00000000c07085e8,0x00000000c4300000)
 Metaspace       used 23490K, committed 24064K, reserved 1114112K
  class space    used 2398K, committed 2624K, reserved 1048576K
}
Event: 3.341 GC heap before
{Heap before GC invocations=7 (full 1):
 PSYoungGen      total 28160K, used 27938K [0x00000000eab00000, 0x00000000ecb80000, 0x0000000100000000)
  eden space 25088K, 100% used [0x00000000eab00000,0x00000000ec380000,0x00000000ec380000)
  from space 3072K, 92% used [0x00000000ec400000,0x00000000ec6c88b8,0x00000000ec700000)
  to   space 4096K, 0% used [0x00000000ec780000,0x00000000ec780000,0x00000000ecb80000)
 ParOldGen       total 68608K, used 7201K [0x00000000c0000000, 0x00000000c4300000, 0x00000000eab00000)
  object space 68608K, 10% used [0x00000000c0000000,0x00000000c07085e8,0x00000000c4300000)
 Metaspace       used 27812K, committed 28352K, reserved 1114112K
  class space    used 2705K, committed 2944K, reserved 1048576K
}
Event: 3.343 GC heap after
{Heap after GC invocations=7 (full 1):
 PSYoungGen      total 27648K, used 2638K [0x00000000eab00000, 0x00000000eca80000, 0x0000000100000000)
  eden space 24576K, 0% used [0x00000000eab00000,0x00000000eab00000,0x00000000ec300000)
  from space 3072K, 85% used [0x00000000ec780000,0x00000000eca13930,0x00000000eca80000)
  to   space 3072K, 0% used [0x00000000ec480000,0x00000000ec480000,0x00000000ec780000)
 ParOldGen       total 68608K, used 7201K [0x00000000c0000000, 0x00000000c4300000, 0x00000000eab00000)
  object space 68608K, 10% used [0x00000000c0000000,0x00000000c07085e8,0x00000000c4300000)
 Metaspace       used 27812K, committed 28352K, reserved 1114112K
  class space    used 2705K, committed 2944K, reserved 1048576K
}
Event: 3.702 GC heap before
{Heap before GC invocations=8 (full 1):
 PSYoungGen      total 27648K, used 27214K [0x00000000eab00000, 0x00000000eca80000, 0x0000000100000000)
  eden space 24576K, 100% used [0x00000000eab00000,0x00000000ec300000,0x00000000ec300000)
  from space 3072K, 85% used [0x00000000ec780000,0x00000000eca13930,0x00000000eca80000)
  to   space 3072K, 0% used [0x00000000ec480000,0x00000000ec480000,0x00000000ec780000)
 ParOldGen       total 68608K, used 7201K [0x00000000c0000000, 0x00000000c4300000, 0x00000000eab00000)
  object space 68608K, 10% used [0x00000000c0000000,0x00000000c07085e8,0x00000000c4300000)
 Metaspace       used 30224K, committed 30784K, reserved 1114112K
  class space    used 2929K, committed 3200K, reserved 1048576K
}
Event: 3.704 GC heap after
{Heap after GC invocations=8 (full 1):
 PSYoungGen      total 27136K, used 3061K [0x00000000eab00000, 0x00000000ecb80000, 0x0000000100000000)
  eden space 24064K, 0% used [0x00000000eab00000,0x00000000eab00000,0x00000000ec280000)
  from space 3072K, 99% used [0x00000000ec480000,0x00000000ec77d638,0x00000000ec780000)
  to   space 4096K, 0% used [0x00000000ec780000,0x00000000ec780000,0x00000000ecb80000)
 ParOldGen       total 68608K, used 8098K [0x00000000c0000000, 0x00000000c4300000, 0x00000000eab00000)
  object space 68608K, 11% used [0x00000000c0000000,0x00000000c07e88c8,0x00000000c4300000)
 Metaspace       used 30224K, committed 30784K, reserved 1114112K
  class space    used 2929K, committed 3200K, reserved 1048576K
}
Event: 4.300 GC heap before
{Heap before GC invocations=9 (full 1):
 PSYoungGen      total 27136K, used 27125K [0x00000000eab00000, 0x00000000ecb80000, 0x0000000100000000)
  eden space 24064K, 100% used [0x00000000eab00000,0x00000000ec280000,0x00000000ec280000)
  from space 3072K, 99% used [0x00000000ec480000,0x00000000ec77d638,0x00000000ec780000)
  to   space 4096K, 0% used [0x00000000ec780000,0x00000000ec780000,0x00000000ecb80000)
 ParOldGen       total 68608K, used 8098K [0x00000000c0000000, 0x00000000c4300000, 0x00000000eab00000)
  object space 68608K, 11% used [0x00000000c0000000,0x00000000c07e88c8,0x00000000c4300000)
 Metaspace       used 34039K, committed 34752K, reserved 1114112K
  class space    used 3400K, committed 3712K, reserved 1048576K
}
Event: 4.304 GC heap after
{Heap after GC invocations=9 (full 1):
 PSYoungGen      total 27648K, used 4077K [0x00000000eab00000, 0x00000000ecb80000, 0x0000000100000000)
  eden space 23552K, 0% used [0x00000000eab00000,0x00000000eab00000,0x00000000ec200000)
  from space 4096K, 99% used [0x00000000ec780000,0x00000000ecb7b558,0x00000000ecb80000)
  to   space 4608K, 0% used [0x00000000ec280000,0x00000000ec280000,0x00000000ec700000)
 ParOldGen       total 68608K, used 8209K [0x00000000c0000000, 0x00000000c4300000, 0x00000000eab00000)
  object space 68608K, 11% used [0x00000000c0000000,0x00000000c0804440,0x00000000c4300000)
 Metaspace       used 34039K, committed 34752K, reserved 1114112K
  class space    used 3400K, committed 3712K, reserved 1048576K
}
Event: 6.432 GC heap before
{Heap before GC invocations=10 (full 1):
 PSYoungGen      total 27648K, used 21721K [0x00000000eab00000, 0x00000000ecb80000, 0x0000000100000000)
  eden space 23552K, 74% used [0x00000000eab00000,0x00000000ebc3b180,0x00000000ec200000)
  from space 4096K, 99% used [0x00000000ec780000,0x00000000ecb7b558,0x00000000ecb80000)
  to   space 4608K, 0% used [0x00000000ec280000,0x00000000ec280000,0x00000000ec700000)
 ParOldGen       total 68608K, used 8209K [0x00000000c0000000, 0x00000000c4300000, 0x00000000eab00000)
  object space 68608K, 11% used [0x00000000c0000000,0x00000000c0804440,0x00000000c4300000)
 Metaspace       used 35176K, committed 35840K, reserved 1114112K
  class space    used 3514K, committed 3840K, reserved 1048576K
}
Event: 6.436 GC heap after
{Heap after GC invocations=10 (full 1):
 PSYoungGen      total 27136K, used 3097K [0x00000000eab00000, 0x00000000ec900000, 0x0000000100000000)
  eden space 23552K, 0% used [0x00000000eab00000,0x00000000eab00000,0x00000000ec200000)
  from space 3584K, 86% used [0x00000000ec280000,0x00000000ec5866f0,0x00000000ec600000)
  to   space 3072K, 0% used [0x00000000ec600000,0x00000000ec600000,0x00000000ec900000)
 ParOldGen       total 68608K, used 9933K [0x00000000c0000000, 0x00000000c4300000, 0x00000000eab00000)
  object space 68608K, 14% used [0x00000000c0000000,0x00000000c09b3420,0x00000000c4300000)
 Metaspace       used 35176K, committed 35840K, reserved 1114112K
  class space    used 3514K, committed 3840K, reserved 1048576K
}
Event: 6.436 GC heap before
{Heap before GC invocations=11 (full 2):
 PSYoungGen      total 27136K, used 3097K [0x00000000eab00000, 0x00000000ec900000, 0x0000000100000000)
  eden space 23552K, 0% used [0x00000000eab00000,0x00000000eab00000,0x00000000ec200000)
  from space 3584K, 86% used [0x00000000ec280000,0x00000000ec5866f0,0x00000000ec600000)
  to   space 3072K, 0% used [0x00000000ec600000,0x00000000ec600000,0x00000000ec900000)
 ParOldGen       total 68608K, used 9933K [0x00000000c0000000, 0x00000000c4300000, 0x00000000eab00000)
  object space 68608K, 14% used [0x00000000c0000000,0x00000000c09b3420,0x00000000c4300000)
 Metaspace       used 35176K, committed 35840K, reserved 1114112K
  class space    used 3514K, committed 3840K, reserved 1048576K
}
Event: 6.467 GC heap after
{Heap after GC invocations=11 (full 2):
 PSYoungGen      total 27136K, used 0K [0x00000000eab00000, 0x00000000ec900000, 0x0000000100000000)
  eden space 23552K, 0% used [0x00000000eab00000,0x00000000eab00000,0x00000000ec200000)
  from space 3584K, 0% used [0x00000000ec280000,0x00000000ec280000,0x00000000ec600000)
  to   space 3072K, 0% used [0x00000000ec600000,0x00000000ec600000,0x00000000ec900000)
 ParOldGen       total 68608K, used 12701K [0x00000000c0000000, 0x00000000c4300000, 0x00000000eab00000)
  object space 68608K, 18% used [0x00000000c0000000,0x00000000c0c677e0,0x00000000c4300000)
 Metaspace       used 35176K, committed 35840K, reserved 1114112K
  class space    used 3514K, committed 3840K, reserved 1048576K
}
Event: 7.398 GC heap before
{Heap before GC invocations=12 (full 2):
 PSYoungGen      total 27136K, used 23552K [0x00000000eab00000, 0x00000000ec900000, 0x0000000100000000)
  eden space 23552K, 100% used [0x00000000eab00000,0x00000000ec200000,0x00000000ec200000)
  from space 3584K, 0% used [0x00000000ec280000,0x00000000ec280000,0x00000000ec600000)
  to   space 3072K, 0% used [0x00000000ec600000,0x00000000ec600000,0x00000000ec900000)
 ParOldGen       total 68608K, used 12701K [0x00000000c0000000, 0x00000000c4300000, 0x00000000eab00000)
  object space 68608K, 18% used [0x00000000c0000000,0x00000000c0c677e0,0x00000000c4300000)
 Metaspace       used 38219K, committed 39040K, reserved 1114112K
  class space    used 3845K, committed 4224K, reserved 1048576K
}
Event: 7.400 GC heap after
{Heap after GC invocations=12 (full 2):
 PSYoungGen      total 25600K, used 2127K [0x00000000eab00000, 0x00000000ec880000, 0x0000000100000000)
  eden space 23040K, 0% used [0x00000000eab00000,0x00000000eab00000,0x00000000ec180000)
  from space 2560K, 83% used [0x00000000ec600000,0x00000000ec813ce0,0x00000000ec880000)
  to   space 2560K, 0% used [0x00000000ec380000,0x00000000ec380000,0x00000000ec600000)
 ParOldGen       total 68608K, used 12709K [0x00000000c0000000, 0x00000000c4300000, 0x00000000eab00000)
  object space 68608K, 18% used [0x00000000c0000000,0x00000000c0c697e0,0x00000000c4300000)
 Metaspace       used 38219K, committed 39040K, reserved 1114112K
  class space    used 3845K, committed 4224K, reserved 1048576K
}
Event: 7.631 GC heap before
{Heap before GC invocations=13 (full 2):
 PSYoungGen      total 25600K, used 25167K [0x00000000eab00000, 0x00000000ec880000, 0x0000000100000000)
  eden space 23040K, 100% used [0x00000000eab00000,0x00000000ec180000,0x00000000ec180000)
  from space 2560K, 83% used [0x00000000ec600000,0x00000000ec813ce0,0x00000000ec880000)
  to   space 2560K, 0% used [0x00000000ec380000,0x00000000ec380000,0x00000000ec600000)
 ParOldGen       total 68608K, used 12709K [0x00000000c0000000, 0x00000000c4300000, 0x00000000eab00000)
  object space 68608K, 18% used [0x00000000c0000000,0x00000000c0c697e0,0x00000000c4300000)
 Metaspace       used 38299K, committed 39104K, reserved 1114112K
  class space    used 3850K, committed 4224K, reserved 1048576K
}
Event: 7.634 GC heap after
{Heap after GC invocations=13 (full 2):
 PSYoungGen      total 25088K, used 2336K [0x00000000eab00000, 0x00000000ec680000, 0x0000000100000000)
  eden space 22528K, 0% used [0x00000000eab00000,0x00000000eab00000,0x00000000ec100000)
  from space 2560K, 91% used [0x00000000ec380000,0x00000000ec5c8010,0x00000000ec600000)
  to   space 512K, 0% used [0x00000000ec600000,0x00000000ec600000,0x00000000ec680000)
 ParOldGen       total 68608K, used 14698K [0x00000000c0000000, 0x00000000c4300000, 0x00000000eab00000)
  object space 68608K, 21% used [0x00000000c0000000,0x00000000c0e5ab30,0x00000000c4300000)
 Metaspace       used 38299K, committed 39104K, reserved 1114112K
  class space    used 3850K, committed 4224K, reserved 1048576K
}
Event: 7.998 GC heap before
{Heap before GC invocations=14 (full 2):
 PSYoungGen      total 25088K, used 24864K [0x00000000eab00000, 0x00000000ec680000, 0x0000000100000000)
  eden space 22528K, 100% used [0x00000000eab00000,0x00000000ec100000,0x00000000ec100000)
  from space 2560K, 91% used [0x00000000ec380000,0x00000000ec5c8010,0x00000000ec600000)
  to   space 512K, 0% used [0x00000000ec600000,0x00000000ec600000,0x00000000ec680000)
 ParOldGen       total 68608K, used 14698K [0x00000000c0000000, 0x00000000c4300000, 0x00000000eab00000)
  object space 68608K, 21% used [0x00000000c0000000,0x00000000c0e5ab30,0x00000000c4300000)
 Metaspace       used 38856K, committed 39616K, reserved 1114112K
  class space    used 3916K, committed 4288K, reserved 1048576K
}
Event: 8.001 GC heap after
{Heap after GC invocations=14 (full 2):
 PSYoungGen      total 22528K, used 512K [0x00000000eab00000, 0x00000000ec980000, 0x0000000100000000)
  eden space 22016K, 0% used [0x00000000eab00000,0x00000000eab00000,0x00000000ec080000)
  from space 512K, 100% used [0x00000000ec600000,0x00000000ec680000,0x00000000ec680000)
  to   space 4608K, 0% used [0x00000000ec080000,0x00000000ec080000,0x00000000ec500000)
 ParOldGen       total 68608K, used 18410K [0x00000000c0000000, 0x00000000c4300000, 0x00000000eab00000)
  object space 68608K, 26% used [0x00000000c0000000,0x00000000c11fab50,0x00000000c4300000)
 Metaspace       used 38856K, committed 39616K, reserved 1114112K
  class space    used 3916K, committed 4288K, reserved 1048576K
}
Event: 9.273 GC heap before
{Heap before GC invocations=15 (full 2):
 PSYoungGen      total 22528K, used 22528K [0x00000000eab00000, 0x00000000ec980000, 0x0000000100000000)
  eden space 22016K, 100% used [0x00000000eab00000,0x00000000ec080000,0x00000000ec080000)
  from space 512K, 100% used [0x00000000ec600000,0x00000000ec680000,0x00000000ec680000)
  to   space 4608K, 0% used [0x00000000ec080000,0x00000000ec080000,0x00000000ec500000)
 ParOldGen       total 68608K, used 18410K [0x00000000c0000000, 0x00000000c4300000, 0x00000000eab00000)
  object space 68608K, 26% used [0x00000000c0000000,0x00000000c11fab50,0x00000000c4300000)
 Metaspace       used 40423K, committed 41152K, reserved 1114112K
  class space    used 4146K, committed 4480K, reserved 1048576K
}
Event: 9.274 GC heap after
{Heap after GC invocations=15 (full 2):
 PSYoungGen      total 23040K, used 585K [0x00000000eab00000, 0x00000000ec680000, 0x0000000100000000)
  eden space 22016K, 0% used [0x00000000eab00000,0x00000000eab00000,0x00000000ec080000)
  from space 1024K, 57% used [0x00000000ec080000,0x00000000ec112728,0x00000000ec180000)
  to   space 2048K, 0% used [0x00000000ec480000,0x00000000ec480000,0x00000000ec680000)
 ParOldGen       total 68608K, used 18926K [0x00000000c0000000, 0x00000000c4300000, 0x00000000eab00000)
  object space 68608K, 27% used [0x00000000c0000000,0x00000000c127ba30,0x00000000c4300000)
 Metaspace       used 40423K, committed 41152K, reserved 1114112K
  class space    used 4146K, committed 4480K, reserved 1048576K
}

Dll operation events (10 events):
Event: 0.011 Loaded shared library c:\Users\papth\.vscode\extensions\redhat.java-1.33.0-win32-x64\jre\17.0.11-win32-x86_64\bin\java.dll
Event: 0.192 Loaded shared library c:\Users\papth\.vscode\extensions\redhat.java-1.33.0-win32-x64\jre\17.0.11-win32-x86_64\bin\zip.dll
Event: 0.197 Loaded shared library C:\Users\papth\.vscode\extensions\redhat.java-1.33.0-win32-x64\jre\17.0.11-win32-x86_64\bin\instrument.dll
Event: 0.213 Loaded shared library C:\Users\papth\.vscode\extensions\redhat.java-1.33.0-win32-x64\jre\17.0.11-win32-x86_64\bin\net.dll
Event: 0.216 Loaded shared library C:\Users\papth\.vscode\extensions\redhat.java-1.33.0-win32-x64\jre\17.0.11-win32-x86_64\bin\nio.dll
Event: 0.229 Loaded shared library C:\Users\papth\.vscode\extensions\redhat.java-1.33.0-win32-x64\jre\17.0.11-win32-x86_64\bin\zip.dll
Event: 0.249 Loaded shared library C:\Users\papth\.vscode\extensions\redhat.java-1.33.0-win32-x64\jre\17.0.11-win32-x86_64\bin\jimage.dll
Event: 0.334 Loaded shared library c:\Users\papth\.vscode\extensions\redhat.java-1.33.0-win32-x64\jre\17.0.11-win32-x86_64\bin\verify.dll
Event: 1.715 Loaded shared library C:\Users\papth\AppData\Roaming\Code\User\globalStorage\redhat.java\1.33.0\config_ss_win\org.eclipse.equinox.launcher\org.eclipse.equinox.launcher.win32.win32.x86_64_1.2.1100.v20240722-2106\eclipse_11904.dll
Event: 2.876 Loaded shared library C:\Users\papth\AppData\Local\Temp\jna-106435411\jna12428114059372959034.dll

Deoptimization events (20 events):
Event: 8.644 Thread 0x0000020aff05ebb0 DEOPT PACKING pc=0x0000020a804e4cc5 sp=0x00000091f86f8020
Event: 8.644 Thread 0x0000020aff05ebb0 DEOPT UNPACKING pc=0x0000020a87586e43 sp=0x00000091f86f74d0 mode 0
Event: 8.662 Thread 0x0000020aff05ebb0 DEOPT PACKING pc=0x0000020a804e4cc5 sp=0x00000091f86fb900
Event: 8.662 Thread 0x0000020aff05ebb0 DEOPT UNPACKING pc=0x0000020a87586e43 sp=0x00000091f86fadb0 mode 0
Event: 8.709 Thread 0x0000020aff05ebb0 DEOPT PACKING pc=0x0000020a80075209 sp=0x00000091f86f7e80
Event: 8.709 Thread 0x0000020aff05ebb0 DEOPT UNPACKING pc=0x0000020a87586e43 sp=0x00000091f86f7378 mode 0
Event: 8.709 Thread 0x0000020aff05ebb0 DEOPT PACKING pc=0x0000020a800e6cc3 sp=0x00000091f86f7b90
Event: 8.709 Thread 0x0000020aff05ebb0 DEOPT UNPACKING pc=0x0000020a87586e43 sp=0x00000091f86f70b0 mode 0
Event: 8.844 Thread 0x0000020aff05ebb0 DEOPT PACKING pc=0x0000020a800e6cc3 sp=0x00000091f86f7bd0
Event: 8.844 Thread 0x0000020aff05ebb0 DEOPT UNPACKING pc=0x0000020a87586e43 sp=0x00000091f86f70f0 mode 0
Event: 9.565 Thread 0x0000020aff05ebb0 Uncommon trap: trap_request=0xffffff45 fr.pc=0x0000020a87cf0f84 relative=0x0000000000000e04
Event: 9.565 Thread 0x0000020aff05ebb0 Uncommon trap: reason=unstable_if action=reinterpret pc=0x0000020a87cf0f84 method=java.util.TreeMap.put(Ljava/lang/Object;Ljava/lang/Object;Z)Ljava/lang/Object; @ 27 c2
Event: 9.565 Thread 0x0000020aff05ebb0 DEOPT PACKING pc=0x0000020a87cf0f84 sp=0x00000091f86fc340
Event: 9.565 Thread 0x0000020aff05ebb0 DEOPT UNPACKING pc=0x0000020a875866a3 sp=0x00000091f86fc2e0 mode 2
Event: 9.578 Thread 0x0000020aff05ebb0 Uncommon trap: trap_request=0xffffffcc fr.pc=0x0000020a87cd4464 relative=0x0000000000000344
Event: 9.578 Thread 0x0000020aff05ebb0 Uncommon trap: reason=intrinsic_or_type_checked_inlining action=make_not_entrant pc=0x0000020a87cd4464 method=java.util.Arrays.copyOf([Ljava/lang/Object;ILjava/lang/Class;)[Ljava/lang/Object; @ 35 c2
Event: 9.578 Thread 0x0000020aff05ebb0 DEOPT PACKING pc=0x0000020a87cd4464 sp=0x00000091f86fd020
Event: 9.578 Thread 0x0000020aff05ebb0 DEOPT UNPACKING pc=0x0000020a875866a3 sp=0x00000091f86fcfb0 mode 2
Event: 9.634 Thread 0x0000020aff05ebb0 DEOPT PACKING pc=0x0000020a801e2913 sp=0x00000091f86f7520
Event: 9.634 Thread 0x0000020aff05ebb0 DEOPT UNPACKING pc=0x0000020a87586e43 sp=0x00000091f86f6a58 mode 0

Classes unloaded (7 events):
Event: 2.733 Thread 0x0000020afd262930 Unloading class 0x000000010021a400 'java/lang/invoke/LambdaForm$MH+0x000000010021a400'
Event: 2.733 Thread 0x0000020afd262930 Unloading class 0x000000010021a000 'java/lang/invoke/LambdaForm$MH+0x000000010021a000'
Event: 2.733 Thread 0x0000020afd262930 Unloading class 0x0000000100219c00 'java/lang/invoke/LambdaForm$MH+0x0000000100219c00'
Event: 2.733 Thread 0x0000020afd262930 Unloading class 0x0000000100219800 'java/lang/invoke/LambdaForm$MH+0x0000000100219800'
Event: 2.733 Thread 0x0000020afd262930 Unloading class 0x0000000100219400 'java/lang/invoke/LambdaForm$BMH+0x0000000100219400'
Event: 2.733 Thread 0x0000020afd262930 Unloading class 0x0000000100219000 'java/lang/invoke/LambdaForm$DMH+0x0000000100219000'
Event: 2.733 Thread 0x0000020afd262930 Unloading class 0x0000000100214400 'java/lang/invoke/LambdaForm$DMH+0x0000000100214400'

Classes redefined (0 events):
No events

Internal exceptions (20 events):
Event: 6.897 Thread 0x0000020aff062d80 Exception <a 'sun/nio/fs/WindowsException'{0x00000000eb557f08}> (0x00000000eb557f08) 
thrown [s\src\hotspot\share\prims\jni.cpp, line 516]
Event: 6.897 Thread 0x0000020aff062d80 Exception <a 'sun/nio/fs/WindowsException'{0x00000000eb5c7db8}> (0x00000000eb5c7db8) 
thrown [s\src\hotspot\share\prims\jni.cpp, line 516]
Event: 6.897 Thread 0x0000020aff062d80 Exception <a 'sun/nio/fs/WindowsException'{0x00000000eb5c8bc0}> (0x00000000eb5c8bc0) 
thrown [s\src\hotspot\share\prims\jni.cpp, line 516]
Event: 6.898 Thread 0x0000020aff062d80 Exception <a 'sun/nio/fs/WindowsException'{0x00000000eb5c9548}> (0x00000000eb5c9548) 
thrown [s\src\hotspot\share\prims\jni.cpp, line 516]
Event: 6.898 Thread 0x0000020aff062d80 Exception <a 'sun/nio/fs/WindowsException'{0x00000000eb5ca3b0}> (0x00000000eb5ca3b0) 
thrown [s\src\hotspot\share\prims\jni.cpp, line 516]
Event: 6.898 Thread 0x0000020aff062d80 Exception <a 'sun/nio/fs/WindowsException'{0x00000000eb5cad38}> (0x00000000eb5cad38) 
thrown [s\src\hotspot\share\prims\jni.cpp, line 516]
Event: 6.907 Thread 0x0000020aff062d80 Exception <a 'sun/nio/fs/WindowsException'{0x00000000eb5cc908}> (0x00000000eb5cc908) 
thrown [s\src\hotspot\share\prims\jni.cpp, line 516]
Event: 6.907 Thread 0x0000020aff062d80 Exception <a 'sun/nio/fs/WindowsException'{0x00000000eb5cd290}> (0x00000000eb5cd290) 
thrown [s\src\hotspot\share\prims\jni.cpp, line 516]
Event: 6.909 Thread 0x0000020aff062d80 Exception <a 'sun/nio/fs/WindowsException'{0x00000000eb5e34d0}> (0x00000000eb5e34d0) 
thrown [s\src\hotspot\share\prims\jni.cpp, line 516]
Event: 6.910 Thread 0x0000020aff062d80 Exception <a 'sun/nio/fs/WindowsException'{0x00000000eb5e3da8}> (0x00000000eb5e3da8) 
thrown [s\src\hotspot\share\prims\jni.cpp, line 516]
Event: 6.910 Thread 0x0000020aff062d80 Exception <a 'sun/nio/fs/WindowsException'{0x00000000eb5e4990}> (0x00000000eb5e4990) 
thrown [s\src\hotspot\share\prims\jni.cpp, line 516]
Event: 6.910 Thread 0x0000020aff062d80 Exception <a 'sun/nio/fs/WindowsException'{0x00000000eb5e5268}> (0x00000000eb5e5268) 
thrown [s\src\hotspot\share\prims\jni.cpp, line 516]
Event: 6.911 Thread 0x0000020aff062d80 Exception <a 'sun/nio/fs/WindowsException'{0x00000000eb5e5eb0}> (0x00000000eb5e5eb0) 
thrown [s\src\hotspot\share\prims\jni.cpp, line 516]
Event: 6.911 Thread 0x0000020aff062d80 Exception <a 'sun/nio/fs/WindowsException'{0x00000000eb5e6788}> (0x00000000eb5e6788) 
thrown [s\src\hotspot\share\prims\jni.cpp, line 516]
Event: 6.914 Thread 0x0000020aff062d80 Exception <a 'sun/nio/fs/WindowsException'{0x00000000eb5e7f88}> (0x00000000eb5e7f88) 
thrown [s\src\hotspot\share\prims\jni.cpp, line 516]
Event: 6.914 Thread 0x0000020aff062d80 Exception <a 'sun/nio/fs/WindowsException'{0x00000000eb5e8ac8}> (0x00000000eb5e8ac8) 
thrown [s\src\hotspot\share\prims\jni.cpp, line 516]
Event: 6.917 Thread 0x0000020aff062d80 Exception <a 'java/lang/NoSuchMethodError'{0x00000000eb5fcdb0}: 'void java.lang.invoke.DirectMethodHandle$Holder.invokeVirtual(java.lang.Object, java.lang.Object, java.lang.Object, java.lang.Object)'> (0x00000000eb5fcdb0) 
thrown [s\src\hotspot\share\interpreter\linkResolver.cpp, line 759]
Event: 6.939 Thread 0x0000020aff062d80 Exception <a 'java/lang/NoSuchMethodError'{0x00000000eb69f2c8}: 'java.lang.Object java.lang.invoke.DirectMethodHandle$Holder.newInvokeSpecial(java.lang.Object, java.lang.Object, java.lang.Object, java.lang.Object, java.lang.Object, java.lang.Object)'> (0x00000000eb69f2c8) 
thrown [s\src\hotspot\share\interpreter\linkResolver.cpp, line 759]
Event: 7.095 Thread 0x0000020aff05ebb0 Exception <a 'java/lang/NoSuchMethodError'{0x00000000eb894c80}: 'java.lang.Object java.lang.invoke.Invokers$Holder.invoke_MT(java.lang.Object, java.lang.Object, java.lang.Object)'> (0x00000000eb894c80) 
thrown [s\src\hotspot\share\interpreter\linkResolver.cpp, line 759]
Event: 9.565 Thread 0x0000020aff05ebb0 Implicit null exception at 0x0000020a87cf01d0 to 0x0000020a87cf0f68

VM Operations (20 events):
Event: 6.432 Executing VM operation: CollectForMetadataAllocation
Event: 6.467 Executing VM operation: CollectForMetadataAllocation done
Event: 6.981 Executing VM operation: HandshakeAllThreads
Event: 6.981 Executing VM operation: HandshakeAllThreads done
Event: 7.137 Executing VM operation: HandshakeAllThreads
Event: 7.138 Executing VM operation: HandshakeAllThreads done
Event: 7.138 Executing VM operation: HandshakeAllThreads
Event: 7.138 Executing VM operation: HandshakeAllThreads done
Event: 7.368 Executing VM operation: HandshakeAllThreads
Event: 7.368 Executing VM operation: HandshakeAllThreads done
Event: 7.398 Executing VM operation: ParallelGCFailedAllocation
Event: 7.400 Executing VM operation: ParallelGCFailedAllocation done
Event: 7.631 Executing VM operation: ParallelGCFailedAllocation
Event: 7.634 Executing VM operation: ParallelGCFailedAllocation done
Event: 7.998 Executing VM operation: ParallelGCFailedAllocation
Event: 8.001 Executing VM operation: ParallelGCFailedAllocation done
Event: 8.383 Executing VM operation: HandshakeAllThreads
Event: 8.383 Executing VM operation: HandshakeAllThreads done
Event: 9.273 Executing VM operation: ParallelGCFailedAllocation
Event: 9.274 Executing VM operation: ParallelGCFailedAllocation done

Events (20 events):
Event: 7.896 loading class sun/nio/cs/ThreadLocalCoders done
Event: 7.896 loading class sun/nio/cs/ThreadLocalCoders$1
Event: 7.896 loading class sun/nio/cs/ThreadLocalCoders$Cache
Event: 7.896 loading class sun/nio/cs/ThreadLocalCoders$Cache done
Event: 7.896 loading class sun/nio/cs/ThreadLocalCoders$1 done
Event: 7.896 loading class sun/nio/cs/ThreadLocalCoders$2
Event: 7.896 loading class sun/nio/cs/ThreadLocalCoders$2 done
Event: 7.962 loading class java/lang/ExceptionInInitializerError
Event: 7.962 loading class java/lang/ExceptionInInitializerError done
Event: 8.002 Thread 0x0000020afd2a2d80 Thread exited: 0x0000020afd2a2d80
Event: 8.138 Thread 0x0000020affbb32e0 Thread exited: 0x0000020affbb32e0
Event: 8.245 Thread 0x0000020afe42e8f0 Thread exited: 0x0000020afe42e8f0
Event: 9.074 loading class java/util/Vector$1
Event: 9.074 loading class java/util/Vector$1 done
Event: 9.565 loading class java/util/Collections$UnmodifiableSortedSet
Event: 9.565 loading class java/util/Collections$UnmodifiableSortedSet done
Event: 9.584 loading class java/util/Hashtable$ValueCollection
Event: 9.584 loading class java/util/Hashtable$ValueCollection done
Event: 9.706 loading class java/util/regex/Pattern$Caret
Event: 9.706 loading class java/util/regex/Pattern$Caret done


Dynamic libraries:
0x00007ff67b7d0000 - 0x00007ff67b7de000 	c:\Users\papth\.vscode\extensions\redhat.java-1.33.0-win32-x64\jre\17.0.11-win32-x86_64\bin\java.exe
0x00007ffc25050000 - 0x00007ffc25267000 	C:\WINDOWS\SYSTEM32\ntdll.dll
0x00007ffc24650000 - 0x00007ffc24714000 	C:\WINDOWS\System32\KERNEL32.DLL
0x00007ffc22950000 - 0x00007ffc22cfd000 	C:\WINDOWS\System32\KERNELBASE.dll
0x00007ffc226c0000 - 0x00007ffc227d1000 	C:\WINDOWS\System32\ucrtbase.dll
0x00007ffbde7a0000 - 0x00007ffbde7b7000 	c:\Users\papth\.vscode\extensions\redhat.java-1.33.0-win32-x64\jre\17.0.11-win32-x86_64\bin\jli.dll
0x00007ffbde780000 - 0x00007ffbde79b000 	c:\Users\papth\.vscode\extensions\redhat.java-1.33.0-win32-x64\jre\17.0.11-win32-x86_64\bin\VCRUNTIME140.dll
0x00007ffc249d0000 - 0x00007ffc24b7e000 	C:\WINDOWS\System32\USER32.dll
0x00007ffc22490000 - 0x00007ffc224b6000 	C:\WINDOWS\System32\win32u.dll
0x00007ffc23f10000 - 0x00007ffc23f39000 	C:\WINDOWS\System32\GDI32.dll
0x00007ffc22370000 - 0x00007ffc22489000 	C:\WINDOWS\System32\gdi32full.dll
0x00007ffc10090000 - 0x00007ffc10323000 	C:\WINDOWS\WinSxS\amd64_microsoft.windows.common-controls_6595b64144ccf1df_6.0.22621.3672_none_2713b9d173822955\COMCTL32.dll
0x00007ffc22620000 - 0x00007ffc226ba000 	C:\WINDOWS\System32\msvcp_win.dll
0x00007ffc240f0000 - 0x00007ffc24197000 	C:\WINDOWS\System32\msvcrt.dll
0x00007ffc247f0000 - 0x00007ffc24821000 	C:\WINDOWS\System32\IMM32.DLL
0x00007ffc120e0000 - 0x00007ffc120ec000 	c:\Users\papth\.vscode\extensions\redhat.java-1.33.0-win32-x64\jre\17.0.11-win32-x86_64\bin\vcruntime140_1.dll
0x00007ffbd2140000 - 0x00007ffbd21cd000 	c:\Users\papth\.vscode\extensions\redhat.java-1.33.0-win32-x64\jre\17.0.11-win32-x86_64\bin\msvcp140.dll
0x00007ffb6a030000 - 0x00007ffb6ac92000 	c:\Users\papth\.vscode\extensions\redhat.java-1.33.0-win32-x64\jre\17.0.11-win32-x86_64\bin\server\jvm.dll
0x00007ffc24910000 - 0x00007ffc249c2000 	C:\WINDOWS\System32\ADVAPI32.dll
0x00007ffc24730000 - 0x00007ffc247d9000 	C:\WINDOWS\System32\sechost.dll
0x00007ffc22530000 - 0x00007ffc22558000 	C:\WINDOWS\System32\bcrypt.dll
0x00007ffc23fd0000 - 0x00007ffc240e4000 	C:\WINDOWS\System32\RPCRT4.dll
0x00007ffc21af0000 - 0x00007ffc21b3d000 	C:\WINDOWS\SYSTEM32\POWRPROF.dll
0x00007ffc1ab20000 - 0x00007ffc1ab29000 	C:\WINDOWS\SYSTEM32\WSOCK32.dll
0x00007ffc1a1a0000 - 0x00007ffc1a1d4000 	C:\WINDOWS\SYSTEM32\WINMM.dll
0x00007ffc23b80000 - 0x00007ffc23bf1000 	C:\WINDOWS\System32\WS2_32.dll
0x00007ffc130d0000 - 0x00007ffc130da000 	C:\WINDOWS\SYSTEM32\VERSION.dll
0x00007ffc21ad0000 - 0x00007ffc21ae3000 	C:\WINDOWS\SYSTEM32\UMPDC.dll
0x00007ffc21360000 - 0x00007ffc21378000 	C:\WINDOWS\SYSTEM32\kernel.appcore.dll
0x00007ffc11aa0000 - 0x00007ffc11aaa000 	c:\Users\papth\.vscode\extensions\redhat.java-1.33.0-win32-x64\jre\17.0.11-win32-x86_64\bin\jimage.dll
0x00007ffc1fbf0000 - 0x00007ffc1fe22000 	C:\WINDOWS\SYSTEM32\DBGHELP.DLL
0x00007ffc242c0000 - 0x00007ffc2464d000 	C:\WINDOWS\System32\combase.dll
0x00007ffc23a70000 - 0x00007ffc23b47000 	C:\WINDOWS\System32\OLEAUT32.dll
0x00007ffc13090000 - 0x00007ffc130c2000 	C:\WINDOWS\SYSTEM32\dbgcore.DLL
0x00007ffc22d00000 - 0x00007ffc22d7b000 	C:\WINDOWS\System32\bcryptPrimitives.dll
0x00007ffc11800000 - 0x00007ffc1180e000 	c:\Users\papth\.vscode\extensions\redhat.java-1.33.0-win32-x64\jre\17.0.11-win32-x86_64\bin\instrument.dll
0x00007ffbd7760000 - 0x00007ffbd7785000 	c:\Users\papth\.vscode\extensions\redhat.java-1.33.0-win32-x64\jre\17.0.11-win32-x86_64\bin\java.dll
0x00007ffbde760000 - 0x00007ffbde778000 	c:\Users\papth\.vscode\extensions\redhat.java-1.33.0-win32-x64\jre\17.0.11-win32-x86_64\bin\zip.dll
0x00007ffc22d80000 - 0x00007ffc235e8000 	C:\WINDOWS\System32\SHELL32.dll
0x00007ffc20270000 - 0x00007ffc20b6e000 	C:\WINDOWS\SYSTEM32\windows.storage.dll
0x00007ffc20130000 - 0x00007ffc2026f000 	C:\WINDOWS\SYSTEM32\wintypes.dll
0x00007ffc24f10000 - 0x00007ffc25009000 	C:\WINDOWS\System32\SHCORE.dll
0x00007ffc24830000 - 0x00007ffc2488e000 	C:\WINDOWS\System32\shlwapi.dll
0x00007ffc222a0000 - 0x00007ffc222c1000 	C:\WINDOWS\SYSTEM32\profapi.dll
0x00007ffbd7e80000 - 0x00007ffbd7e99000 	C:\Users\papth\.vscode\extensions\redhat.java-1.33.0-win32-x64\jre\17.0.11-win32-x86_64\bin\net.dll
0x00007ffc1a5a0000 - 0x00007ffc1a6d6000 	C:\WINDOWS\SYSTEM32\WINHTTP.dll
0x00007ffc217c0000 - 0x00007ffc21829000 	C:\WINDOWS\system32\mswsock.dll
0x00007ffbd7c90000 - 0x00007ffbd7ca6000 	C:\Users\papth\.vscode\extensions\redhat.java-1.33.0-win32-x64\jre\17.0.11-win32-x86_64\bin\nio.dll
0x00007ffc007d0000 - 0x00007ffc007e0000 	c:\Users\papth\.vscode\extensions\redhat.java-1.33.0-win32-x64\jre\17.0.11-win32-x86_64\bin\verify.dll
0x00007ffbd5760000 - 0x00007ffbd57a5000 	C:\Users\papth\AppData\Roaming\Code\User\globalStorage\redhat.java\1.33.0\config_ss_win\org.eclipse.equinox.launcher\org.eclipse.equinox.launcher.win32.win32.x86_64_1.2.1100.v20240722-2106\eclipse_11904.dll
0x00007ffc24d40000 - 0x00007ffc24ee5000 	C:\WINDOWS\System32\ole32.dll
0x00007ffc21bd0000 - 0x00007ffc21beb000 	C:\WINDOWS\SYSTEM32\CRYPTSP.dll
0x00007ffc212c0000 - 0x00007ffc212f5000 	C:\WINDOWS\system32\rsaenh.dll
0x00007ffc21860000 - 0x00007ffc21888000 	C:\WINDOWS\SYSTEM32\USERENV.dll
0x00007ffc219c0000 - 0x00007ffc219cc000 	C:\WINDOWS\SYSTEM32\CRYPTBASE.dll
0x00007ffc20dd0000 - 0x00007ffc20dfd000 	C:\WINDOWS\SYSTEM32\IPHLPAPI.DLL
0x00007ffc247e0000 - 0x00007ffc247e9000 	C:\WINDOWS\System32\NSI.dll
0x00007ffc1a520000 - 0x00007ffc1a539000 	C:\WINDOWS\SYSTEM32\dhcpcsvc6.DLL
0x00007ffc1a500000 - 0x00007ffc1a51f000 	C:\WINDOWS\SYSTEM32\dhcpcsvc.DLL
0x00007ffc20e40000 - 0x00007ffc20f38000 	C:\WINDOWS\SYSTEM32\DNSAPI.dll
0x00007ffbd7500000 - 0x00007ffbd7545000 	C:\Users\papth\AppData\Local\Temp\jna-106435411\jna12428114059372959034.dll
0x00007ffc24200000 - 0x00007ffc24208000 	C:\WINDOWS\System32\PSAPI.DLL

dbghelp: loaded successfully - version: 4.0.5 - missing functions: none
symbol engine: initialized successfully - sym options: 0x614 - pdb path: .;c:\Users\papth\.vscode\extensions\redhat.java-1.33.0-win32-x64\jre\17.0.11-win32-x86_64\bin;C:\WINDOWS\SYSTEM32;C:\WINDOWS\WinSxS\amd64_microsoft.windows.common-controls_6595b64144ccf1df_6.0.22621.3672_none_2713b9d173822955;c:\Users\papth\.vscode\extensions\redhat.java-1.33.0-win32-x64\jre\17.0.11-win32-x86_64\bin\server;C:\Users\papth\AppData\Roaming\Code\User\globalStorage\redhat.java\1.33.0\config_ss_win\org.eclipse.equinox.launcher\org.eclipse.equinox.launcher.win32.win32.x86_64_1.2.1100.v20240722-2106;C:\Users\papth\AppData\Local\Temp\jna-106435411

VM Arguments:
jvm_args: --add-modules=ALL-SYSTEM --add-opens=java.base/java.util=ALL-UNNAMED --add-opens=java.base/java.lang=ALL-UNNAMED --add-opens=java.base/sun.nio.fs=ALL-UNNAMED -Declipse.application=org.eclipse.jdt.ls.core.id1 -Dosgi.bundles.defaultStartLevel=4 -Declipse.product=org.eclipse.jdt.ls.core.product -Djava.import.generatesMetadataFilesAtProjectRoot=false -DDetectVMInstallationsJob.disabled=true -Dfile.encoding=utf8 -XX:+UseParallelGC -XX:GCTimeRatio=4 -XX:AdaptiveSizePolicyWeight=90 -Dsun.zip.disableMemoryMapping=true -Xmx1G -Xms100m -Xlog:disable -javaagent:c:\Users\papth\.vscode\extensions\redhat.java-1.33.0-win32-x64\lombok\lombok-1.18.33.jar 
java_command: c:\Users\papth\.vscode\extensions\redhat.java-1.33.0-win32-x64\server\plugins\org.eclipse.equinox.launcher_1.6.900.v20240613-2009.jar -configuration c:\Users\papth\AppData\Roaming\Code\User\globalStorage\redhat.java\1.33.0\config_ss_win -data c:\Users\papth\AppData\Roaming\Code\User\workspaceStorage\5c05168c5aa2c9692861d3fc907bc7d4\redhat.java\ss_ws --pipe=\\.\pipe\lsp-fbfb8c78a9e92176b2d0a0fd309dfee1-sock
java_class_path (initial): c:\Users\papth\.vscode\extensions\redhat.java-1.33.0-win32-x64\server\plugins\org.eclipse.equinox.launcher_1.6.900.v20240613-2009.jar
Launcher Type: SUN_STANDARD

[Global flags]
    uintx AdaptiveSizePolicyWeight                 = 90                                        {product} {command line}
     intx CICompilerCount                          = 4                                         {product} {ergonomic}
    uintx GCTimeRatio                              = 4                                         {product} {command line}
   size_t InitialHeapSize                          = 104857600                                 {product} {command line}
   size_t MaxHeapSize                              = 1073741824                                {product} {command line}
   size_t MaxNewSize                               = 357564416                                 {product} {ergonomic}
   size_t MinHeapDeltaBytes                        = 524288                                    {product} {ergonomic}
   size_t MinHeapSize                              = 104857600                                 {product} {command line}
   size_t NewSize                                  = 34603008                                  {product} {ergonomic}
    uintx NonNMethodCodeHeapSize                   = 5839372                                {pd product} {ergonomic}
    uintx NonProfiledCodeHeapSize                  = 122909434                              {pd product} {ergonomic}
   size_t OldSize                                  = 70254592                                  {product} {ergonomic}
    uintx ProfiledCodeHeapSize                     = 122909434                              {pd product} {ergonomic}
    uintx ReservedCodeCacheSize                    = 251658240                              {pd product} {ergonomic}
     bool SegmentedCodeCache                       = true                                      {product} {ergonomic}
   size_t SoftMaxHeapSize                          = 1073741824                             {manageable} {ergonomic}
     bool UseCompressedClassPointers               = true                           {product lp64_product} {ergonomic}
     bool UseCompressedOops                        = true                           {product lp64_product} {ergonomic}
     bool UseLargePagesIndividualAllocation        = false                                  {pd product} {ergonomic}
     bool UseParallelGC                            = true                                      {product} {command line}

Logging:
Log output configuration:
 #0: stdout all=off uptime,level,tags
 #1: stderr all=off uptime,level,tags

Environment Variables:
JAVA_HOME=C:\LAB-TOOLS\JDK\jdk-17.0.6
PATH=C:\Python311\Scripts\;C:\Python311\;C:\LAB-TOOLS\JDK\jdk-17.0.6\bin;C:\Program Files\Microsoft\jdk-11.0.12.7-hotspot\bin;C:\Program Files\AdoptOpenJDK\jdk-11.0.9.101-hotspot\bin;C:\Program Files (x86)\Common Files\Oracle\Java\javapath;C:\windows\system32;C:\windows;C:\windows\System32\Wbem;C:\windows\System32\WindowsPowerShell\v1.0\;C:\windows\System32\OpenSSH\;C:\Program Files (x86)\NVIDIA Corporation\PhysX\Common;C:\Program Files\NVIDIA Corporation\NVIDIA NvDLISR;C:\Program Files (x86)\Wolfram Research\WolframScript\;C:\WINDOWS\system32;C:\WINDOWS;C:\WINDOWS\System32\Wbem;C:\WINDOWS\System32\WindowsPowerShell\v1.0\;C:\WINDOWS\System32\OpenSSH\;C:\Program Files\MATLAB\R2020a\runtime\win64;C:\Program Files\MATLAB\R2020a\bin;C:\Program Files\OpenVPN\bin;C:\Program Files\Git\cmd;C:\Program Files\Git\usr\bin;C:\Program Files\Microsoft SQL Server\150\Tools\Binn\;C:\Program Files\dotnet\;C:\MinGW\mingw32\bin;C:\WINDOWS\system32;C:\WINDOWS;C:\WINDOWS\System32\Wbem;C:\WINDOWS\System32\WindowsPowerShell\v1.0\;C:\Program Files\nodejs;C:\ProgramData\chocolatey\bin;C:\Program Files\Docker\Docker\resources\bin;C:\WINDOWS\System32\OpenSSH\;C:\LAB-TOOLS\apache-maven-3.9.6-bin\apache-maven-3.9.6\bin;C:\Program Files\PowerShell\7-preview\preview;C:\Program Files\HP\HP One Agent;C:\Program Files\PowerShell\7\;C:\Users\papth\scoop\shims;C:\dev\flutter\bin;C:\Users\papth\AppData\Local\Microsoft\WindowsApps;C:\Users\papth\AppData\Local\GitHubDesktop\bin;C:\Users\papth\AppData\Local\Microsoft\WindowsApps;C:\Users\papth\AppData\Local\atom\bin;C:\Users\papth\.dotnet\tools;C:\Users\papth\AppData\Roaming\npm;C:\dev\android-sdk\platform-tools;C:\Program Files\nodejs;C:\Users\papth\AppData\Local\Programs\Microsoft VS Code\bin;C:\Users\papth\AppData\Roaming\Python\Python311\Scripts;C:\Users\papth\AppData\Local\Google\Cloud SDK\google-cloud-sdk\bin
USERNAME=papth
OS=Windows_NT
PROCESSOR_IDENTIFIER=Intel64 Family 6 Model 142 Stepping 12, GenuineIntel
TMP=C:\Users\papth\AppData\Local\Temp
TEMP=C:\Users\papth\AppData\Local\Temp



Periodic native trim disabled


---------------  S Y S T E M  ---------------

OS:
 Windows 11 , 64 bit Build 22621 (10.0.22621.3958)
OS uptime: 0 days 13:23 hours
Hyper-V role detected

CPU: total 8 (initial active 8) (4 cores per cpu, 2 threads per core) family 6 model 142 stepping 12 microcode 0xde, cx8, cmov, fxsr, ht, mmx, 3dnowpref, sse, sse2, sse3, ssse3, sse4.1, sse4.2, popcnt, lzcnt, tsc, tscinvbit, avx, avx2, aes, erms, clmul, bmi1, bmi2, adx, fma, vzeroupper, clflush, clflushopt, hv
Processor Information for all 8 processors :
  Max Mhz: 2304, Current Mhz: 1803, Mhz Limit: 1797

Memory: 4k page, system-wide physical 16187M (6300M free)
TotalPageFile size 16187M (AvailPageFile size 8M)
current process WorkingSet (physical memory assigned to process): 176M, peak: 176M
current process commit charge ("private bytes"): 267M, peak: 269M

vm_info: OpenJDK 64-Bit Server VM (17.0.11+9) for windows-amd64 JRE (17.0.11+9), built on Apr 17 2024 06:07:48 by "admin" with MS VC++ 16.10 / 16.11 (VS2019)

END.
