#
# There is insufficient memory for the Java Runtime Environment to continue.
# Native memory allocation (malloc) failed to allocate 1305536 bytes. Error detail: Chunk::new
# Possible reasons:
#   The system is out of physical RAM or swap space
#   This process is running with CompressedOops enabled, and the Java Heap may be blocking the growth of the native heap
# Possible solutions:
#   Reduce memory load on the system
#   Increase physical memory or swap space
#   Check if swap backing store is full
#   Decrease Java heap size (-Xmx/-Xms)
#   Decrease number of Java threads
#   Decrease Java thread stack sizes (-Xss)
#   Set larger code cache with -XX:ReservedCodeCacheSize=
#   JVM is running with Unscaled Compressed Oops mode in which the Java heap is
#     placed in the first 4GB address space. The Java Heap base address is the
#     maximum limit for the native heap growth. Please use -XX:HeapBaseMinAddress
#     to set the Java Heap base and to place the Java Heap above 4GB virtual address.
# This output file may be truncated or incomplete.
#
#  Out of Memory Error (arena.cpp:191), pid=11384, tid=19676
#
# JRE version: OpenJDK Runtime Environment Temurin-17.0.11+9 (17.0.11+9) (build 17.0.11+9)
# Java VM: OpenJDK 64-Bit Server VM Temurin-17.0.11+9 (17.0.11+9, mixed mode, tiered, compressed oops, compressed class ptrs, parallel gc, windows-amd64)
# No core dump will be written. Minidumps are not enabled by default on client versions of Windows
#

---------------  S U M M A R Y ------------

Command Line: --add-modules=ALL-SYSTEM --add-opens=java.base/java.util=ALL-UNNAMED --add-opens=java.base/java.lang=ALL-UNNAMED --add-opens=java.base/sun.nio.fs=ALL-UNNAMED -Declipse.application=org.eclipse.jdt.ls.core.id1 -Dosgi.bundles.defaultStartLevel=4 -Declipse.product=org.eclipse.jdt.ls.core.product -Djava.import.generatesMetadataFilesAtProjectRoot=false -DDetectVMInstallationsJob.disabled=true -Dfile.encoding=utf8 -XX:+UseParallelGC -XX:GCTimeRatio=4 -XX:AdaptiveSizePolicyWeight=90 -Dsun.zip.disableMemoryMapping=true -Xmx1G -Xms100m -Xlog:disable -javaagent:c:\Users\papth\.vscode\extensions\redhat.java-1.33.0-win32-x64\lombok\lombok-1.18.33.jar -XX:+HeapDumpOnOutOfMemoryError -XX:HeapDumpPath=c:\Users\papth\AppData\Roaming\Code\User\workspaceStorage\5c05168c5aa2c9692861d3fc907bc7d4\redhat.java -Daether.dependencyCollector.impl=bf c:\Users\papth\.vscode\extensions\redhat.java-1.33.0-win32-x64\server\plugins\org.eclipse.equinox.launcher_1.6.900.v20240613-2009.jar -configuration c:\Users\papth\AppData\Roaming\Code\User\globalStorage\redhat.java\1.33.0\config_win -data c:\Users\papth\AppData\Roaming\Code\User\workspaceStorage\5c05168c5aa2c9692861d3fc907bc7d4\redhat.java\jdt_ws --pipe=\\.\pipe\lsp-eedd4fe63b3c4aef9010a9a793a92dd1-sock

Host: Intel(R) Core(TM) i7-10510U CPU @ 1.80GHz, 8 cores, 15G,  Windows 11 , 64 bit Build 22621 (10.0.22621.3672)
Time: Fri Aug 16 03:58:57 2024  Windows 11 , 64 bit Build 22621 (10.0.22621.3672) elapsed time: 22.822510 seconds (0d 0h 0m 22s)

---------------  T H R E A D  ---------------

Current thread (0x0000012a742a6010):  JavaThread "C2 CompilerThread0" daemon [_thread_in_native, id=19676, stack(0x000000022cb00000,0x000000022cc00000)]


Current CompileTask:
C2:  22822 11117   !   4       org.eclipse.jdt.internal.core.search.indexing.BinaryIndexer::indexDocument (1157 bytes)

Stack: [0x000000022cb00000,0x000000022cc00000]
Native frames: (J=compiled Java code, j=interpreted, Vv=VM code, C=native code)
V  [jvm.dll+0x67d429]
V  [jvm.dll+0x834b7a]
V  [jvm.dll+0x83663e]
V  [jvm.dll+0x836ca3]
V  [jvm.dll+0x247dbf]
V  [jvm.dll+0xac534]
V  [jvm.dll+0xacb7c]
V  [jvm.dll+0x2af2cf]
V  [jvm.dll+0x5848b7]
V  [jvm.dll+0x222d82]
V  [jvm.dll+0x22317f]
V  [jvm.dll+0x21c2a0]
V  [jvm.dll+0x2197a1]
V  [jvm.dll+0x1a534d]
V  [jvm.dll+0x2295cd]
V  [jvm.dll+0x22779c]
V  [jvm.dll+0x7e9d07]
V  [jvm.dll+0x7e410a]
V  [jvm.dll+0x67c315]
C  [ucrtbase.dll+0x29333]
C  [KERNEL32.DLL+0x1257d]
C  [ntdll.dll+0x5af28]


---------------  P R O C E S S  ---------------

Threads class SMR info:
_java_thread_list=0x0000012a7809eb10, length=54, elements={
0x0000012a5b3052a0, 0x0000012a6f185020, 0x0000012a6f186190, 0x0000012a7426f420,
0x0000012a7426fdf0, 0x0000012a74270f60, 0x0000012a742a40c0, 0x0000012a742a6010,
0x0000012a742a90d0, 0x0000012a742bc950, 0x0000012a74365640, 0x0000012a7454f3a0,
0x0000012a75874870, 0x0000012a75dd8e90, 0x0000012a7588e710, 0x0000012a76607a50,
0x0000012a767af940, 0x0000012a765cad00, 0x0000012a765cb210, 0x0000012a765cbc30,
0x0000012a765ca2e0, 0x0000012a765cc140, 0x0000012a765c9dd0, 0x0000012a765cc650,
0x0000012a765ca7f0, 0x0000012a765c8ea0, 0x0000012a765c93b0, 0x0000012a77cdafa0,
0x0000012a77cdb4b0, 0x0000012a77cdd310, 0x0000012a77cdce00, 0x0000012a77cd9650,
0x0000012a77cdc8f0, 0x0000012a77cddd30, 0x0000012a77cda580, 0x0000012a77cdd820,
0x0000012a77cd9b60, 0x0000012a77cdf680, 0x0000012a77cde240, 0x0000012a77cde750,
0x0000012a77ce0fd0, 0x0000012a77cdb9c0, 0x0000012a77cdaa90, 0x0000012a77ce0ac0,
0x0000012a77cdec60, 0x0000012a77cdf170, 0x0000012a77ce05b0, 0x0000012a77ce00a0,
0x0000012a77cdc3e0, 0x0000012a77e75b70, 0x0000012a77e7a250, 0x0000012a77e76080,
0x0000012a77e73d10, 0x0000012a77e78900
}

Java Threads: ( => current thread )
  0x0000012a5b3052a0 JavaThread "main" [_thread_blocked, id=5308, stack(0x000000022c200000,0x000000022c300000)]
  0x0000012a6f185020 JavaThread "Reference Handler" daemon [_thread_blocked, id=9984, stack(0x000000022c500000,0x000000022c600000)]
  0x0000012a6f186190 JavaThread "Finalizer" daemon [_thread_blocked, id=4024, stack(0x000000022c600000,0x000000022c700000)]
  0x0000012a7426f420 JavaThread "Signal Dispatcher" daemon [_thread_blocked, id=22080, stack(0x000000022c700000,0x000000022c800000)]
  0x0000012a7426fdf0 JavaThread "Attach Listener" daemon [_thread_blocked, id=5488, stack(0x000000022c800000,0x000000022c900000)]
  0x0000012a74270f60 JavaThread "Service Thread" daemon [_thread_blocked, id=14448, stack(0x000000022c900000,0x000000022ca00000)]
  0x0000012a742a40c0 JavaThread "Monitor Deflation Thread" daemon [_thread_blocked, id=304, stack(0x000000022ca00000,0x000000022cb00000)]
=>0x0000012a742a6010 JavaThread "C2 CompilerThread0" daemon [_thread_in_native, id=19676, stack(0x000000022cb00000,0x000000022cc00000)]
  0x0000012a742a90d0 JavaThread "C1 CompilerThread0" daemon [_thread_blocked, id=17280, stack(0x000000022cc00000,0x000000022cd00000)]
  0x0000012a742bc950 JavaThread "Sweeper thread" daemon [_thread_blocked, id=8288, stack(0x000000022cd00000,0x000000022ce00000)]
  0x0000012a74365640 JavaThread "Common-Cleaner" daemon [_thread_blocked, id=13472, stack(0x000000022ce00000,0x000000022cf00000)]
  0x0000012a7454f3a0 JavaThread "Notification Thread" daemon [_thread_blocked, id=6416, stack(0x000000022cf00000,0x000000022d000000)]
  0x0000012a75874870 JavaThread "Active Thread: Equinox Container: f4bad00c-01b1-4010-9cbb-f01319fa6164" [_thread_blocked, id=17388, stack(0x000000022d900000,0x000000022da00000)]
  0x0000012a75dd8e90 JavaThread "Framework Event Dispatcher: Equinox Container: f4bad00c-01b1-4010-9cbb-f01319fa6164" daemon [_thread_blocked, id=21168, stack(0x000000022da00000,0x000000022db00000)]
  0x0000012a7588e710 JavaThread "Start Level: Equinox Container: f4bad00c-01b1-4010-9cbb-f01319fa6164" daemon [_thread_blocked, id=2060, stack(0x000000022db00000,0x000000022dc00000)]
  0x0000012a76607a50 JavaThread "Bundle File Closer" daemon [_thread_blocked, id=3192, stack(0x000000022dd00000,0x000000022de00000)]
  0x0000012a767af940 JavaThread "SCR Component Actor" daemon [_thread_blocked, id=12820, stack(0x000000022de00000,0x000000022df00000)]
  0x0000012a765cad00 JavaThread "Worker-JM" [_thread_blocked, id=18668, stack(0x000000022d200000,0x000000022d300000)]
  0x0000012a765cb210 JavaThread "JNA Cleaner" daemon [_thread_blocked, id=4204, stack(0x000000022e000000,0x000000022e100000)]
  0x0000012a765cbc30 JavaThread "Worker-0" [_thread_blocked, id=11936, stack(0x000000022e100000,0x000000022e200000)]
  0x0000012a765ca2e0 JavaThread "Worker-1" [_thread_blocked, id=7072, stack(0x000000022e200000,0x000000022e300000)]
  0x0000012a765cc140 JavaThread "Java indexing" daemon [_thread_blocked, id=16128, stack(0x000000022e400000,0x000000022e500000)]
  0x0000012a765c9dd0 JavaThread "Thread-2" daemon [_thread_in_native, id=19896, stack(0x000000022e500000,0x000000022e600000)]
  0x0000012a765cc650 JavaThread "Thread-3" daemon [_thread_in_native, id=22008, stack(0x000000022e600000,0x000000022e700000)]
  0x0000012a765ca7f0 JavaThread "Thread-4" daemon [_thread_in_native, id=5576, stack(0x000000022e700000,0x000000022e800000)]
  0x0000012a765c8ea0 JavaThread "Thread-5" daemon [_thread_in_native, id=3160, stack(0x000000022e800000,0x000000022e900000)]
  0x0000012a765c93b0 JavaThread "Thread-6" daemon [_thread_in_native, id=21188, stack(0x000000022e900000,0x000000022ea00000)]
  0x0000012a77cdafa0 JavaThread "Thread-7" daemon [_thread_in_native, id=15584, stack(0x000000022ea00000,0x000000022eb00000)]
  0x0000012a77cdb4b0 JavaThread "Thread-8" daemon [_thread_in_native, id=15792, stack(0x000000022eb00000,0x000000022ec00000)]
  0x0000012a77cdd310 JavaThread "Thread-9" daemon [_thread_in_native, id=10404, stack(0x000000022ec00000,0x000000022ed00000)]
  0x0000012a77cdce00 JavaThread "Thread-10" daemon [_thread_in_native, id=14556, stack(0x000000022ed00000,0x000000022ee00000)]
  0x0000012a77cd9650 JavaThread "pool-2-thread-1" [_thread_blocked, id=4016, stack(0x000000022ee00000,0x000000022ef00000)]
  0x0000012a77cdc8f0 JavaThread "WorkspaceEventsHandler" [_thread_blocked, id=18068, stack(0x000000022ef00000,0x000000022f000000)]
  0x0000012a77cddd30 JavaThread "pool-1-thread-1" [_thread_blocked, id=12424, stack(0x000000022f000000,0x000000022f100000)]
  0x0000012a77cda580 JavaThread "Worker-2: Java indexing... " [_thread_blocked, id=6448, stack(0x000000022f100000,0x000000022f200000)]
  0x0000012a77cdd820 JavaThread "Worker-3" [_thread_blocked, id=2884, stack(0x000000022f200000,0x000000022f300000)]
  0x0000012a77cd9b60 JavaThread "ForkJoinPool.commonPool-worker-1" daemon [_thread_blocked, id=5368, stack(0x000000022f300000,0x000000022f400000)]
  0x0000012a77cdf680 JavaThread "ForkJoinPool.commonPool-worker-2" daemon [_thread_blocked, id=15272, stack(0x000000022f400000,0x000000022f500000)]
  0x0000012a77cde240 JavaThread "ForkJoinPool.commonPool-worker-3" daemon [_thread_blocked, id=9840, stack(0x000000022f500000,0x000000022f600000)]
  0x0000012a77cde750 JavaThread "ForkJoinPool.commonPool-worker-4" daemon [_thread_blocked, id=18904, stack(0x000000022f600000,0x000000022f700000)]
  0x0000012a77ce0fd0 JavaThread "ForkJoinPool.commonPool-worker-5" daemon [_thread_blocked, id=22324, stack(0x000000022f700000,0x000000022f800000)]
  0x0000012a77cdb9c0 JavaThread "ForkJoinPool.commonPool-worker-6" daemon [_thread_blocked, id=13464, stack(0x000000022f800000,0x000000022f900000)]
  0x0000012a77cdaa90 JavaThread "ForkJoinPool.commonPool-worker-7" daemon [_thread_blocked, id=7492, stack(0x000000022f900000,0x000000022fa00000)]
  0x0000012a77ce0ac0 JavaThread "Compiler Source File Reader" daemon [_thread_blocked, id=9012, stack(0x000000022df00000,0x000000022e000000)]
  0x0000012a77cdec60 JavaThread "Compiler Source File Reader" daemon [_thread_blocked, id=11240, stack(0x000000022fa00000,0x000000022fb00000)]
  0x0000012a77cdf170 JavaThread "Compiler Source File Reader" daemon [_thread_blocked, id=9688, stack(0x000000022fb00000,0x000000022fc00000)]
  0x0000012a77ce05b0 JavaThread "Compiler Source File Reader" daemon [_thread_blocked, id=14240, stack(0x000000022fc00000,0x000000022fd00000)]
  0x0000012a77ce00a0 JavaThread "Compiler Source File Reader" daemon [_thread_blocked, id=1500, stack(0x000000022fd00000,0x000000022fe00000)]
  0x0000012a77cdc3e0 JavaThread "Compiler Source File Reader" daemon [_thread_blocked, id=6640, stack(0x000000022fe00000,0x000000022ff00000)]
  0x0000012a77e75b70 JavaThread "Worker-4" [_thread_blocked, id=14676, stack(0x000000022ff00000,0x0000000230000000)]
  0x0000012a77e7a250 JavaThread "Worker-5" [_thread_blocked, id=9836, stack(0x0000000230000000,0x0000000230100000)]
  0x0000012a77e76080 JavaThread "Compiler Processing Task" daemon [_thread_blocked, id=6528, stack(0x0000000230100000,0x0000000230200000)]
  0x0000012a77e73d10 JavaThread "Worker-6" [_thread_blocked, id=6680, stack(0x0000000230200000,0x0000000230300000)]
  0x0000012a77e78900 JavaThread "Worker-7" [_thread_blocked, id=11340, stack(0x0000000230300000,0x0000000230400000)]

Other Threads:
  0x0000012a5b3aea30 VMThread "VM Thread" [stack: 0x000000022c400000,0x000000022c500000] [id=4276]
  0x0000012a745d1020 WatcherThread [stack: 0x000000022d000000,0x000000022d100000] [id=21392]
  0x0000012a5b319570 GCTaskThread "GC Thread#0" [stack: 0x000000022c300000,0x000000022c400000] [id=19488]
  0x0000012a75a409c0 GCTaskThread "GC Thread#1" [stack: 0x000000022d300000,0x000000022d400000] [id=13984]
  0x0000012a75a4ec60 GCTaskThread "GC Thread#2" [stack: 0x000000022d400000,0x000000022d500000] [id=12468]
  0x0000012a75a4ef20 GCTaskThread "GC Thread#3" [stack: 0x000000022d500000,0x000000022d600000] [id=17928]
  0x0000012a75a4f1e0 GCTaskThread "GC Thread#4" [stack: 0x000000022d600000,0x000000022d700000] [id=1592]
  0x0000012a75a4f4a0 GCTaskThread "GC Thread#5" [stack: 0x000000022d700000,0x000000022d800000] [id=9076]
  0x0000012a75a4f760 GCTaskThread "GC Thread#6" [stack: 0x000000022d800000,0x000000022d900000] [id=2008]
  0x0000012a75fdaac0 GCTaskThread "GC Thread#7" [stack: 0x000000022dc00000,0x000000022dd00000] [id=21620]

Threads with active compile tasks:
C2 CompilerThread0    22884 11117   !   4       org.eclipse.jdt.internal.core.search.indexing.BinaryIndexer::indexDocument (1157 bytes)

VM state: at safepoint (normal execution)

VM Mutex/Monitor currently owned by a thread:  ([mutex/lock_event])
[0x0000012a5b300c70] Threads_lock - owner thread: 0x0000012a5b3aea30
[0x0000012a5b301840] Heap_lock - owner thread: 0x0000012a765cc140

Heap address: 0x00000000c0000000, size: 1024 MB, Compressed Oops mode: 32-bit

CDS archive(s) not mapped
Compressed class space mapped at: 0x0000000100000000-0x0000000140000000, reserved size: 1073741824
Narrow klass base: 0x0000000000000000, Narrow klass shift: 3, Narrow klass range: 0x140000000

GC Precious Log:
 CPUs: 8 total, 8 available
 Memory: 16187M
 Large Page Support: Disabled
 NUMA Support: Disabled
 Compressed Oops: Enabled (32-bit)
 Alignments: Space 512K, Generation 512K, Heap 2M
 Heap Min Capacity: 100M
 Heap Initial Capacity: 100M
 Heap Max Capacity: 1G
 Pre-touch: Disabled
 Parallel Workers: 8

Heap:
 PSYoungGen      total 16384K, used 12800K [0x00000000eab00000, 0x00000000ebf00000, 0x0000000100000000)
  eden space 12800K, 100% used [0x00000000eab00000,0x00000000eb780000,0x00000000eb780000)
  from space 3584K, 0% used [0x00000000eb780000,0x00000000eb780000,0x00000000ebb00000)
  to   space 3584K, 0% used [0x00000000ebb00000,0x00000000ebb00000,0x00000000ebe80000)
 ParOldGen       total 274432K, used 274378K [0x00000000c0000000, 0x00000000d0c00000, 0x00000000eab00000)
  object space 274432K, 99% used [0x00000000c0000000,0x00000000d0bf2998,0x00000000d0c00000)
 Metaspace       used 74000K, committed 75456K, reserved 1179648K
  class space    used 7836K, committed 8448K, reserved 1048576K

Card table byte_map: [0x0000012a5ac90000,0x0000012a5aea0000] _byte_map_base: 0x0000012a5a690000

Marking Bits: (ParMarkBitMap*) 0x00007ffc6c54d820
 Begin Bits: [0x0000012a6cf90000, 0x0000012a6df90000)
 End Bits:   [0x0000012a6df90000, 0x0000012a6ef90000)

Polling page: 0x0000012a59290000

Metaspace:

Usage:
  Non-class:     64.61 MB used.
      Class:      7.65 MB used.
       Both:     72.27 MB used.

Virtual space:
  Non-class space:      128.00 MB reserved,      65.44 MB ( 51%) committed,  2 nodes.
      Class space:        1.00 GB reserved,       8.25 MB ( <1%) committed,  1 nodes.
             Both:        1.12 GB reserved,      73.69 MB (  6%) committed. 

Chunk freelists:
   Non-Class:  13.80 MB
       Class:  7.78 MB
        Both:  21.58 MB

MaxMetaspaceSize: unlimited
CompressedClassSpaceSize: 1.00 GB
Initial GC threshold: 21.00 MB
Current GC threshold: 122.81 MB
CDS: off
MetaspaceReclaimPolicy: balanced
 - commit_granule_bytes: 65536.
 - commit_granule_words: 8192.
 - virtual_space_node_default_size: 8388608.
 - enlarge_chunks_in_place: 1.
 - new_chunks_are_fully_committed: 0.
 - uncommit_free_chunks: 1.
 - use_allocation_guard: 0.
 - handle_deallocations: 1.


Internal statistics:

num_allocs_failed_limit: 9.
num_arena_births: 966.
num_arena_deaths: 40.
num_vsnodes_births: 3.
num_vsnodes_deaths: 0.
num_space_committed: 1179.
num_space_uncommitted: 0.
num_chunks_returned_to_freelist: 59.
num_chunks_taken_from_freelist: 4102.
num_chunk_merges: 26.
num_chunk_splits: 2537.
num_chunks_enlarged: 1477.
num_inconsistent_stats: 0.

CodeHeap 'non-profiled nmethods': size=120000Kb used=5795Kb max_used=5795Kb free=114204Kb
 bounds [0x0000012a65a60000, 0x0000012a66010000, 0x0000012a6cf90000]
CodeHeap 'profiled nmethods': size=120000Kb used=17633Kb max_used=19559Kb free=102366Kb
 bounds [0x0000012a5df90000, 0x0000012a5f2b0000, 0x0000012a654c0000]
CodeHeap 'non-nmethods': size=5760Kb used=1390Kb max_used=1517Kb free=4369Kb
 bounds [0x0000012a654c0000, 0x0000012a65730000, 0x0000012a65a60000]
 total_blobs=9688 nmethods=8945 adapters=655
 compilation: enabled
              stopped_count=0, restarted_count=0
 full_count=0

Compilation events (20 events):
Event: 16.141 Thread 0x0000012a7b737170 11108       4       org.eclipse.jdt.internal.compiler.classfmt.MethodInfo::getArgumentNames (16 bytes)
Event: 16.142 Thread 0x0000012a742a6010 nmethod 11075 0x0000012a65fe9a90 code [0x0000012a65fea4e0, 0x0000012a65ff7d10]
Event: 16.144 Thread 0x0000012a7b737170 nmethod 11108 0x0000012a66000e10 code [0x0000012a66000fa0, 0x0000012a66001048]
Event: 16.160 Thread 0x0000012a742a6010 11109       4       org.eclipse.jdt.internal.core.search.indexing.AbstractIndexer::addFieldDeclaration (17 bytes)
Event: 16.161 Thread 0x0000012a7b737170 11110       4       org.eclipse.jdt.core.Flags::isStatic (11 bytes)
Event: 16.161 Thread 0x0000012a7b737170 nmethod 11110 0x0000012a66001110 code [0x0000012a66001280, 0x0000012a660012d8]
Event: 16.264 Thread 0x0000012a742a6010 nmethod 11109 0x0000012a66001410 code [0x0000012a660016a0, 0x0000012a66003950]
Event: 16.338 Thread 0x0000012a742a90d0 11111  s    1       org.eclipse.jdt.internal.core.search.processing.JobManager::getProcessingThread (5 bytes)
Event: 16.338 Thread 0x0000012a742a90d0 nmethod 11111 0x0000012a66004a90 code [0x0000012a66004c20, 0x0000012a66004d98]
Event: 16.424 Thread 0x0000012a742a6010 11112       4       org.eclipse.jdt.internal.compiler.classfmt.ClassFileReader::isNestedType (11 bytes)
Event: 16.424 Thread 0x0000012a742a6010 nmethod 11112 0x0000012a66004e10 code [0x0000012a66004f80, 0x0000012a66005018]
Event: 16.456 Thread 0x0000012a742a90d0 11113   !   3       org.eclipse.jdt.internal.core.search.indexing.BinaryIndexer::indexDocument (1157 bytes)
Event: 16.458 Thread 0x0000012a742a6010 11114       4       java.util.stream.ReferencePipeline$3::opWrapSink (10 bytes)
Event: 16.460 Thread 0x0000012a742a6010 nmethod 11114 0x0000012a66005110 code [0x0000012a660052a0, 0x0000012a66005418]
Event: 16.466 Thread 0x0000012a742a90d0 nmethod 11113 0x0000012a5ed58510 code [0x0000012a5ed58d80, 0x0000012a5ed5e138]
Event: 16.480 Thread 0x0000012a742a6010 11115       4       org.eclipse.jdt.internal.compiler.parser.Scanner::internalScanIdentifierOrKeyword (4921 bytes)
Event: 16.606 Thread 0x0000012a742a6010 nmethod 11115 0x0000012a66005590 code [0x0000012a66005960, 0x0000012a66008088]
Event: 16.641 Thread 0x0000012a742a90d0 11116       3       java.util.LinkedList::get (14 bytes)
Event: 16.641 Thread 0x0000012a742a90d0 nmethod 11116 0x0000012a5ea04e90 code [0x0000012a5ea05060, 0x0000012a5ea05448]
Event: 17.346 Thread 0x0000012a742a6010 11117   !   4       org.eclipse.jdt.internal.core.search.indexing.BinaryIndexer::indexDocument (1157 bytes)

GC Heap History (20 events):
Event: 21.460 GC heap before
{Heap before GC invocations=280 (full 43):
 PSYoungGen      total 16384K, used 12799K [0x00000000eab00000, 0x00000000ebf00000, 0x0000000100000000)
  eden space 12800K, 99% used [0x00000000eab00000,0x00000000eb77fff8,0x00000000eb780000)
  from space 3584K, 0% used [0x00000000eb780000,0x00000000eb780000,0x00000000ebb00000)
  to   space 3584K, 0% used [0x00000000ebb00000,0x00000000ebb00000,0x00000000ebe80000)
 ParOldGen       total 273920K, used 273831K [0x00000000c0000000, 0x00000000d0b80000, 0x00000000eab00000)
  object space 273920K, 99% used [0x00000000c0000000,0x00000000d0b69fe0,0x00000000d0b80000)
 Metaspace       used 74000K, committed 75456K, reserved 1179648K
  class space    used 7836K, committed 8448K, reserved 1048576K
}
Event: 21.574 GC heap after
{Heap after GC invocations=280 (full 43):
 PSYoungGen      total 16384K, used 12771K [0x00000000eab00000, 0x00000000ebf00000, 0x0000000100000000)
  eden space 12800K, 99% used [0x00000000eab00000,0x00000000eb778dc8,0x00000000eb780000)
  from space 3584K, 0% used [0x00000000ebb00000,0x00000000ebb00000,0x00000000ebe80000)
  to   space 3584K, 0% used [0x00000000eb780000,0x00000000eb780000,0x00000000ebb00000)
 ParOldGen       total 273920K, used 273753K [0x00000000c0000000, 0x00000000d0b80000, 0x00000000eab00000)
  object space 273920K, 99% used [0x00000000c0000000,0x00000000d0b566b0,0x00000000d0b80000)
 Metaspace       used 74000K, committed 75456K, reserved 1179648K
  class space    used 7836K, committed 8448K, reserved 1048576K
}
Event: 21.574 GC heap before
{Heap before GC invocations=281 (full 44):
 PSYoungGen      total 16384K, used 12774K [0x00000000eab00000, 0x00000000ebf00000, 0x0000000100000000)
  eden space 12800K, 99% used [0x00000000eab00000,0x00000000eb779838,0x00000000eb780000)
  from space 3584K, 0% used [0x00000000ebb00000,0x00000000ebb00000,0x00000000ebe80000)
  to   space 3584K, 0% used [0x00000000eb780000,0x00000000eb780000,0x00000000ebb00000)
 ParOldGen       total 273920K, used 273753K [0x00000000c0000000, 0x00000000d0b80000, 0x00000000eab00000)
  object space 273920K, 99% used [0x00000000c0000000,0x00000000d0b566b0,0x00000000d0b80000)
 Metaspace       used 74000K, committed 75456K, reserved 1179648K
  class space    used 7836K, committed 8448K, reserved 1048576K
}
Event: 21.688 GC heap after
{Heap after GC invocations=281 (full 44):
 PSYoungGen      total 16384K, used 12771K [0x00000000eab00000, 0x00000000ebf00000, 0x0000000100000000)
  eden space 12800K, 99% used [0x00000000eab00000,0x00000000eb778ed8,0x00000000eb780000)
  from space 3584K, 0% used [0x00000000eb780000,0x00000000eb780000,0x00000000ebb00000)
  to   space 3584K, 0% used [0x00000000ebb00000,0x00000000ebb00000,0x00000000ebe80000)
 ParOldGen       total 273920K, used 273753K [0x00000000c0000000, 0x00000000d0b80000, 0x00000000eab00000)
  object space 273920K, 99% used [0x00000000c0000000,0x00000000d0b56668,0x00000000d0b80000)
 Metaspace       used 74000K, committed 75456K, reserved 1179648K
  class space    used 7836K, committed 8448K, reserved 1048576K
}
Event: 21.688 GC heap before
{Heap before GC invocations=282 (full 45):
 PSYoungGen      total 16384K, used 12799K [0x00000000eab00000, 0x00000000ebf00000, 0x0000000100000000)
  eden space 12800K, 99% used [0x00000000eab00000,0x00000000eb77fff8,0x00000000eb780000)
  from space 3584K, 0% used [0x00000000eb780000,0x00000000eb780000,0x00000000ebb00000)
  to   space 3584K, 0% used [0x00000000ebb00000,0x00000000ebb00000,0x00000000ebe80000)
 ParOldGen       total 273920K, used 273903K [0x00000000c0000000, 0x00000000d0b80000, 0x00000000eab00000)
  object space 273920K, 99% used [0x00000000c0000000,0x00000000d0b7be98,0x00000000d0b80000)
 Metaspace       used 74000K, committed 75456K, reserved 1179648K
  class space    used 7836K, committed 8448K, reserved 1048576K
}
Event: 21.819 GC heap after
{Heap after GC invocations=282 (full 45):
 PSYoungGen      total 16384K, used 12772K [0x00000000eab00000, 0x00000000ebf00000, 0x0000000100000000)
  eden space 12800K, 99% used [0x00000000eab00000,0x00000000eb779390,0x00000000eb780000)
  from space 3584K, 0% used [0x00000000ebb00000,0x00000000ebb00000,0x00000000ebe80000)
  to   space 3584K, 0% used [0x00000000eb780000,0x00000000eb780000,0x00000000ebb00000)
 ParOldGen       total 273920K, used 273827K [0x00000000c0000000, 0x00000000d0b80000, 0x00000000eab00000)
  object space 273920K, 99% used [0x00000000c0000000,0x00000000d0b68e60,0x00000000d0b80000)
 Metaspace       used 74000K, committed 75456K, reserved 1179648K
  class space    used 7836K, committed 8448K, reserved 1048576K
}
Event: 21.820 GC heap before
{Heap before GC invocations=283 (full 46):
 PSYoungGen      total 16384K, used 12775K [0x00000000eab00000, 0x00000000ebf00000, 0x0000000100000000)
  eden space 12800K, 99% used [0x00000000eab00000,0x00000000eb779e08,0x00000000eb780000)
  from space 3584K, 0% used [0x00000000ebb00000,0x00000000ebb00000,0x00000000ebe80000)
  to   space 3584K, 0% used [0x00000000eb780000,0x00000000eb780000,0x00000000ebb00000)
 ParOldGen       total 273920K, used 273827K [0x00000000c0000000, 0x00000000d0b80000, 0x00000000eab00000)
  object space 273920K, 99% used [0x00000000c0000000,0x00000000d0b68e60,0x00000000d0b80000)
 Metaspace       used 74000K, committed 75456K, reserved 1179648K
  class space    used 7836K, committed 8448K, reserved 1048576K
}
Event: 21.960 GC heap after
{Heap after GC invocations=283 (full 46):
 PSYoungGen      total 16384K, used 12773K [0x00000000eab00000, 0x00000000ebf00000, 0x0000000100000000)
  eden space 12800K, 99% used [0x00000000eab00000,0x00000000eb779518,0x00000000eb780000)
  from space 3584K, 0% used [0x00000000eb780000,0x00000000eb780000,0x00000000ebb00000)
  to   space 3584K, 0% used [0x00000000ebb00000,0x00000000ebb00000,0x00000000ebe80000)
 ParOldGen       total 273920K, used 273827K [0x00000000c0000000, 0x00000000d0b80000, 0x00000000eab00000)
  object space 273920K, 99% used [0x00000000c0000000,0x00000000d0b68df0,0x00000000d0b80000)
 Metaspace       used 74000K, committed 75456K, reserved 1179648K
  class space    used 7836K, committed 8448K, reserved 1048576K
}
Event: 21.961 GC heap before
{Heap before GC invocations=284 (full 47):
 PSYoungGen      total 16384K, used 12800K [0x00000000eab00000, 0x00000000ebf00000, 0x0000000100000000)
  eden space 12800K, 100% used [0x00000000eab00000,0x00000000eb780000,0x00000000eb780000)
  from space 3584K, 0% used [0x00000000eb780000,0x00000000eb780000,0x00000000ebb00000)
  to   space 3584K, 0% used [0x00000000ebb00000,0x00000000ebb00000,0x00000000ebe80000)
 ParOldGen       total 274432K, used 274162K [0x00000000c0000000, 0x00000000d0c00000, 0x00000000eab00000)
  object space 274432K, 99% used [0x00000000c0000000,0x00000000d0bbcb68,0x00000000d0c00000)
 Metaspace       used 74000K, committed 75456K, reserved 1179648K
  class space    used 7836K, committed 8448K, reserved 1048576K
}
Event: 22.081 GC heap after
{Heap after GC invocations=284 (full 47):
 PSYoungGen      total 16384K, used 12776K [0x00000000eab00000, 0x00000000ebf00000, 0x0000000100000000)
  eden space 12800K, 99% used [0x00000000eab00000,0x00000000eb77a0b8,0x00000000eb780000)
  from space 3584K, 0% used [0x00000000ebb00000,0x00000000ebb00000,0x00000000ebe80000)
  to   space 3584K, 0% used [0x00000000eb780000,0x00000000eb780000,0x00000000ebb00000)
 ParOldGen       total 274432K, used 273990K [0x00000000c0000000, 0x00000000d0c00000, 0x00000000eab00000)
  object space 274432K, 99% used [0x00000000c0000000,0x00000000d0b91b38,0x00000000d0c00000)
 Metaspace       used 74000K, committed 75456K, reserved 1179648K
  class space    used 7836K, committed 8448K, reserved 1048576K
}
Event: 22.082 GC heap before
{Heap before GC invocations=285 (full 48):
 PSYoungGen      total 16384K, used 12783K [0x00000000eab00000, 0x00000000ebf00000, 0x0000000100000000)
  eden space 12800K, 99% used [0x00000000eab00000,0x00000000eb77bc40,0x00000000eb780000)
  from space 3584K, 0% used [0x00000000ebb00000,0x00000000ebb00000,0x00000000ebe80000)
  to   space 3584K, 0% used [0x00000000eb780000,0x00000000eb780000,0x00000000ebb00000)
 ParOldGen       total 274432K, used 273990K [0x00000000c0000000, 0x00000000d0c00000, 0x00000000eab00000)
  object space 274432K, 99% used [0x00000000c0000000,0x00000000d0b91b38,0x00000000d0c00000)
 Metaspace       used 74000K, committed 75456K, reserved 1179648K
  class space    used 7836K, committed 8448K, reserved 1048576K
}
Event: 22.202 GC heap after
{Heap after GC invocations=285 (full 48):
 PSYoungGen      total 16384K, used 12777K [0x00000000eab00000, 0x00000000ebf00000, 0x0000000100000000)
  eden space 12800K, 99% used [0x00000000eab00000,0x00000000eb77a418,0x00000000eb780000)
  from space 3584K, 0% used [0x00000000eb780000,0x00000000eb780000,0x00000000ebb00000)
  to   space 3584K, 0% used [0x00000000ebb00000,0x00000000ebb00000,0x00000000ebe80000)
 ParOldGen       total 274432K, used 273976K [0x00000000c0000000, 0x00000000d0c00000, 0x00000000eab00000)
  object space 274432K, 99% used [0x00000000c0000000,0x00000000d0b8e2e8,0x00000000d0c00000)
 Metaspace       used 74000K, committed 75456K, reserved 1179648K
  class space    used 7836K, committed 8448K, reserved 1048576K
}
Event: 22.204 GC heap before
{Heap before GC invocations=286 (full 49):
 PSYoungGen      total 16384K, used 12800K [0x00000000eab00000, 0x00000000ebf00000, 0x0000000100000000)
  eden space 12800K, 100% used [0x00000000eab00000,0x00000000eb780000,0x00000000eb780000)
  from space 3584K, 0% used [0x00000000eb780000,0x00000000eb780000,0x00000000ebb00000)
  to   space 3584K, 0% used [0x00000000ebb00000,0x00000000ebb00000,0x00000000ebe80000)
 ParOldGen       total 274432K, used 274294K [0x00000000c0000000, 0x00000000d0c00000, 0x00000000eab00000)
  object space 274432K, 99% used [0x00000000c0000000,0x00000000d0bdd8a8,0x00000000d0c00000)
 Metaspace       used 74000K, committed 75456K, reserved 1179648K
  class space    used 7836K, committed 8448K, reserved 1048576K
}
Event: 22.332 GC heap after
{Heap after GC invocations=286 (full 49):
 PSYoungGen      total 16384K, used 12779K [0x00000000eab00000, 0x00000000ebf00000, 0x0000000100000000)
  eden space 12800K, 99% used [0x00000000eab00000,0x00000000eb77ae00,0x00000000eb780000)
  from space 3584K, 0% used [0x00000000ebb00000,0x00000000ebb00000,0x00000000ebe80000)
  to   space 3584K, 0% used [0x00000000eb780000,0x00000000eb780000,0x00000000ebb00000)
 ParOldGen       total 274432K, used 274131K [0x00000000c0000000, 0x00000000d0c00000, 0x00000000eab00000)
  object space 274432K, 99% used [0x00000000c0000000,0x00000000d0bb4d18,0x00000000d0c00000)
 Metaspace       used 74000K, committed 75456K, reserved 1179648K
  class space    used 7836K, committed 8448K, reserved 1048576K
}
Event: 22.369 GC heap before
{Heap before GC invocations=287 (full 50):
 PSYoungGen      total 16384K, used 12787K [0x00000000eab00000, 0x00000000ebf00000, 0x0000000100000000)
  eden space 12800K, 99% used [0x00000000eab00000,0x00000000eb77ccc8,0x00000000eb780000)
  from space 3584K, 0% used [0x00000000ebb00000,0x00000000ebb00000,0x00000000ebe80000)
  to   space 3584K, 0% used [0x00000000eb780000,0x00000000eb780000,0x00000000ebb00000)
 ParOldGen       total 274432K, used 274131K [0x00000000c0000000, 0x00000000d0c00000, 0x00000000eab00000)
  object space 274432K, 99% used [0x00000000c0000000,0x00000000d0bb4d18,0x00000000d0c00000)
 Metaspace       used 74000K, committed 75456K, reserved 1179648K
  class space    used 7836K, committed 8448K, reserved 1048576K
}
Event: 22.517 GC heap after
{Heap after GC invocations=287 (full 50):
 PSYoungGen      total 16384K, used 12780K [0x00000000eab00000, 0x00000000ebf00000, 0x0000000100000000)
  eden space 12800K, 99% used [0x00000000eab00000,0x00000000eb77b228,0x00000000eb780000)
  from space 3584K, 0% used [0x00000000eb780000,0x00000000eb780000,0x00000000ebb00000)
  to   space 3584K, 0% used [0x00000000ebb00000,0x00000000ebb00000,0x00000000ebe80000)
 ParOldGen       total 274432K, used 274116K [0x00000000c0000000, 0x00000000d0c00000, 0x00000000eab00000)
  object space 274432K, 99% used [0x00000000c0000000,0x00000000d0bb13d0,0x00000000d0c00000)
 Metaspace       used 74000K, committed 75456K, reserved 1179648K
  class space    used 7836K, committed 8448K, reserved 1048576K
}
Event: 22.520 GC heap before
{Heap before GC invocations=288 (full 51):
 PSYoungGen      total 16384K, used 12800K [0x00000000eab00000, 0x00000000ebf00000, 0x0000000100000000)
  eden space 12800K, 100% used [0x00000000eab00000,0x00000000eb780000,0x00000000eb780000)
  from space 3584K, 0% used [0x00000000eb780000,0x00000000eb780000,0x00000000ebb00000)
  to   space 3584K, 0% used [0x00000000ebb00000,0x00000000ebb00000,0x00000000ebe80000)
 ParOldGen       total 274432K, used 274284K [0x00000000c0000000, 0x00000000d0c00000, 0x00000000eab00000)
  object space 274432K, 99% used [0x00000000c0000000,0x00000000d0bdb368,0x00000000d0c00000)
 Metaspace       used 74000K, committed 75456K, reserved 1179648K
  class space    used 7836K, committed 8448K, reserved 1048576K
}
Event: 22.672 GC heap after
{Heap after GC invocations=288 (full 51):
 PSYoungGen      total 16384K, used 12781K [0x00000000eab00000, 0x00000000ebf00000, 0x0000000100000000)
  eden space 12800K, 99% used [0x00000000eab00000,0x00000000eb77b690,0x00000000eb780000)
  from space 3584K, 0% used [0x00000000ebb00000,0x00000000ebb00000,0x00000000ebe80000)
  to   space 3584K, 0% used [0x00000000eb780000,0x00000000eb780000,0x00000000ebb00000)
 ParOldGen       total 274432K, used 274193K [0x00000000c0000000, 0x00000000d0c00000, 0x00000000eab00000)
  object space 274432K, 99% used [0x00000000c0000000,0x00000000d0bc4690,0x00000000d0c00000)
 Metaspace       used 74000K, committed 75456K, reserved 1179648K
  class space    used 7836K, committed 8448K, reserved 1048576K
}
Event: 22.673 GC heap before
{Heap before GC invocations=289 (full 52):
 PSYoungGen      total 16384K, used 12784K [0x00000000eab00000, 0x00000000ebf00000, 0x0000000100000000)
  eden space 12800K, 99% used [0x00000000eab00000,0x00000000eb77c278,0x00000000eb780000)
  from space 3584K, 0% used [0x00000000ebb00000,0x00000000ebb00000,0x00000000ebe80000)
  to   space 3584K, 0% used [0x00000000eb780000,0x00000000eb780000,0x00000000ebb00000)
 ParOldGen       total 274432K, used 274193K [0x00000000c0000000, 0x00000000d0c00000, 0x00000000eab00000)
  object space 274432K, 99% used [0x00000000c0000000,0x00000000d0bc4690,0x00000000d0c00000)
 Metaspace       used 74000K, committed 75456K, reserved 1179648K
  class space    used 7836K, committed 8448K, reserved 1048576K
}
Event: 22.812 GC heap after
{Heap after GC invocations=289 (full 52):
 PSYoungGen      total 16384K, used 12781K [0x00000000eab00000, 0x00000000ebf00000, 0x0000000100000000)
  eden space 12800K, 99% used [0x00000000eab00000,0x00000000eb77b7a0,0x00000000eb780000)
  from space 3584K, 0% used [0x00000000eb780000,0x00000000eb780000,0x00000000ebb00000)
  to   space 3584K, 0% used [0x00000000ebb00000,0x00000000ebb00000,0x00000000ebe80000)
 ParOldGen       total 274432K, used 274193K [0x00000000c0000000, 0x00000000d0c00000, 0x00000000eab00000)
  object space 274432K, 99% used [0x00000000c0000000,0x00000000d0bc4648,0x00000000d0c00000)
 Metaspace       used 74000K, committed 75456K, reserved 1179648K
  class space    used 7836K, committed 8448K, reserved 1048576K
}

Dll operation events (10 events):
Event: 0.009 Loaded shared library c:\Users\papth\.vscode\extensions\redhat.java-1.33.0-win32-x64\jre\17.0.11-win32-x86_64\bin\java.dll
Event: 0.119 Loaded shared library c:\Users\papth\.vscode\extensions\redhat.java-1.33.0-win32-x64\jre\17.0.11-win32-x86_64\bin\zip.dll
Event: 0.122 Loaded shared library C:\Users\papth\.vscode\extensions\redhat.java-1.33.0-win32-x64\jre\17.0.11-win32-x86_64\bin\instrument.dll
Event: 0.146 Loaded shared library C:\Users\papth\.vscode\extensions\redhat.java-1.33.0-win32-x64\jre\17.0.11-win32-x86_64\bin\net.dll
Event: 0.148 Loaded shared library C:\Users\papth\.vscode\extensions\redhat.java-1.33.0-win32-x64\jre\17.0.11-win32-x86_64\bin\nio.dll
Event: 0.156 Loaded shared library C:\Users\papth\.vscode\extensions\redhat.java-1.33.0-win32-x64\jre\17.0.11-win32-x86_64\bin\zip.dll
Event: 0.171 Loaded shared library C:\Users\papth\.vscode\extensions\redhat.java-1.33.0-win32-x64\jre\17.0.11-win32-x86_64\bin\jimage.dll
Event: 0.223 Loaded shared library c:\Users\papth\.vscode\extensions\redhat.java-1.33.0-win32-x64\jre\17.0.11-win32-x86_64\bin\verify.dll
Event: 1.032 Loaded shared library C:\Users\papth\AppData\Roaming\Code\User\globalStorage\redhat.java\1.33.0\config_win\org.eclipse.equinox.launcher\org.eclipse.equinox.launcher.win32.win32.x86_64_1.2.1100.v20240722-2106\eclipse_11904.dll
Event: 2.229 Loaded shared library C:\Users\papth\AppData\Local\Temp\jna-106435411\jna15163030058068776468.dll

Deoptimization events (20 events):
Event: 15.484 Thread 0x0000012a765cc140 DEOPT PACKING pc=0x0000012a5f2a0958 sp=0x000000022e4fee10
Event: 15.485 Thread 0x0000012a765cc140 DEOPT UNPACKING pc=0x0000012a65516e43 sp=0x000000022e4fe3f8 mode 0
Event: 15.644 Thread 0x0000012a765cc140 Uncommon trap: trap_request=0xffffffc6 fr.pc=0x0000012a65edc7c0 relative=0x0000000000001100
Event: 15.644 Thread 0x0000012a765cc140 Uncommon trap: reason=bimorphic_or_optimized_type_check action=maybe_recompile pc=0x0000012a65edc7c0 method=java.util.concurrent.ConcurrentHashMap.computeIfAbsent(Ljava/lang/Object;Ljava/util/function/Function;)Ljava/lang/Object; @ 323 c2
Event: 15.644 Thread 0x0000012a765cc140 DEOPT PACKING pc=0x0000012a65edc7c0 sp=0x000000022e4ff0d0
Event: 15.644 Thread 0x0000012a765cc140 DEOPT UNPACKING pc=0x0000012a655166a3 sp=0x000000022e4ff050 mode 2
Event: 15.659 Thread 0x0000012a765cc140 Uncommon trap: trap_request=0xffffffc6 fr.pc=0x0000012a65edc7c0 relative=0x0000000000001100
Event: 15.659 Thread 0x0000012a765cc140 Uncommon trap: reason=bimorphic_or_optimized_type_check action=maybe_recompile pc=0x0000012a65edc7c0 method=java.util.concurrent.ConcurrentHashMap.computeIfAbsent(Ljava/lang/Object;Ljava/util/function/Function;)Ljava/lang/Object; @ 323 c2
Event: 15.659 Thread 0x0000012a765cc140 DEOPT PACKING pc=0x0000012a65edc7c0 sp=0x000000022e4ff0d0
Event: 15.659 Thread 0x0000012a765cc140 DEOPT UNPACKING pc=0x0000012a655166a3 sp=0x000000022e4ff050 mode 2
Event: 16.096 Thread 0x0000012a765cc140 DEOPT PACKING pc=0x0000012a5f2a08c0 sp=0x000000022e4fee10
Event: 16.096 Thread 0x0000012a765cc140 DEOPT UNPACKING pc=0x0000012a65516e43 sp=0x000000022e4fe3f8 mode 0
Event: 16.441 Thread 0x0000012a765cc140 Uncommon trap: trap_request=0xffffff45 fr.pc=0x0000012a65fef514 relative=0x0000000000005034
Event: 16.441 Thread 0x0000012a765cc140 Uncommon trap: reason=unstable_if action=reinterpret pc=0x0000012a65fef514 method=org.eclipse.jdt.internal.core.search.indexing.BinaryIndexer.indexDocument()V @ 315 c2
Event: 16.441 Thread 0x0000012a765cc140 DEOPT PACKING pc=0x0000012a65fef514 sp=0x000000022e4fef70
Event: 16.441 Thread 0x0000012a765cc140 DEOPT UNPACKING pc=0x0000012a655166a3 sp=0x000000022e4fef10 mode 2
Event: 16.543 Thread 0x0000012a765cc140 DEOPT PACKING pc=0x0000012a5ed5d6f8 sp=0x000000022e4fee00
Event: 16.543 Thread 0x0000012a765cc140 DEOPT UNPACKING pc=0x0000012a65516e43 sp=0x000000022e4fe3f8 mode 0
Event: 16.706 Thread 0x0000012a765cc140 DEOPT PACKING pc=0x0000012a5ed5d6f8 sp=0x000000022e4fee00
Event: 16.706 Thread 0x0000012a765cc140 DEOPT UNPACKING pc=0x0000012a65516e43 sp=0x000000022e4fe3f8 mode 0

Classes unloaded (20 events):
Event: 3.491 Thread 0x0000012a5b3aea30 Unloading class 0x0000000100250800 'java/lang/invoke/LambdaForm$MH+0x0000000100250800'
Event: 3.491 Thread 0x0000012a5b3aea30 Unloading class 0x0000000100250400 'java/lang/invoke/LambdaForm$MH+0x0000000100250400'
Event: 3.491 Thread 0x0000012a5b3aea30 Unloading class 0x0000000100250000 'java/lang/invoke/LambdaForm$MH+0x0000000100250000'
Event: 3.491 Thread 0x0000012a5b3aea30 Unloading class 0x000000010024fc00 'java/lang/invoke/LambdaForm$MH+0x000000010024fc00'
Event: 3.491 Thread 0x0000012a5b3aea30 Unloading class 0x000000010024f800 'java/lang/invoke/LambdaForm$BMH+0x000000010024f800'
Event: 3.491 Thread 0x0000012a5b3aea30 Unloading class 0x000000010024f400 'java/lang/invoke/LambdaForm$DMH+0x000000010024f400'
Event: 3.491 Thread 0x0000012a5b3aea30 Unloading class 0x000000010024c800 'java/lang/invoke/LambdaForm$DMH+0x000000010024c800'
Event: 7.074 Thread 0x0000012a5b3aea30 Unloading class 0x000000010061cc00 'jdk/internal/reflect/GeneratedSerializationConstructorAccessor35'
Event: 7.074 Thread 0x0000012a5b3aea30 Unloading class 0x000000010061c800 'jdk/internal/reflect/GeneratedSerializationConstructorAccessor34'
Event: 7.074 Thread 0x0000012a5b3aea30 Unloading class 0x000000010061c400 'jdk/internal/reflect/GeneratedSerializationConstructorAccessor33'
Event: 7.074 Thread 0x0000012a5b3aea30 Unloading class 0x000000010061c000 'jdk/internal/reflect/GeneratedSerializationConstructorAccessor32'
Event: 7.074 Thread 0x0000012a5b3aea30 Unloading class 0x000000010061bc00 'jdk/internal/reflect/GeneratedSerializationConstructorAccessor31'
Event: 7.074 Thread 0x0000012a5b3aea30 Unloading class 0x000000010061b800 'jdk/internal/reflect/GeneratedSerializationConstructorAccessor30'
Event: 7.074 Thread 0x0000012a5b3aea30 Unloading class 0x000000010061a800 'jdk/internal/reflect/GeneratedSerializationConstructorAccessor27'
Event: 7.074 Thread 0x0000012a5b3aea30 Unloading class 0x000000010061b400 'jdk/internal/reflect/GeneratedSerializationConstructorAccessor26'
Event: 7.074 Thread 0x0000012a5b3aea30 Unloading class 0x00000001005f6400 'java/lang/invoke/LambdaForm$DMH+0x00000001005f6400'
Event: 7.074 Thread 0x0000012a5b3aea30 Unloading class 0x00000001005f5c00 'java/lang/invoke/LambdaForm$DMH+0x00000001005f5c00'
Event: 7.074 Thread 0x0000012a5b3aea30 Unloading class 0x00000001005f6000 'java/lang/invoke/LambdaForm$DMH+0x00000001005f6000'
Event: 11.684 Thread 0x0000012a5b3aea30 Unloading class 0x00000001007c5000 'java/lang/invoke/LambdaForm$MH+0x00000001007c5000'
Event: 11.684 Thread 0x0000012a5b3aea30 Unloading class 0x00000001007c4800 'java/lang/invoke/LambdaForm$DMH+0x00000001007c4800'

Classes redefined (0 events):
No events

Internal exceptions (20 events):
Event: 11.833 Thread 0x0000012a77cdb9c0 Exception <a 'sun/nio/fs/WindowsException'{0x00000000eb488678}> (0x00000000eb488678) 
thrown [s\src\hotspot\share\prims\jni.cpp, line 516]
Event: 11.833 Thread 0x0000012a77cdb9c0 Exception <a 'sun/nio/fs/WindowsException'{0x00000000eb4b4cd8}> (0x00000000eb4b4cd8) 
thrown [s\src\hotspot\share\prims\jni.cpp, line 516]
Event: 11.885 Thread 0x0000012a77e75b70 Exception <a 'java/lang/NoSuchMethodError'{0x00000000eb417a50}: 'java.lang.Object java.lang.invoke.DirectMethodHandle$Holder.newInvokeSpecial(java.lang.Object, java.lang.Object, int, java.lang.Object, java.lang.Object)'> (0x00000000eb417a50) 
thrown [s\src\hotspot\share\interpreter\linkResolver.cpp, line 759]
Event: 11.891 Thread 0x0000012a77e75b70 Exception <a 'java/lang/NoSuchMethodError'{0x00000000eb5883d8}: 'java.lang.Object java.lang.invoke.DirectMethodHandle$Holder.invokeSpecial(java.lang.Object, java.lang.Object, java.lang.Object, int, java.lang.Object, java.lang.Object, java.lang.Object)'> (0x00000000eb5883d8) 
thrown [s\src\hotspot\share\interpreter\linkResolver.cpp, line 759]
Event: 11.894 Thread 0x0000012a77e75b70 Exception <a 'java/lang/NoSuchMethodError'{0x00000000eb6144c0}: 'java.lang.Object java.lang.invoke.DirectMethodHandle$Holder.invokeStatic(java.lang.Object, java.lang.Object, int, java.lang.Object, java.lang.Object)'> (0x00000000eb6144c0) 
thrown [s\src\hotspot\share\interpreter\linkResolver.cpp, line 759]
Event: 11.918 Thread 0x0000012a77e75b70 Exception <a 'java/lang/NoSuchMethodError'{0x00000000eaf41548}: 'void java.lang.invoke.DirectMethodHandle$Holder.invokeStatic(java.lang.Object, int)'> (0x00000000eaf41548) 
thrown [s\src\hotspot\share\interpreter\linkResolver.cpp, line 759]
Event: 12.098 Thread 0x0000012a77e75b70 Exception <a 'java/io/FileNotFoundException'{0x00000000eaef2b28}> (0x00000000eaef2b28) 
thrown [s\src\hotspot\share\prims\jni.cpp, line 516]
Event: 12.099 Thread 0x0000012a77e75b70 Exception <a 'java/io/FileNotFoundException'{0x00000000eaef4718}> (0x00000000eaef4718) 
thrown [s\src\hotspot\share\prims\jni.cpp, line 516]
Event: 12.099 Thread 0x0000012a77e75b70 Exception <a 'java/io/FileNotFoundException'{0x00000000eaef5f28}> (0x00000000eaef5f28) 
thrown [s\src\hotspot\share\prims\jni.cpp, line 516]
Event: 12.109 Thread 0x0000012a77e75b70 Exception <a 'java/lang/NoSuchMethodError'{0x00000000eb154148}: 'int java.lang.invoke.DirectMethodHandle$Holder.invokeStatic(java.lang.Object, java.lang.Object, java.lang.Object, java.lang.Object, java.lang.Object, java.lang.Object)'> (0x00000000eb154148) 
thrown [s\src\hotspot\share\interpreter\linkResolver.cpp, line 759]
Event: 12.416 Thread 0x0000012a77e75b70 Exception <a 'java/lang/NoSuchMethodError'{0x00000000eaf13b30}: 'java.lang.Object java.lang.invoke.DirectMethodHandle$Holder.invokeVirtual(java.lang.Object, java.lang.Object, java.lang.Object)'> (0x00000000eaf13b30) 
thrown [s\src\hotspot\share\interpreter\linkResolver.cpp, line 759]
Event: 12.454 Thread 0x0000012a765cc140 Implicit null exception at 0x0000012a65f5dd50 to 0x0000012a65f623c8
Event: 12.483 Thread 0x0000012a77e75b70 Exception <a 'sun/nio/fs/WindowsException'{0x00000000eb09baa8}> (0x00000000eb09baa8) 
thrown [s\src\hotspot\share\prims\jni.cpp, line 516]
Event: 12.496 Thread 0x0000012a77e75b70 Exception <a 'sun/nio/fs/WindowsException'{0x00000000eb1987f0}> (0x00000000eb1987f0) 
thrown [s\src\hotspot\share\prims\jni.cpp, line 516]
Event: 12.510 Thread 0x0000012a77e75b70 Exception <a 'sun/nio/fs/WindowsException'{0x00000000eab02ea8}> (0x00000000eab02ea8) 
thrown [s\src\hotspot\share\prims\jni.cpp, line 516]
Event: 12.529 Thread 0x0000012a77e75b70 Exception <a 'sun/nio/fs/WindowsException'{0x00000000eab04920}> (0x00000000eab04920) 
thrown [s\src\hotspot\share\prims\jni.cpp, line 516]
Event: 12.541 Thread 0x0000012a77e75b70 Exception <a 'sun/nio/fs/WindowsException'{0x00000000eab06398}> (0x00000000eab06398) 
thrown [s\src\hotspot\share\prims\jni.cpp, line 516]
Event: 12.546 Thread 0x0000012a77e75b70 Exception <a 'sun/nio/fs/WindowsException'{0x00000000ead83ee0}> (0x00000000ead83ee0) 
thrown [s\src\hotspot\share\prims\jni.cpp, line 516]
Event: 12.558 Thread 0x0000012a77e75b70 Exception <a 'sun/nio/fs/WindowsException'{0x00000000ead85960}> (0x00000000ead85960) 
thrown [s\src\hotspot\share\prims\jni.cpp, line 516]
Event: 14.057 Thread 0x0000012a77cde750 Exception <a 'java/lang/ArrayIndexOutOfBoundsException'{0x00000000eac19090}> (0x00000000eac19090) 
thrown [s\src\hotspot\share\runtime\sharedRuntime.cpp, line 631]

VM Operations (20 events):
Event: 21.460 Executing VM operation: ParallelGCFailedAllocation
Event: 21.574 Executing VM operation: ParallelGCFailedAllocation done
Event: 21.574 Executing VM operation: ParallelGCFailedAllocation
Event: 21.688 Executing VM operation: ParallelGCFailedAllocation done
Event: 21.688 Executing VM operation: ParallelGCFailedAllocation
Event: 21.819 Executing VM operation: ParallelGCFailedAllocation done
Event: 21.820 Executing VM operation: ParallelGCFailedAllocation
Event: 21.960 Executing VM operation: ParallelGCFailedAllocation done
Event: 21.961 Executing VM operation: ParallelGCFailedAllocation
Event: 22.081 Executing VM operation: ParallelGCFailedAllocation done
Event: 22.082 Executing VM operation: ParallelGCFailedAllocation
Event: 22.203 Executing VM operation: ParallelGCFailedAllocation done
Event: 22.204 Executing VM operation: ParallelGCFailedAllocation
Event: 22.368 Executing VM operation: ParallelGCFailedAllocation done
Event: 22.369 Executing VM operation: ParallelGCFailedAllocation
Event: 22.519 Executing VM operation: ParallelGCFailedAllocation done
Event: 22.520 Executing VM operation: ParallelGCFailedAllocation
Event: 22.673 Executing VM operation: ParallelGCFailedAllocation done
Event: 22.673 Executing VM operation: ParallelGCFailedAllocation
Event: 22.812 Executing VM operation: ParallelGCFailedAllocation done

Events (20 events):
Event: 12.879 Thread 0x0000012a742bc950 flushing nmethod 0x0000012a5f1ee210
Event: 12.879 Thread 0x0000012a742bc950 flushing nmethod 0x0000012a5f1f0810
Event: 12.879 Thread 0x0000012a742bc950 flushing nmethod 0x0000012a5f1f1210
Event: 12.879 Thread 0x0000012a742bc950 flushing nmethod 0x0000012a5f1f5e90
Event: 12.879 Thread 0x0000012a742bc950 flushing nmethod 0x0000012a5f1f7210
Event: 12.879 Thread 0x0000012a742bc950 flushing nmethod 0x0000012a5f200490
Event: 12.879 Thread 0x0000012a742bc950 flushing nmethod 0x0000012a5f200a90
Event: 12.879 Thread 0x0000012a742bc950 flushing nmethod 0x0000012a5f201610
Event: 12.879 Thread 0x0000012a742bc950 flushing nmethod 0x0000012a5f201a10
Event: 12.879 Thread 0x0000012a742bc950 flushing nmethod 0x0000012a5f202310
Event: 12.879 Thread 0x0000012a742bc950 flushing nmethod 0x0000012a5f203890
Event: 12.879 Thread 0x0000012a742bc950 flushing nmethod 0x0000012a5f21e610
Event: 12.879 Thread 0x0000012a742bc950 flushing nmethod 0x0000012a5f271b10
Event: 14.044 Thread 0x0000012a77480080 Thread exited: 0x0000012a77480080
Event: 14.212 Thread 0x0000012a75511a90 Thread exited: 0x0000012a75511a90
Event: 14.747 Thread 0x0000012a7b73d110 Thread added: 0x0000012a7b73d110
Event: 15.398 Thread 0x0000012a7b73d110 Thread exited: 0x0000012a7b73d110
Event: 15.398 Thread 0x0000012a77e783f0 Thread exited: 0x0000012a77e783f0
Event: 15.808 Thread 0x0000012a7b737170 Thread added: 0x0000012a7b737170
Event: 16.338 Thread 0x0000012a7b737170 Thread exited: 0x0000012a7b737170


Dynamic libraries:
0x00007ff6f9850000 - 0x00007ff6f985e000 	c:\Users\papth\.vscode\extensions\redhat.java-1.33.0-win32-x64\jre\17.0.11-win32-x86_64\bin\java.exe
0x00007ffd27e90000 - 0x00007ffd280a7000 	C:\WINDOWS\SYSTEM32\ntdll.dll
0x00007ffd268b0000 - 0x00007ffd26974000 	C:\WINDOWS\System32\KERNEL32.DLL
0x00007ffd252b0000 - 0x00007ffd2565d000 	C:\WINDOWS\System32\KERNELBASE.dll
0x00007ffd25a80000 - 0x00007ffd25b91000 	C:\WINDOWS\System32\ucrtbase.dll
0x00007ffce81b0000 - 0x00007ffce81c7000 	c:\Users\papth\.vscode\extensions\redhat.java-1.33.0-win32-x64\jre\17.0.11-win32-x86_64\bin\jli.dll
0x00007ffd275f0000 - 0x00007ffd2779e000 	C:\WINDOWS\System32\USER32.dll
0x00007ffd25660000 - 0x00007ffd25686000 	C:\WINDOWS\System32\win32u.dll
0x00007ffd277a0000 - 0x00007ffd277c9000 	C:\WINDOWS\System32\GDI32.dll
0x00007ffd25730000 - 0x00007ffd25849000 	C:\WINDOWS\System32\gdi32full.dll
0x00007ffd25690000 - 0x00007ffd2572a000 	C:\WINDOWS\System32\msvcp_win.dll
0x00007ffce8190000 - 0x00007ffce81ab000 	c:\Users\papth\.vscode\extensions\redhat.java-1.33.0-win32-x64\jre\17.0.11-win32-x86_64\bin\VCRUNTIME140.dll
0x00007ffd130c0000 - 0x00007ffd13353000 	C:\WINDOWS\WinSxS\amd64_microsoft.windows.common-controls_6595b64144ccf1df_6.0.22621.3672_none_2713b9d173822955\COMCTL32.dll
0x00007ffd26f50000 - 0x00007ffd26ff7000 	C:\WINDOWS\System32\msvcrt.dll
0x00007ffd270f0000 - 0x00007ffd27121000 	C:\WINDOWS\System32\IMM32.DLL
0x00007ffd14aa0000 - 0x00007ffd14aac000 	c:\Users\papth\.vscode\extensions\redhat.java-1.33.0-win32-x64\jre\17.0.11-win32-x86_64\bin\vcruntime140_1.dll
0x00007ffcd8360000 - 0x00007ffcd83ed000 	c:\Users\papth\.vscode\extensions\redhat.java-1.33.0-win32-x64\jre\17.0.11-win32-x86_64\bin\msvcp140.dll
0x00007ffc6b9b0000 - 0x00007ffc6c612000 	c:\Users\papth\.vscode\extensions\redhat.java-1.33.0-win32-x64\jre\17.0.11-win32-x86_64\bin\server\jvm.dll
0x00007ffd273c0000 - 0x00007ffd27472000 	C:\WINDOWS\System32\ADVAPI32.dll
0x00007ffd27160000 - 0x00007ffd27209000 	C:\WINDOWS\System32\sechost.dll
0x00007ffd25ba0000 - 0x00007ffd25bc8000 	C:\WINDOWS\System32\bcrypt.dll
0x00007ffd27b80000 - 0x00007ffd27c94000 	C:\WINDOWS\System32\RPCRT4.dll
0x00007ffd1d080000 - 0x00007ffd1d0b4000 	C:\WINDOWS\SYSTEM32\WINMM.dll
0x00007ffd15ca0000 - 0x00007ffd15caa000 	C:\WINDOWS\SYSTEM32\VERSION.dll
0x00007ffd21b10000 - 0x00007ffd21b19000 	C:\WINDOWS\SYSTEM32\WSOCK32.dll
0x00007ffd26e70000 - 0x00007ffd26ee1000 	C:\WINDOWS\System32\WS2_32.dll
0x00007ffd24010000 - 0x00007ffd2405d000 	C:\WINDOWS\SYSTEM32\POWRPROF.dll
0x00007ffd23ff0000 - 0x00007ffd24003000 	C:\WINDOWS\SYSTEM32\UMPDC.dll
0x00007ffd242b0000 - 0x00007ffd242c8000 	C:\WINDOWS\SYSTEM32\kernel.appcore.dll
0x00007ffd149b0000 - 0x00007ffd149ba000 	c:\Users\papth\.vscode\extensions\redhat.java-1.33.0-win32-x64\jre\17.0.11-win32-x86_64\bin\jimage.dll
0x00007ffd22ab0000 - 0x00007ffd22ce2000 	C:\WINDOWS\SYSTEM32\DBGHELP.DLL
0x00007ffd25c40000 - 0x00007ffd25fc8000 	C:\WINDOWS\System32\combase.dll
0x00007ffd27010000 - 0x00007ffd270e7000 	C:\WINDOWS\System32\OLEAUT32.dll
0x00007ffd15ee0000 - 0x00007ffd15f12000 	C:\WINDOWS\SYSTEM32\dbgcore.DLL
0x00007ffd251c0000 - 0x00007ffd2523b000 	C:\WINDOWS\System32\bcryptPrimitives.dll
0x00007ffd14650000 - 0x00007ffd1465e000 	c:\Users\papth\.vscode\extensions\redhat.java-1.33.0-win32-x64\jre\17.0.11-win32-x86_64\bin\instrument.dll
0x00007ffcdfd80000 - 0x00007ffcdfda5000 	c:\Users\papth\.vscode\extensions\redhat.java-1.33.0-win32-x64\jre\17.0.11-win32-x86_64\bin\java.dll
0x00007ffce6bc0000 - 0x00007ffce6bd8000 	c:\Users\papth\.vscode\extensions\redhat.java-1.33.0-win32-x64\jre\17.0.11-win32-x86_64\bin\zip.dll
0x00007ffd25fd0000 - 0x00007ffd2682f000 	C:\WINDOWS\System32\SHELL32.dll
0x00007ffd230d0000 - 0x00007ffd239cc000 	C:\WINDOWS\SYSTEM32\windows.storage.dll
0x00007ffd22f90000 - 0x00007ffd230cf000 	C:\WINDOWS\SYSTEM32\wintypes.dll
0x00007ffd27ca0000 - 0x00007ffd27d94000 	C:\WINDOWS\System32\SHCORE.dll
0x00007ffd26ef0000 - 0x00007ffd26f4e000 	C:\WINDOWS\System32\shlwapi.dll
0x00007ffd250f0000 - 0x00007ffd25111000 	C:\WINDOWS\SYSTEM32\profapi.dll
0x00007ffce03b0000 - 0x00007ffce03c9000 	C:\Users\papth\.vscode\extensions\redhat.java-1.33.0-win32-x64\jre\17.0.11-win32-x86_64\bin\net.dll
0x00007ffd1d3c0000 - 0x00007ffd1d4f6000 	C:\WINDOWS\SYSTEM32\WINHTTP.dll
0x00007ffd24730000 - 0x00007ffd24799000 	C:\WINDOWS\system32\mswsock.dll
0x00007ffcdfd60000 - 0x00007ffcdfd76000 	C:\Users\papth\.vscode\extensions\redhat.java-1.33.0-win32-x64\jre\17.0.11-win32-x86_64\bin\nio.dll
0x00007ffd0a250000 - 0x00007ffd0a260000 	c:\Users\papth\.vscode\extensions\redhat.java-1.33.0-win32-x64\jre\17.0.11-win32-x86_64\bin\verify.dll
0x00007ffcdf990000 - 0x00007ffcdf9d5000 	C:\Users\papth\AppData\Roaming\Code\User\globalStorage\redhat.java\1.33.0\config_win\org.eclipse.equinox.launcher\org.eclipse.equinox.launcher.win32.win32.x86_64_1.2.1100.v20240722-2106\eclipse_11904.dll
0x00007ffd27210000 - 0x00007ffd273b5000 	C:\WINDOWS\System32\ole32.dll
0x00007ffd249b0000 - 0x00007ffd249cb000 	C:\WINDOWS\SYSTEM32\CRYPTSP.dll
0x00007ffd24200000 - 0x00007ffd24235000 	C:\WINDOWS\system32\rsaenh.dll
0x00007ffd24850000 - 0x00007ffd24878000 	C:\WINDOWS\SYSTEM32\USERENV.dll
0x00007ffd249d0000 - 0x00007ffd249dc000 	C:\WINDOWS\SYSTEM32\CRYPTBASE.dll
0x00007ffd23ca0000 - 0x00007ffd23ccd000 	C:\WINDOWS\SYSTEM32\IPHLPAPI.DLL
0x00007ffd27150000 - 0x00007ffd27159000 	C:\WINDOWS\System32\NSI.dll
0x00007ffd1d2c0000 - 0x00007ffd1d2d9000 	C:\WINDOWS\SYSTEM32\dhcpcsvc6.DLL
0x00007ffd1d100000 - 0x00007ffd1d11f000 	C:\WINDOWS\SYSTEM32\dhcpcsvc.DLL
0x00007ffd23d10000 - 0x00007ffd23e08000 	C:\WINDOWS\SYSTEM32\DNSAPI.dll
0x00007ffcd7db0000 - 0x00007ffcd7df5000 	C:\Users\papth\AppData\Local\Temp\jna-106435411\jna15163030058068776468.dll
0x00007ffd25c30000 - 0x00007ffd25c38000 	C:\WINDOWS\System32\PSAPI.DLL
0x00007ffd242d0000 - 0x00007ffd24304000 	C:\WINDOWS\SYSTEM32\ntmarta.dll

dbghelp: loaded successfully - version: 4.0.5 - missing functions: none
symbol engine: initialized successfully - sym options: 0x614 - pdb path: .;c:\Users\papth\.vscode\extensions\redhat.java-1.33.0-win32-x64\jre\17.0.11-win32-x86_64\bin;C:\WINDOWS\SYSTEM32;C:\WINDOWS\WinSxS\amd64_microsoft.windows.common-controls_6595b64144ccf1df_6.0.22621.3672_none_2713b9d173822955;c:\Users\papth\.vscode\extensions\redhat.java-1.33.0-win32-x64\jre\17.0.11-win32-x86_64\bin\server;C:\Users\papth\AppData\Roaming\Code\User\globalStorage\redhat.java\1.33.0\config_win\org.eclipse.equinox.launcher\org.eclipse.equinox.launcher.win32.win32.x86_64_1.2.1100.v20240722-2106;C:\Users\papth\AppData\Local\Temp\jna-106435411

VM Arguments:
jvm_args: --add-modules=ALL-SYSTEM --add-opens=java.base/java.util=ALL-UNNAMED --add-opens=java.base/java.lang=ALL-UNNAMED --add-opens=java.base/sun.nio.fs=ALL-UNNAMED -Declipse.application=org.eclipse.jdt.ls.core.id1 -Dosgi.bundles.defaultStartLevel=4 -Declipse.product=org.eclipse.jdt.ls.core.product -Djava.import.generatesMetadataFilesAtProjectRoot=false -DDetectVMInstallationsJob.disabled=true -Dfile.encoding=utf8 -XX:+UseParallelGC -XX:GCTimeRatio=4 -XX:AdaptiveSizePolicyWeight=90 -Dsun.zip.disableMemoryMapping=true -Xmx1G -Xms100m -Xlog:disable -javaagent:c:\Users\papth\.vscode\extensions\redhat.java-1.33.0-win32-x64\lombok\lombok-1.18.33.jar -XX:+HeapDumpOnOutOfMemoryError -XX:HeapDumpPath=c:\Users\papth\AppData\Roaming\Code\User\workspaceStorage\5c05168c5aa2c9692861d3fc907bc7d4\redhat.java -Daether.dependencyCollector.impl=bf 
java_command: c:\Users\papth\.vscode\extensions\redhat.java-1.33.0-win32-x64\server\plugins\org.eclipse.equinox.launcher_1.6.900.v20240613-2009.jar -configuration c:\Users\papth\AppData\Roaming\Code\User\globalStorage\redhat.java\1.33.0\config_win -data c:\Users\papth\AppData\Roaming\Code\User\workspaceStorage\5c05168c5aa2c9692861d3fc907bc7d4\redhat.java\jdt_ws --pipe=\\.\pipe\lsp-eedd4fe63b3c4aef9010a9a793a92dd1-sock
java_class_path (initial): c:\Users\papth\.vscode\extensions\redhat.java-1.33.0-win32-x64\server\plugins\org.eclipse.equinox.launcher_1.6.900.v20240613-2009.jar
Launcher Type: SUN_STANDARD

[Global flags]
    uintx AdaptiveSizePolicyWeight                 = 90                                        {product} {command line}
     intx CICompilerCount                          = 4                                         {product} {ergonomic}
    uintx GCTimeRatio                              = 4                                         {product} {command line}
     bool HeapDumpOnOutOfMemoryError               = true                                   {manageable} {command line}
    ccstr HeapDumpPath                             = c:\Users\papth\AppData\Roaming\Code\User\workspaceStorage\5c05168c5aa2c9692861d3fc907bc7d4\redhat.java         {manageable} {command line}
   size_t InitialHeapSize                          = 104857600                                 {product} {command line}
   size_t MaxHeapSize                              = 1073741824                                {product} {command line}
   size_t MaxNewSize                               = 357564416                                 {product} {ergonomic}
   size_t MinHeapDeltaBytes                        = 524288                                    {product} {ergonomic}
   size_t MinHeapSize                              = 104857600                                 {product} {command line}
   size_t NewSize                                  = 34603008                                  {product} {ergonomic}
    uintx NonNMethodCodeHeapSize                   = 5839372                                {pd product} {ergonomic}
    uintx NonProfiledCodeHeapSize                  = 122909434                              {pd product} {ergonomic}
   size_t OldSize                                  = 70254592                                  {product} {ergonomic}
    uintx ProfiledCodeHeapSize                     = 122909434                              {pd product} {ergonomic}
    uintx ReservedCodeCacheSize                    = 251658240                              {pd product} {ergonomic}
     bool SegmentedCodeCache                       = true                                      {product} {ergonomic}
   size_t SoftMaxHeapSize                          = 1073741824                             {manageable} {ergonomic}
     bool UseCompressedClassPointers               = true                           {product lp64_product} {ergonomic}
     bool UseCompressedOops                        = true                           {product lp64_product} {ergonomic}
     bool UseLargePagesIndividualAllocation        = false                                  {pd product} {ergonomic}
     bool UseParallelGC                            = true                                      {product} {command line}

Logging:
Log output configuration:
 #0: stdout all=off uptime,level,tags
 #1: stderr all=off uptime,level,tags

Environment Variables:
JAVA_HOME=C:\LAB-TOOLS\JDK\jdk-17.0.6
PATH=C:\Python311\Scripts\;C:\Python311\;C:\LAB-TOOLS\JDK\jdk-17.0.6\bin;C:\Program Files\Microsoft\jdk-11.0.12.7-hotspot\bin;C:\Program Files\AdoptOpenJDK\jdk-11.0.9.101-hotspot\bin;C:\Program Files (x86)\Common Files\Oracle\Java\javapath;C:\windows\system32;C:\windows;C:\windows\System32\Wbem;C:\windows\System32\WindowsPowerShell\v1.0\;C:\windows\System32\OpenSSH\;C:\Program Files (x86)\NVIDIA Corporation\PhysX\Common;C:\Program Files\NVIDIA Corporation\NVIDIA NvDLISR;C:\Program Files (x86)\Wolfram Research\WolframScript\;C:\WINDOWS\system32;C:\WINDOWS;C:\WINDOWS\System32\Wbem;C:\WINDOWS\System32\WindowsPowerShell\v1.0\;C:\WINDOWS\System32\OpenSSH\;C:\Program Files\MATLAB\R2020a\runtime\win64;C:\Program Files\MATLAB\R2020a\bin;C:\Program Files\OpenVPN\bin;C:\Program Files\Git\cmd;C:\Program Files\Git\usr\bin;C:\Program Files\Microsoft SQL Server\150\Tools\Binn\;C:\Program Files\dotnet\;C:\MinGW\mingw32\bin;C:\WINDOWS\system32;C:\WINDOWS;C:\WINDOWS\System32\Wbem;C:\WINDOWS\System32\WindowsPowerShell\v1.0\;C:\Program Files\nodejs;C:\ProgramData\chocolatey\bin;C:\Program Files\Docker\Docker\resources\bin;C:\WINDOWS\System32\OpenSSH\;C:\LAB-TOOLS\apache-maven-3.9.6-bin\apache-maven-3.9.6\bin;C:\Program Files\PowerShell\7-preview\preview;C:\Program Files\HP\HP One Agent;C:\Program Files\PowerShell\7\;C:\Users\papth\scoop\shims;C:\dev\flutter\bin;C:\Users\papth\AppData\Local\Microsoft\WindowsApps;C:\Users\papth\AppData\Local\GitHubDesktop\bin;C:\Users\papth\AppData\Local\Microsoft\WindowsApps;C:\Users\papth\AppData\Local\atom\bin;C:\Users\papth\.dotnet\tools;C:\Users\papth\AppData\Roaming\npm;C:\dev\android-sdk\platform-tools;C:\Program Files\nodejs;C:\Users\papth\AppData\Local\Programs\Microsoft VS Code\bin;C:\Users\papth\AppData\Roaming\Python\Python311\Scripts;C:\Users\papth\AppData\Local\Google\Cloud SDK\google-cloud-sdk\bin
USERNAME=papth
OS=Windows_NT
PROCESSOR_IDENTIFIER=Intel64 Family 6 Model 142 Stepping 12, GenuineIntel
TMP=C:\Users\papth\AppData\Local\Temp
TEMP=C:\Users\papth\AppData\Local\Temp



Periodic native trim disabled


---------------  S Y S T E M  ---------------

OS:
 Windows 11 , 64 bit Build 22621 (10.0.22621.3672)
OS uptime: 0 days 11:37 hours
Hyper-V role detected

CPU: total 8 (initial active 8) (4 cores per cpu, 2 threads per core) family 6 model 142 stepping 12 microcode 0xde, cx8, cmov, fxsr, ht, mmx, 3dnowpref, sse, sse2, sse3, ssse3, sse4.1, sse4.2, popcnt, lzcnt, tsc, tscinvbit, avx, avx2, aes, erms, clmul, bmi1, bmi2, adx, fma, vzeroupper, clflush, clflushopt, hv
Processor Information for all 8 processors :
  Max Mhz: 2304, Current Mhz: 1803, Mhz Limit: 1797

Memory: 4k page, system-wide physical 16187M (4851M free)
TotalPageFile size 16187M (AvailPageFile size 12M)
current process WorkingSet (physical memory assigned to process): 602M, peak: 622M
current process commit charge ("private bytes"): 519M, peak: 957M

vm_info: OpenJDK 64-Bit Server VM (17.0.11+9) for windows-amd64 JRE (17.0.11+9), built on Apr 17 2024 06:07:48 by "admin" with MS VC++ 16.10 / 16.11 (VS2019)

END.
