#
# A fatal error has been detected by the Java Runtime Environment:
#
#  EXCEPTION_ACCESS_VIOLATION (0xc0000005) at pc=0x0000000000000000, pid=2952, tid=6060
#
# JRE version: Java(TM) SE Runtime Environment (17.0.6+9) (build 17.0.6+9-LTS-190)
# Java VM: Java HotSpot(TM) 64-Bit Server VM (17.0.6+9-LTS-190, mixed mode, sharing, tiered, compressed oops, compressed class ptrs, g1 gc, windows-amd64)
# Problematic frame:
# C  0x0000000000000000
#
# No core dump will be written. Minidumps are not enabled by default on client versions of Windows
#
# If you would like to submit a bug report, please visit:
#   https://bugreport.java.com/bugreport/crash.jsp
# The crash happened outside the Java Virtual Machine in native code.
# See problematic frame for where to report the bug.
#

---------------  S U M M A R Y ------------

Command Line: --module-path=c:\LAB-TOOLS\ECLIPSE\Eclipse-Workspace\multimedia\weblibrary\target\classes;C:\Users\papth\.m2\repository\org\openjfx\javafx-base\13\javafx-base-13-win.jar;C:\Users\papth\.m2\repository\org\openjfx\javafx-controls\13\javafx-controls-13-win.jar;C:\Users\papth\.m2\repository\org\openjfx\javafx-fxml\13\javafx-fxml-13-win.jar;C:\Users\papth\.m2\repository\org\openjfx\javafx-graphics\13\javafx-graphics-13-win.jar --add-modules=com.library -Djdk.module.main=com.library com.library/com.library.App

Host: Intel(R) Core(TM) i7-10510U CPU @ 1.80GHz, 8 cores, 15G,  Windows 11 , 64 bit Build 22621 (10.0.22621.3527)
Time: Mon Jun  3 02:09:52 2024  Windows 11 , 64 bit Build 22621 (10.0.22621.3527) elapsed time: 0.826869 seconds (0d 0h 0m 0s)

---------------  T H R E A D  ---------------

Current thread (0x000002549957e020):  JavaThread "JavaFX Application Thread" [_thread_in_native, id=6060, stack(0x00000058e0000000,0x00000058e0100000)]

Stack: [0x00000058e0000000,0x00000058e0100000],  sp=0x00000058e00fcb88,  free space=1010k
Native frames: (J=compiled Java code, j=interpreted, Vv=VM code, C=native code)

Java frames: (J=compiled Java code, j=interpreted, Vv=VM code)
j  java.net.NetworkInterface.getAll()[Ljava/net/NetworkInterface;+0 java.base@17.0.6
j  java.net.NetworkInterface.getNetworkInterfaces()Ljava/util/Enumeration;+0 java.base@17.0.6
j  sun.security.provider.SeedGenerator.addNetworkAdapterInfo(Ljava/security/MessageDigest;)V+0 java.base@17.0.6
j  sun.security.provider.SeedGenerator$1.run()Ljava/lang/Void;+66 java.base@17.0.6
j  sun.security.provider.SeedGenerator$1.run()Ljava/lang/Object;+1 java.base@17.0.6
j  java.security.AccessController.executePrivileged(Ljava/security/PrivilegedAction;Ljava/security/AccessControlContext;Ljava/lang/Class;)Ljava/lang/Object;+29 java.base@17.0.6
j  java.security.AccessController.doPrivileged(Ljava/security/PrivilegedAction;)Ljava/lang/Object;+5 java.base@17.0.6
j  sun.security.provider.SeedGenerator.getSystemEntropy()[B+40 java.base@17.0.6
j  sun.security.provider.AbstractDrbg$SeederHolder.<clinit>()V+28 java.base@17.0.6
v  ~StubRoutines::call_stub
j  sun.security.provider.AbstractDrbg.getEntropyInput(IIIZ)[B+87 java.base@17.0.6
j  sun.security.provider.AbstractDrbg.getEntropyInput(Z)[B+14 java.base@17.0.6
j  sun.security.provider.AbstractDrbg.instantiateIfNecessary([B)V+16 java.base@17.0.6
j  sun.security.provider.AbstractDrbg.engineNextBytes([BLjava/security/SecureRandomParameters;)V+162 java.base@17.0.6
j  sun.security.provider.AbstractDrbg.engineNextBytes([B)V+11 java.base@17.0.6
j  sun.security.provider.DRBG.engineNextBytes([B)V+5 java.base@17.0.6
j  java.security.SecureRandom.nextBytes([B)V+12 java.base@17.0.6
j  java.util.UUID.randomUUID()Ljava/util/UUID;+11 java.base@17.0.6
j  com.library.User.<init>(Ljava/lang/String;Ljava/lang/String;Ljava/lang/String;Ljava/lang/String;Ljava/lang/String;I)V+5 com.library
j  com.library.App.start(Ljavafx/stage/Stage;)V+26 com.library
j  com.sun.javafx.application.LauncherImpl.lambda$launchApplication1$9(Ljava/util/concurrent/atomic/AtomicBoolean;Ljavafx/application/Application;)V+20 javafx.graphics
j  com.sun.javafx.application.LauncherImpl$$Lambda$106+0x0000000800c84ce8.run()V+8 javafx.graphics
j  com.sun.javafx.application.PlatformImpl.lambda$runAndWait$12(Ljava/lang/Runnable;Ljava/util/concurrent/CountDownLatch;)V+1 javafx.graphics
j  com.sun.javafx.application.PlatformImpl$$Lambda$86+0x0000000800c3e1e0.run()V+8 javafx.graphics
j  com.sun.javafx.application.PlatformImpl.lambda$runLater$10(Ljava/lang/Runnable;)Ljava/lang/Void;+1 javafx.graphics
j  com.sun.javafx.application.PlatformImpl$$Lambda$88+0x0000000800c3f450.run()Ljava/lang/Object;+4 javafx.graphics
j  java.security.AccessController.executePrivileged(Ljava/security/PrivilegedAction;Ljava/security/AccessControlContext;Ljava/lang/Class;)Ljava/lang/Object;+29 java.base@17.0.6
j  java.security.AccessController.doPrivileged(Ljava/security/PrivilegedAction;Ljava/security/AccessControlContext;)Ljava/lang/Object;+13 java.base@17.0.6
j  com.sun.javafx.application.PlatformImpl.lambda$runLater$11(Ljava/lang/Runnable;Ljava/security/AccessControlContext;)V+7 javafx.graphics
j  com.sun.javafx.application.PlatformImpl$$Lambda$87+0x0000000800c3ebd0.run()V+8 javafx.graphics
j  com.sun.glass.ui.InvokeLaterDispatcher$Future.run()V+4 javafx.graphics
v  ~StubRoutines::call_stub
j  com.sun.glass.ui.win.WinApplication._runLoop(Ljava/lang/Runnable;)V+0 javafx.graphics
j  com.sun.glass.ui.win.WinApplication.lambda$runLoop$3(ILjava/lang/Runnable;)V+8 javafx.graphics
j  com.sun.glass.ui.win.WinApplication$$Lambda$76+0x0000000800c2ce20.run()V+12 javafx.graphics
j  java.lang.Thread.run()V+11 java.base@17.0.6
v  ~StubRoutines::call_stub

siginfo: EXCEPTION_ACCESS_VIOLATION (0xc0000005), data execution prevention violation at address 0x0000000000000000


Register to memory mapping:

RIP=0x0 is NULL
RAX=0x0 is NULL
RBX=0x0 is NULL
RCX=0x00000254999bdb90 points into unknown readable memory: 0x0000025499983080 | 80 30 98 99 54 02 00 00
RDX=0x00000058e00fcbc0 is pointing into the stack for thread: 0x000002549957e020
RSP=0x00000058e00fcb88 is pointing into the stack for thread: 0x000002549957e020
RBP=0x00000058e00fcc10 is pointing into the stack for thread: 0x000002549957e020
RSI=0x0 is NULL
RDI=0x0 is NULL
R8 =0x0000000000000001 is an unknown value
R9 =0x0000000000000360 is an unknown value
R10=0x000002549966efb0 points into unknown readable memory: 0x005c003f003f005c | 5c 00 3f 00 3f 00 5c 00
R11=0x00000058e00fcaf0 is pointing into the stack for thread: 0x000002549957e020
R12=0x0 is NULL
R13=0x000002549957e2c8 points into unknown readable memory: 0x00007ffca69ca650 | 50 a6 9c a6 fc 7f 00 00
R14=0x00000058e00fce68 is pointing into the stack for thread: 0x000002549957e020
R15=0x00000254999bdb90 points into unknown readable memory: 0x0000025499983080 | 80 30 98 99 54 02 00 00


Registers:
RAX=0x0000000000000000, RBX=0x0000000000000000, RCX=0x00000254999bdb90, RDX=0x00000058e00fcbc0
RSP=0x00000058e00fcb88, RBP=0x00000058e00fcc10, RSI=0x0000000000000000, RDI=0x0000000000000000
R8 =0x0000000000000001, R9 =0x0000000000000360, R10=0x000002549966efb0, R11=0x00000058e00fcaf0
R12=0x0000000000000000, R13=0x000002549957e2c8, R14=0x00000058e00fce68, R15=0x00000254999bdb90
RIP=0x0000000000000000, EFLAGS=0x0000000000010206

Top of Stack: (sp=0x00000058e00fcb88)
0x00000058e00fcb88:   00007ffd333559a0 00000254999bdb90
0x00000058e00fcb98:   00000058e00fcbc0 0000000000000001
0x00000058e00fcba8:   0000000000000360 0000000000000025
0x00000058e00fcbb8:   0000000000000000 0000000000000360
0x00000058e00fcbc8:   0000000000000000 0000000000000000
0x00000058e00fcbd8:   0000000000000000 0000000000000025
0x00000058e00fcbe8:   0000000000000030 000002549957e2c8
0x00000058e00fcbf8:   00000058e00fcdb0 6e496b726f777465
0x00000058e00fcc08:   00003b4b2d319c7d 00000058e00fcdb0
0x00000058e00fcc18:   00000058e00fce68 0000000000000000
0x00000058e00fcc28:   0000000000000000 00000058e00fce60
0x00000058e00fcc38:   0000000000000000 00000058e00fccf9
0x00000058e00fcc48:   00007ffd33356e0c 00007ffd33354578
0x00000058e00fcc58:   00007ffca65784de 000002549957e2c8
0x00000058e00fcc68:   00007ffd33354578 0000025400000000
0x00000058e00fcc78:   0000000000000000 00000058e00fcd90 

Instructions: (pc=0x0000000000000000)
0xffffffffffffff00:   


Stack slot to memory mapping:
stack at sp + 0 slots: 0x00007ffd333559a0 net.dll
stack at sp + 1 slots: 0x00000254999bdb90 points into unknown readable memory: 0x0000025499983080 | 80 30 98 99 54 02 00 00
stack at sp + 2 slots: 0x00000058e00fcbc0 is pointing into the stack for thread: 0x000002549957e020
stack at sp + 3 slots: 0x0000000000000001 is an unknown value
stack at sp + 4 slots: 0x0000000000000360 is an unknown value
stack at sp + 5 slots: 0x0000000000000025 is an unknown value
stack at sp + 6 slots: 0x0 is NULL
stack at sp + 7 slots: 0x0000000000000360 is an unknown value


---------------  P R O C E S S  ---------------

Threads class SMR info:
_java_thread_list=0x000002549993c950, length=17, elements={
0x00000254f4e2f4a0, 0x00000254fec17140, 0x00000254fec17fb0, 0x00000254fec2cf60,
0x00000254fec2db10, 0x00000254fec2e4c0, 0x00000254ff805da0, 0x00000254ff80aa60,
0x00000254ff814a40, 0x00000254ff827f20, 0x00000254ff8e2740, 0x000002549933b150,
0x000002549957c340, 0x000002549957e9c0, 0x000002549957e020, 0x000002549957e4f0,
0x000002549957ee90
}

Java Threads: ( => current thread )
  0x00000254f4e2f4a0 JavaThread "main" [_thread_blocked, id=9700, stack(0x00000058deb00000,0x00000058dec00000)]
  0x00000254fec17140 JavaThread "Reference Handler" daemon [_thread_blocked, id=9400, stack(0x00000058df200000,0x00000058df300000)]
  0x00000254fec17fb0 JavaThread "Finalizer" daemon [_thread_blocked, id=15252, stack(0x00000058df300000,0x00000058df400000)]
  0x00000254fec2cf60 JavaThread "Signal Dispatcher" daemon [_thread_blocked, id=6960, stack(0x00000058df400000,0x00000058df500000)]
  0x00000254fec2db10 JavaThread "Attach Listener" daemon [_thread_blocked, id=20868, stack(0x00000058df500000,0x00000058df600000)]
  0x00000254fec2e4c0 JavaThread "Service Thread" daemon [_thread_blocked, id=20952, stack(0x00000058df600000,0x00000058df700000)]
  0x00000254ff805da0 JavaThread "Monitor Deflation Thread" daemon [_thread_blocked, id=8252, stack(0x00000058df700000,0x00000058df800000)]
  0x00000254ff80aa60 JavaThread "C2 CompilerThread0" daemon [_thread_blocked, id=15116, stack(0x00000058df800000,0x00000058df900000)]
  0x00000254ff814a40 JavaThread "C1 CompilerThread0" daemon [_thread_blocked, id=23980, stack(0x00000058df900000,0x00000058dfa00000)]
  0x00000254ff827f20 JavaThread "Sweeper thread" daemon [_thread_blocked, id=8456, stack(0x00000058dfa00000,0x00000058dfb00000)]
  0x00000254ff8e2740 JavaThread "Common-Cleaner" daemon [_thread_blocked, id=3112, stack(0x00000058dfb00000,0x00000058dfc00000)]
  0x000002549933b150 JavaThread "Notification Thread" daemon [_thread_blocked, id=23412, stack(0x00000058dfe00000,0x00000058dff00000)]
  0x000002549957c340 JavaThread "QuantumRenderer-0" daemon [_thread_blocked, id=13024, stack(0x00000058dfd00000,0x00000058dfe00000)]
  0x000002549957e9c0 JavaThread "InvokeLaterDispatcher" daemon [_thread_blocked, id=20672, stack(0x00000058dfc00000,0x00000058dfd00000)]
=>0x000002549957e020 JavaThread "JavaFX Application Thread" [_thread_in_native, id=6060, stack(0x00000058e0000000,0x00000058e0100000)]
  0x000002549957e4f0 JavaThread "Thread-1" daemon [_thread_in_native, id=23128, stack(0x00000058e0400000,0x00000058e0500000)]
  0x000002549957ee90 JavaThread "JavaFX-Launcher" [_thread_blocked, id=20720, stack(0x00000058e0500000,0x00000058e0600000)]

Other Threads:
  0x00000254fec11540 VMThread "VM Thread" [stack: 0x00000058df100000,0x00000058df200000] [id=15448]
  0x00000254f4ec2710 WatcherThread [stack: 0x00000058dff00000,0x00000058e0000000] [id=20472]
  0x00000254f4e9b710 GCTaskThread "GC Thread#0" [stack: 0x00000058dec00000,0x00000058ded00000] [id=11984]
  0x00000254f4eae370 ConcurrentGCThread "G1 Main Marker" [stack: 0x00000058ded00000,0x00000058dee00000] [id=7232]
  0x00000254f4eaf520 ConcurrentGCThread "G1 Conc#0" [stack: 0x00000058dee00000,0x00000058def00000] [id=12332]
  0x00000254f4eedfa0 ConcurrentGCThread "G1 Refine#0" [stack: 0x00000058def00000,0x00000058df000000] [id=11944]
  0x00000254f4eee9c0 ConcurrentGCThread "G1 Service" [stack: 0x00000058df000000,0x00000058df100000] [id=19372]

Threads with active compile tasks:

VM state: not at safepoint (normal execution)

VM Mutex/Monitor currently owned by a thread: None

Heap address: 0x0000000703000000, size: 4048 MB, Compressed Oops mode: Zero based, Oop shift amount: 3

CDS archive(s) mapped at: [0x0000000800000000-0x0000000800bd0000-0x0000000800bd0000), size 12386304, SharedBaseAddress: 0x0000000800000000, ArchiveRelocationMode: 0.
Compressed class space mapped at: 0x0000000800c00000-0x0000000840c00000, reserved size: 1073741824
Narrow klass base: 0x0000000800000000, Narrow klass shift: 0, Narrow klass range: 0x100000000

GC Precious Log:
 CPUs: 8 total, 8 available
 Memory: 16187M
 Large Page Support: Disabled
 NUMA Support: Disabled
 Compressed Oops: Enabled (Zero based)
 Heap Region Size: 2M
 Heap Min Capacity: 8M
 Heap Initial Capacity: 254M
 Heap Max Capacity: 4048M
 Pre-touch: Disabled
 Parallel Workers: 8
 Concurrent Workers: 2
 Concurrent Refinement Workers: 8
 Periodic GC: Disabled

Heap:
 garbage-first heap   total 260096K, used 18432K [0x0000000703000000, 0x0000000800000000)
  region size 2048K, 10 young (20480K), 0 survivors (0K)
 Metaspace       used 4633K, committed 4800K, reserved 1056768K
  class space    used 552K, committed 640K, reserved 1048576K

Heap Regions: E=young(eden), S=young(survivor), O=old, HS=humongous(starts), HC=humongous(continues), CS=collection set, F=free, OA=open archive, CA=closed archive, TAMS=top-at-mark-start (previous, next)
|   0|0x0000000703000000, 0x0000000703000000, 0x0000000703200000|  0%| F|  |TAMS 0x0000000703000000, 0x0000000703000000| Untracked 
|   1|0x0000000703200000, 0x0000000703200000, 0x0000000703400000|  0%| F|  |TAMS 0x0000000703200000, 0x0000000703200000| Untracked 
|   2|0x0000000703400000, 0x0000000703400000, 0x0000000703600000|  0%| F|  |TAMS 0x0000000703400000, 0x0000000703400000| Untracked 
|   3|0x0000000703600000, 0x0000000703600000, 0x0000000703800000|  0%| F|  |TAMS 0x0000000703600000, 0x0000000703600000| Untracked 
|   4|0x0000000703800000, 0x0000000703800000, 0x0000000703a00000|  0%| F|  |TAMS 0x0000000703800000, 0x0000000703800000| Untracked 
|   5|0x0000000703a00000, 0x0000000703a00000, 0x0000000703c00000|  0%| F|  |TAMS 0x0000000703a00000, 0x0000000703a00000| Untracked 
|   6|0x0000000703c00000, 0x0000000703c00000, 0x0000000703e00000|  0%| F|  |TAMS 0x0000000703c00000, 0x0000000703c00000| Untracked 
|   7|0x0000000703e00000, 0x0000000703e00000, 0x0000000704000000|  0%| F|  |TAMS 0x0000000703e00000, 0x0000000703e00000| Untracked 
|   8|0x0000000704000000, 0x0000000704000000, 0x0000000704200000|  0%| F|  |TAMS 0x0000000704000000, 0x0000000704000000| Untracked 
|   9|0x0000000704200000, 0x0000000704200000, 0x0000000704400000|  0%| F|  |TAMS 0x0000000704200000, 0x0000000704200000| Untracked 
|  10|0x0000000704400000, 0x0000000704400000, 0x0000000704600000|  0%| F|  |TAMS 0x0000000704400000, 0x0000000704400000| Untracked 
|  11|0x0000000704600000, 0x0000000704600000, 0x0000000704800000|  0%| F|  |TAMS 0x0000000704600000, 0x0000000704600000| Untracked 
|  12|0x0000000704800000, 0x0000000704800000, 0x0000000704a00000|  0%| F|  |TAMS 0x0000000704800000, 0x0000000704800000| Untracked 
|  13|0x0000000704a00000, 0x0000000704a00000, 0x0000000704c00000|  0%| F|  |TAMS 0x0000000704a00000, 0x0000000704a00000| Untracked 
|  14|0x0000000704c00000, 0x0000000704c00000, 0x0000000704e00000|  0%| F|  |TAMS 0x0000000704c00000, 0x0000000704c00000| Untracked 
|  15|0x0000000704e00000, 0x0000000704e00000, 0x0000000705000000|  0%| F|  |TAMS 0x0000000704e00000, 0x0000000704e00000| Untracked 
|  16|0x0000000705000000, 0x0000000705000000, 0x0000000705200000|  0%| F|  |TAMS 0x0000000705000000, 0x0000000705000000| Untracked 
|  17|0x0000000705200000, 0x0000000705200000, 0x0000000705400000|  0%| F|  |TAMS 0x0000000705200000, 0x0000000705200000| Untracked 
|  18|0x0000000705400000, 0x0000000705400000, 0x0000000705600000|  0%| F|  |TAMS 0x0000000705400000, 0x0000000705400000| Untracked 
|  19|0x0000000705600000, 0x0000000705600000, 0x0000000705800000|  0%| F|  |TAMS 0x0000000705600000, 0x0000000705600000| Untracked 
|  20|0x0000000705800000, 0x0000000705800000, 0x0000000705a00000|  0%| F|  |TAMS 0x0000000705800000, 0x0000000705800000| Untracked 
|  21|0x0000000705a00000, 0x0000000705a00000, 0x0000000705c00000|  0%| F|  |TAMS 0x0000000705a00000, 0x0000000705a00000| Untracked 
|  22|0x0000000705c00000, 0x0000000705c00000, 0x0000000705e00000|  0%| F|  |TAMS 0x0000000705c00000, 0x0000000705c00000| Untracked 
|  23|0x0000000705e00000, 0x0000000705e00000, 0x0000000706000000|  0%| F|  |TAMS 0x0000000705e00000, 0x0000000705e00000| Untracked 
|  24|0x0000000706000000, 0x0000000706000000, 0x0000000706200000|  0%| F|  |TAMS 0x0000000706000000, 0x0000000706000000| Untracked 
|  25|0x0000000706200000, 0x0000000706200000, 0x0000000706400000|  0%| F|  |TAMS 0x0000000706200000, 0x0000000706200000| Untracked 
|  26|0x0000000706400000, 0x0000000706400000, 0x0000000706600000|  0%| F|  |TAMS 0x0000000706400000, 0x0000000706400000| Untracked 
|  27|0x0000000706600000, 0x0000000706600000, 0x0000000706800000|  0%| F|  |TAMS 0x0000000706600000, 0x0000000706600000| Untracked 
|  28|0x0000000706800000, 0x0000000706800000, 0x0000000706a00000|  0%| F|  |TAMS 0x0000000706800000, 0x0000000706800000| Untracked 
|  29|0x0000000706a00000, 0x0000000706a00000, 0x0000000706c00000|  0%| F|  |TAMS 0x0000000706a00000, 0x0000000706a00000| Untracked 
|  30|0x0000000706c00000, 0x0000000706c00000, 0x0000000706e00000|  0%| F|  |TAMS 0x0000000706c00000, 0x0000000706c00000| Untracked 
|  31|0x0000000706e00000, 0x0000000706e00000, 0x0000000707000000|  0%| F|  |TAMS 0x0000000706e00000, 0x0000000706e00000| Untracked 
|  32|0x0000000707000000, 0x0000000707000000, 0x0000000707200000|  0%| F|  |TAMS 0x0000000707000000, 0x0000000707000000| Untracked 
|  33|0x0000000707200000, 0x0000000707200000, 0x0000000707400000|  0%| F|  |TAMS 0x0000000707200000, 0x0000000707200000| Untracked 
|  34|0x0000000707400000, 0x0000000707400000, 0x0000000707600000|  0%| F|  |TAMS 0x0000000707400000, 0x0000000707400000| Untracked 
|  35|0x0000000707600000, 0x0000000707600000, 0x0000000707800000|  0%| F|  |TAMS 0x0000000707600000, 0x0000000707600000| Untracked 
|  36|0x0000000707800000, 0x0000000707800000, 0x0000000707a00000|  0%| F|  |TAMS 0x0000000707800000, 0x0000000707800000| Untracked 
|  37|0x0000000707a00000, 0x0000000707a00000, 0x0000000707c00000|  0%| F|  |TAMS 0x0000000707a00000, 0x0000000707a00000| Untracked 
|  38|0x0000000707c00000, 0x0000000707c00000, 0x0000000707e00000|  0%| F|  |TAMS 0x0000000707c00000, 0x0000000707c00000| Untracked 
|  39|0x0000000707e00000, 0x0000000707e00000, 0x0000000708000000|  0%| F|  |TAMS 0x0000000707e00000, 0x0000000707e00000| Untracked 
|  40|0x0000000708000000, 0x0000000708000000, 0x0000000708200000|  0%| F|  |TAMS 0x0000000708000000, 0x0000000708000000| Untracked 
|  41|0x0000000708200000, 0x0000000708200000, 0x0000000708400000|  0%| F|  |TAMS 0x0000000708200000, 0x0000000708200000| Untracked 
|  42|0x0000000708400000, 0x0000000708400000, 0x0000000708600000|  0%| F|  |TAMS 0x0000000708400000, 0x0000000708400000| Untracked 
|  43|0x0000000708600000, 0x0000000708600000, 0x0000000708800000|  0%| F|  |TAMS 0x0000000708600000, 0x0000000708600000| Untracked 
|  44|0x0000000708800000, 0x0000000708800000, 0x0000000708a00000|  0%| F|  |TAMS 0x0000000708800000, 0x0000000708800000| Untracked 
|  45|0x0000000708a00000, 0x0000000708a00000, 0x0000000708c00000|  0%| F|  |TAMS 0x0000000708a00000, 0x0000000708a00000| Untracked 
|  46|0x0000000708c00000, 0x0000000708c00000, 0x0000000708e00000|  0%| F|  |TAMS 0x0000000708c00000, 0x0000000708c00000| Untracked 
|  47|0x0000000708e00000, 0x0000000708e00000, 0x0000000709000000|  0%| F|  |TAMS 0x0000000708e00000, 0x0000000708e00000| Untracked 
|  48|0x0000000709000000, 0x0000000709000000, 0x0000000709200000|  0%| F|  |TAMS 0x0000000709000000, 0x0000000709000000| Untracked 
|  49|0x0000000709200000, 0x0000000709200000, 0x0000000709400000|  0%| F|  |TAMS 0x0000000709200000, 0x0000000709200000| Untracked 
|  50|0x0000000709400000, 0x0000000709400000, 0x0000000709600000|  0%| F|  |TAMS 0x0000000709400000, 0x0000000709400000| Untracked 
|  51|0x0000000709600000, 0x0000000709600000, 0x0000000709800000|  0%| F|  |TAMS 0x0000000709600000, 0x0000000709600000| Untracked 
|  52|0x0000000709800000, 0x0000000709800000, 0x0000000709a00000|  0%| F|  |TAMS 0x0000000709800000, 0x0000000709800000| Untracked 
|  53|0x0000000709a00000, 0x0000000709a00000, 0x0000000709c00000|  0%| F|  |TAMS 0x0000000709a00000, 0x0000000709a00000| Untracked 
|  54|0x0000000709c00000, 0x0000000709c00000, 0x0000000709e00000|  0%| F|  |TAMS 0x0000000709c00000, 0x0000000709c00000| Untracked 
|  55|0x0000000709e00000, 0x0000000709e00000, 0x000000070a000000|  0%| F|  |TAMS 0x0000000709e00000, 0x0000000709e00000| Untracked 
|  56|0x000000070a000000, 0x000000070a000000, 0x000000070a200000|  0%| F|  |TAMS 0x000000070a000000, 0x000000070a000000| Untracked 
|  57|0x000000070a200000, 0x000000070a200000, 0x000000070a400000|  0%| F|  |TAMS 0x000000070a200000, 0x000000070a200000| Untracked 
|  58|0x000000070a400000, 0x000000070a400000, 0x000000070a600000|  0%| F|  |TAMS 0x000000070a400000, 0x000000070a400000| Untracked 
|  59|0x000000070a600000, 0x000000070a600000, 0x000000070a800000|  0%| F|  |TAMS 0x000000070a600000, 0x000000070a600000| Untracked 
|  60|0x000000070a800000, 0x000000070a800000, 0x000000070aa00000|  0%| F|  |TAMS 0x000000070a800000, 0x000000070a800000| Untracked 
|  61|0x000000070aa00000, 0x000000070aa00000, 0x000000070ac00000|  0%| F|  |TAMS 0x000000070aa00000, 0x000000070aa00000| Untracked 
|  62|0x000000070ac00000, 0x000000070ac00000, 0x000000070ae00000|  0%| F|  |TAMS 0x000000070ac00000, 0x000000070ac00000| Untracked 
|  63|0x000000070ae00000, 0x000000070ae00000, 0x000000070b000000|  0%| F|  |TAMS 0x000000070ae00000, 0x000000070ae00000| Untracked 
|  64|0x000000070b000000, 0x000000070b000000, 0x000000070b200000|  0%| F|  |TAMS 0x000000070b000000, 0x000000070b000000| Untracked 
|  65|0x000000070b200000, 0x000000070b200000, 0x000000070b400000|  0%| F|  |TAMS 0x000000070b200000, 0x000000070b200000| Untracked 
|  66|0x000000070b400000, 0x000000070b400000, 0x000000070b600000|  0%| F|  |TAMS 0x000000070b400000, 0x000000070b400000| Untracked 
|  67|0x000000070b600000, 0x000000070b600000, 0x000000070b800000|  0%| F|  |TAMS 0x000000070b600000, 0x000000070b600000| Untracked 
|  68|0x000000070b800000, 0x000000070b800000, 0x000000070ba00000|  0%| F|  |TAMS 0x000000070b800000, 0x000000070b800000| Untracked 
|  69|0x000000070ba00000, 0x000000070ba00000, 0x000000070bc00000|  0%| F|  |TAMS 0x000000070ba00000, 0x000000070ba00000| Untracked 
|  70|0x000000070bc00000, 0x000000070bc00000, 0x000000070be00000|  0%| F|  |TAMS 0x000000070bc00000, 0x000000070bc00000| Untracked 
|  71|0x000000070be00000, 0x000000070be00000, 0x000000070c000000|  0%| F|  |TAMS 0x000000070be00000, 0x000000070be00000| Untracked 
|  72|0x000000070c000000, 0x000000070c000000, 0x000000070c200000|  0%| F|  |TAMS 0x000000070c000000, 0x000000070c000000| Untracked 
|  73|0x000000070c200000, 0x000000070c200000, 0x000000070c400000|  0%| F|  |TAMS 0x000000070c200000, 0x000000070c200000| Untracked 
|  74|0x000000070c400000, 0x000000070c400000, 0x000000070c600000|  0%| F|  |TAMS 0x000000070c400000, 0x000000070c400000| Untracked 
|  75|0x000000070c600000, 0x000000070c600000, 0x000000070c800000|  0%| F|  |TAMS 0x000000070c600000, 0x000000070c600000| Untracked 
|  76|0x000000070c800000, 0x000000070c800000, 0x000000070ca00000|  0%| F|  |TAMS 0x000000070c800000, 0x000000070c800000| Untracked 
|  77|0x000000070ca00000, 0x000000070ca00000, 0x000000070cc00000|  0%| F|  |TAMS 0x000000070ca00000, 0x000000070ca00000| Untracked 
|  78|0x000000070cc00000, 0x000000070cc00000, 0x000000070ce00000|  0%| F|  |TAMS 0x000000070cc00000, 0x000000070cc00000| Untracked 
|  79|0x000000070ce00000, 0x000000070ce00000, 0x000000070d000000|  0%| F|  |TAMS 0x000000070ce00000, 0x000000070ce00000| Untracked 
|  80|0x000000070d000000, 0x000000070d000000, 0x000000070d200000|  0%| F|  |TAMS 0x000000070d000000, 0x000000070d000000| Untracked 
|  81|0x000000070d200000, 0x000000070d200000, 0x000000070d400000|  0%| F|  |TAMS 0x000000070d200000, 0x000000070d200000| Untracked 
|  82|0x000000070d400000, 0x000000070d400000, 0x000000070d600000|  0%| F|  |TAMS 0x000000070d400000, 0x000000070d400000| Untracked 
|  83|0x000000070d600000, 0x000000070d600000, 0x000000070d800000|  0%| F|  |TAMS 0x000000070d600000, 0x000000070d600000| Untracked 
|  84|0x000000070d800000, 0x000000070d800000, 0x000000070da00000|  0%| F|  |TAMS 0x000000070d800000, 0x000000070d800000| Untracked 
|  85|0x000000070da00000, 0x000000070da00000, 0x000000070dc00000|  0%| F|  |TAMS 0x000000070da00000, 0x000000070da00000| Untracked 
|  86|0x000000070dc00000, 0x000000070dc00000, 0x000000070de00000|  0%| F|  |TAMS 0x000000070dc00000, 0x000000070dc00000| Untracked 
|  87|0x000000070de00000, 0x000000070de00000, 0x000000070e000000|  0%| F|  |TAMS 0x000000070de00000, 0x000000070de00000| Untracked 
|  88|0x000000070e000000, 0x000000070e000000, 0x000000070e200000|  0%| F|  |TAMS 0x000000070e000000, 0x000000070e000000| Untracked 
|  89|0x000000070e200000, 0x000000070e200000, 0x000000070e400000|  0%| F|  |TAMS 0x000000070e200000, 0x000000070e200000| Untracked 
|  90|0x000000070e400000, 0x000000070e400000, 0x000000070e600000|  0%| F|  |TAMS 0x000000070e400000, 0x000000070e400000| Untracked 
|  91|0x000000070e600000, 0x000000070e600000, 0x000000070e800000|  0%| F|  |TAMS 0x000000070e600000, 0x000000070e600000| Untracked 
|  92|0x000000070e800000, 0x000000070e800000, 0x000000070ea00000|  0%| F|  |TAMS 0x000000070e800000, 0x000000070e800000| Untracked 
|  93|0x000000070ea00000, 0x000000070ea00000, 0x000000070ec00000|  0%| F|  |TAMS 0x000000070ea00000, 0x000000070ea00000| Untracked 
|  94|0x000000070ec00000, 0x000000070ec00000, 0x000000070ee00000|  0%| F|  |TAMS 0x000000070ec00000, 0x000000070ec00000| Untracked 
|  95|0x000000070ee00000, 0x000000070ee00000, 0x000000070f000000|  0%| F|  |TAMS 0x000000070ee00000, 0x000000070ee00000| Untracked 
|  96|0x000000070f000000, 0x000000070f000000, 0x000000070f200000|  0%| F|  |TAMS 0x000000070f000000, 0x000000070f000000| Untracked 
|  97|0x000000070f200000, 0x000000070f200000, 0x000000070f400000|  0%| F|  |TAMS 0x000000070f200000, 0x000000070f200000| Untracked 
|  98|0x000000070f400000, 0x000000070f400000, 0x000000070f600000|  0%| F|  |TAMS 0x000000070f400000, 0x000000070f400000| Untracked 
|  99|0x000000070f600000, 0x000000070f600000, 0x000000070f800000|  0%| F|  |TAMS 0x000000070f600000, 0x000000070f600000| Untracked 
| 100|0x000000070f800000, 0x000000070f800000, 0x000000070fa00000|  0%| F|  |TAMS 0x000000070f800000, 0x000000070f800000| Untracked 
| 101|0x000000070fa00000, 0x000000070fa00000, 0x000000070fc00000|  0%| F|  |TAMS 0x000000070fa00000, 0x000000070fa00000| Untracked 
| 102|0x000000070fc00000, 0x000000070fc00000, 0x000000070fe00000|  0%| F|  |TAMS 0x000000070fc00000, 0x000000070fc00000| Untracked 
| 103|0x000000070fe00000, 0x000000070fe00000, 0x0000000710000000|  0%| F|  |TAMS 0x000000070fe00000, 0x000000070fe00000| Untracked 
| 104|0x0000000710000000, 0x0000000710000000, 0x0000000710200000|  0%| F|  |TAMS 0x0000000710000000, 0x0000000710000000| Untracked 
| 105|0x0000000710200000, 0x0000000710200000, 0x0000000710400000|  0%| F|  |TAMS 0x0000000710200000, 0x0000000710200000| Untracked 
| 106|0x0000000710400000, 0x0000000710400000, 0x0000000710600000|  0%| F|  |TAMS 0x0000000710400000, 0x0000000710400000| Untracked 
| 107|0x0000000710600000, 0x0000000710600000, 0x0000000710800000|  0%| F|  |TAMS 0x0000000710600000, 0x0000000710600000| Untracked 
| 108|0x0000000710800000, 0x0000000710800000, 0x0000000710a00000|  0%| F|  |TAMS 0x0000000710800000, 0x0000000710800000| Untracked 
| 109|0x0000000710a00000, 0x0000000710a00000, 0x0000000710c00000|  0%| F|  |TAMS 0x0000000710a00000, 0x0000000710a00000| Untracked 
| 110|0x0000000710c00000, 0x0000000710c00000, 0x0000000710e00000|  0%| F|  |TAMS 0x0000000710c00000, 0x0000000710c00000| Untracked 
| 111|0x0000000710e00000, 0x0000000710e00000, 0x0000000711000000|  0%| F|  |TAMS 0x0000000710e00000, 0x0000000710e00000| Untracked 
| 112|0x0000000711000000, 0x0000000711000000, 0x0000000711200000|  0%| F|  |TAMS 0x0000000711000000, 0x0000000711000000| Untracked 
| 113|0x0000000711200000, 0x0000000711200000, 0x0000000711400000|  0%| F|  |TAMS 0x0000000711200000, 0x0000000711200000| Untracked 
| 114|0x0000000711400000, 0x0000000711400000, 0x0000000711600000|  0%| F|  |TAMS 0x0000000711400000, 0x0000000711400000| Untracked 
| 115|0x0000000711600000, 0x0000000711600000, 0x0000000711800000|  0%| F|  |TAMS 0x0000000711600000, 0x0000000711600000| Untracked 
| 116|0x0000000711800000, 0x0000000711800000, 0x0000000711a00000|  0%| F|  |TAMS 0x0000000711800000, 0x0000000711800000| Untracked 
| 117|0x0000000711a00000, 0x0000000711bc7818, 0x0000000711c00000| 88%| E|  |TAMS 0x0000000711a00000, 0x0000000711a00000| Complete 
| 118|0x0000000711c00000, 0x0000000711e00000, 0x0000000711e00000|100%| E|CS|TAMS 0x0000000711c00000, 0x0000000711c00000| Complete 
| 119|0x0000000711e00000, 0x0000000712000000, 0x0000000712000000|100%| E|CS|TAMS 0x0000000711e00000, 0x0000000711e00000| Complete 
| 120|0x0000000712000000, 0x0000000712200000, 0x0000000712200000|100%| E|CS|TAMS 0x0000000712000000, 0x0000000712000000| Complete 
| 121|0x0000000712200000, 0x0000000712400000, 0x0000000712400000|100%| E|CS|TAMS 0x0000000712200000, 0x0000000712200000| Complete 
| 122|0x0000000712400000, 0x0000000712600000, 0x0000000712600000|100%| E|CS|TAMS 0x0000000712400000, 0x0000000712400000| Complete 
| 123|0x0000000712600000, 0x0000000712800000, 0x0000000712800000|100%| E|CS|TAMS 0x0000000712600000, 0x0000000712600000| Complete 
| 124|0x0000000712800000, 0x0000000712a00000, 0x0000000712a00000|100%| E|CS|TAMS 0x0000000712800000, 0x0000000712800000| Complete 
| 125|0x0000000712a00000, 0x0000000712c00000, 0x0000000712c00000|100%| E|CS|TAMS 0x0000000712a00000, 0x0000000712a00000| Complete 
| 126|0x0000000712c00000, 0x0000000712e00000, 0x0000000712e00000|100%| E|CS|TAMS 0x0000000712c00000, 0x0000000712c00000| Complete 

Card table byte_map: [0x00000254fd1c0000,0x00000254fd9b0000] _byte_map_base: 0x00000254f99a8000

Marking Bits (Prev, Next): (CMBitMap*) 0x00000254f4e9bd20, (CMBitMap*) 0x00000254f4e9bd60
 Prev Bits: [0x000002548f000000, 0x0000025492f40000)
 Next Bits: [0x0000025492f40000, 0x0000025496e80000)

Polling page: 0x00000254f45f0000

Metaspace:

Usage:
  Non-class:      3.99 MB used.
      Class:    552.50 KB used.
       Both:      4.52 MB used.

Virtual space:
  Non-class space:        8.00 MB reserved,       4.06 MB ( 51%) committed,  1 nodes.
      Class space:        1.00 GB reserved,     640.00 KB ( <1%) committed,  1 nodes.
             Both:        1.01 GB reserved,       4.69 MB ( <1%) committed. 

Chunk freelists:
   Non-Class:  2.01 MB
       Class:  3.39 MB
        Both:  5.40 MB

MaxMetaspaceSize: unlimited
CompressedClassSpaceSize: 1.00 GB
Initial GC threshold: 21.00 MB
Current GC threshold: 21.00 MB
CDS: on
MetaspaceReclaimPolicy: balanced
 - commit_granule_bytes: 65536.
 - commit_granule_words: 8192.
 - virtual_space_node_default_size: 1048576.
 - enlarge_chunks_in_place: 1.
 - new_chunks_are_fully_committed: 0.
 - uncommit_free_chunks: 1.
 - use_allocation_guard: 0.
 - handle_deallocations: 1.


Internal statistics:

num_allocs_failed_limit: 0.
num_arena_births: 98.
num_arena_deaths: 0.
num_vsnodes_births: 2.
num_vsnodes_deaths: 0.
num_space_committed: 75.
num_space_uncommitted: 0.
num_chunks_returned_to_freelist: 0.
num_chunks_taken_from_freelist: 207.
num_chunk_merges: 0.
num_chunk_splits: 142.
num_chunks_enlarged: 108.
num_purges: 0.
num_inconsistent_stats: 0.

CodeHeap 'non-profiled nmethods': size=120000Kb used=289Kb max_used=289Kb free=119710Kb
 bounds [0x0000025487ad0000, 0x0000025487d40000, 0x000002548f000000]
CodeHeap 'profiled nmethods': size=120000Kb used=1418Kb max_used=1418Kb free=118581Kb
 bounds [0x0000025480000000, 0x0000025480270000, 0x0000025487530000]
CodeHeap 'non-nmethods': size=5760Kb used=1201Kb max_used=1222Kb free=4558Kb
 bounds [0x0000025487530000, 0x00000254877a0000, 0x0000025487ad0000]
 total_blobs=1399 nmethods=895 adapters=417
 compilation: enabled
              stopped_count=0, restarted_count=0
 full_count=0

Compilation events (20 events):
Event: 0.803 Thread 0x00000254ff80aa60  891       4       java.lang.invoke.VarForm::getMemberName (20 bytes)
Event: 0.804 Thread 0x00000254ff814a40 nmethod 887 0x000002548015b290 code [0x000002548015b5e0, 0x000002548015d3c8]
Event: 0.804 Thread 0x00000254ff80aa60 nmethod 891 0x0000025487b18210 code [0x0000025487b183a0, 0x0000025487b184a8]
Event: 0.804 Thread 0x00000254ff814a40  890       3       java.lang.invoke.VarHandleByteArrayAsInts$ArrayHandle::get (36 bytes)
Event: 0.804 Thread 0x00000254ff814a40 nmethod 890 0x000002548015dc90 code [0x000002548015de60, 0x000002548015e338]
Event: 0.805 Thread 0x00000254ff814a40  889       3       jdk.internal.misc.Unsafe::convEndian (16 bytes)
Event: 0.805 Thread 0x00000254ff814a40 nmethod 889 0x000002548015e510 code [0x000002548015e6a0, 0x000002548015e878]
Event: 0.805 Thread 0x00000254ff814a40  892       3       sun.security.provider.SHA::implCompress0 (506 bytes)
Event: 0.805 Thread 0x00000254ff814a40 nmethod 892 0x000002548015e910 code [0x000002548015eb40, 0x000002548015f5a8]
Event: 0.806 Thread 0x00000254ff814a40  893       3       sun.nio.cs.MS1253::newEncoder (16 bytes)
Event: 0.806 Thread 0x00000254ff814a40 nmethod 893 0x000002548015fa90 code [0x000002548015fc80, 0x000002548015ffa8]
Event: 0.806 Thread 0x00000254ff814a40  888       3       jdk.internal.misc.Unsafe::toUnsignedInt (6 bytes)
Event: 0.806 Thread 0x00000254ff814a40 nmethod 888 0x0000025480160090 code [0x0000025480160220, 0x0000025480160318]
Event: 0.806 Thread 0x00000254ff814a40  894       3       java.security.AccessController::executePrivileged (65 bytes)
Event: 0.806 Thread 0x00000254ff814a40 nmethod 894 0x0000025480160390 code [0x0000025480160560, 0x0000025480160858]
Event: 0.808 Thread 0x00000254ff814a40  895       3       java.lang.invoke.MethodHandleNatives::refKindHasReceiver (33 bytes)
Event: 0.808 Thread 0x00000254ff814a40 nmethod 895 0x0000025480160990 code [0x0000025480160b20, 0x0000025480160c78]
Event: 0.808 Thread 0x00000254ff814a40  897       3       java.lang.reflect.Modifier::isFinal (13 bytes)
Event: 0.808 Thread 0x00000254ff814a40 nmethod 897 0x0000025480160d10 code [0x0000025480160ea0, 0x0000025480160ff8]
Event: 0.808 Thread 0x00000254ff814a40  896       3       java.lang.invoke.MethodHandles$Lookup::checkSecurityManager (97 bytes)

GC Heap History (0 events):
No events

Deoptimization events (20 events):
Event: 0.644 Thread 0x00000254f4e2f4a0 Uncommon trap: trap_request=0xffffff45 fr.pc=0x0000025487af9fc0 relative=0x00000000000001a0
Event: 0.644 Thread 0x00000254f4e2f4a0 Uncommon trap: reason=unstable_if action=reinterpret pc=0x0000025487af9fc0 method=java.lang.String.indexOf(II)I @ 4 c2
Event: 0.644 Thread 0x00000254f4e2f4a0 DEOPT PACKING pc=0x0000025487af9fc0 sp=0x00000058debfd5e0
Event: 0.644 Thread 0x00000254f4e2f4a0 DEOPT UNPACKING pc=0x00000254875823a3 sp=0x00000058debfd580 mode 2
Event: 0.671 Thread 0x000002549957e020 Uncommon trap: trap_request=0xffffff45 fr.pc=0x0000025487b00a88 relative=0x00000000000002c8
Event: 0.671 Thread 0x000002549957e020 Uncommon trap: reason=unstable_if action=reinterpret pc=0x0000025487b00a88 method=java.lang.invoke.VarHandle.checkExactAccessMode(Ljava/lang/invoke/VarHandle$AccessDescriptor;)V @ 4 c2
Event: 0.671 Thread 0x000002549957e020 DEOPT PACKING pc=0x0000025487b00a88 sp=0x00000058e00fe640
Event: 0.672 Thread 0x000002549957e020 DEOPT UNPACKING pc=0x00000254875823a3 sp=0x00000058e00fe5b0 mode 2
Event: 0.748 Thread 0x000002549957e020 Uncommon trap: trap_request=0xffffff45 fr.pc=0x0000025487b001f4 relative=0x0000000000000074
Event: 0.748 Thread 0x000002549957e020 Uncommon trap: reason=unstable_if action=reinterpret pc=0x0000025487b001f4 method=jdk.internal.misc.Unsafe.convEndian(ZI)I @ 4 c2
Event: 0.748 Thread 0x000002549957e020 DEOPT PACKING pc=0x0000025487b001f4 sp=0x00000058e00fd300
Event: 0.748 Thread 0x000002549957e020 DEOPT UNPACKING pc=0x00000254875823a3 sp=0x00000058e00fd230 mode 2
Event: 0.802 Thread 0x000002549957e020 Uncommon trap: trap_request=0xffffff45 fr.pc=0x0000025487affdc8 relative=0x00000000000000a8
Event: 0.802 Thread 0x000002549957e020 Uncommon trap: reason=unstable_if action=reinterpret pc=0x0000025487affdc8 method=jdk.internal.misc.Unsafe.convEndian(ZI)I @ 4 c2
Event: 0.802 Thread 0x000002549957e020 DEOPT PACKING pc=0x0000025487affdc8 sp=0x00000058e00fcb40
Event: 0.802 Thread 0x000002549957e020 DEOPT UNPACKING pc=0x00000254875823a3 sp=0x00000058e00fc9f0 mode 2
Event: 0.802 Thread 0x000002549957e020 Uncommon trap: trap_request=0xffffff45 fr.pc=0x0000025487b04138 relative=0x0000000000000038
Event: 0.802 Thread 0x000002549957e020 Uncommon trap: reason=unstable_if action=reinterpret pc=0x0000025487b04138 method=jdk.internal.misc.Unsafe.convEndian(ZI)I @ 4 c2
Event: 0.802 Thread 0x000002549957e020 DEOPT PACKING pc=0x0000025487b04138 sp=0x00000058e00fca60
Event: 0.802 Thread 0x000002549957e020 DEOPT UNPACKING pc=0x00000254875823a3 sp=0x00000058e00fc9f8 mode 2

Classes unloaded (0 events):
No events

Classes redefined (0 events):
No events

Internal exceptions (13 events):
Event: 0.093 Thread 0x00000254f4e2f4a0 Exception <a 'java/lang/NoSuchMethodError'{0x0000000712d21818}: 'void java.lang.invoke.DirectMethodHandle$Holder.invokeVirtual(java.lang.Object, java.lang.Object)'> (0x0000000712d21818) 
thrown [s\open\src\hotspot\share\interpreter\linkResolver.cpp, line 759]
Event: 0.214 Thread 0x00000254f4e2f4a0 Exception <a 'java/lang/NoSuchMethodError'{0x00000007126c5af8}: 'java.lang.Object java.lang.invoke.DirectMethodHandle$Holder.invokeStaticInit(java.lang.Object)'> (0x00000007126c5af8) 
thrown [s\open\src\hotspot\share\interpreter\linkResolver.cpp, line 759]
Event: 0.217 Thread 0x00000254f4e2f4a0 Exception <a 'java/lang/NoSuchMethodError'{0x00000007126d30f0}: 'void java.lang.invoke.DirectMethodHandle$Holder.invokeStatic(java.lang.Object, java.lang.Object)'> (0x00000007126d30f0) 
thrown [s\open\src\hotspot\share\interpreter\linkResolver.cpp, line 759]
Event: 0.538 Thread 0x00000254f4e2f4a0 Exception <a 'java/lang/NoSuchMethodError'{0x0000000712093718}: 'void java.lang.invoke.DirectMethodHandle$Holder.invokeSpecial(java.lang.Object, java.lang.Object, java.lang.Object)'> (0x0000000712093718) 
thrown [s\open\src\hotspot\share\interpreter\linkResolver.cpp, line 759]
Event: 0.550 Thread 0x00000254f4e2f4a0 Exception <a 'java/lang/NoSuchMethodError'{0x00000007120ca348}: 'void java.lang.invoke.DirectMethodHandle$Holder.invokeStatic(java.lang.Object, java.lang.Object, java.lang.Object)'> (0x00000007120ca348) 
thrown [s\open\src\hotspot\share\interpreter\linkResolver.cpp, line 759]
Event: 0.629 Thread 0x00000254f4e2f4a0 Exception <a 'java/lang/NoSuchMethodError'{0x0000000712157a90}: 'int java.lang.invoke.DirectMethodHandle$Holder.invokeStaticInit(java.lang.Object, java.lang.Object, java.lang.Object)'> (0x0000000712157a90) 
thrown [s\open\src\hotspot\share\interpreter\linkResolver.cpp, line 759]
Event: 0.664 Thread 0x00000254f4e2f4a0 Exception <a 'java/lang/NoSuchMethodError'{0x0000000711e1f468}: 'java.lang.Object java.lang.invoke.DirectMethodHandle$Holder.newInvokeSpecial(java.lang.Object, java.lang.Object, int, java.lang.Object)'> (0x0000000711e1f468) 
thrown [s\open\src\hotspot\share\interpreter\linkResolver.cpp, line 759]
Event: 0.665 Thread 0x00000254f4e2f4a0 Exception <a 'java/lang/NoSuchMethodError'{0x0000000711e23848}: 'java.lang.Object java.lang.invoke.DirectMethodHandle$Holder.invokeSpecial(java.lang.Object, java.lang.Object, java.lang.Object, int, java.lang.Object)'> (0x0000000711e23848) 
thrown [s\open\src\hotspot\share\interpreter\linkResolver.cpp, line 759]
Event: 0.730 Thread 0x000002549957e020 Exception <a 'java/lang/NoSuchMethodError'{0x0000000711d1bb98}: 'void java.lang.invoke.DirectMethodHandle$Holder.invokeStaticInit(java.lang.Object)'> (0x0000000711d1bb98) 
thrown [s\open\src\hotspot\share\interpreter\linkResolver.cpp, line 759]
Event: 0.734 Thread 0x00000254f4e2f4a0 Exception <a 'java/lang/NoSuchMethodError'{0x0000000711e389f8}: 'java.lang.Object java.lang.invoke.DirectMethodHandle$Holder.newInvokeSpecial(java.lang.Object, java.lang.Object, java.lang.Object, java.lang.Object, java.lang.Object, java.lang.Object)'> (0x0000000711e389f8) 
thrown [s\open\src\hotspot\share\interpreter\linkResolver.cpp, line 759]
Event: 0.759 Thread 0x00000254f4e2f4a0 Exception <a 'java/lang/NoSuchMethodError'{0x0000000711e6ae10}: 'java.lang.Object java.lang.invoke.DirectMethodHandle$Holder.newInvokeSpecial(java.lang.Object, java.lang.Object, java.lang.Object, java.lang.Object, java.lang.Object)'> (0x0000000711e6ae10) 
thrown [s\open\src\hotspot\share\interpreter\linkResolver.cpp, line 759]
Event: 0.760 Thread 0x000002549957ee90 Exception <a 'java/lang/NoSuchMethodError'{0x0000000711a04268}: 'void java.lang.invoke.DirectMethodHandle$Holder.invokeStatic(java.lang.Object, java.lang.Object, java.lang.Object, java.lang.Object)'> (0x0000000711a04268) 
thrown [s\open\src\hotspot\share\interpreter\linkResolver.cpp, line 759]
Event: 0.795 Thread 0x000002549957e020 Exception <a 'java/lang/NoSuchMethodError'{0x0000000711b9a418}: 'java.lang.Object java.lang.invoke.DirectMethodHandle$Holder.invokeStaticInit(java.lang.Object, int, int, int, int)'> (0x0000000711b9a418) 
thrown [s\open\src\hotspot\share\interpreter\linkResolver.cpp, line 759]

VM Operations (12 events):
Event: 0.182 Executing VM operation: HandshakeAllThreads
Event: 0.182 Executing VM operation: HandshakeAllThreads done
Event: 0.182 Executing VM operation: HandshakeAllThreads
Event: 0.182 Executing VM operation: HandshakeAllThreads done
Event: 0.231 Executing VM operation: HandshakeAllThreads
Event: 0.231 Executing VM operation: HandshakeAllThreads done
Event: 0.644 Executing VM operation: HandshakeAllThreads
Event: 0.644 Executing VM operation: HandshakeAllThreads done
Event: 0.801 Executing VM operation: HandshakeAllThreads
Event: 0.801 Executing VM operation: HandshakeAllThreads done
Event: 0.807 Executing VM operation: HandshakeAllThreads
Event: 0.807 Executing VM operation: HandshakeAllThreads done

Events (20 events):
Event: 0.794 loading class sun/security/provider/AbstractDrbg
Event: 0.794 loading class sun/security/provider/AbstractDrbg done
Event: 0.794 loading class sun/security/provider/AbstractHashDrbg done
Event: 0.794 loading class sun/security/provider/HashDrbg done
Event: 0.794 loading class sun/security/provider/EntropySource
Event: 0.794 loading class sun/security/provider/EntropySource done
Event: 0.796 loading class java/security/DrbgParameters$NextBytes
Event: 0.796 loading class java/security/DrbgParameters$NextBytes done
Event: 0.796 loading class sun/security/provider/AbstractDrbg$SeederHolder
Event: 0.796 loading class sun/security/provider/AbstractDrbg$SeederHolder done
Event: 0.796 loading class sun/security/provider/SeedGenerator
Event: 0.796 loading class sun/security/provider/SeedGenerator done
Event: 0.796 loading class sun/security/provider/NativeSeedGenerator
Event: 0.796 loading class sun/security/provider/NativeSeedGenerator done
Event: 0.801 loading class sun/security/provider/SHA
Event: 0.801 loading class sun/security/provider/SHA done
Event: 0.801 loading class sun/security/provider/SeedGenerator$1
Event: 0.801 loading class sun/security/provider/SeedGenerator$1 done
Event: 0.802 loading class sun/security/provider/ByteArrayAccess$BE
Event: 0.802 loading class sun/security/provider/ByteArrayAccess$BE done


Dynamic libraries:
0x00007ff7f28c0000 - 0x00007ff7f28d0000 	C:\LAB-TOOLS\JDK\jdk-17.0.6\bin\java.exe
0x00007ffd55ef0000 - 0x00007ffd56107000 	C:\WINDOWS\SYSTEM32\ntdll.dll
0x00007ffd547c0000 - 0x00007ffd54884000 	C:\WINDOWS\System32\KERNEL32.DLL
0x00007ffd53540000 - 0x00007ffd538e7000 	C:\WINDOWS\System32\KERNELBASE.dll
0x00007ffd53420000 - 0x00007ffd53531000 	C:\WINDOWS\System32\ucrtbase.dll
0x00007ffd42370000 - 0x00007ffd42388000 	C:\LAB-TOOLS\JDK\jdk-17.0.6\bin\jli.dll
0x00007ffd333b0000 - 0x00007ffd333cb000 	C:\LAB-TOOLS\JDK\jdk-17.0.6\bin\VCRUNTIME140.dll
0x00007ffd55df0000 - 0x00007ffd55ea2000 	C:\WINDOWS\System32\ADVAPI32.dll
0x00007ffd540f0000 - 0x00007ffd54197000 	C:\WINDOWS\System32\msvcrt.dll
0x00007ffd54260000 - 0x00007ffd54308000 	C:\WINDOWS\System32\sechost.dll
0x00007ffd53210000 - 0x00007ffd53238000 	C:\WINDOWS\System32\bcrypt.dll
0x00007ffd54630000 - 0x00007ffd54745000 	C:\WINDOWS\System32\RPCRT4.dll
0x00007ffd54480000 - 0x00007ffd5462e000 	C:\WINDOWS\System32\USER32.dll
0x00007ffd539b0000 - 0x00007ffd539d6000 	C:\WINDOWS\System32\win32u.dll
0x00007ffd54450000 - 0x00007ffd54479000 	C:\WINDOWS\System32\GDI32.dll
0x00007ffd40920000 - 0x00007ffd40bb3000 	C:\WINDOWS\WinSxS\amd64_microsoft.windows.common-controls_6595b64144ccf1df_6.0.22621.3527_none_270e469b73872a76\COMCTL32.dll
0x00007ffd53b00000 - 0x00007ffd53c19000 	C:\WINDOWS\System32\gdi32full.dll
0x00007ffd539e0000 - 0x00007ffd53a7a000 	C:\WINDOWS\System32\msvcp_win.dll
0x00007ffd441c0000 - 0x00007ffd441ca000 	C:\WINDOWS\SYSTEM32\VERSION.dll
0x00007ffd543b0000 - 0x00007ffd543e1000 	C:\WINDOWS\System32\IMM32.DLL
0x00007ffd334c0000 - 0x00007ffd334cc000 	C:\LAB-TOOLS\JDK\jdk-17.0.6\bin\vcruntime140_1.dll
0x00007ffcfb250000 - 0x00007ffcfb2de000 	C:\LAB-TOOLS\JDK\jdk-17.0.6\bin\msvcp140.dll
0x00007ffca5f30000 - 0x00007ffca6b07000 	C:\LAB-TOOLS\JDK\jdk-17.0.6\bin\server\jvm.dll
0x00007ffd54890000 - 0x00007ffd54898000 	C:\WINDOWS\System32\PSAPI.DLL
0x00007ffd4ba30000 - 0x00007ffd4ba39000 	C:\WINDOWS\SYSTEM32\WSOCK32.dll
0x00007ffd4b040000 - 0x00007ffd4b074000 	C:\WINDOWS\SYSTEM32\WINMM.dll
0x00007ffd55970000 - 0x00007ffd559e1000 	C:\WINDOWS\System32\WS2_32.dll
0x00007ffd521f0000 - 0x00007ffd52208000 	C:\WINDOWS\SYSTEM32\kernel.appcore.dll
0x00007ffd333a0000 - 0x00007ffd333aa000 	C:\LAB-TOOLS\JDK\jdk-17.0.6\bin\jimage.dll
0x00007ffd50860000 - 0x00007ffd50a92000 	C:\WINDOWS\SYSTEM32\DBGHELP.DLL
0x00007ffd54d80000 - 0x00007ffd55108000 	C:\WINDOWS\System32\combase.dll
0x00007ffd55af0000 - 0x00007ffd55bc7000 	C:\WINDOWS\System32\OLEAUT32.dll
0x00007ffd43c70000 - 0x00007ffd43ca2000 	C:\WINDOWS\SYSTEM32\dbgcore.DLL
0x00007ffd53a80000 - 0x00007ffd53af9000 	C:\WINDOWS\System32\bcryptPrimitives.dll
0x00007ffd33370000 - 0x00007ffd33395000 	C:\LAB-TOOLS\JDK\jdk-17.0.6\bin\java.dll
0x00007ffcfb020000 - 0x00007ffcfb0f7000 	C:\LAB-TOOLS\JDK\jdk-17.0.6\bin\jsvml.dll
0x00007ffd55110000 - 0x00007ffd5596c000 	C:\WINDOWS\System32\SHELL32.dll
0x00007ffd51100000 - 0x00007ffd519f6000 	C:\WINDOWS\SYSTEM32\windows.storage.dll
0x00007ffd50fc0000 - 0x00007ffd510fe000 	C:\WINDOWS\SYSTEM32\wintypes.dll
0x00007ffd54c80000 - 0x00007ffd54d75000 	C:\WINDOWS\System32\SHCORE.dll
0x00007ffd55bd0000 - 0x00007ffd55c2e000 	C:\WINDOWS\System32\shlwapi.dll
0x00007ffd53140000 - 0x00007ffd53161000 	C:\WINDOWS\SYSTEM32\profapi.dll
0x00007ffd33350000 - 0x00007ffd33369000 	C:\LAB-TOOLS\JDK\jdk-17.0.6\bin\net.dll
0x00007ffd4b430000 - 0x00007ffd4b566000 	C:\WINDOWS\SYSTEM32\WINHTTP.dll
0x00007ffd52650000 - 0x00007ffd526b9000 	C:\WINDOWS\system32\mswsock.dll
0x00007ffd0c0a0000 - 0x00007ffd0c0b6000 	C:\LAB-TOOLS\JDK\jdk-17.0.6\bin\nio.dll
0x00007ffd0c080000 - 0x00007ffd0c098000 	C:\LAB-TOOLS\JDK\jdk-17.0.6\bin\zip.dll
0x00000254fedc0000 - 0x00000254fedc3000 	C:\Users\papth\.openjfx\cache\13\api-ms-win-core-console-l1-1-0.dll
0x00000254fedd0000 - 0x00000254fedd3000 	C:\Users\papth\.openjfx\cache\13\api-ms-win-core-datetime-l1-1-0.dll
0x00000254fede0000 - 0x00000254fede3000 	C:\Users\papth\.openjfx\cache\13\api-ms-win-core-debug-l1-1-0.dll
0x00000254fedf0000 - 0x00000254fedf3000 	C:\Users\papth\.openjfx\cache\13\api-ms-win-core-errorhandling-l1-1-0.dll
0x00000254fee00000 - 0x00000254fee04000 	C:\Users\papth\.openjfx\cache\13\api-ms-win-core-file-l1-1-0.dll
0x00000254fee10000 - 0x00000254fee13000 	C:\Users\papth\.openjfx\cache\13\api-ms-win-core-file-l1-2-0.dll
0x00000254fee20000 - 0x00000254fee23000 	C:\Users\papth\.openjfx\cache\13\api-ms-win-core-file-l2-1-0.dll
0x00000254fee30000 - 0x00000254fee33000 	C:\Users\papth\.openjfx\cache\13\api-ms-win-core-handle-l1-1-0.dll
0x00000254fee40000 - 0x00000254fee43000 	C:\Users\papth\.openjfx\cache\13\api-ms-win-core-heap-l1-1-0.dll
0x00000254fee50000 - 0x00000254fee53000 	C:\Users\papth\.openjfx\cache\13\api-ms-win-core-interlocked-l1-1-0.dll
0x00000254fee60000 - 0x00000254fee63000 	C:\Users\papth\.openjfx\cache\13\api-ms-win-core-libraryloader-l1-1-0.dll
0x00000254fee70000 - 0x00000254fee73000 	C:\Users\papth\.openjfx\cache\13\api-ms-win-core-localization-l1-2-0.dll
0x00000254fee80000 - 0x00000254fee83000 	C:\Users\papth\.openjfx\cache\13\api-ms-win-core-memory-l1-1-0.dll
0x00000254fee90000 - 0x00000254fee93000 	C:\Users\papth\.openjfx\cache\13\api-ms-win-core-namedpipe-l1-1-0.dll
0x00000254feea0000 - 0x00000254feea3000 	C:\Users\papth\.openjfx\cache\13\api-ms-win-core-processenvironment-l1-1-0.dll
0x00000254feeb0000 - 0x00000254feeb3000 	C:\Users\papth\.openjfx\cache\13\api-ms-win-core-processthreads-l1-1-0.dll
0x00000254feec0000 - 0x00000254feec3000 	C:\Users\papth\.openjfx\cache\13\api-ms-win-core-processthreads-l1-1-1.dll
0x00000254feed0000 - 0x00000254feed3000 	C:\Users\papth\.openjfx\cache\13\api-ms-win-core-profile-l1-1-0.dll
0x00000254feee0000 - 0x00000254feee3000 	C:\Users\papth\.openjfx\cache\13\api-ms-win-core-rtlsupport-l1-1-0.dll
0x00000254feef0000 - 0x00000254feef3000 	C:\Users\papth\.openjfx\cache\13\api-ms-win-core-string-l1-1-0.dll
0x00000254fef00000 - 0x00000254fef03000 	C:\Users\papth\.openjfx\cache\13\api-ms-win-core-synch-l1-1-0.dll
0x00000254fef10000 - 0x00000254fef13000 	C:\Users\papth\.openjfx\cache\13\api-ms-win-core-synch-l1-2-0.dll
0x00000254fef20000 - 0x00000254fef23000 	C:\Users\papth\.openjfx\cache\13\api-ms-win-core-sysinfo-l1-1-0.dll
0x00000254fef30000 - 0x00000254fef33000 	C:\Users\papth\.openjfx\cache\13\api-ms-win-core-timezone-l1-1-0.dll
0x00000254fef40000 - 0x00000254fef43000 	C:\Users\papth\.openjfx\cache\13\api-ms-win-core-util-l1-1-0.dll
0x00000254fef50000 - 0x00000254fef53000 	C:\Users\papth\.openjfx\cache\13\api-ms-win-crt-conio-l1-1-0.dll
0x00000254fef60000 - 0x00000254fef64000 	C:\Users\papth\.openjfx\cache\13\api-ms-win-crt-convert-l1-1-0.dll
0x00000254fef70000 - 0x00000254fef73000 	C:\Users\papth\.openjfx\cache\13\api-ms-win-crt-environment-l1-1-0.dll
0x00000254fef80000 - 0x00000254fef83000 	C:\Users\papth\.openjfx\cache\13\api-ms-win-crt-filesystem-l1-1-0.dll
0x00000254fef90000 - 0x00000254fef93000 	C:\Users\papth\.openjfx\cache\13\api-ms-win-crt-heap-l1-1-0.dll
0x00000254fefa0000 - 0x00000254fefa3000 	C:\Users\papth\.openjfx\cache\13\api-ms-win-crt-locale-l1-1-0.dll
0x00000254fefb0000 - 0x00000254fefb5000 	C:\Users\papth\.openjfx\cache\13\api-ms-win-crt-math-l1-1-0.dll
0x00000254fefc0000 - 0x00000254fefc5000 	C:\Users\papth\.openjfx\cache\13\api-ms-win-crt-multibyte-l1-1-0.dll
0x00000254fefd0000 - 0x00000254fefe0000 	C:\Users\papth\.openjfx\cache\13\api-ms-win-crt-private-l1-1-0.dll
0x00000254fefe0000 - 0x00000254fefe3000 	C:\Users\papth\.openjfx\cache\13\api-ms-win-crt-process-l1-1-0.dll
0x00000254feff0000 - 0x00000254feff4000 	C:\Users\papth\.openjfx\cache\13\api-ms-win-crt-runtime-l1-1-0.dll
0x00000254ffc00000 - 0x00000254ffc04000 	C:\Users\papth\.openjfx\cache\13\api-ms-win-crt-stdio-l1-1-0.dll
0x00000254ffc10000 - 0x00000254ffc14000 	C:\Users\papth\.openjfx\cache\13\api-ms-win-crt-string-l1-1-0.dll
0x00000254ffc20000 - 0x00000254ffc23000 	C:\Users\papth\.openjfx\cache\13\api-ms-win-crt-time-l1-1-0.dll
0x00000254ffc30000 - 0x00000254ffc33000 	C:\Users\papth\.openjfx\cache\13\api-ms-win-crt-utility-l1-1-0.dll
0x00007ffcd96c0000 - 0x00007ffcd97bc000 	C:\Users\papth\.openjfx\cache\13\ucrtbase.dll
0x00007ffd0bfd0000 - 0x00007ffd0bfe5000 	C:\Users\papth\.openjfx\cache\13\vcruntime140.dll
0x00007ffcfb1b0000 - 0x00007ffcfb24b000 	C:\Users\papth\.openjfx\cache\13\msvcp140.dll
0x00007ffd01be0000 - 0x00007ffd01c31000 	C:\Users\papth\.openjfx\cache\13\concrt140.dll
0x00007ffd01fc0000 - 0x00007ffd01fe3000 	C:\Users\papth\.openjfx\cache\13\prism_d3d.dll
0x00007ffcd1ea0000 - 0x00007ffcd2049000 	C:\WINDOWS\system32\d3d9.dll
0x00007ffd50680000 - 0x00007ffd506ab000 	C:\WINDOWS\SYSTEM32\dwmapi.dll
0x00007ffd50440000 - 0x00007ffd50479000 	C:\WINDOWS\SYSTEM32\dxcore.dll
0x00007ffd50360000 - 0x00007ffd5040b000 	C:\WINDOWS\system32\uxtheme.dll
0x00007ffcd0a60000 - 0x00007ffcd0bc5000 	C:\Windows\System32\DriverStore\FileRepository\iigd_dch.inf_amd64_2b1d9e395a05d1c9\igdumdim64.dll
0x00007ffd55c30000 - 0x00007ffd55dd5000 	C:\WINDOWS\System32\ole32.dll
0x00007ffc96350000 - 0x00007ffc9aad0000 	C:\Windows\System32\DriverStore\FileRepository\iigd_dch.inf_amd64_2b1d9e395a05d1c9\igd9dxva64.dll
0x00007ffd53c20000 - 0x00007ffd54094000 	C:\WINDOWS\System32\SETUPAPI.dll
0x00007ffd52ef0000 - 0x00007ffd52f3e000 	C:\WINDOWS\SYSTEM32\cfgmgr32.dll
0x00007ffd47e70000 - 0x00007ffd480c8000 	C:\Windows\System32\DriverStore\FileRepository\iigd_dch.inf_amd64_2b1d9e395a05d1c9\igdgmm64.dll
0x00007ffd4dc30000 - 0x00007ffd4dc7a000 	C:\WINDOWS\SYSTEM32\directxdatabasehelper.dll
0x00007ffcfaeb0000 - 0x00007ffcfaef5000 	C:\Users\papth\.openjfx\cache\13\glass.dll
0x00007ffd559f0000 - 0x00007ffd55ae7000 	C:\WINDOWS\System32\COMDLG32.dll
0x00007ffd54a70000 - 0x00007ffd54bc3000 	C:\WINDOWS\System32\MSCTF.dll
0x00007ffd0a790000 - 0x00007ffd0a7b7000 	C:\Windows\System32\DriverStore\FileRepository\iigd_dch.inf_amd64_2b1d9e395a05d1c9\igdinfo64.dll
0x00007ffd45190000 - 0x00007ffd47e70000 	C:\Windows\System32\DriverStore\FileRepository\iigd_dch.inf_amd64_2b1d9e395a05d1c9\igc64.dll
0x00007ffd52ad0000 - 0x00007ffd52aeb000 	C:\WINDOWS\SYSTEM32\CRYPTSP.dll
0x00007ffd52150000 - 0x00007ffd52185000 	C:\WINDOWS\system32\rsaenh.dll
0x00007ffd526f0000 - 0x00007ffd52718000 	C:\WINDOWS\SYSTEM32\USERENV.dll
0x00007ffd52850000 - 0x00007ffd5285c000 	C:\WINDOWS\SYSTEM32\CRYPTBASE.dll

dbghelp: loaded successfully - version: 4.0.5 - missing functions: none
symbol engine: initialized successfully - sym options: 0x614 - pdb path: .;C:\LAB-TOOLS\JDK\jdk-17.0.6\bin;C:\WINDOWS\SYSTEM32;C:\WINDOWS\WinSxS\amd64_microsoft.windows.common-controls_6595b64144ccf1df_6.0.22621.3527_none_270e469b73872a76;C:\LAB-TOOLS\JDK\jdk-17.0.6\bin\server;C:\Users\papth\.openjfx\cache\13;C:\Windows\System32\DriverStore\FileRepository\iigd_dch.inf_amd64_2b1d9e395a05d1c9

VM Arguments:
jvm_args: --module-path=c:\LAB-TOOLS\ECLIPSE\Eclipse-Workspace\multimedia\weblibrary\target\classes;C:\Users\papth\.m2\repository\org\openjfx\javafx-base\13\javafx-base-13-win.jar;C:\Users\papth\.m2\repository\org\openjfx\javafx-controls\13\javafx-controls-13-win.jar;C:\Users\papth\.m2\repository\org\openjfx\javafx-fxml\13\javafx-fxml-13-win.jar;C:\Users\papth\.m2\repository\org\openjfx\javafx-graphics\13\javafx-graphics-13-win.jar --add-modules=com.library -Djdk.module.main=com.library 
java_command: com.library/com.library.App
java_class_path (initial): C:\Users\papth\.m2\repository\org\openjfx\javafx-base\13\javafx-base-13.jar;C:\Users\papth\.m2\repository\org\openjfx\javafx-controls\13\javafx-controls-13.jar;C:\Users\papth\.m2\repository\org\openjfx\javafx-fxml\13\javafx-fxml-13.jar;C:\Users\papth\.m2\repository\org\openjfx\javafx-graphics\13\javafx-graphics-13.jar
Launcher Type: SUN_STANDARD

[Global flags]
     intx CICompilerCount                          = 4                                         {product} {ergonomic}
     uint ConcGCThreads                            = 2                                         {product} {ergonomic}
     uint G1ConcRefinementThreads                  = 8                                         {product} {ergonomic}
   size_t G1HeapRegionSize                         = 2097152                                   {product} {ergonomic}
    uintx GCDrainStackTargetSize                   = 64                                        {product} {ergonomic}
   size_t InitialHeapSize                          = 266338304                                 {product} {ergonomic}
   size_t MarkStackSize                            = 4194304                                   {product} {ergonomic}
   size_t MaxHeapSize                              = 4244635648                                {product} {ergonomic}
   size_t MaxNewSize                               = 2545942528                                {product} {ergonomic}
   size_t MinHeapDeltaBytes                        = 2097152                                   {product} {ergonomic}
   size_t MinHeapSize                              = 8388608                                   {product} {ergonomic}
    uintx NonNMethodCodeHeapSize                   = 5839372                                {pd product} {ergonomic}
    uintx NonProfiledCodeHeapSize                  = 122909434                              {pd product} {ergonomic}
    uintx ProfiledCodeHeapSize                     = 122909434                              {pd product} {ergonomic}
    uintx ReservedCodeCacheSize                    = 251658240                              {pd product} {ergonomic}
     bool SegmentedCodeCache                       = true                                      {product} {ergonomic}
   size_t SoftMaxHeapSize                          = 4244635648                             {manageable} {ergonomic}
     bool UseCompressedClassPointers               = true                           {product lp64_product} {ergonomic}
     bool UseCompressedOops                        = true                           {product lp64_product} {ergonomic}
     bool UseG1GC                                  = true                                      {product} {ergonomic}
     bool UseLargePagesIndividualAllocation        = false                                  {pd product} {ergonomic}

Logging:
Log output configuration:
 #0: stdout all=warning uptime,level,tags
 #1: stderr all=off uptime,level,tags

Environment Variables:
JAVA_HOME=C:\LAB-TOOLS\JDK\jdk-17.0.6
PATH=C:\Users\papth\anaconda3\envs\patrec;C:\Users\papth\anaconda3\envs\patrec\Library\mingw-w64\bin;C:\Users\papth\anaconda3\envs\patrec\Library\usr\bin;C:\Users\papth\anaconda3\envs\patrec\Library\bin;C:\Users\papth\anaconda3\envs\patrec\Scripts;C:\Users\papth\anaconda3\envs\patrec\bin;C:\Users\papth\anaconda3\condabin;C:\Program Files\PowerShell\7;C:\Python311\Scripts;C:\Python311;C:\LAB-TOOLS\JDK\jdk-17.0.6\bin;C:\Program Files\Microsoft\jdk-11.0.12.7-hotspot\bin;C:\Program Files\AdoptOpenJDK\jdk-11.0.9.101-hotspot\bin;C:\Program Files (x86)\Common Files\Oracle\Java\javapath;C:\windows\system32;C:\windows;C:\windows\System32\Wbem;C:\windows\System32\WindowsPowerShell\v1.0;C:\windows\System32\OpenSSH;C:\Program Files (x86)\NVIDIA Corporation\PhysX\Common;C:\Program Files\NVIDIA Corporation\NVIDIA NvDLISR;C:\Program Files (x86)\Wolfram Research\WolframScript;C:\WINDOWS\system32;C:\WINDOWS;C:\WINDOWS\System32\Wbem;C:\WINDOWS\System32\WindowsPowerShell\v1.0;C:\WINDOWS\System32\OpenSSH;C:\Program Files\MATLAB\R2020a\runtime\win64;C:\Program Files\MATLAB\R2020a\bin;C:\Program Files\OpenVPN\bin;C:\Program Files\Git\cmd;C:\Program Files\Git\usr\bin;C:\Program Files\Microsoft SQL Server\150\Tools\Binn;C:\Program Files\dotnet;C:\MinGW\mingw32\bin;C:\WINDOWS\system32;C:\WINDOWS;C:\WINDOWS\System32\Wbem;C:\WINDOWS\System32\WindowsPowerShell\v1.0;C:\Program Files\nodejs;C:\ProgramData\chocolatey\bin;C:\Program Files\Docker\Docker\resources\bin;C:\WINDOWS\System32\OpenSSH;C:\Program Files\PowerShell\7;C:\LAB-TOOLS\apache-maven-3.9.6-bin\apache-maven-3.9.6\bin;C:\Program Files\PowerShell\7-preview\preview;C:\Users\papth\scoop\shims;C:\dev\flutter\bin;C:\Users\papth\AppData\Local\Microsoft\WindowsApps;C:\Users\papth\AppData\Local\GitHubDesktop\bin;C:\Users\papth\AppData\Local\Microsoft\WindowsApps;C:\Users\papth\AppData\Local\atom\bin;C:\Users\papth\.dotnet\tools;C:\Users\papth\AppData\Roaming\npm;C:\dev\android-sdk\platform-tools;C:\Program Files\nodejs;C:\Users\papth\AppData\Loc
USERNAME=papth
LANG=en_US.UTF-8
OS=Windows_NT
PROCESSOR_IDENTIFIER=Intel64 Family 6 Model 142 Stepping 12, GenuineIntel



---------------  S Y S T E M  ---------------

OS:
 Windows 11 , 64 bit Build 22621 (10.0.22621.3527)
OS uptime: 0 days 13:32 hours
Hyper-V role detected

CPU: total 8 (initial active 8) (4 cores per cpu, 2 threads per core) family 6 model 142 stepping 12 microcode 0xde, cx8, cmov, fxsr, ht, mmx, 3dnowpref, sse, sse2, sse3, ssse3, sse4.1, sse4.2, popcnt, lzcnt, tsc, tscinvbit, avx, avx2, aes, erms, clmul, bmi1, bmi2, adx, fma, vzeroupper, clflush, clflushopt, hv

Memory: 4k page, system-wide physical 16187M (6370M free)
TotalPageFile size 16187M (AvailPageFile size 275M)
current process WorkingSet (physical memory assigned to process): 94M, peak: 94M
current process commit charge ("private bytes"): 382M, peak: 383M

vm_info: Java HotSpot(TM) 64-Bit Server VM (17.0.6+9-LTS-190) for windows-amd64 JRE (17.0.6+9-LTS-190), built on Dec  6 2022 15:53:54 by "mach5one" with MS VC++ 17.1 (VS2022)

END.
