#
# There is insufficient memory for the Java Runtime Environment to continue.
# Native memory allocation (malloc) failed to allocate 32744 bytes for ChunkPool::allocate
# Possible reasons:
#   The system is out of physical RAM or swap space
#   The process is running with CompressedOops enabled, and the Java Heap may be blocking the growth of the native heap
# Possible solutions:
#   Reduce memory load on the system
#   Increase physical memory or swap space
#   Check if swap backing store is full
#   Decrease Java heap size (-Xmx/-Xms)
#   Decrease number of Java threads
#   Decrease Java thread stack sizes (-Xss)
#   Set larger code cache with -XX:ReservedCodeCacheSize=
#   JVM is running with Zero Based Compressed Oops mode in which the Java heap is
#     placed in the first 32GB address space. The Java Heap base address is the
#     maximum limit for the native heap growth. Please use -XX:HeapBaseMinAddress
#     to set the Java Heap base and to place the Java Heap above 32GB virtual address.
# This output file may be truncated or incomplete.
#
#  Out of Memory Error (arena.cpp:78), pid=17512, tid=17492
#
# JRE version: Java(TM) SE Runtime Environment (17.0.6+9) (build 17.0.6+9-LTS-190)
# Java VM: Java HotSpot(TM) 64-Bit Server VM (17.0.6+9-LTS-190, mixed mode, sharing, tiered, compressed oops, compressed class ptrs, g1 gc, windows-amd64)
# No core dump will be written. Minidumps are not enabled by default on client versions of Windows
#

---------------  S U M M A R Y ------------

Command Line: --module-path=c:\LAB-TOOLS\ECLIPSE\Eclipse-Workspace\multimedia\weblibrary\target\classes;C:\Users\papth\.m2\repository\org\openjfx\javafx-base\13\javafx-base-13-win.jar;C:\Users\papth\.m2\repository\org\openjfx\javafx-controls\13\javafx-controls-13-win.jar;C:\Users\papth\.m2\repository\org\openjfx\javafx-fxml\13\javafx-fxml-13-win.jar;C:\Users\papth\.m2\repository\org\openjfx\javafx-graphics\13\javafx-graphics-13-win.jar --add-modules=com.library -Djdk.module.main=com.library com.library/com.library.App

Host: Intel(R) Core(TM) i7-10510U CPU @ 1.80GHz, 8 cores, 15G,  Windows 11 , 64 bit Build 22621 (10.0.22621.3235)
Time: Mon Mar 18 22:14:57 2024  Windows 11 , 64 bit Build 22621 (10.0.22621.3235) elapsed time: 0.104452 seconds (0d 0h 0m 0s)

---------------  T H R E A D  ---------------

Current thread (0x00000273c7a84420):  JavaThread "C2 CompilerThread1" daemon [_thread_in_native, id=17492, stack(0x000000e70ae00000,0x000000e70af00000)]


Current CompileTask:
C2:    104  270       4       java.util.HashMap::put (13 bytes)

Stack: [0x000000e70ae00000,0x000000e70af00000]
Native frames: (J=compiled Java code, j=interpreted, Vv=VM code, C=native code)
V  [jvm.dll+0x6734ea]
V  [jvm.dll+0x7d18f4]
V  [jvm.dll+0x7d309e]
V  [jvm.dll+0x7d3703]
V  [jvm.dll+0x2433c5]
V  [jvm.dll+0xaa6c0]
V  [jvm.dll+0xaaa0c]
V  [jvm.dll+0xaa584]
V  [jvm.dll+0x651da1]
V  [jvm.dll+0x650788]
V  [jvm.dll+0x34506f]
V  [jvm.dll+0x1a5855]
V  [jvm.dll+0x1a5419]
V  [jvm.dll+0x2a7d4c]
V  [jvm.dll+0x68baa3]
V  [jvm.dll+0x683a76]
V  [jvm.dll+0x6830c0]
V  [jvm.dll+0x680fca]
V  [jvm.dll+0x1a494c]
V  [jvm.dll+0x1a54db]
V  [jvm.dll+0x2a7d4c]
V  [jvm.dll+0x68baa3]
V  [jvm.dll+0x683a76]
V  [jvm.dll+0x6830c0]
V  [jvm.dll+0x680fca]
V  [jvm.dll+0x1a494c]
V  [jvm.dll+0x214dc8]
V  [jvm.dll+0x1a1730]
V  [jvm.dll+0x224b6e]
V  [jvm.dll+0x222f15]
V  [jvm.dll+0x78753c]
V  [jvm.dll+0x781a7a]
V  [jvm.dll+0x672375]
C  [ucrtbase.dll+0x29363]
C  [KERNEL32.DLL+0x1257d]
C  [ntdll.dll+0x5aa58]


---------------  P R O C E S S  ---------------

Threads class SMR info:
_java_thread_list=0x00000273c7c73ee0, length=14, elements={
0x00000273a4040430, 0x00000273c6c980f0, 0x00000273c6c98e70, 0x00000273c6cac400,
0x00000273c6cacec0, 0x00000273c7802090, 0x00000273c780ea50, 0x00000273c780f6f0,
0x00000273c7804160, 0x00000273c7805240, 0x00000273c6c81fd0, 0x00000273c7a84420,
0x00000273c7a836e0, 0x00000273c7c9dfc0
}

Java Threads: ( => current thread )
  0x00000273a4040430 JavaThread "main" [_thread_in_vm, id=20796, stack(0x000000e709d00000,0x000000e709e00000)]
  0x00000273c6c980f0 JavaThread "Reference Handler" daemon [_thread_blocked, id=11760, stack(0x000000e70a400000,0x000000e70a500000)]
  0x00000273c6c98e70 JavaThread "Finalizer" daemon [_thread_blocked, id=19604, stack(0x000000e70a500000,0x000000e70a600000)]
  0x00000273c6cac400 JavaThread "Signal Dispatcher" daemon [_thread_blocked, id=15156, stack(0x000000e70a600000,0x000000e70a700000)]
  0x00000273c6cacec0 JavaThread "Attach Listener" daemon [_thread_blocked, id=23312, stack(0x000000e70a700000,0x000000e70a800000)]
  0x00000273c7802090 JavaThread "Service Thread" daemon [_thread_blocked, id=20640, stack(0x000000e70a800000,0x000000e70a900000)]
  0x00000273c780ea50 JavaThread "Monitor Deflation Thread" daemon [_thread_blocked, id=21944, stack(0x000000e70a900000,0x000000e70aa00000)]
  0x00000273c780f6f0 JavaThread "C2 CompilerThread0" daemon [_thread_in_native, id=12352, stack(0x000000e70aa00000,0x000000e70ab00000)]
  0x00000273c7804160 JavaThread "C1 CompilerThread0" daemon [_thread_in_native, id=1892, stack(0x000000e70ab00000,0x000000e70ac00000)]
  0x00000273c7805240 JavaThread "Sweeper thread" daemon [_thread_blocked, id=22704, stack(0x000000e70ac00000,0x000000e70ad00000)]
  0x00000273c6c81fd0 JavaThread "Common-Cleaner" daemon [_thread_blocked, id=24536, stack(0x000000e70ad00000,0x000000e70ae00000)]
=>0x00000273c7a84420 JavaThread "C2 CompilerThread1" daemon [_thread_in_native, id=17492, stack(0x000000e70ae00000,0x000000e70af00000)]
  0x00000273c7a836e0 JavaThread "C2 CompilerThread2" daemon [_thread_in_native, id=21676, stack(0x000000e70af00000,0x000000e70b000000)]
  0x00000273c7c9dfc0 JavaThread "Notification Thread" daemon [_thread_blocked, id=16916, stack(0x000000e70b000000,0x000000e70b100000)]

Other Threads:
  0x00000273c6c91bc0 VMThread "VM Thread" [stack: 0x000000e70a300000,0x000000e70a400000] [id=12328]
  0x00000273c7a82790 WatcherThread [stack: 0x000000e70b100000,0x000000e70b200000] [id=19500]
  0x00000273a40ac350 GCTaskThread "GC Thread#0" [stack: 0x000000e709e00000,0x000000e709f00000] [id=14784]
  0x00000273a40bcea0 ConcurrentGCThread "G1 Main Marker" [stack: 0x000000e709f00000,0x000000e70a000000] [id=14028]
  0x00000273a40bdf60 ConcurrentGCThread "G1 Conc#0" [stack: 0x000000e70a000000,0x000000e70a100000] [id=22080]
  0x00000273c6b45500 ConcurrentGCThread "G1 Refine#0" [stack: 0x000000e70a100000,0x000000e70a200000] [id=6320]
  0x00000273c6b45d30 ConcurrentGCThread "G1 Service" [stack: 0x000000e70a200000,0x000000e70a300000] [id=10432]

Threads with active compile tasks:
C2 CompilerThread0      124  268       4       java.util.HashMap::putVal (300 bytes)
C2 CompilerThread1      124  270       4       java.util.HashMap::put (13 bytes)
C2 CompilerThread2      124  264       4       java.util.stream.ReferencePipeline$3$1::accept (23 bytes)

VM state: not at safepoint (normal execution)

VM Mutex/Monitor currently owned by a thread: None

Heap address: 0x0000000703000000, size: 4048 MB, Compressed Oops mode: Zero based, Oop shift amount: 3

CDS archive(s) mapped at: [0x0000000800000000-0x0000000800bd0000-0x0000000800bd0000), size 12386304, SharedBaseAddress: 0x0000000800000000, ArchiveRelocationMode: 0.
Compressed class space mapped at: 0x0000000800c00000-0x0000000840c00000, reserved size: 1073741824
Narrow klass base: 0x0000000800000000, Narrow klass shift: 0, Narrow klass range: 0x100000000

GC Precious Log:
 CPUs: 8 total, 8 available
 Memory: 16187M
 Large Page Support: Disabled
 NUMA Support: Disabled
 Compressed Oops: Enabled (Zero based)
 Heap Region Size: 2M
 Heap Min Capacity: 8M
 Heap Initial Capacity: 254M
 Heap Max Capacity: 4048M
 Pre-touch: Disabled
 Parallel Workers: 8
 Concurrent Workers: 2
 Concurrent Refinement Workers: 8
 Periodic GC: Disabled

Heap:
 garbage-first heap   total 260096K, used 6144K [0x0000000703000000, 0x0000000800000000)
  region size 2048K, 4 young (8192K), 0 survivors (0K)
 Metaspace       used 863K, committed 1024K, reserved 1056768K
  class space    used 80K, committed 192K, reserved 1048576K

Heap Regions: E=young(eden), S=young(survivor), O=old, HS=humongous(starts), HC=humongous(continues), CS=collection set, F=free, OA=open archive, CA=closed archive, TAMS=top-at-mark-start (previous, next)
|   0|0x0000000703000000, 0x0000000703000000, 0x0000000703200000|  0%| F|  |TAMS 0x0000000703000000, 0x0000000703000000| Untracked 
|   1|0x0000000703200000, 0x0000000703200000, 0x0000000703400000|  0%| F|  |TAMS 0x0000000703200000, 0x0000000703200000| Untracked 
|   2|0x0000000703400000, 0x0000000703400000, 0x0000000703600000|  0%| F|  |TAMS 0x0000000703400000, 0x0000000703400000| Untracked 
|   3|0x0000000703600000, 0x0000000703600000, 0x0000000703800000|  0%| F|  |TAMS 0x0000000703600000, 0x0000000703600000| Untracked 
|   4|0x0000000703800000, 0x0000000703800000, 0x0000000703a00000|  0%| F|  |TAMS 0x0000000703800000, 0x0000000703800000| Untracked 
|   5|0x0000000703a00000, 0x0000000703a00000, 0x0000000703c00000|  0%| F|  |TAMS 0x0000000703a00000, 0x0000000703a00000| Untracked 
|   6|0x0000000703c00000, 0x0000000703c00000, 0x0000000703e00000|  0%| F|  |TAMS 0x0000000703c00000, 0x0000000703c00000| Untracked 
|   7|0x0000000703e00000, 0x0000000703e00000, 0x0000000704000000|  0%| F|  |TAMS 0x0000000703e00000, 0x0000000703e00000| Untracked 
|   8|0x0000000704000000, 0x0000000704000000, 0x0000000704200000|  0%| F|  |TAMS 0x0000000704000000, 0x0000000704000000| Untracked 
|   9|0x0000000704200000, 0x0000000704200000, 0x0000000704400000|  0%| F|  |TAMS 0x0000000704200000, 0x0000000704200000| Untracked 
|  10|0x0000000704400000, 0x0000000704400000, 0x0000000704600000|  0%| F|  |TAMS 0x0000000704400000, 0x0000000704400000| Untracked 
|  11|0x0000000704600000, 0x0000000704600000, 0x0000000704800000|  0%| F|  |TAMS 0x0000000704600000, 0x0000000704600000| Untracked 
|  12|0x0000000704800000, 0x0000000704800000, 0x0000000704a00000|  0%| F|  |TAMS 0x0000000704800000, 0x0000000704800000| Untracked 
|  13|0x0000000704a00000, 0x0000000704a00000, 0x0000000704c00000|  0%| F|  |TAMS 0x0000000704a00000, 0x0000000704a00000| Untracked 
|  14|0x0000000704c00000, 0x0000000704c00000, 0x0000000704e00000|  0%| F|  |TAMS 0x0000000704c00000, 0x0000000704c00000| Untracked 
|  15|0x0000000704e00000, 0x0000000704e00000, 0x0000000705000000|  0%| F|  |TAMS 0x0000000704e00000, 0x0000000704e00000| Untracked 
|  16|0x0000000705000000, 0x0000000705000000, 0x0000000705200000|  0%| F|  |TAMS 0x0000000705000000, 0x0000000705000000| Untracked 
|  17|0x0000000705200000, 0x0000000705200000, 0x0000000705400000|  0%| F|  |TAMS 0x0000000705200000, 0x0000000705200000| Untracked 
|  18|0x0000000705400000, 0x0000000705400000, 0x0000000705600000|  0%| F|  |TAMS 0x0000000705400000, 0x0000000705400000| Untracked 
|  19|0x0000000705600000, 0x0000000705600000, 0x0000000705800000|  0%| F|  |TAMS 0x0000000705600000, 0x0000000705600000| Untracked 
|  20|0x0000000705800000, 0x0000000705800000, 0x0000000705a00000|  0%| F|  |TAMS 0x0000000705800000, 0x0000000705800000| Untracked 
|  21|0x0000000705a00000, 0x0000000705a00000, 0x0000000705c00000|  0%| F|  |TAMS 0x0000000705a00000, 0x0000000705a00000| Untracked 
|  22|0x0000000705c00000, 0x0000000705c00000, 0x0000000705e00000|  0%| F|  |TAMS 0x0000000705c00000, 0x0000000705c00000| Untracked 
|  23|0x0000000705e00000, 0x0000000705e00000, 0x0000000706000000|  0%| F|  |TAMS 0x0000000705e00000, 0x0000000705e00000| Untracked 
|  24|0x0000000706000000, 0x0000000706000000, 0x0000000706200000|  0%| F|  |TAMS 0x0000000706000000, 0x0000000706000000| Untracked 
|  25|0x0000000706200000, 0x0000000706200000, 0x0000000706400000|  0%| F|  |TAMS 0x0000000706200000, 0x0000000706200000| Untracked 
|  26|0x0000000706400000, 0x0000000706400000, 0x0000000706600000|  0%| F|  |TAMS 0x0000000706400000, 0x0000000706400000| Untracked 
|  27|0x0000000706600000, 0x0000000706600000, 0x0000000706800000|  0%| F|  |TAMS 0x0000000706600000, 0x0000000706600000| Untracked 
|  28|0x0000000706800000, 0x0000000706800000, 0x0000000706a00000|  0%| F|  |TAMS 0x0000000706800000, 0x0000000706800000| Untracked 
|  29|0x0000000706a00000, 0x0000000706a00000, 0x0000000706c00000|  0%| F|  |TAMS 0x0000000706a00000, 0x0000000706a00000| Untracked 
|  30|0x0000000706c00000, 0x0000000706c00000, 0x0000000706e00000|  0%| F|  |TAMS 0x0000000706c00000, 0x0000000706c00000| Untracked 
|  31|0x0000000706e00000, 0x0000000706e00000, 0x0000000707000000|  0%| F|  |TAMS 0x0000000706e00000, 0x0000000706e00000| Untracked 
|  32|0x0000000707000000, 0x0000000707000000, 0x0000000707200000|  0%| F|  |TAMS 0x0000000707000000, 0x0000000707000000| Untracked 
|  33|0x0000000707200000, 0x0000000707200000, 0x0000000707400000|  0%| F|  |TAMS 0x0000000707200000, 0x0000000707200000| Untracked 
|  34|0x0000000707400000, 0x0000000707400000, 0x0000000707600000|  0%| F|  |TAMS 0x0000000707400000, 0x0000000707400000| Untracked 
|  35|0x0000000707600000, 0x0000000707600000, 0x0000000707800000|  0%| F|  |TAMS 0x0000000707600000, 0x0000000707600000| Untracked 
|  36|0x0000000707800000, 0x0000000707800000, 0x0000000707a00000|  0%| F|  |TAMS 0x0000000707800000, 0x0000000707800000| Untracked 
|  37|0x0000000707a00000, 0x0000000707a00000, 0x0000000707c00000|  0%| F|  |TAMS 0x0000000707a00000, 0x0000000707a00000| Untracked 
|  38|0x0000000707c00000, 0x0000000707c00000, 0x0000000707e00000|  0%| F|  |TAMS 0x0000000707c00000, 0x0000000707c00000| Untracked 
|  39|0x0000000707e00000, 0x0000000707e00000, 0x0000000708000000|  0%| F|  |TAMS 0x0000000707e00000, 0x0000000707e00000| Untracked 
|  40|0x0000000708000000, 0x0000000708000000, 0x0000000708200000|  0%| F|  |TAMS 0x0000000708000000, 0x0000000708000000| Untracked 
|  41|0x0000000708200000, 0x0000000708200000, 0x0000000708400000|  0%| F|  |TAMS 0x0000000708200000, 0x0000000708200000| Untracked 
|  42|0x0000000708400000, 0x0000000708400000, 0x0000000708600000|  0%| F|  |TAMS 0x0000000708400000, 0x0000000708400000| Untracked 
|  43|0x0000000708600000, 0x0000000708600000, 0x0000000708800000|  0%| F|  |TAMS 0x0000000708600000, 0x0000000708600000| Untracked 
|  44|0x0000000708800000, 0x0000000708800000, 0x0000000708a00000|  0%| F|  |TAMS 0x0000000708800000, 0x0000000708800000| Untracked 
|  45|0x0000000708a00000, 0x0000000708a00000, 0x0000000708c00000|  0%| F|  |TAMS 0x0000000708a00000, 0x0000000708a00000| Untracked 
|  46|0x0000000708c00000, 0x0000000708c00000, 0x0000000708e00000|  0%| F|  |TAMS 0x0000000708c00000, 0x0000000708c00000| Untracked 
|  47|0x0000000708e00000, 0x0000000708e00000, 0x0000000709000000|  0%| F|  |TAMS 0x0000000708e00000, 0x0000000708e00000| Untracked 
|  48|0x0000000709000000, 0x0000000709000000, 0x0000000709200000|  0%| F|  |TAMS 0x0000000709000000, 0x0000000709000000| Untracked 
|  49|0x0000000709200000, 0x0000000709200000, 0x0000000709400000|  0%| F|  |TAMS 0x0000000709200000, 0x0000000709200000| Untracked 
|  50|0x0000000709400000, 0x0000000709400000, 0x0000000709600000|  0%| F|  |TAMS 0x0000000709400000, 0x0000000709400000| Untracked 
|  51|0x0000000709600000, 0x0000000709600000, 0x0000000709800000|  0%| F|  |TAMS 0x0000000709600000, 0x0000000709600000| Untracked 
|  52|0x0000000709800000, 0x0000000709800000, 0x0000000709a00000|  0%| F|  |TAMS 0x0000000709800000, 0x0000000709800000| Untracked 
|  53|0x0000000709a00000, 0x0000000709a00000, 0x0000000709c00000|  0%| F|  |TAMS 0x0000000709a00000, 0x0000000709a00000| Untracked 
|  54|0x0000000709c00000, 0x0000000709c00000, 0x0000000709e00000|  0%| F|  |TAMS 0x0000000709c00000, 0x0000000709c00000| Untracked 
|  55|0x0000000709e00000, 0x0000000709e00000, 0x000000070a000000|  0%| F|  |TAMS 0x0000000709e00000, 0x0000000709e00000| Untracked 
|  56|0x000000070a000000, 0x000000070a000000, 0x000000070a200000|  0%| F|  |TAMS 0x000000070a000000, 0x000000070a000000| Untracked 
|  57|0x000000070a200000, 0x000000070a200000, 0x000000070a400000|  0%| F|  |TAMS 0x000000070a200000, 0x000000070a200000| Untracked 
|  58|0x000000070a400000, 0x000000070a400000, 0x000000070a600000|  0%| F|  |TAMS 0x000000070a400000, 0x000000070a400000| Untracked 
|  59|0x000000070a600000, 0x000000070a600000, 0x000000070a800000|  0%| F|  |TAMS 0x000000070a600000, 0x000000070a600000| Untracked 
|  60|0x000000070a800000, 0x000000070a800000, 0x000000070aa00000|  0%| F|  |TAMS 0x000000070a800000, 0x000000070a800000| Untracked 
|  61|0x000000070aa00000, 0x000000070aa00000, 0x000000070ac00000|  0%| F|  |TAMS 0x000000070aa00000, 0x000000070aa00000| Untracked 
|  62|0x000000070ac00000, 0x000000070ac00000, 0x000000070ae00000|  0%| F|  |TAMS 0x000000070ac00000, 0x000000070ac00000| Untracked 
|  63|0x000000070ae00000, 0x000000070ae00000, 0x000000070b000000|  0%| F|  |TAMS 0x000000070ae00000, 0x000000070ae00000| Untracked 
|  64|0x000000070b000000, 0x000000070b000000, 0x000000070b200000|  0%| F|  |TAMS 0x000000070b000000, 0x000000070b000000| Untracked 
|  65|0x000000070b200000, 0x000000070b200000, 0x000000070b400000|  0%| F|  |TAMS 0x000000070b200000, 0x000000070b200000| Untracked 
|  66|0x000000070b400000, 0x000000070b400000, 0x000000070b600000|  0%| F|  |TAMS 0x000000070b400000, 0x000000070b400000| Untracked 
|  67|0x000000070b600000, 0x000000070b600000, 0x000000070b800000|  0%| F|  |TAMS 0x000000070b600000, 0x000000070b600000| Untracked 
|  68|0x000000070b800000, 0x000000070b800000, 0x000000070ba00000|  0%| F|  |TAMS 0x000000070b800000, 0x000000070b800000| Untracked 
|  69|0x000000070ba00000, 0x000000070ba00000, 0x000000070bc00000|  0%| F|  |TAMS 0x000000070ba00000, 0x000000070ba00000| Untracked 
|  70|0x000000070bc00000, 0x000000070bc00000, 0x000000070be00000|  0%| F|  |TAMS 0x000000070bc00000, 0x000000070bc00000| Untracked 
|  71|0x000000070be00000, 0x000000070be00000, 0x000000070c000000|  0%| F|  |TAMS 0x000000070be00000, 0x000000070be00000| Untracked 
|  72|0x000000070c000000, 0x000000070c000000, 0x000000070c200000|  0%| F|  |TAMS 0x000000070c000000, 0x000000070c000000| Untracked 
|  73|0x000000070c200000, 0x000000070c200000, 0x000000070c400000|  0%| F|  |TAMS 0x000000070c200000, 0x000000070c200000| Untracked 
|  74|0x000000070c400000, 0x000000070c400000, 0x000000070c600000|  0%| F|  |TAMS 0x000000070c400000, 0x000000070c400000| Untracked 
|  75|0x000000070c600000, 0x000000070c600000, 0x000000070c800000|  0%| F|  |TAMS 0x000000070c600000, 0x000000070c600000| Untracked 
|  76|0x000000070c800000, 0x000000070c800000, 0x000000070ca00000|  0%| F|  |TAMS 0x000000070c800000, 0x000000070c800000| Untracked 
|  77|0x000000070ca00000, 0x000000070ca00000, 0x000000070cc00000|  0%| F|  |TAMS 0x000000070ca00000, 0x000000070ca00000| Untracked 
|  78|0x000000070cc00000, 0x000000070cc00000, 0x000000070ce00000|  0%| F|  |TAMS 0x000000070cc00000, 0x000000070cc00000| Untracked 
|  79|0x000000070ce00000, 0x000000070ce00000, 0x000000070d000000|  0%| F|  |TAMS 0x000000070ce00000, 0x000000070ce00000| Untracked 
|  80|0x000000070d000000, 0x000000070d000000, 0x000000070d200000|  0%| F|  |TAMS 0x000000070d000000, 0x000000070d000000| Untracked 
|  81|0x000000070d200000, 0x000000070d200000, 0x000000070d400000|  0%| F|  |TAMS 0x000000070d200000, 0x000000070d200000| Untracked 
|  82|0x000000070d400000, 0x000000070d400000, 0x000000070d600000|  0%| F|  |TAMS 0x000000070d400000, 0x000000070d400000| Untracked 
|  83|0x000000070d600000, 0x000000070d600000, 0x000000070d800000|  0%| F|  |TAMS 0x000000070d600000, 0x000000070d600000| Untracked 
|  84|0x000000070d800000, 0x000000070d800000, 0x000000070da00000|  0%| F|  |TAMS 0x000000070d800000, 0x000000070d800000| Untracked 
|  85|0x000000070da00000, 0x000000070da00000, 0x000000070dc00000|  0%| F|  |TAMS 0x000000070da00000, 0x000000070da00000| Untracked 
|  86|0x000000070dc00000, 0x000000070dc00000, 0x000000070de00000|  0%| F|  |TAMS 0x000000070dc00000, 0x000000070dc00000| Untracked 
|  87|0x000000070de00000, 0x000000070de00000, 0x000000070e000000|  0%| F|  |TAMS 0x000000070de00000, 0x000000070de00000| Untracked 
|  88|0x000000070e000000, 0x000000070e000000, 0x000000070e200000|  0%| F|  |TAMS 0x000000070e000000, 0x000000070e000000| Untracked 
|  89|0x000000070e200000, 0x000000070e200000, 0x000000070e400000|  0%| F|  |TAMS 0x000000070e200000, 0x000000070e200000| Untracked 
|  90|0x000000070e400000, 0x000000070e400000, 0x000000070e600000|  0%| F|  |TAMS 0x000000070e400000, 0x000000070e400000| Untracked 
|  91|0x000000070e600000, 0x000000070e600000, 0x000000070e800000|  0%| F|  |TAMS 0x000000070e600000, 0x000000070e600000| Untracked 
|  92|0x000000070e800000, 0x000000070e800000, 0x000000070ea00000|  0%| F|  |TAMS 0x000000070e800000, 0x000000070e800000| Untracked 
|  93|0x000000070ea00000, 0x000000070ea00000, 0x000000070ec00000|  0%| F|  |TAMS 0x000000070ea00000, 0x000000070ea00000| Untracked 
|  94|0x000000070ec00000, 0x000000070ec00000, 0x000000070ee00000|  0%| F|  |TAMS 0x000000070ec00000, 0x000000070ec00000| Untracked 
|  95|0x000000070ee00000, 0x000000070ee00000, 0x000000070f000000|  0%| F|  |TAMS 0x000000070ee00000, 0x000000070ee00000| Untracked 
|  96|0x000000070f000000, 0x000000070f000000, 0x000000070f200000|  0%| F|  |TAMS 0x000000070f000000, 0x000000070f000000| Untracked 
|  97|0x000000070f200000, 0x000000070f200000, 0x000000070f400000|  0%| F|  |TAMS 0x000000070f200000, 0x000000070f200000| Untracked 
|  98|0x000000070f400000, 0x000000070f400000, 0x000000070f600000|  0%| F|  |TAMS 0x000000070f400000, 0x000000070f400000| Untracked 
|  99|0x000000070f600000, 0x000000070f600000, 0x000000070f800000|  0%| F|  |TAMS 0x000000070f600000, 0x000000070f600000| Untracked 
| 100|0x000000070f800000, 0x000000070f800000, 0x000000070fa00000|  0%| F|  |TAMS 0x000000070f800000, 0x000000070f800000| Untracked 
| 101|0x000000070fa00000, 0x000000070fa00000, 0x000000070fc00000|  0%| F|  |TAMS 0x000000070fa00000, 0x000000070fa00000| Untracked 
| 102|0x000000070fc00000, 0x000000070fc00000, 0x000000070fe00000|  0%| F|  |TAMS 0x000000070fc00000, 0x000000070fc00000| Untracked 
| 103|0x000000070fe00000, 0x000000070fe00000, 0x0000000710000000|  0%| F|  |TAMS 0x000000070fe00000, 0x000000070fe00000| Untracked 
| 104|0x0000000710000000, 0x0000000710000000, 0x0000000710200000|  0%| F|  |TAMS 0x0000000710000000, 0x0000000710000000| Untracked 
| 105|0x0000000710200000, 0x0000000710200000, 0x0000000710400000|  0%| F|  |TAMS 0x0000000710200000, 0x0000000710200000| Untracked 
| 106|0x0000000710400000, 0x0000000710400000, 0x0000000710600000|  0%| F|  |TAMS 0x0000000710400000, 0x0000000710400000| Untracked 
| 107|0x0000000710600000, 0x0000000710600000, 0x0000000710800000|  0%| F|  |TAMS 0x0000000710600000, 0x0000000710600000| Untracked 
| 108|0x0000000710800000, 0x0000000710800000, 0x0000000710a00000|  0%| F|  |TAMS 0x0000000710800000, 0x0000000710800000| Untracked 
| 109|0x0000000710a00000, 0x0000000710a00000, 0x0000000710c00000|  0%| F|  |TAMS 0x0000000710a00000, 0x0000000710a00000| Untracked 
| 110|0x0000000710c00000, 0x0000000710c00000, 0x0000000710e00000|  0%| F|  |TAMS 0x0000000710c00000, 0x0000000710c00000| Untracked 
| 111|0x0000000710e00000, 0x0000000710e00000, 0x0000000711000000|  0%| F|  |TAMS 0x0000000710e00000, 0x0000000710e00000| Untracked 
| 112|0x0000000711000000, 0x0000000711000000, 0x0000000711200000|  0%| F|  |TAMS 0x0000000711000000, 0x0000000711000000| Untracked 
| 113|0x0000000711200000, 0x0000000711200000, 0x0000000711400000|  0%| F|  |TAMS 0x0000000711200000, 0x0000000711200000| Untracked 
| 114|0x0000000711400000, 0x0000000711400000, 0x0000000711600000|  0%| F|  |TAMS 0x0000000711400000, 0x0000000711400000| Untracked 
| 115|0x0000000711600000, 0x0000000711600000, 0x0000000711800000|  0%| F|  |TAMS 0x0000000711600000, 0x0000000711600000| Untracked 
| 116|0x0000000711800000, 0x0000000711800000, 0x0000000711a00000|  0%| F|  |TAMS 0x0000000711800000, 0x0000000711800000| Untracked 
| 117|0x0000000711a00000, 0x0000000711a00000, 0x0000000711c00000|  0%| F|  |TAMS 0x0000000711a00000, 0x0000000711a00000| Untracked 
| 118|0x0000000711c00000, 0x0000000711c00000, 0x0000000711e00000|  0%| F|  |TAMS 0x0000000711c00000, 0x0000000711c00000| Untracked 
| 119|0x0000000711e00000, 0x0000000711e00000, 0x0000000712000000|  0%| F|  |TAMS 0x0000000711e00000, 0x0000000711e00000| Untracked 
| 120|0x0000000712000000, 0x0000000712000000, 0x0000000712200000|  0%| F|  |TAMS 0x0000000712000000, 0x0000000712000000| Untracked 
| 121|0x0000000712200000, 0x0000000712200000, 0x0000000712400000|  0%| F|  |TAMS 0x0000000712200000, 0x0000000712200000| Untracked 
| 122|0x0000000712400000, 0x0000000712400000, 0x0000000712600000|  0%| F|  |TAMS 0x0000000712400000, 0x0000000712400000| Untracked 
| 123|0x0000000712600000, 0x000000071279ef80, 0x0000000712800000| 81%| E|  |TAMS 0x0000000712600000, 0x0000000712600000| Complete 
| 124|0x0000000712800000, 0x0000000712a00000, 0x0000000712a00000|100%| E|CS|TAMS 0x0000000712800000, 0x0000000712800000| Complete 
| 125|0x0000000712a00000, 0x0000000712c00000, 0x0000000712c00000|100%| E|CS|TAMS 0x0000000712a00000, 0x0000000712a00000| Complete 
| 126|0x0000000712c00000, 0x0000000712e00000, 0x0000000712e00000|100%| E|CS|TAMS 0x0000000712c00000, 0x0000000712c00000| Complete 

Card table byte_map: [0x00000273bb3d0000,0x00000273bbbc0000] _byte_map_base: 0x00000273b7bb8000

Marking Bits (Prev, Next): (CMBitMap*) 0x00000273a40ac870, (CMBitMap*) 0x00000273a40ac8b0
 Prev Bits: [0x00000273bc3b0000, 0x00000273c02f0000)
 Next Bits: [0x00000273c02f0000, 0x00000273c4230000)

Polling page: 0x00000273a3800000

Metaspace:

Usage:
  Non-class:    827.73 KB used.
      Class:     88.91 KB used.
       Both:    916.65 KB used.

Virtual space:
  Non-class space:        8.00 MB reserved,     896.00 KB ( 11%) committed,  1 nodes.
      Class space:        1.00 GB reserved,     192.00 KB ( <1%) committed,  1 nodes.
             Both:        1.01 GB reserved,       1.06 MB ( <1%) committed. 

Chunk freelists:
   Non-Class:  3.88 MB
       Class:  3.73 MB
        Both:  7.60 MB

MaxMetaspaceSize: unlimited
CompressedClassSpaceSize: 1.00 GB
Initial GC threshold: 21.00 MB
Current GC threshold: 21.00 MB
CDS: on
MetaspaceReclaimPolicy: balanced
 - commit_granule_bytes: 65536.
 - commit_granule_words: 8192.
 - virtual_space_node_default_size: 1048576.
 - enlarge_chunks_in_place: 1.
 - new_chunks_are_fully_committed: 0.
 - uncommit_free_chunks: 1.
 - use_allocation_guard: 0.
 - handle_deallocations: 1.


Internal statistics:

num_allocs_failed_limit: 0.
num_arena_births: 14.
num_arena_deaths: 0.
num_vsnodes_births: 2.
num_vsnodes_deaths: 0.
num_space_committed: 17.
num_space_uncommitted: 0.
num_chunks_returned_to_freelist: 0.
num_chunks_taken_from_freelist: 25.
num_chunk_merges: 0.
num_chunk_splits: 15.
num_chunks_enlarged: 12.
num_purges: 0.
num_inconsistent_stats: 0.

CodeHeap 'non-profiled nmethods': size=120000Kb used=97Kb max_used=97Kb free=119902Kb
 bounds [0x00000273b3380000, 0x00000273b35f0000, 0x00000273ba8b0000]
CodeHeap 'profiled nmethods': size=120000Kb used=480Kb max_used=480Kb free=119520Kb
 bounds [0x00000273ab8b0000, 0x00000273abb20000, 0x00000273b2de0000]
CodeHeap 'non-nmethods': size=5760Kb used=1114Kb max_used=1122Kb free=4646Kb
 bounds [0x00000273b2de0000, 0x00000273b3050000, 0x00000273b3380000]
 total_blobs=739 nmethods=346 adapters=306
 compilation: enabled
              stopped_count=0, restarted_count=0
 full_count=0

Compilation events (20 events):
Event: 0.095 Thread 0x00000273c7a84420  241       4       java.lang.String::substring (58 bytes)
Event: 0.095 Thread 0x00000273c7a836e0 nmethod 239 0x00000273b3391e10 code [0x00000273b3391f80, 0x00000273b3392038]
Event: 0.095 Thread 0x00000273c7a836e0  249       4       java.lang.StringLatin1::indexOf (36 bytes)
Event: 0.096 Thread 0x00000273c7a836e0 nmethod 249 0x00000273b3392110 code [0x00000273b3392280, 0x00000273b3392438]
Event: 0.096 Thread 0x00000273c7a836e0  261       4       java.lang.CharacterDataLatin1::isJavaIdentifierStart (23 bytes)
Event: 0.096 Thread 0x00000273c7a836e0 nmethod 261 0x00000273b3392590 code [0x00000273b3392700, 0x00000273b33927b8]
Event: 0.097 Thread 0x00000273c7a836e0  263       4       java.util.zip.ZipFile$Source::zipCoderForPos (39 bytes)
Event: 0.097 Thread 0x00000273c7a836e0 nmethod 263 0x00000273b3392890 code [0x00000273b3392a00, 0x00000273b3392ab8]
Event: 0.097 Thread 0x00000273c7a836e0  264       4       java.util.stream.ReferencePipeline$3$1::accept (23 bytes)
Event: 0.100 Thread 0x00000273c7804160  266       3       java.util.HashMap$KeyIterator::next (8 bytes)
Event: 0.100 Thread 0x00000273c7804160 nmethod 266 0x00000273ab90db10 code [0x00000273ab90dcc0, 0x00000273ab90de08]
Event: 0.100 Thread 0x00000273c7804160  267       3       java.util.ImmutableCollections$Set12::hashCode (30 bytes)
Event: 0.101 Thread 0x00000273c7804160 nmethod 267 0x00000273ab90df10 code [0x00000273ab90e0c0, 0x00000273ab90e3d8]
Event: 0.101 Thread 0x00000273c7804160  269       3       java.util.AbstractSet::<init> (5 bytes)
Event: 0.101 Thread 0x00000273c7804160 nmethod 269 0x00000273ab90e510 code [0x00000273ab90e6c0, 0x00000273ab90e878]
Event: 0.101 Thread 0x00000273c780f6f0 nmethod 238 0x00000273b3392b90 code [0x00000273b3392d20, 0x00000273b33931b8]
Event: 0.101 Thread 0x00000273c780f6f0  268       4       java.util.HashMap::putVal (300 bytes)
Event: 0.101 Thread 0x00000273c7804160  271       3       sun.invoke.util.VerifyAccess::isTypeVisible (118 bytes)
Event: 0.102 Thread 0x00000273c7a84420 nmethod 241 0x00000273b3393390 code [0x00000273b3393520, 0x00000273b3393a78]
Event: 0.102 Thread 0x00000273c7a84420  270       4       java.util.HashMap::put (13 bytes)

GC Heap History (0 events):
No events

Deoptimization events (20 events):
Event: 0.092 Thread 0x00000273a4040430 DEOPT PACKING pc=0x00000273ab8e5756 sp=0x000000e709dfe060
Event: 0.092 Thread 0x00000273a4040430 DEOPT UNPACKING pc=0x00000273b2e32b43 sp=0x000000e709dfd4e8 mode 0
Event: 0.093 Thread 0x00000273a4040430 DEOPT PACKING pc=0x00000273ab8e5756 sp=0x000000e709dfe060
Event: 0.093 Thread 0x00000273a4040430 DEOPT UNPACKING pc=0x00000273b2e32b43 sp=0x000000e709dfd4e8 mode 0
Event: 0.093 Thread 0x00000273a4040430 DEOPT PACKING pc=0x00000273ab8b23e7 sp=0x000000e709dfe000
Event: 0.093 Thread 0x00000273a4040430 DEOPT UNPACKING pc=0x00000273b2e32b43 sp=0x000000e709dfd420 mode 0
Event: 0.093 Thread 0x00000273a4040430 DEOPT PACKING pc=0x00000273ab8e5756 sp=0x000000e709dfe060
Event: 0.093 Thread 0x00000273a4040430 DEOPT UNPACKING pc=0x00000273b2e32b43 sp=0x000000e709dfd4e8 mode 0
Event: 0.094 Thread 0x00000273a4040430 DEOPT PACKING pc=0x00000273ab8e5756 sp=0x000000e709dfe060
Event: 0.094 Thread 0x00000273a4040430 DEOPT UNPACKING pc=0x00000273b2e32b43 sp=0x000000e709dfd4e8 mode 0
Event: 0.094 Thread 0x00000273a4040430 DEOPT PACKING pc=0x00000273ab8e5756 sp=0x000000e709dfe060
Event: 0.094 Thread 0x00000273a4040430 DEOPT UNPACKING pc=0x00000273b2e32b43 sp=0x000000e709dfd4e8 mode 0
Event: 0.094 Thread 0x00000273a4040430 DEOPT PACKING pc=0x00000273ab8b23e7 sp=0x000000e709dfe000
Event: 0.094 Thread 0x00000273a4040430 DEOPT UNPACKING pc=0x00000273b2e32b43 sp=0x000000e709dfd420 mode 0
Event: 0.094 Thread 0x00000273a4040430 DEOPT PACKING pc=0x00000273ab8e5756 sp=0x000000e709dfe060
Event: 0.095 Thread 0x00000273a4040430 DEOPT UNPACKING pc=0x00000273b2e32b43 sp=0x000000e709dfd4e8 mode 0
Event: 0.095 Thread 0x00000273a4040430 DEOPT PACKING pc=0x00000273ab8e5756 sp=0x000000e709dfe060
Event: 0.095 Thread 0x00000273a4040430 DEOPT UNPACKING pc=0x00000273b2e32b43 sp=0x000000e709dfd4e8 mode 0
Event: 0.095 Thread 0x00000273a4040430 DEOPT PACKING pc=0x00000273ab8b23e7 sp=0x000000e709dfe000
Event: 0.095 Thread 0x00000273a4040430 DEOPT UNPACKING pc=0x00000273b2e32b43 sp=0x000000e709dfd420 mode 0

Classes unloaded (0 events):
No events

Classes redefined (0 events):
No events

Internal exceptions (1 events):
Event: 0.055 Thread 0x00000273a4040430 Exception <a 'java/lang/NoSuchMethodError'{0x0000000712d21790}: 'void java.lang.invoke.DirectMethodHandle$Holder.invokeVirtual(java.lang.Object, java.lang.Object)'> (0x0000000712d21790) 
thrown [s\open\src\hotspot\share\interpreter\linkResolver.cpp, line 759]

VM Operations (4 events):
Event: 0.102 Executing VM operation: HandshakeAllThreads
Event: 0.102 Executing VM operation: HandshakeAllThreads done
Event: 0.102 Executing VM operation: HandshakeAllThreads
Event: 0.102 Executing VM operation: HandshakeAllThreads done

Events (20 events):
Event: 0.054 loading class sun/nio/fs/WindowsDirectoryStream done
Event: 0.055 loading class java/nio/file/FileTreeWalker$DirectoryNode
Event: 0.055 loading class java/nio/file/FileTreeWalker$DirectoryNode done
Event: 0.055 loading class sun/nio/fs/WindowsDirectoryStream$WindowsDirectoryIterator
Event: 0.055 loading class sun/nio/fs/WindowsDirectoryStream$WindowsDirectoryIterator done
Event: 0.055 loading class java/nio/file/FileTreeWalker$Event
Event: 0.055 loading class java/nio/file/FileTreeWalker$Event done
Event: 0.055 loading class java/nio/file/FileTreeWalker$EventType
Event: 0.055 loading class java/nio/file/FileTreeWalker$EventType done
Event: 0.058 loading class sun/nio/fs/WindowsPath$WindowsPathWithAttributes
Event: 0.058 loading class sun/nio/fs/BasicFileAttributesHolder
Event: 0.058 loading class sun/nio/fs/BasicFileAttributesHolder done
Event: 0.058 loading class sun/nio/fs/WindowsPath$WindowsPathWithAttributes done
Event: 0.065 Loaded shared library C:\LAB-TOOLS\JDK\jdk-17.0.6\bin\zip.dll
Event: 0.075 loading class java/util/WeakHashMap$KeyIterator
Event: 0.075 loading class java/util/WeakHashMap$HashIterator
Event: 0.075 loading class java/util/WeakHashMap$HashIterator done
Event: 0.075 loading class java/util/WeakHashMap$KeyIterator done
Event: 0.077 Thread 0x00000273c7a84420 Thread added: 0x00000273c7a84420
Event: 0.081 Thread 0x00000273c7a836e0 Thread added: 0x00000273c7a836e0


Dynamic libraries:
0x00007ff6daad0000 - 0x00007ff6daae0000 	C:\LAB-TOOLS\JDK\jdk-17.0.6\bin\java.exe
0x00007fffa7ef0000 - 0x00007fffa8106000 	C:\WINDOWS\SYSTEM32\ntdll.dll
0x00007fffa79e0000 - 0x00007fffa7aa4000 	C:\WINDOWS\System32\KERNEL32.DLL
0x00007fffa54c0000 - 0x00007fffa5866000 	C:\WINDOWS\System32\KERNELBASE.dll
0x00007fffa5b20000 - 0x00007fffa5c31000 	C:\WINDOWS\System32\ucrtbase.dll
0x00007fff94dc0000 - 0x00007fff94dd8000 	C:\LAB-TOOLS\JDK\jdk-17.0.6\bin\jli.dll
0x00007fff94da0000 - 0x00007fff94dbb000 	C:\LAB-TOOLS\JDK\jdk-17.0.6\bin\VCRUNTIME140.dll
0x00007fffa5c50000 - 0x00007fffa5d02000 	C:\WINDOWS\System32\ADVAPI32.dll
0x00007fffa7120000 - 0x00007fffa71c7000 	C:\WINDOWS\System32\msvcrt.dll
0x00007fffa6cd0000 - 0x00007fffa6d78000 	C:\WINDOWS\System32\sechost.dll
0x00007fffa5420000 - 0x00007fffa5448000 	C:\WINDOWS\System32\bcrypt.dll
0x00007fffa7d20000 - 0x00007fffa7e35000 	C:\WINDOWS\System32\RPCRT4.dll
0x00007fffa6900000 - 0x00007fffa6aad000 	C:\WINDOWS\System32\USER32.dll
0x00007fffa52d0000 - 0x00007fffa52f6000 	C:\WINDOWS\System32\win32u.dll
0x00007fffa68b0000 - 0x00007fffa68d9000 	C:\WINDOWS\System32\GDI32.dll
0x00007fff8e260000 - 0x00007fff8e4f3000 	C:\WINDOWS\WinSxS\amd64_microsoft.windows.common-controls_6595b64144ccf1df_6.0.22621.3235_none_270f74e173860f98\COMCTL32.dll
0x00007fffa5300000 - 0x00007fffa5418000 	C:\WINDOWS\System32\gdi32full.dll
0x00007fffa5230000 - 0x00007fffa52ca000 	C:\WINDOWS\System32\msvcp_win.dll
0x00007fff9afd0000 - 0x00007fff9afda000 	C:\WINDOWS\SYSTEM32\VERSION.dll
0x00007fffa5d10000 - 0x00007fffa5d41000 	C:\WINDOWS\System32\IMM32.DLL
0x00007fff95310000 - 0x00007fff9531c000 	C:\LAB-TOOLS\JDK\jdk-17.0.6\bin\vcruntime140_1.dll
0x00007fff87400000 - 0x00007fff8748e000 	C:\LAB-TOOLS\JDK\jdk-17.0.6\bin\msvcp140.dll
0x00007ffefa480000 - 0x00007ffefb057000 	C:\LAB-TOOLS\JDK\jdk-17.0.6\bin\server\jvm.dll
0x00007fffa7c80000 - 0x00007fffa7c88000 	C:\WINDOWS\System32\PSAPI.DLL
0x00007fff9dee0000 - 0x00007fff9df14000 	C:\WINDOWS\SYSTEM32\WINMM.dll
0x00007fff82410000 - 0x00007fff82419000 	C:\WINDOWS\SYSTEM32\WSOCK32.dll
0x00007fffa7040000 - 0x00007fffa70b1000 	C:\WINDOWS\System32\WS2_32.dll
0x00007fffa4230000 - 0x00007fffa4248000 	C:\WINDOWS\SYSTEM32\kernel.appcore.dll
0x00007fff94d90000 - 0x00007fff94d9a000 	C:\LAB-TOOLS\JDK\jdk-17.0.6\bin\jimage.dll
0x00007fffa2cd0000 - 0x00007fffa2f03000 	C:\WINDOWS\SYSTEM32\DBGHELP.DLL
0x00007fffa71d0000 - 0x00007fffa7558000 	C:\WINDOWS\System32\combase.dll
0x00007fffa6f10000 - 0x00007fffa6fe7000 	C:\WINDOWS\System32\OLEAUT32.dll
0x00007fff95560000 - 0x00007fff95592000 	C:\WINDOWS\SYSTEM32\dbgcore.DLL
0x00007fffa5aa0000 - 0x00007fffa5b1a000 	C:\WINDOWS\System32\bcryptPrimitives.dll
0x00007fff873d0000 - 0x00007fff873f5000 	C:\LAB-TOOLS\JDK\jdk-17.0.6\bin\java.dll
0x00007fff7c200000 - 0x00007fff7c2d7000 	C:\LAB-TOOLS\JDK\jdk-17.0.6\bin\jsvml.dll
0x00007fffa6050000 - 0x00007fffa68ad000 	C:\WINDOWS\System32\SHELL32.dll
0x00007fffa3140000 - 0x00007fffa3a38000 	C:\WINDOWS\SYSTEM32\windows.storage.dll
0x00007fffa3000000 - 0x00007fffa313e000 	C:\WINDOWS\SYSTEM32\wintypes.dll
0x00007fffa7b60000 - 0x00007fffa7c53000 	C:\WINDOWS\System32\SHCORE.dll
0x00007fffa6ab0000 - 0x00007fffa6b0e000 	C:\WINDOWS\System32\shlwapi.dll
0x00007fffa5160000 - 0x00007fffa5186000 	C:\WINDOWS\SYSTEM32\profapi.dll
0x00007fff873b0000 - 0x00007fff873c9000 	C:\LAB-TOOLS\JDK\jdk-17.0.6\bin\net.dll
0x00007fff9e3b0000 - 0x00007fff9e4e7000 	C:\WINDOWS\SYSTEM32\WINHTTP.dll
0x00007fffa46a0000 - 0x00007fffa4709000 	C:\WINDOWS\system32\mswsock.dll
0x00007fff87200000 - 0x00007fff87216000 	C:\LAB-TOOLS\JDK\jdk-17.0.6\bin\nio.dll
0x00007fff871e0000 - 0x00007fff871f8000 	C:\LAB-TOOLS\JDK\jdk-17.0.6\bin\zip.dll

dbghelp: loaded successfully - version: 4.0.5 - missing functions: none
symbol engine: initialized successfully - sym options: 0x614 - pdb path: .;C:\LAB-TOOLS\JDK\jdk-17.0.6\bin;C:\WINDOWS\SYSTEM32;C:\WINDOWS\WinSxS\amd64_microsoft.windows.common-controls_6595b64144ccf1df_6.0.22621.3235_none_270f74e173860f98;C:\LAB-TOOLS\JDK\jdk-17.0.6\bin\server

VM Arguments:
jvm_args: --module-path=c:\LAB-TOOLS\ECLIPSE\Eclipse-Workspace\multimedia\weblibrary\target\classes;C:\Users\papth\.m2\repository\org\openjfx\javafx-base\13\javafx-base-13-win.jar;C:\Users\papth\.m2\repository\org\openjfx\javafx-controls\13\javafx-controls-13-win.jar;C:\Users\papth\.m2\repository\org\openjfx\javafx-fxml\13\javafx-fxml-13-win.jar;C:\Users\papth\.m2\repository\org\openjfx\javafx-graphics\13\javafx-graphics-13-win.jar --add-modules=com.library -Djdk.module.main=com.library 
java_command: com.library/com.library.App
java_class_path (initial): C:\Users\papth\.m2\repository\org\openjfx\javafx-base\13\javafx-base-13.jar;C:\Users\papth\.m2\repository\org\openjfx\javafx-controls\13\javafx-controls-13.jar;C:\Users\papth\.m2\repository\org\openjfx\javafx-fxml\13\javafx-fxml-13.jar;C:\Users\papth\.m2\repository\org\openjfx\javafx-graphics\13\javafx-graphics-13.jar
Launcher Type: SUN_STANDARD

[Global flags]
     intx CICompilerCount                          = 4                                         {product} {ergonomic}
     uint ConcGCThreads                            = 2                                         {product} {ergonomic}
     uint G1ConcRefinementThreads                  = 8                                         {product} {ergonomic}
   size_t G1HeapRegionSize                         = 2097152                                   {product} {ergonomic}
    uintx GCDrainStackTargetSize                   = 64                                        {product} {ergonomic}
   size_t InitialHeapSize                          = 266338304                                 {product} {ergonomic}
   size_t MarkStackSize                            = 4194304                                   {product} {ergonomic}
   size_t MaxHeapSize                              = 4244635648                                {product} {ergonomic}
   size_t MaxNewSize                               = 2545942528                                {product} {ergonomic}
   size_t MinHeapDeltaBytes                        = 2097152                                   {product} {ergonomic}
   size_t MinHeapSize                              = 8388608                                   {product} {ergonomic}
    uintx NonNMethodCodeHeapSize                   = 5839372                                {pd product} {ergonomic}
    uintx NonProfiledCodeHeapSize                  = 122909434                              {pd product} {ergonomic}
    uintx ProfiledCodeHeapSize                     = 122909434                              {pd product} {ergonomic}
    uintx ReservedCodeCacheSize                    = 251658240                              {pd product} {ergonomic}
     bool SegmentedCodeCache                       = true                                      {product} {ergonomic}
   size_t SoftMaxHeapSize                          = 4244635648                             {manageable} {ergonomic}
     bool UseCompressedClassPointers               = true                           {product lp64_product} {ergonomic}
     bool UseCompressedOops                        = true                           {product lp64_product} {ergonomic}
     bool UseG1GC                                  = true                                      {product} {ergonomic}
     bool UseLargePagesIndividualAllocation        = false                                  {pd product} {ergonomic}

Logging:
Log output configuration:
 #0: stdout all=warning uptime,level,tags
 #1: stderr all=off uptime,level,tags

Environment Variables:
JAVA_HOME=C:\LAB-TOOLS\JDK\jdk-17.0.6
PATH=C:\Users\papth\anaconda3\envs\patrec;C:\Users\papth\anaconda3\envs\patrec\Library\mingw-w64\bin;C:\Users\papth\anaconda3\envs\patrec\Library\usr\bin;C:\Users\papth\anaconda3\envs\patrec\Library\bin;C:\Users\papth\anaconda3\envs\patrec\Scripts;C:\Users\papth\anaconda3\envs\patrec\bin;C:\Users\papth\anaconda3\condabin;C:\Program Files\PowerShell\7;C:\Python311\Scripts;C:\Python311;C:\LAB-TOOLS\JDK\jdk-17.0.6\bin;C:\Program Files\Microsoft\jdk-11.0.12.7-hotspot\bin;C:\Program Files\AdoptOpenJDK\jdk-11.0.9.101-hotspot\bin;C:\Program Files (x86)\Common Files\Oracle\Java\javapath;C:\windows\system32;C:\windows;C:\windows\System32\Wbem;C:\windows\System32\WindowsPowerShell\v1.0;C:\windows\System32\OpenSSH;C:\Program Files (x86)\NVIDIA Corporation\PhysX\Common;C:\Program Files\NVIDIA Corporation\NVIDIA NvDLISR;C:\Program Files (x86)\Wolfram Research\WolframScript;C:\WINDOWS\system32;C:\WINDOWS;C:\WINDOWS\System32\Wbem;C:\WINDOWS\System32\WindowsPowerShell\v1.0;C:\WINDOWS\System32\OpenSSH;C:\Program Files\MATLAB\R2020a\runtime\win64;C:\Program Files\MATLAB\R2020a\bin;C:\Program Files\OpenVPN\bin;C:\Program Files\Git\cmd;C:\Program Files\Git\usr\bin;C:\Program Files\Microsoft SQL Server\150\Tools\Binn;C:\Program Files\dotnet;C:\MinGW\mingw32\bin;C:\WINDOWS\system32;C:\WINDOWS;C:\WINDOWS\System32\Wbem;C:\WINDOWS\System32\WindowsPowerShell\v1.0;C:\Program Files\nodejs;C:\ProgramData\chocolatey\bin;C:\Program Files\Docker\Docker\resources\bin;C:\WINDOWS\System32\OpenSSH;C:\Program Files\PowerShell\7;C:\LAB-TOOLS\apache-maven-3.9.6-bin\apache-maven-3.9.6\bin;C:\Program Files\PowerShell\7-preview\preview;C:\Users\papth\scoop\shims;C:\dev\flutter\bin;C:\Users\papth\AppData\Local\Microsoft\WindowsApps;C:\Users\papth\AppData\Local\GitHubDesktop\bin;C:\Users\papth\AppData\Local\Microsoft\WindowsApps;C:\Users\papth\AppData\Local\atom\bin;C:\Users\papth\.dotnet\tools;C:\Users\papth\AppData\Roaming\npm;C:\dev\android-sdk\platform-tools;C:\Program Files\nodejs;C:\Users\papth\AppData\Loc
USERNAME=papth
LANG=en_US.UTF-8
OS=Windows_NT
PROCESSOR_IDENTIFIER=Intel64 Family 6 Model 142 Stepping 12, GenuineIntel



---------------  S Y S T E M  ---------------

OS:
 Windows 11 , 64 bit Build 22621 (10.0.22621.3235)
OS uptime: 0 days 11:47 hours
Hyper-V role detected

CPU: total 8 (initial active 8) (4 cores per cpu, 2 threads per core) family 6 model 142 stepping 12 microcode 0xde, cx8, cmov, fxsr, ht, mmx, 3dnowpref, sse, sse2, sse3, ssse3, sse4.1, sse4.2, popcnt, lzcnt, tsc, tscinvbit, avx, avx2, aes, erms, clmul, bmi1, bmi2, adx, fma, vzeroupper, clflush, clflushopt, hv

Memory: 4k page, system-wide physical 16187M (5571M free)
TotalPageFile size 16187M (AvailPageFile size 0M)
current process WorkingSet (physical memory assigned to process): 43M, peak: 43M
current process commit charge ("private bytes"): 345M, peak: 345M

vm_info: Java HotSpot(TM) 64-Bit Server VM (17.0.6+9-LTS-190) for windows-amd64 JRE (17.0.6+9-LTS-190), built on Dec  6 2022 15:53:54 by "mach5one" with MS VC++ 17.1 (VS2022)

END.
