#
# There is insufficient memory for the Java Runtime Environment to continue.
# Native memory allocation (malloc) failed to allocate 1160656 bytes. Error detail: Chunk::new
# Possible reasons:
#   The system is out of physical RAM or swap space
#   This process is running with CompressedOops enabled, and the Java Heap may be blocking the growth of the native heap
# Possible solutions:
#   Reduce memory load on the system
#   Increase physical memory or swap space
#   Check if swap backing store is full
#   Decrease Java heap size (-Xmx/-Xms)
#   Decrease number of Java threads
#   Decrease Java thread stack sizes (-Xss)
#   Set larger code cache with -XX:ReservedCodeCacheSize=
#   JVM is running with Unscaled Compressed Oops mode in which the Java heap is
#     placed in the first 4GB address space. The Java Heap base address is the
#     maximum limit for the native heap growth. Please use -XX:HeapBaseMinAddress
#     to set the Java Heap base and to place the Java Heap above 4GB virtual address.
# This output file may be truncated or incomplete.
#
#  Out of Memory Error (arena.cpp:191), pid=9344, tid=20116
#
# JRE version: OpenJDK Runtime Environment Temurin-17.0.11+9 (17.0.11+9) (build 17.0.11+9)
# Java VM: OpenJDK 64-Bit Server VM Temurin-17.0.11+9 (17.0.11+9, mixed mode, tiered, compressed oops, compressed class ptrs, parallel gc, windows-amd64)
# No core dump will be written. Minidumps are not enabled by default on client versions of Windows
#

---------------  S U M M A R Y ------------

Command Line: --add-modules=ALL-SYSTEM --add-opens=java.base/java.util=ALL-UNNAMED --add-opens=java.base/java.lang=ALL-UNNAMED --add-opens=java.base/sun.nio.fs=ALL-UNNAMED -Declipse.application=org.eclipse.jdt.ls.core.id1 -Dosgi.bundles.defaultStartLevel=4 -Declipse.product=org.eclipse.jdt.ls.core.product -Djava.import.generatesMetadataFilesAtProjectRoot=false -DDetectVMInstallationsJob.disabled=true -Dfile.encoding=utf8 -XX:+UseParallelGC -XX:GCTimeRatio=4 -XX:AdaptiveSizePolicyWeight=90 -Dsun.zip.disableMemoryMapping=true -Xmx1G -Xms100m -Xlog:disable -javaagent:c:\Users\papth\.vscode\extensions\redhat.java-1.33.0-win32-x64\lombok\lombok-1.18.33.jar c:\Users\papth\.vscode\extensions\redhat.java-1.33.0-win32-x64\server\plugins\org.eclipse.equinox.launcher_1.6.900.v20240613-2009.jar -configuration c:\Users\papth\AppData\Roaming\Code\User\globalStorage\redhat.java\1.33.0\config_ss_win -data c:\Users\papth\AppData\Roaming\Code\User\workspaceStorage\5c05168c5aa2c9692861d3fc907bc7d4\redhat.java\ss_ws --pipe=\\.\pipe\lsp-6363ccba2f1e3557f0894f6aa332634e-sock

Host: Intel(R) Core(TM) i7-10510U CPU @ 1.80GHz, 8 cores, 15G,  Windows 11 , 64 bit Build 22621 (10.0.22621.3958)
Time: Sun Aug 18 05:38:15 2024  Windows 11 , 64 bit Build 22621 (10.0.22621.3958) elapsed time: 3.368676 seconds (0d 0h 0m 3s)

---------------  T H R E A D  ---------------

Current thread (0x00000269755c24b0):  JavaThread "C2 CompilerThread0" daemon [_thread_in_native, id=20116, stack(0x0000008c6ff00000,0x0000008c70000000)]


Current CompileTask:
C2:   3368 2470       4       org.lombokweb.asm.ClassReader::readMethod (1066 bytes)

Stack: [0x0000008c6ff00000,0x0000008c70000000]
Native frames: (J=compiled Java code, j=interpreted, Vv=VM code, C=native code)
V  [jvm.dll+0x67d429]
V  [jvm.dll+0x834b7a]
V  [jvm.dll+0x83663e]
V  [jvm.dll+0x836ca3]
V  [jvm.dll+0x247dbf]
V  [jvm.dll+0xac534]
V  [jvm.dll+0xacb7c]
V  [jvm.dll+0x3665f2]
V  [jvm.dll+0x330bba]
V  [jvm.dll+0x33005a]
V  [jvm.dll+0x21a471]
V  [jvm.dll+0x2198b1]
V  [jvm.dll+0x1a534d]
V  [jvm.dll+0x2295cd]
V  [jvm.dll+0x22779c]
V  [jvm.dll+0x7e9d07]
V  [jvm.dll+0x7e410a]
V  [jvm.dll+0x67c315]
C  [ucrtbase.dll+0x29333]
C  [KERNEL32.DLL+0x1257d]
C  [ntdll.dll+0x5af28]


---------------  P R O C E S S  ---------------

Threads class SMR info:
_java_thread_list=0x00000269771276e0, length=22, elements={
0x000002695a662320, 0x0000026970454020, 0x0000026970454ea0, 0x00000269755bc0c0,
0x00000269755bcb50, 0x00000269755bf7e0, 0x00000269755c1710, 0x00000269755c24b0,
0x00000269755da310, 0x00000269755f43c0, 0x00000269756fa8e0, 0x00000269758ab580,
0x000002697565aa10, 0x000002697565b430, 0x0000026975657c80, 0x0000026975658190,
0x000002697565a500, 0x00000269756586a0, 0x00000269772d2670, 0x00000269756590c0,
0x00000269756595d0, 0x0000026975659ae0
}

Java Threads: ( => current thread )
  0x000002695a662320 JavaThread "main" [_thread_blocked, id=10196, stack(0x0000008c6f600000,0x0000008c6f700000)]
  0x0000026970454020 JavaThread "Reference Handler" daemon [_thread_blocked, id=19568, stack(0x0000008c6f900000,0x0000008c6fa00000)]
  0x0000026970454ea0 JavaThread "Finalizer" daemon [_thread_blocked, id=10344, stack(0x0000008c6fa00000,0x0000008c6fb00000)]
  0x00000269755bc0c0 JavaThread "Signal Dispatcher" daemon [_thread_blocked, id=9252, stack(0x0000008c6fb00000,0x0000008c6fc00000)]
  0x00000269755bcb50 JavaThread "Attach Listener" daemon [_thread_blocked, id=6904, stack(0x0000008c6fc00000,0x0000008c6fd00000)]
  0x00000269755bf7e0 JavaThread "Service Thread" daemon [_thread_blocked, id=7700, stack(0x0000008c6fd00000,0x0000008c6fe00000)]
  0x00000269755c1710 JavaThread "Monitor Deflation Thread" daemon [_thread_blocked, id=11432, stack(0x0000008c6fe00000,0x0000008c6ff00000)]
=>0x00000269755c24b0 JavaThread "C2 CompilerThread0" daemon [_thread_in_native, id=20116, stack(0x0000008c6ff00000,0x0000008c70000000)]
  0x00000269755da310 JavaThread "C1 CompilerThread0" daemon [_thread_blocked, id=17692, stack(0x0000008c70000000,0x0000008c70100000)]
  0x00000269755f43c0 JavaThread "Sweeper thread" daemon [_thread_blocked, id=19996, stack(0x0000008c70100000,0x0000008c70200000)]
  0x00000269756fa8e0 JavaThread "Common-Cleaner" daemon [_thread_blocked, id=21756, stack(0x0000008c70200000,0x0000008c70300000)]
  0x00000269758ab580 JavaThread "Notification Thread" daemon [_thread_blocked, id=8580, stack(0x0000008c70300000,0x0000008c70400000)]
  0x000002697565aa10 JavaThread "Active Thread: Equinox Container: 2dfe10d6-f156-413f-8eee-1dcbaef42d79" [_thread_blocked, id=16612, stack(0x0000008c70c00000,0x0000008c70d00000)]
  0x000002697565b430 JavaThread "Framework Event Dispatcher: Equinox Container: 2dfe10d6-f156-413f-8eee-1dcbaef42d79" daemon [_thread_blocked, id=16032, stack(0x0000008c70500000,0x0000008c70600000)]
  0x0000026975657c80 JavaThread "Start Level: Equinox Container: 2dfe10d6-f156-413f-8eee-1dcbaef42d79" daemon [_thread_in_native, id=6064, stack(0x0000008c70d00000,0x0000008c70e00000)]
  0x0000026975658190 JavaThread "SCR Component Actor" daemon [_thread_blocked, id=10164, stack(0x0000008c70e00000,0x0000008c70f00000)]
  0x000002697565a500 JavaThread "SCR Component Registry" daemon [_thread_blocked, id=22124, stack(0x0000008c71000000,0x0000008c71100000)]
  0x00000269756586a0 JavaThread "Worker-JM" [_thread_blocked, id=5176, stack(0x0000008c71100000,0x0000008c71200000)]
  0x00000269772d2670 JavaThread "C2 CompilerThread1" daemon [_thread_blocked, id=22816, stack(0x0000008c71200000,0x0000008c71300000)]
  0x00000269756590c0 JavaThread "JNA Cleaner" daemon [_thread_blocked, id=15848, stack(0x0000008c71300000,0x0000008c71400000)]
  0x00000269756595d0 JavaThread "Worker-0" [_thread_blocked, id=19132, stack(0x0000008c71400000,0x0000008c71500000)]
  0x0000026975659ae0 JavaThread "Worker-1" [_thread_blocked, id=20860, stack(0x0000008c71500000,0x0000008c71600000)]

Other Threads:
  0x00000269755914b0 VMThread "VM Thread" [stack: 0x0000008c6f800000,0x0000008c6f900000] [id=11124]
  0x00000269768173d0 WatcherThread [stack: 0x0000008c70400000,0x0000008c70500000] [id=22488]
  0x000002695a675db0 GCTaskThread "GC Thread#0" [stack: 0x0000008c6f700000,0x0000008c6f800000] [id=10096]
  0x0000026976ca2ad0 GCTaskThread "GC Thread#1" [stack: 0x0000008c70600000,0x0000008c70700000] [id=17792]
  0x0000026976ca2d90 GCTaskThread "GC Thread#2" [stack: 0x0000008c70700000,0x0000008c70800000] [id=21832]
  0x0000026976ca3050 GCTaskThread "GC Thread#3" [stack: 0x0000008c70800000,0x0000008c70900000] [id=21896]
  0x0000026976ca3310 GCTaskThread "GC Thread#4" [stack: 0x0000008c70900000,0x0000008c70a00000] [id=14796]
  0x0000026976ca35d0 GCTaskThread "GC Thread#5" [stack: 0x0000008c70a00000,0x0000008c70b00000] [id=17996]
  0x0000026976f600d0 GCTaskThread "GC Thread#6" [stack: 0x0000008c70b00000,0x0000008c70c00000] [id=9860]
  0x0000026976f4ccc0 GCTaskThread "GC Thread#7" [stack: 0x0000008c70f00000,0x0000008c71000000] [id=5180]

Threads with active compile tasks:
C2 CompilerThread0     3387 2470       4       org.lombokweb.asm.ClassReader::readMethod (1066 bytes)

VM state: not at safepoint (normal execution)

VM Mutex/Monitor currently owned by a thread: None

Heap address: 0x00000000c0000000, size: 1024 MB, Compressed Oops mode: 32-bit

CDS archive(s) not mapped
Compressed class space mapped at: 0x0000000100000000-0x0000000140000000, reserved size: 1073741824
Narrow klass base: 0x0000000000000000, Narrow klass shift: 3, Narrow klass range: 0x140000000

GC Precious Log:
 CPUs: 8 total, 8 available
 Memory: 16187M
 Large Page Support: Disabled
 NUMA Support: Disabled
 Compressed Oops: Enabled (32-bit)
 Alignments: Space 512K, Generation 512K, Heap 2M
 Heap Min Capacity: 100M
 Heap Initial Capacity: 100M
 Heap Max Capacity: 1G
 Pre-touch: Disabled
 Parallel Workers: 8

Heap:
 PSYoungGen      total 28672K, used 23728K [0x00000000eab00000, 0x00000000ecb80000, 0x0000000100000000)
  eden space 25088K, 82% used [0x00000000eab00000,0x00000000ebf210c8,0x00000000ec380000)
  from space 3584K, 86% used [0x00000000ec400000,0x00000000ec70b2d8,0x00000000ec780000)
  to   space 4096K, 0% used [0x00000000ec780000,0x00000000ec780000,0x00000000ecb80000)
 ParOldGen       total 68608K, used 7241K [0x00000000c0000000, 0x00000000c4300000, 0x00000000eab00000)
  object space 68608K, 10% used [0x00000000c0000000,0x00000000c0712768,0x00000000c4300000)
 Metaspace       used 27371K, committed 27840K, reserved 1114112K
  class space    used 2684K, committed 2880K, reserved 1048576K

Card table byte_map: [0x000002696dcf0000,0x000002696df00000] _byte_map_base: 0x000002696d6f0000

Marking Bits: (ParMarkBitMap*) 0x00007ffb6abcd820
 Begin Bits: [0x000002696e060000, 0x000002696f060000)
 End Bits:   [0x000002696f060000, 0x0000026970060000)

Polling page: 0x000002695a710000

Metaspace:

Usage:
  Non-class:     24.11 MB used.
      Class:      2.62 MB used.
       Both:     26.73 MB used.

Virtual space:
  Non-class space:       64.00 MB reserved,      24.38 MB ( 38%) committed,  1 nodes.
      Class space:        1.00 GB reserved,       2.81 MB ( <1%) committed,  1 nodes.
             Both:        1.06 GB reserved,      27.19 MB (  2%) committed. 

Chunk freelists:
   Non-Class:  7.53 MB
       Class:  13.12 MB
        Both:  20.66 MB

MaxMetaspaceSize: unlimited
CompressedClassSpaceSize: 1.00 GB
Initial GC threshold: 21.00 MB
Current GC threshold: 35.00 MB
CDS: off
MetaspaceReclaimPolicy: balanced
 - commit_granule_bytes: 65536.
 - commit_granule_words: 8192.
 - virtual_space_node_default_size: 8388608.
 - enlarge_chunks_in_place: 1.
 - new_chunks_are_fully_committed: 0.
 - uncommit_free_chunks: 1.
 - use_allocation_guard: 0.
 - handle_deallocations: 1.


Internal statistics:

num_allocs_failed_limit: 3.
num_arena_births: 292.
num_arena_deaths: 14.
num_vsnodes_births: 2.
num_vsnodes_deaths: 0.
num_space_committed: 435.
num_space_uncommitted: 0.
num_chunks_returned_to_freelist: 17.
num_chunks_taken_from_freelist: 1041.
num_chunk_merges: 8.
num_chunk_splits: 681.
num_chunks_enlarged: 466.
num_inconsistent_stats: 0.

CodeHeap 'non-profiled nmethods': size=120000Kb used=1015Kb max_used=1015Kb free=118984Kb
 bounds [0x00000269665e0000, 0x0000026966850000, 0x000002696db10000]
CodeHeap 'profiled nmethods': size=120000Kb used=4936Kb max_used=4936Kb free=115063Kb
 bounds [0x000002695eb10000, 0x000002695eff0000, 0x0000026966040000]
CodeHeap 'non-nmethods': size=5760Kb used=1237Kb max_used=1253Kb free=4522Kb
 bounds [0x0000026966040000, 0x00000269662b0000, 0x00000269665e0000]
 total_blobs=3044 nmethods=2496 adapters=462
 compilation: enabled
              stopped_count=0, restarted_count=0
 full_count=0

Compilation events (20 events):
Event: 3.323 Thread 0x00000269772d2670 nmethod 2475 0x00000269666da110 code [0x00000269666da2a0, 0x00000269666da638]
Event: 3.324 Thread 0x00000269772d2670 2476       4       org.lombokweb.asm.Label::resolve (259 bytes)
Event: 3.324 Thread 0x00000269755da310 nmethod 2480 0x000002695efd4610 code [0x000002695efd4800, 0x000002695efd4e48]
Event: 3.327 Thread 0x00000269772d2670 nmethod 2476 0x00000269666daa10 code [0x00000269666daba0, 0x00000269666dae38]
Event: 3.344 Thread 0x00000269755da310 2481       1       lombok.patcher.MethodLogistics::getReturnOpcode (5 bytes)
Event: 3.344 Thread 0x00000269755da310 nmethod 2481 0x00000269666db010 code [0x00000269666db1a0, 0x00000269666db278]
Event: 3.344 Thread 0x00000269755da310 2484       3       org.lombokweb.asm.Label::resolve (259 bytes)
Event: 3.345 Thread 0x00000269755da310 nmethod 2484 0x000002695efd5090 code [0x000002695efd5280, 0x000002695efd5878]
Event: 3.345 Thread 0x00000269755da310 2482       3       org.lombokweb.asm.ByteVector::put11 (52 bytes)
Event: 3.345 Thread 0x00000269755da310 nmethod 2482 0x000002695efd5c10 code [0x000002695efd5dc0, 0x000002695efd5fc8]
Event: 3.345 Thread 0x00000269755da310 2485       3       org.lombokweb.asm.MethodVisitor::visitInsn (16 bytes)
Event: 3.345 Thread 0x00000269755da310 nmethod 2485 0x000002695efd6110 code [0x000002695efd62c0, 0x000002695efd64c8]
Event: 3.345 Thread 0x00000269755da310 2483       3       org.lombokweb.asm.Label::put (83 bytes)
Event: 3.345 Thread 0x00000269755da310 nmethod 2483 0x000002695efd6590 code [0x000002695efd67a0, 0x000002695efd6bd8]
Event: 3.365 Thread 0x00000269755da310 2486       3       org.lombokweb.asm.ClassReader::<init> (371 bytes)
Event: 3.365 Thread 0x00000269755da310 nmethod 2486 0x000002695efd6d90 code [0x000002695efd7060, 0x000002695efd8218]
Event: 3.365 Thread 0x00000269755da310 2487       3       org.lombokweb.asm.SymbolTable::<init> (536 bytes)
Event: 3.366 Thread 0x00000269772d2670 2488       4       lombok.patcher.MethodTarget::matches (29 bytes)
Event: 3.367 Thread 0x00000269755da310 nmethod 2487 0x000002695efd8790 code [0x000002695efd8d00, 0x000002695efdb588]
Event: 3.367 Thread 0x00000269755da310 2493       3       java.lang.String::split (327 bytes)

GC Heap History (12 events):
Event: 1.050 GC heap before
{Heap before GC invocations=1 (full 0):
 PSYoungGen      total 29696K, used 25600K [0x00000000eab00000, 0x00000000ecc00000, 0x0000000100000000)
  eden space 25600K, 100% used [0x00000000eab00000,0x00000000ec400000,0x00000000ec400000)
  from space 4096K, 0% used [0x00000000ec800000,0x00000000ec800000,0x00000000ecc00000)
  to   space 4096K, 0% used [0x00000000ec400000,0x00000000ec400000,0x00000000ec800000)
 ParOldGen       total 68608K, used 0K [0x00000000c0000000, 0x00000000c4300000, 0x00000000eab00000)
  object space 68608K, 0% used [0x00000000c0000000,0x00000000c0000000,0x00000000c4300000)
 Metaspace       used 10989K, committed 11200K, reserved 1114112K
  class space    used 1094K, committed 1216K, reserved 1048576K
}
Event: 1.064 GC heap after
{Heap after GC invocations=1 (full 0):
 PSYoungGen      total 29696K, used 3172K [0x00000000eab00000, 0x00000000ecc00000, 0x0000000100000000)
  eden space 25600K, 0% used [0x00000000eab00000,0x00000000eab00000,0x00000000ec400000)
  from space 4096K, 77% used [0x00000000ec400000,0x00000000ec7192e0,0x00000000ec800000)
  to   space 4096K, 0% used [0x00000000ec800000,0x00000000ec800000,0x00000000ecc00000)
 ParOldGen       total 68608K, used 0K [0x00000000c0000000, 0x00000000c4300000, 0x00000000eab00000)
  object space 68608K, 0% used [0x00000000c0000000,0x00000000c0000000,0x00000000c4300000)
 Metaspace       used 10989K, committed 11200K, reserved 1114112K
  class space    used 1094K, committed 1216K, reserved 1048576K
}
Event: 2.183 GC heap before
{Heap before GC invocations=2 (full 0):
 PSYoungGen      total 29696K, used 28772K [0x00000000eab00000, 0x00000000ecc00000, 0x0000000100000000)
  eden space 25600K, 100% used [0x00000000eab00000,0x00000000ec400000,0x00000000ec400000)
  from space 4096K, 77% used [0x00000000ec400000,0x00000000ec7192e0,0x00000000ec800000)
  to   space 4096K, 0% used [0x00000000ec800000,0x00000000ec800000,0x00000000ecc00000)
 ParOldGen       total 68608K, used 0K [0x00000000c0000000, 0x00000000c4300000, 0x00000000eab00000)
  object space 68608K, 0% used [0x00000000c0000000,0x00000000c0000000,0x00000000c4300000)
 Metaspace       used 14735K, committed 14976K, reserved 1114112K
  class space    used 1490K, committed 1600K, reserved 1048576K
}
Event: 2.188 GC heap after
{Heap after GC invocations=2 (full 0):
 PSYoungGen      total 29696K, used 4089K [0x00000000eab00000, 0x00000000ecc00000, 0x0000000100000000)
  eden space 25600K, 0% used [0x00000000eab00000,0x00000000eab00000,0x00000000ec400000)
  from space 4096K, 99% used [0x00000000ec800000,0x00000000ecbfe770,0x00000000ecc00000)
  to   space 4096K, 0% used [0x00000000ec400000,0x00000000ec400000,0x00000000ec800000)
 ParOldGen       total 68608K, used 764K [0x00000000c0000000, 0x00000000c4300000, 0x00000000eab00000)
  object space 68608K, 1% used [0x00000000c0000000,0x00000000c00bf350,0x00000000c4300000)
 Metaspace       used 14735K, committed 14976K, reserved 1114112K
  class space    used 1490K, committed 1600K, reserved 1048576K
}
Event: 2.657 GC heap before
{Heap before GC invocations=3 (full 0):
 PSYoungGen      total 29696K, used 29689K [0x00000000eab00000, 0x00000000ecc00000, 0x0000000100000000)
  eden space 25600K, 100% used [0x00000000eab00000,0x00000000ec400000,0x00000000ec400000)
  from space 4096K, 99% used [0x00000000ec800000,0x00000000ecbfe770,0x00000000ecc00000)
  to   space 4096K, 0% used [0x00000000ec400000,0x00000000ec400000,0x00000000ec800000)
 ParOldGen       total 68608K, used 764K [0x00000000c0000000, 0x00000000c4300000, 0x00000000eab00000)
  object space 68608K, 1% used [0x00000000c0000000,0x00000000c00bf350,0x00000000c4300000)
 Metaspace       used 19794K, committed 20160K, reserved 1114112K
  class space    used 2019K, committed 2176K, reserved 1048576K
}
Event: 2.661 GC heap after
{Heap after GC invocations=3 (full 0):
 PSYoungGen      total 29696K, used 4064K [0x00000000eab00000, 0x00000000ecc00000, 0x0000000100000000)
  eden space 25600K, 0% used [0x00000000eab00000,0x00000000eab00000,0x00000000ec400000)
  from space 4096K, 99% used [0x00000000ec400000,0x00000000ec7f8328,0x00000000ec800000)
  to   space 4096K, 0% used [0x00000000ec800000,0x00000000ec800000,0x00000000ecc00000)
 ParOldGen       total 68608K, used 2496K [0x00000000c0000000, 0x00000000c4300000, 0x00000000eab00000)
  object space 68608K, 3% used [0x00000000c0000000,0x00000000c0270390,0x00000000c4300000)
 Metaspace       used 19794K, committed 20160K, reserved 1114112K
  class space    used 2019K, committed 2176K, reserved 1048576K
}
Event: 2.801 GC heap before
{Heap before GC invocations=4 (full 0):
 PSYoungGen      total 29696K, used 11847K [0x00000000eab00000, 0x00000000ecc00000, 0x0000000100000000)
  eden space 25600K, 30% used [0x00000000eab00000,0x00000000eb2999f8,0x00000000ec400000)
  from space 4096K, 99% used [0x00000000ec400000,0x00000000ec7f8328,0x00000000ec800000)
  to   space 4096K, 0% used [0x00000000ec800000,0x00000000ec800000,0x00000000ecc00000)
 ParOldGen       total 68608K, used 2496K [0x00000000c0000000, 0x00000000c4300000, 0x00000000eab00000)
  object space 68608K, 3% used [0x00000000c0000000,0x00000000c0270390,0x00000000c4300000)
 Metaspace       used 21078K, committed 21504K, reserved 1114112K
  class space    used 2150K, committed 2368K, reserved 1048576K
}
Event: 2.804 GC heap after
{Heap after GC invocations=4 (full 0):
 PSYoungGen      total 29696K, used 4078K [0x00000000eab00000, 0x00000000ecc00000, 0x0000000100000000)
  eden space 25600K, 0% used [0x00000000eab00000,0x00000000eab00000,0x00000000ec400000)
  from space 4096K, 99% used [0x00000000ec800000,0x00000000ecbfba10,0x00000000ecc00000)
  to   space 4096K, 0% used [0x00000000ec400000,0x00000000ec400000,0x00000000ec800000)
 ParOldGen       total 68608K, used 3316K [0x00000000c0000000, 0x00000000c4300000, 0x00000000eab00000)
  object space 68608K, 4% used [0x00000000c0000000,0x00000000c033d210,0x00000000c4300000)
 Metaspace       used 21078K, committed 21504K, reserved 1114112K
  class space    used 2150K, committed 2368K, reserved 1048576K
}
Event: 2.804 GC heap before
{Heap before GC invocations=5 (full 1):
 PSYoungGen      total 29696K, used 4078K [0x00000000eab00000, 0x00000000ecc00000, 0x0000000100000000)
  eden space 25600K, 0% used [0x00000000eab00000,0x00000000eab00000,0x00000000ec400000)
  from space 4096K, 99% used [0x00000000ec800000,0x00000000ecbfba10,0x00000000ecc00000)
  to   space 4096K, 0% used [0x00000000ec400000,0x00000000ec400000,0x00000000ec800000)
 ParOldGen       total 68608K, used 3316K [0x00000000c0000000, 0x00000000c4300000, 0x00000000eab00000)
  object space 68608K, 4% used [0x00000000c0000000,0x00000000c033d210,0x00000000c4300000)
 Metaspace       used 21078K, committed 21504K, reserved 1114112K
  class space    used 2150K, committed 2368K, reserved 1048576K
}
Event: 2.827 GC heap after
{Heap after GC invocations=5 (full 1):
 PSYoungGen      total 29696K, used 0K [0x00000000eab00000, 0x00000000ecc00000, 0x0000000100000000)
  eden space 25600K, 0% used [0x00000000eab00000,0x00000000eab00000,0x00000000ec400000)
  from space 4096K, 0% used [0x00000000ec800000,0x00000000ec800000,0x00000000ecc00000)
  to   space 4096K, 0% used [0x00000000ec400000,0x00000000ec400000,0x00000000ec800000)
 ParOldGen       total 68608K, used 7233K [0x00000000c0000000, 0x00000000c4300000, 0x00000000eab00000)
  object space 68608K, 10% used [0x00000000c0000000,0x00000000c0710768,0x00000000c4300000)
 Metaspace       used 21065K, committed 21504K, reserved 1114112K
  class space    used 2147K, committed 2368K, reserved 1048576K
}
Event: 3.111 GC heap before
{Heap before GC invocations=6 (full 1):
 PSYoungGen      total 29696K, used 25591K [0x00000000eab00000, 0x00000000ecc00000, 0x0000000100000000)
  eden space 25600K, 99% used [0x00000000eab00000,0x00000000ec3fdf98,0x00000000ec400000)
  from space 4096K, 0% used [0x00000000ec800000,0x00000000ec800000,0x00000000ecc00000)
  to   space 4096K, 0% used [0x00000000ec400000,0x00000000ec400000,0x00000000ec800000)
 ParOldGen       total 68608K, used 7233K [0x00000000c0000000, 0x00000000c4300000, 0x00000000eab00000)
  object space 68608K, 10% used [0x00000000c0000000,0x00000000c0710768,0x00000000c4300000)
 Metaspace       used 23592K, committed 24128K, reserved 1114112K
  class space    used 2403K, committed 2624K, reserved 1048576K
}
Event: 3.112 GC heap after
{Heap after GC invocations=6 (full 1):
 PSYoungGen      total 28672K, used 3116K [0x00000000eab00000, 0x00000000ecb80000, 0x0000000100000000)
  eden space 25088K, 0% used [0x00000000eab00000,0x00000000eab00000,0x00000000ec380000)
  from space 3584K, 86% used [0x00000000ec400000,0x00000000ec70b2d8,0x00000000ec780000)
  to   space 4096K, 0% used [0x00000000ec780000,0x00000000ec780000,0x00000000ecb80000)
 ParOldGen       total 68608K, used 7241K [0x00000000c0000000, 0x00000000c4300000, 0x00000000eab00000)
  object space 68608K, 10% used [0x00000000c0000000,0x00000000c0712768,0x00000000c4300000)
 Metaspace       used 23592K, committed 24128K, reserved 1114112K
  class space    used 2403K, committed 2624K, reserved 1048576K
}

Dll operation events (10 events):
Event: 0.040 Loaded shared library c:\Users\papth\.vscode\extensions\redhat.java-1.33.0-win32-x64\jre\17.0.11-win32-x86_64\bin\java.dll
Event: 0.217 Loaded shared library c:\Users\papth\.vscode\extensions\redhat.java-1.33.0-win32-x64\jre\17.0.11-win32-x86_64\bin\zip.dll
Event: 0.220 Loaded shared library C:\Users\papth\.vscode\extensions\redhat.java-1.33.0-win32-x64\jre\17.0.11-win32-x86_64\bin\instrument.dll
Event: 0.252 Loaded shared library C:\Users\papth\.vscode\extensions\redhat.java-1.33.0-win32-x64\jre\17.0.11-win32-x86_64\bin\net.dll
Event: 0.261 Loaded shared library C:\Users\papth\.vscode\extensions\redhat.java-1.33.0-win32-x64\jre\17.0.11-win32-x86_64\bin\nio.dll
Event: 0.270 Loaded shared library C:\Users\papth\.vscode\extensions\redhat.java-1.33.0-win32-x64\jre\17.0.11-win32-x86_64\bin\zip.dll
Event: 0.290 Loaded shared library C:\Users\papth\.vscode\extensions\redhat.java-1.33.0-win32-x64\jre\17.0.11-win32-x86_64\bin\jimage.dll
Event: 0.395 Loaded shared library c:\Users\papth\.vscode\extensions\redhat.java-1.33.0-win32-x64\jre\17.0.11-win32-x86_64\bin\verify.dll
Event: 2.108 Loaded shared library C:\Users\papth\AppData\Roaming\Code\User\globalStorage\redhat.java\1.33.0\config_ss_win\org.eclipse.equinox.launcher\org.eclipse.equinox.launcher.win32.win32.x86_64_1.2.1100.v20240722-2106\eclipse_11904.dll
Event: 2.915 Loaded shared library C:\Users\papth\AppData\Local\Temp\jna-106435411\jna15308171571633070574.dll

Deoptimization events (20 events):
Event: 2.796 Thread 0x0000026975657c80 Uncommon trap: trap_request=0xffffff45 fr.pc=0x00000269666bbc98 relative=0x0000000000000178
Event: 2.796 Thread 0x0000026975657c80 Uncommon trap: reason=unstable_if action=reinterpret pc=0x00000269666bbc98 method=java.io.BufferedInputStream.read1([BII)I @ 22 c2
Event: 2.796 Thread 0x0000026975657c80 DEOPT PACKING pc=0x00000269666bbc98 sp=0x0000008c70df6dd0
Event: 2.796 Thread 0x0000026975657c80 DEOPT UNPACKING pc=0x00000269660966a3 sp=0x0000008c70df6d88 mode 2
Event: 2.833 Thread 0x0000026975657c80 Uncommon trap: trap_request=0xffffff45 fr.pc=0x0000026966638000 relative=0x0000000000000700
Event: 2.833 Thread 0x0000026975657c80 Uncommon trap: reason=unstable_if action=reinterpret pc=0x0000026966638000 method=java.lang.String.replace(Ljava/lang/CharSequence;Ljava/lang/CharSequence;)Ljava/lang/String; @ 42 c2
Event: 2.833 Thread 0x0000026975657c80 DEOPT PACKING pc=0x0000026966638000 sp=0x0000008c70df75c0
Event: 2.833 Thread 0x0000026975657c80 DEOPT UNPACKING pc=0x00000269660966a3 sp=0x0000008c70df7550 mode 2
Event: 2.937 Thread 0x0000026975657c80 Uncommon trap: trap_request=0xffffffc6 fr.pc=0x0000026966676888 relative=0x0000000000000a48
Event: 2.937 Thread 0x0000026975657c80 Uncommon trap: reason=bimorphic_or_optimized_type_check action=maybe_recompile pc=0x0000026966676888 method=java.util.HashMap.putVal(ILjava/lang/Object;Ljava/lang/Object;ZZ)Ljava/lang/Object; @ 91 c2
Event: 2.937 Thread 0x0000026975657c80 DEOPT PACKING pc=0x0000026966676888 sp=0x0000008c70df7c90
Event: 2.937 Thread 0x0000026975657c80 DEOPT UNPACKING pc=0x00000269660966a3 sp=0x0000008c70df7c10 mode 2
Event: 3.084 Thread 0x0000026975657c80 Uncommon trap: trap_request=0xffffff45 fr.pc=0x00000269666ceb84 relative=0x0000000000000844
Event: 3.084 Thread 0x0000026975657c80 Uncommon trap: reason=unstable_if action=reinterpret pc=0x00000269666ceb84 method=org.lombokweb.asm.ClassReader.readUTF8(I[C)Ljava/lang/String; @ 11 c2
Event: 3.084 Thread 0x0000026975657c80 DEOPT PACKING pc=0x00000269666ceb84 sp=0x0000008c70def530
Event: 3.084 Thread 0x0000026975657c80 DEOPT UNPACKING pc=0x00000269660966a3 sp=0x0000008c70def528 mode 2
Event: 3.344 Thread 0x0000026975657c80 Uncommon trap: trap_request=0xffffff45 fr.pc=0x00000269666dadac relative=0x000000000000020c
Event: 3.344 Thread 0x0000026975657c80 Uncommon trap: reason=unstable_if action=reinterpret pc=0x00000269666dadac method=org.lombokweb.asm.Label.resolve([BLorg/lombokweb/asm/ByteVector;I)Z @ 81 c2
Event: 3.344 Thread 0x0000026975657c80 DEOPT PACKING pc=0x00000269666dadac sp=0x0000008c70df27b0
Event: 3.344 Thread 0x0000026975657c80 DEOPT UNPACKING pc=0x00000269660966a3 sp=0x0000008c70df2720 mode 2

Classes unloaded (7 events):
Event: 2.810 Thread 0x00000269755914b0 Unloading class 0x000000010021a400 'java/lang/invoke/LambdaForm$MH+0x000000010021a400'
Event: 2.810 Thread 0x00000269755914b0 Unloading class 0x000000010021a000 'java/lang/invoke/LambdaForm$MH+0x000000010021a000'
Event: 2.810 Thread 0x00000269755914b0 Unloading class 0x0000000100219c00 'java/lang/invoke/LambdaForm$MH+0x0000000100219c00'
Event: 2.810 Thread 0x00000269755914b0 Unloading class 0x0000000100219800 'java/lang/invoke/LambdaForm$MH+0x0000000100219800'
Event: 2.810 Thread 0x00000269755914b0 Unloading class 0x0000000100219400 'java/lang/invoke/LambdaForm$BMH+0x0000000100219400'
Event: 2.810 Thread 0x00000269755914b0 Unloading class 0x0000000100219000 'java/lang/invoke/LambdaForm$DMH+0x0000000100219000'
Event: 2.810 Thread 0x00000269755914b0 Unloading class 0x0000000100214400 'java/lang/invoke/LambdaForm$DMH+0x0000000100214400'

Classes redefined (0 events):
No events

Internal exceptions (20 events):
Event: 2.593 Thread 0x0000026975657c80 Exception <a 'java/lang/NoSuchMethodError'{0x00000000ec0e3280}: 'java.lang.Object java.lang.invoke.DelegatingMethodHandle$Holder.reinvoke_L(java.lang.Object, java.lang.Object, java.lang.Object, java.lang.Object, int, int)'> (0x00000000ec0e3280) 
thrown [s\src\hotspot\share\interpreter\linkResolver.cpp, line 759]
Event: 2.594 Thread 0x0000026975657c80 Exception <a 'java/lang/NoSuchMethodError'{0x00000000ec0f7910}: 'java.lang.Object java.lang.invoke.Invokers$Holder.invokeExact_MT(java.lang.Object, java.lang.Object, java.lang.Object, java.lang.Object)'> (0x00000000ec0f7910) 
thrown [s\src\hotspot\share\interpreter\linkResolver.cpp, line 759]
Event: 2.650 Thread 0x0000026975657c80 Exception <a 'java/io/FileNotFoundException'{0x00000000ec35d4b0}> (0x00000000ec35d4b0) 
thrown [s\src\hotspot\share\prims\jni.cpp, line 516]
Event: 2.650 Thread 0x0000026975657c80 Exception <a 'java/io/FileNotFoundException'{0x00000000ec37cf60}> (0x00000000ec37cf60) 
thrown [s\src\hotspot\share\prims\jni.cpp, line 516]
Event: 2.710 Thread 0x0000026975657c80 Exception <a 'java/lang/NoSuchMethodError'{0x00000000ead5aa30}: 'java.lang.Object java.lang.invoke.DirectMethodHandle$Holder.newInvokeSpecial(java.lang.Object, java.lang.Object, java.lang.Object, java.lang.Object, java.lang.Object)'> (0x00000000ead5aa30) 
thrown [s\src\hotspot\share\interpreter\linkResolver.cpp, line 759]
Event: 2.751 Thread 0x0000026975657c80 Exception <a 'java/lang/NoSuchMethodError'{0x00000000eafead40}: 'java.lang.Object java.lang.invoke.DirectMethodHandle$Holder.invokeStaticInit(java.lang.Object, int)'> (0x00000000eafead40) 
thrown [s\src\hotspot\share\interpreter\linkResolver.cpp, line 759]
Event: 2.840 Thread 0x0000026975657c80 Exception <a 'java/lang/NoSuchMethodError'{0x00000000eabb7af8}: 'java.lang.Object java.lang.invoke.DirectMethodHandle$Holder.invokeStaticInit(java.lang.Object, int, int, int, int)'> (0x00000000eabb7af8) 
thrown [s\src\hotspot\share\interpreter\linkResolver.cpp, line 759]
Event: 2.894 Thread 0x0000026975657c80 Exception <a 'java/lang/NoSuchMethodError'{0x00000000ead236a0}: 'java.lang.Object java.lang.invoke.DirectMethodHandle$Holder.invokeStaticInit(java.lang.Object, java.lang.Object, int, int, int, int)'> (0x00000000ead236a0) 
thrown [s\src\hotspot\share\interpreter\linkResolver.cpp, line 759]
Event: 2.953 Thread 0x0000026975657c80 Exception <a 'java/lang/NoSuchMethodError'{0x00000000eb02b4d0}: 'java.lang.Object java.lang.invoke.DirectMethodHandle$Holder.invokeSpecial(java.lang.Object, java.lang.Object, java.lang.Object, long, java.lang.Object)'> (0x00000000eb02b4d0) 
thrown [s\src\hotspot\share\interpreter\linkResolver.cpp, line 759]
Event: 2.954 Thread 0x0000026975657c80 Exception <a 'java/lang/NoSuchMethodError'{0x00000000eb033a28}: 'java.lang.Object java.lang.invoke.DirectMethodHandle$Holder.newInvokeSpecial(java.lang.Object, java.lang.Object, java.lang.Object, long)'> (0x00000000eb033a28) 
thrown [s\src\hotspot\share\interpreter\linkResolver.cpp, line 759]
Event: 2.954 Thread 0x0000026975657c80 Exception <a 'java/lang/NoSuchMethodError'{0x00000000eb037fc8}: 'java.lang.Object java.lang.invoke.DirectMethodHandle$Holder.invokeSpecial(java.lang.Object, java.lang.Object, java.lang.Object, java.lang.Object, long)'> (0x00000000eb037fc8) 
thrown [s\src\hotspot\share\interpreter\linkResolver.cpp, line 759]
Event: 2.954 Thread 0x0000026975657c80 Exception <a 'java/lang/NoSuchMethodError'{0x00000000eb03be40}: 'java.lang.Object java.lang.invoke.Invokers$Holder.linkToTargetMethod(java.lang.Object, java.lang.Object, long, java.lang.Object)'> (0x00000000eb03be40) 
thrown [s\src\hotspot\share\interpreter\linkResolver.cpp, line 759]
Event: 2.962 Thread 0x0000026975657c80 Exception <a 'java/lang/NoSuchMethodError'{0x00000000eb0af9a0}: 'int java.lang.invoke.DirectMethodHandle$Holder.invokeStaticInit(java.lang.Object, java.lang.Object, java.lang.Object)'> (0x00000000eb0af9a0) 
thrown [s\src\hotspot\share\interpreter\linkResolver.cpp, line 759]
Event: 2.968 Thread 0x0000026975657c80 Exception <a 'java/lang/IncompatibleClassChangeError'{0x00000000eb132fa8}: Found class java.lang.Object, but interface was expected> (0x00000000eb132fa8) 
thrown [s\src\hotspot\share\interpreter\linkResolver.cpp, line 826]
Event: 2.970 Thread 0x0000026975657c80 Exception <a 'java/lang/NoSuchMethodError'{0x00000000eb146218}: 'java.lang.Object java.lang.invoke.DirectMethodHandle$Holder.invokeSpecial(java.lang.Object, java.lang.Object, java.lang.Object, int, java.lang.Object, java.lang.Object)'> (0x00000000eb146218) 
thrown [s\src\hotspot\share\interpreter\linkResolver.cpp, line 759]
Event: 2.971 Thread 0x0000026975657c80 Exception <a 'java/lang/NoSuchMethodError'{0x00000000eb14e9a0}: 'java.lang.Object java.lang.invoke.DirectMethodHandle$Holder.newInvokeSpecial(java.lang.Object, java.lang.Object, java.lang.Object, int, java.lang.Object)'> (0x00000000eb14e9a0) 
thrown [s\src\hotspot\share\interpreter\linkResolver.cpp, line 759]
Event: 2.971 Thread 0x0000026975657c80 Exception <a 'java/lang/NoSuchMethodError'{0x00000000eb152df8}: 'java.lang.Object java.lang.invoke.DirectMethodHandle$Holder.invokeSpecial(java.lang.Object, java.lang.Object, java.lang.Object, java.lang.Object, int, java.lang.Object)'> (0x00000000eb152df8) 
thrown [s\src\hotspot\share\interpreter\linkResolver.cpp, line 759]
Event: 2.973 Thread 0x00000269756595d0 Exception <a 'java/lang/NoSuchMethodError'{0x00000000eb0752f0}: 'java.lang.Object java.lang.invoke.DirectMethodHandle$Holder.invokeSpecial(java.lang.Object, java.lang.Object, int, java.lang.Object, java.lang.Object)'> (0x00000000eb0752f0) 
thrown [s\src\hotspot\share\interpreter\linkResolver.cpp, line 759]
Event: 2.973 Thread 0x00000269756595d0 Exception <a 'java/lang/NoSuchMethodError'{0x00000000eb07c9c0}: 'java.lang.Object java.lang.invoke.DirectMethodHandle$Holder.newInvokeSpecial(java.lang.Object, java.lang.Object, int, java.lang.Object)'> (0x00000000eb07c9c0) 
thrown [s\src\hotspot\share\interpreter\linkResolver.cpp, line 759]
Event: 2.973 Thread 0x00000269756595d0 Exception <a 'java/lang/NoSuchMethodError'{0x00000000eb0804d0}: 'java.lang.Object java.lang.invoke.DirectMethodHandle$Holder.invokeSpecial(java.lang.Object, java.lang.Object, java.lang.Object, int, java.lang.Object)'> (0x00000000eb0804d0) 
thrown [s\src\hotspot\share\interpreter\linkResolver.cpp, line 759]

VM Operations (20 events):
Event: 2.164 Executing VM operation: HandshakeAllThreads
Event: 2.164 Executing VM operation: HandshakeAllThreads done
Event: 2.164 Executing VM operation: Cleanup
Event: 2.165 Executing VM operation: Cleanup done
Event: 2.183 Executing VM operation: ParallelGCFailedAllocation
Event: 2.188 Executing VM operation: ParallelGCFailedAllocation done
Event: 2.485 Executing VM operation: HandshakeAllThreads
Event: 2.485 Executing VM operation: HandshakeAllThreads done
Event: 2.586 Executing VM operation: HandshakeAllThreads
Event: 2.586 Executing VM operation: HandshakeAllThreads done
Event: 2.657 Executing VM operation: ParallelGCFailedAllocation
Event: 2.661 Executing VM operation: ParallelGCFailedAllocation done
Event: 2.801 Executing VM operation: CollectForMetadataAllocation
Event: 2.827 Executing VM operation: CollectForMetadataAllocation done
Event: 2.851 Executing VM operation: HandshakeAllThreads
Event: 2.851 Executing VM operation: HandshakeAllThreads done
Event: 2.920 Executing VM operation: HandshakeAllThreads
Event: 2.920 Executing VM operation: HandshakeAllThreads done
Event: 3.111 Executing VM operation: ParallelGCFailedAllocation
Event: 3.112 Executing VM operation: ParallelGCFailedAllocation done

Events (20 events):
Event: 3.029 loading class java/io/StringReader
Event: 3.029 loading class java/io/StringReader done
Event: 3.043 loading class java/util/zip/GZIPInputStream
Event: 3.044 loading class java/util/zip/GZIPInputStream done
Event: 3.046 loading class java/net/SocketTimeoutException
Event: 3.046 loading class java/io/InterruptedIOException
Event: 3.046 loading class java/io/InterruptedIOException done
Event: 3.046 loading class java/net/SocketTimeoutException done
Event: 3.046 loading class java/net/SocketException
Event: 3.046 loading class java/net/SocketException done
Event: 3.046 loading class java/net/UnknownHostException
Event: 3.046 loading class java/net/UnknownHostException done
Event: 3.046 loading class java/net/ProtocolException
Event: 3.046 loading class java/net/ProtocolException done
Event: 3.063 loading class java/lang/ThreadLocal$SuppliedThreadLocal
Event: 3.064 loading class java/lang/ThreadLocal$SuppliedThreadLocal done
Event: 3.072 loading class java/lang/NegativeArraySizeException
Event: 3.072 loading class java/lang/NegativeArraySizeException done
Event: 3.072 loading class java/io/FileWriter
Event: 3.072 loading class java/io/FileWriter done


Dynamic libraries:
0x00007ff67b7d0000 - 0x00007ff67b7de000 	c:\Users\papth\.vscode\extensions\redhat.java-1.33.0-win32-x64\jre\17.0.11-win32-x86_64\bin\java.exe
0x00007ffc25050000 - 0x00007ffc25267000 	C:\WINDOWS\SYSTEM32\ntdll.dll
0x00007ffc24650000 - 0x00007ffc24714000 	C:\WINDOWS\System32\KERNEL32.DLL
0x00007ffc22950000 - 0x00007ffc22cfd000 	C:\WINDOWS\System32\KERNELBASE.dll
0x00007ffc226c0000 - 0x00007ffc227d1000 	C:\WINDOWS\System32\ucrtbase.dll
0x00007ffbd7c90000 - 0x00007ffbd7ca7000 	c:\Users\papth\.vscode\extensions\redhat.java-1.33.0-win32-x64\jre\17.0.11-win32-x86_64\bin\jli.dll
0x00007ffbd7e80000 - 0x00007ffbd7e9b000 	c:\Users\papth\.vscode\extensions\redhat.java-1.33.0-win32-x64\jre\17.0.11-win32-x86_64\bin\VCRUNTIME140.dll
0x00007ffc249d0000 - 0x00007ffc24b7e000 	C:\WINDOWS\System32\USER32.dll
0x00007ffc22490000 - 0x00007ffc224b6000 	C:\WINDOWS\System32\win32u.dll
0x00007ffc23f10000 - 0x00007ffc23f39000 	C:\WINDOWS\System32\GDI32.dll
0x00007ffc22370000 - 0x00007ffc22489000 	C:\WINDOWS\System32\gdi32full.dll
0x00007ffc22620000 - 0x00007ffc226ba000 	C:\WINDOWS\System32\msvcp_win.dll
0x00007ffc10090000 - 0x00007ffc10323000 	C:\WINDOWS\WinSxS\amd64_microsoft.windows.common-controls_6595b64144ccf1df_6.0.22621.3672_none_2713b9d173822955\COMCTL32.dll
0x00007ffc240f0000 - 0x00007ffc24197000 	C:\WINDOWS\System32\msvcrt.dll
0x00007ffc247f0000 - 0x00007ffc24821000 	C:\WINDOWS\System32\IMM32.DLL
0x00007ffc120e0000 - 0x00007ffc120ec000 	c:\Users\papth\.vscode\extensions\redhat.java-1.33.0-win32-x64\jre\17.0.11-win32-x86_64\bin\vcruntime140_1.dll
0x00007ffbd7030000 - 0x00007ffbd70bd000 	c:\Users\papth\.vscode\extensions\redhat.java-1.33.0-win32-x64\jre\17.0.11-win32-x86_64\bin\msvcp140.dll
0x00007ffb6a030000 - 0x00007ffb6ac92000 	c:\Users\papth\.vscode\extensions\redhat.java-1.33.0-win32-x64\jre\17.0.11-win32-x86_64\bin\server\jvm.dll
0x00007ffc24910000 - 0x00007ffc249c2000 	C:\WINDOWS\System32\ADVAPI32.dll
0x00007ffc24730000 - 0x00007ffc247d9000 	C:\WINDOWS\System32\sechost.dll
0x00007ffc22530000 - 0x00007ffc22558000 	C:\WINDOWS\System32\bcrypt.dll
0x00007ffc23fd0000 - 0x00007ffc240e4000 	C:\WINDOWS\System32\RPCRT4.dll
0x00007ffc21af0000 - 0x00007ffc21b3d000 	C:\WINDOWS\SYSTEM32\POWRPROF.dll
0x00007ffc1a1a0000 - 0x00007ffc1a1d4000 	C:\WINDOWS\SYSTEM32\WINMM.dll
0x00007ffc130d0000 - 0x00007ffc130da000 	C:\WINDOWS\SYSTEM32\VERSION.dll
0x00007ffc1ab20000 - 0x00007ffc1ab29000 	C:\WINDOWS\SYSTEM32\WSOCK32.dll
0x00007ffc23b80000 - 0x00007ffc23bf1000 	C:\WINDOWS\System32\WS2_32.dll
0x00007ffc21ad0000 - 0x00007ffc21ae3000 	C:\WINDOWS\SYSTEM32\UMPDC.dll
0x00007ffc21360000 - 0x00007ffc21378000 	C:\WINDOWS\SYSTEM32\kernel.appcore.dll
0x00007ffc11aa0000 - 0x00007ffc11aaa000 	c:\Users\papth\.vscode\extensions\redhat.java-1.33.0-win32-x64\jre\17.0.11-win32-x86_64\bin\jimage.dll
0x00007ffc1fbf0000 - 0x00007ffc1fe22000 	C:\WINDOWS\SYSTEM32\DBGHELP.DLL
0x00007ffc242c0000 - 0x00007ffc2464d000 	C:\WINDOWS\System32\combase.dll
0x00007ffc23a70000 - 0x00007ffc23b47000 	C:\WINDOWS\System32\OLEAUT32.dll
0x00007ffc13090000 - 0x00007ffc130c2000 	C:\WINDOWS\SYSTEM32\dbgcore.DLL
0x00007ffc22d00000 - 0x00007ffc22d7b000 	C:\WINDOWS\System32\bcryptPrimitives.dll
0x00007ffc11800000 - 0x00007ffc1180e000 	c:\Users\papth\.vscode\extensions\redhat.java-1.33.0-win32-x64\jre\17.0.11-win32-x86_64\bin\instrument.dll
0x00007ffbd7760000 - 0x00007ffbd7785000 	c:\Users\papth\.vscode\extensions\redhat.java-1.33.0-win32-x64\jre\17.0.11-win32-x86_64\bin\java.dll
0x00007ffbd79d0000 - 0x00007ffbd79e8000 	c:\Users\papth\.vscode\extensions\redhat.java-1.33.0-win32-x64\jre\17.0.11-win32-x86_64\bin\zip.dll
0x00007ffc22d80000 - 0x00007ffc235e8000 	C:\WINDOWS\System32\SHELL32.dll
0x00007ffc20270000 - 0x00007ffc20b6e000 	C:\WINDOWS\SYSTEM32\windows.storage.dll
0x00007ffc20130000 - 0x00007ffc2026f000 	C:\WINDOWS\SYSTEM32\wintypes.dll
0x00007ffc24f10000 - 0x00007ffc25009000 	C:\WINDOWS\System32\SHCORE.dll
0x00007ffc24830000 - 0x00007ffc2488e000 	C:\WINDOWS\System32\shlwapi.dll
0x00007ffc222a0000 - 0x00007ffc222c1000 	C:\WINDOWS\SYSTEM32\profapi.dll
0x00007ffbd7740000 - 0x00007ffbd7759000 	C:\Users\papth\.vscode\extensions\redhat.java-1.33.0-win32-x64\jre\17.0.11-win32-x86_64\bin\net.dll
0x00007ffc1a5a0000 - 0x00007ffc1a6d6000 	C:\WINDOWS\SYSTEM32\WINHTTP.dll
0x00007ffc217c0000 - 0x00007ffc21829000 	C:\WINDOWS\system32\mswsock.dll
0x00007ffbd7720000 - 0x00007ffbd7736000 	C:\Users\papth\.vscode\extensions\redhat.java-1.33.0-win32-x64\jre\17.0.11-win32-x86_64\bin\nio.dll
0x00007ffc007d0000 - 0x00007ffc007e0000 	c:\Users\papth\.vscode\extensions\redhat.java-1.33.0-win32-x64\jre\17.0.11-win32-x86_64\bin\verify.dll
0x00007ffbd7500000 - 0x00007ffbd7545000 	C:\Users\papth\AppData\Roaming\Code\User\globalStorage\redhat.java\1.33.0\config_ss_win\org.eclipse.equinox.launcher\org.eclipse.equinox.launcher.win32.win32.x86_64_1.2.1100.v20240722-2106\eclipse_11904.dll
0x00007ffc24d40000 - 0x00007ffc24ee5000 	C:\WINDOWS\System32\ole32.dll
0x00007ffc21bd0000 - 0x00007ffc21beb000 	C:\WINDOWS\SYSTEM32\CRYPTSP.dll
0x00007ffc212c0000 - 0x00007ffc212f5000 	C:\WINDOWS\system32\rsaenh.dll
0x00007ffc21860000 - 0x00007ffc21888000 	C:\WINDOWS\SYSTEM32\USERENV.dll
0x00007ffc219c0000 - 0x00007ffc219cc000 	C:\WINDOWS\SYSTEM32\CRYPTBASE.dll
0x00007ffc20dd0000 - 0x00007ffc20dfd000 	C:\WINDOWS\SYSTEM32\IPHLPAPI.DLL
0x00007ffc247e0000 - 0x00007ffc247e9000 	C:\WINDOWS\System32\NSI.dll
0x00007ffc1a520000 - 0x00007ffc1a539000 	C:\WINDOWS\SYSTEM32\dhcpcsvc6.DLL
0x00007ffc1a500000 - 0x00007ffc1a51f000 	C:\WINDOWS\SYSTEM32\dhcpcsvc.DLL
0x00007ffc20e40000 - 0x00007ffc20f38000 	C:\WINDOWS\SYSTEM32\DNSAPI.dll
0x00007ffbd6d30000 - 0x00007ffbd6d75000 	C:\Users\papth\AppData\Local\Temp\jna-106435411\jna15308171571633070574.dll
0x00007ffc24200000 - 0x00007ffc24208000 	C:\WINDOWS\System32\PSAPI.DLL

dbghelp: loaded successfully - version: 4.0.5 - missing functions: none
symbol engine: initialized successfully - sym options: 0x614 - pdb path: .;c:\Users\papth\.vscode\extensions\redhat.java-1.33.0-win32-x64\jre\17.0.11-win32-x86_64\bin;C:\WINDOWS\SYSTEM32;C:\WINDOWS\WinSxS\amd64_microsoft.windows.common-controls_6595b64144ccf1df_6.0.22621.3672_none_2713b9d173822955;c:\Users\papth\.vscode\extensions\redhat.java-1.33.0-win32-x64\jre\17.0.11-win32-x86_64\bin\server;C:\Users\papth\AppData\Roaming\Code\User\globalStorage\redhat.java\1.33.0\config_ss_win\org.eclipse.equinox.launcher\org.eclipse.equinox.launcher.win32.win32.x86_64_1.2.1100.v20240722-2106;C:\Users\papth\AppData\Local\Temp\jna-106435411

VM Arguments:
jvm_args: --add-modules=ALL-SYSTEM --add-opens=java.base/java.util=ALL-UNNAMED --add-opens=java.base/java.lang=ALL-UNNAMED --add-opens=java.base/sun.nio.fs=ALL-UNNAMED -Declipse.application=org.eclipse.jdt.ls.core.id1 -Dosgi.bundles.defaultStartLevel=4 -Declipse.product=org.eclipse.jdt.ls.core.product -Djava.import.generatesMetadataFilesAtProjectRoot=false -DDetectVMInstallationsJob.disabled=true -Dfile.encoding=utf8 -XX:+UseParallelGC -XX:GCTimeRatio=4 -XX:AdaptiveSizePolicyWeight=90 -Dsun.zip.disableMemoryMapping=true -Xmx1G -Xms100m -Xlog:disable -javaagent:c:\Users\papth\.vscode\extensions\redhat.java-1.33.0-win32-x64\lombok\lombok-1.18.33.jar 
java_command: c:\Users\papth\.vscode\extensions\redhat.java-1.33.0-win32-x64\server\plugins\org.eclipse.equinox.launcher_1.6.900.v20240613-2009.jar -configuration c:\Users\papth\AppData\Roaming\Code\User\globalStorage\redhat.java\1.33.0\config_ss_win -data c:\Users\papth\AppData\Roaming\Code\User\workspaceStorage\5c05168c5aa2c9692861d3fc907bc7d4\redhat.java\ss_ws --pipe=\\.\pipe\lsp-6363ccba2f1e3557f0894f6aa332634e-sock
java_class_path (initial): c:\Users\papth\.vscode\extensions\redhat.java-1.33.0-win32-x64\server\plugins\org.eclipse.equinox.launcher_1.6.900.v20240613-2009.jar
Launcher Type: SUN_STANDARD

[Global flags]
    uintx AdaptiveSizePolicyWeight                 = 90                                        {product} {command line}
     intx CICompilerCount                          = 4                                         {product} {ergonomic}
    uintx GCTimeRatio                              = 4                                         {product} {command line}
   size_t InitialHeapSize                          = 104857600                                 {product} {command line}
   size_t MaxHeapSize                              = 1073741824                                {product} {command line}
   size_t MaxNewSize                               = 357564416                                 {product} {ergonomic}
   size_t MinHeapDeltaBytes                        = 524288                                    {product} {ergonomic}
   size_t MinHeapSize                              = 104857600                                 {product} {command line}
   size_t NewSize                                  = 34603008                                  {product} {ergonomic}
    uintx NonNMethodCodeHeapSize                   = 5839372                                {pd product} {ergonomic}
    uintx NonProfiledCodeHeapSize                  = 122909434                              {pd product} {ergonomic}
   size_t OldSize                                  = 70254592                                  {product} {ergonomic}
    uintx ProfiledCodeHeapSize                     = 122909434                              {pd product} {ergonomic}
    uintx ReservedCodeCacheSize                    = 251658240                              {pd product} {ergonomic}
     bool SegmentedCodeCache                       = true                                      {product} {ergonomic}
   size_t SoftMaxHeapSize                          = 1073741824                             {manageable} {ergonomic}
     bool UseCompressedClassPointers               = true                           {product lp64_product} {ergonomic}
     bool UseCompressedOops                        = true                           {product lp64_product} {ergonomic}
     bool UseLargePagesIndividualAllocation        = false                                  {pd product} {ergonomic}
     bool UseParallelGC                            = true                                      {product} {command line}

Logging:
Log output configuration:
 #0: stdout all=off uptime,level,tags
 #1: stderr all=off uptime,level,tags

Environment Variables:
JAVA_HOME=C:\LAB-TOOLS\JDK\jdk-17.0.6
PATH=C:\Python311\Scripts\;C:\Python311\;C:\LAB-TOOLS\JDK\jdk-17.0.6\bin;C:\Program Files\Microsoft\jdk-11.0.12.7-hotspot\bin;C:\Program Files\AdoptOpenJDK\jdk-11.0.9.101-hotspot\bin;C:\Program Files (x86)\Common Files\Oracle\Java\javapath;C:\windows\system32;C:\windows;C:\windows\System32\Wbem;C:\windows\System32\WindowsPowerShell\v1.0\;C:\windows\System32\OpenSSH\;C:\Program Files (x86)\NVIDIA Corporation\PhysX\Common;C:\Program Files\NVIDIA Corporation\NVIDIA NvDLISR;C:\Program Files (x86)\Wolfram Research\WolframScript\;C:\WINDOWS\system32;C:\WINDOWS;C:\WINDOWS\System32\Wbem;C:\WINDOWS\System32\WindowsPowerShell\v1.0\;C:\WINDOWS\System32\OpenSSH\;C:\Program Files\MATLAB\R2020a\runtime\win64;C:\Program Files\MATLAB\R2020a\bin;C:\Program Files\OpenVPN\bin;C:\Program Files\Git\cmd;C:\Program Files\Git\usr\bin;C:\Program Files\Microsoft SQL Server\150\Tools\Binn\;C:\Program Files\dotnet\;C:\MinGW\mingw32\bin;C:\WINDOWS\system32;C:\WINDOWS;C:\WINDOWS\System32\Wbem;C:\WINDOWS\System32\WindowsPowerShell\v1.0\;C:\Program Files\nodejs;C:\ProgramData\chocolatey\bin;C:\Program Files\Docker\Docker\resources\bin;C:\WINDOWS\System32\OpenSSH\;C:\LAB-TOOLS\apache-maven-3.9.6-bin\apache-maven-3.9.6\bin;C:\Program Files\PowerShell\7-preview\preview;C:\Program Files\HP\HP One Agent;C:\Program Files\PowerShell\7\;C:\Users\papth\scoop\shims;C:\dev\flutter\bin;C:\Users\papth\AppData\Local\Microsoft\WindowsApps;C:\Users\papth\AppData\Local\GitHubDesktop\bin;C:\Users\papth\AppData\Local\Microsoft\WindowsApps;C:\Users\papth\AppData\Local\atom\bin;C:\Users\papth\.dotnet\tools;C:\Users\papth\AppData\Roaming\npm;C:\dev\android-sdk\platform-tools;C:\Program Files\nodejs;C:\Users\papth\AppData\Local\Programs\Microsoft VS Code\bin;C:\Users\papth\AppData\Roaming\Python\Python311\Scripts;C:\Users\papth\AppData\Local\Google\Cloud SDK\google-cloud-sdk\bin
USERNAME=papth
OS=Windows_NT
PROCESSOR_IDENTIFIER=Intel64 Family 6 Model 142 Stepping 12, GenuineIntel
TMP=C:\Users\papth\AppData\Local\Temp
TEMP=C:\Users\papth\AppData\Local\Temp



Periodic native trim disabled


---------------  S Y S T E M  ---------------

OS:
 Windows 11 , 64 bit Build 22621 (10.0.22621.3958)
OS uptime: 0 days 13:22 hours
Hyper-V role detected

CPU: total 8 (initial active 8) (4 cores per cpu, 2 threads per core) family 6 model 142 stepping 12 microcode 0xde, cx8, cmov, fxsr, ht, mmx, 3dnowpref, sse, sse2, sse3, ssse3, sse4.1, sse4.2, popcnt, lzcnt, tsc, tscinvbit, avx, avx2, aes, erms, clmul, bmi1, bmi2, adx, fma, vzeroupper, clflush, clflushopt, hv
Processor Information for all 8 processors :
  Max Mhz: 2304, Current Mhz: 1803, Mhz Limit: 1797

Memory: 4k page, system-wide physical 16187M (5677M free)
TotalPageFile size 16187M (AvailPageFile size 5M)
current process WorkingSet (physical memory assigned to process): 127M, peak: 127M
current process commit charge ("private bytes"): 233M, peak: 233M

vm_info: OpenJDK 64-Bit Server VM (17.0.11+9) for windows-amd64 JRE (17.0.11+9), built on Apr 17 2024 06:07:48 by "admin" with MS VC++ 16.10 / 16.11 (VS2019)

END.
