#
# There is insufficient memory for the Java Runtime Environment to continue.
# Native memory allocation (mmap) failed to map 266338304 bytes for G1 virtual space
# Possible reasons:
#   The system is out of physical RAM or swap space
#   The process is running with CompressedOops enabled, and the Java Heap may be blocking the growth of the native heap
# Possible solutions:
#   Reduce memory load on the system
#   Increase physical memory or swap space
#   Check if swap backing store is full
#   Decrease Java heap size (-Xmx/-Xms)
#   Decrease number of Java threads
#   Decrease Java thread stack sizes (-Xss)
#   Set larger code cache with -XX:ReservedCodeCacheSize=
#   JVM is running with Zero Based Compressed Oops mode in which the Java heap is
#     placed in the first 32GB address space. The Java Heap base address is the
#     maximum limit for the native heap growth. Please use -XX:HeapBaseMinAddress
#     to set the Java Heap base and to place the Java Heap above 32GB virtual address.
# This output file may be truncated or incomplete.
#
#  Out of Memory Error (os_windows.cpp:3550), pid=21380, tid=20492
#
# JRE version:  (17.0.6+9) (build )
# Java VM: Java HotSpot(TM) 64-Bit Server VM (17.0.6+9-LTS-190, mixed mode, sharing, tiered, compressed oops, compressed class ptrs, g1 gc, windows-amd64)
# No core dump will be written. Minidumps are not enabled by default on client versions of Windows
#

---------------  S U M M A R Y ------------

Command Line: -Dclassworlds.conf=C:\LAB-TOOLS\apache-maven-3.9.6-bin\apache-maven-3.9.6\bin\m2.conf -Dmaven.home=C:\LAB-TOOLS\apache-maven-3.9.6-bin\apache-maven-3.9.6 -Dlibrary.jansi.path=C:\LAB-TOOLS\apache-maven-3.9.6-bin\apache-maven-3.9.6\lib\jansi-native -Dmaven.multiModuleProjectDirectory=C:\LAB-TOOLS\ECLIPSE\Eclipse-Workspace\multimedia\weblibrary org.codehaus.plexus.classworlds.launcher.Launcher compiler:compile -f c:\LAB-TOOLS\ECLIPSE\Eclipse-Workspace\multimedia\weblibrary\pom.xml

Host: Intel(R) Core(TM) i7-10510U CPU @ 1.80GHz, 8 cores, 15G,  Windows 11 , 64 bit Build 22621 (10.0.22621.3672)
Time: Thu Aug 15 05:23:03 2024  Windows 11 , 64 bit Build 22621 (10.0.22621.3672) elapsed time: 0.030179 seconds (0d 0h 0m 0s)

---------------  T H R E A D  ---------------

Current thread (0x0000015d43868fd0):  JavaThread "Unknown thread" [_thread_in_vm, id=20492, stack(0x00000059b2d00000,0x00000059b2e00000)]

Stack: [0x00000059b2d00000,0x00000059b2e00000]
Native frames: (J=compiled Java code, j=interpreted, Vv=VM code, C=native code)
V  [jvm.dll+0x6734ea]
V  [jvm.dll+0x7d18f4]
V  [jvm.dll+0x7d309e]
V  [jvm.dll+0x7d3703]
V  [jvm.dll+0x2433c5]
V  [jvm.dll+0x6703f9]
V  [jvm.dll+0x664d32]
V  [jvm.dll+0x300086]
V  [jvm.dll+0x307606]
V  [jvm.dll+0x356c1e]
V  [jvm.dll+0x356e4f]
V  [jvm.dll+0x2d72e8]
V  [jvm.dll+0x2d8254]
V  [jvm.dll+0x7a33b1]
V  [jvm.dll+0x3647f1]
V  [jvm.dll+0x782839]
V  [jvm.dll+0x3e757f]
V  [jvm.dll+0x3e9001]
C  [jli.dll+0x5297]
C  [ucrtbase.dll+0x29333]
C  [KERNEL32.DLL+0x1257d]
C  [ntdll.dll+0x5af28]


---------------  P R O C E S S  ---------------

Threads class SMR info:
_java_thread_list=0x00007ff8a06ee958, length=0, elements={
}

Java Threads: ( => current thread )

Other Threads:
  0x0000015d438d4d90 GCTaskThread "GC Thread#0" [stack: 0x00000059b2e00000,0x00000059b2f00000] [id=12220]
  0x0000015d438e58e0 ConcurrentGCThread "G1 Main Marker" [stack: 0x00000059b2f00000,0x00000059b3000000] [id=10108]
  0x0000015d438e69a0 ConcurrentGCThread "G1 Conc#0" [stack: 0x00000059b3000000,0x00000059b3100000] [id=9596]

[error occurred during error reporting (printing all threads), id 0xc0000005, EXCEPTION_ACCESS_VIOLATION (0xc0000005) at pc=0x00007ff89ff27f07]

VM state: not at safepoint (not fully initialized)

VM Mutex/Monitor currently owned by a thread:  ([mutex/lock_event])
[0x0000015d43863470] Heap_lock - owner thread: 0x0000015d43868fd0

Heap address: 0x0000000703000000, size: 4048 MB, Compressed Oops mode: Zero based, Oop shift amount: 3

CDS archive(s) mapped at: [0x0000000000000000-0x0000000000000000-0x0000000000000000), size 0, SharedBaseAddress: 0x0000000800000000, ArchiveRelocationMode: 0.
Narrow klass base: 0x0000000000000000, Narrow klass shift: 0, Narrow klass range: 0x0

GC Precious Log:
<Empty>

Heap:
 garbage-first heap   total 0K, used 0K [0x0000000703000000, 0x0000000800000000)
  region size 2048K, 0 young (0K), 0 survivors (0K)

[error occurred during error reporting (printing heap information), id 0xc0000005, EXCEPTION_ACCESS_VIOLATION (0xc0000005) at pc=0x00007ff8a030c759]

GC Heap History (0 events):
No events

Deoptimization events (0 events):
No events

Classes unloaded (0 events):
No events

Classes redefined (0 events):
No events

Internal exceptions (0 events):
No events

VM Operations (0 events):
No events

Events (1 events):
Event: 0.020 Loaded shared library C:\LAB-TOOLS\JDK\jdk-17.0.6\bin\java.dll


Dynamic libraries:
0x00007ff727df0000 - 0x00007ff727e00000 	C:\LAB-TOOLS\JDK\jdk-17.0.6\bin\java.exe
0x00007ff95a610000 - 0x00007ff95a827000 	C:\WINDOWS\SYSTEM32\ntdll.dll
0x00007ff959500000 - 0x00007ff9595c4000 	C:\WINDOWS\System32\KERNEL32.DLL
0x00007ff957fa0000 - 0x00007ff95834d000 	C:\WINDOWS\System32\KERNELBASE.dll
0x00007ff957aa0000 - 0x00007ff957bb1000 	C:\WINDOWS\System32\ucrtbase.dll
0x00007ff939090000 - 0x00007ff9390a8000 	C:\LAB-TOOLS\JDK\jdk-17.0.6\bin\jli.dll
0x00007ff959150000 - 0x00007ff959202000 	C:\WINDOWS\System32\ADVAPI32.dll
0x00007ff9590a0000 - 0x00007ff959147000 	C:\WINDOWS\System32\msvcrt.dll
0x00007ff959210000 - 0x00007ff9592b9000 	C:\WINDOWS\System32\sechost.dll
0x00007ff957f00000 - 0x00007ff957f28000 	C:\WINDOWS\System32\bcrypt.dll
0x00007ff95a450000 - 0x00007ff95a564000 	C:\WINDOWS\System32\RPCRT4.dll
0x00007ff959700000 - 0x00007ff9598ae000 	C:\WINDOWS\System32\USER32.dll
0x00007ff957e50000 - 0x00007ff957e76000 	C:\WINDOWS\System32\win32u.dll
0x00007ff9596d0000 - 0x00007ff9596f9000 	C:\WINDOWS\System32\GDI32.dll
0x00007ff957d30000 - 0x00007ff957e49000 	C:\WINDOWS\System32\gdi32full.dll
0x00007ff9319c0000 - 0x00007ff931c53000 	C:\WINDOWS\WinSxS\amd64_microsoft.windows.common-controls_6595b64144ccf1df_6.0.22621.3672_none_2713b9d173822955\COMCTL32.dll
0x00007ff957940000 - 0x00007ff9579da000 	C:\WINDOWS\System32\msvcp_win.dll
0x00007ff948490000 - 0x00007ff94849a000 	C:\WINDOWS\SYSTEM32\VERSION.dll
0x00007ff935be0000 - 0x00007ff935bfb000 	C:\LAB-TOOLS\JDK\jdk-17.0.6\bin\VCRUNTIME140.dll
0x00007ff95a180000 - 0x00007ff95a1b1000 	C:\WINDOWS\System32\IMM32.DLL
0x00007ff93c070000 - 0x00007ff93c07c000 	C:\LAB-TOOLS\JDK\jdk-17.0.6\bin\vcruntime140_1.dll
0x00007ff9196a0000 - 0x00007ff91972e000 	C:\LAB-TOOLS\JDK\jdk-17.0.6\bin\msvcp140.dll
0x00007ff89fc40000 - 0x00007ff8a0817000 	C:\LAB-TOOLS\JDK\jdk-17.0.6\bin\server\jvm.dll
0x00007ff958360000 - 0x00007ff958368000 	C:\WINDOWS\System32\PSAPI.DLL
0x00007ff94fa50000 - 0x00007ff94fa84000 	C:\WINDOWS\SYSTEM32\WINMM.dll
0x00007ff949df0000 - 0x00007ff949df9000 	C:\WINDOWS\SYSTEM32\WSOCK32.dll
0x00007ff95a0e0000 - 0x00007ff95a151000 	C:\WINDOWS\System32\WS2_32.dll
0x00007ff956a30000 - 0x00007ff956a48000 	C:\WINDOWS\SYSTEM32\kernel.appcore.dll
0x00007ff9397f0000 - 0x00007ff9397fa000 	C:\LAB-TOOLS\JDK\jdk-17.0.6\bin\jimage.dll
0x00007ff955230000 - 0x00007ff955462000 	C:\WINDOWS\SYSTEM32\DBGHELP.DLL
0x00007ff9598b0000 - 0x00007ff959c38000 	C:\WINDOWS\System32\combase.dll
0x00007ff9595f0000 - 0x00007ff9596c7000 	C:\WINDOWS\System32\OLEAUT32.dll
0x00007ff948450000 - 0x00007ff948482000 	C:\WINDOWS\SYSTEM32\dbgcore.DLL
0x00007ff957e80000 - 0x00007ff957efb000 	C:\WINDOWS\System32\bcryptPrimitives.dll
0x00007ff9349d0000 - 0x00007ff9349f5000 	C:\LAB-TOOLS\JDK\jdk-17.0.6\bin\java.dll

dbghelp: loaded successfully - version: 4.0.5 - missing functions: none
symbol engine: initialized successfully - sym options: 0x614 - pdb path: .;C:\LAB-TOOLS\JDK\jdk-17.0.6\bin;C:\WINDOWS\SYSTEM32;C:\WINDOWS\WinSxS\amd64_microsoft.windows.common-controls_6595b64144ccf1df_6.0.22621.3672_none_2713b9d173822955;C:\LAB-TOOLS\JDK\jdk-17.0.6\bin\server

VM Arguments:
jvm_args: -Dclassworlds.conf=C:\LAB-TOOLS\apache-maven-3.9.6-bin\apache-maven-3.9.6\bin\m2.conf -Dmaven.home=C:\LAB-TOOLS\apache-maven-3.9.6-bin\apache-maven-3.9.6 -Dlibrary.jansi.path=C:\LAB-TOOLS\apache-maven-3.9.6-bin\apache-maven-3.9.6\lib\jansi-native -Dmaven.multiModuleProjectDirectory=C:\LAB-TOOLS\ECLIPSE\Eclipse-Workspace\multimedia\weblibrary 
java_command: org.codehaus.plexus.classworlds.launcher.Launcher compiler:compile -f c:\LAB-TOOLS\ECLIPSE\Eclipse-Workspace\multimedia\weblibrary\pom.xml
java_class_path (initial): C:\LAB-TOOLS\apache-maven-3.9.6-bin\apache-maven-3.9.6\boot\plexus-classworlds-2.7.0.jar
Launcher Type: SUN_STANDARD

[Global flags]
     intx CICompilerCount                          = 4                                         {product} {ergonomic}
     uint ConcGCThreads                            = 2                                         {product} {ergonomic}
     uint G1ConcRefinementThreads                  = 8                                         {product} {ergonomic}
   size_t G1HeapRegionSize                         = 2097152                                   {product} {ergonomic}
    uintx GCDrainStackTargetSize                   = 64                                        {product} {ergonomic}
   size_t InitialHeapSize                          = 266338304                                 {product} {ergonomic}
   size_t MarkStackSize                            = 4194304                                   {product} {ergonomic}
   size_t MaxHeapSize                              = 4244635648                                {product} {ergonomic}
   size_t MinHeapDeltaBytes                        = 2097152                                   {product} {ergonomic}
   size_t MinHeapSize                              = 8388608                                   {product} {ergonomic}
    uintx NonNMethodCodeHeapSize                   = 5839372                                {pd product} {ergonomic}
    uintx NonProfiledCodeHeapSize                  = 122909434                              {pd product} {ergonomic}
    uintx ProfiledCodeHeapSize                     = 122909434                              {pd product} {ergonomic}
    uintx ReservedCodeCacheSize                    = 251658240                              {pd product} {ergonomic}
     bool SegmentedCodeCache                       = true                                      {product} {ergonomic}
   size_t SoftMaxHeapSize                          = 4244635648                             {manageable} {ergonomic}
     bool UseCompressedClassPointers               = true                           {product lp64_product} {ergonomic}
     bool UseCompressedOops                        = true                           {product lp64_product} {ergonomic}
     bool UseG1GC                                  = true                                      {product} {ergonomic}
     bool UseLargePagesIndividualAllocation        = false                                  {pd product} {ergonomic}

Logging:
Log output configuration:
 #0: stdout all=warning uptime,level,tags
 #1: stderr all=off uptime,level,tags

Environment Variables:
JAVA_HOME=C:\LAB-TOOLS\JDK\jdk-17.0.6
PATH=C:\Program Files\PowerShell\7;C:\Python311\Scripts\;C:\Python311\;C:\LAB-TOOLS\JDK\jdk-17.0.6\bin;C:\Program Files\Microsoft\jdk-11.0.12.7-hotspot\bin;C:\Program Files\AdoptOpenJDK\jdk-11.0.9.101-hotspot\bin;C:\Program Files (x86)\Common Files\Oracle\Java\javapath;C:\windows\system32;C:\windows;C:\windows\System32\Wbem;C:\windows\System32\WindowsPowerShell\v1.0\;C:\windows\System32\OpenSSH\;C:\Program Files (x86)\NVIDIA Corporation\PhysX\Common;C:\Program Files\NVIDIA Corporation\NVIDIA NvDLISR;C:\Program Files (x86)\Wolfram Research\WolframScript\;C:\WINDOWS\system32;C:\WINDOWS;C:\WINDOWS\System32\Wbem;C:\WINDOWS\System32\WindowsPowerShell\v1.0\;C:\WINDOWS\System32\OpenSSH\;C:\Program Files\MATLAB\R2020a\runtime\win64;C:\Program Files\MATLAB\R2020a\bin;C:\Program Files\OpenVPN\bin;C:\Program Files\Git\cmd;C:\Program Files\Git\usr\bin;C:\Program Files\Microsoft SQL Server\150\Tools\Binn\;C:\Program Files\dotnet\;C:\MinGW\mingw32\bin;C:\WINDOWS\system32;C:\WINDOWS;C:\WINDOWS\System32\Wbem;C:\WINDOWS\System32\WindowsPowerShell\v1.0\;C:\Program Files\nodejs;C:\ProgramData\chocolatey\bin;C:\Program Files\Docker\Docker\resources\bin;C:\WINDOWS\System32\OpenSSH\;C:\LAB-TOOLS\apache-maven-3.9.6-bin\apache-maven-3.9.6\bin;C:\Program Files\PowerShell\7-preview\preview;C:\Program Files\HP\HP One Agent;C:\Program Files\PowerShell\7\;C:\Users\papth\scoop\shims;C:\dev\flutter\bin;C:\Users\papth\AppData\Local\Microsoft\WindowsApps;C:\Users\papth\AppData\Local\GitHubDesktop\bin;C:\Users\papth\AppData\Local\Microsoft\WindowsApps;C:\Users\papth\AppData\Local\atom\bin;C:\Users\papth\.dotnet\tools;C:\Users\papth\AppData\Roaming\npm;C:\dev\android-sdk\platform-tools;C:\Program Files\nodejs;C:\Users\papth\AppData\Local\Programs\Microsoft VS Code\bin;C:\Users\papth\AppData\Roaming\Python\Python311\Scripts;C:\Users\papth\AppData\Local\Google\Cloud SDK\google-cloud-sdk\bin
USERNAME=papth
LANG=en_US.UTF-8
OS=Windows_NT
PROCESSOR_IDENTIFIER=Intel64 Family 6 Model 142 Stepping 12, GenuineIntel



---------------  S Y S T E M  ---------------

OS:
 Windows 11 , 64 bit Build 22621 (10.0.22621.3672)
OS uptime: 0 days 10:10 hours
Hyper-V role detected

CPU: total 8 (initial active 8) (4 cores per cpu, 2 threads per core) family 6 model 142 stepping 12 microcode 0xde, cx8, cmov, fxsr, ht, mmx, 3dnowpref, sse, sse2, sse3, ssse3, sse4.1, sse4.2, popcnt, lzcnt, tsc, tscinvbit, avx, avx2, aes, erms, clmul, bmi1, bmi2, adx, fma, vzeroupper, clflush, clflushopt, hv

Memory: 4k page, system-wide physical 16187M (4788M free)
TotalPageFile size 16187M (AvailPageFile size 163M)
current process WorkingSet (physical memory assigned to process): 11M, peak: 11M
current process commit charge ("private bytes"): 60M, peak: 314M

vm_info: Java HotSpot(TM) 64-Bit Server VM (17.0.6+9-LTS-190) for windows-amd64 JRE (17.0.6+9-LTS-190), built on Dec  6 2022 15:53:54 by "mach5one" with MS VC++ 17.1 (VS2022)

END.
