#
# There is insufficient memory for the Java Runtime Environment to continue.
# Native memory allocation (malloc) failed to allocate 447536 bytes for Chunk::new
# Possible reasons:
#   The system is out of physical RAM or swap space
#   The process is running with CompressedOops enabled, and the Java Heap may be blocking the growth of the native heap
# Possible solutions:
#   Reduce memory load on the system
#   Increase physical memory or swap space
#   Check if swap backing store is full
#   Decrease Java heap size (-Xmx/-Xms)
#   Decrease number of Java threads
#   Decrease Java thread stack sizes (-Xss)
#   Set larger code cache with -XX:ReservedCodeCacheSize=
#   JVM is running with Zero Based Compressed Oops mode in which the Java heap is
#     placed in the first 32GB address space. The Java Heap base address is the
#     maximum limit for the native heap growth. Please use -XX:HeapBaseMinAddress
#     to set the Java Heap base and to place the Java Heap above 32GB virtual address.
# This output file may be truncated or incomplete.
#
#  Out of Memory Error (arena.cpp:189), pid=13844, tid=2216
#
# JRE version: Java(TM) SE Runtime Environment (17.0.6+9) (build 17.0.6+9-LTS-190)
# Java VM: Java HotSpot(TM) 64-Bit Server VM (17.0.6+9-LTS-190, mixed mode, sharing, tiered, compressed oops, compressed class ptrs, g1 gc, windows-amd64)
# No core dump will be written. Minidumps are not enabled by default on client versions of Windows
#

---------------  S U M M A R Y ------------

Command Line: --module-path=c:\LAB-TOOLS\ECLIPSE\Eclipse-Workspace\multimedia\weblibrary\target\classes;C:\Users\papth\.m2\repository\org\openjfx\javafx-base\13\javafx-base-13-win.jar;C:\Users\papth\.m2\repository\org\openjfx\javafx-controls\13\javafx-controls-13-win.jar;C:\Users\papth\.m2\repository\org\openjfx\javafx-fxml\13\javafx-fxml-13-win.jar;C:\Users\papth\.m2\repository\org\openjfx\javafx-graphics\13\javafx-graphics-13-win.jar --add-modules=com.library -Djdk.module.main=com.library com.library/com.library.App

Host: Intel(R) Core(TM) i7-10510U CPU @ 1.80GHz, 8 cores, 15G,  Windows 11 , 64 bit Build 22621 (10.0.22621.3672)
Time: Sun Aug 11 03:33:37 2024  Windows 11 , 64 bit Build 22621 (10.0.22621.3672) elapsed time: 1.117949 seconds (0d 0h 0m 1s)

---------------  T H R E A D  ---------------

Current thread (0x000001d9f8201080):  JavaThread "C2 CompilerThread1" daemon [_thread_in_native, id=2216, stack(0x0000001f30500000,0x0000001f30600000)]


Current CompileTask:
C2:   1118 1676       4       javafx.css.CompoundSelector::applies (144 bytes)

Stack: [0x0000001f30500000,0x0000001f30600000]
Native frames: (J=compiled Java code, j=interpreted, Vv=VM code, C=native code)
V  [jvm.dll+0x6734ea]
V  [jvm.dll+0x7d18f4]
V  [jvm.dll+0x7d309e]
V  [jvm.dll+0x7d3703]
V  [jvm.dll+0x2433c5]
V  [jvm.dll+0xaa46b]
V  [jvm.dll+0xaaa0c]
V  [jvm.dll+0x2a8b1f]
V  [jvm.dll+0x57bf85]
V  [jvm.dll+0x21e142]
V  [jvm.dll+0x2177c5]
V  [jvm.dll+0x215109]
V  [jvm.dll+0x1a1730]
V  [jvm.dll+0x224b6e]
V  [jvm.dll+0x222f15]
V  [jvm.dll+0x78753c]
V  [jvm.dll+0x781a7a]
V  [jvm.dll+0x672375]
C  [ucrtbase.dll+0x29333]
C  [KERNEL32.DLL+0x1257d]
C  [ntdll.dll+0x5af28]


---------------  P R O C E S S  ---------------

Threads class SMR info:
_java_thread_list=0x000001d9faa15cf0, length=20, elements={
0x000001d9cf1891a0, 0x000001d9f1dd9380, 0x000001d9f1dda1f0, 0x000001d9f1df3840,
0x000001d9f1df6300, 0x000001d9f1df7450, 0x000001d9f1dfbaa0, 0x000001d9f2800130,
0x000001d9f2801370, 0x000001d9f2805d00, 0x000001d9f1dc5420, 0x000001d9f2bfe640,
0x000001d9f3147f90, 0x000001d9f3149c70, 0x000001d9f314aae0, 0x000001d9f314afb0,
0x000001d9f3147ac0, 0x000001d9f8201080, 0x000001d9f3148930, 0x000001d9faa16240
}

Java Threads: ( => current thread )
  0x000001d9cf1891a0 JavaThread "main" [_thread_blocked, id=14580, stack(0x0000001f2e500000,0x0000001f2e600000)]
  0x000001d9f1dd9380 JavaThread "Reference Handler" daemon [_thread_blocked, id=16744, stack(0x0000001f2ec00000,0x0000001f2ed00000)]
  0x000001d9f1dda1f0 JavaThread "Finalizer" daemon [_thread_blocked, id=2060, stack(0x0000001f2ed00000,0x0000001f2ee00000)]
  0x000001d9f1df3840 JavaThread "Signal Dispatcher" daemon [_thread_blocked, id=15820, stack(0x0000001f2ee00000,0x0000001f2ef00000)]
  0x000001d9f1df6300 JavaThread "Attach Listener" daemon [_thread_blocked, id=15176, stack(0x0000001f2ef00000,0x0000001f2f000000)]
  0x000001d9f1df7450 JavaThread "Service Thread" daemon [_thread_blocked, id=3416, stack(0x0000001f2f000000,0x0000001f2f100000)]
  0x000001d9f1dfbaa0 JavaThread "Monitor Deflation Thread" daemon [_thread_blocked, id=12384, stack(0x0000001f2f100000,0x0000001f2f200000)]
  0x000001d9f2800130 JavaThread "C2 CompilerThread0" daemon [_thread_in_native, id=6568, stack(0x0000001f2f200000,0x0000001f2f300000)]
  0x000001d9f2801370 JavaThread "C1 CompilerThread0" daemon [_thread_in_native, id=20436, stack(0x0000001f2f300000,0x0000001f2f400000)]
  0x000001d9f2805d00 JavaThread "Sweeper thread" daemon [_thread_blocked, id=10016, stack(0x0000001f2f400000,0x0000001f2f500000)]
  0x000001d9f1dc5420 JavaThread "Common-Cleaner" daemon [_thread_blocked, id=10996, stack(0x0000001f2f500000,0x0000001f2f600000)]
  0x000001d9f2bfe640 JavaThread "Notification Thread" daemon [_thread_blocked, id=5872, stack(0x0000001f2f800000,0x0000001f2f900000)]
  0x000001d9f3147f90 JavaThread "QuantumRenderer-0" daemon [_thread_blocked, id=21380, stack(0x0000001f2f600000,0x0000001f2f700000)]
  0x000001d9f3149c70 JavaThread "InvokeLaterDispatcher" daemon [_thread_blocked, id=13624, stack(0x0000001f2f700000,0x0000001f2f800000)]
  0x000001d9f314aae0 JavaThread "JavaFX Application Thread" [_thread_in_native, id=9464, stack(0x0000001f2fa00000,0x0000001f2fb00000)]
  0x000001d9f314afb0 JavaThread "JavaFX-Launcher" [_thread_blocked, id=18188, stack(0x0000001f2ff00000,0x0000001f30000000)]
  0x000001d9f3147ac0 JavaThread "Thread-2" daemon [_thread_in_native, id=7888, stack(0x0000001f2fe00000,0x0000001f2ff00000)]
=>0x000001d9f8201080 JavaThread "C2 CompilerThread1" daemon [_thread_in_native, id=2216, stack(0x0000001f30500000,0x0000001f30600000)]
  0x000001d9f3148930 JavaThread "Prism Font Disposer" daemon [_thread_blocked, id=19672, stack(0x0000001f30900000,0x0000001f30a00000)]
  0x000001d9faa16240 JavaThread "C2 CompilerThread2" daemon [_thread_in_native, id=20376, stack(0x0000001f30a00000,0x0000001f30b00000)]

Other Threads:
  0x000001d9f1dd4ff0 VMThread "VM Thread" [stack: 0x0000001f2eb00000,0x0000001f2ec00000] [id=13288]
  0x000001d9cf20f3b0 WatcherThread [stack: 0x0000001f2f900000,0x0000001f2fa00000] [id=20404]
  0x000001d9cf1f4e60 GCTaskThread "GC Thread#0" [stack: 0x0000001f2e600000,0x0000001f2e700000] [id=9648]
  0x000001d9f81ac7c0 GCTaskThread "GC Thread#1" [stack: 0x0000001f30000000,0x0000001f30100000] [id=19888]
  0x000001d9f81a3c20 GCTaskThread "GC Thread#2" [stack: 0x0000001f30100000,0x0000001f30200000] [id=18960]
  0x000001d9f81f9ba0 GCTaskThread "GC Thread#3" [stack: 0x0000001f30200000,0x0000001f30300000] [id=20772]
  0x000001d9f81f9e50 GCTaskThread "GC Thread#4" [stack: 0x0000001f30300000,0x0000001f30400000] [id=13260]
  0x000001d9f81fa100 GCTaskThread "GC Thread#5" [stack: 0x0000001f30400000,0x0000001f30500000] [id=1380]
  0x000001d9cf205aa0 ConcurrentGCThread "G1 Main Marker" [stack: 0x0000001f2e700000,0x0000001f2e800000] [id=6964]
  0x000001d9cf206c50 ConcurrentGCThread "G1 Conc#0" [stack: 0x0000001f2e800000,0x0000001f2e900000] [id=18776]
  0x000001d9f1c8e530 ConcurrentGCThread "G1 Refine#0" [stack: 0x0000001f2e900000,0x0000001f2ea00000] [id=14628]
  0x000001d9f1c8ef50 ConcurrentGCThread "G1 Service" [stack: 0x0000001f2ea00000,0x0000001f2eb00000] [id=13088]

Threads with active compile tasks:
C2 CompilerThread0     1159 1180   !   4       com.sun.javafx.css.ParsedValueImpl::readBinary (688 bytes)
C1 CompilerThread0     1159 1816       3       javafx.scene.CssStyleHelper::lookupFont (1232 bytes)
C2 CompilerThread1     1159 1676       4       javafx.css.CompoundSelector::applies (144 bytes)
C2 CompilerThread2     1159 1670       4       javafx.css.SimpleSelector::applies (221 bytes)

VM state: not at safepoint (normal execution)

VM Mutex/Monitor currently owned by a thread: None

Heap address: 0x0000000703000000, size: 4048 MB, Compressed Oops mode: Zero based, Oop shift amount: 3

CDS archive(s) mapped at: [0x0000000800000000-0x0000000800bd0000-0x0000000800bd0000), size 12386304, SharedBaseAddress: 0x0000000800000000, ArchiveRelocationMode: 0.
Compressed class space mapped at: 0x0000000800c00000-0x0000000840c00000, reserved size: 1073741824
Narrow klass base: 0x0000000800000000, Narrow klass shift: 0, Narrow klass range: 0x100000000

GC Precious Log:
 CPUs: 8 total, 8 available
 Memory: 16187M
 Large Page Support: Disabled
 NUMA Support: Disabled
 Compressed Oops: Enabled (Zero based)
 Heap Region Size: 2M
 Heap Min Capacity: 8M
 Heap Initial Capacity: 254M
 Heap Max Capacity: 4048M
 Pre-touch: Disabled
 Parallel Workers: 8
 Concurrent Workers: 2
 Concurrent Refinement Workers: 8
 Periodic GC: Disabled

Heap:
 garbage-first heap   total 260096K, used 31325K [0x0000000703000000, 0x0000000800000000)
  region size 2048K, 18 young (36864K), 2 survivors (4096K)
 Metaspace       used 12927K, committed 13120K, reserved 1064960K
  class space    used 1856K, committed 1984K, reserved 1048576K

Heap Regions: E=young(eden), S=young(survivor), O=old, HS=humongous(starts), HC=humongous(continues), CS=collection set, F=free, OA=open archive, CA=closed archive, TAMS=top-at-mark-start (previous, next)
|   0|0x0000000703000000, 0x0000000703000000, 0x0000000703200000|  0%| F|  |TAMS 0x0000000703000000, 0x0000000703000000| Untracked 
|   1|0x0000000703200000, 0x0000000703200000, 0x0000000703400000|  0%| F|  |TAMS 0x0000000703200000, 0x0000000703200000| Untracked 
|   2|0x0000000703400000, 0x0000000703400000, 0x0000000703600000|  0%| F|  |TAMS 0x0000000703400000, 0x0000000703400000| Untracked 
|   3|0x0000000703600000, 0x0000000703600000, 0x0000000703800000|  0%| F|  |TAMS 0x0000000703600000, 0x0000000703600000| Untracked 
|   4|0x0000000703800000, 0x0000000703800000, 0x0000000703a00000|  0%| F|  |TAMS 0x0000000703800000, 0x0000000703800000| Untracked 
|   5|0x0000000703a00000, 0x0000000703a00000, 0x0000000703c00000|  0%| F|  |TAMS 0x0000000703a00000, 0x0000000703a00000| Untracked 
|   6|0x0000000703c00000, 0x0000000703c00000, 0x0000000703e00000|  0%| F|  |TAMS 0x0000000703c00000, 0x0000000703c00000| Untracked 
|   7|0x0000000703e00000, 0x0000000703e00000, 0x0000000704000000|  0%| F|  |TAMS 0x0000000703e00000, 0x0000000703e00000| Untracked 
|   8|0x0000000704000000, 0x0000000704000000, 0x0000000704200000|  0%| F|  |TAMS 0x0000000704000000, 0x0000000704000000| Untracked 
|   9|0x0000000704200000, 0x0000000704200000, 0x0000000704400000|  0%| F|  |TAMS 0x0000000704200000, 0x0000000704200000| Untracked 
|  10|0x0000000704400000, 0x0000000704400000, 0x0000000704600000|  0%| F|  |TAMS 0x0000000704400000, 0x0000000704400000| Untracked 
|  11|0x0000000704600000, 0x0000000704600000, 0x0000000704800000|  0%| F|  |TAMS 0x0000000704600000, 0x0000000704600000| Untracked 
|  12|0x0000000704800000, 0x0000000704800000, 0x0000000704a00000|  0%| F|  |TAMS 0x0000000704800000, 0x0000000704800000| Untracked 
|  13|0x0000000704a00000, 0x0000000704a00000, 0x0000000704c00000|  0%| F|  |TAMS 0x0000000704a00000, 0x0000000704a00000| Untracked 
|  14|0x0000000704c00000, 0x0000000704c00000, 0x0000000704e00000|  0%| F|  |TAMS 0x0000000704c00000, 0x0000000704c00000| Untracked 
|  15|0x0000000704e00000, 0x0000000704e00000, 0x0000000705000000|  0%| F|  |TAMS 0x0000000704e00000, 0x0000000704e00000| Untracked 
|  16|0x0000000705000000, 0x0000000705000000, 0x0000000705200000|  0%| F|  |TAMS 0x0000000705000000, 0x0000000705000000| Untracked 
|  17|0x0000000705200000, 0x0000000705200000, 0x0000000705400000|  0%| F|  |TAMS 0x0000000705200000, 0x0000000705200000| Untracked 
|  18|0x0000000705400000, 0x0000000705400000, 0x0000000705600000|  0%| F|  |TAMS 0x0000000705400000, 0x0000000705400000| Untracked 
|  19|0x0000000705600000, 0x0000000705600000, 0x0000000705800000|  0%| F|  |TAMS 0x0000000705600000, 0x0000000705600000| Untracked 
|  20|0x0000000705800000, 0x0000000705800000, 0x0000000705a00000|  0%| F|  |TAMS 0x0000000705800000, 0x0000000705800000| Untracked 
|  21|0x0000000705a00000, 0x0000000705a00000, 0x0000000705c00000|  0%| F|  |TAMS 0x0000000705a00000, 0x0000000705a00000| Untracked 
|  22|0x0000000705c00000, 0x0000000705c00000, 0x0000000705e00000|  0%| F|  |TAMS 0x0000000705c00000, 0x0000000705c00000| Untracked 
|  23|0x0000000705e00000, 0x0000000705e00000, 0x0000000706000000|  0%| F|  |TAMS 0x0000000705e00000, 0x0000000705e00000| Untracked 
|  24|0x0000000706000000, 0x0000000706000000, 0x0000000706200000|  0%| F|  |TAMS 0x0000000706000000, 0x0000000706000000| Untracked 
|  25|0x0000000706200000, 0x0000000706200000, 0x0000000706400000|  0%| F|  |TAMS 0x0000000706200000, 0x0000000706200000| Untracked 
|  26|0x0000000706400000, 0x0000000706400000, 0x0000000706600000|  0%| F|  |TAMS 0x0000000706400000, 0x0000000706400000| Untracked 
|  27|0x0000000706600000, 0x0000000706600000, 0x0000000706800000|  0%| F|  |TAMS 0x0000000706600000, 0x0000000706600000| Untracked 
|  28|0x0000000706800000, 0x0000000706800000, 0x0000000706a00000|  0%| F|  |TAMS 0x0000000706800000, 0x0000000706800000| Untracked 
|  29|0x0000000706a00000, 0x0000000706a00000, 0x0000000706c00000|  0%| F|  |TAMS 0x0000000706a00000, 0x0000000706a00000| Untracked 
|  30|0x0000000706c00000, 0x0000000706c00000, 0x0000000706e00000|  0%| F|  |TAMS 0x0000000706c00000, 0x0000000706c00000| Untracked 
|  31|0x0000000706e00000, 0x0000000706e00000, 0x0000000707000000|  0%| F|  |TAMS 0x0000000706e00000, 0x0000000706e00000| Untracked 
|  32|0x0000000707000000, 0x0000000707000000, 0x0000000707200000|  0%| F|  |TAMS 0x0000000707000000, 0x0000000707000000| Untracked 
|  33|0x0000000707200000, 0x0000000707200000, 0x0000000707400000|  0%| F|  |TAMS 0x0000000707200000, 0x0000000707200000| Untracked 
|  34|0x0000000707400000, 0x0000000707400000, 0x0000000707600000|  0%| F|  |TAMS 0x0000000707400000, 0x0000000707400000| Untracked 
|  35|0x0000000707600000, 0x0000000707600000, 0x0000000707800000|  0%| F|  |TAMS 0x0000000707600000, 0x0000000707600000| Untracked 
|  36|0x0000000707800000, 0x0000000707800000, 0x0000000707a00000|  0%| F|  |TAMS 0x0000000707800000, 0x0000000707800000| Untracked 
|  37|0x0000000707a00000, 0x0000000707a00000, 0x0000000707c00000|  0%| F|  |TAMS 0x0000000707a00000, 0x0000000707a00000| Untracked 
|  38|0x0000000707c00000, 0x0000000707c00000, 0x0000000707e00000|  0%| F|  |TAMS 0x0000000707c00000, 0x0000000707c00000| Untracked 
|  39|0x0000000707e00000, 0x0000000707e00000, 0x0000000708000000|  0%| F|  |TAMS 0x0000000707e00000, 0x0000000707e00000| Untracked 
|  40|0x0000000708000000, 0x0000000708000000, 0x0000000708200000|  0%| F|  |TAMS 0x0000000708000000, 0x0000000708000000| Untracked 
|  41|0x0000000708200000, 0x0000000708200000, 0x0000000708400000|  0%| F|  |TAMS 0x0000000708200000, 0x0000000708200000| Untracked 
|  42|0x0000000708400000, 0x0000000708400000, 0x0000000708600000|  0%| F|  |TAMS 0x0000000708400000, 0x0000000708400000| Untracked 
|  43|0x0000000708600000, 0x0000000708600000, 0x0000000708800000|  0%| F|  |TAMS 0x0000000708600000, 0x0000000708600000| Untracked 
|  44|0x0000000708800000, 0x0000000708800000, 0x0000000708a00000|  0%| F|  |TAMS 0x0000000708800000, 0x0000000708800000| Untracked 
|  45|0x0000000708a00000, 0x0000000708a00000, 0x0000000708c00000|  0%| F|  |TAMS 0x0000000708a00000, 0x0000000708a00000| Untracked 
|  46|0x0000000708c00000, 0x0000000708c00000, 0x0000000708e00000|  0%| F|  |TAMS 0x0000000708c00000, 0x0000000708c00000| Untracked 
|  47|0x0000000708e00000, 0x0000000708e00000, 0x0000000709000000|  0%| F|  |TAMS 0x0000000708e00000, 0x0000000708e00000| Untracked 
|  48|0x0000000709000000, 0x0000000709000000, 0x0000000709200000|  0%| F|  |TAMS 0x0000000709000000, 0x0000000709000000| Untracked 
|  49|0x0000000709200000, 0x0000000709200000, 0x0000000709400000|  0%| F|  |TAMS 0x0000000709200000, 0x0000000709200000| Untracked 
|  50|0x0000000709400000, 0x0000000709400000, 0x0000000709600000|  0%| F|  |TAMS 0x0000000709400000, 0x0000000709400000| Untracked 
|  51|0x0000000709600000, 0x0000000709600000, 0x0000000709800000|  0%| F|  |TAMS 0x0000000709600000, 0x0000000709600000| Untracked 
|  52|0x0000000709800000, 0x0000000709800000, 0x0000000709a00000|  0%| F|  |TAMS 0x0000000709800000, 0x0000000709800000| Untracked 
|  53|0x0000000709a00000, 0x0000000709a00000, 0x0000000709c00000|  0%| F|  |TAMS 0x0000000709a00000, 0x0000000709a00000| Untracked 
|  54|0x0000000709c00000, 0x0000000709c00000, 0x0000000709e00000|  0%| F|  |TAMS 0x0000000709c00000, 0x0000000709c00000| Untracked 
|  55|0x0000000709e00000, 0x0000000709e00000, 0x000000070a000000|  0%| F|  |TAMS 0x0000000709e00000, 0x0000000709e00000| Untracked 
|  56|0x000000070a000000, 0x000000070a000000, 0x000000070a200000|  0%| F|  |TAMS 0x000000070a000000, 0x000000070a000000| Untracked 
|  57|0x000000070a200000, 0x000000070a200000, 0x000000070a400000|  0%| F|  |TAMS 0x000000070a200000, 0x000000070a200000| Untracked 
|  58|0x000000070a400000, 0x000000070a400000, 0x000000070a600000|  0%| F|  |TAMS 0x000000070a400000, 0x000000070a400000| Untracked 
|  59|0x000000070a600000, 0x000000070a600000, 0x000000070a800000|  0%| F|  |TAMS 0x000000070a600000, 0x000000070a600000| Untracked 
|  60|0x000000070a800000, 0x000000070a800000, 0x000000070aa00000|  0%| F|  |TAMS 0x000000070a800000, 0x000000070a800000| Untracked 
|  61|0x000000070aa00000, 0x000000070aa00000, 0x000000070ac00000|  0%| F|  |TAMS 0x000000070aa00000, 0x000000070aa00000| Untracked 
|  62|0x000000070ac00000, 0x000000070ac00000, 0x000000070ae00000|  0%| F|  |TAMS 0x000000070ac00000, 0x000000070ac00000| Untracked 
|  63|0x000000070ae00000, 0x000000070ae00000, 0x000000070b000000|  0%| F|  |TAMS 0x000000070ae00000, 0x000000070ae00000| Untracked 
|  64|0x000000070b000000, 0x000000070b000000, 0x000000070b200000|  0%| F|  |TAMS 0x000000070b000000, 0x000000070b000000| Untracked 
|  65|0x000000070b200000, 0x000000070b200000, 0x000000070b400000|  0%| F|  |TAMS 0x000000070b200000, 0x000000070b200000| Untracked 
|  66|0x000000070b400000, 0x000000070b400000, 0x000000070b600000|  0%| F|  |TAMS 0x000000070b400000, 0x000000070b400000| Untracked 
|  67|0x000000070b600000, 0x000000070b600000, 0x000000070b800000|  0%| F|  |TAMS 0x000000070b600000, 0x000000070b600000| Untracked 
|  68|0x000000070b800000, 0x000000070b800000, 0x000000070ba00000|  0%| F|  |TAMS 0x000000070b800000, 0x000000070b800000| Untracked 
|  69|0x000000070ba00000, 0x000000070ba00000, 0x000000070bc00000|  0%| F|  |TAMS 0x000000070ba00000, 0x000000070ba00000| Untracked 
|  70|0x000000070bc00000, 0x000000070bc00000, 0x000000070be00000|  0%| F|  |TAMS 0x000000070bc00000, 0x000000070bc00000| Untracked 
|  71|0x000000070be00000, 0x000000070be00000, 0x000000070c000000|  0%| F|  |TAMS 0x000000070be00000, 0x000000070be00000| Untracked 
|  72|0x000000070c000000, 0x000000070c000000, 0x000000070c200000|  0%| F|  |TAMS 0x000000070c000000, 0x000000070c000000| Untracked 
|  73|0x000000070c200000, 0x000000070c200000, 0x000000070c400000|  0%| F|  |TAMS 0x000000070c200000, 0x000000070c200000| Untracked 
|  74|0x000000070c400000, 0x000000070c400000, 0x000000070c600000|  0%| F|  |TAMS 0x000000070c400000, 0x000000070c400000| Untracked 
|  75|0x000000070c600000, 0x000000070c600000, 0x000000070c800000|  0%| F|  |TAMS 0x000000070c600000, 0x000000070c600000| Untracked 
|  76|0x000000070c800000, 0x000000070c800000, 0x000000070ca00000|  0%| F|  |TAMS 0x000000070c800000, 0x000000070c800000| Untracked 
|  77|0x000000070ca00000, 0x000000070ca00000, 0x000000070cc00000|  0%| F|  |TAMS 0x000000070ca00000, 0x000000070ca00000| Untracked 
|  78|0x000000070cc00000, 0x000000070cc00000, 0x000000070ce00000|  0%| F|  |TAMS 0x000000070cc00000, 0x000000070cc00000| Untracked 
|  79|0x000000070ce00000, 0x000000070ce00000, 0x000000070d000000|  0%| F|  |TAMS 0x000000070ce00000, 0x000000070ce00000| Untracked 
|  80|0x000000070d000000, 0x000000070d000000, 0x000000070d200000|  0%| F|  |TAMS 0x000000070d000000, 0x000000070d000000| Untracked 
|  81|0x000000070d200000, 0x000000070d200000, 0x000000070d400000|  0%| F|  |TAMS 0x000000070d200000, 0x000000070d200000| Untracked 
|  82|0x000000070d400000, 0x000000070d400000, 0x000000070d600000|  0%| F|  |TAMS 0x000000070d400000, 0x000000070d400000| Untracked 
|  83|0x000000070d600000, 0x000000070d600000, 0x000000070d800000|  0%| F|  |TAMS 0x000000070d600000, 0x000000070d600000| Untracked 
|  84|0x000000070d800000, 0x000000070d800000, 0x000000070da00000|  0%| F|  |TAMS 0x000000070d800000, 0x000000070d800000| Untracked 
|  85|0x000000070da00000, 0x000000070da00000, 0x000000070dc00000|  0%| F|  |TAMS 0x000000070da00000, 0x000000070da00000| Untracked 
|  86|0x000000070dc00000, 0x000000070dc00000, 0x000000070de00000|  0%| F|  |TAMS 0x000000070dc00000, 0x000000070dc00000| Untracked 
|  87|0x000000070de00000, 0x000000070de00000, 0x000000070e000000|  0%| F|  |TAMS 0x000000070de00000, 0x000000070de00000| Untracked 
|  88|0x000000070e000000, 0x000000070e000000, 0x000000070e200000|  0%| F|  |TAMS 0x000000070e000000, 0x000000070e000000| Untracked 
|  89|0x000000070e200000, 0x000000070e200000, 0x000000070e400000|  0%| F|  |TAMS 0x000000070e200000, 0x000000070e200000| Untracked 
|  90|0x000000070e400000, 0x000000070e400000, 0x000000070e600000|  0%| F|  |TAMS 0x000000070e400000, 0x000000070e400000| Untracked 
|  91|0x000000070e600000, 0x000000070e600000, 0x000000070e800000|  0%| F|  |TAMS 0x000000070e600000, 0x000000070e600000| Untracked 
|  92|0x000000070e800000, 0x000000070e800000, 0x000000070ea00000|  0%| F|  |TAMS 0x000000070e800000, 0x000000070e800000| Untracked 
|  93|0x000000070ea00000, 0x000000070ea00000, 0x000000070ec00000|  0%| F|  |TAMS 0x000000070ea00000, 0x000000070ea00000| Untracked 
|  94|0x000000070ec00000, 0x000000070ec00000, 0x000000070ee00000|  0%| F|  |TAMS 0x000000070ec00000, 0x000000070ec00000| Untracked 
|  95|0x000000070ee00000, 0x000000070ee00000, 0x000000070f000000|  0%| F|  |TAMS 0x000000070ee00000, 0x000000070ee00000| Untracked 
|  96|0x000000070f000000, 0x000000070f000000, 0x000000070f200000|  0%| F|  |TAMS 0x000000070f000000, 0x000000070f000000| Untracked 
|  97|0x000000070f200000, 0x000000070f200000, 0x000000070f400000|  0%| F|  |TAMS 0x000000070f200000, 0x000000070f200000| Untracked 
|  98|0x000000070f400000, 0x000000070f400000, 0x000000070f600000|  0%| F|  |TAMS 0x000000070f400000, 0x000000070f400000| Untracked 
|  99|0x000000070f600000, 0x000000070f600000, 0x000000070f800000|  0%| F|  |TAMS 0x000000070f600000, 0x000000070f600000| Untracked 
| 100|0x000000070f800000, 0x000000070f800000, 0x000000070fa00000|  0%| F|  |TAMS 0x000000070f800000, 0x000000070f800000| Untracked 
| 101|0x000000070fa00000, 0x000000070fa00000, 0x000000070fc00000|  0%| F|  |TAMS 0x000000070fa00000, 0x000000070fa00000| Untracked 
| 102|0x000000070fc00000, 0x000000070fc00000, 0x000000070fe00000|  0%| F|  |TAMS 0x000000070fc00000, 0x000000070fc00000| Untracked 
| 103|0x000000070fe00000, 0x000000070fe00000, 0x0000000710000000|  0%| F|  |TAMS 0x000000070fe00000, 0x000000070fe00000| Untracked 
| 104|0x0000000710000000, 0x0000000710000000, 0x0000000710200000|  0%| F|  |TAMS 0x0000000710000000, 0x0000000710000000| Untracked 
| 105|0x0000000710200000, 0x0000000710200000, 0x0000000710400000|  0%| F|  |TAMS 0x0000000710200000, 0x0000000710200000| Untracked 
| 106|0x0000000710400000, 0x0000000710400000, 0x0000000710600000|  0%| F|  |TAMS 0x0000000710400000, 0x0000000710400000| Untracked 
| 107|0x0000000710600000, 0x0000000710600000, 0x0000000710800000|  0%| F|  |TAMS 0x0000000710600000, 0x0000000710600000| Untracked 
| 108|0x0000000710800000, 0x0000000710800000, 0x0000000710a00000|  0%| F|  |TAMS 0x0000000710800000, 0x0000000710800000| Untracked 
| 109|0x0000000710a00000, 0x0000000710b42b88, 0x0000000710c00000| 63%| E|  |TAMS 0x0000000710a00000, 0x0000000710a00000| Complete 
| 110|0x0000000710c00000, 0x0000000710e00000, 0x0000000710e00000|100%| E|CS|TAMS 0x0000000710c00000, 0x0000000710c00000| Complete 
| 111|0x0000000710e00000, 0x0000000711000000, 0x0000000711000000|100%| E|CS|TAMS 0x0000000710e00000, 0x0000000710e00000| Complete 
| 112|0x0000000711000000, 0x0000000711200000, 0x0000000711200000|100%| E|CS|TAMS 0x0000000711000000, 0x0000000711000000| Complete 
| 113|0x0000000711200000, 0x0000000711400000, 0x0000000711400000|100%| E|CS|TAMS 0x0000000711200000, 0x0000000711200000| Complete 
| 114|0x0000000711400000, 0x0000000711497540, 0x0000000711600000| 29%| S|CS|TAMS 0x0000000711400000, 0x0000000711400000| Complete 
| 115|0x0000000711600000, 0x0000000711800000, 0x0000000711800000|100%| S|CS|TAMS 0x0000000711600000, 0x0000000711600000| Complete 
| 116|0x0000000711800000, 0x0000000711a00000, 0x0000000711a00000|100%| E|CS|TAMS 0x0000000711800000, 0x0000000711800000| Complete 
| 117|0x0000000711a00000, 0x0000000711c00000, 0x0000000711c00000|100%| E|CS|TAMS 0x0000000711a00000, 0x0000000711a00000| Complete 
| 118|0x0000000711c00000, 0x0000000711e00000, 0x0000000711e00000|100%| E|CS|TAMS 0x0000000711c00000, 0x0000000711c00000| Complete 
| 119|0x0000000711e00000, 0x0000000712000000, 0x0000000712000000|100%| E|CS|TAMS 0x0000000711e00000, 0x0000000711e00000| Complete 
| 120|0x0000000712000000, 0x0000000712200000, 0x0000000712200000|100%| E|CS|TAMS 0x0000000712000000, 0x0000000712000000| Complete 
| 121|0x0000000712200000, 0x0000000712400000, 0x0000000712400000|100%| E|CS|TAMS 0x0000000712200000, 0x0000000712200000| Complete 
| 122|0x0000000712400000, 0x0000000712600000, 0x0000000712600000|100%| E|CS|TAMS 0x0000000712400000, 0x0000000712400000| Complete 
| 123|0x0000000712600000, 0x0000000712800000, 0x0000000712800000|100%| E|CS|TAMS 0x0000000712600000, 0x0000000712600000| Complete 
| 124|0x0000000712800000, 0x0000000712a00000, 0x0000000712a00000|100%| E|CS|TAMS 0x0000000712800000, 0x0000000712800000| Complete 
| 125|0x0000000712a00000, 0x0000000712c00000, 0x0000000712c00000|100%| E|CS|TAMS 0x0000000712a00000, 0x0000000712a00000| Complete 
| 126|0x0000000712c00000, 0x0000000712e00000, 0x0000000712e00000|100%| E|  |TAMS 0x0000000712c00000, 0x0000000712c00000| Complete 

Card table byte_map: [0x000001d9e6520000,0x000001d9e6d10000] _byte_map_base: 0x000001d9e2d08000

Marking Bits (Prev, Next): (CMBitMap*) 0x000001d9cf1f5470, (CMBitMap*) 0x000001d9cf1f54b0
 Prev Bits: [0x000001d9e7500000, 0x000001d9eb440000)
 Next Bits: [0x000001d9eb440000, 0x000001d9ef380000)

Polling page: 0x000001d9cd0f0000

Metaspace:

Usage:
  Non-class:     10.81 MB used.
      Class:      1.81 MB used.
       Both:     12.62 MB used.

Virtual space:
  Non-class space:       16.00 MB reserved,      10.88 MB ( 68%) committed,  2 nodes.
      Class space:        1.00 GB reserved,       1.94 MB ( <1%) committed,  1 nodes.
             Both:        1.02 GB reserved,      12.81 MB (  1%) committed. 

Chunk freelists:
   Non-Class:  768.00 KB
       Class:  2.02 MB
        Both:  2.77 MB

MaxMetaspaceSize: unlimited
CompressedClassSpaceSize: 1.00 GB
Initial GC threshold: 21.00 MB
Current GC threshold: 21.00 MB
CDS: on
MetaspaceReclaimPolicy: balanced
 - commit_granule_bytes: 65536.
 - commit_granule_words: 8192.
 - virtual_space_node_default_size: 1048576.
 - enlarge_chunks_in_place: 1.
 - new_chunks_are_fully_committed: 0.
 - uncommit_free_chunks: 1.
 - use_allocation_guard: 0.
 - handle_deallocations: 1.


Internal statistics:

num_allocs_failed_limit: 0.
num_arena_births: 184.
num_arena_deaths: 0.
num_vsnodes_births: 3.
num_vsnodes_deaths: 0.
num_space_committed: 205.
num_space_uncommitted: 0.
num_chunks_returned_to_freelist: 0.
num_chunks_taken_from_freelist: 566.
num_chunk_merges: 0.
num_chunk_splits: 397.
num_chunks_enlarged: 321.
num_purges: 0.
num_inconsistent_stats: 0.

CodeHeap 'non-profiled nmethods': size=120000Kb used=571Kb max_used=571Kb free=119428Kb
 bounds [0x000001d9de4d0000, 0x000001d9de740000, 0x000001d9e5a00000]
CodeHeap 'profiled nmethods': size=120000Kb used=3295Kb max_used=3295Kb free=116704Kb
 bounds [0x000001d9d6a00000, 0x000001d9d6d40000, 0x000001d9ddf30000]
CodeHeap 'non-nmethods': size=5760Kb used=1355Kb max_used=1380Kb free=4404Kb
 bounds [0x000001d9ddf30000, 0x000001d9de1a0000, 0x000001d9de4d0000]
 total_blobs=2500 nmethods=1800 adapters=612
 compilation: enabled
              stopped_count=0, restarted_count=0
 full_count=0

Compilation events (20 events):
Event: 1.101 Thread 0x000001d9f2801370 nmethod 1806 0x000001d9d6d32d90 code [0x000001d9d6d32f20, 0x000001d9d6d33068]
Event: 1.101 Thread 0x000001d9f2801370 1808       3       com.sun.javafx.css.BitSet$1::hasNext (131 bytes)
Event: 1.102 Thread 0x000001d9f2801370 nmethod 1808 0x000001d9d6d33110 code [0x000001d9d6d332e0, 0x000001d9d6d33738]
Event: 1.102 Thread 0x000001d9f2801370 1807       3       javafx.css.converter.DeriveColorConverter::convert (44 bytes)
Event: 1.102 Thread 0x000001d9f2801370 nmethod 1807 0x000001d9d6d33910 code [0x000001d9d6d33b40, 0x000001d9d6d34238]
Event: 1.102 Thread 0x000001d9f2801370 1810       3       javafx.scene.control.Control::getCssMetaData (199 bytes)
Event: 1.103 Thread 0x000001d9f2801370 nmethod 1810 0x000001d9d6d34490 code [0x000001d9d6d34780, 0x000001d9d6d35d28]
Event: 1.103 Thread 0x000001d9f2801370 1809       3       java.util.AbstractList$Itr::hasNext (20 bytes)
Event: 1.103 Thread 0x000001d9f2801370 nmethod 1809 0x000001d9d6d36290 code [0x000001d9d6d36440, 0x000001d9d6d36688]
Event: 1.103 Thread 0x000001d9f2801370 1811       1       javafx.scene.layout.BackgroundFill::getRadii (5 bytes)
Event: 1.103 Thread 0x000001d9f2801370 nmethod 1811 0x000001d9de55ea10 code [0x000001d9de55eba0, 0x000001d9de55ec78]
Event: 1.103 Thread 0x000001d9f2801370 1812       3       javafx.scene.control.Labeled::fontProperty (27 bytes)
Event: 1.104 Thread 0x000001d9f2801370 nmethod 1812 0x000001d9d6d36790 code [0x000001d9d6d36960, 0x000001d9d6d36d78]
Event: 1.104 Thread 0x000001d9f2801370 1813       3       javafx.scene.control.Labeled$StyleableProperties$1::getStyleableProperty (9 bytes)
Event: 1.104 Thread 0x000001d9f2801370 nmethod 1813 0x000001d9d6d36f10 code [0x000001d9d6d370e0, 0x000001d9d6d374a8]
Event: 1.104 Thread 0x000001d9f2801370 1814       3       javafx.scene.control.Labeled$StyleableProperties$1::getStyleableProperty (8 bytes)
Event: 1.104 Thread 0x000001d9f2801370 nmethod 1814 0x000001d9d6d37610 code [0x000001d9d6d377c0, 0x000001d9d6d37a08]
Event: 1.104 Thread 0x000001d9f2801370 1815       3       javafx.scene.paint.Color::getOpacity (6 bytes)
Event: 1.104 Thread 0x000001d9f2801370 nmethod 1815 0x000001d9d6d37b10 code [0x000001d9d6d37ca0, 0x000001d9d6d37db8]
Event: 1.104 Thread 0x000001d9f2801370 1816       3       javafx.scene.CssStyleHelper::lookupFont (1232 bytes)

GC Heap History (2 events):
Event: 0.640 GC heap before
{Heap before GC invocations=0 (full 0):
 garbage-first heap   total 260096K, used 22528K [0x0000000703000000, 0x0000000800000000)
  region size 2048K, 11 young (22528K), 0 survivors (0K)
 Metaspace       used 5087K, committed 5312K, reserved 1056768K
  class space    used 634K, committed 704K, reserved 1048576K
}
Event: 0.643 GC heap after
{Heap after GC invocations=1 (full 0):
 garbage-first heap   total 260096K, used 2653K [0x0000000703000000, 0x0000000800000000)
  region size 2048K, 2 young (4096K), 2 survivors (4096K)
 Metaspace       used 5087K, committed 5312K, reserved 1056768K
  class space    used 634K, committed 704K, reserved 1048576K
}

Deoptimization events (20 events):
Event: 0.901 Thread 0x000001d9f314aae0 Uncommon trap: trap_request=0xffffffde fr.pc=0x000001d9de523598 relative=0x0000000000000198
Event: 0.901 Thread 0x000001d9f314aae0 Uncommon trap: reason=class_check action=maybe_recompile pc=0x000001d9de523598 method=java.lang.String.equals(Ljava/lang/Object;)Z @ 8 c2
Event: 0.901 Thread 0x000001d9f314aae0 DEOPT PACKING pc=0x000001d9de523598 sp=0x0000001f2fafdaf0
Event: 0.901 Thread 0x000001d9f314aae0 DEOPT UNPACKING pc=0x000001d9ddf823a3 sp=0x0000001f2fafda88 mode 2
Event: 0.901 Thread 0x000001d9f314aae0 Uncommon trap: trap_request=0xffffffde fr.pc=0x000001d9de523598 relative=0x0000000000000198
Event: 0.901 Thread 0x000001d9f314aae0 Uncommon trap: reason=class_check action=maybe_recompile pc=0x000001d9de523598 method=java.lang.String.equals(Ljava/lang/Object;)Z @ 8 c2
Event: 0.901 Thread 0x000001d9f314aae0 DEOPT PACKING pc=0x000001d9de523598 sp=0x0000001f2fafdaf0
Event: 0.901 Thread 0x000001d9f314aae0 DEOPT UNPACKING pc=0x000001d9ddf823a3 sp=0x0000001f2fafda88 mode 2
Event: 0.917 Thread 0x000001d9f314aae0 Uncommon trap: trap_request=0xffffff45 fr.pc=0x000001d9de5228d8 relative=0x0000000000000358
Event: 0.917 Thread 0x000001d9f314aae0 Uncommon trap: reason=unstable_if action=reinterpret pc=0x000001d9de5228d8 method=java.lang.StringUTF16.compress([CI[BII)I @ 20 c2
Event: 0.917 Thread 0x000001d9f314aae0 DEOPT PACKING pc=0x000001d9de5228d8 sp=0x0000001f2fafd0a0
Event: 0.917 Thread 0x000001d9f314aae0 DEOPT UNPACKING pc=0x000001d9ddf823a3 sp=0x0000001f2fafd020 mode 2
Event: 0.929 Thread 0x000001d9f314aae0 Uncommon trap: trap_request=0xffffffde fr.pc=0x000001d9de523598 relative=0x0000000000000198
Event: 0.929 Thread 0x000001d9f314aae0 Uncommon trap: reason=class_check action=maybe_recompile pc=0x000001d9de523598 method=java.lang.String.equals(Ljava/lang/Object;)Z @ 8 c2
Event: 0.929 Thread 0x000001d9f314aae0 DEOPT PACKING pc=0x000001d9de523598 sp=0x0000001f2fafd8f0
Event: 0.929 Thread 0x000001d9f314aae0 DEOPT UNPACKING pc=0x000001d9ddf823a3 sp=0x0000001f2fafd888 mode 2
Event: 1.016 Thread 0x000001d9f314aae0 Uncommon trap: trap_request=0xffffff45 fr.pc=0x000001d9de528b60 relative=0x00000000000001e0
Event: 1.016 Thread 0x000001d9f314aae0 Uncommon trap: reason=unstable_if action=reinterpret pc=0x000001d9de528b60 method=java.io.ByteArrayInputStream.read()I @ 8 c2
Event: 1.016 Thread 0x000001d9f314aae0 DEOPT PACKING pc=0x000001d9de528b60 sp=0x0000001f2fafc930
Event: 1.016 Thread 0x000001d9f314aae0 DEOPT UNPACKING pc=0x000001d9ddf823a3 sp=0x0000001f2fafc8e8 mode 2

Classes unloaded (0 events):
No events

Classes redefined (0 events):
No events

Internal exceptions (20 events):
Event: 0.574 Thread 0x000001d9f314afb0 Exception <a 'java/lang/NoSuchMethodError'{0x0000000711a04268}: 'void java.lang.invoke.DirectMethodHandle$Holder.invokeStatic(java.lang.Object, java.lang.Object, java.lang.Object, java.lang.Object)'> (0x0000000711a04268) 
thrown [s\open\src\hotspot\share\interpreter\linkResolver.cpp, line 759]
Event: 0.592 Thread 0x000001d9f314aae0 Exception <a 'java/lang/NoSuchMethodError'{0x000000071180e128}: 'java.lang.Object java.lang.invoke.DirectMethodHandle$Holder.invokeStaticInit(java.lang.Object, int, int, int, int)'> (0x000000071180e128) 
thrown [s\open\src\hotspot\share\interpreter\linkResolver.cpp, line 759]
Event: 0.625 Thread 0x000001d9f314aae0 Exception <a 'java/lang/NoSuchMethodError'{0x000000071189d290}: 'java.lang.Object java.lang.invoke.DirectMethodHandle$Holder.invokeStaticInit(java.lang.Object, java.lang.Object, int, int, int, int)'> (0x000000071189d290) 
thrown [s\open\src\hotspot\share\interpreter\linkResolver.cpp, line 759]
Event: 0.654 Thread 0x000001d9f314aae0 Exception <a 'sun/nio/fs/WindowsException'{0x0000000712d48050}> (0x0000000712d48050) 
thrown [s\open\src\hotspot\share\prims\jni.cpp, line 516]
Event: 0.683 Thread 0x000001d9f314aae0 Exception <a 'java/lang/NoSuchMethodError'{0x00000007128ac5b0}: 'java.lang.Object java.lang.invoke.DirectMethodHandle$Holder.invokeStaticInit(java.lang.Object, java.lang.Object, java.lang.Object, java.lang.Object)'> (0x00000007128ac5b0) 
thrown [s\open\src\hotspot\share\interpreter\linkResolver.cpp, line 759]
Event: 0.684 Thread 0x000001d9f314aae0 Exception <a 'java/lang/NullPointerException'{0x00000007128b8258}> (0x00000007128b8258) 
thrown [s\open\src\hotspot\share\interpreter\linkResolver.cpp, line 1350]
Event: 0.686 Thread 0x000001d9f314aae0 Exception <a 'java/lang/NoSuchMethodError'{0x00000007128d98d0}: 'void java.lang.invoke.DirectMethodHandle$Holder.invokeSpecial(java.lang.Object, java.lang.Object, java.lang.Object, java.lang.Object, java.lang.Object)'> (0x00000007128d98d0) 
thrown [s\open\src\hotspot\share\interpreter\linkResolver.cpp, line 759]
Event: 0.759 Thread 0x000001d9f314aae0 Exception <a 'java/lang/NoSuchMethodError'{0x00000007123cf080}: 'void java.lang.invoke.DirectMethodHandle$Holder.invokeStaticInit(java.lang.Object, java.lang.Object)'> (0x00000007123cf080) 
thrown [s\open\src\hotspot\share\interpreter\linkResolver.cpp, line 759]
Event: 0.792 Thread 0x000001d9f314aae0 Exception <a 'java/lang/NoSuchMethodError'{0x0000000711e8c148}: 'int java.lang.invoke.DirectMethodHandle$Holder.invokeStaticInit(java.lang.Object, java.lang.Object)'> (0x0000000711e8c148) 
thrown [s\open\src\hotspot\share\interpreter\linkResolver.cpp, line 759]
Event: 0.804 Thread 0x000001d9f314aae0 Exception <a 'sun/nio/fs/WindowsException'{0x0000000711f14820}> (0x0000000711f14820) 
thrown [s\open\src\hotspot\share\prims\jni.cpp, line 516]
Event: 0.823 Thread 0x000001d9f314aae0 Implicit null exception at 0x000001d9de531f94 to 0x000001d9de53238c
Event: 0.824 Thread 0x000001d9f314aae0 Implicit null exception at 0x000001d9de5298ad to 0x000001d9de52a030
Event: 0.825 Thread 0x000001d9f314aae0 Implicit null exception at 0x000001d9de4e5baf to 0x000001d9de4e5d95
Event: 0.924 Thread 0x000001d9f314aae0 Exception <a 'java/lang/NoSuchMethodError'{0x00000007118e1d78}: 'java.lang.Object java.lang.invoke.DirectMethodHandle$Holder.invokeInterface(java.lang.Object, java.lang.Object, java.lang.Object)'> (0x00000007118e1d78) 
thrown [s\open\src\hotspot\share\interpreter\linkResolver.cpp, line 759]
Event: 0.924 Thread 0x000001d9f314aae0 Exception <a 'java/lang/IncompatibleClassChangeError'{0x00000007118e5700}: Found class java.lang.Object, but interface was expected> (0x00000007118e5700) 
thrown [s\open\src\hotspot\share\interpreter\linkResolver.cpp, line 826]
Event: 0.955 Thread 0x000001d9f314aae0 Exception <a 'java/lang/ClassNotFoundException'{0x00000007112d7620}: com/sun/javafx/scene/control/skin/resources/controls> (0x00000007112d7620) 
thrown [s\open\src\hotspot\share\prims\jni.cpp, line 535]
Event: 0.956 Thread 0x000001d9f314aae0 Exception <a 'java/lang/ClassNotFoundException'{0x00000007112e5380}: com/sun/javafx/scene/control/skin/resources/controls_el> (0x00000007112e5380) 
thrown [s\open\src\hotspot\share\prims\jni.cpp, line 535]
Event: 0.956 Thread 0x000001d9f314aae0 Exception <a 'java/lang/ClassNotFoundException'{0x00000007112e6328}: com/sun/javafx/scene/control/skin/resources/controls_el_GR> (0x00000007112e6328) 
thrown [s\open\src\hotspot\share\prims\jni.cpp, line 535]
Event: 0.981 Thread 0x000001d9f314aae0 Exception <a 'java/lang/NoSuchMethodError'{0x00000007110758d0}: 'int java.lang.invoke.DirectMethodHandle$Holder.invokeSpecial(java.lang.Object, java.lang.Object, int)'> (0x00000007110758d0) 
thrown [s\open\src\hotspot\share\interpreter\linkResolver.cpp, line 759]
Event: 1.091 Thread 0x000001d9f314aae0 Exception <a 'java/lang/NoSuchMethodError'{0x0000000710cc9738}: 'java.lang.Object java.lang.invoke.DirectMethodHandle$Holder.newInvokeSpecial(java.lang.Object, java.lang.Object, int)'> (0x0000000710cc9738) 
thrown [s\open\src\hotspot\share\interpreter\linkResolver.cpp, line 759]

VM Operations (20 events):
Event: 0.156 Executing VM operation: HandshakeAllThreads
Event: 0.156 Executing VM operation: HandshakeAllThreads done
Event: 0.510 Executing VM operation: HandshakeAllThreads
Event: 0.510 Executing VM operation: HandshakeAllThreads done
Event: 0.595 Executing VM operation: HandshakeAllThreads
Event: 0.595 Executing VM operation: HandshakeAllThreads done
Event: 0.597 Executing VM operation: HandshakeAllThreads
Event: 0.597 Executing VM operation: HandshakeAllThreads done
Event: 0.640 Executing VM operation: G1CollectForAllocation
Event: 0.643 Executing VM operation: G1CollectForAllocation done
Event: 0.721 Executing VM operation: HandshakeAllThreads
Event: 0.721 Executing VM operation: HandshakeAllThreads done
Event: 0.773 Executing VM operation: HandshakeAllThreads
Event: 0.773 Executing VM operation: HandshakeAllThreads done
Event: 0.789 Executing VM operation: HandshakeAllThreads
Event: 0.789 Executing VM operation: HandshakeAllThreads done
Event: 0.922 Executing VM operation: ICBufferFull
Event: 0.922 Executing VM operation: ICBufferFull done
Event: 1.055 Executing VM operation: ICBufferFull
Event: 1.055 Executing VM operation: ICBufferFull done

Events (20 events):
Event: 1.016 loading class jdk/internal/icu/impl/Trie2 done
Event: 1.016 loading class jdk/internal/icu/impl/Trie2_16 done
Event: 1.016 loading class jdk/internal/icu/impl/Trie2$1
Event: 1.016 loading class jdk/internal/icu/impl/Trie2$ValueMapper
Event: 1.016 loading class jdk/internal/icu/impl/Trie2$ValueMapper done
Event: 1.016 loading class jdk/internal/icu/impl/Trie2$1 done
Event: 1.016 loading class jdk/internal/icu/impl/Trie2$UTrie2Header
Event: 1.016 loading class jdk/internal/icu/impl/Trie2$UTrie2Header done
Event: 1.019 loading class jdk/internal/icu/text/UTF16
Event: 1.019 loading class jdk/internal/icu/text/UTF16 done
Event: 1.019 loading class jdk/internal/icu/text/BidiLine
Event: 1.019 loading class jdk/internal/icu/text/BidiLine done
Event: 1.035 loading class jdk/internal/math/FDBigInteger
Event: 1.035 loading class jdk/internal/math/FDBigInteger done
Event: 1.094 loading class java/util/WeakHashMap$EntrySet
Event: 1.094 loading class java/util/WeakHashMap$EntrySet done
Event: 1.094 loading class java/util/WeakHashMap$EntryIterator
Event: 1.094 loading class java/util/WeakHashMap$EntryIterator done
Event: 1.095 loading class java/util/ConcurrentModificationException
Event: 1.095 loading class java/util/ConcurrentModificationException done


Dynamic libraries:
0x00007ff7c2740000 - 0x00007ff7c2750000 	C:\LAB-TOOLS\JDK\jdk-17.0.6\bin\java.exe
0x00007ffe3ed70000 - 0x00007ffe3ef87000 	C:\WINDOWS\SYSTEM32\ntdll.dll
0x00007ffe3e930000 - 0x00007ffe3e9f4000 	C:\WINDOWS\System32\KERNEL32.DLL
0x00007ffe3c0a0000 - 0x00007ffe3c44d000 	C:\WINDOWS\System32\KERNELBASE.dll
0x00007ffe3c990000 - 0x00007ffe3caa1000 	C:\WINDOWS\System32\ucrtbase.dll
0x00007ffe1ef80000 - 0x00007ffe1ef98000 	C:\LAB-TOOLS\JDK\jdk-17.0.6\bin\jli.dll
0x00007ffe1ef60000 - 0x00007ffe1ef7b000 	C:\LAB-TOOLS\JDK\jdk-17.0.6\bin\VCRUNTIME140.dll
0x00007ffe3d670000 - 0x00007ffe3d722000 	C:\WINDOWS\System32\ADVAPI32.dll
0x00007ffe3e250000 - 0x00007ffe3e2f7000 	C:\WINDOWS\System32\msvcrt.dll
0x00007ffe3cc60000 - 0x00007ffe3cd09000 	C:\WINDOWS\System32\sechost.dll
0x00007ffe3c7d0000 - 0x00007ffe3c7f8000 	C:\WINDOWS\System32\bcrypt.dll
0x00007ffe3dbe0000 - 0x00007ffe3dcf4000 	C:\WINDOWS\System32\RPCRT4.dll
0x00007ffe3dd10000 - 0x00007ffe3debe000 	C:\WINDOWS\System32\USER32.dll
0x00007ffe3c7a0000 - 0x00007ffe3c7c6000 	C:\WINDOWS\System32\win32u.dll
0x00007ffe3ed00000 - 0x00007ffe3ed29000 	C:\WINDOWS\System32\GDI32.dll
0x00007ffe3c800000 - 0x00007ffe3c919000 	C:\WINDOWS\System32\gdi32full.dll
0x00007ffe29d70000 - 0x00007ffe2a003000 	C:\WINDOWS\WinSxS\amd64_microsoft.windows.common-controls_6595b64144ccf1df_6.0.22621.3672_none_2713b9d173822955\COMCTL32.dll
0x00007ffe3c590000 - 0x00007ffe3c62a000 	C:\WINDOWS\System32\msvcp_win.dll
0x00007ffe32060000 - 0x00007ffe3206a000 	C:\WINDOWS\SYSTEM32\VERSION.dll
0x00007ffe3d790000 - 0x00007ffe3d7c1000 	C:\WINDOWS\System32\IMM32.DLL
0x00007ffe0b600000 - 0x00007ffe0b60c000 	C:\LAB-TOOLS\JDK\jdk-17.0.6\bin\vcruntime140_1.dll
0x00007ffdff5a0000 - 0x00007ffdff62e000 	C:\LAB-TOOLS\JDK\jdk-17.0.6\bin\msvcp140.dll
0x00007ffd5ee10000 - 0x00007ffd5f9e7000 	C:\LAB-TOOLS\JDK\jdk-17.0.6\bin\server\jvm.dll
0x00007ffe3ebe0000 - 0x00007ffe3ebe8000 	C:\WINDOWS\System32\PSAPI.DLL
0x00007ffe370f0000 - 0x00007ffe37124000 	C:\WINDOWS\SYSTEM32\WINMM.dll
0x00007ffe2b360000 - 0x00007ffe2b369000 	C:\WINDOWS\SYSTEM32\WSOCK32.dll
0x00007ffe3ea80000 - 0x00007ffe3eaf1000 	C:\WINDOWS\System32\WS2_32.dll
0x00007ffe3b180000 - 0x00007ffe3b198000 	C:\WINDOWS\SYSTEM32\kernel.appcore.dll
0x00007ffe08c30000 - 0x00007ffe08c3a000 	C:\LAB-TOOLS\JDK\jdk-17.0.6\bin\jimage.dll
0x00007ffe39980000 - 0x00007ffe39bb2000 	C:\WINDOWS\SYSTEM32\DBGHELP.DLL
0x00007ffe3dec0000 - 0x00007ffe3e248000 	C:\WINDOWS\System32\combase.dll
0x00007ffe3d7d0000 - 0x00007ffe3d8a7000 	C:\WINDOWS\System32\OLEAUT32.dll
0x00007ffe31db0000 - 0x00007ffe31de2000 	C:\WINDOWS\SYSTEM32\dbgcore.DLL
0x00007ffe3c450000 - 0x00007ffe3c4cb000 	C:\WINDOWS\System32\bcryptPrimitives.dll
0x00007ffdff570000 - 0x00007ffdff595000 	C:\LAB-TOOLS\JDK\jdk-17.0.6\bin\java.dll
0x00007ffde7dd0000 - 0x00007ffde7ea7000 	C:\LAB-TOOLS\JDK\jdk-17.0.6\bin\jsvml.dll
0x00007ffe3ce10000 - 0x00007ffe3d66f000 	C:\WINDOWS\System32\SHELL32.dll
0x00007ffe39fa0000 - 0x00007ffe3a89c000 	C:\WINDOWS\SYSTEM32\windows.storage.dll
0x00007ffe39e60000 - 0x00007ffe39f9f000 	C:\WINDOWS\SYSTEM32\wintypes.dll
0x00007ffe3e820000 - 0x00007ffe3e914000 	C:\WINDOWS\System32\SHCORE.dll
0x00007ffe3eca0000 - 0x00007ffe3ecfe000 	C:\WINDOWS\System32\shlwapi.dll
0x00007ffe3bfd0000 - 0x00007ffe3bff1000 	C:\WINDOWS\SYSTEM32\profapi.dll
0x00007ffdff550000 - 0x00007ffdff569000 	C:\LAB-TOOLS\JDK\jdk-17.0.6\bin\net.dll
0x00007ffe374b0000 - 0x00007ffe375e6000 	C:\WINDOWS\SYSTEM32\WINHTTP.dll
0x00007ffe3b5f0000 - 0x00007ffe3b659000 	C:\WINDOWS\system32\mswsock.dll
0x00007ffdf3fe0000 - 0x00007ffdf3ff6000 	C:\LAB-TOOLS\JDK\jdk-17.0.6\bin\nio.dll
0x00007ffde9da0000 - 0x00007ffde9db8000 	C:\LAB-TOOLS\JDK\jdk-17.0.6\bin\zip.dll
0x000001d9cd150000 - 0x000001d9cd153000 	C:\Users\papth\.openjfx\cache\13\api-ms-win-core-console-l1-1-0.dll
0x000001d9cd160000 - 0x000001d9cd163000 	C:\Users\papth\.openjfx\cache\13\api-ms-win-core-datetime-l1-1-0.dll
0x000001d9cd170000 - 0x000001d9cd173000 	C:\Users\papth\.openjfx\cache\13\api-ms-win-core-debug-l1-1-0.dll
0x000001d9cd180000 - 0x000001d9cd183000 	C:\Users\papth\.openjfx\cache\13\api-ms-win-core-errorhandling-l1-1-0.dll
0x000001d9cd190000 - 0x000001d9cd194000 	C:\Users\papth\.openjfx\cache\13\api-ms-win-core-file-l1-1-0.dll
0x000001d9cf110000 - 0x000001d9cf113000 	C:\Users\papth\.openjfx\cache\13\api-ms-win-core-file-l1-2-0.dll
0x000001d9cf120000 - 0x000001d9cf123000 	C:\Users\papth\.openjfx\cache\13\api-ms-win-core-file-l2-1-0.dll
0x000001d9cf130000 - 0x000001d9cf133000 	C:\Users\papth\.openjfx\cache\13\api-ms-win-core-handle-l1-1-0.dll
0x000001d9cf140000 - 0x000001d9cf143000 	C:\Users\papth\.openjfx\cache\13\api-ms-win-core-heap-l1-1-0.dll
0x000001d9f1f40000 - 0x000001d9f1f43000 	C:\Users\papth\.openjfx\cache\13\api-ms-win-core-interlocked-l1-1-0.dll
0x000001d9f1f50000 - 0x000001d9f1f53000 	C:\Users\papth\.openjfx\cache\13\api-ms-win-core-libraryloader-l1-1-0.dll
0x000001d9f1f60000 - 0x000001d9f1f63000 	C:\Users\papth\.openjfx\cache\13\api-ms-win-core-localization-l1-2-0.dll
0x000001d9f1f70000 - 0x000001d9f1f73000 	C:\Users\papth\.openjfx\cache\13\api-ms-win-core-memory-l1-1-0.dll
0x000001d9f1f80000 - 0x000001d9f1f83000 	C:\Users\papth\.openjfx\cache\13\api-ms-win-core-namedpipe-l1-1-0.dll
0x000001d9f1f90000 - 0x000001d9f1f93000 	C:\Users\papth\.openjfx\cache\13\api-ms-win-core-processenvironment-l1-1-0.dll
0x000001d9f1fa0000 - 0x000001d9f1fa3000 	C:\Users\papth\.openjfx\cache\13\api-ms-win-core-processthreads-l1-1-0.dll
0x000001d9f1fb0000 - 0x000001d9f1fb3000 	C:\Users\papth\.openjfx\cache\13\api-ms-win-core-processthreads-l1-1-1.dll
0x000001d9f1fc0000 - 0x000001d9f1fc3000 	C:\Users\papth\.openjfx\cache\13\api-ms-win-core-profile-l1-1-0.dll
0x000001d9f1fd0000 - 0x000001d9f1fd3000 	C:\Users\papth\.openjfx\cache\13\api-ms-win-core-rtlsupport-l1-1-0.dll
0x000001d9f1fe0000 - 0x000001d9f1fe3000 	C:\Users\papth\.openjfx\cache\13\api-ms-win-core-string-l1-1-0.dll
0x000001d9f1ff0000 - 0x000001d9f1ff3000 	C:\Users\papth\.openjfx\cache\13\api-ms-win-core-synch-l1-1-0.dll
0x000001d9f3400000 - 0x000001d9f3403000 	C:\Users\papth\.openjfx\cache\13\api-ms-win-core-synch-l1-2-0.dll
0x000001d9f3410000 - 0x000001d9f3413000 	C:\Users\papth\.openjfx\cache\13\api-ms-win-core-sysinfo-l1-1-0.dll
0x000001d9f3420000 - 0x000001d9f3423000 	C:\Users\papth\.openjfx\cache\13\api-ms-win-core-timezone-l1-1-0.dll
0x000001d9f3430000 - 0x000001d9f3433000 	C:\Users\papth\.openjfx\cache\13\api-ms-win-core-util-l1-1-0.dll
0x000001d9f3440000 - 0x000001d9f3443000 	C:\Users\papth\.openjfx\cache\13\api-ms-win-crt-conio-l1-1-0.dll
0x000001d9f3450000 - 0x000001d9f3454000 	C:\Users\papth\.openjfx\cache\13\api-ms-win-crt-convert-l1-1-0.dll
0x000001d9f3460000 - 0x000001d9f3463000 	C:\Users\papth\.openjfx\cache\13\api-ms-win-crt-environment-l1-1-0.dll
0x000001d9f3470000 - 0x000001d9f3473000 	C:\Users\papth\.openjfx\cache\13\api-ms-win-crt-filesystem-l1-1-0.dll
0x000001d9f3480000 - 0x000001d9f3483000 	C:\Users\papth\.openjfx\cache\13\api-ms-win-crt-heap-l1-1-0.dll
0x000001d9f3490000 - 0x000001d9f3493000 	C:\Users\papth\.openjfx\cache\13\api-ms-win-crt-locale-l1-1-0.dll
0x000001d9f34a0000 - 0x000001d9f34a5000 	C:\Users\papth\.openjfx\cache\13\api-ms-win-crt-math-l1-1-0.dll
0x000001d9f34b0000 - 0x000001d9f34b5000 	C:\Users\papth\.openjfx\cache\13\api-ms-win-crt-multibyte-l1-1-0.dll
0x000001d9f34c0000 - 0x000001d9f34d0000 	C:\Users\papth\.openjfx\cache\13\api-ms-win-crt-private-l1-1-0.dll
0x000001d9f34d0000 - 0x000001d9f34d3000 	C:\Users\papth\.openjfx\cache\13\api-ms-win-crt-process-l1-1-0.dll
0x000001d9f34e0000 - 0x000001d9f34e4000 	C:\Users\papth\.openjfx\cache\13\api-ms-win-crt-runtime-l1-1-0.dll
0x000001d9f34f0000 - 0x000001d9f34f4000 	C:\Users\papth\.openjfx\cache\13\api-ms-win-crt-stdio-l1-1-0.dll
0x000001d9f3500000 - 0x000001d9f3504000 	C:\Users\papth\.openjfx\cache\13\api-ms-win-crt-string-l1-1-0.dll
0x000001d9f3510000 - 0x000001d9f3513000 	C:\Users\papth\.openjfx\cache\13\api-ms-win-crt-time-l1-1-0.dll
0x000001d9f3520000 - 0x000001d9f3523000 	C:\Users\papth\.openjfx\cache\13\api-ms-win-crt-utility-l1-1-0.dll
0x00007ffdc95c0000 - 0x00007ffdc96bc000 	C:\Users\papth\.openjfx\cache\13\ucrtbase.dll
0x00007ffde94f0000 - 0x00007ffde9505000 	C:\Users\papth\.openjfx\cache\13\vcruntime140.dll
0x00007ffde2c70000 - 0x00007ffde2d0b000 	C:\Users\papth\.openjfx\cache\13\msvcp140.dll
0x00007ffde6b10000 - 0x00007ffde6b61000 	C:\Users\papth\.openjfx\cache\13\concrt140.dll
0x00007ffde87b0000 - 0x00007ffde87d3000 	C:\Users\papth\.openjfx\cache\13\prism_d3d.dll
0x00007ffd8c800000 - 0x00007ffd8c9a8000 	C:\WINDOWS\system32\d3d9.dll
0x00007ffe39420000 - 0x00007ffe3944b000 	C:\WINDOWS\SYSTEM32\dwmapi.dll
0x00007ffe392d0000 - 0x00007ffe39309000 	C:\WINDOWS\SYSTEM32\dxcore.dll
0x00007ffe391c0000 - 0x00007ffe3926f000 	C:\WINDOWS\system32\uxtheme.dll
0x00007ffda2e90000 - 0x00007ffda2ff5000 	C:\Windows\System32\DriverStore\FileRepository\iigd_dch.inf_amd64_2b1d9e395a05d1c9\igdumdim64.dll
0x00007ffe3cab0000 - 0x00007ffe3cc55000 	C:\WINDOWS\System32\ole32.dll
0x00007ffd5a690000 - 0x00007ffd5ee10000 	C:\Windows\System32\DriverStore\FileRepository\iigd_dch.inf_amd64_2b1d9e395a05d1c9\igd9dxva64.dll
0x00007ffe3e360000 - 0x00007ffe3e7d4000 	C:\WINDOWS\System32\SETUPAPI.dll
0x00007ffe3bd50000 - 0x00007ffe3bd9e000 	C:\WINDOWS\SYSTEM32\cfgmgr32.dll
0x00007ffe31ae0000 - 0x00007ffe31d38000 	C:\Windows\System32\DriverStore\FileRepository\iigd_dch.inf_amd64_2b1d9e395a05d1c9\igdgmm64.dll
0x00007ffe33df0000 - 0x00007ffe33e39000 	C:\WINDOWS\SYSTEM32\directxdatabasehelper.dll
0x00007ffde63c0000 - 0x00007ffde6405000 	C:\Users\papth\.openjfx\cache\13\glass.dll
0x00007ffe3cd10000 - 0x00007ffe3ce08000 	C:\WINDOWS\System32\COMDLG32.dll
0x00007ffe3d8c0000 - 0x00007ffe3da13000 	C:\WINDOWS\System32\MSCTF.dll
0x00007ffdc91c0000 - 0x00007ffdc91e7000 	C:\Windows\System32\DriverStore\FileRepository\iigd_dch.inf_amd64_2b1d9e395a05d1c9\igdinfo64.dll
0x00007ffe2ba10000 - 0x00007ffe2e6f0000 	C:\Windows\System32\DriverStore\FileRepository\iigd_dch.inf_amd64_2b1d9e395a05d1c9\igc64.dll
0x00007ffe3b870000 - 0x00007ffe3b88b000 	C:\WINDOWS\SYSTEM32\CRYPTSP.dll
0x00007ffe3b0e0000 - 0x00007ffe3b115000 	C:\WINDOWS\system32\rsaenh.dll
0x00007ffe3b710000 - 0x00007ffe3b738000 	C:\WINDOWS\SYSTEM32\USERENV.dll
0x00007ffe3b890000 - 0x00007ffe3b89c000 	C:\WINDOWS\SYSTEM32\CRYPTBASE.dll
0x00007ffe3ab00000 - 0x00007ffe3ab2d000 	C:\WINDOWS\SYSTEM32\IPHLPAPI.DLL
0x00007ffe3d8b0000 - 0x00007ffe3d8b9000 	C:\WINDOWS\System32\NSI.dll
0x00007ffe37450000 - 0x00007ffe37469000 	C:\WINDOWS\SYSTEM32\dhcpcsvc6.DLL
0x00007ffe37430000 - 0x00007ffe3744f000 	C:\WINDOWS\SYSTEM32\dhcpcsvc.DLL
0x00007ffe3ab70000 - 0x00007ffe3ac68000 	C:\WINDOWS\SYSTEM32\DNSAPI.dll
0x00007ffde8380000 - 0x00007ffde8394000 	C:\Users\papth\.openjfx\cache\13\javafx_font.dll
0x00007ffe353b0000 - 0x00007ffe35623000 	C:\WINDOWS\SYSTEM32\dwrite.dll
0x00007ffe3ebf0000 - 0x00007ffe3eca0000 	C:\WINDOWS\System32\clbcatq.dll
0x00007ffe38fc0000 - 0x00007ffe39171000 	C:\WINDOWS\SYSTEM32\WindowsCodecs.dll
0x00007ffe01110000 - 0x00007ffe0116e000 	C:\WINDOWS\system32\dataexchange.dll
0x00007ffe33280000 - 0x00007ffe3350a000 	C:\WINDOWS\system32\twinapi.appcore.dll
0x00007ffde4f80000 - 0x00007ffde4fb2000 	C:\Program Files\Common Files\Microsoft Shared\Ink\rtscom.dll
0x00007ffe1eca0000 - 0x00007ffe1edee000 	C:\WINDOWS\SYSTEM32\textinputframework.dll
0x00007ffe36540000 - 0x00007ffe36673000 	C:\WINDOWS\SYSTEM32\CoreMessaging.dll
0x00007ffe33710000 - 0x00007ffe33a7d000 	C:\WINDOWS\SYSTEM32\CoreUIComponents.dll

dbghelp: loaded successfully - version: 4.0.5 - missing functions: none
symbol engine: initialized successfully - sym options: 0x614 - pdb path: .;C:\LAB-TOOLS\JDK\jdk-17.0.6\bin;C:\WINDOWS\SYSTEM32;C:\WINDOWS\WinSxS\amd64_microsoft.windows.common-controls_6595b64144ccf1df_6.0.22621.3672_none_2713b9d173822955;C:\LAB-TOOLS\JDK\jdk-17.0.6\bin\server;C:\Users\papth\.openjfx\cache\13;C:\Windows\System32\DriverStore\FileRepository\iigd_dch.inf_amd64_2b1d9e395a05d1c9;C:\Program Files\Common Files\Microsoft Shared\Ink

VM Arguments:
jvm_args: --module-path=c:\LAB-TOOLS\ECLIPSE\Eclipse-Workspace\multimedia\weblibrary\target\classes;C:\Users\papth\.m2\repository\org\openjfx\javafx-base\13\javafx-base-13-win.jar;C:\Users\papth\.m2\repository\org\openjfx\javafx-controls\13\javafx-controls-13-win.jar;C:\Users\papth\.m2\repository\org\openjfx\javafx-fxml\13\javafx-fxml-13-win.jar;C:\Users\papth\.m2\repository\org\openjfx\javafx-graphics\13\javafx-graphics-13-win.jar --add-modules=com.library -Djdk.module.main=com.library 
java_command: com.library/com.library.App
java_class_path (initial): C:\Users\papth\.m2\repository\org\openjfx\javafx-base\13\javafx-base-13.jar;C:\Users\papth\.m2\repository\org\openjfx\javafx-controls\13\javafx-controls-13.jar;C:\Users\papth\.m2\repository\org\openjfx\javafx-fxml\13\javafx-fxml-13.jar;C:\Users\papth\.m2\repository\org\openjfx\javafx-graphics\13\javafx-graphics-13.jar
Launcher Type: SUN_STANDARD

[Global flags]
     intx CICompilerCount                          = 4                                         {product} {ergonomic}
     uint ConcGCThreads                            = 2                                         {product} {ergonomic}
     uint G1ConcRefinementThreads                  = 8                                         {product} {ergonomic}
   size_t G1HeapRegionSize                         = 2097152                                   {product} {ergonomic}
    uintx GCDrainStackTargetSize                   = 64                                        {product} {ergonomic}
   size_t InitialHeapSize                          = 266338304                                 {product} {ergonomic}
   size_t MarkStackSize                            = 4194304                                   {product} {ergonomic}
   size_t MaxHeapSize                              = 4244635648                                {product} {ergonomic}
   size_t MaxNewSize                               = 2545942528                                {product} {ergonomic}
   size_t MinHeapDeltaBytes                        = 2097152                                   {product} {ergonomic}
   size_t MinHeapSize                              = 8388608                                   {product} {ergonomic}
    uintx NonNMethodCodeHeapSize                   = 5839372                                {pd product} {ergonomic}
    uintx NonProfiledCodeHeapSize                  = 122909434                              {pd product} {ergonomic}
    uintx ProfiledCodeHeapSize                     = 122909434                              {pd product} {ergonomic}
    uintx ReservedCodeCacheSize                    = 251658240                              {pd product} {ergonomic}
     bool SegmentedCodeCache                       = true                                      {product} {ergonomic}
   size_t SoftMaxHeapSize                          = 4244635648                             {manageable} {ergonomic}
     bool UseCompressedClassPointers               = true                           {product lp64_product} {ergonomic}
     bool UseCompressedOops                        = true                           {product lp64_product} {ergonomic}
     bool UseG1GC                                  = true                                      {product} {ergonomic}
     bool UseLargePagesIndividualAllocation        = false                                  {pd product} {ergonomic}

Logging:
Log output configuration:
 #0: stdout all=warning uptime,level,tags
 #1: stderr all=off uptime,level,tags

Environment Variables:
JAVA_HOME=C:\LAB-TOOLS\JDK\jdk-17.0.6
PATH=C:\Program Files\PowerShell\7;C:\Python311\Scripts\;C:\Python311\;C:\LAB-TOOLS\JDK\jdk-17.0.6\bin;C:\Program Files\Microsoft\jdk-11.0.12.7-hotspot\bin;C:\Program Files\AdoptOpenJDK\jdk-11.0.9.101-hotspot\bin;C:\Program Files (x86)\Common Files\Oracle\Java\javapath;C:\windows\system32;C:\windows;C:\windows\System32\Wbem;C:\windows\System32\WindowsPowerShell\v1.0\;C:\windows\System32\OpenSSH\;C:\Program Files (x86)\NVIDIA Corporation\PhysX\Common;C:\Program Files\NVIDIA Corporation\NVIDIA NvDLISR;C:\Program Files (x86)\Wolfram Research\WolframScript\;C:\WINDOWS\system32;C:\WINDOWS;C:\WINDOWS\System32\Wbem;C:\WINDOWS\System32\WindowsPowerShell\v1.0\;C:\WINDOWS\System32\OpenSSH\;C:\Program Files\MATLAB\R2020a\runtime\win64;C:\Program Files\MATLAB\R2020a\bin;C:\Program Files\OpenVPN\bin;C:\Program Files\Git\cmd;C:\Program Files\Git\usr\bin;C:\Program Files\Microsoft SQL Server\150\Tools\Binn\;C:\Program Files\dotnet\;C:\MinGW\mingw32\bin;C:\WINDOWS\system32;C:\WINDOWS;C:\WINDOWS\System32\Wbem;C:\WINDOWS\System32\WindowsPowerShell\v1.0\;C:\Program Files\nodejs;C:\ProgramData\chocolatey\bin;C:\Program Files\Docker\Docker\resources\bin;C:\WINDOWS\System32\OpenSSH\;C:\LAB-TOOLS\apache-maven-3.9.6-bin\apache-maven-3.9.6\bin;C:\Program Files\PowerShell\7-preview\preview;C:\Program Files\HP\HP One Agent;C:\Program Files\PowerShell\7\;C:\Users\papth\scoop\shims;C:\dev\flutter\bin;C:\Users\papth\AppData\Local\Microsoft\WindowsApps;C:\Users\papth\AppData\Local\GitHubDesktop\bin;C:\Users\papth\AppData\Local\Microsoft\WindowsApps;C:\Users\papth\AppData\Local\atom\bin;C:\Users\papth\.dotnet\tools;C:\Users\papth\AppData\Roaming\npm;C:\dev\android-sdk\platform-tools;C:\Program Files\nodejs;C:\Users\papth\AppData\Local\Programs\Microsoft VS Code\bin;C:\Users\papth\AppData\Roaming\Python\Python311\Scripts;C:\Users\papth\AppData\Local\Google\Cloud SDK\google-cloud-sdk\bin
USERNAME=papth
LANG=en_US.UTF-8
OS=Windows_NT
PROCESSOR_IDENTIFIER=Intel64 Family 6 Model 142 Stepping 12, GenuineIntel



---------------  S Y S T E M  ---------------

OS:
 Windows 11 , 64 bit Build 22621 (10.0.22621.3672)
OS uptime: 0 days 11:19 hours
Hyper-V role detected

CPU: total 8 (initial active 8) (4 cores per cpu, 2 threads per core) family 6 model 142 stepping 12 microcode 0xde, cx8, cmov, fxsr, ht, mmx, 3dnowpref, sse, sse2, sse3, ssse3, sse4.1, sse4.2, popcnt, lzcnt, tsc, tscinvbit, avx, avx2, aes, erms, clmul, bmi1, bmi2, adx, fma, vzeroupper, clflush, clflushopt, hv

Memory: 4k page, system-wide physical 16187M (5278M free)
TotalPageFile size 16187M (AvailPageFile size 1M)
current process WorkingSet (physical memory assigned to process): 164M, peak: 164M
current process commit charge ("private bytes"): 432M, peak: 434M

vm_info: Java HotSpot(TM) 64-Bit Server VM (17.0.6+9-LTS-190) for windows-amd64 JRE (17.0.6+9-LTS-190), built on Dec  6 2022 15:53:54 by "mach5one" with MS VC++ 17.1 (VS2022)

END.
