#
# There is insufficient memory for the Java Runtime Environment to continue.
# Native memory allocation (malloc) failed to allocate 435792 bytes. Error detail: Chunk::new
# Possible reasons:
#   The system is out of physical RAM or swap space
#   This process is running with CompressedOops enabled, and the Java Heap may be blocking the growth of the native heap
# Possible solutions:
#   Reduce memory load on the system
#   Increase physical memory or swap space
#   Check if swap backing store is full
#   Decrease Java heap size (-Xmx/-Xms)
#   Decrease number of Java threads
#   Decrease Java thread stack sizes (-Xss)
#   Set larger code cache with -XX:ReservedCodeCacheSize=
#   JVM is running with Unscaled Compressed Oops mode in which the Java heap is
#     placed in the first 4GB address space. The Java Heap base address is the
#     maximum limit for the native heap growth. Please use -XX:HeapBaseMinAddress
#     to set the Java Heap base and to place the Java Heap above 4GB virtual address.
# This output file may be truncated or incomplete.
#
#  Out of Memory Error (arena.cpp:191), pid=11924, tid=21496
#
# JRE version: OpenJDK Runtime Environment Temurin-17.0.11+9 (17.0.11+9) (build 17.0.11+9)
# Java VM: OpenJDK 64-Bit Server VM Temurin-17.0.11+9 (17.0.11+9, mixed mode, tiered, compressed oops, compressed class ptrs, parallel gc, windows-amd64)
# No core dump will be written. Minidumps are not enabled by default on client versions of Windows
#

---------------  S U M M A R Y ------------

Command Line: --add-modules=ALL-SYSTEM --add-opens=java.base/java.util=ALL-UNNAMED --add-opens=java.base/java.lang=ALL-UNNAMED --add-opens=java.base/sun.nio.fs=ALL-UNNAMED -Declipse.application=org.eclipse.jdt.ls.core.id1 -Dosgi.bundles.defaultStartLevel=4 -Declipse.product=org.eclipse.jdt.ls.core.product -Djava.import.generatesMetadataFilesAtProjectRoot=false -DDetectVMInstallationsJob.disabled=true -Dfile.encoding=utf8 -XX:+UseParallelGC -XX:GCTimeRatio=4 -XX:AdaptiveSizePolicyWeight=90 -Dsun.zip.disableMemoryMapping=true -Xmx1G -Xms100m -Xlog:disable -javaagent:c:\Users\papth\.vscode\extensions\redhat.java-1.33.0-win32-x64\lombok\lombok-1.18.33.jar c:\Users\papth\.vscode\extensions\redhat.java-1.33.0-win32-x64\server\plugins\org.eclipse.equinox.launcher_1.6.900.v20240613-2009.jar -configuration c:\Users\papth\AppData\Roaming\Code\User\globalStorage\redhat.java\1.33.0\config_ss_win -data c:\Users\papth\AppData\Roaming\Code\User\workspaceStorage\5c05168c5aa2c9692861d3fc907bc7d4\redhat.java\ss_ws --pipe=\\.\pipe\lsp-5c0d6423ef065b922a252c59b1ac4478-sock

Host: Intel(R) Core(TM) i7-10510U CPU @ 1.80GHz, 8 cores, 15G,  Windows 11 , 64 bit Build 22621 (10.0.22621.3958)
Time: Sun Aug 18 05:38:44 2024  Windows 11 , 64 bit Build 22621 (10.0.22621.3958) elapsed time: 5.329250 seconds (0d 0h 0m 5s)

---------------  T H R E A D  ---------------

Current thread (0x000001ee50f3bbf0):  JavaThread "C2 CompilerThread1" daemon [_thread_in_native, id=21496, stack(0x000000bee3800000,0x000000bee3900000)]


Current CompileTask:
C2:   5329 3981       4       java.util.stream.StreamSpliterators$WrappingSpliterator::tryAdvance (36 bytes)

Stack: [0x000000bee3800000,0x000000bee3900000]
Native frames: (J=compiled Java code, j=interpreted, Vv=VM code, C=native code)
V  [jvm.dll+0x67d429]
V  [jvm.dll+0x834b7a]
V  [jvm.dll+0x83663e]
V  [jvm.dll+0x836ca3]
V  [jvm.dll+0x247dbf]
V  [jvm.dll+0xac534]
V  [jvm.dll+0xacb7c]
V  [jvm.dll+0x366647]
V  [jvm.dll+0x330bba]
V  [jvm.dll+0x33005a]
V  [jvm.dll+0x21a471]
V  [jvm.dll+0x2198b1]
V  [jvm.dll+0x1a534d]
V  [jvm.dll+0x2295cd]
V  [jvm.dll+0x22779c]
V  [jvm.dll+0x7e9d07]
V  [jvm.dll+0x7e410a]
V  [jvm.dll+0x67c315]
C  [ucrtbase.dll+0x29333]
C  [KERNEL32.DLL+0x1257d]
C  [ntdll.dll+0x5af28]


---------------  P R O C E S S  ---------------

Threads class SMR info:
_java_thread_list=0x000001ee4f033960, length=37, elements={
0x000001ee32319b50, 0x000001ee480f2260, 0x000001ee480f3d40, 0x000001ee4d19e130,
0x000001ee4d19ec00, 0x000001ee4d19fc70, 0x000001ee4d1a1a20, 0x000001ee4d1a3e50,
0x000001ee4d1a4f00, 0x000001ee4d1c2780, 0x000001ee4d22d270, 0x000001ee4d50e720,
0x000001ee4edcc870, 0x000001ee4ef83ad0, 0x000001ee4ede97d0, 0x000001ee4ec0c020,
0x000001ee4efcd210, 0x000001ee4ec53590, 0x000001ee4ec53fb0, 0x000001ee4ec544c0,
0x000001ee4ec53aa0, 0x000001ee4ec53080, 0x000001ee4ec56320, 0x000001ee4ec56830,
0x000001ee4ec553f0, 0x000001ee4ec549d0, 0x000001ee4ec54ee0, 0x000001ee4ec55900,
0x000001ee506b2990, 0x000001ee506b5720, 0x000001ee506b0620, 0x000001ee506b0b30,
0x000001ee506b2ea0, 0x000001ee506b38c0, 0x000001ee506b33b0, 0x000001ee50f3bbf0,
0x000001ee4f59e020
}

Java Threads: ( => current thread )
  0x000001ee32319b50 JavaThread "main" [_thread_blocked, id=7844, stack(0x000000bee2b00000,0x000000bee2c00000)]
  0x000001ee480f2260 JavaThread "Reference Handler" daemon [_thread_blocked, id=21960, stack(0x000000bee2e00000,0x000000bee2f00000)]
  0x000001ee480f3d40 JavaThread "Finalizer" daemon [_thread_blocked, id=20588, stack(0x000000bee2f00000,0x000000bee3000000)]
  0x000001ee4d19e130 JavaThread "Signal Dispatcher" daemon [_thread_blocked, id=7060, stack(0x000000bee3000000,0x000000bee3100000)]
  0x000001ee4d19ec00 JavaThread "Attach Listener" daemon [_thread_blocked, id=13172, stack(0x000000bee3100000,0x000000bee3200000)]
  0x000001ee4d19fc70 JavaThread "Service Thread" daemon [_thread_blocked, id=10252, stack(0x000000bee3200000,0x000000bee3300000)]
  0x000001ee4d1a1a20 JavaThread "Monitor Deflation Thread" daemon [_thread_blocked, id=21732, stack(0x000000bee3300000,0x000000bee3400000)]
  0x000001ee4d1a3e50 JavaThread "C2 CompilerThread0" daemon [_thread_in_native, id=13976, stack(0x000000bee3400000,0x000000bee3500000)]
  0x000001ee4d1a4f00 JavaThread "C1 CompilerThread0" daemon [_thread_in_vm, id=9848, stack(0x000000bee3500000,0x000000bee3600000)]
  0x000001ee4d1c2780 JavaThread "Sweeper thread" daemon [_thread_blocked, id=22604, stack(0x000000bee3600000,0x000000bee3700000)]
  0x000001ee4d22d270 JavaThread "Common-Cleaner" daemon [_thread_blocked, id=15104, stack(0x000000bee3700000,0x000000bee3800000)]
  0x000001ee4d50e720 JavaThread "Notification Thread" daemon [_thread_blocked, id=22476, stack(0x000000bee3900000,0x000000bee3a00000)]
  0x000001ee4edcc870 JavaThread "Active Thread: Equinox Container: bfd5814e-a44f-4238-a9fe-e4dcb6f2d70c" [_thread_blocked, id=20008, stack(0x000000bee4200000,0x000000bee4300000)]
  0x000001ee4ef83ad0 JavaThread "Framework Event Dispatcher: Equinox Container: bfd5814e-a44f-4238-a9fe-e4dcb6f2d70c" daemon [_thread_blocked, id=17320, stack(0x000000bee4300000,0x000000bee4400000)]
  0x000001ee4ede97d0 JavaThread "Start Level: Equinox Container: bfd5814e-a44f-4238-a9fe-e4dcb6f2d70c" daemon [_thread_blocked, id=22072, stack(0x000000bee4400000,0x000000bee4500000)]
  0x000001ee4ec0c020 JavaThread "SCR Component Actor" daemon [_thread_blocked, id=23488, stack(0x000000bee4500000,0x000000bee4600000)]
  0x000001ee4efcd210 JavaThread "SCR Component Registry" daemon [_thread_blocked, id=22112, stack(0x000000bee3b00000,0x000000bee3c00000)]
  0x000001ee4ec53590 JavaThread "Worker-JM" [_thread_blocked, id=21884, stack(0x000000bee4700000,0x000000bee4800000)]
  0x000001ee4ec53fb0 JavaThread "JNA Cleaner" daemon [_thread_blocked, id=5236, stack(0x000000bee4800000,0x000000bee4900000)]
  0x000001ee4ec544c0 JavaThread "Worker-0" [_thread_blocked, id=20284, stack(0x000000bee4900000,0x000000bee4a00000)]
  0x000001ee4ec53aa0 JavaThread "Worker-1" [_thread_blocked, id=13508, stack(0x000000bee4a00000,0x000000bee4b00000)]
  0x000001ee4ec53080 JavaThread "Thread-2" daemon [_thread_in_native, id=20348, stack(0x000000bee4c00000,0x000000bee4d00000)]
  0x000001ee4ec56320 JavaThread "Thread-3" daemon [_thread_in_native, id=22324, stack(0x000000bee4d00000,0x000000bee4e00000)]
  0x000001ee4ec56830 JavaThread "Thread-4" daemon [_thread_in_native, id=3840, stack(0x000000bee4e00000,0x000000bee4f00000)]
  0x000001ee4ec553f0 JavaThread "Thread-5" daemon [_thread_in_native, id=13724, stack(0x000000bee4f00000,0x000000bee5000000)]
  0x000001ee4ec549d0 JavaThread "Thread-6" daemon [_thread_in_native, id=16232, stack(0x000000bee5000000,0x000000bee5100000)]
  0x000001ee4ec54ee0 JavaThread "Thread-7" daemon [_thread_in_native, id=2528, stack(0x000000bee5100000,0x000000bee5200000)]
  0x000001ee4ec55900 JavaThread "Thread-8" daemon [_thread_in_native, id=19932, stack(0x000000bee5200000,0x000000bee5300000)]
  0x000001ee506b2990 JavaThread "Thread-9" daemon [_thread_in_native, id=13800, stack(0x000000bee5300000,0x000000bee5400000)]
  0x000001ee506b5720 JavaThread "Thread-10" daemon [_thread_in_native, id=3904, stack(0x000000bee5400000,0x000000bee5500000)]
  0x000001ee506b0620 JavaThread "pool-2-thread-1" [_thread_blocked, id=13468, stack(0x000000bee5500000,0x000000bee5600000)]
  0x000001ee506b0b30 JavaThread "WorkspaceEventsHandler" [_thread_blocked, id=21604, stack(0x000000bee5600000,0x000000bee5700000)]
  0x000001ee506b2ea0 JavaThread "pool-1-thread-1" [_thread_in_Java, id=7536, stack(0x000000bee5700000,0x000000bee5800000)]
  0x000001ee506b38c0 JavaThread "Worker-2" [_thread_blocked, id=8224, stack(0x000000bee5800000,0x000000bee5900000)]
  0x000001ee506b33b0 JavaThread "ForkJoinPool.commonPool-worker-1" daemon [_thread_in_Java, id=5216, stack(0x000000bee4b00000,0x000000bee4c00000)]
=>0x000001ee50f3bbf0 JavaThread "C2 CompilerThread1" daemon [_thread_in_native, id=21496, stack(0x000000bee3800000,0x000000bee3900000)]
  0x000001ee4f59e020 JavaThread "C2 CompilerThread2" daemon [_thread_in_native, id=13456, stack(0x000000bee5900000,0x000000bee5a00000)]

Other Threads:
  0x000001ee3239c510 VMThread "VM Thread" [stack: 0x000000bee2d00000,0x000000bee2e00000] [id=15304]
  0x000001ee4d50ec00 WatcherThread [stack: 0x000000bee3a00000,0x000000bee3b00000] [id=14864]
  0x000001ee3232df40 GCTaskThread "GC Thread#0" [stack: 0x000000bee2c00000,0x000000bee2d00000] [id=8336]
  0x000001ee4e555990 GCTaskThread "GC Thread#1" [stack: 0x000000bee3c00000,0x000000bee3d00000] [id=19736]
  0x000001ee4eaac790 GCTaskThread "GC Thread#2" [stack: 0x000000bee3d00000,0x000000bee3e00000] [id=3784]
  0x000001ee4eaaca50 GCTaskThread "GC Thread#3" [stack: 0x000000bee3e00000,0x000000bee3f00000] [id=2128]
  0x000001ee4ebbd020 GCTaskThread "GC Thread#4" [stack: 0x000000bee3f00000,0x000000bee4000000] [id=1436]
  0x000001ee4ebbd2e0 GCTaskThread "GC Thread#5" [stack: 0x000000bee4000000,0x000000bee4100000] [id=6308]
  0x000001ee4ebbd5a0 GCTaskThread "GC Thread#6" [stack: 0x000000bee4100000,0x000000bee4200000] [id=12640]
  0x000001ee4ee83e30 GCTaskThread "GC Thread#7" [stack: 0x000000bee4600000,0x000000bee4700000] [id=22404]

Threads with active compile tasks:
C2 CompilerThread0     5355 3998   !   4       java.nio.file.FileTreeWalker::next (144 bytes)
C2 CompilerThread1     5355 3981       4       java.util.stream.StreamSpliterators$WrappingSpliterator::tryAdvance (36 bytes)
C2 CompilerThread2     5355 4008   !   4       java.nio.file.FileTreeWalker::visit (204 bytes)

VM state: not at safepoint (normal execution)

VM Mutex/Monitor currently owned by a thread: None

Heap address: 0x00000000c0000000, size: 1024 MB, Compressed Oops mode: 32-bit

CDS archive(s) not mapped
Compressed class space mapped at: 0x0000000100000000-0x0000000140000000, reserved size: 1073741824
Narrow klass base: 0x0000000000000000, Narrow klass shift: 3, Narrow klass range: 0x140000000

GC Precious Log:
 CPUs: 8 total, 8 available
 Memory: 16187M
 Large Page Support: Disabled
 NUMA Support: Disabled
 Compressed Oops: Enabled (32-bit)
 Alignments: Space 512K, Generation 512K, Heap 2M
 Heap Min Capacity: 100M
 Heap Initial Capacity: 100M
 Heap Max Capacity: 1G
 Pre-touch: Disabled
 Parallel Workers: 8

Heap:
 PSYoungGen      total 25088K, used 12908K [0x00000000eab00000, 0x00000000ec700000, 0x0000000100000000)
  eden space 22528K, 47% used [0x00000000eab00000,0x00000000eb583308,0x00000000ec100000)
  from space 2560K, 83% used [0x00000000ec280000,0x00000000ec498040,0x00000000ec500000)
  to   space 2048K, 0% used [0x00000000ec500000,0x00000000ec500000,0x00000000ec700000)
 ParOldGen       total 68608K, used 15423K [0x00000000c0000000, 0x00000000c4300000, 0x00000000eab00000)
  object space 68608K, 22% used [0x00000000c0000000,0x00000000c0f0fcc8,0x00000000c4300000)
 Metaspace       used 38359K, committed 39168K, reserved 1114112K
  class space    used 3859K, committed 4224K, reserved 1048576K

Card table byte_map: [0x000001ee45990000,0x000001ee45ba0000] _byte_map_base: 0x000001ee45390000

Marking Bits: (ParMarkBitMap*) 0x00007ffb6abcd820
 Begin Bits: [0x000001ee45d00000, 0x000001ee46d00000)
 End Bits:   [0x000001ee46d00000, 0x000001ee47d00000)

Polling page: 0x000001ee323c0000

Metaspace:

Usage:
  Non-class:     33.69 MB used.
      Class:      3.77 MB used.
       Both:     37.46 MB used.

Virtual space:
  Non-class space:       64.00 MB reserved,      34.12 MB ( 53%) committed,  1 nodes.
      Class space:        1.00 GB reserved,       4.12 MB ( <1%) committed,  1 nodes.
             Both:        1.06 GB reserved,      38.25 MB (  4%) committed. 

Chunk freelists:
   Non-Class:  13.23 MB
       Class:  11.94 MB
        Both:  25.17 MB

MaxMetaspaceSize: unlimited
CompressedClassSpaceSize: 1.00 GB
Initial GC threshold: 21.00 MB
Current GC threshold: 58.38 MB
CDS: off
MetaspaceReclaimPolicy: balanced
 - commit_granule_bytes: 65536.
 - commit_granule_words: 8192.
 - virtual_space_node_default_size: 8388608.
 - enlarge_chunks_in_place: 1.
 - new_chunks_are_fully_committed: 0.
 - uncommit_free_chunks: 1.
 - use_allocation_guard: 0.
 - handle_deallocations: 1.


Internal statistics:

num_allocs_failed_limit: 6.
num_arena_births: 378.
num_arena_deaths: 14.
num_vsnodes_births: 2.
num_vsnodes_deaths: 0.
num_space_committed: 612.
num_space_uncommitted: 0.
num_chunks_returned_to_freelist: 20.
num_chunks_taken_from_freelist: 1586.
num_chunk_merges: 11.
num_chunk_splits: 998.
num_chunks_enlarged: 667.
num_inconsistent_stats: 0.

CodeHeap 'non-profiled nmethods': size=120000Kb used=1918Kb max_used=1918Kb free=118081Kb
 bounds [0x000001ee3e280000, 0x000001ee3e4f0000, 0x000001ee457b0000]
CodeHeap 'profiled nmethods': size=120000Kb used=8203Kb max_used=8203Kb free=111796Kb
 bounds [0x000001ee367b0000, 0x000001ee36fc0000, 0x000001ee3dce0000]
CodeHeap 'non-nmethods': size=5760Kb used=1295Kb max_used=1341Kb free=4464Kb
 bounds [0x000001ee3dce0000, 0x000001ee3df50000, 0x000001ee3e280000]
 total_blobs=4668 nmethods=4045 adapters=536
 compilation: enabled
              stopped_count=0, restarted_count=0
 full_count=0

Compilation events (20 events):
Event: 5.320 Thread 0x000001ee4d1a4f00 nmethod 4029 0x000001ee36fa3e90 code [0x000001ee36fa4020, 0x000001ee36fa4198]
Event: 5.321 Thread 0x000001ee4d1a4f00 4030       3       org.eclipse.jdt.internal.core.JavaElement::getAncestor (30 bytes)
Event: 5.321 Thread 0x000001ee4d1a4f00 nmethod 4030 0x000001ee36fa4290 code [0x000001ee36fa4460, 0x000001ee36fa4928]
Event: 5.321 Thread 0x000001ee4d1a4f00 4031       3       org.eclipse.jdt.internal.core.Openable::getPackageFragmentRoot (9 bytes)
Event: 5.321 Thread 0x000001ee4d1a4f00 nmethod 4031 0x000001ee36fa4a90 code [0x000001ee36fa4c60, 0x000001ee36fa52a8]
Event: 5.322 Thread 0x000001ee4d1a4f00 4032       3       org.eclipse.jdt.internal.core.util.MementoTokenizer::escape (195 bytes)
Event: 5.323 Thread 0x000001ee4d1a4f00 nmethod 4032 0x000001ee36fa5490 code [0x000001ee36fa56e0, 0x000001ee36fa6218]
Event: 5.323 Thread 0x000001ee4d1a4f00 4033       3       java.lang.invoke.DirectMethodHandle$Holder::invokeStatic (14 bytes)
Event: 5.323 Thread 0x000001ee4d1a4f00 nmethod 4033 0x000001ee36fa6710 code [0x000001ee36fa68e0, 0x000001ee36fa6cb8]
Event: 5.323 Thread 0x000001ee4d1a4f00 4034       3       java.lang.invoke.LambdaForm$MH/0x0000000100198800::invoke (32 bytes)
Event: 5.323 Thread 0x000001ee4d1a4f00 nmethod 4034 0x000001ee36fa6e10 code [0x000001ee36fa6fe0, 0x000001ee36fa73f8]
Event: 5.323 Thread 0x000001ee4d1a4f00 4035       3       java.lang.invoke.DirectMethodHandle$Holder::invokeStatic (17 bytes)
Event: 5.324 Thread 0x000001ee4d1a4f00 nmethod 4035 0x000001ee36fa7510 code [0x000001ee36fa76e0, 0x000001ee36fa7ab8]
Event: 5.324 Thread 0x000001ee4d1a4f00 4036       3       java.lang.invoke.DirectMethodHandle$Holder::invokeStatic (21 bytes)
Event: 5.324 Thread 0x000001ee4d1a4f00 nmethod 4036 0x000001ee36fa7c10 code [0x000001ee36fa7de0, 0x000001ee36fa81d8]
Event: 5.324 Thread 0x000001ee4d1a4f00 4037  s    3       org.eclipse.jdt.core.JavaConventions::scannedIdentifier (9 bytes)
Event: 5.324 Thread 0x000001ee4d1a4f00 nmethod 4037 0x000001ee36fa8310 code [0x000001ee36fa84c0, 0x000001ee36fa86a8]
Event: 5.324 Thread 0x000001ee4d1a4f00 4038       3       org.eclipse.jdt.internal.core.JarPackageFragmentRoot::resource (15 bytes)
Event: 5.324 Thread 0x000001ee4d1a4f00 nmethod 4038 0x000001ee36fa8790 code [0x000001ee36fa8940, 0x000001ee36fa8b18]
Event: 5.325 Thread 0x000001ee4d1a4f00 4041   !   3       sun.nio.fs.WindowsPath::initOffsets (153 bytes)

GC Heap History (20 events):
Event: 2.429 GC heap before
{Heap before GC invocations=4 (full 0):
 PSYoungGen      total 29696K, used 11710K [0x00000000eab00000, 0x00000000ecc00000, 0x0000000100000000)
  eden space 25600K, 29% used [0x00000000eab00000,0x00000000eb270e40,0x00000000ec400000)
  from space 4096K, 99% used [0x00000000ec400000,0x00000000ec7feb78,0x00000000ec800000)
  to   space 4096K, 0% used [0x00000000ec800000,0x00000000ec800000,0x00000000ecc00000)
 ParOldGen       total 68608K, used 2461K [0x00000000c0000000, 0x00000000c4300000, 0x00000000eab00000)
  object space 68608K, 3% used [0x00000000c0000000,0x00000000c02676c0,0x00000000c4300000)
 Metaspace       used 21056K, committed 21504K, reserved 1114112K
  class space    used 2148K, committed 2368K, reserved 1048576K
}
Event: 2.432 GC heap after
{Heap after GC invocations=4 (full 0):
 PSYoungGen      total 29696K, used 4095K [0x00000000eab00000, 0x00000000ecc00000, 0x0000000100000000)
  eden space 25600K, 0% used [0x00000000eab00000,0x00000000eab00000,0x00000000ec400000)
  from space 4096K, 99% used [0x00000000ec800000,0x00000000ecbffd60,0x00000000ecc00000)
  to   space 4096K, 0% used [0x00000000ec400000,0x00000000ec400000,0x00000000ec800000)
 ParOldGen       total 68608K, used 3290K [0x00000000c0000000, 0x00000000c4300000, 0x00000000eab00000)
  object space 68608K, 4% used [0x00000000c0000000,0x00000000c0336908,0x00000000c4300000)
 Metaspace       used 21056K, committed 21504K, reserved 1114112K
  class space    used 2148K, committed 2368K, reserved 1048576K
}
Event: 2.432 GC heap before
{Heap before GC invocations=5 (full 1):
 PSYoungGen      total 29696K, used 4095K [0x00000000eab00000, 0x00000000ecc00000, 0x0000000100000000)
  eden space 25600K, 0% used [0x00000000eab00000,0x00000000eab00000,0x00000000ec400000)
  from space 4096K, 99% used [0x00000000ec800000,0x00000000ecbffd60,0x00000000ecc00000)
  to   space 4096K, 0% used [0x00000000ec400000,0x00000000ec400000,0x00000000ec800000)
 ParOldGen       total 68608K, used 3290K [0x00000000c0000000, 0x00000000c4300000, 0x00000000eab00000)
  object space 68608K, 4% used [0x00000000c0000000,0x00000000c0336908,0x00000000c4300000)
 Metaspace       used 21056K, committed 21504K, reserved 1114112K
  class space    used 2148K, committed 2368K, reserved 1048576K
}
Event: 2.458 GC heap after
{Heap after GC invocations=5 (full 1):
 PSYoungGen      total 29696K, used 0K [0x00000000eab00000, 0x00000000ecc00000, 0x0000000100000000)
  eden space 25600K, 0% used [0x00000000eab00000,0x00000000eab00000,0x00000000ec400000)
  from space 4096K, 0% used [0x00000000ec800000,0x00000000ec800000,0x00000000ecc00000)
  to   space 4096K, 0% used [0x00000000ec400000,0x00000000ec400000,0x00000000ec800000)
 ParOldGen       total 68608K, used 7235K [0x00000000c0000000, 0x00000000c4300000, 0x00000000eab00000)
  object space 68608K, 10% used [0x00000000c0000000,0x00000000c0710e90,0x00000000c4300000)
 Metaspace       used 21043K, committed 21504K, reserved 1114112K
  class space    used 2144K, committed 2368K, reserved 1048576K
}
Event: 3.188 GC heap before
{Heap before GC invocations=6 (full 1):
 PSYoungGen      total 29696K, used 25600K [0x00000000eab00000, 0x00000000ecc00000, 0x0000000100000000)
  eden space 25600K, 100% used [0x00000000eab00000,0x00000000ec400000,0x00000000ec400000)
  from space 4096K, 0% used [0x00000000ec800000,0x00000000ec800000,0x00000000ecc00000)
  to   space 4096K, 0% used [0x00000000ec400000,0x00000000ec400000,0x00000000ec800000)
 ParOldGen       total 68608K, used 7235K [0x00000000c0000000, 0x00000000c4300000, 0x00000000eab00000)
  object space 68608K, 10% used [0x00000000c0000000,0x00000000c0710e90,0x00000000c4300000)
 Metaspace       used 23571K, committed 24128K, reserved 1114112K
  class space    used 2401K, committed 2624K, reserved 1048576K
}
Event: 3.189 GC heap after
{Heap after GC invocations=6 (full 1):
 PSYoungGen      total 28160K, used 2845K [0x00000000eab00000, 0x00000000ecb80000, 0x0000000100000000)
  eden space 25088K, 0% used [0x00000000eab00000,0x00000000eab00000,0x00000000ec380000)
  from space 3072K, 92% used [0x00000000ec400000,0x00000000ec6c75e8,0x00000000ec700000)
  to   space 4096K, 0% used [0x00000000ec780000,0x00000000ec780000,0x00000000ecb80000)
 ParOldGen       total 68608K, used 7243K [0x00000000c0000000, 0x00000000c4300000, 0x00000000eab00000)
  object space 68608K, 10% used [0x00000000c0000000,0x00000000c0712e90,0x00000000c4300000)
 Metaspace       used 23571K, committed 24128K, reserved 1114112K
  class space    used 2401K, committed 2624K, reserved 1048576K
}
Event: 3.367 GC heap before
{Heap before GC invocations=7 (full 1):
 PSYoungGen      total 28160K, used 27933K [0x00000000eab00000, 0x00000000ecb80000, 0x0000000100000000)
  eden space 25088K, 100% used [0x00000000eab00000,0x00000000ec380000,0x00000000ec380000)
  from space 3072K, 92% used [0x00000000ec400000,0x00000000ec6c75e8,0x00000000ec700000)
  to   space 4096K, 0% used [0x00000000ec780000,0x00000000ec780000,0x00000000ecb80000)
 ParOldGen       total 68608K, used 7243K [0x00000000c0000000, 0x00000000c4300000, 0x00000000eab00000)
  object space 68608K, 10% used [0x00000000c0000000,0x00000000c0712e90,0x00000000c4300000)
 Metaspace       used 27885K, committed 28416K, reserved 1114112K
  class space    used 2708K, committed 2944K, reserved 1048576K
}
Event: 3.369 GC heap after
{Heap after GC invocations=7 (full 1):
 PSYoungGen      total 27648K, used 2726K [0x00000000eab00000, 0x00000000eca80000, 0x0000000100000000)
  eden space 24576K, 0% used [0x00000000eab00000,0x00000000eab00000,0x00000000ec300000)
  from space 3072K, 88% used [0x00000000ec780000,0x00000000eca29a90,0x00000000eca80000)
  to   space 3072K, 0% used [0x00000000ec480000,0x00000000ec480000,0x00000000ec780000)
 ParOldGen       total 68608K, used 7243K [0x00000000c0000000, 0x00000000c4300000, 0x00000000eab00000)
  object space 68608K, 10% used [0x00000000c0000000,0x00000000c0712e90,0x00000000c4300000)
 Metaspace       used 27885K, committed 28416K, reserved 1114112K
  class space    used 2708K, committed 2944K, reserved 1048576K
}
Event: 3.613 GC heap before
{Heap before GC invocations=8 (full 1):
 PSYoungGen      total 27648K, used 27302K [0x00000000eab00000, 0x00000000eca80000, 0x0000000100000000)
  eden space 24576K, 100% used [0x00000000eab00000,0x00000000ec300000,0x00000000ec300000)
  from space 3072K, 88% used [0x00000000ec780000,0x00000000eca29a90,0x00000000eca80000)
  to   space 3072K, 0% used [0x00000000ec480000,0x00000000ec480000,0x00000000ec780000)
 ParOldGen       total 68608K, used 7243K [0x00000000c0000000, 0x00000000c4300000, 0x00000000eab00000)
  object space 68608K, 10% used [0x00000000c0000000,0x00000000c0712e90,0x00000000c4300000)
 Metaspace       used 30427K, committed 31040K, reserved 1114112K
  class space    used 2942K, committed 3200K, reserved 1048576K
}
Event: 3.616 GC heap after
{Heap after GC invocations=8 (full 1):
 PSYoungGen      total 27136K, used 3055K [0x00000000eab00000, 0x00000000ecb80000, 0x0000000100000000)
  eden space 24064K, 0% used [0x00000000eab00000,0x00000000eab00000,0x00000000ec280000)
  from space 3072K, 99% used [0x00000000ec480000,0x00000000ec77bcb8,0x00000000ec780000)
  to   space 4096K, 0% used [0x00000000ec780000,0x00000000ec780000,0x00000000ecb80000)
 ParOldGen       total 68608K, used 8487K [0x00000000c0000000, 0x00000000c4300000, 0x00000000eab00000)
  object space 68608K, 12% used [0x00000000c0000000,0x00000000c0849f80,0x00000000c4300000)
 Metaspace       used 30427K, committed 31040K, reserved 1114112K
  class space    used 2942K, committed 3200K, reserved 1048576K
}
Event: 3.976 GC heap before
{Heap before GC invocations=9 (full 1):
 PSYoungGen      total 27136K, used 27119K [0x00000000eab00000, 0x00000000ecb80000, 0x0000000100000000)
  eden space 24064K, 100% used [0x00000000eab00000,0x00000000ec280000,0x00000000ec280000)
  from space 3072K, 99% used [0x00000000ec480000,0x00000000ec77bcb8,0x00000000ec780000)
  to   space 4096K, 0% used [0x00000000ec780000,0x00000000ec780000,0x00000000ecb80000)
 ParOldGen       total 68608K, used 8487K [0x00000000c0000000, 0x00000000c4300000, 0x00000000eab00000)
  object space 68608K, 12% used [0x00000000c0000000,0x00000000c0849f80,0x00000000c4300000)
 Metaspace       used 34116K, committed 34752K, reserved 1114112K
  class space    used 3399K, committed 3712K, reserved 1048576K
}
Event: 3.979 GC heap after
{Heap after GC invocations=9 (full 1):
 PSYoungGen      total 27648K, used 4087K [0x00000000eab00000, 0x00000000ecb80000, 0x0000000100000000)
  eden space 23552K, 0% used [0x00000000eab00000,0x00000000eab00000,0x00000000ec200000)
  from space 4096K, 99% used [0x00000000ec780000,0x00000000ecb7dc80,0x00000000ecb80000)
  to   space 4608K, 0% used [0x00000000ec280000,0x00000000ec280000,0x00000000ec700000)
 ParOldGen       total 68608K, used 8535K [0x00000000c0000000, 0x00000000c4300000, 0x00000000eab00000)
  object space 68608K, 12% used [0x00000000c0000000,0x00000000c0855f80,0x00000000c4300000)
 Metaspace       used 34116K, committed 34752K, reserved 1114112K
  class space    used 3399K, committed 3712K, reserved 1048576K
}
Event: 4.116 GC heap before
{Heap before GC invocations=10 (full 1):
 PSYoungGen      total 27648K, used 16369K [0x00000000eab00000, 0x00000000ecb80000, 0x0000000100000000)
  eden space 23552K, 52% used [0x00000000eab00000,0x00000000eb6fea48,0x00000000ec200000)
  from space 4096K, 99% used [0x00000000ec780000,0x00000000ecb7dc80,0x00000000ecb80000)
  to   space 4608K, 0% used [0x00000000ec280000,0x00000000ec280000,0x00000000ec700000)
 ParOldGen       total 68608K, used 8535K [0x00000000c0000000, 0x00000000c4300000, 0x00000000eab00000)
  object space 68608K, 12% used [0x00000000c0000000,0x00000000c0855f80,0x00000000c4300000)
 Metaspace       used 35186K, committed 35840K, reserved 1114112K
  class space    used 3507K, committed 3840K, reserved 1048576K
}
Event: 4.119 GC heap after
{Heap after GC invocations=10 (full 1):
 PSYoungGen      total 27648K, used 3764K [0x00000000eab00000, 0x00000000eca00000, 0x0000000100000000)
  eden space 23552K, 0% used [0x00000000eab00000,0x00000000eab00000,0x00000000ec200000)
  from space 4096K, 91% used [0x00000000ec280000,0x00000000ec62d348,0x00000000ec680000)
  to   space 3584K, 0% used [0x00000000ec680000,0x00000000ec680000,0x00000000eca00000)
 ParOldGen       total 68608K, used 10271K [0x00000000c0000000, 0x00000000c4300000, 0x00000000eab00000)
  object space 68608K, 14% used [0x00000000c0000000,0x00000000c0a07ef8,0x00000000c4300000)
 Metaspace       used 35186K, committed 35840K, reserved 1114112K
  class space    used 3507K, committed 3840K, reserved 1048576K
}
Event: 4.119 GC heap before
{Heap before GC invocations=11 (full 2):
 PSYoungGen      total 27648K, used 3764K [0x00000000eab00000, 0x00000000eca00000, 0x0000000100000000)
  eden space 23552K, 0% used [0x00000000eab00000,0x00000000eab00000,0x00000000ec200000)
  from space 4096K, 91% used [0x00000000ec280000,0x00000000ec62d348,0x00000000ec680000)
  to   space 3584K, 0% used [0x00000000ec680000,0x00000000ec680000,0x00000000eca00000)
 ParOldGen       total 68608K, used 10271K [0x00000000c0000000, 0x00000000c4300000, 0x00000000eab00000)
  object space 68608K, 14% used [0x00000000c0000000,0x00000000c0a07ef8,0x00000000c4300000)
 Metaspace       used 35186K, committed 35840K, reserved 1114112K
  class space    used 3507K, committed 3840K, reserved 1048576K
}
Event: 4.148 GC heap after
{Heap after GC invocations=11 (full 2):
 PSYoungGen      total 27648K, used 0K [0x00000000eab00000, 0x00000000eca00000, 0x0000000100000000)
  eden space 23552K, 0% used [0x00000000eab00000,0x00000000eab00000,0x00000000ec200000)
  from space 4096K, 0% used [0x00000000ec280000,0x00000000ec280000,0x00000000ec680000)
  to   space 3584K, 0% used [0x00000000ec680000,0x00000000ec680000,0x00000000eca00000)
 ParOldGen       total 68608K, used 13609K [0x00000000c0000000, 0x00000000c4300000, 0x00000000eab00000)
  object space 68608K, 19% used [0x00000000c0000000,0x00000000c0d4a7c8,0x00000000c4300000)
 Metaspace       used 35186K, committed 35840K, reserved 1114112K
  class space    used 3507K, committed 3840K, reserved 1048576K
}
Event: 5.073 GC heap before
{Heap before GC invocations=12 (full 2):
 PSYoungGen      total 27648K, used 23552K [0x00000000eab00000, 0x00000000eca00000, 0x0000000100000000)
  eden space 23552K, 100% used [0x00000000eab00000,0x00000000ec200000,0x00000000ec200000)
  from space 4096K, 0% used [0x00000000ec280000,0x00000000ec280000,0x00000000ec680000)
  to   space 3584K, 0% used [0x00000000ec680000,0x00000000ec680000,0x00000000eca00000)
 ParOldGen       total 68608K, used 13609K [0x00000000c0000000, 0x00000000c4300000, 0x00000000eab00000)
  object space 68608K, 19% used [0x00000000c0000000,0x00000000c0d4a7c8,0x00000000c4300000)
 Metaspace       used 37791K, committed 38528K, reserved 1114112K
  class space    used 3793K, committed 4096K, reserved 1048576K
}
Event: 5.076 GC heap after
{Heap after GC invocations=12 (full 2):
 PSYoungGen      total 25088K, used 2015K [0x00000000eab00000, 0x00000000ec880000, 0x0000000100000000)
  eden space 23040K, 0% used [0x00000000eab00000,0x00000000eab00000,0x00000000ec180000)
  from space 2048K, 98% used [0x00000000ec680000,0x00000000ec877ce0,0x00000000ec880000)
  to   space 3072K, 0% used [0x00000000ec280000,0x00000000ec280000,0x00000000ec580000)
 ParOldGen       total 68608K, used 13617K [0x00000000c0000000, 0x00000000c4300000, 0x00000000eab00000)
  object space 68608K, 19% used [0x00000000c0000000,0x00000000c0d4c7c8,0x00000000c4300000)
 Metaspace       used 37791K, committed 38528K, reserved 1114112K
  class space    used 3793K, committed 4096K, reserved 1048576K
}
Event: 5.288 GC heap before
{Heap before GC invocations=13 (full 2):
 PSYoungGen      total 25088K, used 25055K [0x00000000eab00000, 0x00000000ec880000, 0x0000000100000000)
  eden space 23040K, 100% used [0x00000000eab00000,0x00000000ec180000,0x00000000ec180000)
  from space 2048K, 98% used [0x00000000ec680000,0x00000000ec877ce0,0x00000000ec880000)
  to   space 3072K, 0% used [0x00000000ec280000,0x00000000ec280000,0x00000000ec580000)
 ParOldGen       total 68608K, used 13617K [0x00000000c0000000, 0x00000000c4300000, 0x00000000eab00000)
  object space 68608K, 19% used [0x00000000c0000000,0x00000000c0d4c7c8,0x00000000c4300000)
 Metaspace       used 38323K, committed 39104K, reserved 1114112K
  class space    used 3857K, committed 4224K, reserved 1048576K
}
Event: 5.291 GC heap after
{Heap after GC invocations=13 (full 2):
 PSYoungGen      total 25088K, used 2144K [0x00000000eab00000, 0x00000000ec700000, 0x0000000100000000)
  eden space 22528K, 0% used [0x00000000eab00000,0x00000000eab00000,0x00000000ec100000)
  from space 2560K, 83% used [0x00000000ec280000,0x00000000ec498040,0x00000000ec500000)
  to   space 2048K, 0% used [0x00000000ec500000,0x00000000ec500000,0x00000000ec700000)
 ParOldGen       total 68608K, used 15423K [0x00000000c0000000, 0x00000000c4300000, 0x00000000eab00000)
  object space 68608K, 22% used [0x00000000c0000000,0x00000000c0f0fcc8,0x00000000c4300000)
 Metaspace       used 38323K, committed 39104K, reserved 1114112K
  class space    used 3857K, committed 4224K, reserved 1048576K
}

Dll operation events (10 events):
Event: 0.016 Loaded shared library c:\Users\papth\.vscode\extensions\redhat.java-1.33.0-win32-x64\jre\17.0.11-win32-x86_64\bin\java.dll
Event: 0.224 Loaded shared library c:\Users\papth\.vscode\extensions\redhat.java-1.33.0-win32-x64\jre\17.0.11-win32-x86_64\bin\zip.dll
Event: 0.230 Loaded shared library C:\Users\papth\.vscode\extensions\redhat.java-1.33.0-win32-x64\jre\17.0.11-win32-x86_64\bin\instrument.dll
Event: 0.250 Loaded shared library C:\Users\papth\.vscode\extensions\redhat.java-1.33.0-win32-x64\jre\17.0.11-win32-x86_64\bin\net.dll
Event: 0.253 Loaded shared library C:\Users\papth\.vscode\extensions\redhat.java-1.33.0-win32-x64\jre\17.0.11-win32-x86_64\bin\nio.dll
Event: 0.263 Loaded shared library C:\Users\papth\.vscode\extensions\redhat.java-1.33.0-win32-x64\jre\17.0.11-win32-x86_64\bin\zip.dll
Event: 0.284 Loaded shared library C:\Users\papth\.vscode\extensions\redhat.java-1.33.0-win32-x64\jre\17.0.11-win32-x86_64\bin\jimage.dll
Event: 0.376 Loaded shared library c:\Users\papth\.vscode\extensions\redhat.java-1.33.0-win32-x64\jre\17.0.11-win32-x86_64\bin\verify.dll
Event: 1.623 Loaded shared library C:\Users\papth\AppData\Roaming\Code\User\globalStorage\redhat.java\1.33.0\config_ss_win\org.eclipse.equinox.launcher\org.eclipse.equinox.launcher.win32.win32.x86_64_1.2.1100.v20240722-2106\eclipse_11904.dll
Event: 3.024 Loaded shared library C:\Users\papth\AppData\Local\Temp\jna-106435411\jna5858295359541101875.dll

Deoptimization events (20 events):
Event: 5.148 Thread 0x000001ee506b2ea0 Uncommon trap: trap_request=0xffffffc6 fr.pc=0x000001ee3e4458f0 relative=0x0000000000000650
Event: 5.148 Thread 0x000001ee506b2ea0 Uncommon trap: reason=bimorphic_or_optimized_type_check action=maybe_recompile pc=0x000001ee3e4458f0 method=jdk.internal.jimage.ImageReader$SharedImageReader.findNode(Ljava/lang/String;)Ljdk/internal/jimage/ImageReader$Node; @ 22 c2
Event: 5.148 Thread 0x000001ee506b2ea0 DEOPT PACKING pc=0x000001ee3e4458f0 sp=0x000000bee57fcaf0
Event: 5.148 Thread 0x000001ee506b2ea0 DEOPT UNPACKING pc=0x000001ee3dd366a3 sp=0x000000bee57fcac8 mode 2
Event: 5.148 Thread 0x000001ee506b2ea0 Uncommon trap: trap_request=0xffffffc6 fr.pc=0x000001ee3e4458f0 relative=0x0000000000000650
Event: 5.148 Thread 0x000001ee506b2ea0 Uncommon trap: reason=bimorphic_or_optimized_type_check action=maybe_recompile pc=0x000001ee3e4458f0 method=jdk.internal.jimage.ImageReader$SharedImageReader.findNode(Ljava/lang/String;)Ljdk/internal/jimage/ImageReader$Node; @ 22 c2
Event: 5.148 Thread 0x000001ee506b2ea0 DEOPT PACKING pc=0x000001ee3e4458f0 sp=0x000000bee57fcaf0
Event: 5.148 Thread 0x000001ee506b2ea0 DEOPT UNPACKING pc=0x000001ee3dd366a3 sp=0x000000bee57fcac8 mode 2
Event: 5.151 Thread 0x000001ee506b33b0 Uncommon trap: trap_request=0xffffffc6 fr.pc=0x000001ee3e4458f0 relative=0x0000000000000650
Event: 5.151 Thread 0x000001ee506b33b0 Uncommon trap: reason=bimorphic_or_optimized_type_check action=maybe_recompile pc=0x000001ee3e4458f0 method=jdk.internal.jimage.ImageReader$SharedImageReader.findNode(Ljava/lang/String;)Ljdk/internal/jimage/ImageReader$Node; @ 22 c2
Event: 5.151 Thread 0x000001ee506b33b0 DEOPT PACKING pc=0x000001ee3e4458f0 sp=0x000000bee4bfd790
Event: 5.151 Thread 0x000001ee506b33b0 DEOPT UNPACKING pc=0x000001ee3dd366a3 sp=0x000000bee4bfd768 mode 2
Event: 5.165 Thread 0x000001ee506b2ea0 Uncommon trap: trap_request=0xffffff45 fr.pc=0x000001ee3e42acdc relative=0x00000000000001bc
Event: 5.165 Thread 0x000001ee506b2ea0 Uncommon trap: reason=unstable_if action=reinterpret pc=0x000001ee3e42acdc method=java.util.concurrent.locks.ReentrantReadWriteLock$Sync.tryAcquireShared(I)I @ 55 c2
Event: 5.165 Thread 0x000001ee506b2ea0 DEOPT PACKING pc=0x000001ee3e42acdc sp=0x000000bee57fbe60
Event: 5.165 Thread 0x000001ee506b2ea0 DEOPT UNPACKING pc=0x000001ee3dd366a3 sp=0x000000bee57fbd88 mode 2
Event: 5.266 Thread 0x000001ee506b33b0 Uncommon trap: trap_request=0xffffff6e fr.pc=0x000001ee3e452334 relative=0x0000000000000214
Event: 5.266 Thread 0x000001ee506b33b0 Uncommon trap: reason=loop_limit_check action=maybe_recompile pc=0x000001ee3e452334 method=org.eclipse.jdt.internal.core.util.HashtableOfArrayToObject.hashCode([Ljava/lang/Object;I)I @ 27 c2
Event: 5.266 Thread 0x000001ee506b33b0 DEOPT PACKING pc=0x000001ee3e452334 sp=0x000000bee4bfd780
Event: 5.266 Thread 0x000001ee506b33b0 DEOPT UNPACKING pc=0x000001ee3dd366a3 sp=0x000000bee4bfd708 mode 2

Classes unloaded (7 events):
Event: 2.437 Thread 0x000001ee3239c510 Unloading class 0x000000010021a400 'java/lang/invoke/LambdaForm$MH+0x000000010021a400'
Event: 2.437 Thread 0x000001ee3239c510 Unloading class 0x000000010021a000 'java/lang/invoke/LambdaForm$MH+0x000000010021a000'
Event: 2.437 Thread 0x000001ee3239c510 Unloading class 0x0000000100219c00 'java/lang/invoke/LambdaForm$MH+0x0000000100219c00'
Event: 2.437 Thread 0x000001ee3239c510 Unloading class 0x0000000100219800 'java/lang/invoke/LambdaForm$MH+0x0000000100219800'
Event: 2.437 Thread 0x000001ee3239c510 Unloading class 0x0000000100219400 'java/lang/invoke/LambdaForm$BMH+0x0000000100219400'
Event: 2.437 Thread 0x000001ee3239c510 Unloading class 0x0000000100219000 'java/lang/invoke/LambdaForm$DMH+0x0000000100219000'
Event: 2.437 Thread 0x000001ee3239c510 Unloading class 0x0000000100214400 'java/lang/invoke/LambdaForm$DMH+0x0000000100214400'

Classes redefined (0 events):
No events

Internal exceptions (20 events):
Event: 4.714 Thread 0x000001ee4ec544c0 Exception <a 'sun/nio/fs/WindowsException'{0x00000000ebb75e70}> (0x00000000ebb75e70) 
thrown [s\src\hotspot\share\prims\jni.cpp, line 516]
Event: 4.746 Thread 0x000001ee4ec544c0 Exception <a 'sun/nio/fs/WindowsException'{0x00000000ebbaf3a0}> (0x00000000ebbaf3a0) 
thrown [s\src\hotspot\share\prims\jni.cpp, line 516]
Event: 4.746 Thread 0x000001ee4ec544c0 Exception <a 'sun/nio/fs/WindowsException'{0x00000000ebbafd28}> (0x00000000ebbafd28) 
thrown [s\src\hotspot\share\prims\jni.cpp, line 516]
Event: 4.746 Thread 0x000001ee4ec544c0 Exception <a 'sun/nio/fs/WindowsException'{0x00000000ebbb0d90}> (0x00000000ebbb0d90) 
thrown [s\src\hotspot\share\prims\jni.cpp, line 516]
Event: 4.746 Thread 0x000001ee4ec544c0 Exception <a 'sun/nio/fs/WindowsException'{0x00000000ebbb1718}> (0x00000000ebbb1718) 
thrown [s\src\hotspot\share\prims\jni.cpp, line 516]
Event: 4.747 Thread 0x000001ee4ec544c0 Exception <a 'sun/nio/fs/WindowsException'{0x00000000ebbb2580}> (0x00000000ebbb2580) 
thrown [s\src\hotspot\share\prims\jni.cpp, line 516]
Event: 4.747 Thread 0x000001ee4ec544c0 Exception <a 'sun/nio/fs/WindowsException'{0x00000000ebbb2f08}> (0x00000000ebbb2f08) 
thrown [s\src\hotspot\share\prims\jni.cpp, line 516]
Event: 4.753 Thread 0x000001ee4ec544c0 Exception <a 'sun/nio/fs/WindowsException'{0x00000000ebbb4ad8}> (0x00000000ebbb4ad8) 
thrown [s\src\hotspot\share\prims\jni.cpp, line 516]
Event: 4.753 Thread 0x000001ee4ec544c0 Exception <a 'sun/nio/fs/WindowsException'{0x00000000ebbb5460}> (0x00000000ebbb5460) 
thrown [s\src\hotspot\share\prims\jni.cpp, line 516]
Event: 4.755 Thread 0x000001ee4ec544c0 Exception <a 'sun/nio/fs/WindowsException'{0x00000000ebbb67b0}> (0x00000000ebbb67b0) 
thrown [s\src\hotspot\share\prims\jni.cpp, line 516]
Event: 4.755 Thread 0x000001ee4ec544c0 Exception <a 'sun/nio/fs/WindowsException'{0x00000000ebbb7088}> (0x00000000ebbb7088) 
thrown [s\src\hotspot\share\prims\jni.cpp, line 516]
Event: 4.755 Thread 0x000001ee4ec544c0 Exception <a 'sun/nio/fs/WindowsException'{0x00000000ebbb7f20}> (0x00000000ebbb7f20) 
thrown [s\src\hotspot\share\prims\jni.cpp, line 516]
Event: 4.755 Thread 0x000001ee4ec544c0 Exception <a 'sun/nio/fs/WindowsException'{0x00000000ebbb87f8}> (0x00000000ebbb87f8) 
thrown [s\src\hotspot\share\prims\jni.cpp, line 516]
Event: 4.756 Thread 0x000001ee4ec544c0 Exception <a 'sun/nio/fs/WindowsException'{0x00000000ebbb9440}> (0x00000000ebbb9440) 
thrown [s\src\hotspot\share\prims\jni.cpp, line 516]
Event: 4.756 Thread 0x000001ee4ec544c0 Exception <a 'sun/nio/fs/WindowsException'{0x00000000ebbb9d18}> (0x00000000ebbb9d18) 
thrown [s\src\hotspot\share\prims\jni.cpp, line 516]
Event: 4.758 Thread 0x000001ee4ec544c0 Exception <a 'sun/nio/fs/WindowsException'{0x00000000ebbbb518}> (0x00000000ebbbb518) 
thrown [s\src\hotspot\share\prims\jni.cpp, line 516]
Event: 4.758 Thread 0x000001ee4ec544c0 Exception <a 'sun/nio/fs/WindowsException'{0x00000000ebbbbdf0}> (0x00000000ebbbbdf0) 
thrown [s\src\hotspot\share\prims\jni.cpp, line 516]
Event: 4.760 Thread 0x000001ee4ec544c0 Exception <a 'java/lang/NoSuchMethodError'{0x00000000ebbd0178}: 'void java.lang.invoke.DirectMethodHandle$Holder.invokeVirtual(java.lang.Object, java.lang.Object, java.lang.Object, java.lang.Object)'> (0x00000000ebbd0178) 
thrown [s\src\hotspot\share\interpreter\linkResolver.cpp, line 759]
Event: 4.863 Thread 0x000001ee4ec544c0 Exception <a 'java/lang/NoSuchMethodError'{0x00000000ebc8b4f0}: 'java.lang.Object java.lang.invoke.DirectMethodHandle$Holder.newInvokeSpecial(java.lang.Object, java.lang.Object, java.lang.Object, java.lang.Object, java.lang.Object, java.lang.Object)'> (0x00000000ebc8b4f0) 
thrown [s\src\hotspot\share\interpreter\linkResolver.cpp, line 759]
Event: 4.981 Thread 0x000001ee506b33b0 Exception <a 'java/lang/NoSuchMethodError'{0x00000000ebe9d938}: 'java.lang.Object java.lang.invoke.Invokers$Holder.invoke_MT(java.lang.Object, java.lang.Object, java.lang.Object)'> (0x00000000ebe9d938) 
thrown [s\src\hotspot\share\interpreter\linkResolver.cpp, line 759]

VM Operations (20 events):
Event: 3.714 Executing VM operation: HandshakeAllThreads
Event: 3.714 Executing VM operation: HandshakeAllThreads done
Event: 3.976 Executing VM operation: ParallelGCFailedAllocation
Event: 3.979 Executing VM operation: ParallelGCFailedAllocation done
Event: 4.116 Executing VM operation: CollectForMetadataAllocation
Event: 4.149 Executing VM operation: CollectForMetadataAllocation done
Event: 4.153 Executing VM operation: HandshakeAllThreads
Event: 4.162 Executing VM operation: HandshakeAllThreads done
Event: 4.888 Executing VM operation: HandshakeAllThreads
Event: 4.888 Executing VM operation: HandshakeAllThreads done
Event: 5.003 Executing VM operation: HandshakeAllThreads
Event: 5.003 Executing VM operation: HandshakeAllThreads done
Event: 5.006 Executing VM operation: HandshakeAllThreads
Event: 5.006 Executing VM operation: HandshakeAllThreads done
Event: 5.073 Executing VM operation: ParallelGCFailedAllocation
Event: 5.076 Executing VM operation: ParallelGCFailedAllocation done
Event: 5.172 Executing VM operation: HandshakeAllThreads
Event: 5.172 Executing VM operation: HandshakeAllThreads done
Event: 5.288 Executing VM operation: ParallelGCFailedAllocation
Event: 5.291 Executing VM operation: ParallelGCFailedAllocation done

Events (20 events):
Event: 5.002 loading class java/nio/ByteBufferAsIntBufferL
Event: 5.002 loading class java/nio/ByteBufferAsIntBufferL done
Event: 5.007 loading class jdk/internal/jimage/ImageReader$Directory
Event: 5.008 loading class jdk/internal/jimage/ImageReader$Directory done
Event: 5.052 Thread 0x000001ee50f3bbf0 Thread added: 0x000001ee50f3bbf0
Event: 5.067 loading class java/nio/file/FileTreeWalker$DirectoryNode
Event: 5.067 loading class java/nio/file/FileTreeWalker$DirectoryNode done
Event: 5.067 loading class java/nio/file/FileTreeWalker$Event
Event: 5.067 loading class java/nio/file/FileTreeWalker$Event done
Event: 5.067 loading class java/nio/file/FileTreeWalker$EventType
Event: 5.068 loading class java/nio/file/FileTreeWalker$EventType done
Event: 5.068 loading class java/nio/file/Files$3
Event: 5.068 loading class java/nio/file/Files$3 done
Event: 5.068 loading class java/nio/file/FileVisitResult
Event: 5.068 loading class java/nio/file/FileVisitResult done
Event: 5.171 loading class java/nio/channels/Channels$ReadableByteChannelImpl
Event: 5.171 loading class java/nio/channels/Channels$ReadableByteChannelImpl done
Event: 5.173 loading class java/nio/channels/NonWritableChannelException
Event: 5.173 loading class java/nio/channels/NonWritableChannelException done
Event: 5.266 Thread 0x000001ee4f59e020 Thread added: 0x000001ee4f59e020


Dynamic libraries:
0x00007ff67b7d0000 - 0x00007ff67b7de000 	c:\Users\papth\.vscode\extensions\redhat.java-1.33.0-win32-x64\jre\17.0.11-win32-x86_64\bin\java.exe
0x00007ffc25050000 - 0x00007ffc25267000 	C:\WINDOWS\SYSTEM32\ntdll.dll
0x00007ffc24650000 - 0x00007ffc24714000 	C:\WINDOWS\System32\KERNEL32.DLL
0x00007ffc22950000 - 0x00007ffc22cfd000 	C:\WINDOWS\System32\KERNELBASE.dll
0x00007ffc226c0000 - 0x00007ffc227d1000 	C:\WINDOWS\System32\ucrtbase.dll
0x00007ffbde770000 - 0x00007ffbde787000 	c:\Users\papth\.vscode\extensions\redhat.java-1.33.0-win32-x64\jre\17.0.11-win32-x86_64\bin\jli.dll
0x00007ffbd7e80000 - 0x00007ffbd7e9b000 	c:\Users\papth\.vscode\extensions\redhat.java-1.33.0-win32-x64\jre\17.0.11-win32-x86_64\bin\VCRUNTIME140.dll
0x00007ffc249d0000 - 0x00007ffc24b7e000 	C:\WINDOWS\System32\USER32.dll
0x00007ffc22490000 - 0x00007ffc224b6000 	C:\WINDOWS\System32\win32u.dll
0x00007ffc23f10000 - 0x00007ffc23f39000 	C:\WINDOWS\System32\GDI32.dll
0x00007ffc22370000 - 0x00007ffc22489000 	C:\WINDOWS\System32\gdi32full.dll
0x00007ffc22620000 - 0x00007ffc226ba000 	C:\WINDOWS\System32\msvcp_win.dll
0x00007ffc10090000 - 0x00007ffc10323000 	C:\WINDOWS\WinSxS\amd64_microsoft.windows.common-controls_6595b64144ccf1df_6.0.22621.3672_none_2713b9d173822955\COMCTL32.dll
0x00007ffc240f0000 - 0x00007ffc24197000 	C:\WINDOWS\System32\msvcrt.dll
0x00007ffc247f0000 - 0x00007ffc24821000 	C:\WINDOWS\System32\IMM32.DLL
0x00007ffc120e0000 - 0x00007ffc120ec000 	c:\Users\papth\.vscode\extensions\redhat.java-1.33.0-win32-x64\jre\17.0.11-win32-x86_64\bin\vcruntime140_1.dll
0x00007ffbd2140000 - 0x00007ffbd21cd000 	c:\Users\papth\.vscode\extensions\redhat.java-1.33.0-win32-x64\jre\17.0.11-win32-x86_64\bin\msvcp140.dll
0x00007ffb6a030000 - 0x00007ffb6ac92000 	c:\Users\papth\.vscode\extensions\redhat.java-1.33.0-win32-x64\jre\17.0.11-win32-x86_64\bin\server\jvm.dll
0x00007ffc24910000 - 0x00007ffc249c2000 	C:\WINDOWS\System32\ADVAPI32.dll
0x00007ffc24730000 - 0x00007ffc247d9000 	C:\WINDOWS\System32\sechost.dll
0x00007ffc22530000 - 0x00007ffc22558000 	C:\WINDOWS\System32\bcrypt.dll
0x00007ffc23fd0000 - 0x00007ffc240e4000 	C:\WINDOWS\System32\RPCRT4.dll
0x00007ffc21af0000 - 0x00007ffc21b3d000 	C:\WINDOWS\SYSTEM32\POWRPROF.dll
0x00007ffc1ab20000 - 0x00007ffc1ab29000 	C:\WINDOWS\SYSTEM32\WSOCK32.dll
0x00007ffc23b80000 - 0x00007ffc23bf1000 	C:\WINDOWS\System32\WS2_32.dll
0x00007ffc130d0000 - 0x00007ffc130da000 	C:\WINDOWS\SYSTEM32\VERSION.dll
0x00007ffc1a1a0000 - 0x00007ffc1a1d4000 	C:\WINDOWS\SYSTEM32\WINMM.dll
0x00007ffc21ad0000 - 0x00007ffc21ae3000 	C:\WINDOWS\SYSTEM32\UMPDC.dll
0x00007ffc21360000 - 0x00007ffc21378000 	C:\WINDOWS\SYSTEM32\kernel.appcore.dll
0x00007ffc11aa0000 - 0x00007ffc11aaa000 	c:\Users\papth\.vscode\extensions\redhat.java-1.33.0-win32-x64\jre\17.0.11-win32-x86_64\bin\jimage.dll
0x00007ffc1fbf0000 - 0x00007ffc1fe22000 	C:\WINDOWS\SYSTEM32\DBGHELP.DLL
0x00007ffc242c0000 - 0x00007ffc2464d000 	C:\WINDOWS\System32\combase.dll
0x00007ffc23a70000 - 0x00007ffc23b47000 	C:\WINDOWS\System32\OLEAUT32.dll
0x00007ffc13090000 - 0x00007ffc130c2000 	C:\WINDOWS\SYSTEM32\dbgcore.DLL
0x00007ffc22d00000 - 0x00007ffc22d7b000 	C:\WINDOWS\System32\bcryptPrimitives.dll
0x00007ffc11800000 - 0x00007ffc1180e000 	c:\Users\papth\.vscode\extensions\redhat.java-1.33.0-win32-x64\jre\17.0.11-win32-x86_64\bin\instrument.dll
0x00007ffbd7760000 - 0x00007ffbd7785000 	c:\Users\papth\.vscode\extensions\redhat.java-1.33.0-win32-x64\jre\17.0.11-win32-x86_64\bin\java.dll
0x00007ffbd7c90000 - 0x00007ffbd7ca8000 	c:\Users\papth\.vscode\extensions\redhat.java-1.33.0-win32-x64\jre\17.0.11-win32-x86_64\bin\zip.dll
0x00007ffc22d80000 - 0x00007ffc235e8000 	C:\WINDOWS\System32\SHELL32.dll
0x00007ffc20270000 - 0x00007ffc20b6e000 	C:\WINDOWS\SYSTEM32\windows.storage.dll
0x00007ffc20130000 - 0x00007ffc2026f000 	C:\WINDOWS\SYSTEM32\wintypes.dll
0x00007ffc24f10000 - 0x00007ffc25009000 	C:\WINDOWS\System32\SHCORE.dll
0x00007ffc24830000 - 0x00007ffc2488e000 	C:\WINDOWS\System32\shlwapi.dll
0x00007ffc222a0000 - 0x00007ffc222c1000 	C:\WINDOWS\SYSTEM32\profapi.dll
0x00007ffbd79d0000 - 0x00007ffbd79e9000 	C:\Users\papth\.vscode\extensions\redhat.java-1.33.0-win32-x64\jre\17.0.11-win32-x86_64\bin\net.dll
0x00007ffc1a5a0000 - 0x00007ffc1a6d6000 	C:\WINDOWS\SYSTEM32\WINHTTP.dll
0x00007ffc217c0000 - 0x00007ffc21829000 	C:\WINDOWS\system32\mswsock.dll
0x00007ffbd7530000 - 0x00007ffbd7546000 	C:\Users\papth\.vscode\extensions\redhat.java-1.33.0-win32-x64\jre\17.0.11-win32-x86_64\bin\nio.dll
0x00007ffc007d0000 - 0x00007ffc007e0000 	c:\Users\papth\.vscode\extensions\redhat.java-1.33.0-win32-x64\jre\17.0.11-win32-x86_64\bin\verify.dll
0x00007ffbd5760000 - 0x00007ffbd57a5000 	C:\Users\papth\AppData\Roaming\Code\User\globalStorage\redhat.java\1.33.0\config_ss_win\org.eclipse.equinox.launcher\org.eclipse.equinox.launcher.win32.win32.x86_64_1.2.1100.v20240722-2106\eclipse_11904.dll
0x00007ffc24d40000 - 0x00007ffc24ee5000 	C:\WINDOWS\System32\ole32.dll
0x00007ffc21bd0000 - 0x00007ffc21beb000 	C:\WINDOWS\SYSTEM32\CRYPTSP.dll
0x00007ffc212c0000 - 0x00007ffc212f5000 	C:\WINDOWS\system32\rsaenh.dll
0x00007ffc21860000 - 0x00007ffc21888000 	C:\WINDOWS\SYSTEM32\USERENV.dll
0x00007ffc219c0000 - 0x00007ffc219cc000 	C:\WINDOWS\SYSTEM32\CRYPTBASE.dll
0x00007ffc20dd0000 - 0x00007ffc20dfd000 	C:\WINDOWS\SYSTEM32\IPHLPAPI.DLL
0x00007ffc247e0000 - 0x00007ffc247e9000 	C:\WINDOWS\System32\NSI.dll
0x00007ffc1a520000 - 0x00007ffc1a539000 	C:\WINDOWS\SYSTEM32\dhcpcsvc6.DLL
0x00007ffc1a500000 - 0x00007ffc1a51f000 	C:\WINDOWS\SYSTEM32\dhcpcsvc.DLL
0x00007ffc20e40000 - 0x00007ffc20f38000 	C:\WINDOWS\SYSTEM32\DNSAPI.dll
0x00007ffbd7a20000 - 0x00007ffbd7a65000 	C:\Users\papth\AppData\Local\Temp\jna-106435411\jna5858295359541101875.dll
0x00007ffc24200000 - 0x00007ffc24208000 	C:\WINDOWS\System32\PSAPI.DLL

dbghelp: loaded successfully - version: 4.0.5 - missing functions: none
symbol engine: initialized successfully - sym options: 0x614 - pdb path: .;c:\Users\papth\.vscode\extensions\redhat.java-1.33.0-win32-x64\jre\17.0.11-win32-x86_64\bin;C:\WINDOWS\SYSTEM32;C:\WINDOWS\WinSxS\amd64_microsoft.windows.common-controls_6595b64144ccf1df_6.0.22621.3672_none_2713b9d173822955;c:\Users\papth\.vscode\extensions\redhat.java-1.33.0-win32-x64\jre\17.0.11-win32-x86_64\bin\server;C:\Users\papth\AppData\Roaming\Code\User\globalStorage\redhat.java\1.33.0\config_ss_win\org.eclipse.equinox.launcher\org.eclipse.equinox.launcher.win32.win32.x86_64_1.2.1100.v20240722-2106;C:\Users\papth\AppData\Local\Temp\jna-106435411

VM Arguments:
jvm_args: --add-modules=ALL-SYSTEM --add-opens=java.base/java.util=ALL-UNNAMED --add-opens=java.base/java.lang=ALL-UNNAMED --add-opens=java.base/sun.nio.fs=ALL-UNNAMED -Declipse.application=org.eclipse.jdt.ls.core.id1 -Dosgi.bundles.defaultStartLevel=4 -Declipse.product=org.eclipse.jdt.ls.core.product -Djava.import.generatesMetadataFilesAtProjectRoot=false -DDetectVMInstallationsJob.disabled=true -Dfile.encoding=utf8 -XX:+UseParallelGC -XX:GCTimeRatio=4 -XX:AdaptiveSizePolicyWeight=90 -Dsun.zip.disableMemoryMapping=true -Xmx1G -Xms100m -Xlog:disable -javaagent:c:\Users\papth\.vscode\extensions\redhat.java-1.33.0-win32-x64\lombok\lombok-1.18.33.jar 
java_command: c:\Users\papth\.vscode\extensions\redhat.java-1.33.0-win32-x64\server\plugins\org.eclipse.equinox.launcher_1.6.900.v20240613-2009.jar -configuration c:\Users\papth\AppData\Roaming\Code\User\globalStorage\redhat.java\1.33.0\config_ss_win -data c:\Users\papth\AppData\Roaming\Code\User\workspaceStorage\5c05168c5aa2c9692861d3fc907bc7d4\redhat.java\ss_ws --pipe=\\.\pipe\lsp-5c0d6423ef065b922a252c59b1ac4478-sock
java_class_path (initial): c:\Users\papth\.vscode\extensions\redhat.java-1.33.0-win32-x64\server\plugins\org.eclipse.equinox.launcher_1.6.900.v20240613-2009.jar
Launcher Type: SUN_STANDARD

[Global flags]
    uintx AdaptiveSizePolicyWeight                 = 90                                        {product} {command line}
     intx CICompilerCount                          = 4                                         {product} {ergonomic}
    uintx GCTimeRatio                              = 4                                         {product} {command line}
   size_t InitialHeapSize                          = 104857600                                 {product} {command line}
   size_t MaxHeapSize                              = 1073741824                                {product} {command line}
   size_t MaxNewSize                               = 357564416                                 {product} {ergonomic}
   size_t MinHeapDeltaBytes                        = 524288                                    {product} {ergonomic}
   size_t MinHeapSize                              = 104857600                                 {product} {command line}
   size_t NewSize                                  = 34603008                                  {product} {ergonomic}
    uintx NonNMethodCodeHeapSize                   = 5839372                                {pd product} {ergonomic}
    uintx NonProfiledCodeHeapSize                  = 122909434                              {pd product} {ergonomic}
   size_t OldSize                                  = 70254592                                  {product} {ergonomic}
    uintx ProfiledCodeHeapSize                     = 122909434                              {pd product} {ergonomic}
    uintx ReservedCodeCacheSize                    = 251658240                              {pd product} {ergonomic}
     bool SegmentedCodeCache                       = true                                      {product} {ergonomic}
   size_t SoftMaxHeapSize                          = 1073741824                             {manageable} {ergonomic}
     bool UseCompressedClassPointers               = true                           {product lp64_product} {ergonomic}
     bool UseCompressedOops                        = true                           {product lp64_product} {ergonomic}
     bool UseLargePagesIndividualAllocation        = false                                  {pd product} {ergonomic}
     bool UseParallelGC                            = true                                      {product} {command line}

Logging:
Log output configuration:
 #0: stdout all=off uptime,level,tags
 #1: stderr all=off uptime,level,tags

Environment Variables:
JAVA_HOME=C:\LAB-TOOLS\JDK\jdk-17.0.6
PATH=C:\Python311\Scripts\;C:\Python311\;C:\LAB-TOOLS\JDK\jdk-17.0.6\bin;C:\Program Files\Microsoft\jdk-11.0.12.7-hotspot\bin;C:\Program Files\AdoptOpenJDK\jdk-11.0.9.101-hotspot\bin;C:\Program Files (x86)\Common Files\Oracle\Java\javapath;C:\windows\system32;C:\windows;C:\windows\System32\Wbem;C:\windows\System32\WindowsPowerShell\v1.0\;C:\windows\System32\OpenSSH\;C:\Program Files (x86)\NVIDIA Corporation\PhysX\Common;C:\Program Files\NVIDIA Corporation\NVIDIA NvDLISR;C:\Program Files (x86)\Wolfram Research\WolframScript\;C:\WINDOWS\system32;C:\WINDOWS;C:\WINDOWS\System32\Wbem;C:\WINDOWS\System32\WindowsPowerShell\v1.0\;C:\WINDOWS\System32\OpenSSH\;C:\Program Files\MATLAB\R2020a\runtime\win64;C:\Program Files\MATLAB\R2020a\bin;C:\Program Files\OpenVPN\bin;C:\Program Files\Git\cmd;C:\Program Files\Git\usr\bin;C:\Program Files\Microsoft SQL Server\150\Tools\Binn\;C:\Program Files\dotnet\;C:\MinGW\mingw32\bin;C:\WINDOWS\system32;C:\WINDOWS;C:\WINDOWS\System32\Wbem;C:\WINDOWS\System32\WindowsPowerShell\v1.0\;C:\Program Files\nodejs;C:\ProgramData\chocolatey\bin;C:\Program Files\Docker\Docker\resources\bin;C:\WINDOWS\System32\OpenSSH\;C:\LAB-TOOLS\apache-maven-3.9.6-bin\apache-maven-3.9.6\bin;C:\Program Files\PowerShell\7-preview\preview;C:\Program Files\HP\HP One Agent;C:\Program Files\PowerShell\7\;C:\Users\papth\scoop\shims;C:\dev\flutter\bin;C:\Users\papth\AppData\Local\Microsoft\WindowsApps;C:\Users\papth\AppData\Local\GitHubDesktop\bin;C:\Users\papth\AppData\Local\Microsoft\WindowsApps;C:\Users\papth\AppData\Local\atom\bin;C:\Users\papth\.dotnet\tools;C:\Users\papth\AppData\Roaming\npm;C:\dev\android-sdk\platform-tools;C:\Program Files\nodejs;C:\Users\papth\AppData\Local\Programs\Microsoft VS Code\bin;C:\Users\papth\AppData\Roaming\Python\Python311\Scripts;C:\Users\papth\AppData\Local\Google\Cloud SDK\google-cloud-sdk\bin
USERNAME=papth
OS=Windows_NT
PROCESSOR_IDENTIFIER=Intel64 Family 6 Model 142 Stepping 12, GenuineIntel
TMP=C:\Users\papth\AppData\Local\Temp
TEMP=C:\Users\papth\AppData\Local\Temp



Periodic native trim disabled


---------------  S Y S T E M  ---------------

OS:
 Windows 11 , 64 bit Build 22621 (10.0.22621.3958)
OS uptime: 0 days 13:23 hours
Hyper-V role detected

CPU: total 8 (initial active 8) (4 cores per cpu, 2 threads per core) family 6 model 142 stepping 12 microcode 0xde, cx8, cmov, fxsr, ht, mmx, 3dnowpref, sse, sse2, sse3, ssse3, sse4.1, sse4.2, popcnt, lzcnt, tsc, tscinvbit, avx, avx2, aes, erms, clmul, bmi1, bmi2, adx, fma, vzeroupper, clflush, clflushopt, hv
Processor Information for all 8 processors :
  Max Mhz: 2304, Current Mhz: 1803, Mhz Limit: 1797

Memory: 4k page, system-wide physical 16187M (6296M free)
TotalPageFile size 16187M (AvailPageFile size 4M)
current process WorkingSet (physical memory assigned to process): 166M, peak: 166M
current process commit charge ("private bytes"): 261M, peak: 262M

vm_info: OpenJDK 64-Bit Server VM (17.0.11+9) for windows-amd64 JRE (17.0.11+9), built on Apr 17 2024 06:07:48 by "admin" with MS VC++ 16.10 / 16.11 (VS2019)

END.
