#
# There is insufficient memory for the Java Runtime Environment to continue.
# Native memory allocation (malloc) failed to allocate 1304816 bytes. Error detail: Chunk::new
# Possible reasons:
#   The system is out of physical RAM or swap space
#   This process is running with CompressedOops enabled, and the Java Heap may be blocking the growth of the native heap
# Possible solutions:
#   Reduce memory load on the system
#   Increase physical memory or swap space
#   Check if swap backing store is full
#   Decrease Java heap size (-Xmx/-Xms)
#   Decrease number of Java threads
#   Decrease Java thread stack sizes (-Xss)
#   Set larger code cache with -XX:ReservedCodeCacheSize=
#   JVM is running with Unscaled Compressed Oops mode in which the Java heap is
#     placed in the first 4GB address space. The Java Heap base address is the
#     maximum limit for the native heap growth. Please use -XX:HeapBaseMinAddress
#     to set the Java Heap base and to place the Java Heap above 4GB virtual address.
# This output file may be truncated or incomplete.
#
#  Out of Memory Error (arena.cpp:191), pid=22148, tid=16596
#
# JRE version: OpenJDK Runtime Environment Temurin-17.0.11+9 (17.0.11+9) (build 17.0.11+9)
# Java VM: OpenJDK 64-Bit Server VM Temurin-17.0.11+9 (17.0.11+9, mixed mode, tiered, compressed oops, compressed class ptrs, parallel gc, windows-amd64)
# No core dump will be written. Minidumps are not enabled by default on client versions of Windows
#

---------------  S U M M A R Y ------------

Command Line: --add-modules=ALL-SYSTEM --add-opens=java.base/java.util=ALL-UNNAMED --add-opens=java.base/java.lang=ALL-UNNAMED --add-opens=java.base/sun.nio.fs=ALL-UNNAMED -Declipse.application=org.eclipse.jdt.ls.core.id1 -Dosgi.bundles.defaultStartLevel=4 -Declipse.product=org.eclipse.jdt.ls.core.product -Djava.import.generatesMetadataFilesAtProjectRoot=false -DDetectVMInstallationsJob.disabled=true -Dfile.encoding=utf8 -XX:+UseParallelGC -XX:GCTimeRatio=4 -XX:AdaptiveSizePolicyWeight=90 -Dsun.zip.disableMemoryMapping=true -Xmx1G -Xms100m -Xlog:disable -javaagent:c:\Users\papth\.vscode\extensions\redhat.java-1.33.0-win32-x64\lombok\lombok-1.18.33.jar -XX:+HeapDumpOnOutOfMemoryError -XX:HeapDumpPath=c:\Users\papth\AppData\Roaming\Code\User\workspaceStorage\5c05168c5aa2c9692861d3fc907bc7d4\redhat.java -Daether.dependencyCollector.impl=bf c:\Users\papth\.vscode\extensions\redhat.java-1.33.0-win32-x64\server\plugins\org.eclipse.equinox.launcher_1.6.900.v20240613-2009.jar -configuration c:\Users\papth\AppData\Roaming\Code\User\globalStorage\redhat.java\1.33.0\config_win -data c:\Users\papth\AppData\Roaming\Code\User\workspaceStorage\5c05168c5aa2c9692861d3fc907bc7d4\redhat.java\jdt_ws --pipe=\\.\pipe\lsp-a2523459caf2c379000f80544a41fbb4-sock

Host: Intel(R) Core(TM) i7-10510U CPU @ 1.80GHz, 8 cores, 15G,  Windows 11 , 64 bit Build 22621 (10.0.22621.3672)
Time: Fri Aug 16 03:59:52 2024  Windows 11 , 64 bit Build 22621 (10.0.22621.3672) elapsed time: 14.884820 seconds (0d 0h 0m 14s)

---------------  T H R E A D  ---------------

Current thread (0x000001c4fadcdf50):  JavaThread "C2 CompilerThread2" daemon [_thread_in_native, id=16596, stack(0x0000004769200000,0x0000004769300000)]


Current CompileTask:
C2:  14884 10616   !   4       org.eclipse.jdt.internal.core.search.indexing.BinaryIndexer::indexDocument (1157 bytes)

Stack: [0x0000004769200000,0x0000004769300000]
Native frames: (J=compiled Java code, j=interpreted, Vv=VM code, C=native code)
V  [jvm.dll+0x67d429]
V  [jvm.dll+0x834b7a]
V  [jvm.dll+0x83663e]
V  [jvm.dll+0x836ca3]
V  [jvm.dll+0x247dbf]
V  [jvm.dll+0xac534]
V  [jvm.dll+0xacb7c]
V  [jvm.dll+0x2af2cf]
V  [jvm.dll+0x5848b7]
V  [jvm.dll+0x222d82]
V  [jvm.dll+0x22317f]
V  [jvm.dll+0x21c2a0]
V  [jvm.dll+0x2197a1]
V  [jvm.dll+0x1a534d]
V  [jvm.dll+0x2295cd]
V  [jvm.dll+0x22779c]
V  [jvm.dll+0x7e9d07]
V  [jvm.dll+0x7e410a]
V  [jvm.dll+0x67c315]
C  [ucrtbase.dll+0x29333]
C  [KERNEL32.DLL+0x1257d]
C  [ntdll.dll+0x5af28]


---------------  P R O C E S S  ---------------

Threads class SMR info:
_java_thread_list=0x000001c4f96fa6e0, length=58, elements={
0x000001c4dcce5020, 0x000001c4f0b63020, 0x000001c4f0b662b0, 0x000001c4f5c23ac0,
0x000001c4f5c24490, 0x000001c4f5c25700, 0x000001c4f5c58530, 0x000001c4f5c59d40,
0x000001c4f5c5ce00, 0x000001c4f5c6fee0, 0x000001c4f5d4fb40, 0x000001c4f5f25b60,
0x000001c4f75ce400, 0x000001c4f75a0da0, 0x000001c4f75a7c40, 0x000001c4f78e1b00,
0x000001c4f7b465b0, 0x000001c4f7eba4a0, 0x000001c4f7ebc300, 0x000001c4f7eb9060,
0x000001c4f7ebb3d0, 0x000001c4f7ebb8e0, 0x000001c4f7ebbdf0, 0x000001c4f7eba9b0,
0x000001c4f7ebaec0, 0x000001c4f7eb9570, 0x000001c4f7eb9a80, 0x000001c4f8258670,
0x000001c4f8255df0, 0x000001c4f82553d0, 0x000001c4f82558e0, 0x000001c4f8258b80,
0x000001c4f8253f90, 0x000001c4f82544a0, 0x000001c4f8256810, 0x000001c4f8256d20,
0x000001c4f8253060, 0x000001c4f82595a0, 0x000001c4f8259ab0, 0x000001c4f8253a80,
0x000001c4f8257230, 0x000001c4f8256300, 0x000001c4f8259fc0, 0x000001c4f82549b0,
0x000001c4f8257740, 0x000001c4f8257c50, 0x000001c4f8258160, 0x000001c4f825a4d0,
0x000001c4f825a9e0, 0x000001c4f8253570, 0x000001c4fb591840, 0x000001c4fb592c80,
0x000001c4fb592260, 0x000001c4fb595f20, 0x000001c4fb593190, 0x000001c4fb5945d0,
0x000001c4fadcda00, 0x000001c4fadcdf50
}

Java Threads: ( => current thread )
  0x000001c4dcce5020 JavaThread "main" [_thread_blocked, id=3936, stack(0x0000004767100000,0x0000004767200000)]
  0x000001c4f0b63020 JavaThread "Reference Handler" daemon [_thread_blocked, id=17780, stack(0x0000004767400000,0x0000004767500000)]
  0x000001c4f0b662b0 JavaThread "Finalizer" daemon [_thread_blocked, id=10676, stack(0x0000004767500000,0x0000004767600000)]
  0x000001c4f5c23ac0 JavaThread "Signal Dispatcher" daemon [_thread_blocked, id=3656, stack(0x0000004767600000,0x0000004767700000)]
  0x000001c4f5c24490 JavaThread "Attach Listener" daemon [_thread_blocked, id=10844, stack(0x0000004767700000,0x0000004767800000)]
  0x000001c4f5c25700 JavaThread "Service Thread" daemon [_thread_blocked, id=18088, stack(0x0000004767800000,0x0000004767900000)]
  0x000001c4f5c58530 JavaThread "Monitor Deflation Thread" daemon [_thread_blocked, id=5728, stack(0x0000004767900000,0x0000004767a00000)]
  0x000001c4f5c59d40 JavaThread "C2 CompilerThread0" daemon [_thread_blocked, id=21756, stack(0x0000004767a00000,0x0000004767b00000)]
  0x000001c4f5c5ce00 JavaThread "C1 CompilerThread0" daemon [_thread_blocked, id=7232, stack(0x0000004767b00000,0x0000004767c00000)]
  0x000001c4f5c6fee0 JavaThread "Sweeper thread" daemon [_thread_blocked, id=16096, stack(0x0000004767c00000,0x0000004767d00000)]
  0x000001c4f5d4fb40 JavaThread "Common-Cleaner" daemon [_thread_blocked, id=15764, stack(0x0000004767d00000,0x0000004767e00000)]
  0x000001c4f5f25b60 JavaThread "Notification Thread" daemon [_thread_blocked, id=16756, stack(0x0000004767f00000,0x0000004768000000)]
  0x000001c4f75ce400 JavaThread "Active Thread: Equinox Container: dc37c97c-441d-4d15-bf9f-630afa212797" [_thread_blocked, id=7456, stack(0x0000004768800000,0x0000004768900000)]
  0x000001c4f75a0da0 JavaThread "Framework Event Dispatcher: Equinox Container: dc37c97c-441d-4d15-bf9f-630afa212797" daemon [_thread_blocked, id=18344, stack(0x0000004768900000,0x0000004768a00000)]
  0x000001c4f75a7c40 JavaThread "Start Level: Equinox Container: dc37c97c-441d-4d15-bf9f-630afa212797" daemon [_thread_blocked, id=13700, stack(0x0000004768a00000,0x0000004768b00000)]
  0x000001c4f78e1b00 JavaThread "Bundle File Closer" daemon [_thread_blocked, id=3332, stack(0x0000004768c00000,0x0000004768d00000)]
  0x000001c4f7b465b0 JavaThread "SCR Component Actor" daemon [_thread_blocked, id=21084, stack(0x0000004768d00000,0x0000004768e00000)]
  0x000001c4f7eba4a0 JavaThread "Worker-JM" [_thread_blocked, id=12772, stack(0x0000004768100000,0x0000004768200000)]
  0x000001c4f7ebc300 JavaThread "JNA Cleaner" daemon [_thread_blocked, id=19144, stack(0x0000004768f00000,0x0000004769000000)]
  0x000001c4f7eb9060 JavaThread "Worker-0" [_thread_blocked, id=12656, stack(0x0000004769000000,0x0000004769100000)]
  0x000001c4f7ebb3d0 JavaThread "Worker-1" [_thread_blocked, id=14656, stack(0x0000004769100000,0x0000004769200000)]
  0x000001c4f7ebb8e0 JavaThread "Java indexing" daemon [_thread_blocked, id=14716, stack(0x0000004769300000,0x0000004769400000)]
  0x000001c4f7ebbdf0 JavaThread "Thread-2" daemon [_thread_in_native, id=13732, stack(0x0000004769400000,0x0000004769500000)]
  0x000001c4f7eba9b0 JavaThread "Thread-3" daemon [_thread_in_native, id=17280, stack(0x0000004769500000,0x0000004769600000)]
  0x000001c4f7ebaec0 JavaThread "Thread-4" daemon [_thread_in_native, id=13472, stack(0x0000004769600000,0x0000004769700000)]
  0x000001c4f7eb9570 JavaThread "Thread-5" daemon [_thread_in_native, id=6416, stack(0x0000004769700000,0x0000004769800000)]
  0x000001c4f7eb9a80 JavaThread "Thread-6" daemon [_thread_in_native, id=12468, stack(0x0000004769800000,0x0000004769900000)]
  0x000001c4f8258670 JavaThread "Thread-7" daemon [_thread_in_native, id=17748, stack(0x0000004769900000,0x0000004769a00000)]
  0x000001c4f8255df0 JavaThread "Thread-8" daemon [_thread_in_native, id=21620, stack(0x0000004769a00000,0x0000004769b00000)]
  0x000001c4f82553d0 JavaThread "Thread-9" daemon [_thread_in_native, id=3192, stack(0x0000004769b00000,0x0000004769c00000)]
  0x000001c4f82558e0 JavaThread "Thread-10" daemon [_thread_in_native, id=6680, stack(0x0000004769c00000,0x0000004769d00000)]
  0x000001c4f8258b80 JavaThread "pool-2-thread-1" [_thread_blocked, id=9076, stack(0x0000004769d00000,0x0000004769e00000)]
  0x000001c4f8253f90 JavaThread "WorkspaceEventsHandler" [_thread_blocked, id=22080, stack(0x0000004769e00000,0x0000004769f00000)]
  0x000001c4f82544a0 JavaThread "pool-1-thread-1" [_thread_blocked, id=6768, stack(0x0000004769f00000,0x000000476a000000)]
  0x000001c4f8256810 JavaThread "Worker-2: Java indexing... " [_thread_blocked, id=5124, stack(0x000000476a000000,0x000000476a100000)]
  0x000001c4f8256d20 JavaThread "Worker-3" [_thread_blocked, id=8224, stack(0x000000476a100000,0x000000476a200000)]
  0x000001c4f8253060 JavaThread "Worker-4" [_thread_blocked, id=18620, stack(0x000000476a200000,0x000000476a300000)]
  0x000001c4f82595a0 JavaThread "Compiler Source File Reader" daemon [_thread_blocked, id=11384, stack(0x0000004768e00000,0x0000004768f00000)]
  0x000001c4f8259ab0 JavaThread "Compiler Source File Reader" daemon [_thread_blocked, id=12900, stack(0x000000476a300000,0x000000476a400000)]
  0x000001c4f8253a80 JavaThread "Compiler Source File Reader" daemon [_thread_blocked, id=10968, stack(0x000000476a400000,0x000000476a500000)]
  0x000001c4f8257230 JavaThread "Compiler Source File Reader" daemon [_thread_blocked, id=7804, stack(0x000000476a500000,0x000000476a600000)]
  0x000001c4f8256300 JavaThread "Compiler Source File Reader" daemon [_thread_blocked, id=12536, stack(0x000000476a600000,0x000000476a700000)]
  0x000001c4f8259fc0 JavaThread "Compiler Source File Reader" daemon [_thread_blocked, id=12008, stack(0x000000476a700000,0x000000476a800000)]
  0x000001c4f82549b0 JavaThread "ForkJoinPool.commonPool-worker-1" daemon [_thread_blocked, id=9728, stack(0x000000476a800000,0x000000476a900000)]
  0x000001c4f8257740 JavaThread "ForkJoinPool.commonPool-worker-2" daemon [_thread_blocked, id=6100, stack(0x000000476a900000,0x000000476aa00000)]
  0x000001c4f8257c50 JavaThread "ForkJoinPool.commonPool-worker-3" daemon [_thread_blocked, id=10800, stack(0x000000476aa00000,0x000000476ab00000)]
  0x000001c4f8258160 JavaThread "ForkJoinPool.commonPool-worker-4" daemon [_thread_blocked, id=14076, stack(0x000000476ab00000,0x000000476ac00000)]
  0x000001c4f825a4d0 JavaThread "ForkJoinPool.commonPool-worker-5" daemon [_thread_blocked, id=6772, stack(0x000000476ac00000,0x000000476ad00000)]
  0x000001c4f825a9e0 JavaThread "ForkJoinPool.commonPool-worker-6" daemon [_thread_blocked, id=19088, stack(0x000000476ad00000,0x000000476ae00000)]
  0x000001c4f8253570 JavaThread "ForkJoinPool.commonPool-worker-7" daemon [_thread_blocked, id=22340, stack(0x000000476ae00000,0x000000476af00000)]
  0x000001c4fb591840 JavaThread "Compiler Processing Task" daemon [_thread_blocked, id=15980, stack(0x000000476af00000,0x000000476b000000)]
  0x000001c4fb592c80 JavaThread "Worker-5" [_thread_blocked, id=14100, stack(0x000000476b000000,0x000000476b100000)]
  0x000001c4fb592260 JavaThread "Worker-6" [_thread_blocked, id=19440, stack(0x000000476b100000,0x000000476b200000)]
  0x000001c4fb595f20 JavaThread "Worker-7" [_thread_blocked, id=13416, stack(0x000000476b200000,0x000000476b300000)]
  0x000001c4fb593190 JavaThread "SCR Component Registry" daemon [_thread_blocked, id=14864, stack(0x000000476b300000,0x000000476b400000)]
  0x000001c4fb5945d0 JavaThread "Cleaner-0" daemon [_thread_blocked, id=14984, stack(0x000000476b900000,0x000000476ba00000)]
  0x000001c4fadcda00 JavaThread "C2 CompilerThread1" daemon [_thread_blocked, id=12364, stack(0x0000004767e00000,0x0000004767f00000)]
=>0x000001c4fadcdf50 JavaThread "C2 CompilerThread2" daemon [_thread_in_native, id=16596, stack(0x0000004769200000,0x0000004769300000)]

Other Threads:
  0x000001c4dcd8e930 VMThread "VM Thread" [stack: 0x0000004767300000,0x0000004767400000] [id=15340]
  0x000001c4f5f44890 WatcherThread [stack: 0x0000004768000000,0x0000004768100000] [id=6868]
  0x000001c4dccf3050 GCTaskThread "GC Thread#0" [stack: 0x0000004767200000,0x0000004767300000] [id=15776]
  0x000001c4f6f62da0 GCTaskThread "GC Thread#1" [stack: 0x0000004768200000,0x0000004768300000] [id=10880]
  0x000001c4f6f63060 GCTaskThread "GC Thread#2" [stack: 0x0000004768300000,0x0000004768400000] [id=10600]
  0x000001c4f6f61fb0 GCTaskThread "GC Thread#3" [stack: 0x0000004768400000,0x0000004768500000] [id=14376]
  0x000001c4f6f62270 GCTaskThread "GC Thread#4" [stack: 0x0000004768500000,0x0000004768600000] [id=21484]
  0x000001c4f6f62530 GCTaskThread "GC Thread#5" [stack: 0x0000004768600000,0x0000004768700000] [id=9020]
  0x000001c4f70335a0 GCTaskThread "GC Thread#6" [stack: 0x0000004768700000,0x0000004768800000] [id=3808]
  0x000001c4dab6e830 GCTaskThread "GC Thread#7" [stack: 0x0000004768b00000,0x0000004768c00000] [id=8080]

Threads with active compile tasks:
C2 CompilerThread2    14901 10616   !   4       org.eclipse.jdt.internal.core.search.indexing.BinaryIndexer::indexDocument (1157 bytes)

VM state: not at safepoint (normal execution)

VM Mutex/Monitor currently owned by a thread: None

Heap address: 0x00000000c0000000, size: 1024 MB, Compressed Oops mode: 32-bit

CDS archive(s) not mapped
Compressed class space mapped at: 0x0000000100000000-0x0000000140000000, reserved size: 1073741824
Narrow klass base: 0x0000000000000000, Narrow klass shift: 3, Narrow klass range: 0x140000000

GC Precious Log:
 CPUs: 8 total, 8 available
 Memory: 16187M
 Large Page Support: Disabled
 NUMA Support: Disabled
 Compressed Oops: Enabled (32-bit)
 Alignments: Space 512K, Generation 512K, Heap 2M
 Heap Min Capacity: 100M
 Heap Initial Capacity: 100M
 Heap Max Capacity: 1G
 Pre-touch: Disabled
 Parallel Workers: 8

Heap:
 PSYoungGen      total 26112K, used 14339K [0x00000000eab00000, 0x00000000ecd80000, 0x0000000100000000)
  eden space 17920K, 66% used [0x00000000eab00000,0x00000000eb6a0868,0x00000000ebc80000)
  from space 8192K, 29% used [0x00000000ebc80000,0x00000000ebee0518,0x00000000ec480000)
  to   space 7680K, 0% used [0x00000000ec600000,0x00000000ec600000,0x00000000ecd80000)
 ParOldGen       total 327168K, used 278597K [0x00000000c0000000, 0x00000000d3f80000, 0x00000000eab00000)
  object space 327168K, 85% used [0x00000000c0000000,0x00000000d10116e0,0x00000000d3f80000)
 Metaspace       used 73179K, committed 74496K, reserved 1179648K
  class space    used 7673K, committed 8256K, reserved 1048576K

Card table byte_map: [0x000001c4dc670000,0x000001c4dc880000] _byte_map_base: 0x000001c4dc070000

Marking Bits: (ParMarkBitMap*) 0x00007ffcdf64d820
 Begin Bits: [0x000001c4ee970000, 0x000001c4ef970000)
 End Bits:   [0x000001c4ef970000, 0x000001c4f0970000)

Polling page: 0x000001c4dac30000

Metaspace:

Usage:
  Non-class:     63.97 MB used.
      Class:      7.49 MB used.
       Both:     71.46 MB used.

Virtual space:
  Non-class space:      128.00 MB reserved,      64.69 MB ( 51%) committed,  2 nodes.
      Class space:        1.00 GB reserved,       8.06 MB ( <1%) committed,  1 nodes.
             Both:        1.12 GB reserved,      72.75 MB (  6%) committed. 

Chunk freelists:
   Non-Class:  14.75 MB
       Class:  7.91 MB
        Both:  22.66 MB

MaxMetaspaceSize: unlimited
CompressedClassSpaceSize: 1.00 GB
Initial GC threshold: 21.00 MB
Current GC threshold: 121.25 MB
CDS: off
MetaspaceReclaimPolicy: balanced
 - commit_granule_bytes: 65536.
 - commit_granule_words: 8192.
 - virtual_space_node_default_size: 8388608.
 - enlarge_chunks_in_place: 1.
 - new_chunks_are_fully_committed: 0.
 - uncommit_free_chunks: 1.
 - use_allocation_guard: 0.
 - handle_deallocations: 1.


Internal statistics:

num_allocs_failed_limit: 6.
num_arena_births: 942.
num_arena_deaths: 18.
num_vsnodes_births: 3.
num_vsnodes_deaths: 0.
num_space_committed: 1164.
num_space_uncommitted: 0.
num_chunks_returned_to_freelist: 26.
num_chunks_taken_from_freelist: 3984.
num_chunk_merges: 7.
num_chunk_splits: 2471.
num_chunks_enlarged: 1459.
num_inconsistent_stats: 0.

CodeHeap 'non-profiled nmethods': size=120000Kb used=6085Kb max_used=6085Kb free=113915Kb
 bounds [0x000001c4e7440000, 0x000001c4e7a40000, 0x000001c4ee970000]
CodeHeap 'profiled nmethods': size=120000Kb used=18129Kb max_used=18129Kb free=101870Kb
 bounds [0x000001c4df970000, 0x000001c4e0b30000, 0x000001c4e6ea0000]
CodeHeap 'non-nmethods': size=5760Kb used=1390Kb max_used=1499Kb free=4369Kb
 bounds [0x000001c4e6ea0000, 0x000001c4e7110000, 0x000001c4e7440000]
 total_blobs=9781 nmethods=9036 adapters=657
 compilation: enabled
              stopped_count=0, restarted_count=0
 full_count=0

Compilation events (20 events):
Event: 14.396 Thread 0x000001c4f5c59d40 nmethod 10607 0x000001c4e7a26c10 code [0x000001c4e7a26ea0, 0x000001c4e7a29330]
Event: 14.396 Thread 0x000001c4f5c59d40 10608       4       java.net.URI::appendSchemeSpecificPart (185 bytes)
Event: 14.396 Thread 0x000001c4fadcda00 10609       4       java.net.URI::appendFragment (27 bytes)
Event: 14.396 Thread 0x000001c4fadcdf50 10610       4       java.net.URI::checkPath (38 bytes)
Event: 14.397 Thread 0x000001c4fadcda00 nmethod 10609 0x000001c4e7a2a890 code [0x000001c4e7a2aa00, 0x000001c4e7a2aa98]
Event: 14.397 Thread 0x000001c4fadcda00 10612       4       java.net.URI::<init> (51 bytes)
Event: 14.398 Thread 0x000001c4fadcdf50 nmethod 10610 0x000001c4e7a2ab90 code [0x000001c4e7a2ad20, 0x000001c4e7a2ae28]
Event: 14.398 Thread 0x000001c4fadcdf50 10611       4       java.net.URI::<init> (13 bytes)
Event: 14.400 Thread 0x000001c4fadcda00 nmethod 10612 0x000001c4e7a2af90 code [0x000001c4e7a2b140, 0x000001c4e7a2b3a8]
Event: 14.400 Thread 0x000001c4fadcda00 10613       4       java.net.URI::appendAuthority (269 bytes)
Event: 14.400 Thread 0x000001c4fadcda00 nmethod 10613 0x000001c4e7a2b690 code [0x000001c4e7a2b800, 0x000001c4e7a2b8b8]
Event: 14.401 Thread 0x000001c4fadcdf50 nmethod 10611 0x000001c4e7a2b990 code [0x000001c4e7a2bb40, 0x000001c4e7a2bda8]
Event: 14.410 Thread 0x000001c4f5c59d40 nmethod 10608 0x000001c4e7a2c090 code [0x000001c4e7a2c2a0, 0x000001c4e7a2d370]
Event: 14.436 Thread 0x000001c4f5c59d40 10614   !   4       org.eclipse.jdt.internal.core.search.JavaSearchDocument::getByteContents (41 bytes)
Event: 14.437 Thread 0x000001c4fadcdf50 10615   !   4       org.eclipse.jdt.internal.core.search.indexing.BinaryIndexer::toUri (51 bytes)
Event: 14.437 Thread 0x000001c4f5c59d40 nmethod 10614 0x000001c4e7a2de90 code [0x000001c4e7a2e000, 0x000001c4e7a2e098]
Event: 14.456 Thread 0x000001c4fadcdf50 nmethod 10615 0x000001c4e7a2e190 code [0x000001c4e7a2e3a0, 0x000001c4e7a2eee8]
Event: 14.493 Thread 0x000001c4fadcdf50 10616   !   4       org.eclipse.jdt.internal.core.search.indexing.BinaryIndexer::indexDocument (1157 bytes)
Event: 14.517 Thread 0x000001c4f5c59d40 10617   !   4       java.nio.file.Files::walkFileTree (297 bytes)
Event: 14.534 Thread 0x000001c4f5c59d40 nmethod 10617 0x000001c4e7a2f810 code [0x000001c4e7a2fa80, 0x000001c4e7a307e0]

GC Heap History (20 events):
Event: 14.416 GC heap before
{Heap before GC invocations=251 (full 11):
 PSYoungGen      total 13312K, used 12804K [0x00000000eab00000, 0x00000000ebd80000, 0x0000000100000000)
  eden space 9216K, 100% used [0x00000000eab00000,0x00000000eb400000,0x00000000eb400000)
  from space 4096K, 87% used [0x00000000eb980000,0x00000000ebd01288,0x00000000ebd80000)
  to   space 4608K, 0% used [0x00000000eb480000,0x00000000eb480000,0x00000000eb900000)
 ParOldGen       total 279040K, used 246232K [0x00000000c0000000, 0x00000000d1080000, 0x00000000eab00000)
  object space 279040K, 88% used [0x00000000c0000000,0x00000000cf0762f8,0x00000000d1080000)
 Metaspace       used 73179K, committed 74496K, reserved 1179648K
  class space    used 7673K, committed 8256K, reserved 1048576K
}
Event: 14.419 GC heap after
{Heap after GC invocations=251 (full 11):
 PSYoungGen      total 14336K, used 4595K [0x00000000eab00000, 0x00000000ec100000, 0x0000000100000000)
  eden space 9728K, 0% used [0x00000000eab00000,0x00000000eab00000,0x00000000eb480000)
  from space 4608K, 99% used [0x00000000eb480000,0x00000000eb8fcce0,0x00000000eb900000)
  to   space 6144K, 0% used [0x00000000ebb00000,0x00000000ebb00000,0x00000000ec100000)
 ParOldGen       total 279040K, used 247309K [0x00000000c0000000, 0x00000000d1080000, 0x00000000eab00000)
  object space 279040K, 88% used [0x00000000c0000000,0x00000000cf183660,0x00000000d1080000)
 Metaspace       used 73179K, committed 74496K, reserved 1179648K
  class space    used 7673K, committed 8256K, reserved 1048576K
}
Event: 14.443 GC heap before
{Heap before GC invocations=252 (full 11):
 PSYoungGen      total 14336K, used 14323K [0x00000000eab00000, 0x00000000ec100000, 0x0000000100000000)
  eden space 9728K, 100% used [0x00000000eab00000,0x00000000eb480000,0x00000000eb480000)
  from space 4608K, 99% used [0x00000000eb480000,0x00000000eb8fcce0,0x00000000eb900000)
  to   space 6144K, 0% used [0x00000000ebb00000,0x00000000ebb00000,0x00000000ec100000)
 ParOldGen       total 279040K, used 247309K [0x00000000c0000000, 0x00000000d1080000, 0x00000000eab00000)
  object space 279040K, 88% used [0x00000000c0000000,0x00000000cf183660,0x00000000d1080000)
 Metaspace       used 73179K, committed 74496K, reserved 1179648K
  class space    used 7673K, committed 8256K, reserved 1048576K
}
Event: 14.446 GC heap after
{Heap after GC invocations=252 (full 11):
 PSYoungGen      total 15360K, used 4126K [0x00000000eab00000, 0x00000000ebf80000, 0x0000000100000000)
  eden space 10752K, 0% used [0x00000000eab00000,0x00000000eab00000,0x00000000eb580000)
  from space 4608K, 89% used [0x00000000ebb00000,0x00000000ebf07a28,0x00000000ebf80000)
  to   space 5120K, 0% used [0x00000000eb580000,0x00000000eb580000,0x00000000eba80000)
 ParOldGen       total 279040K, used 250034K [0x00000000c0000000, 0x00000000d1080000, 0x00000000eab00000)
  object space 279040K, 89% used [0x00000000c0000000,0x00000000cf42c9e0,0x00000000d1080000)
 Metaspace       used 73179K, committed 74496K, reserved 1179648K
  class space    used 7673K, committed 8256K, reserved 1048576K
}
Event: 14.464 GC heap before
{Heap before GC invocations=253 (full 11):
 PSYoungGen      total 15360K, used 14878K [0x00000000eab00000, 0x00000000ebf80000, 0x0000000100000000)
  eden space 10752K, 100% used [0x00000000eab00000,0x00000000eb580000,0x00000000eb580000)
  from space 4608K, 89% used [0x00000000ebb00000,0x00000000ebf07a28,0x00000000ebf80000)
  to   space 5120K, 0% used [0x00000000eb580000,0x00000000eb580000,0x00000000eba80000)
 ParOldGen       total 279040K, used 250034K [0x00000000c0000000, 0x00000000d1080000, 0x00000000eab00000)
  object space 279040K, 89% used [0x00000000c0000000,0x00000000cf42c9e0,0x00000000d1080000)
 Metaspace       used 73179K, committed 74496K, reserved 1179648K
  class space    used 7673K, committed 8256K, reserved 1048576K
}
Event: 14.466 GC heap after
{Heap after GC invocations=253 (full 11):
 PSYoungGen      total 15872K, used 5099K [0x00000000eab00000, 0x00000000ec600000, 0x0000000100000000)
  eden space 10752K, 0% used [0x00000000eab00000,0x00000000eab00000,0x00000000eb580000)
  from space 5120K, 99% used [0x00000000eb580000,0x00000000eba7ac20,0x00000000eba80000)
  to   space 7680K, 0% used [0x00000000ebe80000,0x00000000ebe80000,0x00000000ec600000)
 ParOldGen       total 279040K, used 251929K [0x00000000c0000000, 0x00000000d1080000, 0x00000000eab00000)
  object space 279040K, 90% used [0x00000000c0000000,0x00000000cf6065f8,0x00000000d1080000)
 Metaspace       used 73179K, committed 74496K, reserved 1179648K
  class space    used 7673K, committed 8256K, reserved 1048576K
}
Event: 14.487 GC heap before
{Heap before GC invocations=254 (full 11):
 PSYoungGen      total 15872K, used 15851K [0x00000000eab00000, 0x00000000ec600000, 0x0000000100000000)
  eden space 10752K, 100% used [0x00000000eab00000,0x00000000eb580000,0x00000000eb580000)
  from space 5120K, 99% used [0x00000000eb580000,0x00000000eba7ac20,0x00000000eba80000)
  to   space 7680K, 0% used [0x00000000ebe80000,0x00000000ebe80000,0x00000000ec600000)
 ParOldGen       total 279040K, used 251929K [0x00000000c0000000, 0x00000000d1080000, 0x00000000eab00000)
  object space 279040K, 90% used [0x00000000c0000000,0x00000000cf6065f8,0x00000000d1080000)
 Metaspace       used 73179K, committed 74496K, reserved 1179648K
  class space    used 7673K, committed 8256K, reserved 1048576K
}
Event: 14.490 GC heap after
{Heap after GC invocations=254 (full 11):
 PSYoungGen      total 17408K, used 5049K [0x00000000eab00000, 0x00000000ec380000, 0x0000000100000000)
  eden space 12288K, 0% used [0x00000000eab00000,0x00000000eab00000,0x00000000eb700000)
  from space 5120K, 98% used [0x00000000ebe80000,0x00000000ec36e418,0x00000000ec380000)
  to   space 6144K, 0% used [0x00000000eb780000,0x00000000eb780000,0x00000000ebd80000)
 ParOldGen       total 279040K, used 254634K [0x00000000c0000000, 0x00000000d1080000, 0x00000000eab00000)
  object space 279040K, 91% used [0x00000000c0000000,0x00000000cf8aa8a8,0x00000000d1080000)
 Metaspace       used 73179K, committed 74496K, reserved 1179648K
  class space    used 7673K, committed 8256K, reserved 1048576K
}
Event: 14.520 GC heap before
{Heap before GC invocations=255 (full 11):
 PSYoungGen      total 17408K, used 17337K [0x00000000eab00000, 0x00000000ec380000, 0x0000000100000000)
  eden space 12288K, 100% used [0x00000000eab00000,0x00000000eb700000,0x00000000eb700000)
  from space 5120K, 98% used [0x00000000ebe80000,0x00000000ec36e418,0x00000000ec380000)
  to   space 6144K, 0% used [0x00000000eb780000,0x00000000eb780000,0x00000000ebd80000)
 ParOldGen       total 279040K, used 254634K [0x00000000c0000000, 0x00000000d1080000, 0x00000000eab00000)
  object space 279040K, 91% used [0x00000000c0000000,0x00000000cf8aa8a8,0x00000000d1080000)
 Metaspace       used 73179K, committed 74496K, reserved 1179648K
  class space    used 7673K, committed 8256K, reserved 1048576K
}
Event: 14.524 GC heap after
{Heap after GC invocations=255 (full 11):
 PSYoungGen      total 18944K, used 6135K [0x00000000eab00000, 0x00000000eca80000, 0x0000000100000000)
  eden space 12800K, 0% used [0x00000000eab00000,0x00000000eab00000,0x00000000eb780000)
  from space 6144K, 99% used [0x00000000eb780000,0x00000000ebd7dd30,0x00000000ebd80000)
  to   space 9216K, 0% used [0x00000000ec180000,0x00000000ec180000,0x00000000eca80000)
 ParOldGen       total 279040K, used 256841K [0x00000000c0000000, 0x00000000d1080000, 0x00000000eab00000)
  object space 279040K, 92% used [0x00000000c0000000,0x00000000cfad2720,0x00000000d1080000)
 Metaspace       used 73179K, committed 74496K, reserved 1179648K
  class space    used 7673K, committed 8256K, reserved 1048576K
}
Event: 14.539 GC heap before
{Heap before GC invocations=256 (full 11):
 PSYoungGen      total 18944K, used 18935K [0x00000000eab00000, 0x00000000eca80000, 0x0000000100000000)
  eden space 12800K, 100% used [0x00000000eab00000,0x00000000eb780000,0x00000000eb780000)
  from space 6144K, 99% used [0x00000000eb780000,0x00000000ebd7dd30,0x00000000ebd80000)
  to   space 9216K, 0% used [0x00000000ec180000,0x00000000ec180000,0x00000000eca80000)
 ParOldGen       total 279040K, used 256841K [0x00000000c0000000, 0x00000000d1080000, 0x00000000eab00000)
  object space 279040K, 92% used [0x00000000c0000000,0x00000000cfad2720,0x00000000d1080000)
 Metaspace       used 73179K, committed 74496K, reserved 1179648K
  class space    used 7673K, committed 8256K, reserved 1048576K
}
Event: 14.543 GC heap after
{Heap after GC invocations=256 (full 11):
 PSYoungGen      total 20992K, used 6215K [0x00000000eab00000, 0x00000000ec800000, 0x0000000100000000)
  eden space 14336K, 0% used [0x00000000eab00000,0x00000000eab00000,0x00000000eb900000)
  from space 6656K, 93% used [0x00000000ec180000,0x00000000ec791d88,0x00000000ec800000)
  to   space 7168K, 0% used [0x00000000eba00000,0x00000000eba00000,0x00000000ec100000)
 ParOldGen       total 279040K, used 260613K [0x00000000c0000000, 0x00000000d1080000, 0x00000000eab00000)
  object space 279040K, 93% used [0x00000000c0000000,0x00000000cfe81678,0x00000000d1080000)
 Metaspace       used 73179K, committed 74496K, reserved 1179648K
  class space    used 7673K, committed 8256K, reserved 1048576K
}
Event: 14.555 GC heap before
{Heap before GC invocations=257 (full 11):
 PSYoungGen      total 20992K, used 20551K [0x00000000eab00000, 0x00000000ec800000, 0x0000000100000000)
  eden space 14336K, 100% used [0x00000000eab00000,0x00000000eb900000,0x00000000eb900000)
  from space 6656K, 93% used [0x00000000ec180000,0x00000000ec791d88,0x00000000ec800000)
  to   space 7168K, 0% used [0x00000000eba00000,0x00000000eba00000,0x00000000ec100000)
 ParOldGen       total 279040K, used 260613K [0x00000000c0000000, 0x00000000d1080000, 0x00000000eab00000)
  object space 279040K, 93% used [0x00000000c0000000,0x00000000cfe81678,0x00000000d1080000)
 Metaspace       used 73179K, committed 74496K, reserved 1179648K
  class space    used 7673K, committed 8256K, reserved 1048576K
}
Event: 14.560 GC heap after
{Heap after GC invocations=257 (full 11):
 PSYoungGen      total 22528K, used 7166K [0x00000000eab00000, 0x00000000ed200000, 0x0000000100000000)
  eden space 15360K, 0% used [0x00000000eab00000,0x00000000eab00000,0x00000000eba00000)
  from space 7168K, 99% used [0x00000000eba00000,0x00000000ec0ff870,0x00000000ec100000)
  to   space 11776K, 0% used [0x00000000ec680000,0x00000000ec680000,0x00000000ed200000)
 ParOldGen       total 279040K, used 264326K [0x00000000c0000000, 0x00000000d1080000, 0x00000000eab00000)
  object space 279040K, 94% used [0x00000000c0000000,0x00000000d02218a0,0x00000000d1080000)
 Metaspace       used 73179K, committed 74496K, reserved 1179648K
  class space    used 7673K, committed 8256K, reserved 1048576K
}
Event: 14.569 GC heap before
{Heap before GC invocations=258 (full 11):
 PSYoungGen      total 22528K, used 22526K [0x00000000eab00000, 0x00000000ed200000, 0x0000000100000000)
  eden space 15360K, 100% used [0x00000000eab00000,0x00000000eba00000,0x00000000eba00000)
  from space 7168K, 99% used [0x00000000eba00000,0x00000000ec0ff870,0x00000000ec100000)
  to   space 11776K, 0% used [0x00000000ec680000,0x00000000ec680000,0x00000000ed200000)
 ParOldGen       total 279040K, used 264326K [0x00000000c0000000, 0x00000000d1080000, 0x00000000eab00000)
  object space 279040K, 94% used [0x00000000c0000000,0x00000000d02218a0,0x00000000d1080000)
 Metaspace       used 73179K, committed 74496K, reserved 1179648K
  class space    used 7673K, committed 8256K, reserved 1048576K
}
Event: 14.573 GC heap after
{Heap after GC invocations=258 (full 11):
 PSYoungGen      total 23552K, used 5928K [0x00000000eab00000, 0x00000000ecc80000, 0x0000000100000000)
  eden space 17408K, 0% used [0x00000000eab00000,0x00000000eab00000,0x00000000ebc00000)
  from space 6144K, 96% used [0x00000000ec680000,0x00000000ecc4a0a0,0x00000000ecc80000)
  to   space 8192K, 0% used [0x00000000ebc80000,0x00000000ebc80000,0x00000000ec480000)
 ParOldGen       total 279040K, used 271320K [0x00000000c0000000, 0x00000000d1080000, 0x00000000eab00000)
  object space 279040K, 97% used [0x00000000c0000000,0x00000000d08f6048,0x00000000d1080000)
 Metaspace       used 73179K, committed 74496K, reserved 1179648K
  class space    used 7673K, committed 8256K, reserved 1048576K
}
Event: 14.584 GC heap before
{Heap before GC invocations=259 (full 11):
 PSYoungGen      total 23552K, used 23336K [0x00000000eab00000, 0x00000000ecc80000, 0x0000000100000000)
  eden space 17408K, 100% used [0x00000000eab00000,0x00000000ebc00000,0x00000000ebc00000)
  from space 6144K, 96% used [0x00000000ec680000,0x00000000ecc4a0a0,0x00000000ecc80000)
  to   space 8192K, 0% used [0x00000000ebc80000,0x00000000ebc80000,0x00000000ec480000)
 ParOldGen       total 279040K, used 271320K [0x00000000c0000000, 0x00000000d1080000, 0x00000000eab00000)
  object space 279040K, 97% used [0x00000000c0000000,0x00000000d08f6048,0x00000000d1080000)
 Metaspace       used 73179K, committed 74496K, reserved 1179648K
  class space    used 7673K, committed 8256K, reserved 1048576K
}
Event: 14.587 GC heap after
{Heap after GC invocations=259 (full 11):
 PSYoungGen      total 26112K, used 7142K [0x00000000eab00000, 0x00000000ecd00000, 0x0000000100000000)
  eden space 17920K, 0% used [0x00000000eab00000,0x00000000eab00000,0x00000000ebc80000)
  from space 8192K, 87% used [0x00000000ebc80000,0x00000000ec379920,0x00000000ec480000)
  to   space 7680K, 0% used [0x00000000ec580000,0x00000000ec580000,0x00000000ecd00000)
 ParOldGen       total 279040K, used 276987K [0x00000000c0000000, 0x00000000d1080000, 0x00000000eab00000)
  object space 279040K, 99% used [0x00000000c0000000,0x00000000d0e7ecf0,0x00000000d1080000)
 Metaspace       used 73179K, committed 74496K, reserved 1179648K
  class space    used 7673K, committed 8256K, reserved 1048576K
}
Event: 14.587 GC heap before
{Heap before GC invocations=260 (full 12):
 PSYoungGen      total 26112K, used 7142K [0x00000000eab00000, 0x00000000ecd00000, 0x0000000100000000)
  eden space 17920K, 0% used [0x00000000eab00000,0x00000000eab00000,0x00000000ebc80000)
  from space 8192K, 87% used [0x00000000ebc80000,0x00000000ec379920,0x00000000ec480000)
  to   space 7680K, 0% used [0x00000000ec580000,0x00000000ec580000,0x00000000ecd00000)
 ParOldGen       total 279040K, used 276987K [0x00000000c0000000, 0x00000000d1080000, 0x00000000eab00000)
  object space 279040K, 99% used [0x00000000c0000000,0x00000000d0e7ecf0,0x00000000d1080000)
 Metaspace       used 73179K, committed 74496K, reserved 1179648K
  class space    used 7673K, committed 8256K, reserved 1048576K
}
Event: 14.832 GC heap after
{Heap after GC invocations=260 (full 12):
 PSYoungGen      total 26112K, used 2433K [0x00000000eab00000, 0x00000000ecd80000, 0x0000000100000000)
  eden space 17920K, 0% used [0x00000000eab00000,0x00000000eab00000,0x00000000ebc80000)
  from space 8192K, 29% used [0x00000000ebc80000,0x00000000ebee0518,0x00000000ec480000)
  to   space 7680K, 0% used [0x00000000ec600000,0x00000000ec600000,0x00000000ecd80000)
 ParOldGen       total 327168K, used 278597K [0x00000000c0000000, 0x00000000d3f80000, 0x00000000eab00000)
  object space 327168K, 85% used [0x00000000c0000000,0x00000000d10116e0,0x00000000d3f80000)
 Metaspace       used 73179K, committed 74496K, reserved 1179648K
  class space    used 7673K, committed 8256K, reserved 1048576K
}

Dll operation events (10 events):
Event: 0.010 Loaded shared library c:\Users\papth\.vscode\extensions\redhat.java-1.33.0-win32-x64\jre\17.0.11-win32-x86_64\bin\java.dll
Event: 0.147 Loaded shared library c:\Users\papth\.vscode\extensions\redhat.java-1.33.0-win32-x64\jre\17.0.11-win32-x86_64\bin\zip.dll
Event: 0.151 Loaded shared library C:\Users\papth\.vscode\extensions\redhat.java-1.33.0-win32-x64\jre\17.0.11-win32-x86_64\bin\instrument.dll
Event: 0.162 Loaded shared library C:\Users\papth\.vscode\extensions\redhat.java-1.33.0-win32-x64\jre\17.0.11-win32-x86_64\bin\net.dll
Event: 0.164 Loaded shared library C:\Users\papth\.vscode\extensions\redhat.java-1.33.0-win32-x64\jre\17.0.11-win32-x86_64\bin\nio.dll
Event: 0.171 Loaded shared library C:\Users\papth\.vscode\extensions\redhat.java-1.33.0-win32-x64\jre\17.0.11-win32-x86_64\bin\zip.dll
Event: 0.185 Loaded shared library C:\Users\papth\.vscode\extensions\redhat.java-1.33.0-win32-x64\jre\17.0.11-win32-x86_64\bin\jimage.dll
Event: 0.243 Loaded shared library c:\Users\papth\.vscode\extensions\redhat.java-1.33.0-win32-x64\jre\17.0.11-win32-x86_64\bin\verify.dll
Event: 1.225 Loaded shared library C:\Users\papth\AppData\Roaming\Code\User\globalStorage\redhat.java\1.33.0\config_win\org.eclipse.equinox.launcher\org.eclipse.equinox.launcher.win32.win32.x86_64_1.2.1100.v20240722-2106\eclipse_11904.dll
Event: 2.624 Loaded shared library C:\Users\papth\AppData\Local\Temp\jna-106435411\jna16992408334649520659.dll

Deoptimization events (20 events):
Event: 13.799 Thread 0x000001c4f7ebb8e0 DEOPT PACKING pc=0x000001c4e0b03445 sp=0x00000047693fee40
Event: 13.799 Thread 0x000001c4f7ebb8e0 DEOPT UNPACKING pc=0x000001c4e6ef6e43 sp=0x00000047693fe3e0 mode 0
Event: 13.804 Thread 0x000001c4f7ebb8e0 DEOPT PACKING pc=0x000001c4e0b03445 sp=0x00000047693fee40
Event: 13.804 Thread 0x000001c4f7ebb8e0 DEOPT UNPACKING pc=0x000001c4e6ef6e43 sp=0x00000047693fe3e0 mode 0
Event: 13.812 Thread 0x000001c4f7ebb8e0 DEOPT PACKING pc=0x000001c4e0b03445 sp=0x00000047693fee40
Event: 13.812 Thread 0x000001c4f7ebb8e0 DEOPT UNPACKING pc=0x000001c4e6ef6e43 sp=0x00000047693fe3e0 mode 0
Event: 13.819 Thread 0x000001c4f7ebb8e0 DEOPT PACKING pc=0x000001c4e0b03445 sp=0x00000047693fee40
Event: 13.819 Thread 0x000001c4f7ebb8e0 DEOPT UNPACKING pc=0x000001c4e6ef6e43 sp=0x00000047693fe3e0 mode 0
Event: 13.827 Thread 0x000001c4f7ebb8e0 DEOPT PACKING pc=0x000001c4e0b03445 sp=0x00000047693fee40
Event: 13.827 Thread 0x000001c4f7ebb8e0 DEOPT UNPACKING pc=0x000001c4e6ef6e43 sp=0x00000047693fe3e0 mode 0
Event: 13.843 Thread 0x000001c4f7ebb8e0 DEOPT PACKING pc=0x000001c4e0b03445 sp=0x00000047693fee40
Event: 13.843 Thread 0x000001c4f7ebb8e0 DEOPT UNPACKING pc=0x000001c4e6ef6e43 sp=0x00000047693fe3e0 mode 0
Event: 13.933 Thread 0x000001c4f7ebb8e0 DEOPT PACKING pc=0x000001c4e05ef4fd sp=0x00000047693feee0
Event: 13.933 Thread 0x000001c4f7ebb8e0 DEOPT UNPACKING pc=0x000001c4e6ef6e43 sp=0x00000047693fe2e8 mode 0
Event: 14.357 Thread 0x000001c4f7ebb8e0 Uncommon trap: trap_request=0xffffff45 fr.pc=0x000001c4e78e5aa8 relative=0x0000000000005b68
Event: 14.357 Thread 0x000001c4f7ebb8e0 Uncommon trap: reason=unstable_if action=reinterpret pc=0x000001c4e78e5aa8 method=org.eclipse.jdt.internal.core.search.indexing.BinaryIndexer.indexDocument()V @ 315 c2
Event: 14.357 Thread 0x000001c4f7ebb8e0 DEOPT PACKING pc=0x000001c4e78e5aa8 sp=0x00000047693ff020
Event: 14.357 Thread 0x000001c4f7ebb8e0 DEOPT UNPACKING pc=0x000001c4e6ef66a3 sp=0x00000047693fef80 mode 2
Event: 14.516 Thread 0x000001c4f7ebb8e0 DEOPT PACKING pc=0x000001c4e039d042 sp=0x00000047693ff320
Event: 14.516 Thread 0x000001c4f7ebb8e0 DEOPT UNPACKING pc=0x000001c4e6ef6e43 sp=0x00000047693fe890 mode 0

Classes unloaded (9 events):
Event: 2.383 Thread 0x000001c4dcd8e930 Unloading class 0x0000000100250800 'java/lang/invoke/LambdaForm$MH+0x0000000100250800'
Event: 2.383 Thread 0x000001c4dcd8e930 Unloading class 0x0000000100250400 'java/lang/invoke/LambdaForm$MH+0x0000000100250400'
Event: 2.383 Thread 0x000001c4dcd8e930 Unloading class 0x0000000100250000 'java/lang/invoke/LambdaForm$MH+0x0000000100250000'
Event: 2.383 Thread 0x000001c4dcd8e930 Unloading class 0x000000010024fc00 'java/lang/invoke/LambdaForm$MH+0x000000010024fc00'
Event: 2.383 Thread 0x000001c4dcd8e930 Unloading class 0x000000010024f800 'java/lang/invoke/LambdaForm$BMH+0x000000010024f800'
Event: 2.383 Thread 0x000001c4dcd8e930 Unloading class 0x000000010024f400 'java/lang/invoke/LambdaForm$DMH+0x000000010024f400'
Event: 2.383 Thread 0x000001c4dcd8e930 Unloading class 0x000000010024c800 'java/lang/invoke/LambdaForm$DMH+0x000000010024c800'
Event: 11.552 Thread 0x000001c4dcd8e930 Unloading class 0x00000001007a8c00 'java/lang/invoke/LambdaForm$MH+0x00000001007a8c00'
Event: 11.552 Thread 0x000001c4dcd8e930 Unloading class 0x00000001007a8400 'java/lang/invoke/LambdaForm$DMH+0x00000001007a8400'

Classes redefined (0 events):
No events

Internal exceptions (20 events):
Event: 11.451 Thread 0x000001c4f7eb9060 Exception <a 'sun/nio/fs/WindowsException'{0x00000000eabbf4d8}> (0x00000000eabbf4d8) 
thrown [s\src\hotspot\share\prims\jni.cpp, line 516]
Event: 12.019 Thread 0x000001c4f7eb9060 Exception <a 'sun/nio/fs/WindowsException'{0x00000000eabdc9b8}> (0x00000000eabdc9b8) 
thrown [s\src\hotspot\share\prims\jni.cpp, line 516]
Event: 12.019 Thread 0x000001c4f7eb9060 Exception <a 'sun/nio/fs/WindowsException'{0x00000000eabdd008}> (0x00000000eabdd008) 
thrown [s\src\hotspot\share\prims\jni.cpp, line 516]
Event: 12.030 Thread 0x000001c4f7eb9060 Exception <a 'java/lang/NoSuchMethodError'{0x00000000eae61418}: 'java.lang.Object java.lang.invoke.DirectMethodHandle$Holder.newInvokeSpecial(java.lang.Object, java.lang.Object, int, java.lang.Object, java.lang.Object)'> (0x00000000eae61418) 
thrown [s\src\hotspot\share\interpreter\linkResolver.cpp, line 759]
Event: 12.031 Thread 0x000001c4f7eb9060 Exception <a 'java/lang/NoSuchMethodError'{0x00000000eae81ae0}: 'java.lang.Object java.lang.invoke.Invokers$Holder.linkToTargetMethod(java.lang.Object, int, java.lang.Object, java.lang.Object, java.lang.Object)'> (0x00000000eae81ae0) 
thrown [s\src\hotspot\share\interpreter\linkResolver.cpp, line 759]
Event: 12.035 Thread 0x000001c4f7eb9060 Exception <a 'java/lang/NoSuchMethodError'{0x00000000eaf6fa80}: 'java.lang.Object java.lang.invoke.DirectMethodHandle$Holder.invokeSpecial(java.lang.Object, java.lang.Object, java.lang.Object, int, java.lang.Object, java.lang.Object, java.lang.Object)'> (0x00000000eaf6fa80) 
thrown [s\src\hotspot\share\interpreter\linkResolver.cpp, line 759]
Event: 12.037 Thread 0x000001c4f7eb9060 Exception <a 'java/lang/NoSuchMethodError'{0x00000000eafceaf0}: 'java.lang.Object java.lang.invoke.DirectMethodHandle$Holder.invokeStatic(java.lang.Object, java.lang.Object, int, java.lang.Object, java.lang.Object)'> (0x00000000eafceaf0) 
thrown [s\src\hotspot\share\interpreter\linkResolver.cpp, line 759]
Event: 12.064 Thread 0x000001c4f7eb9060 Exception <a 'java/lang/NoSuchMethodError'{0x00000000eab0ccd8}: 'void java.lang.invoke.DirectMethodHandle$Holder.invokeStatic(java.lang.Object, int)'> (0x00000000eab0ccd8) 
thrown [s\src\hotspot\share\interpreter\linkResolver.cpp, line 759]
Event: 12.304 Thread 0x000001c4f7eb9060 Exception <a 'java/io/FileNotFoundException'{0x00000000eadc72f0}> (0x00000000eadc72f0) 
thrown [s\src\hotspot\share\prims\jni.cpp, line 516]
Event: 12.304 Thread 0x000001c4f7eb9060 Exception <a 'java/io/FileNotFoundException'{0x00000000eadc8ee0}> (0x00000000eadc8ee0) 
thrown [s\src\hotspot\share\prims\jni.cpp, line 516]
Event: 12.304 Thread 0x000001c4f7eb9060 Exception <a 'java/io/FileNotFoundException'{0x00000000eade8980}> (0x00000000eade8980) 
thrown [s\src\hotspot\share\prims\jni.cpp, line 516]
Event: 12.321 Thread 0x000001c4f7eb9060 Exception <a 'java/lang/NoSuchMethodError'{0x00000000eab63a20}: 'int java.lang.invoke.DirectMethodHandle$Holder.invokeStatic(java.lang.Object, java.lang.Object, java.lang.Object, java.lang.Object, java.lang.Object, java.lang.Object)'> (0x00000000eab63a20) 
thrown [s\src\hotspot\share\interpreter\linkResolver.cpp, line 759]
Event: 12.613 Thread 0x000001c4f7eb9060 Exception <a 'java/lang/NoSuchMethodError'{0x00000000eae53430}: 'java.lang.Object java.lang.invoke.DirectMethodHandle$Holder.invokeVirtual(java.lang.Object, java.lang.Object, java.lang.Object)'> (0x00000000eae53430) 
thrown [s\src\hotspot\share\interpreter\linkResolver.cpp, line 759]
Event: 12.658 Thread 0x000001c4f7eb9060 Exception <a 'sun/nio/fs/WindowsException'{0x00000000ead3b0b0}> (0x00000000ead3b0b0) 
thrown [s\src\hotspot\share\prims\jni.cpp, line 516]
Event: 12.665 Thread 0x000001c4f7eb9060 Exception <a 'sun/nio/fs/WindowsException'{0x00000000eade2888}> (0x00000000eade2888) 
thrown [s\src\hotspot\share\prims\jni.cpp, line 516]
Event: 12.667 Thread 0x000001c4f7eb9060 Exception <a 'sun/nio/fs/WindowsException'{0x00000000eaee7068}> (0x00000000eaee7068) 
thrown [s\src\hotspot\share\prims\jni.cpp, line 516]
Event: 12.672 Thread 0x000001c4f7eb9060 Exception <a 'sun/nio/fs/WindowsException'{0x00000000eab00d50}> (0x00000000eab00d50) 
thrown [s\src\hotspot\share\prims\jni.cpp, line 516]
Event: 12.676 Thread 0x000001c4f7eb9060 Exception <a 'sun/nio/fs/WindowsException'{0x00000000eab027c8}> (0x00000000eab027c8) 
thrown [s\src\hotspot\share\prims\jni.cpp, line 516]
Event: 12.681 Thread 0x000001c4f7eb9060 Exception <a 'sun/nio/fs/WindowsException'{0x00000000eabff888}> (0x00000000eabff888) 
thrown [s\src\hotspot\share\prims\jni.cpp, line 516]
Event: 12.686 Thread 0x000001c4f7eb9060 Exception <a 'sun/nio/fs/WindowsException'{0x00000000eac01308}> (0x00000000eac01308) 
thrown [s\src\hotspot\share\prims\jni.cpp, line 516]

VM Operations (20 events):
Event: 14.391 Executing VM operation: ParallelGCFailedAllocation
Event: 14.394 Executing VM operation: ParallelGCFailedAllocation done
Event: 14.416 Executing VM operation: ParallelGCFailedAllocation
Event: 14.419 Executing VM operation: ParallelGCFailedAllocation done
Event: 14.443 Executing VM operation: ParallelGCFailedAllocation
Event: 14.446 Executing VM operation: ParallelGCFailedAllocation done
Event: 14.464 Executing VM operation: ParallelGCFailedAllocation
Event: 14.466 Executing VM operation: ParallelGCFailedAllocation done
Event: 14.487 Executing VM operation: ParallelGCFailedAllocation
Event: 14.490 Executing VM operation: ParallelGCFailedAllocation done
Event: 14.520 Executing VM operation: ParallelGCFailedAllocation
Event: 14.524 Executing VM operation: ParallelGCFailedAllocation done
Event: 14.539 Executing VM operation: ParallelGCFailedAllocation
Event: 14.543 Executing VM operation: ParallelGCFailedAllocation done
Event: 14.555 Executing VM operation: ParallelGCFailedAllocation
Event: 14.560 Executing VM operation: ParallelGCFailedAllocation done
Event: 14.569 Executing VM operation: ParallelGCFailedAllocation
Event: 14.573 Executing VM operation: ParallelGCFailedAllocation done
Event: 14.584 Executing VM operation: ParallelGCFailedAllocation
Event: 14.832 Executing VM operation: ParallelGCFailedAllocation done

Events (20 events):
Event: 12.456 loading class sun/nio/cs/ISO_8859_1$Decoder done
Event: 12.503 Thread 0x000001c4fb594ae0 Thread exited: 0x000001c4fb594ae0
Event: 12.503 Thread 0x000001c4fb597d80 Thread exited: 0x000001c4fb597d80
Event: 12.503 Thread 0x000001c4fb592770 Thread exited: 0x000001c4fb592770
Event: 12.503 Thread 0x000001c4fb591d50 Thread exited: 0x000001c4fb591d50
Event: 12.503 Thread 0x000001c4fb594ff0 Thread exited: 0x000001c4fb594ff0
Event: 12.657 loading class sun/nio/fs/WindowsFileCopy
Event: 12.657 loading class sun/nio/fs/WindowsFileCopy done
Event: 12.661 loading class java/nio/file/attribute/PosixFileAttributes
Event: 12.661 loading class java/nio/file/attribute/PosixFileAttributes done
Event: 12.732 loading class java/util/ImmutableCollections$SubList
Event: 12.733 loading class java/util/ImmutableCollections$SubList done
Event: 13.245 Thread 0x000001c4f9408200 Thread exited: 0x000001c4f9408200
Event: 13.348 Thread 0x000001c4f80248e0 Thread exited: 0x000001c4f80248e0
Event: 13.841 Thread 0x000001c4fadcdf50 Thread added: 0x000001c4fadcdf50
Event: 13.841 Thread 0x000001c4fadd1470 Thread added: 0x000001c4fadd1470
Event: 14.357 Thread 0x000001c4fadcdf50 Thread exited: 0x000001c4fadcdf50
Event: 14.357 Thread 0x000001c4fadd1470 Thread exited: 0x000001c4fadd1470
Event: 14.396 Thread 0x000001c4fadcda00 Thread added: 0x000001c4fadcda00
Event: 14.396 Thread 0x000001c4fadcdf50 Thread added: 0x000001c4fadcdf50


Dynamic libraries:
0x00007ff6f9850000 - 0x00007ff6f985e000 	c:\Users\papth\.vscode\extensions\redhat.java-1.33.0-win32-x64\jre\17.0.11-win32-x86_64\bin\java.exe
0x00007ffd27e90000 - 0x00007ffd280a7000 	C:\WINDOWS\SYSTEM32\ntdll.dll
0x00007ffd268b0000 - 0x00007ffd26974000 	C:\WINDOWS\System32\KERNEL32.DLL
0x00007ffd252b0000 - 0x00007ffd2565d000 	C:\WINDOWS\System32\KERNELBASE.dll
0x00007ffd25a80000 - 0x00007ffd25b91000 	C:\WINDOWS\System32\ucrtbase.dll
0x00007ffd046d0000 - 0x00007ffd046e7000 	c:\Users\papth\.vscode\extensions\redhat.java-1.33.0-win32-x64\jre\17.0.11-win32-x86_64\bin\jli.dll
0x00007ffd275f0000 - 0x00007ffd2779e000 	C:\WINDOWS\System32\USER32.dll
0x00007ffd25660000 - 0x00007ffd25686000 	C:\WINDOWS\System32\win32u.dll
0x00007ffd277a0000 - 0x00007ffd277c9000 	C:\WINDOWS\System32\GDI32.dll
0x00007ffd25730000 - 0x00007ffd25849000 	C:\WINDOWS\System32\gdi32full.dll
0x00007ffd25690000 - 0x00007ffd2572a000 	C:\WINDOWS\System32\msvcp_win.dll
0x00007ffd130c0000 - 0x00007ffd13353000 	C:\WINDOWS\WinSxS\amd64_microsoft.windows.common-controls_6595b64144ccf1df_6.0.22621.3672_none_2713b9d173822955\COMCTL32.dll
0x00007ffd26f50000 - 0x00007ffd26ff7000 	C:\WINDOWS\System32\msvcrt.dll
0x00007ffd13c00000 - 0x00007ffd13c1b000 	c:\Users\papth\.vscode\extensions\redhat.java-1.33.0-win32-x64\jre\17.0.11-win32-x86_64\bin\VCRUNTIME140.dll
0x00007ffd270f0000 - 0x00007ffd27121000 	C:\WINDOWS\System32\IMM32.DLL
0x00007ffd14aa0000 - 0x00007ffd14aac000 	c:\Users\papth\.vscode\extensions\redhat.java-1.33.0-win32-x64\jre\17.0.11-win32-x86_64\bin\vcruntime140_1.dll
0x00007ffcec8d0000 - 0x00007ffcec95d000 	c:\Users\papth\.vscode\extensions\redhat.java-1.33.0-win32-x64\jre\17.0.11-win32-x86_64\bin\msvcp140.dll
0x00007ffcdeab0000 - 0x00007ffcdf712000 	c:\Users\papth\.vscode\extensions\redhat.java-1.33.0-win32-x64\jre\17.0.11-win32-x86_64\bin\server\jvm.dll
0x00007ffd273c0000 - 0x00007ffd27472000 	C:\WINDOWS\System32\ADVAPI32.dll
0x00007ffd27160000 - 0x00007ffd27209000 	C:\WINDOWS\System32\sechost.dll
0x00007ffd25ba0000 - 0x00007ffd25bc8000 	C:\WINDOWS\System32\bcrypt.dll
0x00007ffd27b80000 - 0x00007ffd27c94000 	C:\WINDOWS\System32\RPCRT4.dll
0x00007ffd24010000 - 0x00007ffd2405d000 	C:\WINDOWS\SYSTEM32\POWRPROF.dll
0x00007ffd1d080000 - 0x00007ffd1d0b4000 	C:\WINDOWS\SYSTEM32\WINMM.dll
0x00007ffd15ca0000 - 0x00007ffd15caa000 	C:\WINDOWS\SYSTEM32\VERSION.dll
0x00007ffd21b10000 - 0x00007ffd21b19000 	C:\WINDOWS\SYSTEM32\WSOCK32.dll
0x00007ffd26e70000 - 0x00007ffd26ee1000 	C:\WINDOWS\System32\WS2_32.dll
0x00007ffd23ff0000 - 0x00007ffd24003000 	C:\WINDOWS\SYSTEM32\UMPDC.dll
0x00007ffd242b0000 - 0x00007ffd242c8000 	C:\WINDOWS\SYSTEM32\kernel.appcore.dll
0x00007ffd149b0000 - 0x00007ffd149ba000 	c:\Users\papth\.vscode\extensions\redhat.java-1.33.0-win32-x64\jre\17.0.11-win32-x86_64\bin\jimage.dll
0x00007ffd22ab0000 - 0x00007ffd22ce2000 	C:\WINDOWS\SYSTEM32\DBGHELP.DLL
0x00007ffd25c40000 - 0x00007ffd25fc8000 	C:\WINDOWS\System32\combase.dll
0x00007ffd27010000 - 0x00007ffd270e7000 	C:\WINDOWS\System32\OLEAUT32.dll
0x00007ffd15ee0000 - 0x00007ffd15f12000 	C:\WINDOWS\SYSTEM32\dbgcore.DLL
0x00007ffd251c0000 - 0x00007ffd2523b000 	C:\WINDOWS\System32\bcryptPrimitives.dll
0x00007ffd14650000 - 0x00007ffd1465e000 	c:\Users\papth\.vscode\extensions\redhat.java-1.33.0-win32-x64\jre\17.0.11-win32-x86_64\bin\instrument.dll
0x00007ffcec8a0000 - 0x00007ffcec8c5000 	c:\Users\papth\.vscode\extensions\redhat.java-1.33.0-win32-x64\jre\17.0.11-win32-x86_64\bin\java.dll
0x00007ffcec7f0000 - 0x00007ffcec808000 	c:\Users\papth\.vscode\extensions\redhat.java-1.33.0-win32-x64\jre\17.0.11-win32-x86_64\bin\zip.dll
0x00007ffd25fd0000 - 0x00007ffd2682f000 	C:\WINDOWS\System32\SHELL32.dll
0x00007ffd230d0000 - 0x00007ffd239cc000 	C:\WINDOWS\SYSTEM32\windows.storage.dll
0x00007ffd22f90000 - 0x00007ffd230cf000 	C:\WINDOWS\SYSTEM32\wintypes.dll
0x00007ffd27ca0000 - 0x00007ffd27d94000 	C:\WINDOWS\System32\SHCORE.dll
0x00007ffd26ef0000 - 0x00007ffd26f4e000 	C:\WINDOWS\System32\shlwapi.dll
0x00007ffd250f0000 - 0x00007ffd25111000 	C:\WINDOWS\SYSTEM32\profapi.dll
0x00007ffcec7d0000 - 0x00007ffcec7e9000 	C:\Users\papth\.vscode\extensions\redhat.java-1.33.0-win32-x64\jre\17.0.11-win32-x86_64\bin\net.dll
0x00007ffd1d3c0000 - 0x00007ffd1d4f6000 	C:\WINDOWS\SYSTEM32\WINHTTP.dll
0x00007ffd24730000 - 0x00007ffd24799000 	C:\WINDOWS\system32\mswsock.dll
0x00007ffcec7b0000 - 0x00007ffcec7c6000 	C:\Users\papth\.vscode\extensions\redhat.java-1.33.0-win32-x64\jre\17.0.11-win32-x86_64\bin\nio.dll
0x00007ffd13bf0000 - 0x00007ffd13c00000 	c:\Users\papth\.vscode\extensions\redhat.java-1.33.0-win32-x64\jre\17.0.11-win32-x86_64\bin\verify.dll
0x00007ffcec5e0000 - 0x00007ffcec625000 	C:\Users\papth\AppData\Roaming\Code\User\globalStorage\redhat.java\1.33.0\config_win\org.eclipse.equinox.launcher\org.eclipse.equinox.launcher.win32.win32.x86_64_1.2.1100.v20240722-2106\eclipse_11904.dll
0x00007ffd27210000 - 0x00007ffd273b5000 	C:\WINDOWS\System32\ole32.dll
0x00007ffd249b0000 - 0x00007ffd249cb000 	C:\WINDOWS\SYSTEM32\CRYPTSP.dll
0x00007ffd24200000 - 0x00007ffd24235000 	C:\WINDOWS\system32\rsaenh.dll
0x00007ffd24850000 - 0x00007ffd24878000 	C:\WINDOWS\SYSTEM32\USERENV.dll
0x00007ffd249d0000 - 0x00007ffd249dc000 	C:\WINDOWS\SYSTEM32\CRYPTBASE.dll
0x00007ffd23ca0000 - 0x00007ffd23ccd000 	C:\WINDOWS\SYSTEM32\IPHLPAPI.DLL
0x00007ffd27150000 - 0x00007ffd27159000 	C:\WINDOWS\System32\NSI.dll
0x00007ffd1d2c0000 - 0x00007ffd1d2d9000 	C:\WINDOWS\SYSTEM32\dhcpcsvc6.DLL
0x00007ffd1d100000 - 0x00007ffd1d11f000 	C:\WINDOWS\SYSTEM32\dhcpcsvc.DLL
0x00007ffd23d10000 - 0x00007ffd23e08000 	C:\WINDOWS\SYSTEM32\DNSAPI.dll
0x00007ffcec590000 - 0x00007ffcec5d5000 	C:\Users\papth\AppData\Local\Temp\jna-106435411\jna16992408334649520659.dll
0x00007ffd25c30000 - 0x00007ffd25c38000 	C:\WINDOWS\System32\PSAPI.DLL
0x00007ffd242d0000 - 0x00007ffd24304000 	C:\WINDOWS\SYSTEM32\ntmarta.dll

dbghelp: loaded successfully - version: 4.0.5 - missing functions: none
symbol engine: initialized successfully - sym options: 0x614 - pdb path: .;c:\Users\papth\.vscode\extensions\redhat.java-1.33.0-win32-x64\jre\17.0.11-win32-x86_64\bin;C:\WINDOWS\SYSTEM32;C:\WINDOWS\WinSxS\amd64_microsoft.windows.common-controls_6595b64144ccf1df_6.0.22621.3672_none_2713b9d173822955;c:\Users\papth\.vscode\extensions\redhat.java-1.33.0-win32-x64\jre\17.0.11-win32-x86_64\bin\server;C:\Users\papth\AppData\Roaming\Code\User\globalStorage\redhat.java\1.33.0\config_win\org.eclipse.equinox.launcher\org.eclipse.equinox.launcher.win32.win32.x86_64_1.2.1100.v20240722-2106;C:\Users\papth\AppData\Local\Temp\jna-106435411

VM Arguments:
jvm_args: --add-modules=ALL-SYSTEM --add-opens=java.base/java.util=ALL-UNNAMED --add-opens=java.base/java.lang=ALL-UNNAMED --add-opens=java.base/sun.nio.fs=ALL-UNNAMED -Declipse.application=org.eclipse.jdt.ls.core.id1 -Dosgi.bundles.defaultStartLevel=4 -Declipse.product=org.eclipse.jdt.ls.core.product -Djava.import.generatesMetadataFilesAtProjectRoot=false -DDetectVMInstallationsJob.disabled=true -Dfile.encoding=utf8 -XX:+UseParallelGC -XX:GCTimeRatio=4 -XX:AdaptiveSizePolicyWeight=90 -Dsun.zip.disableMemoryMapping=true -Xmx1G -Xms100m -Xlog:disable -javaagent:c:\Users\papth\.vscode\extensions\redhat.java-1.33.0-win32-x64\lombok\lombok-1.18.33.jar -XX:+HeapDumpOnOutOfMemoryError -XX:HeapDumpPath=c:\Users\papth\AppData\Roaming\Code\User\workspaceStorage\5c05168c5aa2c9692861d3fc907bc7d4\redhat.java -Daether.dependencyCollector.impl=bf 
java_command: c:\Users\papth\.vscode\extensions\redhat.java-1.33.0-win32-x64\server\plugins\org.eclipse.equinox.launcher_1.6.900.v20240613-2009.jar -configuration c:\Users\papth\AppData\Roaming\Code\User\globalStorage\redhat.java\1.33.0\config_win -data c:\Users\papth\AppData\Roaming\Code\User\workspaceStorage\5c05168c5aa2c9692861d3fc907bc7d4\redhat.java\jdt_ws --pipe=\\.\pipe\lsp-a2523459caf2c379000f80544a41fbb4-sock
java_class_path (initial): c:\Users\papth\.vscode\extensions\redhat.java-1.33.0-win32-x64\server\plugins\org.eclipse.equinox.launcher_1.6.900.v20240613-2009.jar
Launcher Type: SUN_STANDARD

[Global flags]
    uintx AdaptiveSizePolicyWeight                 = 90                                        {product} {command line}
     intx CICompilerCount                          = 4                                         {product} {ergonomic}
    uintx GCTimeRatio                              = 4                                         {product} {command line}
     bool HeapDumpOnOutOfMemoryError               = true                                   {manageable} {command line}
    ccstr HeapDumpPath                             = c:\Users\papth\AppData\Roaming\Code\User\workspaceStorage\5c05168c5aa2c9692861d3fc907bc7d4\redhat.java         {manageable} {command line}
   size_t InitialHeapSize                          = 104857600                                 {product} {command line}
   size_t MaxHeapSize                              = 1073741824                                {product} {command line}
   size_t MaxNewSize                               = 357564416                                 {product} {ergonomic}
   size_t MinHeapDeltaBytes                        = 524288                                    {product} {ergonomic}
   size_t MinHeapSize                              = 104857600                                 {product} {command line}
   size_t NewSize                                  = 34603008                                  {product} {ergonomic}
    uintx NonNMethodCodeHeapSize                   = 5839372                                {pd product} {ergonomic}
    uintx NonProfiledCodeHeapSize                  = 122909434                              {pd product} {ergonomic}
   size_t OldSize                                  = 70254592                                  {product} {ergonomic}
    uintx ProfiledCodeHeapSize                     = 122909434                              {pd product} {ergonomic}
    uintx ReservedCodeCacheSize                    = 251658240                              {pd product} {ergonomic}
     bool SegmentedCodeCache                       = true                                      {product} {ergonomic}
   size_t SoftMaxHeapSize                          = 1073741824                             {manageable} {ergonomic}
     bool UseCompressedClassPointers               = true                           {product lp64_product} {ergonomic}
     bool UseCompressedOops                        = true                           {product lp64_product} {ergonomic}
     bool UseLargePagesIndividualAllocation        = false                                  {pd product} {ergonomic}
     bool UseParallelGC                            = true                                      {product} {command line}

Logging:
Log output configuration:
 #0: stdout all=off uptime,level,tags
 #1: stderr all=off uptime,level,tags

Environment Variables:
JAVA_HOME=C:\LAB-TOOLS\JDK\jdk-17.0.6
PATH=C:\Python311\Scripts\;C:\Python311\;C:\LAB-TOOLS\JDK\jdk-17.0.6\bin;C:\Program Files\Microsoft\jdk-11.0.12.7-hotspot\bin;C:\Program Files\AdoptOpenJDK\jdk-11.0.9.101-hotspot\bin;C:\Program Files (x86)\Common Files\Oracle\Java\javapath;C:\windows\system32;C:\windows;C:\windows\System32\Wbem;C:\windows\System32\WindowsPowerShell\v1.0\;C:\windows\System32\OpenSSH\;C:\Program Files (x86)\NVIDIA Corporation\PhysX\Common;C:\Program Files\NVIDIA Corporation\NVIDIA NvDLISR;C:\Program Files (x86)\Wolfram Research\WolframScript\;C:\WINDOWS\system32;C:\WINDOWS;C:\WINDOWS\System32\Wbem;C:\WINDOWS\System32\WindowsPowerShell\v1.0\;C:\WINDOWS\System32\OpenSSH\;C:\Program Files\MATLAB\R2020a\runtime\win64;C:\Program Files\MATLAB\R2020a\bin;C:\Program Files\OpenVPN\bin;C:\Program Files\Git\cmd;C:\Program Files\Git\usr\bin;C:\Program Files\Microsoft SQL Server\150\Tools\Binn\;C:\Program Files\dotnet\;C:\MinGW\mingw32\bin;C:\WINDOWS\system32;C:\WINDOWS;C:\WINDOWS\System32\Wbem;C:\WINDOWS\System32\WindowsPowerShell\v1.0\;C:\Program Files\nodejs;C:\ProgramData\chocolatey\bin;C:\Program Files\Docker\Docker\resources\bin;C:\WINDOWS\System32\OpenSSH\;C:\LAB-TOOLS\apache-maven-3.9.6-bin\apache-maven-3.9.6\bin;C:\Program Files\PowerShell\7-preview\preview;C:\Program Files\HP\HP One Agent;C:\Program Files\PowerShell\7\;C:\Users\papth\scoop\shims;C:\dev\flutter\bin;C:\Users\papth\AppData\Local\Microsoft\WindowsApps;C:\Users\papth\AppData\Local\GitHubDesktop\bin;C:\Users\papth\AppData\Local\Microsoft\WindowsApps;C:\Users\papth\AppData\Local\atom\bin;C:\Users\papth\.dotnet\tools;C:\Users\papth\AppData\Roaming\npm;C:\dev\android-sdk\platform-tools;C:\Program Files\nodejs;C:\Users\papth\AppData\Local\Programs\Microsoft VS Code\bin;C:\Users\papth\AppData\Roaming\Python\Python311\Scripts;C:\Users\papth\AppData\Local\Google\Cloud SDK\google-cloud-sdk\bin
USERNAME=papth
OS=Windows_NT
PROCESSOR_IDENTIFIER=Intel64 Family 6 Model 142 Stepping 12, GenuineIntel
TMP=C:\Users\papth\AppData\Local\Temp
TEMP=C:\Users\papth\AppData\Local\Temp



Periodic native trim disabled


---------------  S Y S T E M  ---------------

OS:
 Windows 11 , 64 bit Build 22621 (10.0.22621.3672)
OS uptime: 0 days 11:38 hours
Hyper-V role detected

CPU: total 8 (initial active 8) (4 cores per cpu, 2 threads per core) family 6 model 142 stepping 12 microcode 0xde, cx8, cmov, fxsr, ht, mmx, 3dnowpref, sse, sse2, sse3, ssse3, sse4.1, sse4.2, popcnt, lzcnt, tsc, tscinvbit, avx, avx2, aes, erms, clmul, bmi1, bmi2, adx, fma, vzeroupper, clflush, clflushopt, hv
Processor Information for all 8 processors :
  Max Mhz: 2304, Current Mhz: 1803, Mhz Limit: 1797

Memory: 4k page, system-wide physical 16187M (4869M free)
TotalPageFile size 16187M (AvailPageFile size 111M)
current process WorkingSet (physical memory assigned to process): 660M, peak: 660M
current process commit charge ("private bytes"): 619M, peak: 621M

vm_info: OpenJDK 64-Bit Server VM (17.0.11+9) for windows-amd64 JRE (17.0.11+9), built on Apr 17 2024 06:07:48 by "admin" with MS VC++ 16.10 / 16.11 (VS2019)

END.
