#
# There is insufficient memory for the Java Runtime Environment to continue.
# Native memory allocation (malloc) failed to allocate 746416 bytes for Chunk::new
# Possible reasons:
#   The system is out of physical RAM or swap space
#   The process is running with CompressedOops enabled, and the Java Heap may be blocking the growth of the native heap
# Possible solutions:
#   Reduce memory load on the system
#   Increase physical memory or swap space
#   Check if swap backing store is full
#   Decrease Java heap size (-Xmx/-Xms)
#   Decrease number of Java threads
#   Decrease Java thread stack sizes (-Xss)
#   Set larger code cache with -XX:ReservedCodeCacheSize=
#   JVM is running with Zero Based Compressed Oops mode in which the Java heap is
#     placed in the first 32GB address space. The Java Heap base address is the
#     maximum limit for the native heap growth. Please use -XX:HeapBaseMinAddress
#     to set the Java Heap base and to place the Java Heap above 32GB virtual address.
# This output file may be truncated or incomplete.
#
#  Out of Memory Error (arena.cpp:189), pid=14540, tid=18436
#
# JRE version: Java(TM) SE Runtime Environment (17.0.6+9) (build 17.0.6+9-LTS-190)
# Java VM: Java HotSpot(TM) 64-Bit Server VM (17.0.6+9-LTS-190, mixed mode, sharing, tiered, compressed oops, compressed class ptrs, g1 gc, windows-amd64)
# No core dump will be written. Minidumps are not enabled by default on client versions of Windows
#

---------------  S U M M A R Y ------------

Command Line: -Dclassworlds.conf=C:\LAB-TOOLS\apache-maven-3.9.6-bin\apache-maven-3.9.6\bin\m2.conf -Dmaven.home=C:\LAB-TOOLS\apache-maven-3.9.6-bin\apache-maven-3.9.6 -Dlibrary.jansi.path=C:\LAB-TOOLS\apache-maven-3.9.6-bin\apache-maven-3.9.6\lib\jansi-native -Dmaven.multiModuleProjectDirectory=C:\LAB-TOOLS\ECLIPSE\Eclipse-Workspace\multimedia\weblibrary org.codehaus.plexus.classworlds.launcher.Launcher compiler:compile -f c:\LAB-TOOLS\ECLIPSE\Eclipse-Workspace\multimedia\weblibrary\pom.xml

Host: Intel(R) Core(TM) i7-10510U CPU @ 1.80GHz, 8 cores, 15G,  Windows 11 , 64 bit Build 22621 (10.0.22621.3235)
Time: Mon Mar 18 23:30:07 2024  Windows 11 , 64 bit Build 22621 (10.0.22621.3235) elapsed time: 0.998530 seconds (0d 0h 0m 0s)

---------------  T H R E A D  ---------------

Current thread (0x000001f33a68a790):  JavaThread "C2 CompilerThread0" daemon [_thread_in_native, id=18436, stack(0x000000316e300000,0x000000316e400000)]


Current CompileTask:
C2:    998 1740   !   4       java.net.URL::<init> (543 bytes)

Stack: [0x000000316e300000,0x000000316e400000]
Native frames: (J=compiled Java code, j=interpreted, Vv=VM code, C=native code)
V  [jvm.dll+0x6734ea]
V  [jvm.dll+0x7d18f4]
V  [jvm.dll+0x7d309e]
V  [jvm.dll+0x7d3703]
V  [jvm.dll+0x2433c5]
V  [jvm.dll+0xaa46b]
V  [jvm.dll+0xaaa0c]
V  [jvm.dll+0x2a8b1f]
V  [jvm.dll+0x57bf85]
V  [jvm.dll+0x21e142]
V  [jvm.dll+0x21e51f]
V  [jvm.dll+0x217c36]
V  [jvm.dll+0x215109]
V  [jvm.dll+0x1a1730]
V  [jvm.dll+0x224b6e]
V  [jvm.dll+0x222f15]
V  [jvm.dll+0x78753c]
V  [jvm.dll+0x781a7a]
V  [jvm.dll+0x672375]
C  [ucrtbase.dll+0x29363]
C  [KERNEL32.DLL+0x1257d]
C  [ntdll.dll+0x5aa58]


---------------  P R O C E S S  ---------------

Threads class SMR info:
_java_thread_list=0x000001f33b6a6850, length=14, elements={
0x000001f317a17150, 0x000001f33a66c5b0, 0x000001f33a66d330, 0x000001f33a683f40,
0x000001f33a684a00, 0x000001f33a6872d0, 0x000001f33a687b90, 0x000001f33a68a790,
0x000001f33b05c2a0, 0x000001f33b090f50, 0x000001f33b1580c0, 0x000001f33b17e5c0,
0x000001f33b982690, 0x000001f33b70a4e0
}

Java Threads: ( => current thread )
  0x000001f317a17150 JavaThread "main" [_thread_in_Java, id=5508, stack(0x000000316d600000,0x000000316d700000)]
  0x000001f33a66c5b0 JavaThread "Reference Handler" daemon [_thread_blocked, id=14744, stack(0x000000316dd00000,0x000000316de00000)]
  0x000001f33a66d330 JavaThread "Finalizer" daemon [_thread_blocked, id=20748, stack(0x000000316de00000,0x000000316df00000)]
  0x000001f33a683f40 JavaThread "Signal Dispatcher" daemon [_thread_blocked, id=19396, stack(0x000000316df00000,0x000000316e000000)]
  0x000001f33a684a00 JavaThread "Attach Listener" daemon [_thread_blocked, id=17192, stack(0x000000316e000000,0x000000316e100000)]
  0x000001f33a6872d0 JavaThread "Service Thread" daemon [_thread_blocked, id=23824, stack(0x000000316e100000,0x000000316e200000)]
  0x000001f33a687b90 JavaThread "Monitor Deflation Thread" daemon [_thread_blocked, id=14196, stack(0x000000316e200000,0x000000316e300000)]
=>0x000001f33a68a790 JavaThread "C2 CompilerThread0" daemon [_thread_in_native, id=18436, stack(0x000000316e300000,0x000000316e400000)]
  0x000001f33b05c2a0 JavaThread "C1 CompilerThread0" daemon [_thread_in_native, id=16224, stack(0x000000316e400000,0x000000316e500000)]
  0x000001f33b090f50 JavaThread "Sweeper thread" daemon [_thread_blocked, id=12612, stack(0x000000316e500000,0x000000316e600000)]
  0x000001f33b1580c0 JavaThread "Notification Thread" daemon [_thread_blocked, id=22184, stack(0x000000316e600000,0x000000316e700000)]
  0x000001f33b17e5c0 JavaThread "Common-Cleaner" daemon [_thread_blocked, id=20116, stack(0x000000316e800000,0x000000316e900000)]
  0x000001f33b982690 JavaThread "C2 CompilerThread1" daemon [_thread_blocked, id=2380, stack(0x000000316e900000,0x000000316ea00000)]
  0x000001f33b70a4e0 JavaThread "C2 CompilerThread2" daemon [_thread_blocked, id=21764, stack(0x000000316ea00000,0x000000316eb00000)]

Other Threads:
  0x000001f33a668bb0 VMThread "VM Thread" [stack: 0x000000316dc00000,0x000000316dd00000] [id=18796]
  0x000001f317ab0090 WatcherThread [stack: 0x000000316e700000,0x000000316e800000] [id=2220]
  0x000001f317a82f10 GCTaskThread "GC Thread#0" [stack: 0x000000316d700000,0x000000316d800000] [id=11428]
  0x000001f33b230a80 GCTaskThread "GC Thread#1" [stack: 0x000000316eb00000,0x000000316ec00000] [id=11148]
  0x000001f33bb526d0 GCTaskThread "GC Thread#2" [stack: 0x000000316ec00000,0x000000316ed00000] [id=24572]
  0x000001f33bb52980 GCTaskThread "GC Thread#3" [stack: 0x000000316ed00000,0x000000316ee00000] [id=23536]
  0x000001f33bb52c30 GCTaskThread "GC Thread#4" [stack: 0x000000316ee00000,0x000000316ef00000] [id=15284]
  0x000001f33ba12400 GCTaskThread "GC Thread#5" [stack: 0x000000316ef00000,0x000000316f000000] [id=24072]
  0x000001f33ba78020 GCTaskThread "GC Thread#6" [stack: 0x000000316f000000,0x000000316f100000] [id=1044]
  0x000001f33ba12ea0 GCTaskThread "GC Thread#7" [stack: 0x000000316f100000,0x000000316f200000] [id=21796]
  0x000001f317a95a80 ConcurrentGCThread "G1 Main Marker" [stack: 0x000000316d800000,0x000000316d900000] [id=13076]
  0x000001f317a97b50 ConcurrentGCThread "G1 Conc#0" [stack: 0x000000316d900000,0x000000316da00000] [id=9812]
  0x000001f33a5234f0 ConcurrentGCThread "G1 Refine#0" [stack: 0x000000316da00000,0x000000316db00000] [id=6688]
  0x000001f33a523e20 ConcurrentGCThread "G1 Service" [stack: 0x000000316db00000,0x000000316dc00000] [id=12552]

Threads with active compile tasks:
C2 CompilerThread0     1045 1740   !   4       java.net.URL::<init> (543 bytes)

VM state: not at safepoint (normal execution)

VM Mutex/Monitor currently owned by a thread: None

Heap address: 0x0000000703000000, size: 4048 MB, Compressed Oops mode: Zero based, Oop shift amount: 3

CDS archive(s) mapped at: [0x0000000800000000-0x0000000800bd0000-0x0000000800bd0000), size 12386304, SharedBaseAddress: 0x0000000800000000, ArchiveRelocationMode: 0.
Compressed class space mapped at: 0x0000000800c00000-0x0000000840c00000, reserved size: 1073741824
Narrow klass base: 0x0000000800000000, Narrow klass shift: 0, Narrow klass range: 0x100000000

GC Precious Log:
 CPUs: 8 total, 8 available
 Memory: 16187M
 Large Page Support: Disabled
 NUMA Support: Disabled
 Compressed Oops: Enabled (Zero based)
 Heap Region Size: 2M
 Heap Min Capacity: 8M
 Heap Initial Capacity: 254M
 Heap Max Capacity: 4048M
 Pre-touch: Disabled
 Parallel Workers: 8
 Concurrent Workers: 2
 Concurrent Refinement Workers: 8
 Periodic GC: Disabled

Heap:
 garbage-first heap   total 260096K, used 11527K [0x0000000703000000, 0x0000000800000000)
  region size 2048K, 5 young (10240K), 1 survivors (2048K)
 Metaspace       used 11121K, committed 11264K, reserved 1064960K
  class space    used 1363K, committed 1408K, reserved 1048576K

Heap Regions: E=young(eden), S=young(survivor), O=old, HS=humongous(starts), HC=humongous(continues), CS=collection set, F=free, OA=open archive, CA=closed archive, TAMS=top-at-mark-start (previous, next)
|   0|0x0000000703000000, 0x0000000703200000, 0x0000000703200000|100%| O|  |TAMS 0x0000000703000000, 0x0000000703000000| Untracked 
|   1|0x0000000703200000, 0x0000000703381c00, 0x0000000703400000| 75%| O|  |TAMS 0x0000000703200000, 0x0000000703200000| Untracked 
|   2|0x0000000703400000, 0x0000000703400000, 0x0000000703600000|  0%| F|  |TAMS 0x0000000703400000, 0x0000000703400000| Untracked 
|   3|0x0000000703600000, 0x0000000703600000, 0x0000000703800000|  0%| F|  |TAMS 0x0000000703600000, 0x0000000703600000| Untracked 
|   4|0x0000000703800000, 0x0000000703800000, 0x0000000703a00000|  0%| F|  |TAMS 0x0000000703800000, 0x0000000703800000| Untracked 
|   5|0x0000000703a00000, 0x0000000703a00000, 0x0000000703c00000|  0%| F|  |TAMS 0x0000000703a00000, 0x0000000703a00000| Untracked 
|   6|0x0000000703c00000, 0x0000000703c00000, 0x0000000703e00000|  0%| F|  |TAMS 0x0000000703c00000, 0x0000000703c00000| Untracked 
|   7|0x0000000703e00000, 0x0000000703e00000, 0x0000000704000000|  0%| F|  |TAMS 0x0000000703e00000, 0x0000000703e00000| Untracked 
|   8|0x0000000704000000, 0x0000000704000000, 0x0000000704200000|  0%| F|  |TAMS 0x0000000704000000, 0x0000000704000000| Untracked 
|   9|0x0000000704200000, 0x0000000704200000, 0x0000000704400000|  0%| F|  |TAMS 0x0000000704200000, 0x0000000704200000| Untracked 
|  10|0x0000000704400000, 0x0000000704400000, 0x0000000704600000|  0%| F|  |TAMS 0x0000000704400000, 0x0000000704400000| Untracked 
|  11|0x0000000704600000, 0x0000000704600000, 0x0000000704800000|  0%| F|  |TAMS 0x0000000704600000, 0x0000000704600000| Untracked 
|  12|0x0000000704800000, 0x0000000704800000, 0x0000000704a00000|  0%| F|  |TAMS 0x0000000704800000, 0x0000000704800000| Untracked 
|  13|0x0000000704a00000, 0x0000000704a00000, 0x0000000704c00000|  0%| F|  |TAMS 0x0000000704a00000, 0x0000000704a00000| Untracked 
|  14|0x0000000704c00000, 0x0000000704c00000, 0x0000000704e00000|  0%| F|  |TAMS 0x0000000704c00000, 0x0000000704c00000| Untracked 
|  15|0x0000000704e00000, 0x0000000704e00000, 0x0000000705000000|  0%| F|  |TAMS 0x0000000704e00000, 0x0000000704e00000| Untracked 
|  16|0x0000000705000000, 0x0000000705000000, 0x0000000705200000|  0%| F|  |TAMS 0x0000000705000000, 0x0000000705000000| Untracked 
|  17|0x0000000705200000, 0x0000000705200000, 0x0000000705400000|  0%| F|  |TAMS 0x0000000705200000, 0x0000000705200000| Untracked 
|  18|0x0000000705400000, 0x0000000705400000, 0x0000000705600000|  0%| F|  |TAMS 0x0000000705400000, 0x0000000705400000| Untracked 
|  19|0x0000000705600000, 0x0000000705600000, 0x0000000705800000|  0%| F|  |TAMS 0x0000000705600000, 0x0000000705600000| Untracked 
|  20|0x0000000705800000, 0x0000000705800000, 0x0000000705a00000|  0%| F|  |TAMS 0x0000000705800000, 0x0000000705800000| Untracked 
|  21|0x0000000705a00000, 0x0000000705a00000, 0x0000000705c00000|  0%| F|  |TAMS 0x0000000705a00000, 0x0000000705a00000| Untracked 
|  22|0x0000000705c00000, 0x0000000705c00000, 0x0000000705e00000|  0%| F|  |TAMS 0x0000000705c00000, 0x0000000705c00000| Untracked 
|  23|0x0000000705e00000, 0x0000000705e00000, 0x0000000706000000|  0%| F|  |TAMS 0x0000000705e00000, 0x0000000705e00000| Untracked 
|  24|0x0000000706000000, 0x0000000706000000, 0x0000000706200000|  0%| F|  |TAMS 0x0000000706000000, 0x0000000706000000| Untracked 
|  25|0x0000000706200000, 0x0000000706200000, 0x0000000706400000|  0%| F|  |TAMS 0x0000000706200000, 0x0000000706200000| Untracked 
|  26|0x0000000706400000, 0x0000000706400000, 0x0000000706600000|  0%| F|  |TAMS 0x0000000706400000, 0x0000000706400000| Untracked 
|  27|0x0000000706600000, 0x0000000706600000, 0x0000000706800000|  0%| F|  |TAMS 0x0000000706600000, 0x0000000706600000| Untracked 
|  28|0x0000000706800000, 0x0000000706800000, 0x0000000706a00000|  0%| F|  |TAMS 0x0000000706800000, 0x0000000706800000| Untracked 
|  29|0x0000000706a00000, 0x0000000706a00000, 0x0000000706c00000|  0%| F|  |TAMS 0x0000000706a00000, 0x0000000706a00000| Untracked 
|  30|0x0000000706c00000, 0x0000000706c00000, 0x0000000706e00000|  0%| F|  |TAMS 0x0000000706c00000, 0x0000000706c00000| Untracked 
|  31|0x0000000706e00000, 0x0000000706e00000, 0x0000000707000000|  0%| F|  |TAMS 0x0000000706e00000, 0x0000000706e00000| Untracked 
|  32|0x0000000707000000, 0x0000000707000000, 0x0000000707200000|  0%| F|  |TAMS 0x0000000707000000, 0x0000000707000000| Untracked 
|  33|0x0000000707200000, 0x0000000707200000, 0x0000000707400000|  0%| F|  |TAMS 0x0000000707200000, 0x0000000707200000| Untracked 
|  34|0x0000000707400000, 0x0000000707400000, 0x0000000707600000|  0%| F|  |TAMS 0x0000000707400000, 0x0000000707400000| Untracked 
|  35|0x0000000707600000, 0x0000000707600000, 0x0000000707800000|  0%| F|  |TAMS 0x0000000707600000, 0x0000000707600000| Untracked 
|  36|0x0000000707800000, 0x0000000707800000, 0x0000000707a00000|  0%| F|  |TAMS 0x0000000707800000, 0x0000000707800000| Untracked 
|  37|0x0000000707a00000, 0x0000000707a00000, 0x0000000707c00000|  0%| F|  |TAMS 0x0000000707a00000, 0x0000000707a00000| Untracked 
|  38|0x0000000707c00000, 0x0000000707c00000, 0x0000000707e00000|  0%| F|  |TAMS 0x0000000707c00000, 0x0000000707c00000| Untracked 
|  39|0x0000000707e00000, 0x0000000707e00000, 0x0000000708000000|  0%| F|  |TAMS 0x0000000707e00000, 0x0000000707e00000| Untracked 
|  40|0x0000000708000000, 0x0000000708000000, 0x0000000708200000|  0%| F|  |TAMS 0x0000000708000000, 0x0000000708000000| Untracked 
|  41|0x0000000708200000, 0x0000000708200000, 0x0000000708400000|  0%| F|  |TAMS 0x0000000708200000, 0x0000000708200000| Untracked 
|  42|0x0000000708400000, 0x0000000708400000, 0x0000000708600000|  0%| F|  |TAMS 0x0000000708400000, 0x0000000708400000| Untracked 
|  43|0x0000000708600000, 0x0000000708600000, 0x0000000708800000|  0%| F|  |TAMS 0x0000000708600000, 0x0000000708600000| Untracked 
|  44|0x0000000708800000, 0x0000000708800000, 0x0000000708a00000|  0%| F|  |TAMS 0x0000000708800000, 0x0000000708800000| Untracked 
|  45|0x0000000708a00000, 0x0000000708a00000, 0x0000000708c00000|  0%| F|  |TAMS 0x0000000708a00000, 0x0000000708a00000| Untracked 
|  46|0x0000000708c00000, 0x0000000708c00000, 0x0000000708e00000|  0%| F|  |TAMS 0x0000000708c00000, 0x0000000708c00000| Untracked 
|  47|0x0000000708e00000, 0x0000000708e00000, 0x0000000709000000|  0%| F|  |TAMS 0x0000000708e00000, 0x0000000708e00000| Untracked 
|  48|0x0000000709000000, 0x0000000709000000, 0x0000000709200000|  0%| F|  |TAMS 0x0000000709000000, 0x0000000709000000| Untracked 
|  49|0x0000000709200000, 0x0000000709200000, 0x0000000709400000|  0%| F|  |TAMS 0x0000000709200000, 0x0000000709200000| Untracked 
|  50|0x0000000709400000, 0x0000000709400000, 0x0000000709600000|  0%| F|  |TAMS 0x0000000709400000, 0x0000000709400000| Untracked 
|  51|0x0000000709600000, 0x0000000709600000, 0x0000000709800000|  0%| F|  |TAMS 0x0000000709600000, 0x0000000709600000| Untracked 
|  52|0x0000000709800000, 0x0000000709800000, 0x0000000709a00000|  0%| F|  |TAMS 0x0000000709800000, 0x0000000709800000| Untracked 
|  53|0x0000000709a00000, 0x0000000709a00000, 0x0000000709c00000|  0%| F|  |TAMS 0x0000000709a00000, 0x0000000709a00000| Untracked 
|  54|0x0000000709c00000, 0x0000000709c00000, 0x0000000709e00000|  0%| F|  |TAMS 0x0000000709c00000, 0x0000000709c00000| Untracked 
|  55|0x0000000709e00000, 0x0000000709e00000, 0x000000070a000000|  0%| F|  |TAMS 0x0000000709e00000, 0x0000000709e00000| Untracked 
|  56|0x000000070a000000, 0x000000070a000000, 0x000000070a200000|  0%| F|  |TAMS 0x000000070a000000, 0x000000070a000000| Untracked 
|  57|0x000000070a200000, 0x000000070a200000, 0x000000070a400000|  0%| F|  |TAMS 0x000000070a200000, 0x000000070a200000| Untracked 
|  58|0x000000070a400000, 0x000000070a400000, 0x000000070a600000|  0%| F|  |TAMS 0x000000070a400000, 0x000000070a400000| Untracked 
|  59|0x000000070a600000, 0x000000070a600000, 0x000000070a800000|  0%| F|  |TAMS 0x000000070a600000, 0x000000070a600000| Untracked 
|  60|0x000000070a800000, 0x000000070a800000, 0x000000070aa00000|  0%| F|  |TAMS 0x000000070a800000, 0x000000070a800000| Untracked 
|  61|0x000000070aa00000, 0x000000070aa00000, 0x000000070ac00000|  0%| F|  |TAMS 0x000000070aa00000, 0x000000070aa00000| Untracked 
|  62|0x000000070ac00000, 0x000000070ac00000, 0x000000070ae00000|  0%| F|  |TAMS 0x000000070ac00000, 0x000000070ac00000| Untracked 
|  63|0x000000070ae00000, 0x000000070ae00000, 0x000000070b000000|  0%| F|  |TAMS 0x000000070ae00000, 0x000000070ae00000| Untracked 
|  64|0x000000070b000000, 0x000000070b000000, 0x000000070b200000|  0%| F|  |TAMS 0x000000070b000000, 0x000000070b000000| Untracked 
|  65|0x000000070b200000, 0x000000070b200000, 0x000000070b400000|  0%| F|  |TAMS 0x000000070b200000, 0x000000070b200000| Untracked 
|  66|0x000000070b400000, 0x000000070b400000, 0x000000070b600000|  0%| F|  |TAMS 0x000000070b400000, 0x000000070b400000| Untracked 
|  67|0x000000070b600000, 0x000000070b600000, 0x000000070b800000|  0%| F|  |TAMS 0x000000070b600000, 0x000000070b600000| Untracked 
|  68|0x000000070b800000, 0x000000070b800000, 0x000000070ba00000|  0%| F|  |TAMS 0x000000070b800000, 0x000000070b800000| Untracked 
|  69|0x000000070ba00000, 0x000000070ba00000, 0x000000070bc00000|  0%| F|  |TAMS 0x000000070ba00000, 0x000000070ba00000| Untracked 
|  70|0x000000070bc00000, 0x000000070bc00000, 0x000000070be00000|  0%| F|  |TAMS 0x000000070bc00000, 0x000000070bc00000| Untracked 
|  71|0x000000070be00000, 0x000000070be00000, 0x000000070c000000|  0%| F|  |TAMS 0x000000070be00000, 0x000000070be00000| Untracked 
|  72|0x000000070c000000, 0x000000070c000000, 0x000000070c200000|  0%| F|  |TAMS 0x000000070c000000, 0x000000070c000000| Untracked 
|  73|0x000000070c200000, 0x000000070c200000, 0x000000070c400000|  0%| F|  |TAMS 0x000000070c200000, 0x000000070c200000| Untracked 
|  74|0x000000070c400000, 0x000000070c400000, 0x000000070c600000|  0%| F|  |TAMS 0x000000070c400000, 0x000000070c400000| Untracked 
|  75|0x000000070c600000, 0x000000070c600000, 0x000000070c800000|  0%| F|  |TAMS 0x000000070c600000, 0x000000070c600000| Untracked 
|  76|0x000000070c800000, 0x000000070c800000, 0x000000070ca00000|  0%| F|  |TAMS 0x000000070c800000, 0x000000070c800000| Untracked 
|  77|0x000000070ca00000, 0x000000070ca00000, 0x000000070cc00000|  0%| F|  |TAMS 0x000000070ca00000, 0x000000070ca00000| Untracked 
|  78|0x000000070cc00000, 0x000000070cc00000, 0x000000070ce00000|  0%| F|  |TAMS 0x000000070cc00000, 0x000000070cc00000| Untracked 
|  79|0x000000070ce00000, 0x000000070ce00000, 0x000000070d000000|  0%| F|  |TAMS 0x000000070ce00000, 0x000000070ce00000| Untracked 
|  80|0x000000070d000000, 0x000000070d000000, 0x000000070d200000|  0%| F|  |TAMS 0x000000070d000000, 0x000000070d000000| Untracked 
|  81|0x000000070d200000, 0x000000070d200000, 0x000000070d400000|  0%| F|  |TAMS 0x000000070d200000, 0x000000070d200000| Untracked 
|  82|0x000000070d400000, 0x000000070d400000, 0x000000070d600000|  0%| F|  |TAMS 0x000000070d400000, 0x000000070d400000| Untracked 
|  83|0x000000070d600000, 0x000000070d600000, 0x000000070d800000|  0%| F|  |TAMS 0x000000070d600000, 0x000000070d600000| Untracked 
|  84|0x000000070d800000, 0x000000070d800000, 0x000000070da00000|  0%| F|  |TAMS 0x000000070d800000, 0x000000070d800000| Untracked 
|  85|0x000000070da00000, 0x000000070da00000, 0x000000070dc00000|  0%| F|  |TAMS 0x000000070da00000, 0x000000070da00000| Untracked 
|  86|0x000000070dc00000, 0x000000070dc00000, 0x000000070de00000|  0%| F|  |TAMS 0x000000070dc00000, 0x000000070dc00000| Untracked 
|  87|0x000000070de00000, 0x000000070de00000, 0x000000070e000000|  0%| F|  |TAMS 0x000000070de00000, 0x000000070de00000| Untracked 
|  88|0x000000070e000000, 0x000000070e000000, 0x000000070e200000|  0%| F|  |TAMS 0x000000070e000000, 0x000000070e000000| Untracked 
|  89|0x000000070e200000, 0x000000070e200000, 0x000000070e400000|  0%| F|  |TAMS 0x000000070e200000, 0x000000070e200000| Untracked 
|  90|0x000000070e400000, 0x000000070e400000, 0x000000070e600000|  0%| F|  |TAMS 0x000000070e400000, 0x000000070e400000| Untracked 
|  91|0x000000070e600000, 0x000000070e600000, 0x000000070e800000|  0%| F|  |TAMS 0x000000070e600000, 0x000000070e600000| Untracked 
|  92|0x000000070e800000, 0x000000070e800000, 0x000000070ea00000|  0%| F|  |TAMS 0x000000070e800000, 0x000000070e800000| Untracked 
|  93|0x000000070ea00000, 0x000000070ea00000, 0x000000070ec00000|  0%| F|  |TAMS 0x000000070ea00000, 0x000000070ea00000| Untracked 
|  94|0x000000070ec00000, 0x000000070ec00000, 0x000000070ee00000|  0%| F|  |TAMS 0x000000070ec00000, 0x000000070ec00000| Untracked 
|  95|0x000000070ee00000, 0x000000070ee00000, 0x000000070f000000|  0%| F|  |TAMS 0x000000070ee00000, 0x000000070ee00000| Untracked 
|  96|0x000000070f000000, 0x000000070f000000, 0x000000070f200000|  0%| F|  |TAMS 0x000000070f000000, 0x000000070f000000| Untracked 
|  97|0x000000070f200000, 0x000000070f200000, 0x000000070f400000|  0%| F|  |TAMS 0x000000070f200000, 0x000000070f200000| Untracked 
|  98|0x000000070f400000, 0x000000070f400000, 0x000000070f600000|  0%| F|  |TAMS 0x000000070f400000, 0x000000070f400000| Untracked 
|  99|0x000000070f600000, 0x000000070f600000, 0x000000070f800000|  0%| F|  |TAMS 0x000000070f600000, 0x000000070f600000| Untracked 
| 100|0x000000070f800000, 0x000000070f800000, 0x000000070fa00000|  0%| F|  |TAMS 0x000000070f800000, 0x000000070f800000| Untracked 
| 101|0x000000070fa00000, 0x000000070fa00000, 0x000000070fc00000|  0%| F|  |TAMS 0x000000070fa00000, 0x000000070fa00000| Untracked 
| 102|0x000000070fc00000, 0x000000070fc00000, 0x000000070fe00000|  0%| F|  |TAMS 0x000000070fc00000, 0x000000070fc00000| Untracked 
| 103|0x000000070fe00000, 0x000000070fe00000, 0x0000000710000000|  0%| F|  |TAMS 0x000000070fe00000, 0x000000070fe00000| Untracked 
| 104|0x0000000710000000, 0x0000000710000000, 0x0000000710200000|  0%| F|  |TAMS 0x0000000710000000, 0x0000000710000000| Untracked 
| 105|0x0000000710200000, 0x0000000710200000, 0x0000000710400000|  0%| F|  |TAMS 0x0000000710200000, 0x0000000710200000| Untracked 
| 106|0x0000000710400000, 0x0000000710400000, 0x0000000710600000|  0%| F|  |TAMS 0x0000000710400000, 0x0000000710400000| Untracked 
| 107|0x0000000710600000, 0x0000000710600000, 0x0000000710800000|  0%| F|  |TAMS 0x0000000710600000, 0x0000000710600000| Untracked 
| 108|0x0000000710800000, 0x0000000710800000, 0x0000000710a00000|  0%| F|  |TAMS 0x0000000710800000, 0x0000000710800000| Untracked 
| 109|0x0000000710a00000, 0x0000000710bc01a0, 0x0000000710c00000| 87%| S|CS|TAMS 0x0000000710a00000, 0x0000000710a00000| Complete 
| 110|0x0000000710c00000, 0x0000000710c00000, 0x0000000710e00000|  0%| F|  |TAMS 0x0000000710c00000, 0x0000000710c00000| Untracked 
| 111|0x0000000710e00000, 0x0000000710e00000, 0x0000000711000000|  0%| F|  |TAMS 0x0000000710e00000, 0x0000000710e00000| Untracked 
| 112|0x0000000711000000, 0x0000000711000000, 0x0000000711200000|  0%| F|  |TAMS 0x0000000711000000, 0x0000000711000000| Untracked 
| 113|0x0000000711200000, 0x0000000711200000, 0x0000000711400000|  0%| F|  |TAMS 0x0000000711200000, 0x0000000711200000| Untracked 
| 114|0x0000000711400000, 0x0000000711400000, 0x0000000711600000|  0%| F|  |TAMS 0x0000000711400000, 0x0000000711400000| Untracked 
| 115|0x0000000711600000, 0x0000000711600000, 0x0000000711800000|  0%| F|  |TAMS 0x0000000711600000, 0x0000000711600000| Untracked 
| 116|0x0000000711800000, 0x0000000711800000, 0x0000000711a00000|  0%| F|  |TAMS 0x0000000711800000, 0x0000000711800000| Untracked 
| 117|0x0000000711a00000, 0x0000000711a00000, 0x0000000711c00000|  0%| F|  |TAMS 0x0000000711a00000, 0x0000000711a00000| Untracked 
| 118|0x0000000711c00000, 0x0000000711c00000, 0x0000000711e00000|  0%| F|  |TAMS 0x0000000711c00000, 0x0000000711c00000| Untracked 
| 119|0x0000000711e00000, 0x0000000711e00000, 0x0000000712000000|  0%| F|  |TAMS 0x0000000711e00000, 0x0000000711e00000| Untracked 
| 120|0x0000000712000000, 0x0000000712000000, 0x0000000712200000|  0%| F|  |TAMS 0x0000000712000000, 0x0000000712000000| Untracked 
| 121|0x0000000712200000, 0x0000000712200000, 0x0000000712400000|  0%| F|  |TAMS 0x0000000712200000, 0x0000000712200000| Untracked 
| 122|0x0000000712400000, 0x0000000712400000, 0x0000000712600000|  0%| F|  |TAMS 0x0000000712400000, 0x0000000712400000| Untracked 
| 123|0x0000000712600000, 0x0000000712800000, 0x0000000712800000|100%| E|  |TAMS 0x0000000712600000, 0x0000000712600000| Complete 
| 124|0x0000000712800000, 0x0000000712a00000, 0x0000000712a00000|100%| E|CS|TAMS 0x0000000712800000, 0x0000000712800000| Complete 
| 125|0x0000000712a00000, 0x0000000712c00000, 0x0000000712c00000|100%| E|CS|TAMS 0x0000000712a00000, 0x0000000712a00000| Complete 
| 126|0x0000000712c00000, 0x0000000712e00000, 0x0000000712e00000|100%| E|CS|TAMS 0x0000000712c00000, 0x0000000712c00000| Complete 

Card table byte_map: [0x000001f32edb0000,0x000001f32f5a0000] _byte_map_base: 0x000001f32b598000

Marking Bits (Prev, Next): (CMBitMap*) 0x000001f317a83430, (CMBitMap*) 0x000001f317a83470
 Prev Bits: [0x000001f32fd90000, 0x000001f333cd0000)
 Next Bits: [0x000001f333cd0000, 0x000001f337c10000)

Polling page: 0x000001f315bb0000

Metaspace:

Usage:
  Non-class:      9.54 MB used.
      Class:      1.33 MB used.
       Both:     10.87 MB used.

Virtual space:
  Non-class space:       16.00 MB reserved,       9.62 MB ( 60%) committed,  2 nodes.
      Class space:        1.00 GB reserved,       1.38 MB ( <1%) committed,  1 nodes.
             Both:        1.02 GB reserved,      11.00 MB (  1%) committed. 

Chunk freelists:
   Non-Class:  928.00 KB
       Class:  2.62 MB
        Both:  3.53 MB

MaxMetaspaceSize: unlimited
CompressedClassSpaceSize: 1.00 GB
Initial GC threshold: 21.00 MB
Current GC threshold: 21.00 MB
CDS: on
MetaspaceReclaimPolicy: balanced
 - commit_granule_bytes: 65536.
 - commit_granule_words: 8192.
 - virtual_space_node_default_size: 1048576.
 - enlarge_chunks_in_place: 1.
 - new_chunks_are_fully_committed: 0.
 - uncommit_free_chunks: 1.
 - use_allocation_guard: 0.
 - handle_deallocations: 1.


Internal statistics:

num_allocs_failed_limit: 0.
num_arena_births: 62.
num_arena_deaths: 0.
num_vsnodes_births: 3.
num_vsnodes_deaths: 0.
num_space_committed: 176.
num_space_uncommitted: 0.
num_chunks_returned_to_freelist: 0.
num_chunks_taken_from_freelist: 452.
num_chunk_merges: 0.
num_chunk_splits: 299.
num_chunks_enlarged: 248.
num_purges: 0.
num_inconsistent_stats: 0.

CodeHeap 'non-profiled nmethods': size=120000Kb used=780Kb max_used=780Kb free=119219Kb
 bounds [0x000001f326d60000, 0x000001f326fd0000, 0x000001f32e290000]
CodeHeap 'profiled nmethods': size=120000Kb used=3793Kb max_used=3793Kb free=116207Kb
 bounds [0x000001f31f290000, 0x000001f31f650000, 0x000001f3267c0000]
CodeHeap 'non-nmethods': size=5760Kb used=1162Kb max_used=1204Kb free=4597Kb
 bounds [0x000001f3267c0000, 0x000001f326a30000, 0x000001f326d60000]
 total_blobs=2363 nmethods=1914 adapters=361
 compilation: enabled
              stopped_count=0, restarted_count=0
 full_count=0

Compilation events (20 events):
Event: 0.979 Thread 0x000001f33b05c2a0 nmethod 1784 0x000001f31f614e10 code [0x000001f31f6150a0, 0x000001f31f615d08]
Event: 0.979 Thread 0x000001f33b05c2a0 1785       3       java.lang.invoke.MemberName::isCallerSensitive (8 bytes)
Event: 0.979 Thread 0x000001f33b70a4e0 nmethod 1786 0x000001f326e17210 code [0x000001f326e17380, 0x000001f326e17418]
Event: 0.979 Thread 0x000001f33b05c2a0 nmethod 1785 0x000001f31f616190 code [0x000001f31f616340, 0x000001f31f616578]
Event: 0.979 Thread 0x000001f33b05c2a0 1787       3       sun.invoke.util.VerifyAccess::isClassAccessible (230 bytes)
Event: 0.980 Thread 0x000001f33b05c2a0 nmethod 1787 0x000001f31f616690 code [0x000001f31f6169a0, 0x000001f31f617898]
Event: 0.981 Thread 0x000001f33b05c2a0 1788       3       jdk.internal.org.objectweb.asm.ByteVector::put11 (52 bytes)
Event: 0.981 Thread 0x000001f33b05c2a0 nmethod 1788 0x000001f31f617c90 code [0x000001f31f617e40, 0x000001f31f618068]
Event: 0.981 Thread 0x000001f33b05c2a0 1789       3       jdk.internal.org.objectweb.asm.Frame::setLocal (65 bytes)
Event: 0.981 Thread 0x000001f33b05c2a0 nmethod 1789 0x000001f31f618190 code [0x000001f31f618360, 0x000001f31f6188a8]
Event: 0.982 Thread 0x000001f33b982690 1790       4       java.lang.String::toString (2 bytes)
Event: 0.982 Thread 0x000001f33b982690 nmethod 1790 0x000001f326e17510 code [0x000001f326e17680, 0x000001f326e176f8]
Event: 0.984 Thread 0x000001f33b05c2a0 1791       3       java.util.concurrent.ConcurrentHashMap::get (162 bytes)
Event: 0.984 Thread 0x000001f33b05c2a0 nmethod 1791 0x000001f31f618a90 code [0x000001f31f618ce0, 0x000001f31f6197e8]
Event: 0.986 Thread 0x000001f33b70a4e0 1792       4       java.lang.String::indexOf (18 bytes)
Event: 0.988 Thread 0x000001f33b70a4e0 nmethod 1792 0x000001f326e17810 code [0x000001f326e179a0, 0x000001f326e17d58]
Event: 0.988 Thread 0x000001f33b05c2a0 1793       3       java.util.WeakHashMap::put (160 bytes)
Event: 0.989 Thread 0x000001f33b05c2a0 nmethod 1793 0x000001f31f619b10 code [0x000001f31f619da0, 0x000001f31f61ae28]
Event: 0.989 Thread 0x000001f33b982690 1794       4       java.util.WeakHashMap::getTable (9 bytes)
Event: 0.990 Thread 0x000001f33b982690 nmethod 1794 0x000001f326e17f90 code [0x000001f326e18120, 0x000001f326e18448]

GC Heap History (4 events):
Event: 0.479 GC heap before
{Heap before GC invocations=0 (full 0):
 garbage-first heap   total 260096K, used 22528K [0x0000000703000000, 0x0000000800000000)
  region size 2048K, 11 young (22528K), 0 survivors (0K)
 Metaspace       used 5492K, committed 5696K, reserved 1056768K
  class space    used 660K, committed 768K, reserved 1048576K
}
Event: 0.482 GC heap after
{Heap after GC invocations=1 (full 0):
 garbage-first heap   total 260096K, used 3819K [0x0000000703000000, 0x0000000800000000)
  region size 2048K, 2 young (4096K), 2 survivors (4096K)
 Metaspace       used 5492K, committed 5696K, reserved 1056768K
  class space    used 660K, committed 768K, reserved 1048576K
}
Event: 0.918 GC heap before
{Heap before GC invocations=1 (full 0):
 garbage-first heap   total 260096K, used 34539K [0x0000000703000000, 0x0000000800000000)
  region size 2048K, 17 young (34816K), 2 survivors (4096K)
 Metaspace       used 9793K, committed 9984K, reserved 1064960K
  class space    used 1196K, committed 1280K, reserved 1048576K
}
Event: 0.922 GC heap after
{Heap after GC invocations=2 (full 0):
 garbage-first heap   total 260096K, used 5383K [0x0000000703000000, 0x0000000800000000)
  region size 2048K, 1 young (2048K), 1 survivors (2048K)
 Metaspace       used 9793K, committed 9984K, reserved 1064960K
  class space    used 1196K, committed 1280K, reserved 1048576K
}

Deoptimization events (20 events):
Event: 0.935 Thread 0x000001f317a17150 Uncommon trap: trap_request=0xffffffd6 fr.pc=0x000001f326e11f1c relative=0x000000000000017c
Event: 0.935 Thread 0x000001f317a17150 Uncommon trap: reason=array_check action=maybe_recompile pc=0x000001f326e11f1c method=java.util.stream.Nodes$FixedNodeBuilder.accept(Ljava/lang/Object;)V @ 28 c2
Event: 0.935 Thread 0x000001f317a17150 DEOPT PACKING pc=0x000001f326e11f1c sp=0x000000316d6fd930
Event: 0.935 Thread 0x000001f317a17150 DEOPT UNPACKING pc=0x000001f3268123a3 sp=0x000000316d6fd8e0 mode 2
Event: 0.935 Thread 0x000001f317a17150 Uncommon trap: trap_request=0xffffffd6 fr.pc=0x000001f326e11f1c relative=0x000000000000017c
Event: 0.935 Thread 0x000001f317a17150 Uncommon trap: reason=array_check action=maybe_recompile pc=0x000001f326e11f1c method=java.util.stream.Nodes$FixedNodeBuilder.accept(Ljava/lang/Object;)V @ 28 c2
Event: 0.935 Thread 0x000001f317a17150 DEOPT PACKING pc=0x000001f326e11f1c sp=0x000000316d6fd930
Event: 0.935 Thread 0x000001f317a17150 DEOPT UNPACKING pc=0x000001f3268123a3 sp=0x000000316d6fd8e0 mode 2
Event: 0.935 Thread 0x000001f317a17150 Uncommon trap: trap_request=0xffffffd6 fr.pc=0x000001f326e11f1c relative=0x000000000000017c
Event: 0.935 Thread 0x000001f317a17150 Uncommon trap: reason=array_check action=maybe_recompile pc=0x000001f326e11f1c method=java.util.stream.Nodes$FixedNodeBuilder.accept(Ljava/lang/Object;)V @ 28 c2
Event: 0.935 Thread 0x000001f317a17150 DEOPT PACKING pc=0x000001f326e11f1c sp=0x000000316d6fd930
Event: 0.935 Thread 0x000001f317a17150 DEOPT UNPACKING pc=0x000001f3268123a3 sp=0x000000316d6fd8e0 mode 2
Event: 0.935 Thread 0x000001f317a17150 Uncommon trap: trap_request=0xffffffd6 fr.pc=0x000001f326e11f1c relative=0x000000000000017c
Event: 0.935 Thread 0x000001f317a17150 Uncommon trap: reason=array_check action=maybe_recompile pc=0x000001f326e11f1c method=java.util.stream.Nodes$FixedNodeBuilder.accept(Ljava/lang/Object;)V @ 28 c2
Event: 0.935 Thread 0x000001f317a17150 DEOPT PACKING pc=0x000001f326e11f1c sp=0x000000316d6fd930
Event: 0.935 Thread 0x000001f317a17150 DEOPT UNPACKING pc=0x000001f3268123a3 sp=0x000000316d6fd8e0 mode 2
Event: 0.980 Thread 0x000001f317a17150 Uncommon trap: trap_request=0xffffff45 fr.pc=0x000001f326da075c relative=0x000000000000041c
Event: 0.980 Thread 0x000001f317a17150 Uncommon trap: reason=unstable_if action=reinterpret pc=0x000001f326da075c method=java.util.concurrent.ConcurrentHashMap.get(Ljava/lang/Object;)Ljava/lang/Object; @ 76 c2
Event: 0.980 Thread 0x000001f317a17150 DEOPT PACKING pc=0x000001f326da075c sp=0x000000316d6faee0
Event: 0.980 Thread 0x000001f317a17150 DEOPT UNPACKING pc=0x000001f3268123a3 sp=0x000000316d6fae68 mode 2

Classes unloaded (0 events):
No events

Classes redefined (0 events):
No events

Internal exceptions (20 events):
Event: 0.154 Thread 0x000001f317a17150 Exception <a 'java/lang/NullPointerException'{0x00000007128b7718}> (0x00000007128b7718) 
thrown [s\open\src\hotspot\share\interpreter\linkResolver.cpp, line 1350]
Event: 0.161 Thread 0x000001f317a17150 Exception <a 'sun/nio/fs/WindowsException'{0x00000007128e4700}> (0x00000007128e4700) 
thrown [s\open\src\hotspot\share\prims\jni.cpp, line 516]
Event: 0.161 Thread 0x000001f317a17150 Exception <a 'sun/nio/fs/WindowsException'{0x00000007128e4e90}> (0x00000007128e4e90) 
thrown [s\open\src\hotspot\share\prims\jni.cpp, line 516]
Event: 0.161 Thread 0x000001f317a17150 Exception <a 'sun/nio/fs/WindowsException'{0x00000007128e54a0}> (0x00000007128e54a0) 
thrown [s\open\src\hotspot\share\prims\jni.cpp, line 516]
Event: 0.161 Thread 0x000001f317a17150 Exception <a 'sun/nio/fs/WindowsException'{0x00000007128e5a10}> (0x00000007128e5a10) 
thrown [s\open\src\hotspot\share\prims\jni.cpp, line 516]
Event: 0.161 Thread 0x000001f317a17150 Exception <a 'sun/nio/fs/WindowsException'{0x00000007128e5f60}> (0x00000007128e5f60) 
thrown [s\open\src\hotspot\share\prims\jni.cpp, line 516]
Event: 0.161 Thread 0x000001f317a17150 Exception <a 'sun/nio/fs/WindowsException'{0x00000007128e6418}> (0x00000007128e6418) 
thrown [s\open\src\hotspot\share\prims\jni.cpp, line 516]
Event: 0.179 Thread 0x000001f317a17150 Exception <a 'java/lang/NoSuchMethodError'{0x000000071295f958}: 'void java.lang.invoke.DirectMethodHandle$Holder.invokeStatic(java.lang.Object, java.lang.Object, java.lang.Object)'> (0x000000071295f958) 
thrown [s\open\src\hotspot\share\interpreter\linkResolver.cpp, line 759]
Event: 0.187 Thread 0x000001f317a17150 Exception <a 'java/lang/NoSuchMethodError'{0x00000007129bab48}: 'int java.lang.invoke.DirectMethodHandle$Holder.invokeStatic(java.lang.Object, java.lang.Object, int)'> (0x00000007129bab48) 
thrown [s\open\src\hotspot\share\interpreter\linkResolver.cpp, line 759]
Event: 0.234 Thread 0x000001f317a17150 Exception <a 'java/lang/NoSuchMethodError'{0x000000071272dd30}: 'java.lang.Object java.lang.invoke.DirectMethodHandle$Holder.invokeSpecialIFC(java.lang.Object, java.lang.Object, java.lang.Object, java.lang.Object)'> (0x000000071272dd30) 
thrown [s\open\src\hotspot\share\interpreter\linkResolver.cpp, line 759]
Event: 0.339 Thread 0x000001f317a17150 Exception <a 'java/lang/NoSuchMethodError'{0x00000007120c1848}: 'java.lang.Object java.lang.invoke.DirectMethodHandle$Holder.invokeStaticInit(java.lang.Object)'> (0x00000007120c1848) 
thrown [s\open\src\hotspot\share\interpreter\linkResolver.cpp, line 759]
Event: 0.341 Thread 0x000001f317a17150 Exception <a 'java/lang/NoSuchMethodError'{0x00000007120de0f8}: 'void java.lang.invoke.DirectMethodHandle$Holder.invokeSpecial(java.lang.Object, java.lang.Object, java.lang.Object)'> (0x00000007120de0f8) 
thrown [s\open\src\hotspot\share\interpreter\linkResolver.cpp, line 759]
Event: 0.361 Thread 0x000001f317a17150 Exception <a 'java/lang/NoSuchMethodError'{0x0000000711e3ab70}: 'java.lang.Object java.lang.invoke.DirectMethodHandle$Holder.invokeInterface(java.lang.Object, java.lang.Object)'> (0x0000000711e3ab70) 
thrown [s\open\src\hotspot\share\interpreter\linkResolver.cpp, line 759]
Event: 0.372 Thread 0x000001f317a17150 Exception <a 'java/lang/NoSuchMethodError'{0x0000000711ee2a80}: 'java.lang.Object java.lang.invoke.Invokers$Holder.invokeExact_MT(java.lang.Object, java.lang.Object, java.lang.Object, java.lang.Object, java.lang.Object, java.lang.Object)'> (0x0000000711ee2a80) 
thrown [s\open\src\hotspot\share\interpreter\linkResolver.cpp, line 759]
Event: 0.374 Thread 0x000001f317a17150 Exception <a 'java/lang/NoSuchMethodError'{0x0000000711ef4300}: 'int java.lang.invoke.DirectMethodHandle$Holder.invokeSpecialIFC(java.lang.Object, java.lang.Object, java.lang.Object, java.lang.Object, java.lang.Object)'> (0x0000000711ef4300) 
thrown [s\open\src\hotspot\share\interpreter\linkResolver.cpp, line 759]
Event: 0.408 Thread 0x000001f317a17150 Exception <a 'java/lang/NoSuchMethodError'{0x0000000711c93a40}: 'java.lang.Object java.lang.invoke.DirectMethodHandle$Holder.newInvokeSpecial(java.lang.Object, java.lang.Object, java.lang.Object, java.lang.Object, java.lang.Object)'> (0x0000000711c93a40) 
thrown [s\open\src\hotspot\share\interpreter\linkResolver.cpp, line 759]
Event: 0.430 Thread 0x000001f317a17150 Exception <a 'java/lang/NoSuchMethodError'{0x0000000711d95330}: 'int java.lang.invoke.DirectMethodHandle$Holder.invokeStaticInit(java.lang.Object, java.lang.Object)'> (0x0000000711d95330) 
thrown [s\open\src\hotspot\share\interpreter\linkResolver.cpp, line 759]
Event: 0.435 Thread 0x000001f317a17150 Exception <a 'java/lang/NoClassDefFoundError'{0x0000000711dce3a0}: javax/enterprise/inject/Typed> (0x0000000711dce3a0) 
thrown [s\open\src\hotspot\share\classfile\systemDictionary.cpp, line 245]
Event: 0.976 Thread 0x000001f317a17150 Exception <a 'java/lang/NoSuchMethodError'{0x0000000712810688}: 'void java.lang.invoke.DirectMethodHandle$Holder.invokeStaticInit(java.lang.Object, java.lang.Object, java.lang.Object)'> (0x0000000712810688) 
thrown [s\open\src\hotspot\share\interpreter\linkResolver.cpp, line 759]
Event: 0.979 Thread 0x000001f317a17150 Exception <a 'java/lang/ExceptionInInitializerError'{0x000000071283ba68}> (0x000000071283ba68) 
thrown [s\open\src\hotspot\share\oops\instanceKlass.cpp, line 1166]

VM Operations (20 events):
Event: 0.046 Executing VM operation: HandshakeAllThreads
Event: 0.046 Executing VM operation: HandshakeAllThreads done
Event: 0.131 Executing VM operation: HandshakeAllThreads
Event: 0.131 Executing VM operation: HandshakeAllThreads done
Event: 0.141 Executing VM operation: HandshakeAllThreads
Event: 0.141 Executing VM operation: HandshakeAllThreads done
Event: 0.245 Executing VM operation: HandshakeAllThreads
Event: 0.245 Executing VM operation: HandshakeAllThreads done
Event: 0.478 Executing VM operation: G1CollectForAllocation
Event: 0.482 Executing VM operation: G1CollectForAllocation done
Event: 0.743 Executing VM operation: HandshakeAllThreads
Event: 0.743 Executing VM operation: HandshakeAllThreads done
Event: 0.828 Executing VM operation: HandshakeAllThreads
Event: 0.828 Executing VM operation: HandshakeAllThreads done
Event: 0.849 Executing VM operation: ICBufferFull
Event: 0.849 Executing VM operation: ICBufferFull done
Event: 0.918 Executing VM operation: G1CollectForAllocation
Event: 0.922 Executing VM operation: G1CollectForAllocation done
Event: 0.982 Executing VM operation: HandshakeAllThreads
Event: 0.982 Executing VM operation: HandshakeAllThreads done

Events (20 events):
Event: 0.861 loading class sun/reflect/generics/tree/VoidDescriptor
Event: 0.861 loading class sun/reflect/generics/tree/VoidDescriptor done
Event: 0.861 loading class sun/reflect/generics/tree/MethodTypeSignature
Event: 0.861 loading class sun/reflect/generics/tree/MethodTypeSignature done
Event: 0.917 loading class sun/reflect/generics/repository/FieldRepository
Event: 0.917 loading class sun/reflect/generics/repository/FieldRepository done
Event: 0.930 loading class java/io/UncheckedIOException
Event: 0.930 loading class java/io/UncheckedIOException done
Event: 0.935 loading class java/util/concurrent/atomic/AtomicBoolean
Event: 0.935 loading class java/util/concurrent/atomic/AtomicBoolean done
Event: 0.938 loading class java/nio/channels/OverlappingFileLockException
Event: 0.938 loading class java/nio/channels/OverlappingFileLockException done
Event: 0.938 loading class java/nio/channels/FileLock
Event: 0.938 loading class java/nio/channels/FileLock done
Event: 0.953 loading class java/nio/file/AccessDeniedException
Event: 0.953 loading class java/nio/file/AccessDeniedException done
Event: 0.978 loading class java/lang/ExceptionInInitializerError
Event: 0.978 loading class java/lang/ExceptionInInitializerError done
Event: 0.980 loading class jdk/internal/vm/annotation/ForceInline
Event: 0.980 loading class jdk/internal/vm/annotation/ForceInline done


Dynamic libraries:
0x00007ff6daad0000 - 0x00007ff6daae0000 	C:\LAB-TOOLS\JDK\jdk-17.0.6\bin\java.exe
0x00007fffa7ef0000 - 0x00007fffa8106000 	C:\WINDOWS\SYSTEM32\ntdll.dll
0x00007fffa79e0000 - 0x00007fffa7aa4000 	C:\WINDOWS\System32\KERNEL32.DLL
0x00007fffa54c0000 - 0x00007fffa5866000 	C:\WINDOWS\System32\KERNELBASE.dll
0x00007fffa5b20000 - 0x00007fffa5c31000 	C:\WINDOWS\System32\ucrtbase.dll
0x00007fff82b40000 - 0x00007fff82b5b000 	C:\LAB-TOOLS\JDK\jdk-17.0.6\bin\VCRUNTIME140.dll
0x00007fff87430000 - 0x00007fff87448000 	C:\LAB-TOOLS\JDK\jdk-17.0.6\bin\jli.dll
0x00007fffa5c50000 - 0x00007fffa5d02000 	C:\WINDOWS\System32\ADVAPI32.dll
0x00007fffa7120000 - 0x00007fffa71c7000 	C:\WINDOWS\System32\msvcrt.dll
0x00007fffa6cd0000 - 0x00007fffa6d78000 	C:\WINDOWS\System32\sechost.dll
0x00007fffa5420000 - 0x00007fffa5448000 	C:\WINDOWS\System32\bcrypt.dll
0x00007fffa7d20000 - 0x00007fffa7e35000 	C:\WINDOWS\System32\RPCRT4.dll
0x00007fffa6900000 - 0x00007fffa6aad000 	C:\WINDOWS\System32\USER32.dll
0x00007fffa52d0000 - 0x00007fffa52f6000 	C:\WINDOWS\System32\win32u.dll
0x00007fffa68b0000 - 0x00007fffa68d9000 	C:\WINDOWS\System32\GDI32.dll
0x00007fffa5300000 - 0x00007fffa5418000 	C:\WINDOWS\System32\gdi32full.dll
0x00007fff8e260000 - 0x00007fff8e4f3000 	C:\WINDOWS\WinSxS\amd64_microsoft.windows.common-controls_6595b64144ccf1df_6.0.22621.3235_none_270f74e173860f98\COMCTL32.dll
0x00007fffa5230000 - 0x00007fffa52ca000 	C:\WINDOWS\System32\msvcp_win.dll
0x00007fff9afd0000 - 0x00007fff9afda000 	C:\WINDOWS\SYSTEM32\VERSION.dll
0x00007fffa5d10000 - 0x00007fffa5d41000 	C:\WINDOWS\System32\IMM32.DLL
0x00007fff87420000 - 0x00007fff8742c000 	C:\LAB-TOOLS\JDK\jdk-17.0.6\bin\vcruntime140_1.dll
0x00007fff641d0000 - 0x00007fff6425e000 	C:\LAB-TOOLS\JDK\jdk-17.0.6\bin\msvcp140.dll
0x00007fff05bf0000 - 0x00007fff067c7000 	C:\LAB-TOOLS\JDK\jdk-17.0.6\bin\server\jvm.dll
0x00007fffa7c80000 - 0x00007fffa7c88000 	C:\WINDOWS\System32\PSAPI.DLL
0x00007fff94d10000 - 0x00007fff94d19000 	C:\WINDOWS\SYSTEM32\WSOCK32.dll
0x00007fff9dee0000 - 0x00007fff9df14000 	C:\WINDOWS\SYSTEM32\WINMM.dll
0x00007fffa7040000 - 0x00007fffa70b1000 	C:\WINDOWS\System32\WS2_32.dll
0x00007fffa4230000 - 0x00007fffa4248000 	C:\WINDOWS\SYSTEM32\kernel.appcore.dll
0x00007fff873d0000 - 0x00007fff873da000 	C:\LAB-TOOLS\JDK\jdk-17.0.6\bin\jimage.dll
0x00007fffa2cd0000 - 0x00007fffa2f03000 	C:\WINDOWS\SYSTEM32\DBGHELP.DLL
0x00007fffa71d0000 - 0x00007fffa7558000 	C:\WINDOWS\System32\combase.dll
0x00007fffa6f10000 - 0x00007fffa6fe7000 	C:\WINDOWS\System32\OLEAUT32.dll
0x00007fff95560000 - 0x00007fff95592000 	C:\WINDOWS\SYSTEM32\dbgcore.DLL
0x00007fffa5aa0000 - 0x00007fffa5b1a000 	C:\WINDOWS\System32\bcryptPrimitives.dll
0x00007fff690e0000 - 0x00007fff69105000 	C:\LAB-TOOLS\JDK\jdk-17.0.6\bin\java.dll
0x00007fff4f890000 - 0x00007fff4f967000 	C:\LAB-TOOLS\JDK\jdk-17.0.6\bin\jsvml.dll
0x00007fffa6050000 - 0x00007fffa68ad000 	C:\WINDOWS\System32\SHELL32.dll
0x00007fffa3140000 - 0x00007fffa3a38000 	C:\WINDOWS\SYSTEM32\windows.storage.dll
0x00007fffa3000000 - 0x00007fffa313e000 	C:\WINDOWS\SYSTEM32\wintypes.dll
0x00007fffa7b60000 - 0x00007fffa7c53000 	C:\WINDOWS\System32\SHCORE.dll
0x00007fffa6ab0000 - 0x00007fffa6b0e000 	C:\WINDOWS\System32\shlwapi.dll
0x00007fffa5160000 - 0x00007fffa5186000 	C:\WINDOWS\SYSTEM32\profapi.dll
0x00007fff641b0000 - 0x00007fff641c9000 	C:\LAB-TOOLS\JDK\jdk-17.0.6\bin\net.dll
0x00007fff9e3b0000 - 0x00007fff9e4e7000 	C:\WINDOWS\SYSTEM32\WINHTTP.dll
0x00007fffa46a0000 - 0x00007fffa4709000 	C:\WINDOWS\system32\mswsock.dll
0x00007fff64190000 - 0x00007fff641a6000 	C:\LAB-TOOLS\JDK\jdk-17.0.6\bin\nio.dll
0x00007fff640d0000 - 0x00007fff640e8000 	C:\LAB-TOOLS\JDK\jdk-17.0.6\bin\zip.dll
0x0000000069ac0000 - 0x0000000069ae4000 	C:\LAB-TOOLS\apache-maven-3.9.6-bin\apache-maven-3.9.6\lib\jansi-native\Windows\x86_64\jansi.dll
0x00007fff83530000 - 0x00007fff83540000 	C:\LAB-TOOLS\JDK\jdk-17.0.6\bin\verify.dll

dbghelp: loaded successfully - version: 4.0.5 - missing functions: none
symbol engine: initialized successfully - sym options: 0x614 - pdb path: .;C:\LAB-TOOLS\JDK\jdk-17.0.6\bin;C:\WINDOWS\SYSTEM32;C:\WINDOWS\WinSxS\amd64_microsoft.windows.common-controls_6595b64144ccf1df_6.0.22621.3235_none_270f74e173860f98;C:\LAB-TOOLS\JDK\jdk-17.0.6\bin\server;C:\LAB-TOOLS\apache-maven-3.9.6-bin\apache-maven-3.9.6\lib\jansi-native\Windows\x86_64

VM Arguments:
jvm_args: -Dclassworlds.conf=C:\LAB-TOOLS\apache-maven-3.9.6-bin\apache-maven-3.9.6\bin\m2.conf -Dmaven.home=C:\LAB-TOOLS\apache-maven-3.9.6-bin\apache-maven-3.9.6 -Dlibrary.jansi.path=C:\LAB-TOOLS\apache-maven-3.9.6-bin\apache-maven-3.9.6\lib\jansi-native -Dmaven.multiModuleProjectDirectory=C:\LAB-TOOLS\ECLIPSE\Eclipse-Workspace\multimedia\weblibrary 
java_command: org.codehaus.plexus.classworlds.launcher.Launcher compiler:compile -f c:\LAB-TOOLS\ECLIPSE\Eclipse-Workspace\multimedia\weblibrary\pom.xml
java_class_path (initial): C:\LAB-TOOLS\apache-maven-3.9.6-bin\apache-maven-3.9.6\boot\plexus-classworlds-2.7.0.jar
Launcher Type: SUN_STANDARD

[Global flags]
     intx CICompilerCount                          = 4                                         {product} {ergonomic}
     uint ConcGCThreads                            = 2                                         {product} {ergonomic}
     uint G1ConcRefinementThreads                  = 8                                         {product} {ergonomic}
   size_t G1HeapRegionSize                         = 2097152                                   {product} {ergonomic}
    uintx GCDrainStackTargetSize                   = 64                                        {product} {ergonomic}
   size_t InitialHeapSize                          = 266338304                                 {product} {ergonomic}
   size_t MarkStackSize                            = 4194304                                   {product} {ergonomic}
   size_t MaxHeapSize                              = 4244635648                                {product} {ergonomic}
   size_t MaxNewSize                               = 2545942528                                {product} {ergonomic}
   size_t MinHeapDeltaBytes                        = 2097152                                   {product} {ergonomic}
   size_t MinHeapSize                              = 8388608                                   {product} {ergonomic}
    uintx NonNMethodCodeHeapSize                   = 5839372                                {pd product} {ergonomic}
    uintx NonProfiledCodeHeapSize                  = 122909434                              {pd product} {ergonomic}
    uintx ProfiledCodeHeapSize                     = 122909434                              {pd product} {ergonomic}
    uintx ReservedCodeCacheSize                    = 251658240                              {pd product} {ergonomic}
     bool SegmentedCodeCache                       = true                                      {product} {ergonomic}
   size_t SoftMaxHeapSize                          = 4244635648                             {manageable} {ergonomic}
     bool UseCompressedClassPointers               = true                           {product lp64_product} {ergonomic}
     bool UseCompressedOops                        = true                           {product lp64_product} {ergonomic}
     bool UseG1GC                                  = true                                      {product} {ergonomic}
     bool UseLargePagesIndividualAllocation        = false                                  {pd product} {ergonomic}

Logging:
Log output configuration:
 #0: stdout all=warning uptime,level,tags
 #1: stderr all=off uptime,level,tags

Environment Variables:
JAVA_HOME=C:\LAB-TOOLS\JDK\jdk-17.0.6
PATH=C:\Program Files\PowerShell\7;C:\Python311\Scripts\;C:\Python311\;C:\LAB-TOOLS\JDK\jdk-17.0.6\bin;C:\Program Files\Microsoft\jdk-11.0.12.7-hotspot\bin;C:\Program Files\AdoptOpenJDK\jdk-11.0.9.101-hotspot\bin;C:\Program Files (x86)\Common Files\Oracle\Java\javapath;C:\windows\system32;C:\windows;C:\windows\System32\Wbem;C:\windows\System32\WindowsPowerShell\v1.0\;C:\windows\System32\OpenSSH\;C:\Program Files (x86)\NVIDIA Corporation\PhysX\Common;C:\Program Files\NVIDIA Corporation\NVIDIA NvDLISR;C:\Program Files (x86)\Wolfram Research\WolframScript\;C:\WINDOWS\system32;C:\WINDOWS;C:\WINDOWS\System32\Wbem;C:\WINDOWS\System32\WindowsPowerShell\v1.0\;C:\WINDOWS\System32\OpenSSH\;C:\Program Files\MATLAB\R2020a\runtime\win64;C:\Program Files\MATLAB\R2020a\bin;C:\Program Files\OpenVPN\bin;C:\Program Files\Git\cmd;C:\Program Files\Git\usr\bin;C:\Program Files\Microsoft SQL Server\150\Tools\Binn\;C:\Program Files\dotnet\;C:\MinGW\mingw32\bin;C:\WINDOWS\system32;C:\WINDOWS;C:\WINDOWS\System32\Wbem;C:\WINDOWS\System32\WindowsPowerShell\v1.0\;C:\Program Files\nodejs;C:\ProgramData\chocolatey\bin;C:\Program Files\Docker\Docker\resources\bin;C:\WINDOWS\System32\OpenSSH\;C:\Program Files\PowerShell\7\;C:\LAB-TOOLS\apache-maven-3.9.6-bin\apache-maven-3.9.6\bin;C:\Program Files\PowerShell\7-preview\preview;C:\Users\papth\scoop\shims;C:\dev\flutter\bin;C:\Users\papth\AppData\Local\Microsoft\WindowsApps;C:\Users\papth\AppData\Local\GitHubDesktop\bin;C:\Users\papth\AppData\Local\Microsoft\WindowsApps;C:\Users\papth\AppData\Local\atom\bin;C:\Users\papth\.dotnet\tools;C:\Users\papth\AppData\Roaming\npm;C:\dev\android-sdk\platform-tools;C:\Program Files\nodejs;C:\Users\papth\AppData\Local\Programs\Microsoft VS Code\bin;C:\Users\papth\AppData\Roaming\Python\Python311\Scripts;C:\Users\papth\AppData\Local\Google\Cloud SDK\google-cloud-sdk\bin
USERNAME=papth
LANG=en_US.UTF-8
OS=Windows_NT
PROCESSOR_IDENTIFIER=Intel64 Family 6 Model 142 Stepping 12, GenuineIntel



---------------  S Y S T E M  ---------------

OS:
 Windows 11 , 64 bit Build 22621 (10.0.22621.3235)
OS uptime: 0 days 13:02 hours
Hyper-V role detected

CPU: total 8 (initial active 8) (4 cores per cpu, 2 threads per core) family 6 model 142 stepping 12 microcode 0xde, cx8, cmov, fxsr, ht, mmx, 3dnowpref, sse, sse2, sse3, ssse3, sse4.1, sse4.2, popcnt, lzcnt, tsc, tscinvbit, avx, avx2, aes, erms, clmul, bmi1, bmi2, adx, fma, vzeroupper, clflush, clflushopt, hv

Memory: 4k page, system-wide physical 16187M (4929M free)
TotalPageFile size 16187M (AvailPageFile size 5M)
current process WorkingSet (physical memory assigned to process): 107M, peak: 107M
current process commit charge ("private bytes"): 372M, peak: 372M

vm_info: Java HotSpot(TM) 64-Bit Server VM (17.0.6+9-LTS-190) for windows-amd64 JRE (17.0.6+9-LTS-190), built on Dec  6 2022 15:53:54 by "mach5one" with MS VC++ 17.1 (VS2022)

END.
