#
# There is insufficient memory for the Java Runtime Environment to continue.
# Native memory allocation (malloc) failed to allocate 2054896 bytes for Chunk::new
# Possible reasons:
#   The system is out of physical RAM or swap space
#   The process is running with CompressedOops enabled, and the Java Heap may be blocking the growth of the native heap
# Possible solutions:
#   Reduce memory load on the system
#   Increase physical memory or swap space
#   Check if swap backing store is full
#   Decrease Java heap size (-Xmx/-Xms)
#   Decrease number of Java threads
#   Decrease Java thread stack sizes (-Xss)
#   Set larger code cache with -XX:ReservedCodeCacheSize=
#   JVM is running with Zero Based Compressed Oops mode in which the Java heap is
#     placed in the first 32GB address space. The Java Heap base address is the
#     maximum limit for the native heap growth. Please use -XX:HeapBaseMinAddress
#     to set the Java Heap base and to place the Java Heap above 32GB virtual address.
# This output file may be truncated or incomplete.
#
#  Out of Memory Error (arena.cpp:189), pid=14828, tid=23644
#
# JRE version: Java(TM) SE Runtime Environment (17.0.6+9) (build 17.0.6+9-LTS-190)
# Java VM: Java HotSpot(TM) 64-Bit Server VM (17.0.6+9-LTS-190, mixed mode, sharing, tiered, compressed oops, compressed class ptrs, g1 gc, windows-amd64)
# No core dump will be written. Minidumps are not enabled by default on client versions of Windows
#

---------------  S U M M A R Y ------------

Command Line: --module-path=c:\LAB-TOOLS\ECLIPSE\Eclipse-Workspace\multimedia\weblibrary\target\classes;C:\Users\papth\.m2\repository\org\openjfx\javafx-base\13\javafx-base-13-win.jar;C:\Users\papth\.m2\repository\org\openjfx\javafx-controls\13\javafx-controls-13-win.jar;C:\Users\papth\.m2\repository\org\openjfx\javafx-fxml\13\javafx-fxml-13-win.jar;C:\Users\papth\.m2\repository\org\openjfx\javafx-graphics\13\javafx-graphics-13-win.jar --add-modules=com.library -Djdk.module.main=com.library com.library/com.library.App

Host: Intel(R) Core(TM) i7-10510U CPU @ 1.80GHz, 8 cores, 15G,  Windows 11 , 64 bit Build 22621 (10.0.22621.3235)
Time: Mon Mar 18 23:36:15 2024  Windows 11 , 64 bit Build 22621 (10.0.22621.3235) elapsed time: 0.760559 seconds (0d 0h 0m 0s)

---------------  T H R E A D  ---------------

Current thread (0x0000023249e67810):  JavaThread "C2 CompilerThread2" daemon [_thread_in_native, id=23644, stack(0x0000007698500000,0x0000007698600000)]


Current CompileTask:
C2:    760 1111   !   4       com.sun.javafx.css.ParsedValueImpl::readBinary (688 bytes)

Stack: [0x0000007698500000,0x0000007698600000]
Native frames: (J=compiled Java code, j=interpreted, Vv=VM code, C=native code)
V  [jvm.dll+0x6734ea]
V  [jvm.dll+0x7d18f4]
V  [jvm.dll+0x7d309e]
V  [jvm.dll+0x7d3703]
V  [jvm.dll+0x2433c5]
V  [jvm.dll+0xaa46b]
V  [jvm.dll+0xaaa0c]
V  [jvm.dll+0x35eadf]
V  [jvm.dll+0x329401]
V  [jvm.dll+0x32889a]
V  [jvm.dll+0x215ddf]
V  [jvm.dll+0x215211]
V  [jvm.dll+0x1a1730]
V  [jvm.dll+0x224b6e]
V  [jvm.dll+0x222f15]
V  [jvm.dll+0x78753c]
V  [jvm.dll+0x781a7a]
V  [jvm.dll+0x672375]
C  [ucrtbase.dll+0x29363]
C  [KERNEL32.DLL+0x1257d]
C  [ntdll.dll+0x5aa58]


---------------  P R O C E S S  ---------------

Threads class SMR info:
_java_thread_list=0x000002324a6b73b0, length=19, elements={
0x0000023226365f00, 0x0000023248febaf0, 0x0000023248fec960, 0x0000023249003940,
0x00000232490044f0, 0x0000023249006eb0, 0x0000023249007860, 0x000002324900baf0,
0x000002324900d8b0, 0x000002324900e990, 0x0000023248fd9320, 0x0000023249e92070,
0x0000023249e67810, 0x000002324a27ea50, 0x000002324a01cbb0, 0x000002324a887b80,
0x000002324a8a1e60, 0x000002324a8a4fe0, 0x000002324a96f270
}

Java Threads: ( => current thread )
  0x0000023226365f00 JavaThread "main" [_thread_blocked, id=23628, stack(0x0000007697300000,0x0000007697400000)]
  0x0000023248febaf0 JavaThread "Reference Handler" daemon [_thread_blocked, id=15884, stack(0x0000007697a00000,0x0000007697b00000)]
  0x0000023248fec960 JavaThread "Finalizer" daemon [_thread_blocked, id=17320, stack(0x0000007697b00000,0x0000007697c00000)]
  0x0000023249003940 JavaThread "Signal Dispatcher" daemon [_thread_blocked, id=4748, stack(0x0000007697c00000,0x0000007697d00000)]
  0x00000232490044f0 JavaThread "Attach Listener" daemon [_thread_blocked, id=23128, stack(0x0000007697d00000,0x0000007697e00000)]
  0x0000023249006eb0 JavaThread "Service Thread" daemon [_thread_blocked, id=13024, stack(0x0000007697e00000,0x0000007697f00000)]
  0x0000023249007860 JavaThread "Monitor Deflation Thread" daemon [_thread_blocked, id=14584, stack(0x0000007697f00000,0x0000007698000000)]
  0x000002324900baf0 JavaThread "C2 CompilerThread0" daemon [_thread_blocked, id=10644, stack(0x0000007698000000,0x0000007698100000)]
  0x000002324900d8b0 JavaThread "C1 CompilerThread0" daemon [_thread_blocked, id=15828, stack(0x0000007698100000,0x0000007698200000)]
  0x000002324900e990 JavaThread "Sweeper thread" daemon [_thread_blocked, id=4256, stack(0x0000007698200000,0x0000007698300000)]
  0x0000023248fd9320 JavaThread "Common-Cleaner" daemon [_thread_blocked, id=14124, stack(0x0000007698300000,0x0000007698400000)]
  0x0000023249e92070 JavaThread "C2 CompilerThread1" daemon [_thread_blocked, id=8144, stack(0x0000007698400000,0x0000007698500000)]
=>0x0000023249e67810 JavaThread "C2 CompilerThread2" daemon [_thread_in_native, id=23644, stack(0x0000007698500000,0x0000007698600000)]
  0x000002324a27ea50 JavaThread "Notification Thread" daemon [_thread_blocked, id=22916, stack(0x0000007698600000,0x0000007698700000)]
  0x000002324a01cbb0 JavaThread "QuantumRenderer-0" daemon [_thread_blocked, id=19888, stack(0x0000007698800000,0x0000007698900000)]
  0x000002324a887b80 JavaThread "InvokeLaterDispatcher" daemon [_thread_blocked, id=20156, stack(0x0000007698900000,0x0000007698a00000)]
  0x000002324a8a1e60 JavaThread "JavaFX Application Thread" [_thread_in_native, id=17980, stack(0x0000007698a00000,0x0000007698b00000)]
  0x000002324a8a4fe0 JavaThread "JavaFX-Launcher" [_thread_blocked, id=21928, stack(0x0000007698f00000,0x0000007699000000)]
  0x000002324a96f270 JavaThread "Thread-2" daemon [_thread_in_native, id=24212, stack(0x0000007698e00000,0x0000007698f00000)]

Other Threads:
  0x0000023248fe7ef0 VMThread "VM Thread" [stack: 0x0000007697900000,0x0000007697a00000] [id=12328]
  0x000002324a1f7490 WatcherThread [stack: 0x0000007698700000,0x0000007698800000] [id=4100]
  0x00000232263d3380 GCTaskThread "GC Thread#0" [stack: 0x0000007697400000,0x0000007697500000] [id=19988]
  0x000002324a974c40 GCTaskThread "GC Thread#1" [stack: 0x0000007699000000,0x0000007699100000] [id=1332]
  0x000002324a94e150 GCTaskThread "GC Thread#2" [stack: 0x0000007699100000,0x0000007699200000] [id=13196]
  0x000002324a9dc370 GCTaskThread "GC Thread#3" [stack: 0x0000007699200000,0x0000007699300000] [id=1820]
  0x000002324a957880 GCTaskThread "GC Thread#4" [stack: 0x0000007699300000,0x0000007699400000] [id=2604]
  0x000002324aa00c60 GCTaskThread "GC Thread#5" [stack: 0x0000007699400000,0x0000007699500000] [id=14960]
  0x00000232263e55e0 ConcurrentGCThread "G1 Main Marker" [stack: 0x0000007697500000,0x0000007697600000] [id=21112]
  0x00000232263e6790 ConcurrentGCThread "G1 Conc#0" [stack: 0x0000007697600000,0x0000007697700000] [id=23916]
  0x0000023248e9d530 ConcurrentGCThread "G1 Refine#0" [stack: 0x0000007697700000,0x0000007697800000] [id=16440]
  0x0000023248e9de60 ConcurrentGCThread "G1 Service" [stack: 0x0000007697800000,0x0000007697900000] [id=10948]

Threads with active compile tasks:
C2 CompilerThread2      779 1111   !   4       com.sun.javafx.css.ParsedValueImpl::readBinary (688 bytes)

VM state: not at safepoint (normal execution)

VM Mutex/Monitor currently owned by a thread: None

Heap address: 0x0000000703000000, size: 4048 MB, Compressed Oops mode: Zero based, Oop shift amount: 3

CDS archive(s) mapped at: [0x0000000800000000-0x0000000800bd0000-0x0000000800bd0000), size 12386304, SharedBaseAddress: 0x0000000800000000, ArchiveRelocationMode: 0.
Compressed class space mapped at: 0x0000000800c00000-0x0000000840c00000, reserved size: 1073741824
Narrow klass base: 0x0000000800000000, Narrow klass shift: 0, Narrow klass range: 0x100000000

GC Precious Log:
 CPUs: 8 total, 8 available
 Memory: 16187M
 Large Page Support: Disabled
 NUMA Support: Disabled
 Compressed Oops: Enabled (Zero based)
 Heap Region Size: 2M
 Heap Min Capacity: 8M
 Heap Initial Capacity: 254M
 Heap Max Capacity: 4048M
 Pre-touch: Disabled
 Parallel Workers: 8
 Concurrent Workers: 2
 Concurrent Refinement Workers: 8
 Periodic GC: Disabled

Heap:
 garbage-first heap   total 260096K, used 19365K [0x0000000703000000, 0x0000000800000000)
  region size 2048K, 11 young (22528K), 2 survivors (4096K)
 Metaspace       used 9682K, committed 9920K, reserved 1064960K
  class space    used 1298K, committed 1408K, reserved 1048576K

Heap Regions: E=young(eden), S=young(survivor), O=old, HS=humongous(starts), HC=humongous(continues), CS=collection set, F=free, OA=open archive, CA=closed archive, TAMS=top-at-mark-start (previous, next)
|   0|0x0000000703000000, 0x0000000703000000, 0x0000000703200000|  0%| F|  |TAMS 0x0000000703000000, 0x0000000703000000| Untracked 
|   1|0x0000000703200000, 0x0000000703200000, 0x0000000703400000|  0%| F|  |TAMS 0x0000000703200000, 0x0000000703200000| Untracked 
|   2|0x0000000703400000, 0x0000000703400000, 0x0000000703600000|  0%| F|  |TAMS 0x0000000703400000, 0x0000000703400000| Untracked 
|   3|0x0000000703600000, 0x0000000703600000, 0x0000000703800000|  0%| F|  |TAMS 0x0000000703600000, 0x0000000703600000| Untracked 
|   4|0x0000000703800000, 0x0000000703800000, 0x0000000703a00000|  0%| F|  |TAMS 0x0000000703800000, 0x0000000703800000| Untracked 
|   5|0x0000000703a00000, 0x0000000703a00000, 0x0000000703c00000|  0%| F|  |TAMS 0x0000000703a00000, 0x0000000703a00000| Untracked 
|   6|0x0000000703c00000, 0x0000000703c00000, 0x0000000703e00000|  0%| F|  |TAMS 0x0000000703c00000, 0x0000000703c00000| Untracked 
|   7|0x0000000703e00000, 0x0000000703e00000, 0x0000000704000000|  0%| F|  |TAMS 0x0000000703e00000, 0x0000000703e00000| Untracked 
|   8|0x0000000704000000, 0x0000000704000000, 0x0000000704200000|  0%| F|  |TAMS 0x0000000704000000, 0x0000000704000000| Untracked 
|   9|0x0000000704200000, 0x0000000704200000, 0x0000000704400000|  0%| F|  |TAMS 0x0000000704200000, 0x0000000704200000| Untracked 
|  10|0x0000000704400000, 0x0000000704400000, 0x0000000704600000|  0%| F|  |TAMS 0x0000000704400000, 0x0000000704400000| Untracked 
|  11|0x0000000704600000, 0x0000000704600000, 0x0000000704800000|  0%| F|  |TAMS 0x0000000704600000, 0x0000000704600000| Untracked 
|  12|0x0000000704800000, 0x0000000704800000, 0x0000000704a00000|  0%| F|  |TAMS 0x0000000704800000, 0x0000000704800000| Untracked 
|  13|0x0000000704a00000, 0x0000000704a00000, 0x0000000704c00000|  0%| F|  |TAMS 0x0000000704a00000, 0x0000000704a00000| Untracked 
|  14|0x0000000704c00000, 0x0000000704c00000, 0x0000000704e00000|  0%| F|  |TAMS 0x0000000704c00000, 0x0000000704c00000| Untracked 
|  15|0x0000000704e00000, 0x0000000704e00000, 0x0000000705000000|  0%| F|  |TAMS 0x0000000704e00000, 0x0000000704e00000| Untracked 
|  16|0x0000000705000000, 0x0000000705000000, 0x0000000705200000|  0%| F|  |TAMS 0x0000000705000000, 0x0000000705000000| Untracked 
|  17|0x0000000705200000, 0x0000000705200000, 0x0000000705400000|  0%| F|  |TAMS 0x0000000705200000, 0x0000000705200000| Untracked 
|  18|0x0000000705400000, 0x0000000705400000, 0x0000000705600000|  0%| F|  |TAMS 0x0000000705400000, 0x0000000705400000| Untracked 
|  19|0x0000000705600000, 0x0000000705600000, 0x0000000705800000|  0%| F|  |TAMS 0x0000000705600000, 0x0000000705600000| Untracked 
|  20|0x0000000705800000, 0x0000000705800000, 0x0000000705a00000|  0%| F|  |TAMS 0x0000000705800000, 0x0000000705800000| Untracked 
|  21|0x0000000705a00000, 0x0000000705a00000, 0x0000000705c00000|  0%| F|  |TAMS 0x0000000705a00000, 0x0000000705a00000| Untracked 
|  22|0x0000000705c00000, 0x0000000705c00000, 0x0000000705e00000|  0%| F|  |TAMS 0x0000000705c00000, 0x0000000705c00000| Untracked 
|  23|0x0000000705e00000, 0x0000000705e00000, 0x0000000706000000|  0%| F|  |TAMS 0x0000000705e00000, 0x0000000705e00000| Untracked 
|  24|0x0000000706000000, 0x0000000706000000, 0x0000000706200000|  0%| F|  |TAMS 0x0000000706000000, 0x0000000706000000| Untracked 
|  25|0x0000000706200000, 0x0000000706200000, 0x0000000706400000|  0%| F|  |TAMS 0x0000000706200000, 0x0000000706200000| Untracked 
|  26|0x0000000706400000, 0x0000000706400000, 0x0000000706600000|  0%| F|  |TAMS 0x0000000706400000, 0x0000000706400000| Untracked 
|  27|0x0000000706600000, 0x0000000706600000, 0x0000000706800000|  0%| F|  |TAMS 0x0000000706600000, 0x0000000706600000| Untracked 
|  28|0x0000000706800000, 0x0000000706800000, 0x0000000706a00000|  0%| F|  |TAMS 0x0000000706800000, 0x0000000706800000| Untracked 
|  29|0x0000000706a00000, 0x0000000706a00000, 0x0000000706c00000|  0%| F|  |TAMS 0x0000000706a00000, 0x0000000706a00000| Untracked 
|  30|0x0000000706c00000, 0x0000000706c00000, 0x0000000706e00000|  0%| F|  |TAMS 0x0000000706c00000, 0x0000000706c00000| Untracked 
|  31|0x0000000706e00000, 0x0000000706e00000, 0x0000000707000000|  0%| F|  |TAMS 0x0000000706e00000, 0x0000000706e00000| Untracked 
|  32|0x0000000707000000, 0x0000000707000000, 0x0000000707200000|  0%| F|  |TAMS 0x0000000707000000, 0x0000000707000000| Untracked 
|  33|0x0000000707200000, 0x0000000707200000, 0x0000000707400000|  0%| F|  |TAMS 0x0000000707200000, 0x0000000707200000| Untracked 
|  34|0x0000000707400000, 0x0000000707400000, 0x0000000707600000|  0%| F|  |TAMS 0x0000000707400000, 0x0000000707400000| Untracked 
|  35|0x0000000707600000, 0x0000000707600000, 0x0000000707800000|  0%| F|  |TAMS 0x0000000707600000, 0x0000000707600000| Untracked 
|  36|0x0000000707800000, 0x0000000707800000, 0x0000000707a00000|  0%| F|  |TAMS 0x0000000707800000, 0x0000000707800000| Untracked 
|  37|0x0000000707a00000, 0x0000000707a00000, 0x0000000707c00000|  0%| F|  |TAMS 0x0000000707a00000, 0x0000000707a00000| Untracked 
|  38|0x0000000707c00000, 0x0000000707c00000, 0x0000000707e00000|  0%| F|  |TAMS 0x0000000707c00000, 0x0000000707c00000| Untracked 
|  39|0x0000000707e00000, 0x0000000707e00000, 0x0000000708000000|  0%| F|  |TAMS 0x0000000707e00000, 0x0000000707e00000| Untracked 
|  40|0x0000000708000000, 0x0000000708000000, 0x0000000708200000|  0%| F|  |TAMS 0x0000000708000000, 0x0000000708000000| Untracked 
|  41|0x0000000708200000, 0x0000000708200000, 0x0000000708400000|  0%| F|  |TAMS 0x0000000708200000, 0x0000000708200000| Untracked 
|  42|0x0000000708400000, 0x0000000708400000, 0x0000000708600000|  0%| F|  |TAMS 0x0000000708400000, 0x0000000708400000| Untracked 
|  43|0x0000000708600000, 0x0000000708600000, 0x0000000708800000|  0%| F|  |TAMS 0x0000000708600000, 0x0000000708600000| Untracked 
|  44|0x0000000708800000, 0x0000000708800000, 0x0000000708a00000|  0%| F|  |TAMS 0x0000000708800000, 0x0000000708800000| Untracked 
|  45|0x0000000708a00000, 0x0000000708a00000, 0x0000000708c00000|  0%| F|  |TAMS 0x0000000708a00000, 0x0000000708a00000| Untracked 
|  46|0x0000000708c00000, 0x0000000708c00000, 0x0000000708e00000|  0%| F|  |TAMS 0x0000000708c00000, 0x0000000708c00000| Untracked 
|  47|0x0000000708e00000, 0x0000000708e00000, 0x0000000709000000|  0%| F|  |TAMS 0x0000000708e00000, 0x0000000708e00000| Untracked 
|  48|0x0000000709000000, 0x0000000709000000, 0x0000000709200000|  0%| F|  |TAMS 0x0000000709000000, 0x0000000709000000| Untracked 
|  49|0x0000000709200000, 0x0000000709200000, 0x0000000709400000|  0%| F|  |TAMS 0x0000000709200000, 0x0000000709200000| Untracked 
|  50|0x0000000709400000, 0x0000000709400000, 0x0000000709600000|  0%| F|  |TAMS 0x0000000709400000, 0x0000000709400000| Untracked 
|  51|0x0000000709600000, 0x0000000709600000, 0x0000000709800000|  0%| F|  |TAMS 0x0000000709600000, 0x0000000709600000| Untracked 
|  52|0x0000000709800000, 0x0000000709800000, 0x0000000709a00000|  0%| F|  |TAMS 0x0000000709800000, 0x0000000709800000| Untracked 
|  53|0x0000000709a00000, 0x0000000709a00000, 0x0000000709c00000|  0%| F|  |TAMS 0x0000000709a00000, 0x0000000709a00000| Untracked 
|  54|0x0000000709c00000, 0x0000000709c00000, 0x0000000709e00000|  0%| F|  |TAMS 0x0000000709c00000, 0x0000000709c00000| Untracked 
|  55|0x0000000709e00000, 0x0000000709e00000, 0x000000070a000000|  0%| F|  |TAMS 0x0000000709e00000, 0x0000000709e00000| Untracked 
|  56|0x000000070a000000, 0x000000070a000000, 0x000000070a200000|  0%| F|  |TAMS 0x000000070a000000, 0x000000070a000000| Untracked 
|  57|0x000000070a200000, 0x000000070a200000, 0x000000070a400000|  0%| F|  |TAMS 0x000000070a200000, 0x000000070a200000| Untracked 
|  58|0x000000070a400000, 0x000000070a400000, 0x000000070a600000|  0%| F|  |TAMS 0x000000070a400000, 0x000000070a400000| Untracked 
|  59|0x000000070a600000, 0x000000070a600000, 0x000000070a800000|  0%| F|  |TAMS 0x000000070a600000, 0x000000070a600000| Untracked 
|  60|0x000000070a800000, 0x000000070a800000, 0x000000070aa00000|  0%| F|  |TAMS 0x000000070a800000, 0x000000070a800000| Untracked 
|  61|0x000000070aa00000, 0x000000070aa00000, 0x000000070ac00000|  0%| F|  |TAMS 0x000000070aa00000, 0x000000070aa00000| Untracked 
|  62|0x000000070ac00000, 0x000000070ac00000, 0x000000070ae00000|  0%| F|  |TAMS 0x000000070ac00000, 0x000000070ac00000| Untracked 
|  63|0x000000070ae00000, 0x000000070ae00000, 0x000000070b000000|  0%| F|  |TAMS 0x000000070ae00000, 0x000000070ae00000| Untracked 
|  64|0x000000070b000000, 0x000000070b000000, 0x000000070b200000|  0%| F|  |TAMS 0x000000070b000000, 0x000000070b000000| Untracked 
|  65|0x000000070b200000, 0x000000070b200000, 0x000000070b400000|  0%| F|  |TAMS 0x000000070b200000, 0x000000070b200000| Untracked 
|  66|0x000000070b400000, 0x000000070b400000, 0x000000070b600000|  0%| F|  |TAMS 0x000000070b400000, 0x000000070b400000| Untracked 
|  67|0x000000070b600000, 0x000000070b600000, 0x000000070b800000|  0%| F|  |TAMS 0x000000070b600000, 0x000000070b600000| Untracked 
|  68|0x000000070b800000, 0x000000070b800000, 0x000000070ba00000|  0%| F|  |TAMS 0x000000070b800000, 0x000000070b800000| Untracked 
|  69|0x000000070ba00000, 0x000000070ba00000, 0x000000070bc00000|  0%| F|  |TAMS 0x000000070ba00000, 0x000000070ba00000| Untracked 
|  70|0x000000070bc00000, 0x000000070bc00000, 0x000000070be00000|  0%| F|  |TAMS 0x000000070bc00000, 0x000000070bc00000| Untracked 
|  71|0x000000070be00000, 0x000000070be00000, 0x000000070c000000|  0%| F|  |TAMS 0x000000070be00000, 0x000000070be00000| Untracked 
|  72|0x000000070c000000, 0x000000070c000000, 0x000000070c200000|  0%| F|  |TAMS 0x000000070c000000, 0x000000070c000000| Untracked 
|  73|0x000000070c200000, 0x000000070c200000, 0x000000070c400000|  0%| F|  |TAMS 0x000000070c200000, 0x000000070c200000| Untracked 
|  74|0x000000070c400000, 0x000000070c400000, 0x000000070c600000|  0%| F|  |TAMS 0x000000070c400000, 0x000000070c400000| Untracked 
|  75|0x000000070c600000, 0x000000070c600000, 0x000000070c800000|  0%| F|  |TAMS 0x000000070c600000, 0x000000070c600000| Untracked 
|  76|0x000000070c800000, 0x000000070c800000, 0x000000070ca00000|  0%| F|  |TAMS 0x000000070c800000, 0x000000070c800000| Untracked 
|  77|0x000000070ca00000, 0x000000070ca00000, 0x000000070cc00000|  0%| F|  |TAMS 0x000000070ca00000, 0x000000070ca00000| Untracked 
|  78|0x000000070cc00000, 0x000000070cc00000, 0x000000070ce00000|  0%| F|  |TAMS 0x000000070cc00000, 0x000000070cc00000| Untracked 
|  79|0x000000070ce00000, 0x000000070ce00000, 0x000000070d000000|  0%| F|  |TAMS 0x000000070ce00000, 0x000000070ce00000| Untracked 
|  80|0x000000070d000000, 0x000000070d000000, 0x000000070d200000|  0%| F|  |TAMS 0x000000070d000000, 0x000000070d000000| Untracked 
|  81|0x000000070d200000, 0x000000070d200000, 0x000000070d400000|  0%| F|  |TAMS 0x000000070d200000, 0x000000070d200000| Untracked 
|  82|0x000000070d400000, 0x000000070d400000, 0x000000070d600000|  0%| F|  |TAMS 0x000000070d400000, 0x000000070d400000| Untracked 
|  83|0x000000070d600000, 0x000000070d600000, 0x000000070d800000|  0%| F|  |TAMS 0x000000070d600000, 0x000000070d600000| Untracked 
|  84|0x000000070d800000, 0x000000070d800000, 0x000000070da00000|  0%| F|  |TAMS 0x000000070d800000, 0x000000070d800000| Untracked 
|  85|0x000000070da00000, 0x000000070da00000, 0x000000070dc00000|  0%| F|  |TAMS 0x000000070da00000, 0x000000070da00000| Untracked 
|  86|0x000000070dc00000, 0x000000070dc00000, 0x000000070de00000|  0%| F|  |TAMS 0x000000070dc00000, 0x000000070dc00000| Untracked 
|  87|0x000000070de00000, 0x000000070de00000, 0x000000070e000000|  0%| F|  |TAMS 0x000000070de00000, 0x000000070de00000| Untracked 
|  88|0x000000070e000000, 0x000000070e000000, 0x000000070e200000|  0%| F|  |TAMS 0x000000070e000000, 0x000000070e000000| Untracked 
|  89|0x000000070e200000, 0x000000070e200000, 0x000000070e400000|  0%| F|  |TAMS 0x000000070e200000, 0x000000070e200000| Untracked 
|  90|0x000000070e400000, 0x000000070e400000, 0x000000070e600000|  0%| F|  |TAMS 0x000000070e400000, 0x000000070e400000| Untracked 
|  91|0x000000070e600000, 0x000000070e600000, 0x000000070e800000|  0%| F|  |TAMS 0x000000070e600000, 0x000000070e600000| Untracked 
|  92|0x000000070e800000, 0x000000070e800000, 0x000000070ea00000|  0%| F|  |TAMS 0x000000070e800000, 0x000000070e800000| Untracked 
|  93|0x000000070ea00000, 0x000000070ea00000, 0x000000070ec00000|  0%| F|  |TAMS 0x000000070ea00000, 0x000000070ea00000| Untracked 
|  94|0x000000070ec00000, 0x000000070ec00000, 0x000000070ee00000|  0%| F|  |TAMS 0x000000070ec00000, 0x000000070ec00000| Untracked 
|  95|0x000000070ee00000, 0x000000070ee00000, 0x000000070f000000|  0%| F|  |TAMS 0x000000070ee00000, 0x000000070ee00000| Untracked 
|  96|0x000000070f000000, 0x000000070f000000, 0x000000070f200000|  0%| F|  |TAMS 0x000000070f000000, 0x000000070f000000| Untracked 
|  97|0x000000070f200000, 0x000000070f200000, 0x000000070f400000|  0%| F|  |TAMS 0x000000070f200000, 0x000000070f200000| Untracked 
|  98|0x000000070f400000, 0x000000070f400000, 0x000000070f600000|  0%| F|  |TAMS 0x000000070f400000, 0x000000070f400000| Untracked 
|  99|0x000000070f600000, 0x000000070f600000, 0x000000070f800000|  0%| F|  |TAMS 0x000000070f600000, 0x000000070f600000| Untracked 
| 100|0x000000070f800000, 0x000000070f800000, 0x000000070fa00000|  0%| F|  |TAMS 0x000000070f800000, 0x000000070f800000| Untracked 
| 101|0x000000070fa00000, 0x000000070fa00000, 0x000000070fc00000|  0%| F|  |TAMS 0x000000070fa00000, 0x000000070fa00000| Untracked 
| 102|0x000000070fc00000, 0x000000070fc00000, 0x000000070fe00000|  0%| F|  |TAMS 0x000000070fc00000, 0x000000070fc00000| Untracked 
| 103|0x000000070fe00000, 0x000000070fe00000, 0x0000000710000000|  0%| F|  |TAMS 0x000000070fe00000, 0x000000070fe00000| Untracked 
| 104|0x0000000710000000, 0x0000000710000000, 0x0000000710200000|  0%| F|  |TAMS 0x0000000710000000, 0x0000000710000000| Untracked 
| 105|0x0000000710200000, 0x0000000710200000, 0x0000000710400000|  0%| F|  |TAMS 0x0000000710200000, 0x0000000710200000| Untracked 
| 106|0x0000000710400000, 0x0000000710400000, 0x0000000710600000|  0%| F|  |TAMS 0x0000000710400000, 0x0000000710400000| Untracked 
| 107|0x0000000710600000, 0x0000000710600000, 0x0000000710800000|  0%| F|  |TAMS 0x0000000710600000, 0x0000000710600000| Untracked 
| 108|0x0000000710800000, 0x0000000710800000, 0x0000000710a00000|  0%| F|  |TAMS 0x0000000710800000, 0x0000000710800000| Untracked 
| 109|0x0000000710a00000, 0x0000000710a00000, 0x0000000710c00000|  0%| F|  |TAMS 0x0000000710a00000, 0x0000000710a00000| Untracked 
| 110|0x0000000710c00000, 0x0000000710c00000, 0x0000000710e00000|  0%| F|  |TAMS 0x0000000710c00000, 0x0000000710c00000| Untracked 
| 111|0x0000000710e00000, 0x0000000710e00000, 0x0000000711000000|  0%| F|  |TAMS 0x0000000710e00000, 0x0000000710e00000| Untracked 
| 112|0x0000000711000000, 0x0000000711000000, 0x0000000711200000|  0%| F|  |TAMS 0x0000000711000000, 0x0000000711000000| Untracked 
| 113|0x0000000711200000, 0x0000000711200000, 0x0000000711400000|  0%| F|  |TAMS 0x0000000711200000, 0x0000000711200000| Untracked 
| 114|0x0000000711400000, 0x00000007114e9540, 0x0000000711600000| 45%| S|CS|TAMS 0x0000000711400000, 0x0000000711400000| Complete 
| 115|0x0000000711600000, 0x0000000711800000, 0x0000000711800000|100%| S|CS|TAMS 0x0000000711600000, 0x0000000711600000| Complete 
| 116|0x0000000711800000, 0x0000000711800000, 0x0000000711a00000|  0%| F|  |TAMS 0x0000000711800000, 0x0000000711800000| Untracked 
| 117|0x0000000711a00000, 0x0000000711a00000, 0x0000000711c00000|  0%| F|  |TAMS 0x0000000711a00000, 0x0000000711a00000| Untracked 
| 118|0x0000000711c00000, 0x0000000711ce8698, 0x0000000711e00000| 45%| E|  |TAMS 0x0000000711c00000, 0x0000000711c00000| Complete 
| 119|0x0000000711e00000, 0x0000000712000000, 0x0000000712000000|100%| E|CS|TAMS 0x0000000711e00000, 0x0000000711e00000| Complete 
| 120|0x0000000712000000, 0x0000000712200000, 0x0000000712200000|100%| E|CS|TAMS 0x0000000712000000, 0x0000000712000000| Complete 
| 121|0x0000000712200000, 0x0000000712400000, 0x0000000712400000|100%| E|CS|TAMS 0x0000000712200000, 0x0000000712200000| Complete 
| 122|0x0000000712400000, 0x0000000712600000, 0x0000000712600000|100%| E|CS|TAMS 0x0000000712400000, 0x0000000712400000| Complete 
| 123|0x0000000712600000, 0x0000000712800000, 0x0000000712800000|100%| E|CS|TAMS 0x0000000712600000, 0x0000000712600000| Complete 
| 124|0x0000000712800000, 0x0000000712a00000, 0x0000000712a00000|100%| E|CS|TAMS 0x0000000712800000, 0x0000000712800000| Complete 
| 125|0x0000000712a00000, 0x0000000712c00000, 0x0000000712c00000|100%| E|CS|TAMS 0x0000000712a00000, 0x0000000712a00000| Complete 
| 126|0x0000000712c00000, 0x0000000712e00000, 0x0000000712e00000|100%| E|CS|TAMS 0x0000000712c00000, 0x0000000712c00000| Complete 

Card table byte_map: [0x000002323d700000,0x000002323def0000] _byte_map_base: 0x0000023239ee8000

Marking Bits (Prev, Next): (CMBitMap*) 0x00000232263d3990, (CMBitMap*) 0x00000232263d39d0
 Prev Bits: [0x000002323e6e0000, 0x0000023242620000)
 Next Bits: [0x0000023242620000, 0x0000023246560000)

Polling page: 0x0000023225b30000

Metaspace:

Usage:
  Non-class:      8.19 MB used.
      Class:      1.27 MB used.
       Both:      9.46 MB used.

Virtual space:
  Non-class space:       16.00 MB reserved,       8.31 MB ( 52%) committed,  2 nodes.
      Class space:        1.00 GB reserved,       1.38 MB ( <1%) committed,  1 nodes.
             Both:        1.02 GB reserved,       9.69 MB ( <1%) committed. 

Chunk freelists:
   Non-Class:  2.80 MB
       Class:  2.52 MB
        Both:  5.31 MB

MaxMetaspaceSize: unlimited
CompressedClassSpaceSize: 1.00 GB
Initial GC threshold: 21.00 MB
Current GC threshold: 21.00 MB
CDS: on
MetaspaceReclaimPolicy: balanced
 - commit_granule_bytes: 65536.
 - commit_granule_words: 8192.
 - virtual_space_node_default_size: 1048576.
 - enlarge_chunks_in_place: 1.
 - new_chunks_are_fully_committed: 0.
 - uncommit_free_chunks: 1.
 - use_allocation_guard: 0.
 - handle_deallocations: 1.


Internal statistics:

num_allocs_failed_limit: 0.
num_arena_births: 142.
num_arena_deaths: 0.
num_vsnodes_births: 3.
num_vsnodes_deaths: 0.
num_space_committed: 155.
num_space_uncommitted: 0.
num_chunks_returned_to_freelist: 0.
num_chunks_taken_from_freelist: 417.
num_chunk_merges: 0.
num_chunk_splits: 292.
num_chunks_enlarged: 234.
num_purges: 0.
num_inconsistent_stats: 0.

CodeHeap 'non-profiled nmethods': size=120000Kb used=407Kb max_used=407Kb free=119592Kb
 bounds [0x00000232356b0000, 0x0000023235920000, 0x000002323cbe0000]
CodeHeap 'profiled nmethods': size=120000Kb used=2108Kb max_used=2108Kb free=117891Kb
 bounds [0x000002322dbe0000, 0x000002322de50000, 0x0000023235110000]
CodeHeap 'non-nmethods': size=5760Kb used=1312Kb max_used=1325Kb free=4447Kb
 bounds [0x0000023235110000, 0x0000023235380000, 0x00000232356b0000]
 total_blobs=1875 nmethods=1226 adapters=562
 compilation: enabled
              stopped_count=0, restarted_count=0
 full_count=0

Compilation events (20 events):
Event: 0.690 Thread 0x000002324900d8b0 1210       1       javafx.scene.Node::getStyleClass (5 bytes)
Event: 0.690 Thread 0x000002324900d8b0 nmethod 1210 0x0000023235714590 code [0x0000023235714720, 0x00000232357147f8]
Event: 0.694 Thread 0x000002324900d8b0 1212       3       java.lang.invoke.MemberName::<init> (139 bytes)
Event: 0.695 Thread 0x000002324900d8b0 nmethod 1212 0x000002322dde5b90 code [0x000002322dde5ec0, 0x000002322dde7118]
Event: 0.699 Thread 0x000002324900d8b0 1213       3       java.lang.StringLatin1::canEncode (13 bytes)
Event: 0.699 Thread 0x000002324900d8b0 nmethod 1213 0x000002322dde7690 code [0x000002322dde7820, 0x000002322dde7978]
Event: 0.704 Thread 0x000002324900d8b0 1214       3       java.lang.Enum::equals (11 bytes)
Event: 0.704 Thread 0x000002324900d8b0 nmethod 1214 0x000002322dde7a10 code [0x000002322dde7ba0, 0x000002322dde7d18]
Event: 0.751 Thread 0x0000023249e92070 1216       4       jdk.internal.org.objectweb.asm.SymbolTable$Entry::<init> (17 bytes)
Event: 0.752 Thread 0x0000023249e92070 nmethod 1216 0x0000023235714b90 code [0x0000023235714d00, 0x0000023235714f58]
Event: 0.757 Thread 0x000002324900d8b0 1217       3       java.lang.invoke.MemberName::hashCode (43 bytes)
Event: 0.758 Thread 0x000002324900d8b0 nmethod 1217 0x000002322dde7d90 code [0x000002322dde7fe0, 0x000002322dde8d48]
Event: 0.758 Thread 0x000002324900d8b0 1218       3       java.util.Objects::hash (5 bytes)
Event: 0.758 Thread 0x000002324900d8b0 nmethod 1218 0x000002322dde9090 code [0x000002322dde9220, 0x000002322dde9328]
Event: 0.758 Thread 0x000002324900d8b0 1219       3       java.lang.invoke.MethodHandles$Lookup$ClassFile::readUnsignedShort (39 bytes)
Event: 0.758 Thread 0x000002324900d8b0 nmethod 1219 0x000002322dde9410 code [0x000002322dde95c0, 0x000002322dde97c8]
Event: 0.758 Thread 0x000002324900d8b0 1221       3       java.lang.AbstractStringBuilder::checkRange (63 bytes)
Event: 0.759 Thread 0x000002324900d8b0 nmethod 1221 0x000002322dde9910 code [0x000002322dde9ba0, 0x000002322ddea4f8]
Event: 0.759 Thread 0x000002324900d8b0 1220       1       jdk.internal.org.objectweb.asm.ClassReader::getMaxStringLength (5 bytes)
Event: 0.759 Thread 0x000002324900d8b0 nmethod 1220 0x0000023235715010 code [0x00000232357151a0, 0x0000023235715278]

GC Heap History (2 events):
Event: 0.519 GC heap before
{Heap before GC invocations=0 (full 0):
 garbage-first heap   total 260096K, used 22528K [0x0000000703000000, 0x0000000800000000)
  region size 2048K, 11 young (22528K), 0 survivors (0K)
 Metaspace       used 5966K, committed 6144K, reserved 1056768K
  class space    used 733K, committed 832K, reserved 1048576K
}
Event: 0.522 GC heap after
{Heap after GC invocations=1 (full 0):
 garbage-first heap   total 260096K, used 2981K [0x0000000703000000, 0x0000000800000000)
  region size 2048K, 2 young (4096K), 2 survivors (4096K)
 Metaspace       used 5966K, committed 6144K, reserved 1056768K
  class space    used 733K, committed 832K, reserved 1048576K
}

Deoptimization events (20 events):
Event: 0.613 Thread 0x000002324a8a1e60 Uncommon trap: trap_request=0xffffff45 fr.pc=0x000002323570734c relative=0x000000000000058c
Event: 0.613 Thread 0x000002324a8a1e60 Uncommon trap: reason=unstable_if action=reinterpret pc=0x000002323570734c method=java.util.HashMap.getNode(Ljava/lang/Object;)Ljava/util/HashMap$Node; @ 85 c2
Event: 0.613 Thread 0x000002324a8a1e60 DEOPT PACKING pc=0x000002323570734c sp=0x0000007698afcdc0
Event: 0.613 Thread 0x000002324a8a1e60 DEOPT UNPACKING pc=0x00000232351623a3 sp=0x0000007698afcd40 mode 2
Event: 0.648 Thread 0x000002324a8a1e60 Uncommon trap: trap_request=0xffffffc6 fr.pc=0x00000232357091f4 relative=0x00000000000006b4
Event: 0.648 Thread 0x000002324a8a1e60 Uncommon trap: reason=bimorphic_or_optimized_type_check action=maybe_recompile pc=0x00000232357091f4 method=java.util.HashMap.getNode(Ljava/lang/Object;)Ljava/util/HashMap$Node; @ 63 c2
Event: 0.648 Thread 0x000002324a8a1e60 DEOPT PACKING pc=0x00000232357091f4 sp=0x0000007698afe190
Event: 0.648 Thread 0x000002324a8a1e60 DEOPT UNPACKING pc=0x00000232351623a3 sp=0x0000007698afe0a8 mode 2
Event: 0.648 Thread 0x000002324a8a1e60 Uncommon trap: trap_request=0xffffffc6 fr.pc=0x00000232357091f4 relative=0x00000000000006b4
Event: 0.648 Thread 0x000002324a8a1e60 Uncommon trap: reason=bimorphic_or_optimized_type_check action=maybe_recompile pc=0x00000232357091f4 method=java.util.HashMap.getNode(Ljava/lang/Object;)Ljava/util/HashMap$Node; @ 63 c2
Event: 0.648 Thread 0x000002324a8a1e60 DEOPT PACKING pc=0x00000232357091f4 sp=0x0000007698afe150
Event: 0.648 Thread 0x000002324a8a1e60 DEOPT UNPACKING pc=0x00000232351623a3 sp=0x0000007698afe068 mode 2
Event: 0.687 Thread 0x000002324a8a1e60 Uncommon trap: trap_request=0xffffff45 fr.pc=0x000002323570924c relative=0x000000000000070c
Event: 0.687 Thread 0x000002324a8a1e60 Uncommon trap: reason=unstable_if action=reinterpret pc=0x000002323570924c method=java.util.HashMap.hash(Ljava/lang/Object;)I @ 1 c2
Event: 0.687 Thread 0x000002324a8a1e60 DEOPT PACKING pc=0x000002323570924c sp=0x0000007698afdc20
Event: 0.687 Thread 0x000002324a8a1e60 DEOPT UNPACKING pc=0x00000232351623a3 sp=0x0000007698afdac8 mode 2
Event: 0.699 Thread 0x000002324a8a1e60 Uncommon trap: trap_request=0xffffff45 fr.pc=0x00000232356bf3b8 relative=0x0000000000000038
Event: 0.699 Thread 0x000002324a8a1e60 Uncommon trap: reason=unstable_if action=reinterpret pc=0x00000232356bf3b8 method=java.lang.StringLatin1.canEncode(I)Z @ 4 c2
Event: 0.699 Thread 0x000002324a8a1e60 DEOPT PACKING pc=0x00000232356bf3b8 sp=0x0000007698afc130
Event: 0.699 Thread 0x000002324a8a1e60 DEOPT UNPACKING pc=0x00000232351623a3 sp=0x0000007698afc0c0 mode 2

Classes unloaded (0 events):
No events

Classes redefined (0 events):
No events

Internal exceptions (19 events):
Event: 0.075 Thread 0x0000023226365f00 Exception <a 'java/lang/NoSuchMethodError'{0x0000000712d1cfd0}: 'void java.lang.invoke.DirectMethodHandle$Holder.invokeVirtual(java.lang.Object, java.lang.Object)'> (0x0000000712d1cfd0) 
thrown [s\open\src\hotspot\share\interpreter\linkResolver.cpp, line 759]
Event: 0.155 Thread 0x0000023226365f00 Exception <a 'java/lang/NoSuchMethodError'{0x000000071266c0f0}: 'java.lang.Object java.lang.invoke.DirectMethodHandle$Holder.invokeStaticInit(java.lang.Object)'> (0x000000071266c0f0) 
thrown [s\open\src\hotspot\share\interpreter\linkResolver.cpp, line 759]
Event: 0.158 Thread 0x0000023226365f00 Exception <a 'java/lang/NoSuchMethodError'{0x00000007126c3dc8}: 'void java.lang.invoke.DirectMethodHandle$Holder.invokeStatic(java.lang.Object, java.lang.Object)'> (0x00000007126c3dc8) 
thrown [s\open\src\hotspot\share\interpreter\linkResolver.cpp, line 759]
Event: 0.350 Thread 0x0000023226365f00 Exception <a 'java/lang/NoSuchMethodError'{0x0000000712086d78}: 'void java.lang.invoke.DirectMethodHandle$Holder.invokeSpecial(java.lang.Object, java.lang.Object, java.lang.Object)'> (0x0000000712086d78) 
thrown [s\open\src\hotspot\share\interpreter\linkResolver.cpp, line 759]
Event: 0.356 Thread 0x0000023226365f00 Exception <a 'java/lang/NoSuchMethodError'{0x00000007120bd9a8}: 'void java.lang.invoke.DirectMethodHandle$Holder.invokeStatic(java.lang.Object, java.lang.Object, java.lang.Object)'> (0x00000007120bd9a8) 
thrown [s\open\src\hotspot\share\interpreter\linkResolver.cpp, line 759]
Event: 0.388 Thread 0x0000023226365f00 Exception <a 'java/lang/NoSuchMethodError'{0x00000007120da440}: 'int java.lang.invoke.DirectMethodHandle$Holder.invokeStaticInit(java.lang.Object, java.lang.Object, java.lang.Object)'> (0x00000007120da440) 
thrown [s\open\src\hotspot\share\interpreter\linkResolver.cpp, line 759]
Event: 0.406 Thread 0x0000023226365f00 Exception <a 'java/lang/NoSuchMethodError'{0x0000000711e10490}: 'java.lang.Object java.lang.invoke.DirectMethodHandle$Holder.newInvokeSpecial(java.lang.Object, java.lang.Object, int, java.lang.Object)'> (0x0000000711e10490) 
thrown [s\open\src\hotspot\share\interpreter\linkResolver.cpp, line 759]
Event: 0.406 Thread 0x0000023226365f00 Exception <a 'java/lang/NoSuchMethodError'{0x0000000711e14870}: 'java.lang.Object java.lang.invoke.DirectMethodHandle$Holder.invokeSpecial(java.lang.Object, java.lang.Object, java.lang.Object, int, java.lang.Object)'> (0x0000000711e14870) 
thrown [s\open\src\hotspot\share\interpreter\linkResolver.cpp, line 759]
Event: 0.443 Thread 0x000002324a8a1e60 Exception <a 'java/lang/NoSuchMethodError'{0x0000000711d1bb98}: 'void java.lang.invoke.DirectMethodHandle$Holder.invokeStaticInit(java.lang.Object)'> (0x0000000711d1bb98) 
thrown [s\open\src\hotspot\share\interpreter\linkResolver.cpp, line 759]
Event: 0.445 Thread 0x0000023226365f00 Exception <a 'java/lang/NoSuchMethodError'{0x0000000711e29a00}: 'java.lang.Object java.lang.invoke.DirectMethodHandle$Holder.newInvokeSpecial(java.lang.Object, java.lang.Object, java.lang.Object, java.lang.Object, java.lang.Object, java.lang.Object)'> (0x0000000711e29a00) 
thrown [s\open\src\hotspot\share\interpreter\linkResolver.cpp, line 759]
Event: 0.458 Thread 0x0000023226365f00 Exception <a 'java/lang/NoSuchMethodError'{0x0000000711e5bba8}: 'java.lang.Object java.lang.invoke.DirectMethodHandle$Holder.newInvokeSpecial(java.lang.Object, java.lang.Object, java.lang.Object, java.lang.Object, java.lang.Object)'> (0x0000000711e5bba8) 
thrown [s\open\src\hotspot\share\interpreter\linkResolver.cpp, line 759]
Event: 0.459 Thread 0x000002324a8a4fe0 Exception <a 'java/lang/NoSuchMethodError'{0x0000000711dd10a8}: 'void java.lang.invoke.DirectMethodHandle$Holder.invokeStatic(java.lang.Object, java.lang.Object, java.lang.Object, java.lang.Object)'> (0x0000000711dd10a8) 
thrown [s\open\src\hotspot\share\interpreter\linkResolver.cpp, line 759]
Event: 0.502 Thread 0x000002324a8a1e60 Exception <a 'sun/nio/fs/WindowsException'{0x0000000711906b18}> (0x0000000711906b18) 
thrown [s\open\src\hotspot\share\prims\jni.cpp, line 516]
Event: 0.536 Thread 0x000002324a8a1e60 Exception <a 'java/lang/NoSuchMethodError'{0x0000000712ababe8}: 'java.lang.Object java.lang.invoke.DirectMethodHandle$Holder.invokeStaticInit(java.lang.Object, java.lang.Object, java.lang.Object, java.lang.Object)'> (0x0000000712ababe8) 
thrown [s\open\src\hotspot\share\interpreter\linkResolver.cpp, line 759]
Event: 0.537 Thread 0x000002324a8a1e60 Exception <a 'java/lang/NullPointerException'{0x0000000712ac6890}> (0x0000000712ac6890) 
thrown [s\open\src\hotspot\share\interpreter\linkResolver.cpp, line 1350]
Event: 0.539 Thread 0x000002324a8a1e60 Exception <a 'java/lang/NoSuchMethodError'{0x0000000712ae7f08}: 'void java.lang.invoke.DirectMethodHandle$Holder.invokeSpecial(java.lang.Object, java.lang.Object, java.lang.Object, java.lang.Object, java.lang.Object)'> (0x0000000712ae7f08) 
thrown [s\open\src\hotspot\share\interpreter\linkResolver.cpp, line 759]
Event: 0.621 Thread 0x000002324a8a1e60 Exception <a 'java/lang/NoSuchMethodError'{0x00000007125e18e8}: 'void java.lang.invoke.DirectMethodHandle$Holder.invokeStaticInit(java.lang.Object, java.lang.Object)'> (0x00000007125e18e8) 
thrown [s\open\src\hotspot\share\interpreter\linkResolver.cpp, line 759]
Event: 0.660 Thread 0x000002324a8a1e60 Exception <a 'sun/nio/fs/WindowsException'{0x0000000712024e98}> (0x0000000712024e98) 
thrown [s\open\src\hotspot\share\prims\jni.cpp, line 516]
Event: 0.687 Thread 0x000002324a8a1e60 Implicit null exception at 0x0000023235708b8c to 0x0000023235709230

VM Operations (14 events):
Event: 0.129 Executing VM operation: HandshakeAllThreads
Event: 0.129 Executing VM operation: HandshakeAllThreads done
Event: 0.129 Executing VM operation: HandshakeAllThreads
Event: 0.129 Executing VM operation: HandshakeAllThreads done
Event: 0.167 Executing VM operation: HandshakeAllThreads
Event: 0.167 Executing VM operation: HandshakeAllThreads done
Event: 0.396 Executing VM operation: HandshakeAllThreads
Event: 0.396 Executing VM operation: HandshakeAllThreads done
Event: 0.519 Executing VM operation: G1CollectForAllocation
Event: 0.522 Executing VM operation: G1CollectForAllocation done
Event: 0.573 Executing VM operation: HandshakeAllThreads
Event: 0.573 Executing VM operation: HandshakeAllThreads done
Event: 0.649 Executing VM operation: HandshakeAllThreads
Event: 0.649 Executing VM operation: HandshakeAllThreads done

Events (20 events):
Event: 0.664 loading class sun/util/logging/PlatformLogger$ConfigurableBridge$LoggerConfiguration done
Event: 0.664 loading class sun/util/logging/internal/LoggingProviderImpl$JULWrapper done
Event: 0.689 loading class java/lang/System$Logger$Level
Event: 0.689 loading class java/lang/System$Logger$Level done
Event: 0.701 loading class java/util/ResourceBundle$CacheKey
Event: 0.701 loading class java/util/ResourceBundle$CacheKey done
Event: 0.701 loading class java/util/ResourceBundle$KeyElementReference
Event: 0.701 loading class java/util/ResourceBundle$CacheKeyReference
Event: 0.701 loading class java/util/ResourceBundle$CacheKeyReference done
Event: 0.701 loading class java/util/ResourceBundle$KeyElementReference done
Event: 0.701 loading class java/util/ResourceBundle$3
Event: 0.702 loading class java/util/ResourceBundle$3 done
Event: 0.702 loading class java/util/PropertyResourceBundle
Event: 0.702 loading class java/util/PropertyResourceBundle done
Event: 0.702 loading class sun/util/PropertyResourceBundleCharset
Event: 0.703 loading class sun/util/PropertyResourceBundleCharset done
Event: 0.703 loading class sun/util/PropertyResourceBundleCharset$PropertiesFileDecoder
Event: 0.703 loading class sun/util/PropertyResourceBundleCharset$PropertiesFileDecoder done
Event: 0.703 loading class java/util/ResourceBundle$BundleReference
Event: 0.703 loading class java/util/ResourceBundle$BundleReference done


Dynamic libraries:
0x00007ff6daad0000 - 0x00007ff6daae0000 	C:\LAB-TOOLS\JDK\jdk-17.0.6\bin\java.exe
0x00007fffa7ef0000 - 0x00007fffa8106000 	C:\WINDOWS\SYSTEM32\ntdll.dll
0x00007fffa79e0000 - 0x00007fffa7aa4000 	C:\WINDOWS\System32\KERNEL32.DLL
0x00007fffa54c0000 - 0x00007fffa5866000 	C:\WINDOWS\System32\KERNELBASE.dll
0x00007fffa5b20000 - 0x00007fffa5c31000 	C:\WINDOWS\System32\ucrtbase.dll
0x00007fff873e0000 - 0x00007fff873f8000 	C:\LAB-TOOLS\JDK\jdk-17.0.6\bin\jli.dll
0x00007fff7c2d0000 - 0x00007fff7c2eb000 	C:\LAB-TOOLS\JDK\jdk-17.0.6\bin\VCRUNTIME140.dll
0x00007fffa5c50000 - 0x00007fffa5d02000 	C:\WINDOWS\System32\ADVAPI32.dll
0x00007fffa7120000 - 0x00007fffa71c7000 	C:\WINDOWS\System32\msvcrt.dll
0x00007fffa6cd0000 - 0x00007fffa6d78000 	C:\WINDOWS\System32\sechost.dll
0x00007fffa5420000 - 0x00007fffa5448000 	C:\WINDOWS\System32\bcrypt.dll
0x00007fffa7d20000 - 0x00007fffa7e35000 	C:\WINDOWS\System32\RPCRT4.dll
0x00007fffa6900000 - 0x00007fffa6aad000 	C:\WINDOWS\System32\USER32.dll
0x00007fffa52d0000 - 0x00007fffa52f6000 	C:\WINDOWS\System32\win32u.dll
0x00007fffa68b0000 - 0x00007fffa68d9000 	C:\WINDOWS\System32\GDI32.dll
0x00007fff8e260000 - 0x00007fff8e4f3000 	C:\WINDOWS\WinSxS\amd64_microsoft.windows.common-controls_6595b64144ccf1df_6.0.22621.3235_none_270f74e173860f98\COMCTL32.dll
0x00007fffa5300000 - 0x00007fffa5418000 	C:\WINDOWS\System32\gdi32full.dll
0x00007fffa5230000 - 0x00007fffa52ca000 	C:\WINDOWS\System32\msvcp_win.dll
0x00007fff9afd0000 - 0x00007fff9afda000 	C:\WINDOWS\SYSTEM32\VERSION.dll
0x00007fffa5d10000 - 0x00007fffa5d41000 	C:\WINDOWS\System32\IMM32.DLL
0x00007fffa0320000 - 0x00007fffa032c000 	C:\LAB-TOOLS\JDK\jdk-17.0.6\bin\vcruntime140_1.dll
0x00007fff63540000 - 0x00007fff635ce000 	C:\LAB-TOOLS\JDK\jdk-17.0.6\bin\msvcp140.dll
0x00007fff05780000 - 0x00007fff06357000 	C:\LAB-TOOLS\JDK\jdk-17.0.6\bin\server\jvm.dll
0x00007fffa7c80000 - 0x00007fffa7c88000 	C:\WINDOWS\System32\PSAPI.DLL
0x00007fff9d540000 - 0x00007fff9d549000 	C:\WINDOWS\SYSTEM32\WSOCK32.dll
0x00007fffa7040000 - 0x00007fffa70b1000 	C:\WINDOWS\System32\WS2_32.dll
0x00007fff9dee0000 - 0x00007fff9df14000 	C:\WINDOWS\SYSTEM32\WINMM.dll
0x00007fffa4230000 - 0x00007fffa4248000 	C:\WINDOWS\SYSTEM32\kernel.appcore.dll
0x00007fff94450000 - 0x00007fff9445a000 	C:\LAB-TOOLS\JDK\jdk-17.0.6\bin\jimage.dll
0x00007fffa2cd0000 - 0x00007fffa2f03000 	C:\WINDOWS\SYSTEM32\DBGHELP.DLL
0x00007fffa71d0000 - 0x00007fffa7558000 	C:\WINDOWS\System32\combase.dll
0x00007fffa6f10000 - 0x00007fffa6fe7000 	C:\WINDOWS\System32\OLEAUT32.dll
0x00007fff95560000 - 0x00007fff95592000 	C:\WINDOWS\SYSTEM32\dbgcore.DLL
0x00007fffa5aa0000 - 0x00007fffa5b1a000 	C:\WINDOWS\System32\bcryptPrimitives.dll
0x00007fff7c2a0000 - 0x00007fff7c2c5000 	C:\LAB-TOOLS\JDK\jdk-17.0.6\bin\java.dll
0x00007fff4f6c0000 - 0x00007fff4f797000 	C:\LAB-TOOLS\JDK\jdk-17.0.6\bin\jsvml.dll
0x00007fffa6050000 - 0x00007fffa68ad000 	C:\WINDOWS\System32\SHELL32.dll
0x00007fffa3140000 - 0x00007fffa3a38000 	C:\WINDOWS\SYSTEM32\windows.storage.dll
0x00007fffa3000000 - 0x00007fffa313e000 	C:\WINDOWS\SYSTEM32\wintypes.dll
0x00007fffa7b60000 - 0x00007fffa7c53000 	C:\WINDOWS\System32\SHCORE.dll
0x00007fffa6ab0000 - 0x00007fffa6b0e000 	C:\WINDOWS\System32\shlwapi.dll
0x00007fffa5160000 - 0x00007fffa5186000 	C:\WINDOWS\SYSTEM32\profapi.dll
0x00007fff7c280000 - 0x00007fff7c299000 	C:\LAB-TOOLS\JDK\jdk-17.0.6\bin\net.dll
0x00007fff9e3b0000 - 0x00007fff9e4e7000 	C:\WINDOWS\SYSTEM32\WINHTTP.dll
0x00007fffa46a0000 - 0x00007fffa4709000 	C:\WINDOWS\system32\mswsock.dll
0x00007fff76ed0000 - 0x00007fff76ee6000 	C:\LAB-TOOLS\JDK\jdk-17.0.6\bin\nio.dll
0x00007fff76eb0000 - 0x00007fff76ec8000 	C:\LAB-TOOLS\JDK\jdk-17.0.6\bin\zip.dll
0x00000232491b0000 - 0x00000232491b3000 	C:\Users\papth\.openjfx\cache\13\api-ms-win-core-console-l1-1-0.dll
0x00000232491c0000 - 0x00000232491c3000 	C:\Users\papth\.openjfx\cache\13\api-ms-win-core-datetime-l1-1-0.dll
0x00000232491d0000 - 0x00000232491d3000 	C:\Users\papth\.openjfx\cache\13\api-ms-win-core-debug-l1-1-0.dll
0x00000232491e0000 - 0x00000232491e3000 	C:\Users\papth\.openjfx\cache\13\api-ms-win-core-errorhandling-l1-1-0.dll
0x00000232491f0000 - 0x00000232491f4000 	C:\Users\papth\.openjfx\cache\13\api-ms-win-core-file-l1-1-0.dll
0x0000023249200000 - 0x0000023249203000 	C:\Users\papth\.openjfx\cache\13\api-ms-win-core-file-l1-2-0.dll
0x0000023249210000 - 0x0000023249213000 	C:\Users\papth\.openjfx\cache\13\api-ms-win-core-file-l2-1-0.dll
0x0000023249220000 - 0x0000023249223000 	C:\Users\papth\.openjfx\cache\13\api-ms-win-core-handle-l1-1-0.dll
0x0000023249230000 - 0x0000023249233000 	C:\Users\papth\.openjfx\cache\13\api-ms-win-core-heap-l1-1-0.dll
0x0000023249240000 - 0x0000023249243000 	C:\Users\papth\.openjfx\cache\13\api-ms-win-core-interlocked-l1-1-0.dll
0x0000023249250000 - 0x0000023249253000 	C:\Users\papth\.openjfx\cache\13\api-ms-win-core-libraryloader-l1-1-0.dll
0x0000023249260000 - 0x0000023249263000 	C:\Users\papth\.openjfx\cache\13\api-ms-win-core-localization-l1-2-0.dll
0x0000023249270000 - 0x0000023249273000 	C:\Users\papth\.openjfx\cache\13\api-ms-win-core-memory-l1-1-0.dll
0x0000023249280000 - 0x0000023249283000 	C:\Users\papth\.openjfx\cache\13\api-ms-win-core-namedpipe-l1-1-0.dll
0x0000023249290000 - 0x0000023249293000 	C:\Users\papth\.openjfx\cache\13\api-ms-win-core-processenvironment-l1-1-0.dll
0x00000232492a0000 - 0x00000232492a3000 	C:\Users\papth\.openjfx\cache\13\api-ms-win-core-processthreads-l1-1-0.dll
0x00000232492b0000 - 0x00000232492b3000 	C:\Users\papth\.openjfx\cache\13\api-ms-win-core-processthreads-l1-1-1.dll
0x00000232492c0000 - 0x00000232492c3000 	C:\Users\papth\.openjfx\cache\13\api-ms-win-core-profile-l1-1-0.dll
0x00000232492d0000 - 0x00000232492d3000 	C:\Users\papth\.openjfx\cache\13\api-ms-win-core-rtlsupport-l1-1-0.dll
0x00000232492e0000 - 0x00000232492e3000 	C:\Users\papth\.openjfx\cache\13\api-ms-win-core-string-l1-1-0.dll
0x00000232492f0000 - 0x00000232492f3000 	C:\Users\papth\.openjfx\cache\13\api-ms-win-core-synch-l1-1-0.dll
0x0000023249300000 - 0x0000023249303000 	C:\Users\papth\.openjfx\cache\13\api-ms-win-core-synch-l1-2-0.dll
0x0000023249310000 - 0x0000023249313000 	C:\Users\papth\.openjfx\cache\13\api-ms-win-core-sysinfo-l1-1-0.dll
0x0000023249320000 - 0x0000023249323000 	C:\Users\papth\.openjfx\cache\13\api-ms-win-core-timezone-l1-1-0.dll
0x0000023249330000 - 0x0000023249333000 	C:\Users\papth\.openjfx\cache\13\api-ms-win-core-util-l1-1-0.dll
0x0000023249340000 - 0x0000023249343000 	C:\Users\papth\.openjfx\cache\13\api-ms-win-crt-conio-l1-1-0.dll
0x0000023249350000 - 0x0000023249354000 	C:\Users\papth\.openjfx\cache\13\api-ms-win-crt-convert-l1-1-0.dll
0x0000023249360000 - 0x0000023249363000 	C:\Users\papth\.openjfx\cache\13\api-ms-win-crt-environment-l1-1-0.dll
0x0000023249370000 - 0x0000023249373000 	C:\Users\papth\.openjfx\cache\13\api-ms-win-crt-filesystem-l1-1-0.dll
0x0000023249380000 - 0x0000023249383000 	C:\Users\papth\.openjfx\cache\13\api-ms-win-crt-heap-l1-1-0.dll
0x0000023249390000 - 0x0000023249393000 	C:\Users\papth\.openjfx\cache\13\api-ms-win-crt-locale-l1-1-0.dll
0x00000232493a0000 - 0x00000232493a5000 	C:\Users\papth\.openjfx\cache\13\api-ms-win-crt-math-l1-1-0.dll
0x00000232493b0000 - 0x00000232493b5000 	C:\Users\papth\.openjfx\cache\13\api-ms-win-crt-multibyte-l1-1-0.dll
0x00000232493c0000 - 0x00000232493d0000 	C:\Users\papth\.openjfx\cache\13\api-ms-win-crt-private-l1-1-0.dll
0x00000232493d0000 - 0x00000232493d3000 	C:\Users\papth\.openjfx\cache\13\api-ms-win-crt-process-l1-1-0.dll
0x00000232493e0000 - 0x00000232493e4000 	C:\Users\papth\.openjfx\cache\13\api-ms-win-crt-runtime-l1-1-0.dll
0x00000232493f0000 - 0x00000232493f4000 	C:\Users\papth\.openjfx\cache\13\api-ms-win-crt-stdio-l1-1-0.dll
0x000002324b7d0000 - 0x000002324b7d4000 	C:\Users\papth\.openjfx\cache\13\api-ms-win-crt-string-l1-1-0.dll
0x000002324b7e0000 - 0x000002324b7e3000 	C:\Users\papth\.openjfx\cache\13\api-ms-win-crt-time-l1-1-0.dll
0x000002324b7f0000 - 0x000002324b7f3000 	C:\Users\papth\.openjfx\cache\13\api-ms-win-crt-utility-l1-1-0.dll
0x00007fff4f460000 - 0x00007fff4f55c000 	C:\Users\papth\.openjfx\cache\13\ucrtbase.dll
0x00007fff6ae70000 - 0x00007fff6ae85000 	C:\Users\papth\.openjfx\cache\13\vcruntime140.dll
0x00007fff4f620000 - 0x00007fff4f6bb000 	C:\Users\papth\.openjfx\cache\13\msvcp140.dll
0x00007fff64090000 - 0x00007fff640e1000 	C:\Users\papth\.openjfx\cache\13\concrt140.dll
0x00007fff64230000 - 0x00007fff64253000 	C:\Users\papth\.openjfx\cache\13\prism_d3d.dll
0x00007fff336d0000 - 0x00007fff33879000 	C:\WINDOWS\system32\d3d9.dll
0x00007fffa27b0000 - 0x00007fffa27db000 	C:\WINDOWS\SYSTEM32\dwmapi.dll
0x00007fffa2480000 - 0x00007fffa24b9000 	C:\WINDOWS\SYSTEM32\dxcore.dll
0x00007fffa23a0000 - 0x00007fffa244b000 	C:\WINDOWS\system32\uxtheme.dll
0x00007fff55540000 - 0x00007fff556a5000 	C:\Windows\System32\DriverStore\FileRepository\iigd_dch.inf_amd64_2b1d9e395a05d1c9\igdumdim64.dll
0x00007fffa5d50000 - 0x00007fffa5eef000 	C:\WINDOWS\System32\ole32.dll
0x00007ffed7a30000 - 0x00007ffedc1b0000 	C:\Windows\System32\DriverStore\FileRepository\iigd_dch.inf_amd64_2b1d9e395a05d1c9\igd9dxva64.dll
0x00007fffa7560000 - 0x00007fffa79d4000 	C:\WINDOWS\System32\SETUPAPI.dll
0x00007fffa4f10000 - 0x00007fffa4f5e000 	C:\WINDOWS\SYSTEM32\cfgmgr32.dll
0x00007fff98950000 - 0x00007fff98ba8000 	C:\Windows\System32\DriverStore\FileRepository\iigd_dch.inf_amd64_2b1d9e395a05d1c9\igdgmm64.dll
0x00007fff9c3a0000 - 0x00007fff9c3ea000 	C:\WINDOWS\SYSTEM32\directxdatabasehelper.dll
0x00007fff63fa0000 - 0x00007fff63fe5000 	C:\Users\papth\.openjfx\cache\13\glass.dll
0x00007fffa6e00000 - 0x00007fffa6ef9000 	C:\WINDOWS\System32\COMDLG32.dll
0x00007fffa5ef0000 - 0x00007fffa6044000 	C:\WINDOWS\System32\MSCTF.dll
0x00007fff35790000 - 0x00007fff357b7000 	C:\Windows\System32\DriverStore\FileRepository\iigd_dch.inf_amd64_2b1d9e395a05d1c9\igdinfo64.dll
0x00007fff95c70000 - 0x00007fff98950000 	C:\Windows\System32\DriverStore\FileRepository\iigd_dch.inf_amd64_2b1d9e395a05d1c9\igc64.dll
0x00007fff64210000 - 0x00007fff64224000 	C:\Users\papth\.openjfx\cache\13\javafx_font.dll
0x00007fffa0b10000 - 0x00007fffa0d84000 	C:\WINDOWS\SYSTEM32\dwrite.dll
0x00007fffa7ab0000 - 0x00007fffa7b60000 	C:\WINDOWS\System32\clbcatq.dll
0x00007fffa0540000 - 0x00007fffa06f0000 	C:\WINDOWS\SYSTEM32\WindowsCodecs.dll
0x00007fff6f330000 - 0x00007fff6f38e000 	C:\WINDOWS\system32\dataexchange.dll
0x00007fff9ee80000 - 0x00007fff9f10f000 	C:\WINDOWS\system32\twinapi.appcore.dll
0x00007fff64180000 - 0x00007fff641b2000 	C:\Program Files\Common Files\Microsoft Shared\Ink\rtscom.dll
0x00007fff8a2f0000 - 0x00007fff8a43a000 	C:\WINDOWS\SYSTEM32\textinputframework.dll

dbghelp: loaded successfully - version: 4.0.5 - missing functions: none
symbol engine: initialized successfully - sym options: 0x614 - pdb path: .;C:\LAB-TOOLS\JDK\jdk-17.0.6\bin;C:\WINDOWS\SYSTEM32;C:\WINDOWS\WinSxS\amd64_microsoft.windows.common-controls_6595b64144ccf1df_6.0.22621.3235_none_270f74e173860f98;C:\LAB-TOOLS\JDK\jdk-17.0.6\bin\server;C:\Users\papth\.openjfx\cache\13;C:\Windows\System32\DriverStore\FileRepository\iigd_dch.inf_amd64_2b1d9e395a05d1c9;C:\Program Files\Common Files\Microsoft Shared\Ink

VM Arguments:
jvm_args: --module-path=c:\LAB-TOOLS\ECLIPSE\Eclipse-Workspace\multimedia\weblibrary\target\classes;C:\Users\papth\.m2\repository\org\openjfx\javafx-base\13\javafx-base-13-win.jar;C:\Users\papth\.m2\repository\org\openjfx\javafx-controls\13\javafx-controls-13-win.jar;C:\Users\papth\.m2\repository\org\openjfx\javafx-fxml\13\javafx-fxml-13-win.jar;C:\Users\papth\.m2\repository\org\openjfx\javafx-graphics\13\javafx-graphics-13-win.jar --add-modules=com.library -Djdk.module.main=com.library 
java_command: com.library/com.library.App
java_class_path (initial): C:\Users\papth\.m2\repository\org\openjfx\javafx-base\13\javafx-base-13.jar;C:\Users\papth\.m2\repository\org\openjfx\javafx-controls\13\javafx-controls-13.jar;C:\Users\papth\.m2\repository\org\openjfx\javafx-fxml\13\javafx-fxml-13.jar;C:\Users\papth\.m2\repository\org\openjfx\javafx-graphics\13\javafx-graphics-13.jar
Launcher Type: SUN_STANDARD

[Global flags]
     intx CICompilerCount                          = 4                                         {product} {ergonomic}
     uint ConcGCThreads                            = 2                                         {product} {ergonomic}
     uint G1ConcRefinementThreads                  = 8                                         {product} {ergonomic}
   size_t G1HeapRegionSize                         = 2097152                                   {product} {ergonomic}
    uintx GCDrainStackTargetSize                   = 64                                        {product} {ergonomic}
   size_t InitialHeapSize                          = 266338304                                 {product} {ergonomic}
   size_t MarkStackSize                            = 4194304                                   {product} {ergonomic}
   size_t MaxHeapSize                              = 4244635648                                {product} {ergonomic}
   size_t MaxNewSize                               = 2545942528                                {product} {ergonomic}
   size_t MinHeapDeltaBytes                        = 2097152                                   {product} {ergonomic}
   size_t MinHeapSize                              = 8388608                                   {product} {ergonomic}
    uintx NonNMethodCodeHeapSize                   = 5839372                                {pd product} {ergonomic}
    uintx NonProfiledCodeHeapSize                  = 122909434                              {pd product} {ergonomic}
    uintx ProfiledCodeHeapSize                     = 122909434                              {pd product} {ergonomic}
    uintx ReservedCodeCacheSize                    = 251658240                              {pd product} {ergonomic}
     bool SegmentedCodeCache                       = true                                      {product} {ergonomic}
   size_t SoftMaxHeapSize                          = 4244635648                             {manageable} {ergonomic}
     bool UseCompressedClassPointers               = true                           {product lp64_product} {ergonomic}
     bool UseCompressedOops                        = true                           {product lp64_product} {ergonomic}
     bool UseG1GC                                  = true                                      {product} {ergonomic}
     bool UseLargePagesIndividualAllocation        = false                                  {pd product} {ergonomic}

Logging:
Log output configuration:
 #0: stdout all=warning uptime,level,tags
 #1: stderr all=off uptime,level,tags

Environment Variables:
JAVA_HOME=C:\LAB-TOOLS\JDK\jdk-17.0.6
PATH=C:\Program Files\PowerShell\7;C:\Python311\Scripts\;C:\Python311\;C:\LAB-TOOLS\JDK\jdk-17.0.6\bin;C:\Program Files\Microsoft\jdk-11.0.12.7-hotspot\bin;C:\Program Files\AdoptOpenJDK\jdk-11.0.9.101-hotspot\bin;C:\Program Files (x86)\Common Files\Oracle\Java\javapath;C:\windows\system32;C:\windows;C:\windows\System32\Wbem;C:\windows\System32\WindowsPowerShell\v1.0\;C:\windows\System32\OpenSSH\;C:\Program Files (x86)\NVIDIA Corporation\PhysX\Common;C:\Program Files\NVIDIA Corporation\NVIDIA NvDLISR;C:\Program Files (x86)\Wolfram Research\WolframScript\;C:\WINDOWS\system32;C:\WINDOWS;C:\WINDOWS\System32\Wbem;C:\WINDOWS\System32\WindowsPowerShell\v1.0\;C:\WINDOWS\System32\OpenSSH\;C:\Program Files\MATLAB\R2020a\runtime\win64;C:\Program Files\MATLAB\R2020a\bin;C:\Program Files\OpenVPN\bin;C:\Program Files\Git\cmd;C:\Program Files\Git\usr\bin;C:\Program Files\Microsoft SQL Server\150\Tools\Binn\;C:\Program Files\dotnet\;C:\MinGW\mingw32\bin;C:\WINDOWS\system32;C:\WINDOWS;C:\WINDOWS\System32\Wbem;C:\WINDOWS\System32\WindowsPowerShell\v1.0\;C:\Program Files\nodejs;C:\ProgramData\chocolatey\bin;C:\Program Files\Docker\Docker\resources\bin;C:\WINDOWS\System32\OpenSSH\;C:\Program Files\PowerShell\7\;C:\LAB-TOOLS\apache-maven-3.9.6-bin\apache-maven-3.9.6\bin;C:\Program Files\PowerShell\7-preview\preview;C:\Users\papth\scoop\shims;C:\dev\flutter\bin;C:\Users\papth\AppData\Local\Microsoft\WindowsApps;C:\Users\papth\AppData\Local\GitHubDesktop\bin;C:\Users\papth\AppData\Local\Microsoft\WindowsApps;C:\Users\papth\AppData\Local\atom\bin;C:\Users\papth\.dotnet\tools;C:\Users\papth\AppData\Roaming\npm;C:\dev\android-sdk\platform-tools;C:\Program Files\nodejs;C:\Users\papth\AppData\Local\Programs\Microsoft VS Code\bin;C:\Users\papth\AppData\Roaming\Python\Python311\Scripts;C:\Users\papth\AppData\Local\Google\Cloud SDK\google-cloud-sdk\bin
USERNAME=papth
LANG=en_US.UTF-8
OS=Windows_NT
PROCESSOR_IDENTIFIER=Intel64 Family 6 Model 142 Stepping 12, GenuineIntel



---------------  S Y S T E M  ---------------

OS:
 Windows 11 , 64 bit Build 22621 (10.0.22621.3235)
OS uptime: 0 days 13:08 hours
Hyper-V role detected

CPU: total 8 (initial active 8) (4 cores per cpu, 2 threads per core) family 6 model 142 stepping 12 microcode 0xde, cx8, cmov, fxsr, ht, mmx, 3dnowpref, sse, sse2, sse3, ssse3, sse4.1, sse4.2, popcnt, lzcnt, tsc, tscinvbit, avx, avx2, aes, erms, clmul, bmi1, bmi2, adx, fma, vzeroupper, clflush, clflushopt, hv

Memory: 4k page, system-wide physical 16187M (4931M free)
TotalPageFile size 16187M (AvailPageFile size 5M)
current process WorkingSet (physical memory assigned to process): 118M, peak: 118M
current process commit charge ("private bytes"): 397M, peak: 399M

vm_info: Java HotSpot(TM) 64-Bit Server VM (17.0.6+9-LTS-190) for windows-amd64 JRE (17.0.6+9-LTS-190), built on Dec  6 2022 15:53:54 by "mach5one" with MS VC++ 17.1 (VS2022)

END.
