#
# There is insufficient memory for the Java Runtime Environment to continue.
# Native memory allocation (malloc) failed to allocate 1634576 bytes. Error detail: Chunk::new
# Possible reasons:
#   The system is out of physical RAM or swap space
#   This process is running with CompressedOops enabled, and the Java Heap may be blocking the growth of the native heap
# Possible solutions:
#   Reduce memory load on the system
#   Increase physical memory or swap space
#   Check if swap backing store is full
#   Decrease Java heap size (-Xmx/-Xms)
#   Decrease number of Java threads
#   Decrease Java thread stack sizes (-Xss)
#   Set larger code cache with -XX:ReservedCodeCacheSize=
#   JVM is running with Unscaled Compressed Oops mode in which the Java heap is
#     placed in the first 4GB address space. The Java Heap base address is the
#     maximum limit for the native heap growth. Please use -XX:HeapBaseMinAddress
#     to set the Java Heap base and to place the Java Heap above 4GB virtual address.
# This output file may be truncated or incomplete.
#
#  Out of Memory Error (arena.cpp:191), pid=2084, tid=21232
#
# JRE version: OpenJDK Runtime Environment Temurin-17.0.11+9 (17.0.11+9) (build 17.0.11+9)
# Java VM: OpenJDK 64-Bit Server VM Temurin-17.0.11+9 (17.0.11+9, mixed mode, tiered, compressed oops, compressed class ptrs, parallel gc, windows-amd64)
# No core dump will be written. Minidumps are not enabled by default on client versions of Windows
#

---------------  S U M M A R Y ------------

Command Line: --add-modules=ALL-SYSTEM --add-opens=java.base/java.util=ALL-UNNAMED --add-opens=java.base/java.lang=ALL-UNNAMED --add-opens=java.base/sun.nio.fs=ALL-UNNAMED -Declipse.application=org.eclipse.jdt.ls.core.id1 -Dosgi.bundles.defaultStartLevel=4 -Declipse.product=org.eclipse.jdt.ls.core.product -Djava.import.generatesMetadataFilesAtProjectRoot=false -DDetectVMInstallationsJob.disabled=true -Dfile.encoding=utf8 -XX:+UseParallelGC -XX:GCTimeRatio=4 -XX:AdaptiveSizePolicyWeight=90 -Dsun.zip.disableMemoryMapping=true -Xmx1G -Xms100m -Xlog:disable -javaagent:c:\Users\papth\.vscode\extensions\redhat.java-1.33.0-win32-x64\lombok\lombok-1.18.33.jar -XX:+HeapDumpOnOutOfMemoryError -XX:HeapDumpPath=c:\Users\papth\AppData\Roaming\Code\User\workspaceStorage\5c05168c5aa2c9692861d3fc907bc7d4\redhat.java -Daether.dependencyCollector.impl=bf c:\Users\papth\.vscode\extensions\redhat.java-1.33.0-win32-x64\server\plugins\org.eclipse.equinox.launcher_1.6.900.v20240613-2009.jar -configuration c:\Users\papth\AppData\Roaming\Code\User\globalStorage\redhat.java\1.33.0\config_win -data c:\Users\papth\AppData\Roaming\Code\User\workspaceStorage\5c05168c5aa2c9692861d3fc907bc7d4\redhat.java\jdt_ws --pipe=\\.\pipe\lsp-60a554f247df3a221c9c87503fd19010-sock

Host: Intel(R) Core(TM) i7-10510U CPU @ 1.80GHz, 8 cores, 15G,  Windows 11 , 64 bit Build 22621 (10.0.22621.3958)
Time: Sat Aug 17 05:01:59 2024  Windows 11 , 64 bit Build 22621 (10.0.22621.3958) elapsed time: 34.923602 seconds (0d 0h 0m 34s)

---------------  T H R E A D  ---------------

Current thread (0x000002127b67c5b0):  JavaThread "C2 CompilerThread1" daemon [_thread_in_native, id=21232, stack(0x000000fc37900000,0x000000fc37a00000)]


Current CompileTask:
C2:  34923 12475       4       lombok.eclipse.EclipseAST::buildStatement (57 bytes)

Stack: [0x000000fc37900000,0x000000fc37a00000]
Native frames: (J=compiled Java code, j=interpreted, Vv=VM code, C=native code)
V  [jvm.dll+0x67d429]
V  [jvm.dll+0x834b7a]
V  [jvm.dll+0x83663e]
V  [jvm.dll+0x836ca3]
V  [jvm.dll+0x247dbf]
V  [jvm.dll+0xac534]
V  [jvm.dll+0xacb7c]
V  [jvm.dll+0x3665f2]
V  [jvm.dll+0x330bba]
V  [jvm.dll+0x33005a]
V  [jvm.dll+0x21a471]
V  [jvm.dll+0x2198b1]
V  [jvm.dll+0x1a534d]
V  [jvm.dll+0x2295cd]
V  [jvm.dll+0x22779c]
V  [jvm.dll+0x7e9d07]
V  [jvm.dll+0x7e410a]
V  [jvm.dll+0x67c315]
C  [ucrtbase.dll+0x29333]
C  [KERNEL32.DLL+0x1257d]
C  [ntdll.dll+0x5af28]


---------------  P R O C E S S  ---------------

Threads class SMR info:
_java_thread_list=0x000002127c68bca0, length=54, elements={
0x000002125e6b8b90, 0x0000021272528510, 0x000002127759b840, 0x000002127252db80,
0x000002127252e5b0, 0x00000212775db080, 0x00000212775e0600, 0x00000212775e1200,
0x00000212775e22b0, 0x000002127764ded0, 0x000002125e7195c0, 0x00000212778befb0,
0x0000021278ca8050, 0x00000212790c0f90, 0x00000212790c1d70, 0x0000021279671e90,
0x00000212795e43d0, 0x00000212795cff40, 0x00000212795d36f0, 0x00000212795d27c0,
0x00000212795d0e70, 0x00000212795d1380, 0x00000212795d2cd0, 0x00000212795d31e0,
0x00000212795d1890, 0x00000212795d1da0, 0x00000212795d22b0, 0x000002127b8c0200,
0x000002127b8c1130, 0x000002127b8c0710, 0x000002127b8c0c20, 0x000002127b8bd470,
0x000002127b8c2a80, 0x000002127b8bd980, 0x000002127b8bcf60, 0x000002127b8c1640,
0x000002127b67c5b0, 0x000002127b8c2570, 0x000002127b8c2f90, 0x000002127b67e040,
0x000002127b8bde90, 0x000002127b8c1b50, 0x000002127b8c34a0, 0x000002127b8be3a0,
0x000002127b8c2060, 0x000002127b8c39b0, 0x000002127b8be8b0, 0x000002127b8bedc0,
0x000002127b8bf2d0, 0x000002127b8bf7e0, 0x000002127b8bfcf0, 0x000002127b8c43d0,
0x000002127b8c3ec0, 0x000002127d839c50
}

Java Threads: ( => current thread )
  0x000002125e6b8b90 JavaThread "main" [_thread_blocked, id=21000, stack(0x000000fc35900000,0x000000fc35a00000)]
  0x0000021272528510 JavaThread "Reference Handler" daemon [_thread_blocked, id=7288, stack(0x000000fc35c00000,0x000000fc35d00000)]
  0x000002127759b840 JavaThread "Finalizer" daemon [_thread_blocked, id=7776, stack(0x000000fc35d00000,0x000000fc35e00000)]
  0x000002127252db80 JavaThread "Signal Dispatcher" daemon [_thread_blocked, id=15248, stack(0x000000fc35e00000,0x000000fc35f00000)]
  0x000002127252e5b0 JavaThread "Attach Listener" daemon [_thread_blocked, id=17116, stack(0x000000fc35f00000,0x000000fc36000000)]
  0x00000212775db080 JavaThread "Service Thread" daemon [_thread_blocked, id=19768, stack(0x000000fc36000000,0x000000fc36100000)]
  0x00000212775e0600 JavaThread "Monitor Deflation Thread" daemon [_thread_blocked, id=20804, stack(0x000000fc36100000,0x000000fc36200000)]
  0x00000212775e1200 JavaThread "C2 CompilerThread0" daemon [_thread_in_native, id=12092, stack(0x000000fc36200000,0x000000fc36300000)]
  0x00000212775e22b0 JavaThread "C1 CompilerThread0" daemon [_thread_blocked, id=21696, stack(0x000000fc36300000,0x000000fc36400000)]
  0x000002127764ded0 JavaThread "Sweeper thread" daemon [_thread_blocked, id=10944, stack(0x000000fc36400000,0x000000fc36500000)]
  0x000002125e7195c0 JavaThread "Common-Cleaner" daemon [_thread_blocked, id=11844, stack(0x000000fc36500000,0x000000fc36600000)]
  0x00000212778befb0 JavaThread "Notification Thread" daemon [_thread_blocked, id=21892, stack(0x000000fc36600000,0x000000fc36700000)]
  0x0000021278ca8050 JavaThread "Active Thread: Equinox Container: 8b070b5c-c535-4c43-b944-b654f89692c1" [_thread_blocked, id=11580, stack(0x000000fc37000000,0x000000fc37100000)]
  0x00000212790c0f90 JavaThread "Framework Event Dispatcher: Equinox Container: 8b070b5c-c535-4c43-b944-b654f89692c1" daemon [_thread_blocked, id=1604, stack(0x000000fc36e00000,0x000000fc36f00000)]
  0x00000212790c1d70 JavaThread "Start Level: Equinox Container: 8b070b5c-c535-4c43-b944-b654f89692c1" daemon [_thread_blocked, id=21612, stack(0x000000fc36f00000,0x000000fc37000000)]
  0x0000021279671e90 JavaThread "Bundle File Closer" daemon [_thread_blocked, id=9872, stack(0x000000fc37300000,0x000000fc37400000)]
  0x00000212795e43d0 JavaThread "SCR Component Actor" daemon [_thread_blocked, id=11384, stack(0x000000fc37400000,0x000000fc37500000)]
  0x00000212795cff40 JavaThread "Worker-JM" [_thread_blocked, id=14096, stack(0x000000fc37600000,0x000000fc37700000)]
  0x00000212795d36f0 JavaThread "JNA Cleaner" daemon [_thread_blocked, id=13052, stack(0x000000fc37200000,0x000000fc37300000)]
  0x00000212795d27c0 JavaThread "Worker-0" [_thread_blocked, id=9568, stack(0x000000fc37700000,0x000000fc37800000)]
  0x00000212795d0e70 JavaThread "Worker-1: Java indexing... " [_thread_blocked, id=9928, stack(0x000000fc37800000,0x000000fc37900000)]
  0x00000212795d1380 JavaThread "Java indexing" daemon [_thread_in_Java, id=10056, stack(0x000000fc37b00000,0x000000fc37c00000)]
  0x00000212795d2cd0 JavaThread "Worker-2" [_thread_blocked, id=13108, stack(0x000000fc37c00000,0x000000fc37d00000)]
  0x00000212795d31e0 JavaThread "Thread-2" daemon [_thread_in_native, id=5828, stack(0x000000fc37d00000,0x000000fc37e00000)]
  0x00000212795d1890 JavaThread "Thread-3" daemon [_thread_in_native, id=13728, stack(0x000000fc37e00000,0x000000fc37f00000)]
  0x00000212795d1da0 JavaThread "Thread-4" daemon [_thread_in_native, id=12860, stack(0x000000fc37f00000,0x000000fc38000000)]
  0x00000212795d22b0 JavaThread "Thread-5" daemon [_thread_in_native, id=17840, stack(0x000000fc38000000,0x000000fc38100000)]
  0x000002127b8c0200 JavaThread "Thread-6" daemon [_thread_in_native, id=8176, stack(0x000000fc38100000,0x000000fc38200000)]
  0x000002127b8c1130 JavaThread "Thread-7" daemon [_thread_in_native, id=18864, stack(0x000000fc38200000,0x000000fc38300000)]
  0x000002127b8c0710 JavaThread "Thread-8" daemon [_thread_in_native, id=9608, stack(0x000000fc38300000,0x000000fc38400000)]
  0x000002127b8c0c20 JavaThread "Thread-9" daemon [_thread_in_native, id=22340, stack(0x000000fc38400000,0x000000fc38500000)]
  0x000002127b8bd470 JavaThread "Thread-10" daemon [_thread_in_native, id=13548, stack(0x000000fc38500000,0x000000fc38600000)]
  0x000002127b8c2a80 JavaThread "pool-2-thread-1" [_thread_blocked, id=5392, stack(0x000000fc38600000,0x000000fc38700000)]
  0x000002127b8bd980 JavaThread "WorkspaceEventsHandler" [_thread_blocked, id=17276, stack(0x000000fc38700000,0x000000fc38800000)]
  0x000002127b8bcf60 JavaThread "pool-1-thread-1" [_thread_blocked, id=22016, stack(0x000000fc38800000,0x000000fc38900000)]
  0x000002127b8c1640 JavaThread "ForkJoinPool.commonPool-worker-1" daemon [_thread_blocked, id=13704, stack(0x000000fc37500000,0x000000fc37600000)]
=>0x000002127b67c5b0 JavaThread "C2 CompilerThread1" daemon [_thread_in_native, id=21232, stack(0x000000fc37900000,0x000000fc37a00000)]
  0x000002127b8c2570 JavaThread "Worker-3" [_thread_blocked, id=17788, stack(0x000000fc38900000,0x000000fc38a00000)]
  0x000002127b8c2f90 JavaThread "Worker-4" [_thread_blocked, id=9616, stack(0x000000fc38a00000,0x000000fc38b00000)]
  0x000002127b67e040 JavaThread "C2 CompilerThread2" daemon [_thread_in_native, id=22420, stack(0x000000fc37a00000,0x000000fc37b00000)]
  0x000002127b8bde90 JavaThread "Compiler Source File Reader" daemon [_thread_blocked, id=15456, stack(0x000000fc38b00000,0x000000fc38c00000)]
  0x000002127b8c1b50 JavaThread "Compiler Source File Reader" daemon [_thread_blocked, id=11720, stack(0x000000fc38c00000,0x000000fc38d00000)]
  0x000002127b8c34a0 JavaThread "Compiler Source File Reader" daemon [_thread_blocked, id=14852, stack(0x000000fc38d00000,0x000000fc38e00000)]
  0x000002127b8be3a0 JavaThread "Compiler Source File Reader" daemon [_thread_blocked, id=17884, stack(0x000000fc38e00000,0x000000fc38f00000)]
  0x000002127b8c2060 JavaThread "Compiler Source File Reader" daemon [_thread_blocked, id=22868, stack(0x000000fc38f00000,0x000000fc39000000)]
  0x000002127b8c39b0 JavaThread "Compiler Source File Reader" daemon [_thread_blocked, id=21336, stack(0x000000fc39000000,0x000000fc39100000)]
  0x000002127b8be8b0 JavaThread "Compiler Processing Task" daemon [_thread_blocked, id=15000, stack(0x000000fc39100000,0x000000fc39200000)]
  0x000002127b8bedc0 JavaThread "ForkJoinPool.commonPool-worker-2" daemon [_thread_blocked, id=22628, stack(0x000000fc39200000,0x000000fc39300000)]
  0x000002127b8bf2d0 JavaThread "ForkJoinPool.commonPool-worker-3" daemon [_thread_blocked, id=17860, stack(0x000000fc39300000,0x000000fc39400000)]
  0x000002127b8bf7e0 JavaThread "ForkJoinPool.commonPool-worker-4" daemon [_thread_blocked, id=23472, stack(0x000000fc39400000,0x000000fc39500000)]
  0x000002127b8bfcf0 JavaThread "ForkJoinPool.commonPool-worker-5" daemon [_thread_blocked, id=18208, stack(0x000000fc39500000,0x000000fc39600000)]
  0x000002127b8c43d0 JavaThread "ForkJoinPool.commonPool-worker-6" daemon [_thread_blocked, id=20552, stack(0x000000fc39600000,0x000000fc39700000)]
  0x000002127b8c3ec0 JavaThread "ForkJoinPool.commonPool-worker-7" daemon [_thread_blocked, id=10624, stack(0x000000fc39700000,0x000000fc39800000)]
  0x000002127d839c50 JavaThread "Cleaner-0" daemon [_thread_blocked, id=23188, stack(0x000000fc39900000,0x000000fc39a00000)]

Other Threads:
  0x000002125c58d9f0 VMThread "VM Thread" [stack: 0x000000fc35b00000,0x000000fc35c00000] [id=20856]
  0x00000212778bf490 WatcherThread [stack: 0x000000fc36700000,0x000000fc36800000] [id=20656]
  0x000002125e6cd400 GCTaskThread "GC Thread#0" [stack: 0x000000fc35a00000,0x000000fc35b00000] [id=22724]
  0x0000021278a18a90 GCTaskThread "GC Thread#1" [stack: 0x000000fc36800000,0x000000fc36900000] [id=22368]
  0x00000212788e0870 GCTaskThread "GC Thread#2" [stack: 0x000000fc36900000,0x000000fc36a00000] [id=23184]
  0x00000212788e0b30 GCTaskThread "GC Thread#3" [stack: 0x000000fc36a00000,0x000000fc36b00000] [id=12064]
  0x0000021278b7c2f0 GCTaskThread "GC Thread#4" [stack: 0x000000fc36b00000,0x000000fc36c00000] [id=8364]
  0x0000021278b7c5b0 GCTaskThread "GC Thread#5" [stack: 0x000000fc36c00000,0x000000fc36d00000] [id=21472]
  0x0000021278b7e880 GCTaskThread "GC Thread#6" [stack: 0x000000fc36d00000,0x000000fc36e00000] [id=18448]
  0x00000212790d69e0 GCTaskThread "GC Thread#7" [stack: 0x000000fc37100000,0x000000fc37200000] [id=4304]

Threads with active compile tasks:
C2 CompilerThread0    34963 12472       4       org.eclipse.jdt.internal.compiler.lookup.SplitPackageBinding::getPackage0 (109 bytes)
C2 CompilerThread1    34963 12475       4       lombok.eclipse.EclipseAST::buildStatement (57 bytes)
C2 CompilerThread2    34963 12467       4       org.eclipse.jdt.internal.compiler.lookup.ModuleBinding::getVisiblePackage (472 bytes)

VM state: not at safepoint (normal execution)

VM Mutex/Monitor currently owned by a thread: None

Heap address: 0x00000000c0000000, size: 1024 MB, Compressed Oops mode: 32-bit

CDS archive(s) not mapped
Compressed class space mapped at: 0x0000000100000000-0x0000000140000000, reserved size: 1073741824
Narrow klass base: 0x0000000000000000, Narrow klass shift: 3, Narrow klass range: 0x140000000

GC Precious Log:
 CPUs: 8 total, 8 available
 Memory: 16187M
 Large Page Support: Disabled
 NUMA Support: Disabled
 Compressed Oops: Enabled (32-bit)
 Alignments: Space 512K, Generation 512K, Heap 2M
 Heap Min Capacity: 100M
 Heap Initial Capacity: 100M
 Heap Max Capacity: 1G
 Pre-touch: Disabled
 Parallel Workers: 8

Heap:
 PSYoungGen      total 12800K, used 12233K [0x00000000eab00000, 0x00000000ebe80000, 0x0000000100000000)
  eden space 8704K, 93% used [0x00000000eab00000,0x00000000eb2f5b78,0x00000000eb380000)
  from space 4096K, 99% used [0x00000000eb480000,0x00000000eb87c970,0x00000000eb880000)
  to   space 5632K, 0% used [0x00000000eb900000,0x00000000eb900000,0x00000000ebe80000)
 ParOldGen       total 238592K, used 223844K [0x00000000c0000000, 0x00000000ce900000, 0x00000000eab00000)
  object space 238592K, 93% used [0x00000000c0000000,0x00000000cda99118,0x00000000ce900000)
 Metaspace       used 78439K, committed 79872K, reserved 1179648K
  class space    used 8185K, committed 8768K, reserved 1048576K

Card table byte_map: [0x000002125e030000,0x000002125e240000] _byte_map_base: 0x000002125da30000

Marking Bits: (ParMarkBitMap*) 0x00007ffc44dfd820
 Begin Bits: [0x0000021270330000, 0x0000021271330000)
 End Bits:   [0x0000021271330000, 0x0000021272330000)

Polling page: 0x000002125c630000

Metaspace:

Usage:
  Non-class:     68.61 MB used.
      Class:      7.99 MB used.
       Both:     76.60 MB used.

Virtual space:
  Non-class space:      128.00 MB reserved,      69.44 MB ( 54%) committed,  2 nodes.
      Class space:        1.00 GB reserved,       8.56 MB ( <1%) committed,  1 nodes.
             Both:        1.12 GB reserved,      78.00 MB (  7%) committed. 

Chunk freelists:
   Non-Class:  9.84 MB
       Class:  7.38 MB
        Both:  17.22 MB

MaxMetaspaceSize: unlimited
CompressedClassSpaceSize: 1.00 GB
Initial GC threshold: 21.00 MB
Current GC threshold: 130.00 MB
CDS: off
MetaspaceReclaimPolicy: balanced
 - commit_granule_bytes: 65536.
 - commit_granule_words: 8192.
 - virtual_space_node_default_size: 8388608.
 - enlarge_chunks_in_place: 1.
 - new_chunks_are_fully_committed: 0.
 - uncommit_free_chunks: 1.
 - use_allocation_guard: 0.
 - handle_deallocations: 1.


Internal statistics:

num_allocs_failed_limit: 9.
num_arena_births: 1056.
num_arena_deaths: 16.
num_vsnodes_births: 3.
num_vsnodes_deaths: 0.
num_space_committed: 1248.
num_space_uncommitted: 0.
num_chunks_returned_to_freelist: 25.
num_chunks_taken_from_freelist: 4449.
num_chunk_merges: 13.
num_chunk_splits: 2721.
num_chunks_enlarged: 1534.
num_inconsistent_stats: 0.

CodeHeap 'non-profiled nmethods': size=120000Kb used=8412Kb max_used=8412Kb free=111587Kb
 bounds [0x0000021268e00000, 0x0000021269640000, 0x0000021270330000]
CodeHeap 'profiled nmethods': size=120000Kb used=21159Kb max_used=21859Kb free=98840Kb
 bounds [0x0000021261330000, 0x0000021262890000, 0x0000021268860000]
CodeHeap 'non-nmethods': size=5760Kb used=1408Kb max_used=1511Kb free=4351Kb
 bounds [0x0000021268860000, 0x0000021268ad0000, 0x0000021268e00000]
 total_blobs=11126 nmethods=10360 adapters=676
 compilation: enabled
              stopped_count=0, restarted_count=0
 full_count=0

Compilation events (20 events):
Event: 34.683 Thread 0x000002127b67e040 nmethod 12470 0x0000021269631590 code [0x0000021269631740, 0x0000021269631db8]
Event: 34.683 Thread 0x000002127b67e040 12474       4       org.eclipse.jdt.internal.compiler.parser.Parser::consumeZeroTypeAnnotations (6 bytes)
Event: 34.684 Thread 0x000002127b67e040 nmethod 12474 0x0000021269632290 code [0x0000021269632400, 0x00000212696324d8]
Event: 34.684 Thread 0x000002127b67e040 12473       4       org.eclipse.jdt.internal.core.JavaModelStatus::getSeverity (65 bytes)
Event: 34.684 Thread 0x000002127b67e040 nmethod 12473 0x0000021269632610 code [0x0000021269632780, 0x0000021269632818]
Event: 34.684 Thread 0x000002127b67e040 12476       4       lombok.core.configuration.ConfigurationFile$RegularConfigurationFile::parent (39 bytes)
Event: 34.721 Thread 0x000002127b67e040 nmethod 12476 0x0000021269632910 code [0x0000021269632b20, 0x0000021269633f88]
Event: 34.721 Thread 0x000002127b67e040 12477       4       lombok.core.configuration.FileSystemSourceCache::ensureContent (48 bytes)
Event: 34.730 Thread 0x00000212775e22b0 12514       3       org.eclipse.jdt.internal.core.search.indexing.AbstractIndexer::addEnumDeclaration (114 bytes)
Event: 34.732 Thread 0x00000212775e22b0 nmethod 12514 0x0000021261d10e10 code [0x0000021261d11140, 0x0000021261d12688]
Event: 34.735 Thread 0x000002127b67e040 nmethod 12477 0x0000021269634910 code [0x0000021269634ac0, 0x0000021269635238]
Event: 34.735 Thread 0x000002127b67e040 12460       4       lombok.core.configuration.ConfigurationFile::equals (24 bytes)
Event: 34.737 Thread 0x000002127b67e040 nmethod 12460 0x0000021269635810 code [0x00000212696359a0, 0x0000021269635bb8]
Event: 34.737 Thread 0x000002127b67e040 12464       4       org.eclipse.jdt.internal.core.util.LRUCache::privateAddEntry (87 bytes)
Event: 34.759 Thread 0x000002127b67e040 nmethod 12464 0x0000021269635d10 code [0x0000021269635f00, 0x00000212696369e8]
Event: 34.759 Thread 0x000002127b67e040 12467       4       org.eclipse.jdt.internal.compiler.lookup.ModuleBinding::getVisiblePackage (472 bytes)
Event: 34.766 Thread 0x00000212775e22b0 12515       3       org.eclipse.jdt.core.compiler.CharOperation::fragmentEquals (89 bytes)
Event: 34.767 Thread 0x00000212775e22b0 nmethod 12515 0x0000021261d10490 code [0x0000021261d10680, 0x0000021261d10bd8]
Event: 34.779 Thread 0x00000212775e22b0 12516       3       org.eclipse.jdt.core.Signature::checkName (102 bytes)
Event: 34.779 Thread 0x00000212775e22b0 nmethod 12516 0x0000021261d0f990 code [0x0000021261d0fba0, 0x0000021261d10248]

GC Heap History (20 events):
Event: 34.357 GC heap before
{Heap before GC invocations=244 (full 12):
 PSYoungGen      total 7168K, used 1207K [0x00000000eab00000, 0x00000000eb580000, 0x0000000100000000)
  eden space 5632K, 0% used [0x00000000eab00000,0x00000000eab00000,0x00000000eb080000)
  from space 1536K, 78% used [0x00000000eb400000,0x00000000eb52dc88,0x00000000eb580000)
  to   space 2048K, 0% used [0x00000000eb180000,0x00000000eb180000,0x00000000eb380000)
 ParOldGen       total 216576K, used 215361K [0x00000000c0000000, 0x00000000cd380000, 0x00000000eab00000)
  object space 216576K, 99% used [0x00000000c0000000,0x00000000cd250748,0x00000000cd380000)
 Metaspace       used 78439K, committed 79872K, reserved 1179648K
  class space    used 8185K, committed 8768K, reserved 1048576K
}
Event: 34.504 GC heap after
{Heap after GC invocations=244 (full 12):
 PSYoungGen      total 6144K, used 0K [0x00000000eab00000, 0x00000000eb480000, 0x0000000100000000)
  eden space 5632K, 0% used [0x00000000eab00000,0x00000000eab00000,0x00000000eb080000)
  from space 512K, 0% used [0x00000000eb180000,0x00000000eb180000,0x00000000eb200000)
  to   space 2048K, 0% used [0x00000000eb280000,0x00000000eb280000,0x00000000eb480000)
 ParOldGen       total 238592K, used 211594K [0x00000000c0000000, 0x00000000ce900000, 0x00000000eab00000)
  object space 238592K, 88% used [0x00000000c0000000,0x00000000ccea2b00,0x00000000ce900000)
 Metaspace       used 78439K, committed 79872K, reserved 1179648K
  class space    used 8185K, committed 8768K, reserved 1048576K
}
Event: 34.537 GC heap before
{Heap before GC invocations=245 (full 12):
 PSYoungGen      total 6144K, used 5632K [0x00000000eab00000, 0x00000000eb480000, 0x0000000100000000)
  eden space 5632K, 100% used [0x00000000eab00000,0x00000000eb080000,0x00000000eb080000)
  from space 512K, 0% used [0x00000000eb180000,0x00000000eb180000,0x00000000eb200000)
  to   space 2048K, 0% used [0x00000000eb280000,0x00000000eb280000,0x00000000eb480000)
 ParOldGen       total 238592K, used 211594K [0x00000000c0000000, 0x00000000ce900000, 0x00000000eab00000)
  object space 238592K, 88% used [0x00000000c0000000,0x00000000ccea2b00,0x00000000ce900000)
 Metaspace       used 78439K, committed 79872K, reserved 1179648K
  class space    used 8185K, committed 8768K, reserved 1048576K
}
Event: 34.539 GC heap after
{Heap after GC invocations=245 (full 12):
 PSYoungGen      total 7680K, used 1502K [0x00000000eab00000, 0x00000000eb480000, 0x0000000100000000)
  eden space 5632K, 0% used [0x00000000eab00000,0x00000000eab00000,0x00000000eb080000)
  from space 2048K, 73% used [0x00000000eb280000,0x00000000eb3f7b90,0x00000000eb480000)
  to   space 2048K, 0% used [0x00000000eb080000,0x00000000eb080000,0x00000000eb280000)
 ParOldGen       total 238592K, used 211594K [0x00000000c0000000, 0x00000000ce900000, 0x00000000eab00000)
  object space 238592K, 88% used [0x00000000c0000000,0x00000000ccea2b00,0x00000000ce900000)
 Metaspace       used 78439K, committed 79872K, reserved 1179648K
  class space    used 8185K, committed 8768K, reserved 1048576K
}
Event: 34.568 GC heap before
{Heap before GC invocations=246 (full 12):
 PSYoungGen      total 7680K, used 7134K [0x00000000eab00000, 0x00000000eb480000, 0x0000000100000000)
  eden space 5632K, 100% used [0x00000000eab00000,0x00000000eb080000,0x00000000eb080000)
  from space 2048K, 73% used [0x00000000eb280000,0x00000000eb3f7b90,0x00000000eb480000)
  to   space 2048K, 0% used [0x00000000eb080000,0x00000000eb080000,0x00000000eb280000)
 ParOldGen       total 238592K, used 211594K [0x00000000c0000000, 0x00000000ce900000, 0x00000000eab00000)
  object space 238592K, 88% used [0x00000000c0000000,0x00000000ccea2b00,0x00000000ce900000)
 Metaspace       used 78439K, committed 79872K, reserved 1179648K
  class space    used 8185K, committed 8768K, reserved 1048576K
}
Event: 34.571 GC heap after
{Heap after GC invocations=246 (full 12):
 PSYoungGen      total 7680K, used 2048K [0x00000000eab00000, 0x00000000eb680000, 0x0000000100000000)
  eden space 5632K, 0% used [0x00000000eab00000,0x00000000eab00000,0x00000000eb080000)
  from space 2048K, 100% used [0x00000000eb080000,0x00000000eb280000,0x00000000eb280000)
  to   space 3072K, 0% used [0x00000000eb380000,0x00000000eb380000,0x00000000eb680000)
 ParOldGen       total 238592K, used 212373K [0x00000000c0000000, 0x00000000ce900000, 0x00000000eab00000)
  object space 238592K, 89% used [0x00000000c0000000,0x00000000ccf656b0,0x00000000ce900000)
 Metaspace       used 78439K, committed 79872K, reserved 1179648K
  class space    used 8185K, committed 8768K, reserved 1048576K
}
Event: 34.604 GC heap before
{Heap before GC invocations=247 (full 12):
 PSYoungGen      total 7680K, used 7680K [0x00000000eab00000, 0x00000000eb680000, 0x0000000100000000)
  eden space 5632K, 100% used [0x00000000eab00000,0x00000000eb080000,0x00000000eb080000)
  from space 2048K, 100% used [0x00000000eb080000,0x00000000eb280000,0x00000000eb280000)
  to   space 3072K, 0% used [0x00000000eb380000,0x00000000eb380000,0x00000000eb680000)
 ParOldGen       total 238592K, used 212373K [0x00000000c0000000, 0x00000000ce900000, 0x00000000eab00000)
  object space 238592K, 89% used [0x00000000c0000000,0x00000000ccf656b0,0x00000000ce900000)
 Metaspace       used 78439K, committed 79872K, reserved 1179648K
  class space    used 8185K, committed 8768K, reserved 1048576K
}
Event: 34.608 GC heap after
{Heap after GC invocations=247 (full 12):
 PSYoungGen      total 8192K, used 2413K [0x00000000eab00000, 0x00000000eb600000, 0x0000000100000000)
  eden space 5632K, 0% used [0x00000000eab00000,0x00000000eab00000,0x00000000eb080000)
  from space 2560K, 94% used [0x00000000eb380000,0x00000000eb5db5b0,0x00000000eb600000)
  to   space 2560K, 0% used [0x00000000eb100000,0x00000000eb100000,0x00000000eb380000)
 ParOldGen       total 238592K, used 213374K [0x00000000c0000000, 0x00000000ce900000, 0x00000000eab00000)
  object space 238592K, 89% used [0x00000000c0000000,0x00000000cd05f8f8,0x00000000ce900000)
 Metaspace       used 78439K, committed 79872K, reserved 1179648K
  class space    used 8185K, committed 8768K, reserved 1048576K
}
Event: 34.634 GC heap before
{Heap before GC invocations=248 (full 12):
 PSYoungGen      total 8192K, used 8045K [0x00000000eab00000, 0x00000000eb600000, 0x0000000100000000)
  eden space 5632K, 100% used [0x00000000eab00000,0x00000000eb080000,0x00000000eb080000)
  from space 2560K, 94% used [0x00000000eb380000,0x00000000eb5db5b0,0x00000000eb600000)
  to   space 2560K, 0% used [0x00000000eb100000,0x00000000eb100000,0x00000000eb380000)
 ParOldGen       total 238592K, used 213374K [0x00000000c0000000, 0x00000000ce900000, 0x00000000eab00000)
  object space 238592K, 89% used [0x00000000c0000000,0x00000000cd05f8f8,0x00000000ce900000)
 Metaspace       used 78439K, committed 79872K, reserved 1179648K
  class space    used 8185K, committed 8768K, reserved 1048576K
}
Event: 34.637 GC heap after
{Heap after GC invocations=248 (full 12):
 PSYoungGen      total 8704K, used 2549K [0x00000000eab00000, 0x00000000eb980000, 0x0000000100000000)
  eden space 6144K, 0% used [0x00000000eab00000,0x00000000eab00000,0x00000000eb100000)
  from space 2560K, 99% used [0x00000000eb100000,0x00000000eb37d5a0,0x00000000eb380000)
  to   space 4096K, 0% used [0x00000000eb580000,0x00000000eb580000,0x00000000eb980000)
 ParOldGen       total 238592K, used 214531K [0x00000000c0000000, 0x00000000ce900000, 0x00000000eab00000)
  object space 238592K, 89% used [0x00000000c0000000,0x00000000cd180c58,0x00000000ce900000)
 Metaspace       used 78439K, committed 79872K, reserved 1179648K
  class space    used 8185K, committed 8768K, reserved 1048576K
}
Event: 34.663 GC heap before
{Heap before GC invocations=249 (full 12):
 PSYoungGen      total 8704K, used 8693K [0x00000000eab00000, 0x00000000eb980000, 0x0000000100000000)
  eden space 6144K, 100% used [0x00000000eab00000,0x00000000eb100000,0x00000000eb100000)
  from space 2560K, 99% used [0x00000000eb100000,0x00000000eb37d5a0,0x00000000eb380000)
  to   space 4096K, 0% used [0x00000000eb580000,0x00000000eb580000,0x00000000eb980000)
 ParOldGen       total 238592K, used 214531K [0x00000000c0000000, 0x00000000ce900000, 0x00000000eab00000)
  object space 238592K, 89% used [0x00000000c0000000,0x00000000cd180c58,0x00000000ce900000)
 Metaspace       used 78439K, committed 79872K, reserved 1179648K
  class space    used 8185K, committed 8768K, reserved 1048576K
}
Event: 34.666 GC heap after
{Heap after GC invocations=249 (full 12):
 PSYoungGen      total 10240K, used 2669K [0x00000000eab00000, 0x00000000eb880000, 0x0000000100000000)
  eden space 7168K, 0% used [0x00000000eab00000,0x00000000eab00000,0x00000000eb200000)
  from space 3072K, 86% used [0x00000000eb580000,0x00000000eb81b5b8,0x00000000eb880000)
  to   space 3072K, 0% used [0x00000000eb280000,0x00000000eb280000,0x00000000eb580000)
 ParOldGen       total 238592K, used 216149K [0x00000000c0000000, 0x00000000ce900000, 0x00000000eab00000)
  object space 238592K, 90% used [0x00000000c0000000,0x00000000cd315428,0x00000000ce900000)
 Metaspace       used 78439K, committed 79872K, reserved 1179648K
  class space    used 8185K, committed 8768K, reserved 1048576K
}
Event: 34.705 GC heap before
{Heap before GC invocations=250 (full 12):
 PSYoungGen      total 10240K, used 9837K [0x00000000eab00000, 0x00000000eb880000, 0x0000000100000000)
  eden space 7168K, 100% used [0x00000000eab00000,0x00000000eb200000,0x00000000eb200000)
  from space 3072K, 86% used [0x00000000eb580000,0x00000000eb81b5b8,0x00000000eb880000)
  to   space 3072K, 0% used [0x00000000eb280000,0x00000000eb280000,0x00000000eb580000)
 ParOldGen       total 238592K, used 216149K [0x00000000c0000000, 0x00000000ce900000, 0x00000000eab00000)
  object space 238592K, 90% used [0x00000000c0000000,0x00000000cd315428,0x00000000ce900000)
 Metaspace       used 78439K, committed 79872K, reserved 1179648K
  class space    used 8185K, committed 8768K, reserved 1048576K
}
Event: 34.708 GC heap after
{Heap after GC invocations=250 (full 12):
 PSYoungGen      total 10752K, used 3044K [0x00000000eab00000, 0x00000000ebc00000, 0x0000000100000000)
  eden space 7680K, 0% used [0x00000000eab00000,0x00000000eab00000,0x00000000eb280000)
  from space 3072K, 99% used [0x00000000eb280000,0x00000000eb579248,0x00000000eb580000)
  to   space 4608K, 0% used [0x00000000eb780000,0x00000000eb780000,0x00000000ebc00000)
 ParOldGen       total 238592K, used 217211K [0x00000000c0000000, 0x00000000ce900000, 0x00000000eab00000)
  object space 238592K, 91% used [0x00000000c0000000,0x00000000cd41ef28,0x00000000ce900000)
 Metaspace       used 78439K, committed 79872K, reserved 1179648K
  class space    used 8185K, committed 8768K, reserved 1048576K
}
Event: 34.755 GC heap before
{Heap before GC invocations=251 (full 12):
 PSYoungGen      total 10752K, used 10724K [0x00000000eab00000, 0x00000000ebc00000, 0x0000000100000000)
  eden space 7680K, 100% used [0x00000000eab00000,0x00000000eb280000,0x00000000eb280000)
  from space 3072K, 99% used [0x00000000eb280000,0x00000000eb579248,0x00000000eb580000)
  to   space 4608K, 0% used [0x00000000eb780000,0x00000000eb780000,0x00000000ebc00000)
 ParOldGen       total 238592K, used 217211K [0x00000000c0000000, 0x00000000ce900000, 0x00000000eab00000)
  object space 238592K, 91% used [0x00000000c0000000,0x00000000cd41ef28,0x00000000ce900000)
 Metaspace       used 78439K, committed 79872K, reserved 1179648K
  class space    used 8185K, committed 8768K, reserved 1048576K
}
Event: 34.758 GC heap after
{Heap after GC invocations=251 (full 12):
 PSYoungGen      total 11776K, used 2976K [0x00000000eab00000, 0x00000000eba80000, 0x0000000100000000)
  eden space 8704K, 0% used [0x00000000eab00000,0x00000000eab00000,0x00000000eb380000)
  from space 3072K, 96% used [0x00000000eb780000,0x00000000eba681e0,0x00000000eba80000)
  to   space 3584K, 0% used [0x00000000eb380000,0x00000000eb380000,0x00000000eb700000)
 ParOldGen       total 238592K, used 219130K [0x00000000c0000000, 0x00000000ce900000, 0x00000000eab00000)
  object space 238592K, 91% used [0x00000000c0000000,0x00000000cd5feac0,0x00000000ce900000)
 Metaspace       used 78439K, committed 79872K, reserved 1179648K
  class space    used 8185K, committed 8768K, reserved 1048576K
}
Event: 34.823 GC heap before
{Heap before GC invocations=252 (full 12):
 PSYoungGen      total 11776K, used 11680K [0x00000000eab00000, 0x00000000eba80000, 0x0000000100000000)
  eden space 8704K, 100% used [0x00000000eab00000,0x00000000eb380000,0x00000000eb380000)
  from space 3072K, 96% used [0x00000000eb780000,0x00000000eba681e0,0x00000000eba80000)
  to   space 3584K, 0% used [0x00000000eb380000,0x00000000eb380000,0x00000000eb700000)
 ParOldGen       total 238592K, used 219130K [0x00000000c0000000, 0x00000000ce900000, 0x00000000eab00000)
  object space 238592K, 91% used [0x00000000c0000000,0x00000000cd5feac0,0x00000000ce900000)
 Metaspace       used 78439K, committed 79872K, reserved 1179648K
  class space    used 8185K, committed 8768K, reserved 1048576K
}
Event: 34.827 GC heap after
{Heap after GC invocations=252 (full 12):
 PSYoungGen      total 12288K, used 3579K [0x00000000eab00000, 0x00000000ebe80000, 0x0000000100000000)
  eden space 8704K, 0% used [0x00000000eab00000,0x00000000eab00000,0x00000000eb380000)
  from space 3584K, 99% used [0x00000000eb380000,0x00000000eb6feff0,0x00000000eb700000)
  to   space 5632K, 0% used [0x00000000eb900000,0x00000000eb900000,0x00000000ebe80000)
 ParOldGen       total 238592K, used 220375K [0x00000000c0000000, 0x00000000ce900000, 0x00000000eab00000)
  object space 238592K, 92% used [0x00000000c0000000,0x00000000cd735e28,0x00000000ce900000)
 Metaspace       used 78439K, committed 79872K, reserved 1179648K
  class space    used 8185K, committed 8768K, reserved 1048576K
}
Event: 34.867 GC heap before
{Heap before GC invocations=253 (full 12):
 PSYoungGen      total 12288K, used 12283K [0x00000000eab00000, 0x00000000ebe80000, 0x0000000100000000)
  eden space 8704K, 100% used [0x00000000eab00000,0x00000000eb380000,0x00000000eb380000)
  from space 3584K, 99% used [0x00000000eb380000,0x00000000eb6feff0,0x00000000eb700000)
  to   space 5632K, 0% used [0x00000000eb900000,0x00000000eb900000,0x00000000ebe80000)
 ParOldGen       total 238592K, used 220375K [0x00000000c0000000, 0x00000000ce900000, 0x00000000eab00000)
  object space 238592K, 92% used [0x00000000c0000000,0x00000000cd735e28,0x00000000ce900000)
 Metaspace       used 78439K, committed 79872K, reserved 1179648K
  class space    used 8185K, committed 8768K, reserved 1048576K
}
Event: 34.871 GC heap after
{Heap after GC invocations=253 (full 12):
 PSYoungGen      total 12288K, used 3504K [0x00000000eab00000, 0x00000000ebc80000, 0x0000000100000000)
  eden space 8704K, 0% used [0x00000000eab00000,0x00000000eab00000,0x00000000eb380000)
  from space 3584K, 97% used [0x00000000eb900000,0x00000000ebc6c238,0x00000000ebc80000)
  to   space 4096K, 0% used [0x00000000eb480000,0x00000000eb480000,0x00000000eb880000)
 ParOldGen       total 238592K, used 222633K [0x00000000c0000000, 0x00000000ce900000, 0x00000000eab00000)
  object space 238592K, 93% used [0x00000000c0000000,0x00000000cd96a518,0x00000000ce900000)
 Metaspace       used 78439K, committed 79872K, reserved 1179648K
  class space    used 8185K, committed 8768K, reserved 1048576K
}

Dll operation events (10 events):
Event: 0.022 Loaded shared library c:\Users\papth\.vscode\extensions\redhat.java-1.33.0-win32-x64\jre\17.0.11-win32-x86_64\bin\java.dll
Event: 0.334 Loaded shared library c:\Users\papth\.vscode\extensions\redhat.java-1.33.0-win32-x64\jre\17.0.11-win32-x86_64\bin\zip.dll
Event: 0.340 Loaded shared library C:\Users\papth\.vscode\extensions\redhat.java-1.33.0-win32-x64\jre\17.0.11-win32-x86_64\bin\instrument.dll
Event: 0.362 Loaded shared library C:\Users\papth\.vscode\extensions\redhat.java-1.33.0-win32-x64\jre\17.0.11-win32-x86_64\bin\net.dll
Event: 0.366 Loaded shared library C:\Users\papth\.vscode\extensions\redhat.java-1.33.0-win32-x64\jre\17.0.11-win32-x86_64\bin\nio.dll
Event: 0.377 Loaded shared library C:\Users\papth\.vscode\extensions\redhat.java-1.33.0-win32-x64\jre\17.0.11-win32-x86_64\bin\zip.dll
Event: 0.404 Loaded shared library C:\Users\papth\.vscode\extensions\redhat.java-1.33.0-win32-x64\jre\17.0.11-win32-x86_64\bin\jimage.dll
Event: 0.561 Loaded shared library c:\Users\papth\.vscode\extensions\redhat.java-1.33.0-win32-x64\jre\17.0.11-win32-x86_64\bin\verify.dll
Event: 3.346 Loaded shared library C:\Users\papth\AppData\Roaming\Code\User\globalStorage\redhat.java\1.33.0\config_win\org.eclipse.equinox.launcher\org.eclipse.equinox.launcher.win32.win32.x86_64_1.2.1100.v20240722-2106\eclipse_11904.dll
Event: 5.417 Loaded shared library C:\Users\papth\AppData\Local\Temp\jna-106435411\jna7816949864237853717.dll

Deoptimization events (20 events):
Event: 33.121 Thread 0x000002127b8bf2d0 DEOPT PACKING pc=0x00000212694daa8c sp=0x000000fc393fdee0
Event: 33.121 Thread 0x000002127b8bf2d0 DEOPT UNPACKING pc=0x00000212688b66a3 sp=0x000000fc393fde78 mode 2
Event: 33.121 Thread 0x000002127b8bf2d0 Uncommon trap: trap_request=0xffffffbe fr.pc=0x00000212694daa8c relative=0x00000000000003cc
Event: 33.121 Thread 0x000002127b8bf2d0 Uncommon trap: reason=profile_predicate action=maybe_recompile pc=0x00000212694daa8c method=org.eclipse.jdt.internal.compiler.util.SimpleLookupTable.get(Ljava/lang/Object;)Ljava/lang/Object; @ 54 c2
Event: 33.121 Thread 0x000002127b8bf2d0 DEOPT PACKING pc=0x00000212694daa8c sp=0x000000fc393fdee0
Event: 33.121 Thread 0x000002127b8bf2d0 DEOPT UNPACKING pc=0x00000212688b66a3 sp=0x000000fc393fde78 mode 2
Event: 33.123 Thread 0x000002127b8bf2d0 Uncommon trap: trap_request=0xffffffde fr.pc=0x000002126947b7b8 relative=0x0000000000002cb8
Event: 33.123 Thread 0x000002127b8bf2d0 Uncommon trap: reason=class_check action=maybe_recompile pc=0x000002126947b7b8 method=org.eclipse.jdt.internal.compiler.parser.Parser.consumeToken(I)V @ 1623 c2
Event: 33.123 Thread 0x000002127b8bf2d0 DEOPT PACKING pc=0x000002126947b7b8 sp=0x000000fc393fe230
Event: 33.123 Thread 0x000002127b8bf2d0 DEOPT UNPACKING pc=0x00000212688b66a3 sp=0x000000fc393fe200 mode 2
Event: 33.131 Thread 0x000002127b8bf2d0 Uncommon trap: trap_request=0xffffff45 fr.pc=0x000002126925aba8 relative=0x00000000000000a8
Event: 33.131 Thread 0x000002127b8bf2d0 Uncommon trap: reason=unstable_if action=reinterpret pc=0x000002126925aba8 method=org.eclipse.core.internal.jobs.InternalJob.getState()I @ 10 c2
Event: 33.131 Thread 0x000002127b8bf2d0 DEOPT PACKING pc=0x000002126925aba8 sp=0x000000fc393fd9c0
Event: 33.131 Thread 0x000002127b8bf2d0 DEOPT UNPACKING pc=0x00000212688b66a3 sp=0x000000fc393fd950 mode 2
Event: 33.210 Thread 0x000002127b8bf2d0 DEOPT PACKING pc=0x0000021261dff3b3 sp=0x000000fc393fdb70
Event: 33.210 Thread 0x000002127b8bf2d0 DEOPT UNPACKING pc=0x00000212688b6e43 sp=0x000000fc393fd088 mode 0
Event: 33.219 Thread 0x000002127b8bf2d0 DEOPT PACKING pc=0x000002126277c429 sp=0x000000fc393fc200
Event: 33.219 Thread 0x000002127b8bf2d0 DEOPT UNPACKING pc=0x00000212688b6e43 sp=0x000000fc393fb6c8 mode 0
Event: 33.702 Thread 0x000002127b8bf2d0 DEOPT PACKING pc=0x0000021261b744c3 sp=0x000000fc393fe090
Event: 33.702 Thread 0x000002127b8bf2d0 DEOPT UNPACKING pc=0x00000212688b6e43 sp=0x000000fc393fd518 mode 0

Classes unloaded (8 events):
Event: 7.158 Thread 0x000002125c58d9f0 Unloading class 0x0000000100252800 'java/lang/invoke/LambdaForm$MH+0x0000000100252800'
Event: 7.158 Thread 0x000002125c58d9f0 Unloading class 0x0000000100252400 'java/lang/invoke/LambdaForm$MH+0x0000000100252400'
Event: 7.158 Thread 0x000002125c58d9f0 Unloading class 0x0000000100252000 'java/lang/invoke/LambdaForm$MH+0x0000000100252000'
Event: 7.158 Thread 0x000002125c58d9f0 Unloading class 0x0000000100251c00 'java/lang/invoke/LambdaForm$MH+0x0000000100251c00'
Event: 7.158 Thread 0x000002125c58d9f0 Unloading class 0x0000000100251800 'java/lang/invoke/LambdaForm$BMH+0x0000000100251800'
Event: 7.158 Thread 0x000002125c58d9f0 Unloading class 0x0000000100251400 'java/lang/invoke/LambdaForm$DMH+0x0000000100251400'
Event: 7.158 Thread 0x000002125c58d9f0 Unloading class 0x000000010024c800 'java/lang/invoke/LambdaForm$DMH+0x000000010024c800'
Event: 23.853 Thread 0x000002125c58d9f0 Unloading class 0x0000000100789c00 'java/lang/invoke/LambdaForm$DMH+0x0000000100789c00'

Classes redefined (0 events):
No events

Internal exceptions (20 events):
Event: 26.034 Thread 0x000002127b8c2570 Exception <a 'sun/nio/fs/WindowsException'{0x00000000eab9e378}> (0x00000000eab9e378) 
thrown [s\src\hotspot\share\prims\jni.cpp, line 516]
Event: 26.837 Thread 0x000002127b8c2570 Exception <a 'sun/nio/fs/WindowsException'{0x00000000eb04a788}> (0x00000000eb04a788) 
thrown [s\src\hotspot\share\prims\jni.cpp, line 516]
Event: 26.837 Thread 0x000002127b8c2570 Exception <a 'sun/nio/fs/WindowsException'{0x00000000eb059078}> (0x00000000eb059078) 
thrown [s\src\hotspot\share\prims\jni.cpp, line 516]
Event: 27.042 Thread 0x000002127b8c2570 Exception <a 'java/lang/NoSuchMethodError'{0x00000000eadab2a8}: 'java.lang.Object java.lang.invoke.DirectMethodHandle$Holder.newInvokeSpecial(java.lang.Object, java.lang.Object, int, java.lang.Object, java.lang.Object)'> (0x00000000eadab2a8) 
thrown [s\src\hotspot\share\interpreter\linkResolver.cpp, line 759]
Event: 27.046 Thread 0x000002127b8c2570 Exception <a 'java/lang/NoSuchMethodError'{0x00000000eadc77c0}: 'java.lang.Object java.lang.invoke.DirectMethodHandle$Holder.invokeSpecial(java.lang.Object, java.lang.Object, java.lang.Object, int, java.lang.Object, java.lang.Object, java.lang.Object)'> (0x00000000eadc77c0) 
thrown [s\src\hotspot\share\interpreter\linkResolver.cpp, line 759]
Event: 27.048 Thread 0x000002127b8c2570 Exception <a 'java/lang/NoSuchMethodError'{0x00000000eadd0e48}: 'java.lang.Object java.lang.invoke.DirectMethodHandle$Holder.invokeStatic(java.lang.Object, java.lang.Object, int, java.lang.Object, java.lang.Object)'> (0x00000000eadd0e48) 
thrown [s\src\hotspot\share\interpreter\linkResolver.cpp, line 759]
Event: 27.118 Thread 0x000002127b8c2570 Exception <a 'java/lang/NoSuchMethodError'{0x00000000eafdc500}: 'void java.lang.invoke.DirectMethodHandle$Holder.invokeStatic(java.lang.Object, int)'> (0x00000000eafdc500) 
thrown [s\src\hotspot\share\interpreter\linkResolver.cpp, line 759]
Event: 28.483 Thread 0x000002127b8c2570 Exception <a 'java/io/FileNotFoundException'{0x00000000eb079048}> (0x00000000eb079048) 
thrown [s\src\hotspot\share\prims\jni.cpp, line 516]
Event: 28.484 Thread 0x000002127b8c2570 Exception <a 'java/io/FileNotFoundException'{0x00000000eb07ae78}> (0x00000000eb07ae78) 
thrown [s\src\hotspot\share\prims\jni.cpp, line 516]
Event: 28.485 Thread 0x000002127b8c2570 Exception <a 'java/io/FileNotFoundException'{0x00000000eb07c688}> (0x00000000eb07c688) 
thrown [s\src\hotspot\share\prims\jni.cpp, line 516]
Event: 28.496 Thread 0x000002127b8c2570 Exception <a 'java/lang/NoSuchMethodError'{0x00000000eb0de218}: 'int java.lang.invoke.DirectMethodHandle$Holder.invokeStatic(java.lang.Object, java.lang.Object, java.lang.Object, java.lang.Object, java.lang.Object, java.lang.Object)'> (0x00000000eb0de218) 
thrown [s\src\hotspot\share\interpreter\linkResolver.cpp, line 759]
Event: 28.870 Thread 0x000002127b8c2570 Exception <a 'java/lang/NoSuchMethodError'{0x00000000eb0b1918}: 'java.lang.Object java.lang.invoke.DirectMethodHandle$Holder.invokeVirtual(java.lang.Object, java.lang.Object, java.lang.Object)'> (0x00000000eb0b1918) 
thrown [s\src\hotspot\share\interpreter\linkResolver.cpp, line 759]
Event: 29.067 Thread 0x000002127b8c2570 Exception <a 'sun/nio/fs/WindowsException'{0x00000000eab4ec30}> (0x00000000eab4ec30) 
thrown [s\src\hotspot\share\prims\jni.cpp, line 516]
Event: 29.092 Thread 0x000002127b8c2570 Exception <a 'sun/nio/fs/WindowsException'{0x00000000ead848a0}> (0x00000000ead848a0) 
thrown [s\src\hotspot\share\prims\jni.cpp, line 516]
Event: 29.184 Thread 0x000002127b8c2570 Exception <a 'sun/nio/fs/WindowsException'{0x00000000ead75ed0}> (0x00000000ead75ed0) 
thrown [s\src\hotspot\share\prims\jni.cpp, line 516]
Event: 29.197 Thread 0x000002127b8c2570 Exception <a 'sun/nio/fs/WindowsException'{0x00000000ead77948}> (0x00000000ead77948) 
thrown [s\src\hotspot\share\prims\jni.cpp, line 516]
Event: 29.210 Thread 0x000002127b8c2570 Exception <a 'sun/nio/fs/WindowsException'{0x00000000ead793b8}> (0x00000000ead793b8) 
thrown [s\src\hotspot\share\prims\jni.cpp, line 516]
Event: 29.214 Thread 0x000002127b8c2570 Exception <a 'sun/nio/fs/WindowsException'{0x00000000eb0f0590}> (0x00000000eb0f0590) 
thrown [s\src\hotspot\share\prims\jni.cpp, line 516]
Event: 29.221 Thread 0x000002127b8c2570 Exception <a 'sun/nio/fs/WindowsException'{0x00000000eab018f8}> (0x00000000eab018f8) 
thrown [s\src\hotspot\share\prims\jni.cpp, line 516]
Event: 29.284 Thread 0x000002127b8c2570 Exception <a 'sun/nio/fs/WindowsException'{0x00000000eab03378}> (0x00000000eab03378) 
thrown [s\src\hotspot\share\prims\jni.cpp, line 516]

VM Operations (20 events):
Event: 34.354 Executing VM operation: ParallelGCFailedAllocation
Event: 34.504 Executing VM operation: ParallelGCFailedAllocation done
Event: 34.537 Executing VM operation: ParallelGCFailedAllocation
Event: 34.539 Executing VM operation: ParallelGCFailedAllocation done
Event: 34.568 Executing VM operation: ParallelGCFailedAllocation
Event: 34.571 Executing VM operation: ParallelGCFailedAllocation done
Event: 34.604 Executing VM operation: ParallelGCFailedAllocation
Event: 34.608 Executing VM operation: ParallelGCFailedAllocation done
Event: 34.634 Executing VM operation: ParallelGCFailedAllocation
Event: 34.637 Executing VM operation: ParallelGCFailedAllocation done
Event: 34.663 Executing VM operation: ParallelGCFailedAllocation
Event: 34.666 Executing VM operation: ParallelGCFailedAllocation done
Event: 34.705 Executing VM operation: ParallelGCFailedAllocation
Event: 34.709 Executing VM operation: ParallelGCFailedAllocation done
Event: 34.754 Executing VM operation: ParallelGCFailedAllocation
Event: 34.758 Executing VM operation: ParallelGCFailedAllocation done
Event: 34.823 Executing VM operation: ParallelGCFailedAllocation
Event: 34.827 Executing VM operation: ParallelGCFailedAllocation done
Event: 34.867 Executing VM operation: ParallelGCFailedAllocation
Event: 34.871 Executing VM operation: ParallelGCFailedAllocation done

Events (20 events):
Event: 32.862 loading class sun/util/cldr/CLDRTimeZoneNameProviderImpl
Event: 32.863 loading class sun/util/locale/provider/TimeZoneNameProviderImpl
Event: 32.863 loading class sun/util/locale/provider/TimeZoneNameProviderImpl done
Event: 32.863 loading class sun/util/cldr/CLDRTimeZoneNameProviderImpl done
Event: 32.864 loading class sun/util/resources/cldr/TimeZoneNames
Event: 32.865 loading class sun/util/resources/TimeZoneNamesBundle
Event: 32.865 loading class sun/util/resources/OpenListResourceBundle
Event: 32.865 loading class sun/util/resources/OpenListResourceBundle done
Event: 32.865 loading class sun/util/resources/TimeZoneNamesBundle done
Event: 32.865 loading class sun/util/resources/cldr/TimeZoneNames done
Event: 32.865 loading class sun/util/resources/cldr/TimeZoneNames_en
Event: 32.867 loading class sun/util/resources/cldr/TimeZoneNames_en done
Event: 32.867 loading class sun/util/resources/cldr/TimeZoneNames_en_US
Event: 32.867 loading class sun/util/resources/cldr/TimeZoneNames_en_US done
Event: 32.869 loading class sun/util/cldr/CLDRBaseLocaleDataMetaInfo$TZCanonicalIDMapHolder
Event: 32.871 loading class sun/util/cldr/CLDRBaseLocaleDataMetaInfo$TZCanonicalIDMapHolder done
Event: 32.873 loading class sun/util/resources/TimeZoneNames
Event: 32.875 loading class sun/util/resources/TimeZoneNames done
Event: 32.875 loading class sun/util/resources/TimeZoneNames_en
Event: 32.875 loading class sun/util/resources/TimeZoneNames_en done


Dynamic libraries:
0x00007ff6f3a60000 - 0x00007ff6f3a6e000 	c:\Users\papth\.vscode\extensions\redhat.java-1.33.0-win32-x64\jre\17.0.11-win32-x86_64\bin\java.exe
0x00007ffd09a90000 - 0x00007ffd09ca7000 	C:\WINDOWS\SYSTEM32\ntdll.dll
0x00007ffd07980000 - 0x00007ffd07a44000 	C:\WINDOWS\System32\KERNEL32.DLL
0x00007ffd071f0000 - 0x00007ffd0759d000 	C:\WINDOWS\System32\KERNELBASE.dll
0x00007ffd038d0000 - 0x00007ffd03967000 	C:\WINDOWS\SYSTEM32\apphelp.dll
0x00007ffd070d0000 - 0x00007ffd071e1000 	C:\WINDOWS\System32\ucrtbase.dll
0x00007ffccc130000 - 0x00007ffccc147000 	c:\Users\papth\.vscode\extensions\redhat.java-1.33.0-win32-x64\jre\17.0.11-win32-x86_64\bin\jli.dll
0x00007ffd08bf0000 - 0x00007ffd08d9e000 	C:\WINDOWS\System32\USER32.dll
0x00007ffd075a0000 - 0x00007ffd075c6000 	C:\WINDOWS\System32\win32u.dll
0x00007ffd09290000 - 0x00007ffd092b9000 	C:\WINDOWS\System32\GDI32.dll
0x00007ffd06e50000 - 0x00007ffd06f69000 	C:\WINDOWS\System32\gdi32full.dll
0x00007ffd06db0000 - 0x00007ffd06e4a000 	C:\WINDOWS\System32\msvcp_win.dll
0x00007ffceab30000 - 0x00007ffceadc3000 	C:\WINDOWS\WinSxS\amd64_microsoft.windows.common-controls_6595b64144ccf1df_6.0.22621.3672_none_2713b9d173822955\COMCTL32.dll
0x00007ffd078c0000 - 0x00007ffd07967000 	C:\WINDOWS\System32\msvcrt.dll
0x00007ffccc150000 - 0x00007ffccc16b000 	c:\Users\papth\.vscode\extensions\redhat.java-1.33.0-win32-x64\jre\17.0.11-win32-x86_64\bin\VCRUNTIME140.dll
0x00007ffd08e60000 - 0x00007ffd08e91000 	C:\WINDOWS\System32\IMM32.DLL
0x00007ffce3810000 - 0x00007ffce381c000 	c:\Users\papth\.vscode\extensions\redhat.java-1.33.0-win32-x64\jre\17.0.11-win32-x86_64\bin\vcruntime140_1.dll
0x00007ffcba170000 - 0x00007ffcba1fd000 	c:\Users\papth\.vscode\extensions\redhat.java-1.33.0-win32-x64\jre\17.0.11-win32-x86_64\bin\msvcp140.dll
0x00007ffc44260000 - 0x00007ffc44ec2000 	c:\Users\papth\.vscode\extensions\redhat.java-1.33.0-win32-x64\jre\17.0.11-win32-x86_64\bin\server\jvm.dll
0x00007ffd07ab0000 - 0x00007ffd07b62000 	C:\WINDOWS\System32\ADVAPI32.dll
0x00007ffd08db0000 - 0x00007ffd08e59000 	C:\WINDOWS\System32\sechost.dll
0x00007ffd070a0000 - 0x00007ffd070c8000 	C:\WINDOWS\System32\bcrypt.dll
0x00007ffd08ad0000 - 0x00007ffd08be4000 	C:\WINDOWS\System32\RPCRT4.dll
0x00007ffd067f0000 - 0x00007ffd0683d000 	C:\WINDOWS\SYSTEM32\POWRPROF.dll
0x00007ffcff5b0000 - 0x00007ffcff5e4000 	C:\WINDOWS\SYSTEM32\WINMM.dll
0x00007ffd01f40000 - 0x00007ffd01f49000 	C:\WINDOWS\SYSTEM32\WSOCK32.dll
0x00007ffd08470000 - 0x00007ffd084e1000 	C:\WINDOWS\System32\WS2_32.dll
0x00007ffcf9a60000 - 0x00007ffcf9a6a000 	C:\WINDOWS\SYSTEM32\VERSION.dll
0x00007ffd06660000 - 0x00007ffd06673000 	C:\WINDOWS\SYSTEM32\UMPDC.dll
0x00007ffd05da0000 - 0x00007ffd05db8000 	C:\WINDOWS\SYSTEM32\kernel.appcore.dll
0x00007ffce0180000 - 0x00007ffce018a000 	c:\Users\papth\.vscode\extensions\redhat.java-1.33.0-win32-x64\jre\17.0.11-win32-x86_64\bin\jimage.dll
0x00007ffd046e0000 - 0x00007ffd04912000 	C:\WINDOWS\SYSTEM32\DBGHELP.DLL
0x00007ffd08f00000 - 0x00007ffd0928d000 	C:\WINDOWS\System32\combase.dll
0x00007ffd09740000 - 0x00007ffd09817000 	C:\WINDOWS\System32\OLEAUT32.dll
0x00007ffce98f0000 - 0x00007ffce9922000 	C:\WINDOWS\SYSTEM32\dbgcore.DLL
0x00007ffd07740000 - 0x00007ffd077bb000 	C:\WINDOWS\System32\bcryptPrimitives.dll
0x00007ffce0130000 - 0x00007ffce013e000 	c:\Users\papth\.vscode\extensions\redhat.java-1.33.0-win32-x64\jre\17.0.11-win32-x86_64\bin\instrument.dll
0x00007ffcbd760000 - 0x00007ffcbd785000 	c:\Users\papth\.vscode\extensions\redhat.java-1.33.0-win32-x64\jre\17.0.11-win32-x86_64\bin\java.dll
0x00007ffccc110000 - 0x00007ffccc128000 	c:\Users\papth\.vscode\extensions\redhat.java-1.33.0-win32-x64\jre\17.0.11-win32-x86_64\bin\zip.dll
0x00007ffd07c00000 - 0x00007ffd08468000 	C:\WINDOWS\System32\SHELL32.dll
0x00007ffd04cb0000 - 0x00007ffd055ae000 	C:\WINDOWS\SYSTEM32\windows.storage.dll
0x00007ffd04b70000 - 0x00007ffd04caf000 	C:\WINDOWS\SYSTEM32\wintypes.dll
0x00007ffd077c0000 - 0x00007ffd078b9000 	C:\WINDOWS\System32\SHCORE.dll
0x00007ffd07a50000 - 0x00007ffd07aae000 	C:\WINDOWS\System32\shlwapi.dll
0x00007ffd06ce0000 - 0x00007ffd06d01000 	C:\WINDOWS\SYSTEM32\profapi.dll
0x00007ffccc070000 - 0x00007ffccc089000 	C:\Users\papth\.vscode\extensions\redhat.java-1.33.0-win32-x64\jre\17.0.11-win32-x86_64\bin\net.dll
0x00007ffcff620000 - 0x00007ffcff756000 	C:\WINDOWS\SYSTEM32\WINHTTP.dll
0x00007ffd06200000 - 0x00007ffd06269000 	C:\WINDOWS\system32\mswsock.dll
0x00007ffcbd4e0000 - 0x00007ffcbd4f6000 	C:\Users\papth\.vscode\extensions\redhat.java-1.33.0-win32-x64\jre\17.0.11-win32-x86_64\bin\nio.dll
0x00007ffcdf920000 - 0x00007ffcdf930000 	c:\Users\papth\.vscode\extensions\redhat.java-1.33.0-win32-x64\jre\17.0.11-win32-x86_64\bin\verify.dll
0x00007ffcb9ee0000 - 0x00007ffcb9f25000 	C:\Users\papth\AppData\Roaming\Code\User\globalStorage\redhat.java\1.33.0\config_win\org.eclipse.equinox.launcher\org.eclipse.equinox.launcher.win32.win32.x86_64_1.2.1100.v20240722-2106\eclipse_11904.dll
0x00007ffd09820000 - 0x00007ffd099c5000 	C:\WINDOWS\System32\ole32.dll
0x00007ffd06640000 - 0x00007ffd0665b000 	C:\WINDOWS\SYSTEM32\CRYPTSP.dll
0x00007ffd05d00000 - 0x00007ffd05d35000 	C:\WINDOWS\system32\rsaenh.dll
0x00007ffd062a0000 - 0x00007ffd062c8000 	C:\WINDOWS\SYSTEM32\USERENV.dll
0x00007ffd06400000 - 0x00007ffd0640c000 	C:\WINDOWS\SYSTEM32\CRYPTBASE.dll
0x00007ffd05810000 - 0x00007ffd0583d000 	C:\WINDOWS\SYSTEM32\IPHLPAPI.DLL
0x00007ffd08da0000 - 0x00007ffd08da9000 	C:\WINDOWS\System32\NSI.dll
0x00007ffcff4a0000 - 0x00007ffcff4b9000 	C:\WINDOWS\SYSTEM32\dhcpcsvc6.DLL
0x00007ffcff460000 - 0x00007ffcff47f000 	C:\WINDOWS\SYSTEM32\dhcpcsvc.DLL
0x00007ffd05880000 - 0x00007ffd05978000 	C:\WINDOWS\SYSTEM32\DNSAPI.dll
0x00007ffcb9c50000 - 0x00007ffcb9c95000 	C:\Users\papth\AppData\Local\Temp\jna-106435411\jna7816949864237853717.dll
0x00007ffd07b70000 - 0x00007ffd07b78000 	C:\WINDOWS\System32\PSAPI.DLL
0x00007ffd05dc0000 - 0x00007ffd05df4000 	C:\WINDOWS\SYSTEM32\ntmarta.dll

dbghelp: loaded successfully - version: 4.0.5 - missing functions: none
symbol engine: initialized successfully - sym options: 0x614 - pdb path: .;c:\Users\papth\.vscode\extensions\redhat.java-1.33.0-win32-x64\jre\17.0.11-win32-x86_64\bin;C:\WINDOWS\SYSTEM32;C:\WINDOWS\WinSxS\amd64_microsoft.windows.common-controls_6595b64144ccf1df_6.0.22621.3672_none_2713b9d173822955;c:\Users\papth\.vscode\extensions\redhat.java-1.33.0-win32-x64\jre\17.0.11-win32-x86_64\bin\server;C:\Users\papth\AppData\Roaming\Code\User\globalStorage\redhat.java\1.33.0\config_win\org.eclipse.equinox.launcher\org.eclipse.equinox.launcher.win32.win32.x86_64_1.2.1100.v20240722-2106;C:\Users\papth\AppData\Local\Temp\jna-106435411

VM Arguments:
jvm_args: --add-modules=ALL-SYSTEM --add-opens=java.base/java.util=ALL-UNNAMED --add-opens=java.base/java.lang=ALL-UNNAMED --add-opens=java.base/sun.nio.fs=ALL-UNNAMED -Declipse.application=org.eclipse.jdt.ls.core.id1 -Dosgi.bundles.defaultStartLevel=4 -Declipse.product=org.eclipse.jdt.ls.core.product -Djava.import.generatesMetadataFilesAtProjectRoot=false -DDetectVMInstallationsJob.disabled=true -Dfile.encoding=utf8 -XX:+UseParallelGC -XX:GCTimeRatio=4 -XX:AdaptiveSizePolicyWeight=90 -Dsun.zip.disableMemoryMapping=true -Xmx1G -Xms100m -Xlog:disable -javaagent:c:\Users\papth\.vscode\extensions\redhat.java-1.33.0-win32-x64\lombok\lombok-1.18.33.jar -XX:+HeapDumpOnOutOfMemoryError -XX:HeapDumpPath=c:\Users\papth\AppData\Roaming\Code\User\workspaceStorage\5c05168c5aa2c9692861d3fc907bc7d4\redhat.java -Daether.dependencyCollector.impl=bf 
java_command: c:\Users\papth\.vscode\extensions\redhat.java-1.33.0-win32-x64\server\plugins\org.eclipse.equinox.launcher_1.6.900.v20240613-2009.jar -configuration c:\Users\papth\AppData\Roaming\Code\User\globalStorage\redhat.java\1.33.0\config_win -data c:\Users\papth\AppData\Roaming\Code\User\workspaceStorage\5c05168c5aa2c9692861d3fc907bc7d4\redhat.java\jdt_ws --pipe=\\.\pipe\lsp-60a554f247df3a221c9c87503fd19010-sock
java_class_path (initial): c:\Users\papth\.vscode\extensions\redhat.java-1.33.0-win32-x64\server\plugins\org.eclipse.equinox.launcher_1.6.900.v20240613-2009.jar
Launcher Type: SUN_STANDARD

[Global flags]
    uintx AdaptiveSizePolicyWeight                 = 90                                        {product} {command line}
     intx CICompilerCount                          = 4                                         {product} {ergonomic}
    uintx GCTimeRatio                              = 4                                         {product} {command line}
     bool HeapDumpOnOutOfMemoryError               = true                                   {manageable} {command line}
    ccstr HeapDumpPath                             = c:\Users\papth\AppData\Roaming\Code\User\workspaceStorage\5c05168c5aa2c9692861d3fc907bc7d4\redhat.java         {manageable} {command line}
   size_t InitialHeapSize                          = 104857600                                 {product} {command line}
   size_t MaxHeapSize                              = 1073741824                                {product} {command line}
   size_t MaxNewSize                               = 357564416                                 {product} {ergonomic}
   size_t MinHeapDeltaBytes                        = 524288                                    {product} {ergonomic}
   size_t MinHeapSize                              = 104857600                                 {product} {command line}
   size_t NewSize                                  = 34603008                                  {product} {ergonomic}
    uintx NonNMethodCodeHeapSize                   = 5839372                                {pd product} {ergonomic}
    uintx NonProfiledCodeHeapSize                  = 122909434                              {pd product} {ergonomic}
   size_t OldSize                                  = 70254592                                  {product} {ergonomic}
    uintx ProfiledCodeHeapSize                     = 122909434                              {pd product} {ergonomic}
    uintx ReservedCodeCacheSize                    = 251658240                              {pd product} {ergonomic}
     bool SegmentedCodeCache                       = true                                      {product} {ergonomic}
   size_t SoftMaxHeapSize                          = 1073741824                             {manageable} {ergonomic}
     bool UseCompressedClassPointers               = true                           {product lp64_product} {ergonomic}
     bool UseCompressedOops                        = true                           {product lp64_product} {ergonomic}
     bool UseLargePagesIndividualAllocation        = false                                  {pd product} {ergonomic}
     bool UseParallelGC                            = true                                      {product} {command line}

Logging:
Log output configuration:
 #0: stdout all=off uptime,level,tags
 #1: stderr all=off uptime,level,tags

Environment Variables:
JAVA_HOME=C:\LAB-TOOLS\JDK\jdk-17.0.6
PATH=C:\Python311\Scripts\;C:\Python311\;C:\LAB-TOOLS\JDK\jdk-17.0.6\bin;C:\Program Files\Microsoft\jdk-11.0.12.7-hotspot\bin;C:\Program Files\AdoptOpenJDK\jdk-11.0.9.101-hotspot\bin;C:\Program Files (x86)\Common Files\Oracle\Java\javapath;C:\windows\system32;C:\windows;C:\windows\System32\Wbem;C:\windows\System32\WindowsPowerShell\v1.0\;C:\windows\System32\OpenSSH\;C:\Program Files (x86)\NVIDIA Corporation\PhysX\Common;C:\Program Files\NVIDIA Corporation\NVIDIA NvDLISR;C:\Program Files (x86)\Wolfram Research\WolframScript\;C:\WINDOWS\system32;C:\WINDOWS;C:\WINDOWS\System32\Wbem;C:\WINDOWS\System32\WindowsPowerShell\v1.0\;C:\WINDOWS\System32\OpenSSH\;C:\Program Files\MATLAB\R2020a\runtime\win64;C:\Program Files\MATLAB\R2020a\bin;C:\Program Files\OpenVPN\bin;C:\Program Files\Git\cmd;C:\Program Files\Git\usr\bin;C:\Program Files\Microsoft SQL Server\150\Tools\Binn\;C:\Program Files\dotnet\;C:\MinGW\mingw32\bin;C:\WINDOWS\system32;C:\WINDOWS;C:\WINDOWS\System32\Wbem;C:\WINDOWS\System32\WindowsPowerShell\v1.0\;C:\Program Files\nodejs;C:\ProgramData\chocolatey\bin;C:\Program Files\Docker\Docker\resources\bin;C:\WINDOWS\System32\OpenSSH\;C:\LAB-TOOLS\apache-maven-3.9.6-bin\apache-maven-3.9.6\bin;C:\Program Files\PowerShell\7-preview\preview;C:\Program Files\HP\HP One Agent;C:\Program Files\PowerShell\7\;C:\Users\papth\scoop\shims;C:\dev\flutter\bin;C:\Users\papth\AppData\Local\Microsoft\WindowsApps;C:\Users\papth\AppData\Local\GitHubDesktop\bin;C:\Users\papth\AppData\Local\Microsoft\WindowsApps;C:\Users\papth\AppData\Local\atom\bin;C:\Users\papth\.dotnet\tools;C:\Users\papth\AppData\Roaming\npm;C:\dev\android-sdk\platform-tools;C:\Program Files\nodejs;C:\Users\papth\AppData\Local\Programs\Microsoft VS Code\bin;C:\Users\papth\AppData\Roaming\Python\Python311\Scripts;C:\Users\papth\AppData\Local\Google\Cloud SDK\google-cloud-sdk\bin
USERNAME=papth
OS=Windows_NT
PROCESSOR_IDENTIFIER=Intel64 Family 6 Model 142 Stepping 12, GenuineIntel
TMP=C:\Users\papth\AppData\Local\Temp
TEMP=C:\Users\papth\AppData\Local\Temp



Periodic native trim disabled


---------------  S Y S T E M  ---------------

OS:
 Windows 11 , 64 bit Build 22621 (10.0.22621.3958)
OS uptime: 0 days 12:01 hours
Hyper-V role detected

CPU: total 8 (initial active 8) (4 cores per cpu, 2 threads per core) family 6 model 142 stepping 12 microcode 0xde, cx8, cmov, fxsr, ht, mmx, 3dnowpref, sse, sse2, sse3, ssse3, sse4.1, sse4.2, popcnt, lzcnt, tsc, tscinvbit, avx, avx2, aes, erms, clmul, bmi1, bmi2, adx, fma, vzeroupper, clflush, clflushopt, hv
Processor Information for all 8 processors :
  Max Mhz: 2304, Current Mhz: 1803, Mhz Limit: 1797

Memory: 4k page, system-wide physical 16187M (5865M free)
TotalPageFile size 16187M (AvailPageFile size 12M)
current process WorkingSet (physical memory assigned to process): 564M, peak: 564M
current process commit charge ("private bytes"): 548M, peak: 551M

vm_info: OpenJDK 64-Bit Server VM (17.0.11+9) for windows-amd64 JRE (17.0.11+9), built on Apr 17 2024 06:07:48 by "admin" with MS VC++ 16.10 / 16.11 (VS2019)

END.
